2026-06-24 18:17:24,756 - INFO - Failed to extract font properties from /usr/share/fonts/truetype/noto/NotoColorEmoji.ttf: Non-scalable fonts are not supported
2026-06-24 18:17:24,921 - INFO - generated new fontManager
2026-06-24 18:17:25,387 - INFO - ✅ Migration Successful!
2026-06-24 18:17:25,750 - INFO - No new games found.
2026-06-24 18:17:26,249 - INFO - 🔍 Found 605 games needing metadata. Starting IGDB + Steam + CheapShark enrichment...
2026-06-24 18:17:26,354 - INFO - 📅 Fetching Basic Metadata: LEGO Batman Trilogy
2026-06-24 18:17:26,713 - INFO - 🎯 IGDB Match: 'LEGO Batman Trilogy' (100%)
2026-06-24 18:17:26,736 - INFO - 📅 Fetching Basic Metadata: Antstream
2026-06-24 18:17:26,969 - INFO - 📅 Fetching Basic Metadata: The Drone Racing League Simulator
2026-06-24 18:17:27,178 - INFO - 🎯 IGDB Match: 'The Drone Racing League Simulator' (100%)
2026-06-24 18:17:27,187 - INFO - 📅 Fetching Basic Metadata: Dark Deity
2026-06-24 18:17:27,437 - INFO - 🎯 IGDB Match: 'Dark Deity' (100%)
2026-06-24 18:17:27,443 - INFO - 📅 Fetching Basic Metadata: RPG in a Box
2026-06-24 18:17:27,545 - INFO - 🎯 IGDB Match: 'RPG in a Box' (100%)
2026-06-24 18:17:27,553 - INFO - 📅 Fetching Basic Metadata: Fallout Classic Collection
2026-06-24 18:17:27,705 - INFO - 🎯 IGDB Match: 'Fallout Classic Collection' (100%)
2026-06-24 18:17:27,714 - INFO - 📅 Fetching Basic Metadata: Recipe for Disaster
2026-06-24 18:17:27,854 - INFO - 🎯 IGDB Match: 'Recipe For Disaster' (100%)
2026-06-24 18:17:27,861 - INFO - 📅 Fetching Basic Metadata: World of Warships — Starter Pack: Ishizuchi
2026-06-24 18:17:28,043 - INFO - 🎯 IGDB Match: 'World of Warships: Starter Pack - Ishizuchi' (98%)
2026-06-24 18:17:28,051 - INFO - 📅 Fetching Basic Metadata: Poker Club
2026-06-24 18:17:28,225 - INFO - 🎯 IGDB Match: 'Poker Club' (100%)
2026-06-24 18:17:28,232 - INFO - 📅 Fetching Basic Metadata: The Sims 4 The Daring Lifestyle Bundle
2026-06-24 18:17:28,326 - INFO - 🎯 IGDB Match: 'The Sims 4: The Daring Lifestyle Bundle' (99%)
2026-06-24 18:17:28,334 - INFO - 📅 Fetching Basic Metadata: Dodo Peak
2026-06-24 18:17:28,471 - INFO - 🎯 IGDB Match: 'Dodo Peak' (100%)
2026-06-24 18:17:28,478 - INFO - 📅 Fetching Basic Metadata: Spelldrifter
2026-06-24 18:17:28,625 - INFO - 🎯 IGDB Match: 'Spelldrifter' (100%)
2026-06-24 18:17:28,632 - INFO - 📅 Fetching Basic Metadata: Model Builder
2026-06-24 18:17:28,811 - INFO - 🎯 IGDB Match: 'Model Builder' (100%)
2026-06-24 18:17:28,818 - INFO - 📅 Fetching Basic Metadata: Godlike Burger
2026-06-24 18:17:28,998 - INFO - 🎯 IGDB Match: 'Godlike Burger' (100%)
2026-06-24 18:17:29,004 - INFO - 📅 Fetching Basic Metadata: Q.U.B.E. Ultimate Bundle
2026-06-24 18:17:29,101 - INFO - 🎯 IGDB Match: 'Q.U.B.E. Ultimate Bundle' (100%)
2026-06-24 18:17:29,108 - INFO - 📅 Fetching Basic Metadata: Jitsu Squad
2026-06-24 18:17:29,211 - INFO - 🎯 IGDB Match: 'Jitsu Squad' (100%)
2026-06-24 18:17:29,218 - INFO - 📅 Fetching Basic Metadata: Mighty Fight Federation
2026-06-24 18:17:29,315 - INFO - 🎯 IGDB Match: 'Mighty Fight Federation' (100%)
2026-06-24 18:17:29,324 - INFO - 📅 Fetching Basic Metadata: LOVE
2026-06-24 18:17:29,451 - INFO - 🎯 IGDB Match: 'Love Love Love' (90%)
2026-06-24 18:17:29,459 - INFO - 📅 Fetching Basic Metadata: Call of The Wild: The Angler
2026-06-24 18:17:29,560 - INFO - 🎯 IGDB Match: 'Call of the Wild: The Angler' (100%)
2026-06-24 18:17:29,568 - INFO - 📅 Fetching Basic Metadata: The Falconeer
2026-06-24 18:17:29,675 - INFO - 🎯 IGDB Match: 'The Falconeer: The Hunter' (90%)
2026-06-24 18:17:29,682 - INFO - 📅 Fetching Basic Metadata: Rawmen: Food Fighter Arena
2026-06-24 18:17:29,784 - INFO - 🎯 IGDB Match: 'Rawmen' (90%)
2026-06-24 18:17:29,790 - INFO - 📅 Fetching Basic Metadata: World of Warships – Starter Pack: Albany
2026-06-24 18:17:29,896 - INFO - 📅 Fetching Basic Metadata: Fallout Classic Edition
2026-06-24 18:17:30,055 - INFO - 📅 Fetching Basic Metadata: Outliver: Tribulation
2026-06-24 18:17:30,181 - INFO - 🎯 IGDB Match: 'Outliver: Tribulation' (100%)
2026-06-24 18:17:30,189 - INFO - 📅 Fetching Basic Metadata: Bus Simulator 21 Next Stop
2026-06-24 18:17:30,285 - INFO - 🎯 IGDB Match: 'Bus Simulator 21: Next Stop' (98%)
2026-06-24 18:17:30,293 - INFO - 📅 Fetching Basic Metadata: Turmoil
2026-06-24 18:17:30,375 - WARNING - IGDB Error for Turmoil: string indices must be integers, not 'str'
2026-06-24 18:17:30,382 - INFO - 📅 Fetching Basic Metadata: World War Z Aftermath
2026-06-24 18:17:30,556 - WARNING - IGDB Error for World War Z Aftermath: string indices must be integers, not 'str'
2026-06-24 18:17:30,563 - INFO - 📅 Fetching Basic Metadata: World Of Warships – Anniversary Party Flavor
2026-06-24 18:17:30,649 - WARNING - IGDB Error for World Of Warships – Anniversary Party Flavor: string indices must be integers, not 'str'
2026-06-24 18:17:30,656 - INFO - 📅 Fetching Basic Metadata: Neko Ghost, Jump!
2026-06-24 18:17:30,737 - WARNING - IGDB Error for Neko Ghost, Jump!: string indices must be integers, not 'str'
2026-06-24 18:17:30,745 - INFO - 📅 Fetching Basic Metadata: Super Space Club
2026-06-24 18:17:30,830 - WARNING - IGDB Error for Super Space Club: string indices must be integers, not 'str'
2026-06-24 18:17:30,837 - INFO - 📅 Fetching Basic Metadata: Touch Type Tale
2026-06-24 18:17:30,919 - WARNING - IGDB Error for Touch Type Tale: string indices must be integers, not 'str'
2026-06-24 18:17:30,926 - INFO - 📅 Fetching Basic Metadata: Gigapocalypse
2026-06-24 18:17:31,045 - WARNING - IGDB Error for Gigapocalypse: string indices must be integers, not 'str'
2026-06-24 18:17:31,053 - INFO - 📅 Fetching Basic Metadata: Legion TD2
2026-06-24 18:17:31,134 - WARNING - IGDB Error for Legion TD2: string indices must be integers, not 'str'
2026-06-24 18:17:31,143 - INFO - 📅 Fetching Basic Metadata: Nightingale
2026-06-24 18:17:31,233 - WARNING - IGDB Error for Nightingale: string indices must be integers, not 'str'
2026-06-24 18:17:31,241 - INFO - 📅 Fetching Basic Metadata: Godzilla Voxel Wars
2026-06-24 18:17:31,423 - INFO - 🎯 IGDB Match: 'Godzilla Voxel Wars' (100%)
2026-06-24 18:17:31,431 - INFO - 📅 Fetching Basic Metadata: Trine Classic Collection
2026-06-24 18:17:31,528 - INFO - 🎯 IGDB Match: 'Trine Classic Collection' (100%)
2026-06-24 18:17:31,536 - INFO - 📅 Fetching Basic Metadata: Poison Retro Set
2026-06-24 18:17:31,639 - INFO - 🎯 IGDB Match: 'Pixel Gun 3D: Poison Retro Set' (90%)
2026-06-24 18:17:31,646 - INFO - 📅 Fetching Basic Metadata: The Darkside Detective A Fumble in the Dark
2026-06-24 18:17:31,744 - INFO - 🎯 IGDB Match: 'The Darkside Detective: A Fumble in the Dark' (99%)
2026-06-24 18:17:31,751 - INFO - 📅 Fetching Basic Metadata: Return to Ash
2026-06-24 18:17:31,845 - INFO - 🎯 IGDB Match: 'Return to Ash' (100%)
2026-06-24 18:17:31,851 - INFO - 🏢 Publisher Search: STALCRAFT: X Starter Edition
2026-06-24 18:17:33,179 - INFO - 📅 Fetching Basic Metadata: STALCRAFT: X Starter Edition
2026-06-24 18:17:33,286 - INFO - 📅 Fetching Basic Metadata: Boxes: Lost Fragments
2026-06-24 18:17:33,388 - INFO - 🎯 IGDB Match: 'Boxes: Lost Fragments' (100%)
2026-06-24 18:17:33,395 - INFO - 📅 Fetching Basic Metadata: My Night Job
2026-06-24 18:17:33,491 - INFO - 🎯 IGDB Match: 'My Night Job' (100%)
2026-06-24 18:17:33,498 - INFO - 📅 Fetching Basic Metadata: Electrician Simulator
2026-06-24 18:17:33,652 - INFO - 🎯 IGDB Match: 'Electrician Simulator' (100%)
2026-06-24 18:17:33,661 - INFO - 🏢 Publisher Search: World of Warships — Epic Anniversary Tachibana Pack
2026-06-24 18:17:35,116 - INFO - 📅 Fetching Basic Metadata: World of Warships — Epic Anniversary Tachibana Pack
2026-06-24 18:17:35,301 - INFO - 📅 Fetching Basic Metadata: Hyper Echelon
2026-06-24 18:17:35,395 - INFO - 🎯 IGDB Match: 'Hyper Echelon' (100%)
2026-06-24 18:17:35,401 - INFO - 📅 Fetching Basic Metadata: Havendock
2026-06-24 18:17:35,588 - INFO - 🎯 IGDB Match: 'Havendock' (100%)
2026-06-24 18:17:35,595 - INFO - 📅 Fetching Basic Metadata: Clone Drone in the Danger Zone
2026-06-24 18:17:35,694 - INFO - 🎯 IGDB Match: 'Clone Drone in the Danger Zone' (100%)
2026-06-24 18:17:35,701 - INFO - 🏢 Publisher Search: TOMAK: Save the Earth Regeneration
2026-06-24 18:17:37,026 - INFO - 📅 Fetching Basic Metadata: TOMAK: Save the Earth Regeneration
2026-06-24 18:17:37,126 - INFO - 🎯 IGDB Match: 'Tomak: Save the Earth Regeneration' (100%)
2026-06-24 18:17:37,133 - INFO - 📅 Fetching Basic Metadata: Prop Sumo
2026-06-24 18:17:37,231 - INFO - 🎯 IGDB Match: 'Prop Sumo' (100%)
2026-06-24 18:17:37,237 - INFO - 📅 Fetching Basic Metadata: The Stone of Madness
2026-06-24 18:17:37,421 - INFO - 🎯 IGDB Match: 'The Stone of Madness' (100%)
2026-06-24 18:17:37,428 - INFO - 📅 Fetching Basic Metadata: Firestone Online Idle RPG
2026-06-24 18:17:37,524 - INFO - 🎯 IGDB Match: 'Firestone: Online Idle RPG' (98%)
2026-06-24 18:17:37,531 - INFO - 📅 Fetching Basic Metadata: Oddsparks: An Automation Adventure
2026-06-24 18:17:37,628 - INFO - 🎯 IGDB Match: 'Oddsparks: An Automation Adventure' (100%)
2026-06-24 18:17:37,635 - INFO - 📅 Fetching Basic Metadata: Trash Goblin
2026-06-24 18:17:37,814 - INFO - 🎯 IGDB Match: 'Trash Goblin' (100%)
2026-06-24 18:17:37,821 - INFO - 🏢 Publisher Search: The Telltale Batman Shadows Edition
2026-06-24 18:17:39,167 - INFO - 📅 Fetching Basic Metadata: The Telltale Batman Shadows Edition
2026-06-24 18:17:39,271 - INFO - 🎯 IGDB Match: 'Telltale Batman Shadows Edition' (95%)
2026-06-24 18:17:39,277 - INFO - 🏢 Publisher Search: Sunderfolk - Standard Edition
2026-06-24 18:17:40,634 - INFO - 📅 Fetching Basic Metadata: Sunderfolk - Standard Edition
2026-06-24 18:17:40,825 - INFO - 📅 Fetching Basic Metadata: Down in Bermuda
2026-06-24 18:17:40,940 - INFO - 🎯 IGDB Match: 'Down in Bermuda' (100%)
2026-06-24 18:17:40,947 - INFO - 📅 Fetching Basic Metadata: Tomb Raider I-III Remastered Starring Lara Croft
2026-06-24 18:17:41,134 - INFO - 📅 Fetching Basic Metadata: LONESTAR
2026-06-24 18:17:41,231 - INFO - 🎯 IGDB Match: 'LoneStar' (100%)
2026-06-24 18:17:41,238 - INFO - 📅 Fetching Basic Metadata: Calico
2026-06-24 18:17:41,338 - INFO - 🎯 IGDB Match: 'Calico' (100%)
2026-06-24 18:17:41,345 - INFO - 📅 Fetching Basic Metadata: Rogue Waters
2026-06-24 18:17:41,441 - INFO - 🎯 IGDB Match: 'Rogue Waters' (100%)
2026-06-24 18:17:41,448 - INFO - 📅 Fetching Basic Metadata: The Ouroboros King
2026-06-24 18:17:41,547 - INFO - 🎯 IGDB Match: 'The Ouroboros King' (100%)
2026-06-24 18:17:41,553 - INFO - 🏢 Publisher Search: Warhammer 40K Speed Freeks
2026-06-24 18:17:42,895 - INFO - 
--- Starting Data Quality Checks ---
2026-06-24 18:17:42,908 - INFO - --- Data Quality Checks Complete ---

2026-06-24 18:17:42,937 - INFO - | Metric | Statistics |
| :--- | :--- |
| 💰 **Total Market Value** | **$13,148.07** |
| 📦 **Total Games Collected** | 682 |
| 🏷️ **Average Retail Price** | $22.34 per game |
| 💎 **Most Expensive Title** | Civilization 6 Platinum Edition ($79.99) |
| 👑 **MVP Publisher** | Bethesda Softworks |
| 🏢 **Value Leaders** | 2K ($579.90), Bethesda Softworks ($544.80), Paradox Interactive ($409.89) |
| 📈 **Inflation-Adjusted Value** | $14,945.31 |
| 🎈 **Inflation Bonus** | **+$1,797.24** in purchasing power |
| 🗓️ **Peak Saving Month** | 🎄 **Seasonality Peak:** December is historically the best month, offering $3,388.17 in savings. |
| ⭐ **Average Score** | 76.8/100 |
| 💳 **Subscription Equivalent** | **$169.31 / mo** |
| 🎯 **Prestige Ratio** | **2.1%** (Strategic Hype) |
| 🏎️ **Lead Time Avg** | 441 Days to Sequel |

2026-06-24 18:17:42,937 - INFO - ✅ README.md updated.
2026-06-24 18:17:42,961 - INFO - Using categorical units to plot a list of strings that are all parsable as floats or dates. If these strings should be plotted as numbers, cast to the appropriate data type before plotting.
2026-06-24 18:17:42,962 - INFO - Using categorical units to plot a list of strings that are all parsable as floats or dates. If these strings should be plotted as numbers, cast to the appropriate data type before plotting.
2026-06-24 18:17:48,711 - INFO - 📈 All charts generated successfully.
