2026-03-02 17:12:15,245 - INFO - Failed to extract font properties from /usr/share/fonts/truetype/noto/NotoColorEmoji.ttf: Can not load face (unknown file format; error code 0x2)
2026-03-02 17:12:16,065 - INFO - generated new fontManager
2026-03-02 17:12:16,392 - INFO - ✅ Migration Successful!
2026-03-02 17:12:16,653 - INFO - No new games found.
2026-03-02 17:12:17,117 - INFO - 🔍 Found 577 games needing metadata. Starting IGDB + Steam + CheapShark enrichment...
2026-03-02 17:12:17,212 - INFO - 📅 Fetching Basic Metadata: LEGO Batman Trilogy
2026-03-02 17:12:17,636 - INFO - 🎯 IGDB Match: 'LEGO Batman Trilogy' (100%)
2026-03-02 17:12:17,664 - INFO - 📅 Fetching Basic Metadata: Antstream
2026-03-02 17:12:17,940 - INFO - 📅 Fetching Basic Metadata: The Drone Racing League Simulator
2026-03-02 17:12:18,112 - INFO - 🎯 IGDB Match: 'The Drone Racing League Simulator' (100%)
2026-03-02 17:12:18,120 - INFO - 📅 Fetching Basic Metadata: Dark Deity
2026-03-02 17:12:18,283 - INFO - 🎯 IGDB Match: 'Dark Deity' (100%)
2026-03-02 17:12:18,290 - INFO - 📅 Fetching Basic Metadata: RPG in a Box
2026-03-02 17:12:18,521 - INFO - 🎯 IGDB Match: 'RPG in a Box' (100%)
2026-03-02 17:12:18,529 - INFO - 📅 Fetching Basic Metadata: Fallout Classic Collection
2026-03-02 17:12:18,743 - INFO - 🎯 IGDB Match: 'Fallout Classic Collection' (100%)
2026-03-02 17:12:18,752 - INFO - 📅 Fetching Basic Metadata: Recipe for Disaster
2026-03-02 17:12:19,022 - INFO - 🎯 IGDB Match: 'Recipe for Disaster' (100%)
2026-03-02 17:12:19,028 - INFO - 📅 Fetching Basic Metadata: World of Warships — Starter Pack: Ishizuchi
2026-03-02 17:12:19,201 - INFO - 🎯 IGDB Match: 'World of Warships: Starter Pack - Ishizuchi' (98%)
2026-03-02 17:12:19,208 - INFO - 📅 Fetching Basic Metadata: Poker Club
2026-03-02 17:12:19,336 - INFO - 🎯 IGDB Match: 'Poker Club' (100%)
2026-03-02 17:12:19,342 - INFO - 📅 Fetching Basic Metadata: The Sims 4 The Daring Lifestyle Bundle
2026-03-02 17:12:19,547 - INFO - 🎯 IGDB Match: 'The Sims 4: The Daring Lifestyle Bundle' (99%)
2026-03-02 17:12:19,556 - INFO - 📅 Fetching Basic Metadata: Dodo Peak
2026-03-02 17:12:19,685 - INFO - 🎯 IGDB Match: 'Dodo Peak' (100%)
2026-03-02 17:12:19,692 - INFO - 📅 Fetching Basic Metadata: Spelldrifter
2026-03-02 17:12:20,107 - INFO - 🎯 IGDB Match: 'Spelldrifter' (100%)
2026-03-02 17:12:20,113 - INFO - 📅 Fetching Basic Metadata: Model Builder
2026-03-02 17:12:20,317 - INFO - 🎯 IGDB Match: 'Model Builder' (100%)
2026-03-02 17:12:20,323 - INFO - 📅 Fetching Basic Metadata: Godlike Burger
2026-03-02 17:12:20,626 - INFO - 🎯 IGDB Match: 'Godlike Burger' (100%)
2026-03-02 17:12:20,632 - INFO - 📅 Fetching Basic Metadata: Q.U.B.E. Ultimate Bundle
2026-03-02 17:12:20,821 - INFO - 🎯 IGDB Match: 'Q.U.B.E. Ultimate Bundle' (100%)
2026-03-02 17:12:20,828 - INFO - 📅 Fetching Basic Metadata: Jitsu Squad
2026-03-02 17:12:21,133 - INFO - 🎯 IGDB Match: 'Jitsu Squad' (100%)
2026-03-02 17:12:21,139 - INFO - 📅 Fetching Basic Metadata: Mighty Fight Federation
2026-03-02 17:12:21,341 - INFO - 🎯 IGDB Match: 'Mighty Fight Federation' (100%)
2026-03-02 17:12:21,351 - INFO - 📅 Fetching Basic Metadata: LOVE
2026-03-02 17:12:21,642 - INFO - 🎯 IGDB Match: 'Love Love Love' (90%)
2026-03-02 17:12:21,650 - INFO - 📅 Fetching Basic Metadata: Call of The Wild: The Angler
2026-03-02 17:12:21,862 - INFO - 🎯 IGDB Match: 'Call of the Wild: The Angler' (100%)
2026-03-02 17:12:21,870 - INFO - 📅 Fetching Basic Metadata: The Falconeer
2026-03-02 17:12:22,039 - INFO - 🎯 IGDB Match: 'The Falconeer: The Hunter' (90%)
2026-03-02 17:12:22,046 - INFO - 📅 Fetching Basic Metadata: Rawmen: Food Fighter Arena
2026-03-02 17:12:22,237 - INFO - 🎯 IGDB Match: 'Rawmen' (90%)
2026-03-02 17:12:22,243 - INFO - 📅 Fetching Basic Metadata: World of Warships – Starter Pack: Albany
2026-03-02 17:12:22,380 - INFO - 📅 Fetching Basic Metadata: Fallout Classic Edition
2026-03-02 17:12:22,591 - INFO - 📅 Fetching Basic Metadata: Outliver: Tribulation
2026-03-02 17:12:22,729 - INFO - 🎯 IGDB Match: 'Outliver: Tribulation' (100%)
2026-03-02 17:12:22,737 - INFO - 📅 Fetching Basic Metadata: Bus Simulator 21 Next Stop
2026-03-02 17:12:22,934 - INFO - 🎯 IGDB Match: 'Bus Simulator 21: Next Stop' (98%)
2026-03-02 17:12:22,943 - INFO - 📅 Fetching Basic Metadata: Turmoil
2026-03-02 17:12:23,095 - INFO - 🎯 IGDB Match: 'Turmoil' (100%)
2026-03-02 17:12:23,102 - INFO - 📅 Fetching Basic Metadata: World War Z Aftermath
2026-03-02 17:12:23,244 - INFO - 🎯 IGDB Match: 'World War Z: Aftermath' (98%)
2026-03-02 17:12:23,251 - INFO - 📅 Fetching Basic Metadata: World Of Warships – Anniversary Party Flavor
2026-03-02 17:12:23,388 - INFO - 📅 Fetching Basic Metadata: Neko Ghost, Jump!
2026-03-02 17:12:23,516 - INFO - 🎯 IGDB Match: 'Neko Ghost, Jump!' (100%)
2026-03-02 17:12:23,523 - INFO - 📅 Fetching Basic Metadata: Super Space Club
2026-03-02 17:12:23,649 - INFO - 🎯 IGDB Match: 'Super Space Club' (100%)
2026-03-02 17:12:23,656 - INFO - 📅 Fetching Basic Metadata: Touch Type Tale
2026-03-02 17:12:23,787 - INFO - 🎯 IGDB Match: 'Touch Type Tale' (100%)
2026-03-02 17:12:23,794 - INFO - 📅 Fetching Basic Metadata: Gigapocalypse
2026-03-02 17:12:23,980 - INFO - 🎯 IGDB Match: 'Gigapocalypse' (100%)
2026-03-02 17:12:23,988 - INFO - 📅 Fetching Basic Metadata: Legion TD2
2026-03-02 17:12:24,116 - INFO - 📅 Fetching Basic Metadata: Nightingale
2026-03-02 17:12:24,239 - INFO - 🎯 IGDB Match: 'Nightingale' (100%)
2026-03-02 17:12:24,247 - INFO - 📅 Fetching Basic Metadata: Godzilla Voxel Wars
2026-03-02 17:12:24,369 - INFO - 🎯 IGDB Match: 'Godzilla Voxel Wars' (100%)
2026-03-02 17:12:24,378 - INFO - 📅 Fetching Basic Metadata: Trine Classic Collection
2026-03-02 17:12:24,510 - INFO - 🎯 IGDB Match: 'Trine Classic Collection' (100%)
2026-03-02 17:12:24,518 - INFO - 📅 Fetching Basic Metadata: Poison Retro Set
2026-03-02 17:12:24,632 - WARNING - IGDB Error for Poison Retro Set: string indices must be integers, not 'str'
2026-03-02 17:12:24,639 - INFO - 📅 Fetching Basic Metadata: The Darkside Detective A Fumble in the Dark
2026-03-02 17:12:24,759 - WARNING - IGDB Error for The Darkside Detective A Fumble in the Dark: string indices must be integers, not 'str'
2026-03-02 17:12:24,766 - INFO - 📅 Fetching Basic Metadata: Return to Ash
2026-03-02 17:12:24,960 - WARNING - IGDB Error for Return to Ash: string indices must be integers, not 'str'
2026-03-02 17:12:24,966 - INFO - 🏢 Publisher Search: STALCRAFT: X Starter Edition
2026-03-02 17:12:26,375 - INFO - 📅 Fetching Basic Metadata: STALCRAFT: X Starter Edition
2026-03-02 17:12:26,522 - INFO - 📅 Fetching Basic Metadata: Boxes: Lost Fragments
2026-03-02 17:12:26,711 - INFO - 🎯 IGDB Match: 'Boxes: Lost Fragments' (100%)
2026-03-02 17:12:26,717 - INFO - 📅 Fetching Basic Metadata: My Night Job
2026-03-02 17:12:26,848 - INFO - 🎯 IGDB Match: 'My Night Job' (100%)
2026-03-02 17:12:26,859 - INFO - 
--- Starting Data Quality Checks ---
2026-03-02 17:12:26,872 - INFO - --- Data Quality Checks Complete ---

2026-03-02 17:12:26,901 - INFO - | Metric | Statistics |
| :--- | :--- |
| 💰 **Total Market Value** | **$12,603.32** |
| 📦 **Total Games Collected** | 653 |
| 🏷️ **Average Retail Price** | $22.48 per game |
| 💎 **Most Expensive Title** | Civilization 6 Platinum Edition ($79.99) |
| 👑 **MVP Publisher** | Bethesda Softworks |
| 🏢 **Value Leaders** | 2K ($579.90), Bethesda Softworks ($544.80), Paradox Interactive ($409.89) |
| 📈 **Inflation-Adjusted Value** | $14,400.56 |
| 🎈 **Inflation Bonus** | **+$1,797.24** in purchasing power |
| 🗓️ **Peak Saving Month** | 🎄 **Seasonality Peak:** December is historically the best month, offering $3,388.17 in savings. |
| ⭐ **Average Score** | 76.7/100 |
| 💳 **Subscription Equivalent** | **$170.71 / mo** |
| 🎯 **Prestige Ratio** | **2.0%** (Strategic Hype) |
| 🏎️ **Lead Time Avg** | 447 Days to Sequel |

2026-03-02 17:12:26,902 - INFO - ✅ README.md updated.
2026-03-02 17:12:26,926 - INFO - Using categorical units to plot a list of strings that are all parsable as floats or dates. If these strings should be plotted as numbers, cast to the appropriate data type before plotting.
2026-03-02 17:12:26,927 - INFO - Using categorical units to plot a list of strings that are all parsable as floats or dates. If these strings should be plotted as numbers, cast to the appropriate data type before plotting.
2026-03-02 17:12:32,590 - INFO - 📈 All charts generated successfully.
