2026-07-18 17:30:16,346 - INFO - Failed to extract font properties from /usr/share/fonts/truetype/noto/NotoColorEmoji.ttf: Non-scalable fonts are not supported
2026-07-18 17:30:16,808 - INFO - generated new fontManager
2026-07-18 17:30:17,186 - INFO - ✅ Migration Successful!
2026-07-18 17:30:17,738 - INFO - No new games found.
2026-07-18 17:30:18,066 - INFO - 🔍 Found 613 games needing metadata. Starting IGDB + Steam + CheapShark enrichment...
2026-07-18 17:30:18,168 - INFO - 📅 Fetching Basic Metadata: LEGO Batman Trilogy
2026-07-18 17:30:18,411 - INFO - 🎯 IGDB Match: 'LEGO Batman Trilogy' (100%)
2026-07-18 17:30:18,441 - INFO - 📅 Fetching Basic Metadata: Antstream
2026-07-18 17:30:18,591 - INFO - 📅 Fetching Basic Metadata: The Drone Racing League Simulator
2026-07-18 17:30:18,721 - INFO - 🎯 IGDB Match: 'The Drone Racing League Simulator' (100%)
2026-07-18 17:30:18,730 - INFO - 📅 Fetching Basic Metadata: Dark Deity
2026-07-18 17:30:18,877 - INFO - 🎯 IGDB Match: 'Dark Deity' (100%)
2026-07-18 17:30:18,884 - INFO - 📅 Fetching Basic Metadata: RPG in a Box
2026-07-18 17:30:19,026 - INFO - 🎯 IGDB Match: 'RPG in a Box' (100%)
2026-07-18 17:30:19,034 - INFO - 📅 Fetching Basic Metadata: Fallout Classic Collection
2026-07-18 17:30:19,118 - INFO - 🎯 IGDB Match: 'Fallout Classic Collection' (100%)
2026-07-18 17:30:19,127 - INFO - 📅 Fetching Basic Metadata: Recipe for Disaster
2026-07-18 17:30:19,205 - INFO - 🎯 IGDB Match: 'Recipe For Disaster' (100%)
2026-07-18 17:30:19,213 - INFO - 📅 Fetching Basic Metadata: World of Warships — Starter Pack: Ishizuchi
2026-07-18 17:30:19,286 - INFO - 🎯 IGDB Match: 'World of Warships: Starter Pack - Ishizuchi' (98%)
2026-07-18 17:30:19,294 - INFO - 📅 Fetching Basic Metadata: Poker Club
2026-07-18 17:30:19,440 - INFO - 🎯 IGDB Match: 'Poker Club' (100%)
2026-07-18 17:30:19,447 - INFO - 📅 Fetching Basic Metadata: The Sims 4 The Daring Lifestyle Bundle
2026-07-18 17:30:19,525 - INFO - 🎯 IGDB Match: 'The Sims 4: The Daring Lifestyle Bundle' (99%)
2026-07-18 17:30:19,534 - INFO - 📅 Fetching Basic Metadata: Dodo Peak
2026-07-18 17:30:19,674 - INFO - 🎯 IGDB Match: 'Dodo Peak' (100%)
2026-07-18 17:30:19,681 - INFO - 📅 Fetching Basic Metadata: Spelldrifter
2026-07-18 17:30:19,818 - INFO - 🎯 IGDB Match: 'Spelldrifter' (100%)
2026-07-18 17:30:19,825 - INFO - 📅 Fetching Basic Metadata: Model Builder
2026-07-18 17:30:19,965 - INFO - 🎯 IGDB Match: 'Model Builder' (100%)
2026-07-18 17:30:19,972 - INFO - 📅 Fetching Basic Metadata: Godlike Burger
2026-07-18 17:30:20,050 - INFO - 🎯 IGDB Match: 'Godlike Burger' (100%)
2026-07-18 17:30:20,061 - INFO - 📅 Fetching Basic Metadata: Q.U.B.E. Ultimate Bundle
2026-07-18 17:30:20,138 - INFO - 🎯 IGDB Match: 'Q.U.B.E. Ultimate Bundle' (100%)
2026-07-18 17:30:20,149 - INFO - 📅 Fetching Basic Metadata: Jitsu Squad
2026-07-18 17:30:20,305 - INFO - 🎯 IGDB Match: 'Jitsu Squad' (100%)
2026-07-18 17:30:20,312 - INFO - 📅 Fetching Basic Metadata: Mighty Fight Federation
2026-07-18 17:30:20,391 - INFO - 🎯 IGDB Match: 'Mighty Fight Federation' (100%)
2026-07-18 17:30:20,402 - INFO - 📅 Fetching Basic Metadata: LOVE
2026-07-18 17:30:20,530 - INFO - 🎯 IGDB Match: 'Love Love Love' (90%)
2026-07-18 17:30:20,538 - INFO - 📅 Fetching Basic Metadata: Call of The Wild: The Angler
2026-07-18 17:30:20,615 - INFO - 🎯 IGDB Match: 'Call of the Wild: The Angler' (100%)
2026-07-18 17:30:20,625 - INFO - 📅 Fetching Basic Metadata: The Falconeer
2026-07-18 17:30:20,709 - INFO - 🎯 IGDB Match: 'The Falconeer: The Hunter' (90%)
2026-07-18 17:30:20,717 - INFO - 📅 Fetching Basic Metadata: Rawmen: Food Fighter Arena
2026-07-18 17:30:20,862 - INFO - 🎯 IGDB Match: 'Rawmen' (90%)
2026-07-18 17:30:20,869 - INFO - 📅 Fetching Basic Metadata: World of Warships – Starter Pack: Albany
2026-07-18 17:30:20,947 - INFO - 📅 Fetching Basic Metadata: Fallout Classic Edition
2026-07-18 17:30:21,028 - INFO - 📅 Fetching Basic Metadata: Outliver: Tribulation
2026-07-18 17:30:21,100 - INFO - 🎯 IGDB Match: 'Outliver: Tribulation' (100%)
2026-07-18 17:30:21,108 - INFO - 📅 Fetching Basic Metadata: Bus Simulator 21 Next Stop
2026-07-18 17:30:21,239 - INFO - 🎯 IGDB Match: 'Bus Simulator 21: Next Stop' (98%)
2026-07-18 17:30:21,248 - INFO - 📅 Fetching Basic Metadata: Turmoil
2026-07-18 17:30:21,368 - WARNING - IGDB Error for Turmoil: string indices must be integers, not 'str'
2026-07-18 17:30:21,376 - INFO - 📅 Fetching Basic Metadata: World War Z Aftermath
2026-07-18 17:30:21,504 - WARNING - IGDB Error for World War Z Aftermath: string indices must be integers, not 'str'
2026-07-18 17:30:21,511 - INFO - 📅 Fetching Basic Metadata: World Of Warships – Anniversary Party Flavor
2026-07-18 17:30:21,577 - WARNING - IGDB Error for World Of Warships – Anniversary Party Flavor: string indices must be integers, not 'str'
2026-07-18 17:30:21,584 - INFO - 📅 Fetching Basic Metadata: Neko Ghost, Jump!
2026-07-18 17:30:21,647 - WARNING - IGDB Error for Neko Ghost, Jump!: string indices must be integers, not 'str'
2026-07-18 17:30:21,655 - INFO - 📅 Fetching Basic Metadata: Super Space Club
2026-07-18 17:30:21,714 - WARNING - IGDB Error for Super Space Club: string indices must be integers, not 'str'
2026-07-18 17:30:21,721 - INFO - 📅 Fetching Basic Metadata: Touch Type Tale
2026-07-18 17:30:21,782 - WARNING - IGDB Error for Touch Type Tale: string indices must be integers, not 'str'
2026-07-18 17:30:21,789 - INFO - 📅 Fetching Basic Metadata: Gigapocalypse
2026-07-18 17:30:21,852 - WARNING - IGDB Error for Gigapocalypse: string indices must be integers, not 'str'
2026-07-18 17:30:21,861 - INFO - 📅 Fetching Basic Metadata: Legion TD2
2026-07-18 17:30:21,948 - WARNING - IGDB Error for Legion TD2: string indices must be integers, not 'str'
2026-07-18 17:30:21,958 - INFO - 📅 Fetching Basic Metadata: Nightingale
2026-07-18 17:30:22,021 - WARNING - IGDB Error for Nightingale: string indices must be integers, not 'str'
2026-07-18 17:30:22,029 - INFO - 📅 Fetching Basic Metadata: Godzilla Voxel Wars
2026-07-18 17:30:22,092 - WARNING - IGDB Error for Godzilla Voxel Wars: string indices must be integers, not 'str'
2026-07-18 17:30:22,101 - INFO - 📅 Fetching Basic Metadata: Trine Classic Collection
2026-07-18 17:30:22,163 - WARNING - IGDB Error for Trine Classic Collection: string indices must be integers, not 'str'
2026-07-18 17:30:22,171 - INFO - 📅 Fetching Basic Metadata: Poison Retro Set
2026-07-18 17:30:22,312 - WARNING - IGDB Error for Poison Retro Set: string indices must be integers, not 'str'
2026-07-18 17:30:22,319 - INFO - 📅 Fetching Basic Metadata: The Darkside Detective A Fumble in the Dark
2026-07-18 17:30:22,381 - WARNING - IGDB Error for The Darkside Detective A Fumble in the Dark: string indices must be integers, not 'str'
2026-07-18 17:30:22,388 - INFO - 📅 Fetching Basic Metadata: Return to Ash
2026-07-18 17:30:22,449 - WARNING - IGDB Error for Return to Ash: string indices must be integers, not 'str'
2026-07-18 17:30:22,455 - INFO - 🏢 Publisher Search: STALCRAFT: X Starter Edition
2026-07-18 17:30:23,832 - INFO - 📅 Fetching Basic Metadata: STALCRAFT: X Starter Edition
2026-07-18 17:30:23,910 - INFO - 📅 Fetching Basic Metadata: Boxes: Lost Fragments
2026-07-18 17:30:24,063 - INFO - 🎯 IGDB Match: 'Boxes: Lost Fragments' (100%)
2026-07-18 17:30:24,070 - INFO - 📅 Fetching Basic Metadata: My Night Job
2026-07-18 17:30:24,143 - INFO - 🎯 IGDB Match: 'My Night Job' (100%)
2026-07-18 17:30:24,150 - INFO - 📅 Fetching Basic Metadata: Electrician Simulator
2026-07-18 17:30:24,224 - INFO - 🎯 IGDB Match: 'Electrician Simulator' (100%)
2026-07-18 17:30:24,231 - INFO - 🏢 Publisher Search: World of Warships — Epic Anniversary Tachibana Pack
2026-07-18 17:30:25,542 - INFO - 📅 Fetching Basic Metadata: World of Warships — Epic Anniversary Tachibana Pack
2026-07-18 17:30:25,623 - INFO - 📅 Fetching Basic Metadata: Hyper Echelon
2026-07-18 17:30:25,702 - INFO - 🎯 IGDB Match: 'Hyper Echelon' (100%)
2026-07-18 17:30:25,709 - INFO - 📅 Fetching Basic Metadata: Havendock
2026-07-18 17:30:25,782 - INFO - 🎯 IGDB Match: 'Havendock' (100%)
2026-07-18 17:30:25,788 - INFO - 📅 Fetching Basic Metadata: Clone Drone in the Danger Zone
2026-07-18 17:30:25,860 - INFO - 🎯 IGDB Match: 'Clone Drone in the Danger Zone' (100%)
2026-07-18 17:30:25,867 - INFO - 🏢 Publisher Search: TOMAK: Save the Earth Regeneration
2026-07-18 17:30:27,207 - INFO - 📅 Fetching Basic Metadata: TOMAK: Save the Earth Regeneration
2026-07-18 17:30:27,342 - INFO - 🎯 IGDB Match: 'Tomak: Save the Earth Regeneration' (100%)
2026-07-18 17:30:27,349 - INFO - 📅 Fetching Basic Metadata: Prop Sumo
2026-07-18 17:30:27,486 - INFO - 🎯 IGDB Match: 'Prop Sumo' (100%)
2026-07-18 17:30:27,493 - INFO - 📅 Fetching Basic Metadata: The Stone of Madness
2026-07-18 17:30:27,568 - INFO - 🎯 IGDB Match: 'The Stone of Madness' (100%)
2026-07-18 17:30:27,575 - INFO - 📅 Fetching Basic Metadata: Firestone Online Idle RPG
2026-07-18 17:30:27,649 - INFO - 🎯 IGDB Match: 'Firestone: Online Idle RPG' (98%)
2026-07-18 17:30:27,656 - INFO - 📅 Fetching Basic Metadata: Oddsparks: An Automation Adventure
2026-07-18 17:30:27,730 - INFO - 🎯 IGDB Match: 'Oddsparks: An Automation Adventure' (100%)
2026-07-18 17:30:27,737 - INFO - 📅 Fetching Basic Metadata: Trash Goblin
2026-07-18 17:30:27,809 - INFO - 🎯 IGDB Match: 'Trash Goblin' (100%)
2026-07-18 17:30:27,815 - INFO - 🏢 Publisher Search: The Telltale Batman Shadows Edition
2026-07-18 17:30:29,207 - INFO - 📅 Fetching Basic Metadata: The Telltale Batman Shadows Edition
2026-07-18 17:30:29,282 - INFO - 🎯 IGDB Match: 'Telltale Batman Shadows Edition' (95%)
2026-07-18 17:30:29,288 - INFO - 🏢 Publisher Search: Sunderfolk - Standard Edition
2026-07-18 17:30:30,596 - INFO - 📅 Fetching Basic Metadata: Sunderfolk - Standard Edition
2026-07-18 17:30:30,719 - INFO - 📅 Fetching Basic Metadata: Down in Bermuda
2026-07-18 17:30:30,795 - INFO - 🎯 IGDB Match: 'Down in Bermuda' (100%)
2026-07-18 17:30:30,801 - INFO - 📅 Fetching Basic Metadata: Tomb Raider I-III Remastered Starring Lara Croft
2026-07-18 17:30:30,881 - INFO - 📅 Fetching Basic Metadata: LONESTAR
2026-07-18 17:30:31,008 - INFO - 🎯 IGDB Match: 'LoneStar' (100%)
2026-07-18 17:30:31,015 - INFO - 📅 Fetching Basic Metadata: Calico
2026-07-18 17:30:31,110 - INFO - 🎯 IGDB Match: 'Calico' (100%)
2026-07-18 17:30:31,117 - INFO - 📅 Fetching Basic Metadata: Rogue Waters
2026-07-18 17:30:31,190 - INFO - 🎯 IGDB Match: 'Rogue Waters' (100%)
2026-07-18 17:30:31,196 - INFO - 📅 Fetching Basic Metadata: The Ouroboros King
2026-07-18 17:30:31,304 - INFO - 🎯 IGDB Match: 'The Ouroboros King' (100%)
2026-07-18 17:30:31,311 - INFO - 🏢 Publisher Search: Warhammer 40K Speed Freeks
2026-07-18 17:30:32,650 - INFO - 📅 Fetching Basic Metadata: I Have No Mouth, and I Must Scream
2026-07-18 17:30:32,726 - INFO - 🎯 IGDB Match: 'I Have No Mouth, and I Must Scream' (100%)
2026-07-18 17:30:32,732 - INFO - 📅 Fetching Basic Metadata: Nova Lands
2026-07-18 17:30:32,816 - INFO - 🎯 IGDB Match: 'Nova Lands' (100%)
2026-07-18 17:30:32,823 - INFO - 📅 Fetching Basic Metadata: Tattoo Tycoon
2026-07-18 17:30:32,896 - INFO - 🎯 IGDB Match: 'Tattoo Tycoon' (100%)
2026-07-18 17:30:32,903 - INFO - 📅 Fetching Basic Metadata: Echo Generation: Midnight Edition
2026-07-18 17:30:32,975 - INFO - 🎯 IGDB Match: 'Echo Generation: Midnight Edition' (100%)
2026-07-18 17:30:32,987 - INFO - 
--- Starting Data Quality Checks ---
2026-07-18 17:30:33,000 - INFO - --- Data Quality Checks Complete ---

2026-07-18 17:30:33,031 - INFO - | Metric | Statistics |
| :--- | :--- |
| 💰 **Total Market Value** | **$13,332.99** |
| 📦 **Total Games Collected** | 690 |
| 🏷️ **Average Retail Price** | $22.35 per game |
| 💎 **Most Expensive Title** | Civilization 6 Platinum Edition ($79.99) |
| 👑 **MVP Publisher** | Bethesda Softworks |
| 🏢 **Value Leaders** | 2K ($579.90), Bethesda Softworks ($544.80), Paradox Interactive ($409.89) |
| 📈 **Inflation-Adjusted Value** | $15,130.23 |
| 🎈 **Inflation Bonus** | **+$1,797.24** in purchasing power |
| 🗓️ **Peak Saving Month** | 🎄 **Seasonality Peak:** December is historically the best month, offering $3,388.17 in savings. |
| ⭐ **Average Score** | 76.9/100 |
| 💳 **Subscription Equivalent** | **$169.48 / mo** |
| 🎯 **Prestige Ratio** | **2.0%** (Strategic Hype) |
| 🏎️ **Lead Time Avg** | 441 Days to Sequel |

2026-07-18 17:30:33,032 - INFO - ✅ README.md updated.
2026-07-18 17:30:33,057 - INFO - Using categorical units to plot a list of strings that are all parsable as floats or dates. If these strings should be plotted as numbers, cast to the appropriate data type before plotting.
2026-07-18 17:30:33,058 - INFO - Using categorical units to plot a list of strings that are all parsable as floats or dates. If these strings should be plotted as numbers, cast to the appropriate data type before plotting.
2026-07-18 17:30:39,472 - INFO - 📈 All charts generated successfully.
