2026-04-28 18:04:52,327 - INFO - Failed to extract font properties from /usr/share/fonts/truetype/noto/NotoColorEmoji.ttf: Can not load face (unknown file format; error code 0x2)
2026-04-28 18:04:52,778 - INFO - generated new fontManager
2026-04-28 18:04:53,099 - INFO - ✅ Migration Successful!
2026-04-28 18:04:53,684 - INFO - No new games found.
2026-04-28 18:04:54,112 - INFO - 🔍 Found 590 games needing metadata. Starting IGDB + Steam + CheapShark enrichment...
2026-04-28 18:04:54,181 - INFO - 📅 Fetching Basic Metadata: LEGO Batman Trilogy
2026-04-28 18:04:54,541 - INFO - 🎯 IGDB Match: 'LEGO Batman Trilogy' (100%)
2026-04-28 18:04:54,565 - INFO - 📅 Fetching Basic Metadata: Antstream
2026-04-28 18:04:54,788 - INFO - 📅 Fetching Basic Metadata: The Drone Racing League Simulator
2026-04-28 18:04:54,975 - INFO - 🎯 IGDB Match: 'The Drone Racing League Simulator' (100%)
2026-04-28 18:04:54,982 - INFO - 📅 Fetching Basic Metadata: Dark Deity
2026-04-28 18:04:55,178 - INFO - 🎯 IGDB Match: 'Dark Deity' (100%)
2026-04-28 18:04:55,184 - INFO - 📅 Fetching Basic Metadata: RPG in a Box
2026-04-28 18:04:55,325 - INFO - 🎯 IGDB Match: 'RPG in a Box' (100%)
2026-04-28 18:04:55,332 - INFO - 📅 Fetching Basic Metadata: Fallout Classic Collection
2026-04-28 18:04:55,470 - INFO - 🎯 IGDB Match: 'Fallout Classic Collection' (100%)
2026-04-28 18:04:55,478 - INFO - 📅 Fetching Basic Metadata: Recipe for Disaster
2026-04-28 18:04:55,660 - INFO - 🎯 IGDB Match: 'Recipe For Disaster' (100%)
2026-04-28 18:04:55,666 - INFO - 📅 Fetching Basic Metadata: World of Warships — Starter Pack: Ishizuchi
2026-04-28 18:04:55,856 - INFO - 🎯 IGDB Match: 'World of Warships: Starter Pack - Ishizuchi' (98%)
2026-04-28 18:04:55,862 - INFO - 📅 Fetching Basic Metadata: Poker Club
2026-04-28 18:04:56,074 - INFO - 🎯 IGDB Match: 'Poker Club' (100%)
2026-04-28 18:04:56,080 - INFO - 📅 Fetching Basic Metadata: The Sims 4 The Daring Lifestyle Bundle
2026-04-28 18:04:56,216 - INFO - 🎯 IGDB Match: 'The Sims 4: The Daring Lifestyle Bundle' (99%)
2026-04-28 18:04:56,224 - INFO - 📅 Fetching Basic Metadata: Dodo Peak
2026-04-28 18:04:56,361 - INFO - 🎯 IGDB Match: 'Dodo Peak' (100%)
2026-04-28 18:04:56,366 - INFO - 📅 Fetching Basic Metadata: Spelldrifter
2026-04-28 18:04:56,500 - INFO - 🎯 IGDB Match: 'Spelldrifter' (100%)
2026-04-28 18:04:56,506 - INFO - 📅 Fetching Basic Metadata: Model Builder
2026-04-28 18:04:56,736 - INFO - 🎯 IGDB Match: 'Model Builder' (100%)
2026-04-28 18:04:56,742 - INFO - 📅 Fetching Basic Metadata: Godlike Burger
2026-04-28 18:04:56,879 - INFO - 🎯 IGDB Match: 'Godlike Burger' (100%)
2026-04-28 18:04:56,885 - INFO - 📅 Fetching Basic Metadata: Q.U.B.E. Ultimate Bundle
2026-04-28 18:04:57,036 - INFO - 🎯 IGDB Match: 'Q.U.B.E. Ultimate Bundle' (100%)
2026-04-28 18:04:57,042 - INFO - 📅 Fetching Basic Metadata: Jitsu Squad
2026-04-28 18:04:57,180 - INFO - 🎯 IGDB Match: 'Jitsu Squad' (100%)
2026-04-28 18:04:57,185 - INFO - 📅 Fetching Basic Metadata: Mighty Fight Federation
2026-04-28 18:04:57,331 - INFO - 🎯 IGDB Match: 'Mighty Fight Federation' (100%)
2026-04-28 18:04:57,339 - INFO - 📅 Fetching Basic Metadata: LOVE
2026-04-28 18:04:57,610 - INFO - 🎯 IGDB Match: 'Love Love Love' (90%)
2026-04-28 18:04:57,617 - INFO - 📅 Fetching Basic Metadata: Call of The Wild: The Angler
2026-04-28 18:04:57,759 - INFO - 🎯 IGDB Match: 'Call of the Wild: The Angler' (100%)
2026-04-28 18:04:57,767 - INFO - 📅 Fetching Basic Metadata: The Falconeer
2026-04-28 18:04:57,979 - INFO - 🎯 IGDB Match: 'The Falconeer: The Hunter' (90%)
2026-04-28 18:04:57,985 - INFO - 📅 Fetching Basic Metadata: Rawmen: Food Fighter Arena
2026-04-28 18:04:58,122 - INFO - 🎯 IGDB Match: 'Rawmen' (90%)
2026-04-28 18:04:58,127 - INFO - 📅 Fetching Basic Metadata: World of Warships – Starter Pack: Albany
2026-04-28 18:04:58,275 - INFO - 📅 Fetching Basic Metadata: Fallout Classic Edition
2026-04-28 18:04:58,421 - INFO - 📅 Fetching Basic Metadata: Outliver: Tribulation
2026-04-28 18:04:58,556 - INFO - 🎯 IGDB Match: 'Outliver: Tribulation' (100%)
2026-04-28 18:04:58,562 - INFO - 📅 Fetching Basic Metadata: Bus Simulator 21 Next Stop
2026-04-28 18:04:58,701 - INFO - 🎯 IGDB Match: 'Bus Simulator 21: Next Stop' (98%)
2026-04-28 18:04:58,708 - INFO - 📅 Fetching Basic Metadata: Turmoil
2026-04-28 18:04:58,843 - INFO - 🎯 IGDB Match: 'Turmoil' (100%)
2026-04-28 18:04:58,850 - INFO - 📅 Fetching Basic Metadata: World War Z Aftermath
2026-04-28 18:04:58,985 - INFO - 🎯 IGDB Match: 'World War Z: Aftermath' (98%)
2026-04-28 18:04:58,991 - INFO - 📅 Fetching Basic Metadata: World Of Warships – Anniversary Party Flavor
2026-04-28 18:04:59,133 - INFO - 📅 Fetching Basic Metadata: Neko Ghost, Jump!
2026-04-28 18:04:59,253 - WARNING - IGDB Error for Neko Ghost, Jump!: string indices must be integers, not 'str'
2026-04-28 18:04:59,259 - INFO - 📅 Fetching Basic Metadata: Super Space Club
2026-04-28 18:04:59,453 - WARNING - IGDB Error for Super Space Club: string indices must be integers, not 'str'
2026-04-28 18:04:59,458 - INFO - 📅 Fetching Basic Metadata: Touch Type Tale
2026-04-28 18:04:59,582 - WARNING - IGDB Error for Touch Type Tale: string indices must be integers, not 'str'
2026-04-28 18:04:59,588 - INFO - 📅 Fetching Basic Metadata: Gigapocalypse
2026-04-28 18:04:59,709 - WARNING - IGDB Error for Gigapocalypse: string indices must be integers, not 'str'
2026-04-28 18:04:59,716 - INFO - 📅 Fetching Basic Metadata: Legion TD2
2026-04-28 18:04:59,839 - WARNING - IGDB Error for Legion TD2: string indices must be integers, not 'str'
2026-04-28 18:04:59,846 - INFO - 📅 Fetching Basic Metadata: Nightingale
2026-04-28 18:04:59,970 - WARNING - IGDB Error for Nightingale: string indices must be integers, not 'str'
2026-04-28 18:04:59,977 - INFO - 📅 Fetching Basic Metadata: Godzilla Voxel Wars
2026-04-28 18:05:00,098 - WARNING - IGDB Error for Godzilla Voxel Wars: string indices must be integers, not 'str'
2026-04-28 18:05:00,106 - INFO - 📅 Fetching Basic Metadata: Trine Classic Collection
2026-04-28 18:05:00,230 - WARNING - IGDB Error for Trine Classic Collection: string indices must be integers, not 'str'
2026-04-28 18:05:00,236 - INFO - 📅 Fetching Basic Metadata: Poison Retro Set
2026-04-28 18:05:00,378 - INFO - 🎯 IGDB Match: 'Pixel Gun 3D: Poison Retro Set' (90%)
2026-04-28 18:05:00,383 - INFO - 📅 Fetching Basic Metadata: The Darkside Detective A Fumble in the Dark
2026-04-28 18:05:00,521 - INFO - 🎯 IGDB Match: 'The Darkside Detective: A Fumble in the Dark' (99%)
2026-04-28 18:05:00,527 - INFO - 📅 Fetching Basic Metadata: Return to Ash
2026-04-28 18:05:00,667 - INFO - 🎯 IGDB Match: 'Return to Ash' (100%)
2026-04-28 18:05:00,673 - INFO - 🏢 Publisher Search: STALCRAFT: X Starter Edition
2026-04-28 18:05:02,113 - INFO - 📅 Fetching Basic Metadata: STALCRAFT: X Starter Edition
2026-04-28 18:05:02,323 - INFO - 📅 Fetching Basic Metadata: Boxes: Lost Fragments
2026-04-28 18:05:02,532 - INFO - 🎯 IGDB Match: 'Boxes: Lost Fragments' (100%)
2026-04-28 18:05:02,538 - INFO - 📅 Fetching Basic Metadata: My Night Job
2026-04-28 18:05:02,723 - INFO - 🎯 IGDB Match: 'My Night Job' (100%)
2026-04-28 18:05:02,730 - INFO - 📅 Fetching Basic Metadata: Electrician Simulator
2026-04-28 18:05:02,870 - INFO - 🎯 IGDB Match: 'Electrician Simulator' (100%)
2026-04-28 18:05:02,875 - INFO - 🏢 Publisher Search: World of Warships — Epic Anniversary Tachibana Pack
2026-04-28 18:05:04,294 - INFO - 📅 Fetching Basic Metadata: World of Warships — Epic Anniversary Tachibana Pack
2026-04-28 18:05:04,440 - INFO - 📅 Fetching Basic Metadata: Hyper Echelon
2026-04-28 18:05:04,670 - INFO - 🎯 IGDB Match: 'Hyper Echelon' (100%)
2026-04-28 18:05:04,675 - INFO - 📅 Fetching Basic Metadata: Havendock
2026-04-28 18:05:04,808 - INFO - 🎯 IGDB Match: 'Havendock' (100%)
2026-04-28 18:05:04,814 - INFO - 📅 Fetching Basic Metadata: Clone Drone in the Danger Zone
2026-04-28 18:05:04,952 - INFO - 🎯 IGDB Match: 'Clone Drone in the Danger Zone' (100%)
2026-04-28 18:05:04,958 - INFO - 🏢 Publisher Search: TOMAK: Save the Earth Regeneration
2026-04-28 18:05:06,343 - INFO - 📅 Fetching Basic Metadata: TOMAK: Save the Earth Regeneration
2026-04-28 18:05:06,477 - INFO - 🎯 IGDB Match: 'Tomak: Save the Earth Regeneration' (100%)
2026-04-28 18:05:06,483 - INFO - 📅 Fetching Basic Metadata: Prop Sumo
2026-04-28 18:05:06,644 - INFO - 🎯 IGDB Match: 'Prop Sumo' (100%)
2026-04-28 18:05:06,650 - INFO - 📅 Fetching Basic Metadata: The Stone of Madness
2026-04-28 18:05:06,824 - INFO - 🎯 IGDB Match: 'The Stone of Madness' (100%)
2026-04-28 18:05:06,834 - INFO - 
--- Starting Data Quality Checks ---
2026-04-28 18:05:06,846 - INFO - --- Data Quality Checks Complete ---

2026-04-28 18:05:06,873 - INFO - | Metric | Statistics |
| :--- | :--- |
| 💰 **Total Market Value** | **$12,823.21** |
| 📦 **Total Games Collected** | 666 |
| 🏷️ **Average Retail Price** | $22.39 per game |
| 💎 **Most Expensive Title** | Civilization 6 Platinum Edition ($79.99) |
| 👑 **MVP Publisher** | Bethesda Softworks |
| 🏢 **Value Leaders** | 2K ($579.90), Bethesda Softworks ($544.80), Paradox Interactive ($409.89) |
| 📈 **Inflation-Adjusted Value** | $14,620.45 |
| 🎈 **Inflation Bonus** | **+$1,797.24** in purchasing power |
| 🗓️ **Peak Saving Month** | 🎄 **Seasonality Peak:** December is historically the best month, offering $3,388.17 in savings. |
| ⭐ **Average Score** | 76.8/100 |
| 💳 **Subscription Equivalent** | **$169.46 / mo** |
| 🎯 **Prestige Ratio** | **2.0%** (Strategic Hype) |
| 🏎️ **Lead Time Avg** | 447 Days to Sequel |

2026-04-28 18:05:06,874 - INFO - ✅ README.md updated.
2026-04-28 18:05:06,896 - INFO - Using categorical units to plot a list of strings that are all parsable as floats or dates. If these strings should be plotted as numbers, cast to the appropriate data type before plotting.
2026-04-28 18:05:06,897 - INFO - Using categorical units to plot a list of strings that are all parsable as floats or dates. If these strings should be plotted as numbers, cast to the appropriate data type before plotting.
2026-04-28 18:05:11,848 - INFO - 📈 All charts generated successfully.
