2026-06-19 18:15:43,504 - INFO - Failed to extract font properties from /usr/share/fonts/truetype/noto/NotoColorEmoji.ttf: Non-scalable fonts are not supported
2026-06-19 18:15:43,550 - INFO - generated new fontManager
2026-06-19 18:15:43,889 - INFO - ✅ Migration Successful!
2026-06-19 18:15:43,982 - INFO - No new games found.
2026-06-19 18:15:44,519 - INFO - 🔍 Found 605 games needing metadata. Starting IGDB + Steam + CheapShark enrichment...
2026-06-19 18:15:44,586 - INFO - 📅 Fetching Basic Metadata: LEGO Batman Trilogy
2026-06-19 18:15:44,875 - INFO - 🎯 IGDB Match: 'LEGO Batman Trilogy' (100%)
2026-06-19 18:15:44,904 - INFO - 📅 Fetching Basic Metadata: Antstream
2026-06-19 18:15:45,106 - INFO - 📅 Fetching Basic Metadata: The Drone Racing League Simulator
2026-06-19 18:15:45,346 - INFO - 🎯 IGDB Match: 'The Drone Racing League Simulator' (100%)
2026-06-19 18:15:45,354 - INFO - 📅 Fetching Basic Metadata: Dark Deity
2026-06-19 18:15:45,574 - INFO - 🎯 IGDB Match: 'Dark Deity' (100%)
2026-06-19 18:15:45,581 - INFO - 📅 Fetching Basic Metadata: RPG in a Box
2026-06-19 18:15:45,679 - INFO - 🎯 IGDB Match: 'RPG in a Box' (100%)
2026-06-19 18:15:45,686 - INFO - 📅 Fetching Basic Metadata: Fallout Classic Collection
2026-06-19 18:15:45,840 - INFO - 🎯 IGDB Match: 'Fallout Classic Collection' (100%)
2026-06-19 18:15:45,849 - INFO - 📅 Fetching Basic Metadata: Recipe for Disaster
2026-06-19 18:15:45,957 - INFO - 🎯 IGDB Match: 'Recipe For Disaster' (100%)
2026-06-19 18:15:45,964 - INFO - 📅 Fetching Basic Metadata: World of Warships — Starter Pack: Ishizuchi
2026-06-19 18:15:46,084 - INFO - 🎯 IGDB Match: 'World of Warships: Starter Pack - Ishizuchi' (98%)
2026-06-19 18:15:46,091 - INFO - 📅 Fetching Basic Metadata: Poker Club
2026-06-19 18:15:46,271 - INFO - 🎯 IGDB Match: 'Poker Club' (100%)
2026-06-19 18:15:46,278 - INFO - 📅 Fetching Basic Metadata: The Sims 4 The Daring Lifestyle Bundle
2026-06-19 18:15:46,376 - INFO - 🎯 IGDB Match: 'The Sims 4: The Daring Lifestyle Bundle' (99%)
2026-06-19 18:15:46,385 - INFO - 📅 Fetching Basic Metadata: Dodo Peak
2026-06-19 18:15:46,545 - INFO - 🎯 IGDB Match: 'Dodo Peak' (100%)
2026-06-19 18:15:46,552 - INFO - 📅 Fetching Basic Metadata: Spelldrifter
2026-06-19 18:15:46,742 - INFO - 🎯 IGDB Match: 'Spelldrifter' (100%)
2026-06-19 18:15:46,749 - INFO - 📅 Fetching Basic Metadata: Model Builder
2026-06-19 18:15:47,013 - INFO - 🎯 IGDB Match: 'Model Builder' (100%)
2026-06-19 18:15:47,020 - INFO - 📅 Fetching Basic Metadata: Godlike Burger
2026-06-19 18:15:47,114 - INFO - 🎯 IGDB Match: 'Godlike Burger' (100%)
2026-06-19 18:15:47,120 - INFO - 📅 Fetching Basic Metadata: Q.U.B.E. Ultimate Bundle
2026-06-19 18:15:47,213 - INFO - 🎯 IGDB Match: 'Q.U.B.E. Ultimate Bundle' (100%)
2026-06-19 18:15:47,221 - INFO - 📅 Fetching Basic Metadata: Jitsu Squad
2026-06-19 18:15:47,317 - INFO - 🎯 IGDB Match: 'Jitsu Squad' (100%)
2026-06-19 18:15:47,323 - INFO - 📅 Fetching Basic Metadata: Mighty Fight Federation
2026-06-19 18:15:47,500 - INFO - 🎯 IGDB Match: 'Mighty Fight Federation' (100%)
2026-06-19 18:15:47,511 - INFO - 📅 Fetching Basic Metadata: LOVE
2026-06-19 18:15:47,668 - INFO - 🎯 IGDB Match: 'Love Love Love' (90%)
2026-06-19 18:15:47,677 - INFO - 📅 Fetching Basic Metadata: Call of The Wild: The Angler
2026-06-19 18:15:47,764 - WARNING - IGDB Error for Call of The Wild: The Angler: string indices must be integers, not 'str'
2026-06-19 18:15:47,773 - INFO - 📅 Fetching Basic Metadata: The Falconeer
2026-06-19 18:15:47,953 - INFO - 🎯 IGDB Match: 'The Falconeer: The Hunter' (90%)
2026-06-19 18:15:47,961 - INFO - 📅 Fetching Basic Metadata: Rawmen: Food Fighter Arena
2026-06-19 18:15:48,223 - INFO - 🎯 IGDB Match: 'Rawmen' (90%)
2026-06-19 18:15:48,230 - INFO - 📅 Fetching Basic Metadata: World of Warships – Starter Pack: Albany
2026-06-19 18:15:48,331 - INFO - 📅 Fetching Basic Metadata: Fallout Classic Edition
2026-06-19 18:15:48,439 - INFO - 📅 Fetching Basic Metadata: Outliver: Tribulation
2026-06-19 18:15:48,532 - INFO - 🎯 IGDB Match: 'Outliver: Tribulation' (100%)
2026-06-19 18:15:48,541 - INFO - 📅 Fetching Basic Metadata: Bus Simulator 21 Next Stop
2026-06-19 18:15:48,635 - INFO - 🎯 IGDB Match: 'Bus Simulator 21: Next Stop' (98%)
2026-06-19 18:15:48,644 - INFO - 📅 Fetching Basic Metadata: Turmoil
2026-06-19 18:15:48,792 - WARNING - IGDB Error for Turmoil: string indices must be integers, not 'str'
2026-06-19 18:15:48,800 - INFO - 📅 Fetching Basic Metadata: World War Z Aftermath
2026-06-19 18:15:48,881 - WARNING - IGDB Error for World War Z Aftermath: string indices must be integers, not 'str'
2026-06-19 18:15:48,888 - INFO - 📅 Fetching Basic Metadata: World Of Warships – Anniversary Party Flavor
2026-06-19 18:15:48,971 - WARNING - IGDB Error for World Of Warships – Anniversary Party Flavor: string indices must be integers, not 'str'
2026-06-19 18:15:48,978 - INFO - 📅 Fetching Basic Metadata: Neko Ghost, Jump!
2026-06-19 18:15:49,145 - WARNING - IGDB Error for Neko Ghost, Jump!: string indices must be integers, not 'str'
2026-06-19 18:15:49,152 - INFO - 📅 Fetching Basic Metadata: Super Space Club
2026-06-19 18:15:49,235 - WARNING - IGDB Error for Super Space Club: string indices must be integers, not 'str'
2026-06-19 18:15:49,242 - INFO - 📅 Fetching Basic Metadata: Touch Type Tale
2026-06-19 18:15:49,324 - WARNING - IGDB Error for Touch Type Tale: string indices must be integers, not 'str'
2026-06-19 18:15:49,331 - INFO - 📅 Fetching Basic Metadata: Gigapocalypse
2026-06-19 18:15:49,413 - WARNING - IGDB Error for Gigapocalypse: string indices must be integers, not 'str'
2026-06-19 18:15:49,421 - INFO - 📅 Fetching Basic Metadata: Legion TD2
2026-06-19 18:15:49,505 - WARNING - IGDB Error for Legion TD2: string indices must be integers, not 'str'
2026-06-19 18:15:49,515 - INFO - 📅 Fetching Basic Metadata: Nightingale
2026-06-19 18:15:49,683 - WARNING - IGDB Error for Nightingale: string indices must be integers, not 'str'
2026-06-19 18:15:49,691 - INFO - 📅 Fetching Basic Metadata: Godzilla Voxel Wars
2026-06-19 18:15:49,934 - INFO - 🎯 IGDB Match: 'Godzilla Voxel Wars' (100%)
2026-06-19 18:15:49,943 - INFO - 📅 Fetching Basic Metadata: Trine Classic Collection
2026-06-19 18:15:50,043 - INFO - 🎯 IGDB Match: 'Trine Classic Collection' (100%)
2026-06-19 18:15:50,051 - INFO - 📅 Fetching Basic Metadata: Poison Retro Set
2026-06-19 18:15:50,149 - INFO - 🎯 IGDB Match: 'Pixel Gun 3D: Poison Retro Set' (90%)
2026-06-19 18:15:50,156 - INFO - 📅 Fetching Basic Metadata: The Darkside Detective A Fumble in the Dark
2026-06-19 18:15:50,252 - INFO - 🎯 IGDB Match: 'The Darkside Detective: A Fumble in the Dark' (99%)
2026-06-19 18:15:50,259 - INFO - 📅 Fetching Basic Metadata: Return to Ash
2026-06-19 18:15:50,353 - INFO - 🎯 IGDB Match: 'Return to Ash' (100%)
2026-06-19 18:15:50,359 - INFO - 🏢 Publisher Search: STALCRAFT: X Starter Edition
2026-06-19 18:15:51,678 - INFO - 📅 Fetching Basic Metadata: STALCRAFT: X Starter Edition
2026-06-19 18:15:51,782 - INFO - 📅 Fetching Basic Metadata: Boxes: Lost Fragments
2026-06-19 18:15:51,880 - INFO - 🎯 IGDB Match: 'Boxes: Lost Fragments' (100%)
2026-06-19 18:15:51,886 - INFO - 📅 Fetching Basic Metadata: My Night Job
2026-06-19 18:15:51,977 - INFO - 🎯 IGDB Match: 'My Night Job' (100%)
2026-06-19 18:15:51,984 - INFO - 📅 Fetching Basic Metadata: Electrician Simulator
2026-06-19 18:15:52,077 - INFO - 🎯 IGDB Match: 'Electrician Simulator' (100%)
2026-06-19 18:15:52,084 - INFO - 🏢 Publisher Search: World of Warships — Epic Anniversary Tachibana Pack
2026-06-19 18:15:53,405 - INFO - 📅 Fetching Basic Metadata: World of Warships — Epic Anniversary Tachibana Pack
2026-06-19 18:15:53,508 - INFO - 📅 Fetching Basic Metadata: Hyper Echelon
2026-06-19 18:15:53,601 - INFO - 🎯 IGDB Match: 'Hyper Echelon' (100%)
2026-06-19 18:15:53,607 - INFO - 📅 Fetching Basic Metadata: Havendock
2026-06-19 18:15:53,702 - INFO - 🎯 IGDB Match: 'Havendock' (100%)
2026-06-19 18:15:53,708 - INFO - 📅 Fetching Basic Metadata: Clone Drone in the Danger Zone
2026-06-19 18:15:53,802 - INFO - 🎯 IGDB Match: 'Clone Drone in the Danger Zone' (100%)
2026-06-19 18:15:53,808 - INFO - 🏢 Publisher Search: TOMAK: Save the Earth Regeneration
2026-06-19 18:15:55,127 - INFO - 📅 Fetching Basic Metadata: TOMAK: Save the Earth Regeneration
2026-06-19 18:15:55,421 - INFO - 🎯 IGDB Match: 'Tomak: Save the Earth Regeneration' (100%)
2026-06-19 18:15:55,427 - INFO - 📅 Fetching Basic Metadata: Prop Sumo
2026-06-19 18:15:55,521 - INFO - 🎯 IGDB Match: 'Prop Sumo' (100%)
2026-06-19 18:15:55,528 - INFO - 📅 Fetching Basic Metadata: The Stone of Madness
2026-06-19 18:15:55,621 - INFO - 🎯 IGDB Match: 'The Stone of Madness' (100%)
2026-06-19 18:15:55,628 - INFO - 📅 Fetching Basic Metadata: Firestone Online Idle RPG
2026-06-19 18:15:55,820 - INFO - 🎯 IGDB Match: 'Firestone: Online Idle RPG' (98%)
2026-06-19 18:15:55,827 - INFO - 📅 Fetching Basic Metadata: Oddsparks: An Automation Adventure
2026-06-19 18:15:56,029 - INFO - 🎯 IGDB Match: 'Oddsparks: An Automation Adventure' (100%)
2026-06-19 18:15:56,036 - INFO - 📅 Fetching Basic Metadata: Trash Goblin
2026-06-19 18:15:56,224 - INFO - 🎯 IGDB Match: 'Trash Goblin' (100%)
2026-06-19 18:15:56,231 - INFO - 🏢 Publisher Search: The Telltale Batman Shadows Edition
2026-06-19 18:15:57,581 - INFO - 📅 Fetching Basic Metadata: The Telltale Batman Shadows Edition
2026-06-19 18:15:57,686 - INFO - 🎯 IGDB Match: 'Telltale Batman Shadows Edition' (95%)
2026-06-19 18:15:57,692 - INFO - 🏢 Publisher Search: Sunderfolk - Standard Edition
2026-06-19 18:15:59,100 - INFO - 📅 Fetching Basic Metadata: Sunderfolk - Standard Edition
2026-06-19 18:15:59,285 - INFO - 📅 Fetching Basic Metadata: Down in Bermuda
2026-06-19 18:15:59,476 - INFO - 🎯 IGDB Match: 'Down in Bermuda' (100%)
2026-06-19 18:15:59,483 - INFO - 📅 Fetching Basic Metadata: Tomb Raider I-III Remastered Starring Lara Croft
2026-06-19 18:15:59,585 - INFO - 📅 Fetching Basic Metadata: LONESTAR
2026-06-19 18:15:59,773 - INFO - 🎯 IGDB Match: 'LoneStar' (100%)
2026-06-19 18:15:59,780 - INFO - 📅 Fetching Basic Metadata: Calico
2026-06-19 18:15:59,903 - INFO - 🎯 IGDB Match: 'Calico' (100%)
2026-06-19 18:15:59,909 - INFO - 📅 Fetching Basic Metadata: Rogue Waters
2026-06-19 18:16:00,002 - INFO - 🎯 IGDB Match: 'Rogue Waters' (100%)
2026-06-19 18:16:00,009 - INFO - 📅 Fetching Basic Metadata: The Ouroboros King
2026-06-19 18:16:00,104 - INFO - 🎯 IGDB Match: 'The Ouroboros King' (100%)
2026-06-19 18:16:00,111 - INFO - 🏢 Publisher Search: Warhammer 40K Speed Freeks
2026-06-19 18:16:01,496 - INFO - 
--- Starting Data Quality Checks ---
2026-06-19 18:16:01,510 - INFO - --- Data Quality Checks Complete ---

2026-06-19 18:16:01,546 - INFO - | Metric | Statistics |
| :--- | :--- |
| 💰 **Total Market Value** | **$13,148.07** |
| 📦 **Total Games Collected** | 682 |
| 🏷️ **Average Retail Price** | $22.34 per game |
| 💎 **Most Expensive Title** | Civilization 6 Platinum Edition ($79.99) |
| 👑 **MVP Publisher** | Bethesda Softworks |
| 🏢 **Value Leaders** | 2K ($579.90), Bethesda Softworks ($544.80), Paradox Interactive ($409.89) |
| 📈 **Inflation-Adjusted Value** | $14,945.31 |
| 🎈 **Inflation Bonus** | **+$1,797.24** in purchasing power |
| 🗓️ **Peak Saving Month** | 🎄 **Seasonality Peak:** December is historically the best month, offering $3,388.17 in savings. |
| ⭐ **Average Score** | 76.8/100 |
| 💳 **Subscription Equivalent** | **$169.31 / mo** |
| 🎯 **Prestige Ratio** | **2.1%** (Strategic Hype) |
| 🏎️ **Lead Time Avg** | 441 Days to Sequel |

2026-06-19 18:16:01,546 - INFO - ✅ README.md updated.
2026-06-19 18:16:01,578 - INFO - Using categorical units to plot a list of strings that are all parsable as floats or dates. If these strings should be plotted as numbers, cast to the appropriate data type before plotting.
2026-06-19 18:16:01,579 - INFO - Using categorical units to plot a list of strings that are all parsable as floats or dates. If these strings should be plotted as numbers, cast to the appropriate data type before plotting.
2026-06-19 18:16:07,930 - INFO - 📈 All charts generated successfully.
