2026-05-06 17:59:18,895 - INFO - Failed to extract font properties from /usr/share/fonts/truetype/noto/NotoColorEmoji.ttf: Can not load face (unknown file format; error code 0x2)
2026-05-06 17:59:18,977 - INFO - generated new fontManager
2026-05-06 17:59:19,296 - INFO - ✅ Migration Successful!
2026-05-06 17:59:19,447 - INFO - No new games found.
2026-05-06 17:59:20,108 - INFO - 🔍 Found 592 games needing metadata. Starting IGDB + Steam + CheapShark enrichment...
2026-05-06 17:59:20,152 - INFO - 📅 Fetching Basic Metadata: LEGO Batman Trilogy
2026-05-06 17:59:20,590 - INFO - 🎯 IGDB Match: 'LEGO Batman Trilogy' (100%)
2026-05-06 17:59:20,618 - INFO - 📅 Fetching Basic Metadata: Antstream
2026-05-06 17:59:20,955 - INFO - 📅 Fetching Basic Metadata: The Drone Racing League Simulator
2026-05-06 17:59:21,084 - INFO - 🎯 IGDB Match: 'The Drone Racing League Simulator' (100%)
2026-05-06 17:59:21,092 - INFO - 📅 Fetching Basic Metadata: Dark Deity
2026-05-06 17:59:21,314 - INFO - 🎯 IGDB Match: 'Dark Deity' (100%)
2026-05-06 17:59:21,321 - INFO - 📅 Fetching Basic Metadata: RPG in a Box
2026-05-06 17:59:21,562 - INFO - 🎯 IGDB Match: 'RPG in a Box' (100%)
2026-05-06 17:59:21,569 - INFO - 📅 Fetching Basic Metadata: Fallout Classic Collection
2026-05-06 17:59:21,695 - INFO - 🎯 IGDB Match: 'Fallout Classic Collection' (100%)
2026-05-06 17:59:21,704 - INFO - 📅 Fetching Basic Metadata: Recipe for Disaster
2026-05-06 17:59:21,841 - INFO - 🎯 IGDB Match: 'Recipe For Disaster' (100%)
2026-05-06 17:59:21,848 - INFO - 📅 Fetching Basic Metadata: World of Warships — Starter Pack: Ishizuchi
2026-05-06 17:59:22,055 - INFO - 🎯 IGDB Match: 'World of Warships: Starter Pack - Ishizuchi' (98%)
2026-05-06 17:59:22,063 - INFO - 📅 Fetching Basic Metadata: Poker Club
2026-05-06 17:59:22,273 - INFO - 🎯 IGDB Match: 'Poker Club' (100%)
2026-05-06 17:59:22,280 - INFO - 📅 Fetching Basic Metadata: The Sims 4 The Daring Lifestyle Bundle
2026-05-06 17:59:22,586 - INFO - 🎯 IGDB Match: 'The Sims 4: The Daring Lifestyle Bundle' (99%)
2026-05-06 17:59:22,595 - INFO - 📅 Fetching Basic Metadata: Dodo Peak
2026-05-06 17:59:22,865 - INFO - 🎯 IGDB Match: 'Dodo Peak' (100%)
2026-05-06 17:59:22,872 - INFO - 📅 Fetching Basic Metadata: Spelldrifter
2026-05-06 17:59:23,105 - INFO - 🎯 IGDB Match: 'Spelldrifter' (100%)
2026-05-06 17:59:23,112 - INFO - 📅 Fetching Basic Metadata: Model Builder
2026-05-06 17:59:23,325 - INFO - 🎯 IGDB Match: 'Model Builder' (100%)
2026-05-06 17:59:23,331 - INFO - 📅 Fetching Basic Metadata: Godlike Burger
2026-05-06 17:59:23,546 - INFO - 🎯 IGDB Match: 'Godlike Burger' (100%)
2026-05-06 17:59:23,553 - INFO - 📅 Fetching Basic Metadata: Q.U.B.E. Ultimate Bundle
2026-05-06 17:59:23,933 - INFO - 🎯 IGDB Match: 'Q.U.B.E. Ultimate Bundle' (100%)
2026-05-06 17:59:23,941 - INFO - 📅 Fetching Basic Metadata: Jitsu Squad
2026-05-06 17:59:24,155 - INFO - 🎯 IGDB Match: 'Jitsu Squad' (100%)
2026-05-06 17:59:24,162 - INFO - 📅 Fetching Basic Metadata: Mighty Fight Federation
2026-05-06 17:59:24,269 - INFO - 🎯 IGDB Match: 'Mighty Fight Federation' (100%)
2026-05-06 17:59:24,279 - INFO - 📅 Fetching Basic Metadata: LOVE
2026-05-06 17:59:24,440 - INFO - 🎯 IGDB Match: 'Love Love Love' (90%)
2026-05-06 17:59:24,449 - INFO - 📅 Fetching Basic Metadata: Call of The Wild: The Angler
2026-05-06 17:59:24,695 - INFO - 🎯 IGDB Match: 'Call of the Wild: The Angler' (100%)
2026-05-06 17:59:24,704 - INFO - 📅 Fetching Basic Metadata: The Falconeer
2026-05-06 17:59:24,820 - INFO - 🎯 IGDB Match: 'The Falconeer: The Hunter' (90%)
2026-05-06 17:59:24,827 - INFO - 📅 Fetching Basic Metadata: Rawmen: Food Fighter Arena
2026-05-06 17:59:25,056 - INFO - 🎯 IGDB Match: 'Rawmen' (90%)
2026-05-06 17:59:25,064 - INFO - 📅 Fetching Basic Metadata: World of Warships – Starter Pack: Albany
2026-05-06 17:59:25,261 - INFO - 📅 Fetching Basic Metadata: Fallout Classic Edition
2026-05-06 17:59:25,502 - INFO - 📅 Fetching Basic Metadata: Outliver: Tribulation
2026-05-06 17:59:25,644 - INFO - 🎯 IGDB Match: 'Outliver: Tribulation' (100%)
2026-05-06 17:59:25,653 - INFO - 📅 Fetching Basic Metadata: Bus Simulator 21 Next Stop
2026-05-06 17:59:25,917 - INFO - 🎯 IGDB Match: 'Bus Simulator 21: Next Stop' (98%)
2026-05-06 17:59:25,926 - INFO - 📅 Fetching Basic Metadata: Turmoil
2026-05-06 17:59:26,104 - INFO - 🎯 IGDB Match: 'Turmoil' (100%)
2026-05-06 17:59:26,112 - INFO - 📅 Fetching Basic Metadata: World War Z Aftermath
2026-05-06 17:59:26,326 - INFO - 🎯 IGDB Match: 'World War Z: Aftermath' (98%)
2026-05-06 17:59:26,333 - INFO - 📅 Fetching Basic Metadata: World Of Warships – Anniversary Party Flavor
2026-05-06 17:59:26,460 - INFO - 📅 Fetching Basic Metadata: Neko Ghost, Jump!
2026-05-06 17:59:26,576 - INFO - 🎯 IGDB Match: 'Neko Ghost, Jump!' (100%)
2026-05-06 17:59:26,584 - INFO - 📅 Fetching Basic Metadata: Super Space Club
2026-05-06 17:59:26,699 - INFO - 🎯 IGDB Match: 'Super Space Club' (100%)
2026-05-06 17:59:26,706 - INFO - 📅 Fetching Basic Metadata: Touch Type Tale
2026-05-06 17:59:26,828 - INFO - 🎯 IGDB Match: 'Touch Type Tale' (100%)
2026-05-06 17:59:26,835 - INFO - 📅 Fetching Basic Metadata: Gigapocalypse
2026-05-06 17:59:26,991 - INFO - 🎯 IGDB Match: 'Gigapocalypse' (100%)
2026-05-06 17:59:27,000 - INFO - 📅 Fetching Basic Metadata: Legion TD2
2026-05-06 17:59:27,136 - INFO - 📅 Fetching Basic Metadata: Nightingale
2026-05-06 17:59:27,253 - INFO - 🎯 IGDB Match: 'Nightingale' (100%)
2026-05-06 17:59:27,261 - INFO - 📅 Fetching Basic Metadata: Godzilla Voxel Wars
2026-05-06 17:59:27,450 - INFO - 🎯 IGDB Match: 'Godzilla Voxel Wars' (100%)
2026-05-06 17:59:27,459 - INFO - 📅 Fetching Basic Metadata: Trine Classic Collection
2026-05-06 17:59:27,578 - INFO - 🎯 IGDB Match: 'Trine Classic Collection' (100%)
2026-05-06 17:59:27,586 - INFO - 📅 Fetching Basic Metadata: Poison Retro Set
2026-05-06 17:59:27,794 - INFO - 🎯 IGDB Match: 'Pixel Gun 3D: Poison Retro Set' (90%)
2026-05-06 17:59:27,800 - INFO - 📅 Fetching Basic Metadata: The Darkside Detective A Fumble in the Dark
2026-05-06 17:59:28,016 - INFO - 🎯 IGDB Match: 'The Darkside Detective: A Fumble in the Dark' (99%)
2026-05-06 17:59:28,023 - INFO - 📅 Fetching Basic Metadata: Return to Ash
2026-05-06 17:59:28,141 - INFO - 🎯 IGDB Match: 'Return to Ash' (100%)
2026-05-06 17:59:28,148 - INFO - 🏢 Publisher Search: STALCRAFT: X Starter Edition
2026-05-06 17:59:29,494 - INFO - 📅 Fetching Basic Metadata: STALCRAFT: X Starter Edition
2026-05-06 17:59:29,618 - INFO - 📅 Fetching Basic Metadata: Boxes: Lost Fragments
2026-05-06 17:59:29,737 - INFO - 🎯 IGDB Match: 'Boxes: Lost Fragments' (100%)
2026-05-06 17:59:29,744 - INFO - 📅 Fetching Basic Metadata: My Night Job
2026-05-06 17:59:29,865 - INFO - 🎯 IGDB Match: 'My Night Job' (100%)
2026-05-06 17:59:29,872 - INFO - 📅 Fetching Basic Metadata: Electrician Simulator
2026-05-06 17:59:29,987 - INFO - 🎯 IGDB Match: 'Electrician Simulator' (100%)
2026-05-06 17:59:29,993 - INFO - 🏢 Publisher Search: World of Warships — Epic Anniversary Tachibana Pack
2026-05-06 17:59:31,382 - INFO - 📅 Fetching Basic Metadata: World of Warships — Epic Anniversary Tachibana Pack
2026-05-06 17:59:31,580 - INFO - 📅 Fetching Basic Metadata: Hyper Echelon
2026-05-06 17:59:31,729 - INFO - 🎯 IGDB Match: 'Hyper Echelon' (100%)
2026-05-06 17:59:31,736 - INFO - 📅 Fetching Basic Metadata: Havendock
2026-05-06 17:59:31,855 - INFO - 🎯 IGDB Match: 'Havendock' (100%)
2026-05-06 17:59:31,861 - INFO - 📅 Fetching Basic Metadata: Clone Drone in the Danger Zone
2026-05-06 17:59:32,014 - INFO - 🎯 IGDB Match: 'Clone Drone in the Danger Zone' (100%)
2026-05-06 17:59:32,020 - INFO - 🏢 Publisher Search: TOMAK: Save the Earth Regeneration
2026-05-06 17:59:33,365 - INFO - 📅 Fetching Basic Metadata: TOMAK: Save the Earth Regeneration
2026-05-06 17:59:33,478 - INFO - 🎯 IGDB Match: 'Tomak: Save the Earth Regeneration' (100%)
2026-05-06 17:59:33,484 - INFO - 📅 Fetching Basic Metadata: Prop Sumo
2026-05-06 17:59:33,718 - INFO - 🎯 IGDB Match: 'Prop Sumo' (100%)
2026-05-06 17:59:33,726 - INFO - 📅 Fetching Basic Metadata: The Stone of Madness
2026-05-06 17:59:33,841 - INFO - 🎯 IGDB Match: 'The Stone of Madness' (100%)
2026-05-06 17:59:33,847 - INFO - 📅 Fetching Basic Metadata: Firestone Online Idle RPG
2026-05-06 17:59:33,968 - INFO - 🎯 IGDB Match: 'Firestone: Online Idle RPG' (98%)
2026-05-06 17:59:33,975 - INFO - 📅 Fetching Basic Metadata: Oddsparks: An Automation Adventure
2026-05-06 17:59:34,133 - INFO - 🎯 IGDB Match: 'Oddsparks: An Automation Adventure' (100%)
2026-05-06 17:59:34,144 - INFO - 
--- Starting Data Quality Checks ---
2026-05-06 17:59:34,158 - INFO - --- Data Quality Checks Complete ---

2026-05-06 17:59:34,187 - INFO - | Metric | Statistics |
| :--- | :--- |
| 💰 **Total Market Value** | **$12,853.20** |
| 📦 **Total Games Collected** | 668 |
| 🏷️ **Average Retail Price** | $22.37 per game |
| 💎 **Most Expensive Title** | Civilization 6 Platinum Edition ($79.99) |
| 👑 **MVP Publisher** | Bethesda Softworks |
| 🏢 **Value Leaders** | 2K ($579.90), Bethesda Softworks ($544.80), Paradox Interactive ($409.89) |
| 📈 **Inflation-Adjusted Value** | $14,650.44 |
| 🎈 **Inflation Bonus** | **+$1,797.24** in purchasing power |
| 🗓️ **Peak Saving Month** | 🎄 **Seasonality Peak:** December is historically the best month, offering $3,388.17 in savings. |
| ⭐ **Average Score** | 76.8/100 |
| 💳 **Subscription Equivalent** | **$169.81 / mo** |
| 🎯 **Prestige Ratio** | **1.9%** (Strategic Hype) |
| 🏎️ **Lead Time Avg** | 447 Days to Sequel |

2026-05-06 17:59:34,187 - INFO - ✅ README.md updated.
2026-05-06 17:59:34,211 - INFO - Using categorical units to plot a list of strings that are all parsable as floats or dates. If these strings should be plotted as numbers, cast to the appropriate data type before plotting.
2026-05-06 17:59:34,212 - INFO - Using categorical units to plot a list of strings that are all parsable as floats or dates. If these strings should be plotted as numbers, cast to the appropriate data type before plotting.
2026-05-06 17:59:39,883 - INFO - 📈 All charts generated successfully.
