2026-02-22 16:56:20,421 - INFO - Failed to extract font properties from /usr/share/fonts/truetype/noto/NotoColorEmoji.ttf: Can not load face (unknown file format; error code 0x2)
2026-02-22 16:56:20,715 - INFO - generated new fontManager
2026-02-22 16:56:21,024 - INFO - ✅ Migration Successful!
2026-02-22 16:56:21,186 - INFO - No new games found.
2026-02-22 16:56:21,668 - INFO - 🔍 Found 575 games needing metadata. Starting IGDB + Steam + CheapShark enrichment...
2026-02-22 16:56:21,740 - INFO - 📅 Fetching Basic Metadata: LEGO Batman Trilogy
2026-02-22 16:56:22,248 - INFO - 🎯 IGDB Match: 'LEGO Batman Trilogy' (100%)
2026-02-22 16:56:22,276 - INFO - 📅 Fetching Basic Metadata: Antstream
2026-02-22 16:56:22,489 - INFO - 📅 Fetching Basic Metadata: The Drone Racing League Simulator
2026-02-22 16:56:22,726 - INFO - 🎯 IGDB Match: 'The Drone Racing League Simulator' (100%)
2026-02-22 16:56:22,733 - INFO - 📅 Fetching Basic Metadata: Dark Deity
2026-02-22 16:56:22,896 - INFO - 🎯 IGDB Match: 'Dark Deity' (100%)
2026-02-22 16:56:22,902 - INFO - 📅 Fetching Basic Metadata: RPG in a Box
2026-02-22 16:56:23,138 - INFO - 🎯 IGDB Match: 'RPG in a Box' (100%)
2026-02-22 16:56:23,145 - INFO - 📅 Fetching Basic Metadata: Fallout Classic Collection
2026-02-22 16:56:23,320 - INFO - 🎯 IGDB Match: 'Fallout Classic Collection' (100%)
2026-02-22 16:56:23,328 - INFO - 📅 Fetching Basic Metadata: Recipe for Disaster
2026-02-22 16:56:23,595 - INFO - 🎯 IGDB Match: 'Recipe for Disaster' (100%)
2026-02-22 16:56:23,601 - INFO - 📅 Fetching Basic Metadata: World of Warships — Starter Pack: Ishizuchi
2026-02-22 16:56:23,789 - INFO - 🎯 IGDB Match: 'World of Warships: Starter Pack - Ishizuchi' (98%)
2026-02-22 16:56:23,795 - INFO - 📅 Fetching Basic Metadata: Poker Club
2026-02-22 16:56:24,099 - INFO - 🎯 IGDB Match: 'Poker Club' (100%)
2026-02-22 16:56:24,105 - INFO - 📅 Fetching Basic Metadata: The Sims 4 The Daring Lifestyle Bundle
2026-02-22 16:56:24,293 - INFO - 🎯 IGDB Match: 'The Sims 4: The Daring Lifestyle Bundle' (99%)
2026-02-22 16:56:24,301 - INFO - 📅 Fetching Basic Metadata: Dodo Peak
2026-02-22 16:56:24,513 - INFO - 🎯 IGDB Match: 'Dodo Peak' (100%)
2026-02-22 16:56:24,519 - INFO - 📅 Fetching Basic Metadata: Spelldrifter
2026-02-22 16:56:24,724 - INFO - 🎯 IGDB Match: 'Spelldrifter' (100%)
2026-02-22 16:56:24,730 - INFO - 📅 Fetching Basic Metadata: Model Builder
2026-02-22 16:56:24,907 - INFO - 🎯 IGDB Match: 'Model Builder' (100%)
2026-02-22 16:56:24,913 - INFO - 📅 Fetching Basic Metadata: Godlike Burger
2026-02-22 16:56:25,107 - INFO - 🎯 IGDB Match: 'Godlike Burger' (100%)
2026-02-22 16:56:25,113 - INFO - 📅 Fetching Basic Metadata: Q.U.B.E. Ultimate Bundle
2026-02-22 16:56:25,283 - INFO - 🎯 IGDB Match: 'Q.U.B.E. Ultimate Bundle' (100%)
2026-02-22 16:56:25,290 - INFO - 📅 Fetching Basic Metadata: Jitsu Squad
2026-02-22 16:56:25,595 - INFO - 🎯 IGDB Match: 'Jitsu Squad' (100%)
2026-02-22 16:56:25,601 - INFO - 📅 Fetching Basic Metadata: Mighty Fight Federation
2026-02-22 16:56:25,794 - INFO - 🎯 IGDB Match: 'Mighty Fight Federation' (100%)
2026-02-22 16:56:25,803 - INFO - 📅 Fetching Basic Metadata: LOVE
2026-02-22 16:56:26,027 - INFO - 🎯 IGDB Match: 'Love Love Love' (90%)
2026-02-22 16:56:26,034 - INFO - 📅 Fetching Basic Metadata: Call of The Wild: The Angler
2026-02-22 16:56:26,224 - INFO - 🎯 IGDB Match: 'Call of the Wild: The Angler' (100%)
2026-02-22 16:56:26,232 - INFO - 📅 Fetching Basic Metadata: The Falconeer
2026-02-22 16:56:26,433 - INFO - 🎯 IGDB Match: 'The Falconeer: The Hunter' (90%)
2026-02-22 16:56:26,439 - INFO - 📅 Fetching Basic Metadata: Rawmen: Food Fighter Arena
2026-02-22 16:56:26,699 - INFO - 🎯 IGDB Match: 'Rawmen' (90%)
2026-02-22 16:56:26,705 - INFO - 📅 Fetching Basic Metadata: World of Warships – Starter Pack: Albany
2026-02-22 16:56:26,920 - INFO - 📅 Fetching Basic Metadata: Fallout Classic Edition
2026-02-22 16:56:27,148 - INFO - 📅 Fetching Basic Metadata: Outliver: Tribulation
2026-02-22 16:56:27,304 - INFO - 🎯 IGDB Match: 'Outliver: Tribulation' (100%)
2026-02-22 16:56:27,311 - INFO - 📅 Fetching Basic Metadata: Bus Simulator 21 Next Stop
2026-02-22 16:56:27,483 - INFO - 🎯 IGDB Match: 'Bus Simulator 21: Next Stop' (98%)
2026-02-22 16:56:27,490 - INFO - 📅 Fetching Basic Metadata: Turmoil
2026-02-22 16:56:27,672 - INFO - 🎯 IGDB Match: 'Turmoil' (100%)
2026-02-22 16:56:27,679 - INFO - 📅 Fetching Basic Metadata: World War Z Aftermath
2026-02-22 16:56:27,848 - INFO - 🎯 IGDB Match: 'World War Z: Aftermath' (98%)
2026-02-22 16:56:27,854 - INFO - 📅 Fetching Basic Metadata: World Of Warships – Anniversary Party Flavor
2026-02-22 16:56:28,081 - INFO - 📅 Fetching Basic Metadata: Neko Ghost, Jump!
2026-02-22 16:56:28,269 - INFO - 🎯 IGDB Match: 'Neko Ghost, Jump!' (100%)
2026-02-22 16:56:28,275 - INFO - 📅 Fetching Basic Metadata: Super Space Club
2026-02-22 16:56:28,460 - INFO - 🎯 IGDB Match: 'Super Space Club' (100%)
2026-02-22 16:56:28,466 - INFO - 📅 Fetching Basic Metadata: Touch Type Tale
2026-02-22 16:56:28,651 - INFO - 🎯 IGDB Match: 'Touch Type Tale' (100%)
2026-02-22 16:56:28,657 - INFO - 📅 Fetching Basic Metadata: Gigapocalypse
2026-02-22 16:56:28,833 - INFO - 🎯 IGDB Match: 'Gigapocalypse' (100%)
2026-02-22 16:56:28,840 - INFO - 📅 Fetching Basic Metadata: Legion TD2
2026-02-22 16:56:29,019 - INFO - 📅 Fetching Basic Metadata: Nightingale
2026-02-22 16:56:29,177 - INFO - 🎯 IGDB Match: 'Nightingale' (100%)
2026-02-22 16:56:29,185 - INFO - 📅 Fetching Basic Metadata: Godzilla Voxel Wars
2026-02-22 16:56:29,493 - INFO - 🎯 IGDB Match: 'Godzilla Voxel Wars' (100%)
2026-02-22 16:56:29,501 - INFO - 📅 Fetching Basic Metadata: Trine Classic Collection
2026-02-22 16:56:29,678 - INFO - 🎯 IGDB Match: 'Trine Classic Collection' (100%)
2026-02-22 16:56:29,685 - INFO - 📅 Fetching Basic Metadata: Poison Retro Set
2026-02-22 16:56:30,000 - INFO - 🎯 IGDB Match: 'Pixel Gun 3D: Poison Retro Set' (90%)
2026-02-22 16:56:30,006 - INFO - 📅 Fetching Basic Metadata: The Darkside Detective A Fumble in the Dark
2026-02-22 16:56:30,188 - INFO - 🎯 IGDB Match: 'The Darkside Detective: A Fumble in the Dark' (99%)
2026-02-22 16:56:30,194 - INFO - 📅 Fetching Basic Metadata: Return to Ash
2026-02-22 16:56:30,396 - INFO - 🎯 IGDB Match: 'Return to Ash' (100%)
2026-02-22 16:56:30,402 - INFO - 🏢 Publisher Search: STALCRAFT: X Starter Edition
2026-02-22 16:56:31,866 - INFO - 📅 Fetching Basic Metadata: STALCRAFT: X Starter Edition
2026-02-22 16:56:32,093 - INFO - 
--- Starting Data Quality Checks ---
2026-02-22 16:56:32,106 - INFO - --- Data Quality Checks Complete ---

2026-02-22 16:56:32,135 - INFO - | Metric | Statistics |
| :--- | :--- |
| 💰 **Total Market Value** | **$12,578.34** |
| 📦 **Total Games Collected** | 651 |
| 🏷️ **Average Retail Price** | $22.51 per game |
| 💎 **Most Expensive Title** | Civilization 6 Platinum Edition ($79.99) |
| 👑 **MVP Publisher** | Bethesda Softworks |
| 🏢 **Value Leaders** | 2K ($579.90), Bethesda Softworks ($544.80), Paradox Interactive ($409.89) |
| 📈 **Inflation-Adjusted Value** | $14,375.58 |
| 🎈 **Inflation Bonus** | **+$1,797.24** in purchasing power |
| 🗓️ **Peak Saving Month** | 🎄 **Seasonality Peak:** December is historically the best month, offering $3,388.17 in savings. |
| ⭐ **Average Score** | 76.7/100 |
| 💳 **Subscription Equivalent** | **$170.42 / mo** |
| 🎯 **Prestige Ratio** | **2.0%** (Strategic Hype) |
| 🏎️ **Lead Time Avg** | 447 Days to Sequel |

2026-02-22 16:56:32,135 - INFO - ✅ README.md updated.
2026-02-22 16:56:32,159 - INFO - Using categorical units to plot a list of strings that are all parsable as floats or dates. If these strings should be plotted as numbers, cast to the appropriate data type before plotting.
2026-02-22 16:56:32,160 - INFO - Using categorical units to plot a list of strings that are all parsable as floats or dates. If these strings should be plotted as numbers, cast to the appropriate data type before plotting.
2026-02-22 16:56:37,962 - INFO - 📈 All charts generated successfully.
