2026-03-12 17:26:33,773 - INFO - Failed to extract font properties from /usr/share/fonts/truetype/noto/NotoColorEmoji.ttf: Can not load face (unknown file format; error code 0x2)
2026-03-12 17:26:34,319 - INFO - generated new fontManager
2026-03-12 17:26:34,829 - INFO - ✅ Migration Successful!
2026-03-12 17:26:35,230 - INFO - Added 2 new games!
2026-03-12 17:26:35,557 - INFO - 🔍 Found 581 games needing metadata. Starting IGDB + Steam + CheapShark enrichment...
2026-03-12 17:26:35,653 - INFO - 📅 Fetching Basic Metadata: LEGO Batman Trilogy
2026-03-12 17:26:35,965 - INFO - 🎯 IGDB Match: 'LEGO Batman Trilogy' (100%)
2026-03-12 17:26:35,994 - INFO - 📅 Fetching Basic Metadata: Antstream
2026-03-12 17:26:36,098 - INFO - 📅 Fetching Basic Metadata: The Drone Racing League Simulator
2026-03-12 17:26:36,188 - INFO - 🎯 IGDB Match: 'The Drone Racing League Simulator' (100%)
2026-03-12 17:26:36,196 - INFO - 📅 Fetching Basic Metadata: Dark Deity
2026-03-12 17:26:36,293 - INFO - 🎯 IGDB Match: 'Dark Deity' (100%)
2026-03-12 17:26:36,305 - INFO - 📅 Fetching Basic Metadata: RPG in a Box
2026-03-12 17:26:36,394 - INFO - 🎯 IGDB Match: 'RPG in a Box' (100%)
2026-03-12 17:26:36,402 - INFO - 📅 Fetching Basic Metadata: Fallout Classic Collection
2026-03-12 17:26:36,516 - INFO - 🎯 IGDB Match: 'Fallout Classic Collection' (100%)
2026-03-12 17:26:36,524 - INFO - 📅 Fetching Basic Metadata: Recipe for Disaster
2026-03-12 17:26:36,653 - INFO - 🎯 IGDB Match: 'Recipe for Disaster' (100%)
2026-03-12 17:26:36,660 - INFO - 📅 Fetching Basic Metadata: World of Warships — Starter Pack: Ishizuchi
2026-03-12 17:26:36,735 - INFO - 🎯 IGDB Match: 'World of Warships: Starter Pack - Ishizuchi' (98%)
2026-03-12 17:26:36,743 - INFO - 📅 Fetching Basic Metadata: Poker Club
2026-03-12 17:26:36,880 - INFO - 🎯 IGDB Match: 'Poker Club' (100%)
2026-03-12 17:26:36,887 - INFO - 📅 Fetching Basic Metadata: The Sims 4 The Daring Lifestyle Bundle
2026-03-12 17:26:37,026 - INFO - 🎯 IGDB Match: 'The Sims 4: The Daring Lifestyle Bundle' (99%)
2026-03-12 17:26:37,035 - INFO - 📅 Fetching Basic Metadata: Dodo Peak
2026-03-12 17:26:37,109 - INFO - 🎯 IGDB Match: 'Dodo Peak' (100%)
2026-03-12 17:26:37,115 - INFO - 📅 Fetching Basic Metadata: Spelldrifter
2026-03-12 17:26:37,204 - INFO - 🎯 IGDB Match: 'Spelldrifter' (100%)
2026-03-12 17:26:37,211 - INFO - 📅 Fetching Basic Metadata: Model Builder
2026-03-12 17:26:37,289 - INFO - 🎯 IGDB Match: 'Model Builder' (100%)
2026-03-12 17:26:37,295 - INFO - 📅 Fetching Basic Metadata: Godlike Burger
2026-03-12 17:26:37,411 - INFO - 🎯 IGDB Match: 'Godlike Burger' (100%)
2026-03-12 17:26:37,417 - INFO - 📅 Fetching Basic Metadata: Q.U.B.E. Ultimate Bundle
2026-03-12 17:26:37,501 - INFO - 🎯 IGDB Match: 'Q.U.B.E. Ultimate Bundle' (100%)
2026-03-12 17:26:37,509 - INFO - 📅 Fetching Basic Metadata: Jitsu Squad
2026-03-12 17:26:37,607 - INFO - 🎯 IGDB Match: 'Jitsu Squad' (100%)
2026-03-12 17:26:37,613 - INFO - 📅 Fetching Basic Metadata: Mighty Fight Federation
2026-03-12 17:26:37,755 - INFO - 🎯 IGDB Match: 'Mighty Fight Federation' (100%)
2026-03-12 17:26:37,764 - INFO - 📅 Fetching Basic Metadata: LOVE
2026-03-12 17:26:37,884 - INFO - 🎯 IGDB Match: 'Love Love Love' (90%)
2026-03-12 17:26:37,892 - INFO - 📅 Fetching Basic Metadata: Call of The Wild: The Angler
2026-03-12 17:26:37,973 - INFO - 🎯 IGDB Match: 'Call of the Wild: The Angler' (100%)
2026-03-12 17:26:37,982 - INFO - 📅 Fetching Basic Metadata: The Falconeer
2026-03-12 17:26:38,061 - INFO - 🎯 IGDB Match: 'The Falconeer: The Hunter' (90%)
2026-03-12 17:26:38,068 - INFO - 📅 Fetching Basic Metadata: Rawmen: Food Fighter Arena
2026-03-12 17:26:38,156 - INFO - 🎯 IGDB Match: 'Rawmen' (90%)
2026-03-12 17:26:38,162 - INFO - 📅 Fetching Basic Metadata: World of Warships – Starter Pack: Albany
2026-03-12 17:26:38,223 - WARNING - IGDB Error for World of Warships – Starter Pack: Albany: string indices must be integers, not 'str'
2026-03-12 17:26:38,229 - INFO - 📅 Fetching Basic Metadata: Fallout Classic Edition
2026-03-12 17:26:38,287 - WARNING - IGDB Error for Fallout Classic Edition: string indices must be integers, not 'str'
2026-03-12 17:26:38,295 - INFO - 📅 Fetching Basic Metadata: Outliver: Tribulation
2026-03-12 17:26:38,394 - WARNING - IGDB Error for Outliver: Tribulation: string indices must be integers, not 'str'
2026-03-12 17:26:38,402 - INFO - 📅 Fetching Basic Metadata: Bus Simulator 21 Next Stop
2026-03-12 17:26:38,504 - WARNING - IGDB Error for Bus Simulator 21 Next Stop: string indices must be integers, not 'str'
2026-03-12 17:26:38,513 - INFO - 📅 Fetching Basic Metadata: Turmoil
2026-03-12 17:26:38,574 - WARNING - IGDB Error for Turmoil: string indices must be integers, not 'str'
2026-03-12 17:26:38,582 - INFO - 📅 Fetching Basic Metadata: World War Z Aftermath
2026-03-12 17:26:38,659 - INFO - 🎯 IGDB Match: 'World War Z: Aftermath' (98%)
2026-03-12 17:26:38,666 - INFO - 📅 Fetching Basic Metadata: World Of Warships – Anniversary Party Flavor
2026-03-12 17:26:38,727 - WARNING - IGDB Error for World Of Warships – Anniversary Party Flavor: string indices must be integers, not 'str'
2026-03-12 17:26:38,734 - INFO - 📅 Fetching Basic Metadata: Neko Ghost, Jump!
2026-03-12 17:26:38,813 - WARNING - IGDB Error for Neko Ghost, Jump!: string indices must be integers, not 'str'
2026-03-12 17:26:38,820 - INFO - 📅 Fetching Basic Metadata: Super Space Club
2026-03-12 17:26:38,880 - WARNING - IGDB Error for Super Space Club: string indices must be integers, not 'str'
2026-03-12 17:26:38,887 - INFO - 📅 Fetching Basic Metadata: Touch Type Tale
2026-03-12 17:26:38,988 - WARNING - IGDB Error for Touch Type Tale: string indices must be integers, not 'str'
2026-03-12 17:26:38,995 - INFO - 📅 Fetching Basic Metadata: Gigapocalypse
2026-03-12 17:26:39,092 - WARNING - IGDB Error for Gigapocalypse: string indices must be integers, not 'str'
2026-03-12 17:26:39,100 - INFO - 📅 Fetching Basic Metadata: Legion TD2
2026-03-12 17:26:39,159 - WARNING - IGDB Error for Legion TD2: string indices must be integers, not 'str'
2026-03-12 17:26:39,168 - INFO - 📅 Fetching Basic Metadata: Nightingale
2026-03-12 17:26:39,226 - WARNING - IGDB Error for Nightingale: string indices must be integers, not 'str'
2026-03-12 17:26:39,235 - INFO - 📅 Fetching Basic Metadata: Godzilla Voxel Wars
2026-03-12 17:26:39,333 - WARNING - IGDB Error for Godzilla Voxel Wars: string indices must be integers, not 'str'
2026-03-12 17:26:39,342 - INFO - 📅 Fetching Basic Metadata: Trine Classic Collection
2026-03-12 17:26:39,401 - WARNING - IGDB Error for Trine Classic Collection: string indices must be integers, not 'str'
2026-03-12 17:26:39,408 - INFO - 📅 Fetching Basic Metadata: Poison Retro Set
2026-03-12 17:26:39,469 - WARNING - IGDB Error for Poison Retro Set: string indices must be integers, not 'str'
2026-03-12 17:26:39,476 - INFO - 📅 Fetching Basic Metadata: The Darkside Detective A Fumble in the Dark
2026-03-12 17:26:39,534 - WARNING - IGDB Error for The Darkside Detective A Fumble in the Dark: string indices must be integers, not 'str'
2026-03-12 17:26:39,541 - INFO - 📅 Fetching Basic Metadata: Return to Ash
2026-03-12 17:26:39,601 - WARNING - IGDB Error for Return to Ash: string indices must be integers, not 'str'
2026-03-12 17:26:39,608 - INFO - 🏢 Publisher Search: STALCRAFT: X Starter Edition
2026-03-12 17:26:40,906 - INFO - 📅 Fetching Basic Metadata: STALCRAFT: X Starter Edition
2026-03-12 17:26:40,986 - INFO - 📅 Fetching Basic Metadata: Boxes: Lost Fragments
2026-03-12 17:26:41,104 - INFO - 🎯 IGDB Match: 'Boxes: Lost Fragments' (100%)
2026-03-12 17:26:41,111 - INFO - 📅 Fetching Basic Metadata: My Night Job
2026-03-12 17:26:41,205 - INFO - 🎯 IGDB Match: 'My Night Job' (100%)
2026-03-12 17:26:41,212 - INFO - 💰 Price Search: Cozy Grove
2026-03-12 17:26:42,637 - INFO - 🏢 Publisher Search: Cozy Grove
2026-03-12 17:26:44,016 - INFO - 📅 Fetching Basic Metadata: Cozy Grove
2026-03-12 17:26:44,093 - INFO - 🎯 IGDB Match: 'Cozy Grove' (100%)
2026-03-12 17:26:44,093 - INFO - 🔗 Searching Franchise Context: Cozy Grove
2026-03-12 17:26:44,264 - INFO - 📡 Fallback to IGDB for Cozy Grove
2026-03-12 17:26:44,380 - INFO - 💰 Price Search: Isonzo
2026-03-12 17:26:45,812 - INFO - 🏢 Publisher Search: Isonzo
2026-03-12 17:26:47,230 - INFO - 📅 Fetching Basic Metadata: Isonzo
2026-03-12 17:26:47,309 - INFO - 🎯 IGDB Match: 'Isonzo' (100%)
2026-03-12 17:26:47,309 - INFO - 🔗 Searching Franchise Context: Isonzo
2026-03-12 17:26:47,422 - INFO - ℹ️ No release found AFTER 2026-03-12 for Isonzo
2026-03-12 17:26:47,433 - INFO - 
--- Starting Data Quality Checks ---
2026-03-12 17:26:47,445 - INFO - --- Data Quality Checks Complete ---

2026-03-12 17:26:47,474 - INFO - | Metric | Statistics |
| :--- | :--- |
| 💰 **Total Market Value** | **$12,663.29** |
| 📦 **Total Games Collected** | 657 |
| 🏷️ **Average Retail Price** | $22.46 per game |
| 💎 **Most Expensive Title** | Civilization 6 Platinum Edition ($79.99) |
| 👑 **MVP Publisher** | Bethesda Softworks |
| 🏢 **Value Leaders** | 2K ($579.90), Bethesda Softworks ($544.80), Paradox Interactive ($409.89) |
| 📈 **Inflation-Adjusted Value** | $14,460.53 |
| 🎈 **Inflation Bonus** | **+$1,797.24** in purchasing power |
| 🗓️ **Peak Saving Month** | 🎄 **Seasonality Peak:** December is historically the best month, offering $3,388.17 in savings. |
| ⭐ **Average Score** | 76.7/100 |
| 💳 **Subscription Equivalent** | **$169.57 / mo** |
| 🎯 **Prestige Ratio** | **2.0%** (Strategic Hype) |
| 🏎️ **Lead Time Avg** | 447 Days to Sequel |

2026-03-12 17:26:47,475 - INFO - ✅ README.md updated.
2026-03-12 17:26:47,499 - INFO - Using categorical units to plot a list of strings that are all parsable as floats or dates. If these strings should be plotted as numbers, cast to the appropriate data type before plotting.
2026-03-12 17:26:47,500 - INFO - Using categorical units to plot a list of strings that are all parsable as floats or dates. If these strings should be plotted as numbers, cast to the appropriate data type before plotting.
2026-03-12 17:26:53,211 - INFO - 📈 All charts generated successfully.
