2026-07-13 18:16:09,849 - INFO - Failed to extract font properties from /usr/share/fonts/truetype/noto/NotoColorEmoji.ttf: Non-scalable fonts are not supported
2026-07-13 18:16:09,890 - INFO - generated new fontManager
2026-07-13 18:16:10,261 - INFO - ✅ Migration Successful!
2026-07-13 18:16:10,948 - INFO - No new games found.
2026-07-13 18:16:11,487 - INFO - 🔍 Found 611 games needing metadata. Starting IGDB + Steam + CheapShark enrichment...
2026-07-13 18:16:11,511 - INFO - 📅 Fetching Basic Metadata: LEGO Batman Trilogy
2026-07-13 18:16:11,932 - INFO - 🎯 IGDB Match: 'LEGO Batman Trilogy' (100%)
2026-07-13 18:16:11,954 - INFO - 📅 Fetching Basic Metadata: Antstream
2026-07-13 18:16:12,176 - INFO - 📅 Fetching Basic Metadata: The Drone Racing League Simulator
2026-07-13 18:16:12,338 - INFO - 🎯 IGDB Match: 'The Drone Racing League Simulator' (100%)
2026-07-13 18:16:12,345 - INFO - 📅 Fetching Basic Metadata: Dark Deity
2026-07-13 18:16:12,471 - INFO - 🎯 IGDB Match: 'Dark Deity' (100%)
2026-07-13 18:16:12,477 - INFO - 📅 Fetching Basic Metadata: RPG in a Box
2026-07-13 18:16:12,707 - INFO - 🎯 IGDB Match: 'RPG in a Box' (100%)
2026-07-13 18:16:12,714 - INFO - 📅 Fetching Basic Metadata: Fallout Classic Collection
2026-07-13 18:16:12,964 - INFO - 🎯 IGDB Match: 'Fallout Classic Collection' (100%)
2026-07-13 18:16:12,972 - INFO - 📅 Fetching Basic Metadata: Recipe for Disaster
2026-07-13 18:16:13,160 - INFO - 🎯 IGDB Match: 'Recipe For Disaster' (100%)
2026-07-13 18:16:13,167 - INFO - 📅 Fetching Basic Metadata: World of Warships — Starter Pack: Ishizuchi
2026-07-13 18:16:13,573 - INFO - 🎯 IGDB Match: 'World of Warships: Starter Pack - Ishizuchi' (98%)
2026-07-13 18:16:13,580 - INFO - 📅 Fetching Basic Metadata: Poker Club
2026-07-13 18:16:13,842 - INFO - 🎯 IGDB Match: 'Poker Club' (100%)
2026-07-13 18:16:13,849 - INFO - 📅 Fetching Basic Metadata: The Sims 4 The Daring Lifestyle Bundle
2026-07-13 18:16:14,034 - INFO - 🎯 IGDB Match: 'The Sims 4: The Daring Lifestyle Bundle' (99%)
2026-07-13 18:16:14,042 - INFO - 📅 Fetching Basic Metadata: Dodo Peak
2026-07-13 18:16:14,230 - INFO - 🎯 IGDB Match: 'Dodo Peak' (100%)
2026-07-13 18:16:14,237 - INFO - 📅 Fetching Basic Metadata: Spelldrifter
2026-07-13 18:16:14,416 - INFO - 🎯 IGDB Match: 'Spelldrifter' (100%)
2026-07-13 18:16:14,423 - INFO - 📅 Fetching Basic Metadata: Model Builder
2026-07-13 18:16:14,609 - INFO - 🎯 IGDB Match: 'Model Builder' (100%)
2026-07-13 18:16:14,616 - INFO - 📅 Fetching Basic Metadata: Godlike Burger
2026-07-13 18:16:14,845 - INFO - 🎯 IGDB Match: 'Godlike Burger' (100%)
2026-07-13 18:16:14,851 - INFO - 📅 Fetching Basic Metadata: Q.U.B.E. Ultimate Bundle
2026-07-13 18:16:15,075 - INFO - 🎯 IGDB Match: 'Q.U.B.E. Ultimate Bundle' (100%)
2026-07-13 18:16:15,083 - INFO - 📅 Fetching Basic Metadata: Jitsu Squad
2026-07-13 18:16:15,177 - INFO - 🎯 IGDB Match: 'Jitsu Squad' (100%)
2026-07-13 18:16:15,184 - INFO - 📅 Fetching Basic Metadata: Mighty Fight Federation
2026-07-13 18:16:15,336 - INFO - 🎯 IGDB Match: 'Mighty Fight Federation' (100%)
2026-07-13 18:16:15,345 - INFO - 📅 Fetching Basic Metadata: LOVE
2026-07-13 18:16:15,540 - INFO - 🎯 IGDB Match: 'Love Love Love' (90%)
2026-07-13 18:16:15,548 - INFO - 📅 Fetching Basic Metadata: Call of The Wild: The Angler
2026-07-13 18:16:15,834 - INFO - 🎯 IGDB Match: 'Call of the Wild: The Angler' (100%)
2026-07-13 18:16:15,843 - INFO - 📅 Fetching Basic Metadata: The Falconeer
2026-07-13 18:16:15,940 - INFO - 🎯 IGDB Match: 'The Falconeer: The Hunter' (90%)
2026-07-13 18:16:15,948 - INFO - 📅 Fetching Basic Metadata: Rawmen: Food Fighter Arena
2026-07-13 18:16:16,133 - INFO - 🎯 IGDB Match: 'Rawmen' (90%)
2026-07-13 18:16:16,140 - INFO - 📅 Fetching Basic Metadata: World of Warships – Starter Pack: Albany
2026-07-13 18:16:16,242 - INFO - 📅 Fetching Basic Metadata: Fallout Classic Edition
2026-07-13 18:16:16,433 - INFO - 📅 Fetching Basic Metadata: Outliver: Tribulation
2026-07-13 18:16:16,534 - INFO - 🎯 IGDB Match: 'Outliver: Tribulation' (100%)
2026-07-13 18:16:16,542 - INFO - 📅 Fetching Basic Metadata: Bus Simulator 21 Next Stop
2026-07-13 18:16:16,645 - INFO - 🎯 IGDB Match: 'Bus Simulator 21: Next Stop' (98%)
2026-07-13 18:16:16,653 - INFO - 📅 Fetching Basic Metadata: Turmoil
2026-07-13 18:16:16,854 - INFO - 🎯 IGDB Match: 'Turmoil' (100%)
2026-07-13 18:16:16,862 - INFO - 📅 Fetching Basic Metadata: World War Z Aftermath
2026-07-13 18:16:16,975 - INFO - 🎯 IGDB Match: 'World War Z: Aftermath' (98%)
2026-07-13 18:16:16,982 - INFO - 📅 Fetching Basic Metadata: World Of Warships – Anniversary Party Flavor
2026-07-13 18:16:17,190 - INFO - 📅 Fetching Basic Metadata: Neko Ghost, Jump!
2026-07-13 18:16:17,305 - INFO - 🎯 IGDB Match: 'Neko Ghost, Jump!' (100%)
2026-07-13 18:16:17,312 - INFO - 📅 Fetching Basic Metadata: Super Space Club
2026-07-13 18:16:17,572 - INFO - 🎯 IGDB Match: 'Super Space Club' (100%)
2026-07-13 18:16:17,579 - INFO - 📅 Fetching Basic Metadata: Touch Type Tale
2026-07-13 18:16:17,694 - INFO - 🎯 IGDB Match: 'Touch Type Tale' (100%)
2026-07-13 18:16:17,701 - INFO - 📅 Fetching Basic Metadata: Gigapocalypse
2026-07-13 18:16:17,820 - INFO - 🎯 IGDB Match: 'Gigapocalypse' (100%)
2026-07-13 18:16:17,828 - INFO - 📅 Fetching Basic Metadata: Legion TD2
2026-07-13 18:16:17,962 - INFO - 📅 Fetching Basic Metadata: Nightingale
2026-07-13 18:16:18,062 - INFO - 🎯 IGDB Match: 'Nightingale' (100%)
2026-07-13 18:16:18,070 - INFO - 📅 Fetching Basic Metadata: Godzilla Voxel Wars
2026-07-13 18:16:18,168 - INFO - 🎯 IGDB Match: 'Godzilla Voxel Wars' (100%)
2026-07-13 18:16:18,176 - INFO - 📅 Fetching Basic Metadata: Trine Classic Collection
2026-07-13 18:16:18,326 - WARNING - IGDB Error for Trine Classic Collection: string indices must be integers, not 'str'
2026-07-13 18:16:18,334 - INFO - 📅 Fetching Basic Metadata: Poison Retro Set
2026-07-13 18:16:18,508 - WARNING - IGDB Error for Poison Retro Set: string indices must be integers, not 'str'
2026-07-13 18:16:18,515 - INFO - 📅 Fetching Basic Metadata: The Darkside Detective A Fumble in the Dark
2026-07-13 18:16:18,604 - WARNING - IGDB Error for The Darkside Detective A Fumble in the Dark: string indices must be integers, not 'str'
2026-07-13 18:16:18,611 - INFO - 📅 Fetching Basic Metadata: Return to Ash
2026-07-13 18:16:18,711 - WARNING - IGDB Error for Return to Ash: string indices must be integers, not 'str'
2026-07-13 18:16:18,718 - INFO - 🏢 Publisher Search: STALCRAFT: X Starter Edition
2026-07-13 18:16:20,068 - INFO - 📅 Fetching Basic Metadata: STALCRAFT: X Starter Edition
2026-07-13 18:16:20,170 - INFO - 📅 Fetching Basic Metadata: Boxes: Lost Fragments
2026-07-13 18:16:20,355 - INFO - 🎯 IGDB Match: 'Boxes: Lost Fragments' (100%)
2026-07-13 18:16:20,361 - INFO - 📅 Fetching Basic Metadata: My Night Job
2026-07-13 18:16:20,476 - INFO - 🎯 IGDB Match: 'My Night Job' (100%)
2026-07-13 18:16:20,483 - INFO - 📅 Fetching Basic Metadata: Electrician Simulator
2026-07-13 18:16:20,668 - INFO - 🎯 IGDB Match: 'Electrician Simulator' (100%)
2026-07-13 18:16:20,675 - INFO - 🏢 Publisher Search: World of Warships — Epic Anniversary Tachibana Pack
2026-07-13 18:16:21,998 - INFO - 📅 Fetching Basic Metadata: World of Warships — Epic Anniversary Tachibana Pack
2026-07-13 18:16:22,347 - INFO - 📅 Fetching Basic Metadata: Hyper Echelon
2026-07-13 18:16:22,453 - INFO - 🎯 IGDB Match: 'Hyper Echelon' (100%)
2026-07-13 18:16:22,459 - INFO - 📅 Fetching Basic Metadata: Havendock
2026-07-13 18:16:22,644 - INFO - 🎯 IGDB Match: 'Havendock' (100%)
2026-07-13 18:16:22,651 - INFO - 📅 Fetching Basic Metadata: Clone Drone in the Danger Zone
2026-07-13 18:16:22,844 - INFO - 🎯 IGDB Match: 'Clone Drone in the Danger Zone' (100%)
2026-07-13 18:16:22,851 - INFO - 🏢 Publisher Search: TOMAK: Save the Earth Regeneration
2026-07-13 18:16:24,220 - INFO - 📅 Fetching Basic Metadata: TOMAK: Save the Earth Regeneration
2026-07-13 18:16:24,401 - INFO - 🎯 IGDB Match: 'Tomak: Save the Earth Regeneration' (100%)
2026-07-13 18:16:24,407 - INFO - 📅 Fetching Basic Metadata: Prop Sumo
2026-07-13 18:16:24,593 - INFO - 🎯 IGDB Match: 'Prop Sumo' (100%)
2026-07-13 18:16:24,600 - INFO - 📅 Fetching Basic Metadata: The Stone of Madness
2026-07-13 18:16:24,744 - INFO - 🎯 IGDB Match: 'The Stone of Madness' (100%)
2026-07-13 18:16:24,751 - INFO - 📅 Fetching Basic Metadata: Firestone Online Idle RPG
2026-07-13 18:16:24,867 - INFO - 🎯 IGDB Match: 'Firestone: Online Idle RPG' (98%)
2026-07-13 18:16:24,874 - INFO - 📅 Fetching Basic Metadata: Oddsparks: An Automation Adventure
2026-07-13 18:16:24,985 - INFO - 🎯 IGDB Match: 'Oddsparks: An Automation Adventure' (100%)
2026-07-13 18:16:24,992 - INFO - 📅 Fetching Basic Metadata: Trash Goblin
2026-07-13 18:16:25,101 - INFO - 🎯 IGDB Match: 'Trash Goblin' (100%)
2026-07-13 18:16:25,108 - INFO - 🏢 Publisher Search: The Telltale Batman Shadows Edition
2026-07-13 18:16:26,478 - INFO - 📅 Fetching Basic Metadata: The Telltale Batman Shadows Edition
2026-07-13 18:16:26,660 - INFO - 🎯 IGDB Match: 'Telltale Batman Shadows Edition' (95%)
2026-07-13 18:16:26,667 - INFO - 🏢 Publisher Search: Sunderfolk - Standard Edition
2026-07-13 18:16:28,003 - INFO - 📅 Fetching Basic Metadata: Sunderfolk - Standard Edition
2026-07-13 18:16:28,107 - INFO - 📅 Fetching Basic Metadata: Down in Bermuda
2026-07-13 18:16:28,202 - INFO - 🎯 IGDB Match: 'Down in Bermuda' (100%)
2026-07-13 18:16:28,209 - INFO - 📅 Fetching Basic Metadata: Tomb Raider I-III Remastered Starring Lara Croft
2026-07-13 18:16:28,311 - INFO - 📅 Fetching Basic Metadata: LONESTAR
2026-07-13 18:16:28,496 - INFO - 🎯 IGDB Match: 'LoneStar' (100%)
2026-07-13 18:16:28,503 - INFO - 📅 Fetching Basic Metadata: Calico
2026-07-13 18:16:28,615 - INFO - 🎯 IGDB Match: 'Calico' (100%)
2026-07-13 18:16:28,622 - INFO - 📅 Fetching Basic Metadata: Rogue Waters
2026-07-13 18:16:28,806 - INFO - 🎯 IGDB Match: 'Rogue Waters' (100%)
2026-07-13 18:16:28,812 - INFO - 📅 Fetching Basic Metadata: The Ouroboros King
2026-07-13 18:16:28,916 - INFO - 🎯 IGDB Match: 'The Ouroboros King' (100%)
2026-07-13 18:16:28,923 - INFO - 🏢 Publisher Search: Warhammer 40K Speed Freeks
2026-07-13 18:16:30,321 - INFO - 📅 Fetching Basic Metadata: I Have No Mouth, and I Must Scream
2026-07-13 18:16:30,427 - INFO - 🎯 IGDB Match: 'I Have No Mouth, and I Must Scream' (100%)
2026-07-13 18:16:30,433 - INFO - 📅 Fetching Basic Metadata: Nova Lands
2026-07-13 18:16:30,635 - INFO - 🎯 IGDB Match: 'Nova Lands' (100%)
2026-07-13 18:16:30,641 - INFO - 📅 Fetching Basic Metadata: Tattoo Tycoon
2026-07-13 18:16:30,740 - INFO - 🎯 IGDB Match: 'Tattoo Tycoon' (100%)
2026-07-13 18:16:30,751 - INFO - 
--- Starting Data Quality Checks ---
2026-07-13 18:16:30,764 - INFO - --- Data Quality Checks Complete ---

2026-07-13 18:16:30,793 - INFO - | Metric | Statistics |
| :--- | :--- |
| 💰 **Total Market Value** | **$13,288.01** |
| 📦 **Total Games Collected** | 688 |
| 🏷️ **Average Retail Price** | $22.35 per game |
| 💎 **Most Expensive Title** | Civilization 6 Platinum Edition ($79.99) |
| 👑 **MVP Publisher** | Bethesda Softworks |
| 🏢 **Value Leaders** | 2K ($579.90), Bethesda Softworks ($544.80), Paradox Interactive ($409.89) |
| 📈 **Inflation-Adjusted Value** | $15,085.25 |
| 🎈 **Inflation Bonus** | **+$1,797.24** in purchasing power |
| 🗓️ **Peak Saving Month** | 🎄 **Seasonality Peak:** December is historically the best month, offering $3,388.17 in savings. |
| ⭐ **Average Score** | 76.8/100 |
| 💳 **Subscription Equivalent** | **$168.99 / mo** |
| 🎯 **Prestige Ratio** | **2.0%** (Strategic Hype) |
| 🏎️ **Lead Time Avg** | 441 Days to Sequel |

2026-07-13 18:16:30,794 - INFO - ✅ README.md updated.
2026-07-13 18:16:30,817 - INFO - Using categorical units to plot a list of strings that are all parsable as floats or dates. If these strings should be plotted as numbers, cast to the appropriate data type before plotting.
2026-07-13 18:16:30,818 - INFO - Using categorical units to plot a list of strings that are all parsable as floats or dates. If these strings should be plotted as numbers, cast to the appropriate data type before plotting.
2026-07-13 18:16:36,608 - INFO - 📈 All charts generated successfully.
