2026-07-06 18:25:50,094 - INFO - Failed to extract font properties from /usr/share/fonts/truetype/noto/NotoColorEmoji.ttf: Non-scalable fonts are not supported
2026-07-06 18:25:50,157 - INFO - generated new fontManager
2026-07-06 18:25:50,540 - INFO - ✅ Migration Successful!
2026-07-06 18:25:50,685 - INFO - No new games found.
2026-07-06 18:25:51,278 - INFO - 🔍 Found 609 games needing metadata. Starting IGDB + Steam + CheapShark enrichment...
2026-07-06 18:25:51,351 - INFO - 📅 Fetching Basic Metadata: LEGO Batman Trilogy
2026-07-06 18:25:51,832 - INFO - 🎯 IGDB Match: 'LEGO Batman Trilogy' (100%)
2026-07-06 18:25:51,861 - INFO - 📅 Fetching Basic Metadata: Antstream
2026-07-06 18:25:52,269 - INFO - 📅 Fetching Basic Metadata: The Drone Racing League Simulator
2026-07-06 18:25:52,411 - INFO - 🎯 IGDB Match: 'The Drone Racing League Simulator' (100%)
2026-07-06 18:25:52,420 - INFO - 📅 Fetching Basic Metadata: Dark Deity
2026-07-06 18:25:52,759 - INFO - 🎯 IGDB Match: 'Dark Deity' (100%)
2026-07-06 18:25:52,766 - INFO - 📅 Fetching Basic Metadata: RPG in a Box
2026-07-06 18:25:53,063 - INFO - 🎯 IGDB Match: 'RPG in a Box' (100%)
2026-07-06 18:25:53,070 - INFO - 📅 Fetching Basic Metadata: Fallout Classic Collection
2026-07-06 18:25:53,456 - INFO - 🎯 IGDB Match: 'Fallout Classic Collection' (100%)
2026-07-06 18:25:53,465 - INFO - 📅 Fetching Basic Metadata: Recipe for Disaster
2026-07-06 18:25:53,592 - INFO - 🎯 IGDB Match: 'Recipe For Disaster' (100%)
2026-07-06 18:25:53,599 - INFO - 📅 Fetching Basic Metadata: World of Warships — Starter Pack: Ishizuchi
2026-07-06 18:25:53,915 - INFO - 🎯 IGDB Match: 'World of Warships: Starter Pack - Ishizuchi' (98%)
2026-07-06 18:25:53,922 - INFO - 📅 Fetching Basic Metadata: Poker Club
2026-07-06 18:25:54,088 - INFO - 🎯 IGDB Match: 'Poker Club' (100%)
2026-07-06 18:25:54,095 - INFO - 📅 Fetching Basic Metadata: The Sims 4 The Daring Lifestyle Bundle
2026-07-06 18:25:54,209 - INFO - 🎯 IGDB Match: 'The Sims 4: The Daring Lifestyle Bundle' (99%)
2026-07-06 18:25:54,219 - INFO - 📅 Fetching Basic Metadata: Dodo Peak
2026-07-06 18:25:54,421 - INFO - 🎯 IGDB Match: 'Dodo Peak' (100%)
2026-07-06 18:25:54,428 - INFO - 📅 Fetching Basic Metadata: Spelldrifter
2026-07-06 18:25:54,742 - INFO - 🎯 IGDB Match: 'Spelldrifter' (100%)
2026-07-06 18:25:54,749 - INFO - 📅 Fetching Basic Metadata: Model Builder
2026-07-06 18:25:55,013 - INFO - 🎯 IGDB Match: 'Model Builder' (100%)
2026-07-06 18:25:55,020 - INFO - 📅 Fetching Basic Metadata: Godlike Burger
2026-07-06 18:25:55,140 - INFO - 🎯 IGDB Match: 'Godlike Burger' (100%)
2026-07-06 18:25:55,146 - INFO - 📅 Fetching Basic Metadata: Q.U.B.E. Ultimate Bundle
2026-07-06 18:25:55,302 - INFO - 🎯 IGDB Match: 'Q.U.B.E. Ultimate Bundle' (100%)
2026-07-06 18:25:55,311 - INFO - 📅 Fetching Basic Metadata: Jitsu Squad
2026-07-06 18:25:55,520 - INFO - 🎯 IGDB Match: 'Jitsu Squad' (100%)
2026-07-06 18:25:55,527 - INFO - 📅 Fetching Basic Metadata: Mighty Fight Federation
2026-07-06 18:25:55,649 - INFO - 🎯 IGDB Match: 'Mighty Fight Federation' (100%)
2026-07-06 18:25:55,659 - INFO - 📅 Fetching Basic Metadata: LOVE
2026-07-06 18:25:55,811 - INFO - 🎯 IGDB Match: 'Love Love Love' (90%)
2026-07-06 18:25:55,819 - INFO - 📅 Fetching Basic Metadata: Call of The Wild: The Angler
2026-07-06 18:25:55,937 - INFO - 🎯 IGDB Match: 'Call of the Wild: The Angler' (100%)
2026-07-06 18:25:55,946 - INFO - 📅 Fetching Basic Metadata: The Falconeer
2026-07-06 18:25:56,089 - INFO - 🎯 IGDB Match: 'The Falconeer: The Hunter' (90%)
2026-07-06 18:25:56,097 - INFO - 📅 Fetching Basic Metadata: Rawmen: Food Fighter Arena
2026-07-06 18:25:56,302 - INFO - 🎯 IGDB Match: 'Rawmen' (90%)
2026-07-06 18:25:56,309 - INFO - 📅 Fetching Basic Metadata: World of Warships – Starter Pack: Albany
2026-07-06 18:25:56,488 - INFO - 📅 Fetching Basic Metadata: Fallout Classic Edition
2026-07-06 18:25:56,617 - INFO - 📅 Fetching Basic Metadata: Outliver: Tribulation
2026-07-06 18:25:56,827 - INFO - 🎯 IGDB Match: 'Outliver: Tribulation' (100%)
2026-07-06 18:25:56,836 - INFO - 📅 Fetching Basic Metadata: Bus Simulator 21 Next Stop
2026-07-06 18:25:56,952 - INFO - 🎯 IGDB Match: 'Bus Simulator 21: Next Stop' (98%)
2026-07-06 18:25:56,961 - INFO - 📅 Fetching Basic Metadata: Turmoil
2026-07-06 18:25:57,185 - INFO - 🎯 IGDB Match: 'Turmoil' (100%)
2026-07-06 18:25:57,192 - INFO - 📅 Fetching Basic Metadata: World War Z Aftermath
2026-07-06 18:25:57,316 - INFO - 🎯 IGDB Match: 'World War Z: Aftermath' (98%)
2026-07-06 18:25:57,323 - INFO - 📅 Fetching Basic Metadata: World Of Warships – Anniversary Party Flavor
2026-07-06 18:25:57,484 - INFO - 📅 Fetching Basic Metadata: Neko Ghost, Jump!
2026-07-06 18:25:57,639 - INFO - 🎯 IGDB Match: 'Neko Ghost, Jump!' (100%)
2026-07-06 18:25:57,646 - INFO - 📅 Fetching Basic Metadata: Super Space Club
2026-07-06 18:25:57,761 - INFO - 🎯 IGDB Match: 'Super Space Club' (100%)
2026-07-06 18:25:57,768 - INFO - 📅 Fetching Basic Metadata: Touch Type Tale
2026-07-06 18:25:57,922 - INFO - 🎯 IGDB Match: 'Touch Type Tale' (100%)
2026-07-06 18:25:57,928 - INFO - 📅 Fetching Basic Metadata: Gigapocalypse
2026-07-06 18:25:58,055 - INFO - 🎯 IGDB Match: 'Gigapocalypse' (100%)
2026-07-06 18:25:58,063 - INFO - 📅 Fetching Basic Metadata: Legion TD2
2026-07-06 18:25:58,190 - INFO - 📅 Fetching Basic Metadata: Nightingale
2026-07-06 18:25:58,351 - INFO - 🎯 IGDB Match: 'Nightingale' (100%)
2026-07-06 18:25:58,359 - INFO - 📅 Fetching Basic Metadata: Godzilla Voxel Wars
2026-07-06 18:25:58,613 - INFO - 🎯 IGDB Match: 'Godzilla Voxel Wars' (100%)
2026-07-06 18:25:58,622 - INFO - 📅 Fetching Basic Metadata: Trine Classic Collection
2026-07-06 18:25:58,837 - INFO - 🎯 IGDB Match: 'Trine Classic Collection' (100%)
2026-07-06 18:25:58,845 - INFO - 📅 Fetching Basic Metadata: Poison Retro Set
2026-07-06 18:25:58,957 - WARNING - IGDB Error for Poison Retro Set: string indices must be integers, not 'str'
2026-07-06 18:25:58,964 - INFO - 📅 Fetching Basic Metadata: The Darkside Detective A Fumble in the Dark
2026-07-06 18:25:59,068 - WARNING - IGDB Error for The Darkside Detective A Fumble in the Dark: string indices must be integers, not 'str'
2026-07-06 18:25:59,075 - INFO - 📅 Fetching Basic Metadata: Return to Ash
2026-07-06 18:25:59,213 - INFO - 🎯 IGDB Match: 'Return to Ash' (100%)
2026-07-06 18:25:59,220 - INFO - 🏢 Publisher Search: STALCRAFT: X Starter Edition
2026-07-06 18:26:00,680 - INFO - 📅 Fetching Basic Metadata: STALCRAFT: X Starter Edition
2026-07-06 18:26:00,802 - INFO - 📅 Fetching Basic Metadata: Boxes: Lost Fragments
2026-07-06 18:26:00,917 - INFO - 🎯 IGDB Match: 'Boxes: Lost Fragments' (100%)
2026-07-06 18:26:00,924 - INFO - 📅 Fetching Basic Metadata: My Night Job
2026-07-06 18:26:01,045 - INFO - 🎯 IGDB Match: 'My Night Job' (100%)
2026-07-06 18:26:01,052 - INFO - 📅 Fetching Basic Metadata: Electrician Simulator
2026-07-06 18:26:01,293 - INFO - 🎯 IGDB Match: 'Electrician Simulator' (100%)
2026-07-06 18:26:01,299 - INFO - 🏢 Publisher Search: World of Warships — Epic Anniversary Tachibana Pack
2026-07-06 18:26:03,034 - INFO - 📅 Fetching Basic Metadata: World of Warships — Epic Anniversary Tachibana Pack
2026-07-06 18:26:03,170 - INFO - 📅 Fetching Basic Metadata: Hyper Echelon
2026-07-06 18:26:03,283 - INFO - 🎯 IGDB Match: 'Hyper Echelon' (100%)
2026-07-06 18:26:03,289 - INFO - 📅 Fetching Basic Metadata: Havendock
2026-07-06 18:26:03,419 - INFO - 🎯 IGDB Match: 'Havendock' (100%)
2026-07-06 18:26:03,425 - INFO - 📅 Fetching Basic Metadata: Clone Drone in the Danger Zone
2026-07-06 18:26:03,540 - INFO - 🎯 IGDB Match: 'Clone Drone in the Danger Zone' (100%)
2026-07-06 18:26:03,546 - INFO - 🏢 Publisher Search: TOMAK: Save the Earth Regeneration
2026-07-06 18:26:04,926 - INFO - 📅 Fetching Basic Metadata: TOMAK: Save the Earth Regeneration
2026-07-06 18:26:05,183 - INFO - 🎯 IGDB Match: 'Tomak: Save the Earth Regeneration' (100%)
2026-07-06 18:26:05,189 - INFO - 📅 Fetching Basic Metadata: Prop Sumo
2026-07-06 18:26:05,344 - INFO - 🎯 IGDB Match: 'Prop Sumo' (100%)
2026-07-06 18:26:05,350 - INFO - 📅 Fetching Basic Metadata: The Stone of Madness
2026-07-06 18:26:05,477 - INFO - 🎯 IGDB Match: 'The Stone of Madness' (100%)
2026-07-06 18:26:05,484 - INFO - 📅 Fetching Basic Metadata: Firestone Online Idle RPG
2026-07-06 18:26:05,606 - INFO - 🎯 IGDB Match: 'Firestone: Online Idle RPG' (98%)
2026-07-06 18:26:05,612 - INFO - 📅 Fetching Basic Metadata: Oddsparks: An Automation Adventure
2026-07-06 18:26:05,734 - INFO - 🎯 IGDB Match: 'Oddsparks: An Automation Adventure' (100%)
2026-07-06 18:26:05,741 - INFO - 📅 Fetching Basic Metadata: Trash Goblin
2026-07-06 18:26:05,855 - INFO - 🎯 IGDB Match: 'Trash Goblin' (100%)
2026-07-06 18:26:05,862 - INFO - 🏢 Publisher Search: The Telltale Batman Shadows Edition
2026-07-06 18:26:07,305 - INFO - 📅 Fetching Basic Metadata: The Telltale Batman Shadows Edition
2026-07-06 18:26:07,512 - INFO - 🎯 IGDB Match: 'Telltale Batman Shadows Edition' (95%)
2026-07-06 18:26:07,519 - INFO - 🏢 Publisher Search: Sunderfolk - Standard Edition
2026-07-06 18:26:08,894 - INFO - 📅 Fetching Basic Metadata: Sunderfolk - Standard Edition
2026-07-06 18:26:09,020 - INFO - 📅 Fetching Basic Metadata: Down in Bermuda
2026-07-06 18:26:09,157 - INFO - 🎯 IGDB Match: 'Down in Bermuda' (100%)
2026-07-06 18:26:09,163 - INFO - 📅 Fetching Basic Metadata: Tomb Raider I-III Remastered Starring Lara Croft
2026-07-06 18:26:09,291 - INFO - 📅 Fetching Basic Metadata: LONESTAR
2026-07-06 18:26:09,469 - INFO - 🎯 IGDB Match: 'LoneStar' (100%)
2026-07-06 18:26:09,476 - INFO - 📅 Fetching Basic Metadata: Calico
2026-07-06 18:26:09,616 - INFO - 🎯 IGDB Match: 'Calico' (100%)
2026-07-06 18:26:09,623 - INFO - 📅 Fetching Basic Metadata: Rogue Waters
2026-07-06 18:26:09,739 - INFO - 🎯 IGDB Match: 'Rogue Waters' (100%)
2026-07-06 18:26:09,746 - INFO - 📅 Fetching Basic Metadata: The Ouroboros King
2026-07-06 18:26:09,859 - INFO - 🎯 IGDB Match: 'The Ouroboros King' (100%)
2026-07-06 18:26:09,865 - INFO - 🏢 Publisher Search: Warhammer 40K Speed Freeks
2026-07-06 18:26:11,296 - INFO - 📅 Fetching Basic Metadata: I Have No Mouth, and I Must Scream
2026-07-06 18:26:11,477 - INFO - 🎯 IGDB Match: 'I Have No Mouth, and I Must Scream' (100%)
2026-07-06 18:26:11,489 - INFO - 
--- Starting Data Quality Checks ---
2026-07-06 18:26:11,502 - INFO - --- Data Quality Checks Complete ---

2026-07-06 18:26:11,532 - INFO - | Metric | Statistics |
| :--- | :--- |
| 💰 **Total Market Value** | **$13,238.03** |
| 📦 **Total Games Collected** | 686 |
| 🏷️ **Average Retail Price** | $22.34 per game |
| 💎 **Most Expensive Title** | Civilization 6 Platinum Edition ($79.99) |
| 👑 **MVP Publisher** | Bethesda Softworks |
| 🏢 **Value Leaders** | 2K ($579.90), Bethesda Softworks ($544.80), Paradox Interactive ($409.89) |
| 📈 **Inflation-Adjusted Value** | $15,035.27 |
| 🎈 **Inflation Bonus** | **+$1,797.24** in purchasing power |
| 🗓️ **Peak Saving Month** | 🎄 **Seasonality Peak:** December is historically the best month, offering $3,388.17 in savings. |
| ⭐ **Average Score** | 76.8/100 |
| 💳 **Subscription Equivalent** | **$168.44 / mo** |
| 🎯 **Prestige Ratio** | **2.0%** (Strategic Hype) |
| 🏎️ **Lead Time Avg** | 441 Days to Sequel |

2026-07-06 18:26:11,533 - INFO - ✅ README.md updated.
2026-07-06 18:26:11,557 - INFO - Using categorical units to plot a list of strings that are all parsable as floats or dates. If these strings should be plotted as numbers, cast to the appropriate data type before plotting.
2026-07-06 18:26:11,558 - INFO - Using categorical units to plot a list of strings that are all parsable as floats or dates. If these strings should be plotted as numbers, cast to the appropriate data type before plotting.
2026-07-06 18:26:17,881 - INFO - 📈 All charts generated successfully.
