2026-03-10 17:13:30,493 - INFO - Failed to extract font properties from /usr/share/fonts/truetype/noto/NotoColorEmoji.ttf: Can not load face (unknown file format; error code 0x2)
2026-03-10 17:13:31,104 - INFO - generated new fontManager
2026-03-10 17:13:31,537 - INFO - ✅ Migration Successful!
2026-03-10 17:13:31,913 - INFO - No new games found.
2026-03-10 17:13:32,244 - INFO - 🔍 Found 579 games needing metadata. Starting IGDB + Steam + CheapShark enrichment...
2026-03-10 17:13:32,355 - INFO - 📅 Fetching Basic Metadata: LEGO Batman Trilogy
2026-03-10 17:13:32,657 - INFO - 🎯 IGDB Match: 'LEGO Batman Trilogy' (100%)
2026-03-10 17:13:32,685 - INFO - 📅 Fetching Basic Metadata: Antstream
2026-03-10 17:13:32,832 - INFO - 📅 Fetching Basic Metadata: The Drone Racing League Simulator
2026-03-10 17:13:32,914 - INFO - 🎯 IGDB Match: 'The Drone Racing League Simulator' (100%)
2026-03-10 17:13:32,922 - INFO - 📅 Fetching Basic Metadata: Dark Deity
2026-03-10 17:13:33,030 - INFO - 🎯 IGDB Match: 'Dark Deity' (100%)
2026-03-10 17:13:33,036 - INFO - 📅 Fetching Basic Metadata: RPG in a Box
2026-03-10 17:13:33,207 - INFO - 🎯 IGDB Match: 'RPG in a Box' (100%)
2026-03-10 17:13:33,215 - INFO - 📅 Fetching Basic Metadata: Fallout Classic Collection
2026-03-10 17:13:33,295 - INFO - 🎯 IGDB Match: 'Fallout Classic Collection' (100%)
2026-03-10 17:13:33,303 - INFO - 📅 Fetching Basic Metadata: Recipe for Disaster
2026-03-10 17:13:33,429 - INFO - 🎯 IGDB Match: 'Recipe for Disaster' (100%)
2026-03-10 17:13:33,436 - INFO - 📅 Fetching Basic Metadata: World of Warships — Starter Pack: Ishizuchi
2026-03-10 17:13:33,530 - INFO - 🎯 IGDB Match: 'World of Warships: Starter Pack - Ishizuchi' (98%)
2026-03-10 17:13:33,537 - INFO - 📅 Fetching Basic Metadata: Poker Club
2026-03-10 17:13:33,626 - INFO - 🎯 IGDB Match: 'Poker Club' (100%)
2026-03-10 17:13:33,632 - INFO - 📅 Fetching Basic Metadata: The Sims 4 The Daring Lifestyle Bundle
2026-03-10 17:13:33,732 - INFO - 🎯 IGDB Match: 'The Sims 4: The Daring Lifestyle Bundle' (99%)
2026-03-10 17:13:33,741 - INFO - 📅 Fetching Basic Metadata: Dodo Peak
2026-03-10 17:13:33,829 - INFO - 🎯 IGDB Match: 'Dodo Peak' (100%)
2026-03-10 17:13:33,835 - INFO - 📅 Fetching Basic Metadata: Spelldrifter
2026-03-10 17:13:33,911 - INFO - 🎯 IGDB Match: 'Spelldrifter' (100%)
2026-03-10 17:13:33,918 - INFO - 📅 Fetching Basic Metadata: Model Builder
2026-03-10 17:13:33,996 - INFO - 🎯 IGDB Match: 'Model Builder' (100%)
2026-03-10 17:13:34,002 - INFO - 📅 Fetching Basic Metadata: Godlike Burger
2026-03-10 17:13:34,093 - INFO - 🎯 IGDB Match: 'Godlike Burger' (100%)
2026-03-10 17:13:34,099 - INFO - 📅 Fetching Basic Metadata: Q.U.B.E. Ultimate Bundle
2026-03-10 17:13:34,180 - INFO - 🎯 IGDB Match: 'Q.U.B.E. Ultimate Bundle' (100%)
2026-03-10 17:13:34,187 - INFO - 📅 Fetching Basic Metadata: Jitsu Squad
2026-03-10 17:13:34,265 - INFO - 🎯 IGDB Match: 'Jitsu Squad' (100%)
2026-03-10 17:13:34,271 - INFO - 📅 Fetching Basic Metadata: Mighty Fight Federation
2026-03-10 17:13:34,349 - INFO - 🎯 IGDB Match: 'Mighty Fight Federation' (100%)
2026-03-10 17:13:34,359 - INFO - 📅 Fetching Basic Metadata: LOVE
2026-03-10 17:13:34,479 - INFO - 🎯 IGDB Match: 'Love Love Love' (90%)
2026-03-10 17:13:34,488 - INFO - 📅 Fetching Basic Metadata: Call of The Wild: The Angler
2026-03-10 17:13:34,577 - INFO - 🎯 IGDB Match: 'Call of the Wild: The Angler' (100%)
2026-03-10 17:13:34,586 - INFO - 📅 Fetching Basic Metadata: The Falconeer
2026-03-10 17:13:34,669 - WARNING - IGDB Error for The Falconeer: string indices must be integers, not 'str'
2026-03-10 17:13:34,676 - INFO - 📅 Fetching Basic Metadata: Rawmen: Food Fighter Arena
2026-03-10 17:13:34,755 - WARNING - IGDB Error for Rawmen: Food Fighter Arena: string indices must be integers, not 'str'
2026-03-10 17:13:34,762 - INFO - 📅 Fetching Basic Metadata: World of Warships – Starter Pack: Albany
2026-03-10 17:13:34,826 - WARNING - IGDB Error for World of Warships – Starter Pack: Albany: string indices must be integers, not 'str'
2026-03-10 17:13:34,832 - INFO - 📅 Fetching Basic Metadata: Fallout Classic Edition
2026-03-10 17:13:34,895 - WARNING - IGDB Error for Fallout Classic Edition: string indices must be integers, not 'str'
2026-03-10 17:13:34,903 - INFO - 📅 Fetching Basic Metadata: Outliver: Tribulation
2026-03-10 17:13:34,965 - WARNING - IGDB Error for Outliver: Tribulation: string indices must be integers, not 'str'
2026-03-10 17:13:34,973 - INFO - 📅 Fetching Basic Metadata: Bus Simulator 21 Next Stop
2026-03-10 17:13:35,052 - WARNING - IGDB Error for Bus Simulator 21 Next Stop: string indices must be integers, not 'str'
2026-03-10 17:13:35,060 - INFO - 📅 Fetching Basic Metadata: Turmoil
2026-03-10 17:13:35,120 - WARNING - IGDB Error for Turmoil: string indices must be integers, not 'str'
2026-03-10 17:13:35,127 - INFO - 📅 Fetching Basic Metadata: World War Z Aftermath
2026-03-10 17:13:35,187 - WARNING - IGDB Error for World War Z Aftermath: string indices must be integers, not 'str'
2026-03-10 17:13:35,194 - INFO - 📅 Fetching Basic Metadata: World Of Warships – Anniversary Party Flavor
2026-03-10 17:13:35,276 - WARNING - IGDB Error for World Of Warships – Anniversary Party Flavor: string indices must be integers, not 'str'
2026-03-10 17:13:35,283 - INFO - 📅 Fetching Basic Metadata: Neko Ghost, Jump!
2026-03-10 17:13:35,343 - WARNING - IGDB Error for Neko Ghost, Jump!: string indices must be integers, not 'str'
2026-03-10 17:13:35,350 - INFO - 📅 Fetching Basic Metadata: Super Space Club
2026-03-10 17:13:35,411 - WARNING - IGDB Error for Super Space Club: string indices must be integers, not 'str'
2026-03-10 17:13:35,417 - INFO - 📅 Fetching Basic Metadata: Touch Type Tale
2026-03-10 17:13:35,480 - WARNING - IGDB Error for Touch Type Tale: string indices must be integers, not 'str'
2026-03-10 17:13:35,486 - INFO - 📅 Fetching Basic Metadata: Gigapocalypse
2026-03-10 17:13:35,547 - WARNING - IGDB Error for Gigapocalypse: string indices must be integers, not 'str'
2026-03-10 17:13:35,555 - INFO - 📅 Fetching Basic Metadata: Legion TD2
2026-03-10 17:13:35,615 - WARNING - IGDB Error for Legion TD2: string indices must be integers, not 'str'
2026-03-10 17:13:35,624 - INFO - 📅 Fetching Basic Metadata: Nightingale
2026-03-10 17:13:35,685 - WARNING - IGDB Error for Nightingale: string indices must be integers, not 'str'
2026-03-10 17:13:35,693 - INFO - 📅 Fetching Basic Metadata: Godzilla Voxel Wars
2026-03-10 17:13:35,756 - WARNING - IGDB Error for Godzilla Voxel Wars: string indices must be integers, not 'str'
2026-03-10 17:13:35,765 - INFO - 📅 Fetching Basic Metadata: Trine Classic Collection
2026-03-10 17:13:35,828 - WARNING - IGDB Error for Trine Classic Collection: string indices must be integers, not 'str'
2026-03-10 17:13:35,836 - INFO - 📅 Fetching Basic Metadata: Poison Retro Set
2026-03-10 17:13:35,898 - WARNING - IGDB Error for Poison Retro Set: string indices must be integers, not 'str'
2026-03-10 17:13:35,904 - INFO - 📅 Fetching Basic Metadata: The Darkside Detective A Fumble in the Dark
2026-03-10 17:13:35,968 - WARNING - IGDB Error for The Darkside Detective A Fumble in the Dark: string indices must be integers, not 'str'
2026-03-10 17:13:35,974 - INFO - 📅 Fetching Basic Metadata: Return to Ash
2026-03-10 17:13:36,041 - WARNING - IGDB Error for Return to Ash: string indices must be integers, not 'str'
2026-03-10 17:13:36,047 - INFO - 🏢 Publisher Search: STALCRAFT: X Starter Edition
2026-03-10 17:13:37,349 - INFO - 📅 Fetching Basic Metadata: STALCRAFT: X Starter Edition
2026-03-10 17:13:37,479 - INFO - 📅 Fetching Basic Metadata: Boxes: Lost Fragments
2026-03-10 17:13:37,554 - INFO - 🎯 IGDB Match: 'Boxes: Lost Fragments' (100%)
2026-03-10 17:13:37,560 - INFO - 📅 Fetching Basic Metadata: My Night Job
2026-03-10 17:13:37,733 - INFO - 🎯 IGDB Match: 'My Night Job' (100%)
2026-03-10 17:13:37,744 - INFO - 
--- Starting Data Quality Checks ---
2026-03-10 17:13:37,757 - INFO - --- Data Quality Checks Complete ---

2026-03-10 17:13:37,786 - INFO - | Metric | Statistics |
| :--- | :--- |
| 💰 **Total Market Value** | **$12,618.31** |
| 📦 **Total Games Collected** | 655 |
| 🏷️ **Average Retail Price** | $22.45 per game |
| 💎 **Most Expensive Title** | Civilization 6 Platinum Edition ($79.99) |
| 👑 **MVP Publisher** | Bethesda Softworks |
| 🏢 **Value Leaders** | 2K ($579.90), Bethesda Softworks ($544.80), Paradox Interactive ($409.89) |
| 📈 **Inflation-Adjusted Value** | $14,415.55 |
| 🎈 **Inflation Bonus** | **+$1,797.24** in purchasing power |
| 🗓️ **Peak Saving Month** | 🎄 **Seasonality Peak:** December is historically the best month, offering $3,388.17 in savings. |
| ⭐ **Average Score** | 76.8/100 |
| 💳 **Subscription Equivalent** | **$169.06 / mo** |
| 🎯 **Prestige Ratio** | **2.0%** (Strategic Hype) |
| 🏎️ **Lead Time Avg** | 447 Days to Sequel |

2026-03-10 17:13:37,787 - INFO - ✅ README.md updated.
2026-03-10 17:13:37,811 - INFO - Using categorical units to plot a list of strings that are all parsable as floats or dates. If these strings should be plotted as numbers, cast to the appropriate data type before plotting.
2026-03-10 17:13:37,812 - INFO - Using categorical units to plot a list of strings that are all parsable as floats or dates. If these strings should be plotted as numbers, cast to the appropriate data type before plotting.
2026-03-10 17:13:43,453 - INFO - 📈 All charts generated successfully.
