2026-06-12 18:23:33,060 - INFO - Failed to extract font properties from /usr/share/fonts/truetype/noto/NotoColorEmoji.ttf: Non-scalable fonts are not supported
2026-06-12 18:23:33,172 - INFO - generated new fontManager
2026-06-12 18:23:33,538 - INFO - ✅ Migration Successful!
2026-06-12 18:23:34,130 - INFO - No new games found.
2026-06-12 18:23:34,461 - INFO - 🔍 Found 604 games needing metadata. Starting IGDB + Steam + CheapShark enrichment...
2026-06-12 18:23:34,547 - INFO - 📅 Fetching Basic Metadata: LEGO Batman Trilogy
2026-06-12 18:23:34,745 - INFO - 🎯 IGDB Match: 'LEGO Batman Trilogy' (100%)
2026-06-12 18:23:34,774 - INFO - 📅 Fetching Basic Metadata: Antstream
2026-06-12 18:23:34,867 - INFO - 📅 Fetching Basic Metadata: The Drone Racing League Simulator
2026-06-12 18:23:34,943 - INFO - 🎯 IGDB Match: 'The Drone Racing League Simulator' (100%)
2026-06-12 18:23:34,952 - INFO - 📅 Fetching Basic Metadata: Dark Deity
2026-06-12 18:23:35,034 - INFO - 🎯 IGDB Match: 'Dark Deity' (100%)
2026-06-12 18:23:35,041 - INFO - 📅 Fetching Basic Metadata: RPG in a Box
2026-06-12 18:23:35,123 - INFO - 🎯 IGDB Match: 'RPG in a Box' (100%)
2026-06-12 18:23:35,131 - INFO - 📅 Fetching Basic Metadata: Fallout Classic Collection
2026-06-12 18:23:35,251 - INFO - 🎯 IGDB Match: 'Fallout Classic Collection' (100%)
2026-06-12 18:23:35,261 - INFO - 📅 Fetching Basic Metadata: Recipe for Disaster
2026-06-12 18:23:35,344 - INFO - 🎯 IGDB Match: 'Recipe For Disaster' (100%)
2026-06-12 18:23:35,352 - INFO - 📅 Fetching Basic Metadata: World of Warships — Starter Pack: Ishizuchi
2026-06-12 18:23:35,422 - INFO - 🎯 IGDB Match: 'World of Warships: Starter Pack - Ishizuchi' (98%)
2026-06-12 18:23:35,430 - INFO - 📅 Fetching Basic Metadata: Poker Club
2026-06-12 18:23:35,513 - INFO - 🎯 IGDB Match: 'Poker Club' (100%)
2026-06-12 18:23:35,520 - INFO - 📅 Fetching Basic Metadata: The Sims 4 The Daring Lifestyle Bundle
2026-06-12 18:23:35,597 - INFO - 🎯 IGDB Match: 'The Sims 4: The Daring Lifestyle Bundle' (99%)
2026-06-12 18:23:35,606 - INFO - 📅 Fetching Basic Metadata: Dodo Peak
2026-06-12 18:23:35,672 - INFO - 🎯 IGDB Match: 'Dodo Peak' (100%)
2026-06-12 18:23:35,678 - INFO - 📅 Fetching Basic Metadata: Spelldrifter
2026-06-12 18:23:35,765 - INFO - 🎯 IGDB Match: 'Spelldrifter' (100%)
2026-06-12 18:23:35,772 - INFO - 📅 Fetching Basic Metadata: Model Builder
2026-06-12 18:23:35,849 - INFO - 🎯 IGDB Match: 'Model Builder' (100%)
2026-06-12 18:23:35,855 - INFO - 📅 Fetching Basic Metadata: Godlike Burger
2026-06-12 18:23:35,921 - INFO - 🎯 IGDB Match: 'Godlike Burger' (100%)
2026-06-12 18:23:35,927 - INFO - 📅 Fetching Basic Metadata: Q.U.B.E. Ultimate Bundle
2026-06-12 18:23:36,025 - INFO - 🎯 IGDB Match: 'Q.U.B.E. Ultimate Bundle' (100%)
2026-06-12 18:23:36,033 - INFO - 📅 Fetching Basic Metadata: Jitsu Squad
2026-06-12 18:23:36,120 - INFO - 🎯 IGDB Match: 'Jitsu Squad' (100%)
2026-06-12 18:23:36,127 - INFO - 📅 Fetching Basic Metadata: Mighty Fight Federation
2026-06-12 18:23:36,211 - INFO - 🎯 IGDB Match: 'Mighty Fight Federation' (100%)
2026-06-12 18:23:36,221 - INFO - 📅 Fetching Basic Metadata: LOVE
2026-06-12 18:23:36,318 - INFO - 🎯 IGDB Match: 'Love Love Love' (90%)
2026-06-12 18:23:36,326 - INFO - 📅 Fetching Basic Metadata: Call of The Wild: The Angler
2026-06-12 18:23:36,393 - INFO - 🎯 IGDB Match: 'Call of the Wild: The Angler' (100%)
2026-06-12 18:23:36,402 - INFO - 📅 Fetching Basic Metadata: The Falconeer
2026-06-12 18:23:36,471 - INFO - 🎯 IGDB Match: 'The Falconeer: The Hunter' (90%)
2026-06-12 18:23:36,478 - INFO - 📅 Fetching Basic Metadata: Rawmen: Food Fighter Arena
2026-06-12 18:23:36,544 - INFO - 🎯 IGDB Match: 'Rawmen' (90%)
2026-06-12 18:23:36,551 - INFO - 📅 Fetching Basic Metadata: World of Warships – Starter Pack: Albany
2026-06-12 18:23:36,627 - INFO - 📅 Fetching Basic Metadata: Fallout Classic Edition
2026-06-12 18:23:36,683 - WARNING - IGDB Error for Fallout Classic Edition: string indices must be integers, not 'str'
2026-06-12 18:23:36,691 - INFO - 📅 Fetching Basic Metadata: Outliver: Tribulation
2026-06-12 18:23:36,747 - WARNING - IGDB Error for Outliver: Tribulation: string indices must be integers, not 'str'
2026-06-12 18:23:36,755 - INFO - 📅 Fetching Basic Metadata: Bus Simulator 21 Next Stop
2026-06-12 18:23:36,812 - WARNING - IGDB Error for Bus Simulator 21 Next Stop: string indices must be integers, not 'str'
2026-06-12 18:23:36,821 - INFO - 📅 Fetching Basic Metadata: Turmoil
2026-06-12 18:23:36,877 - WARNING - IGDB Error for Turmoil: string indices must be integers, not 'str'
2026-06-12 18:23:36,884 - INFO - 📅 Fetching Basic Metadata: World War Z Aftermath
2026-06-12 18:23:36,976 - WARNING - IGDB Error for World War Z Aftermath: string indices must be integers, not 'str'
2026-06-12 18:23:36,983 - INFO - 📅 Fetching Basic Metadata: World Of Warships – Anniversary Party Flavor
2026-06-12 18:23:37,039 - WARNING - IGDB Error for World Of Warships – Anniversary Party Flavor: string indices must be integers, not 'str'
2026-06-12 18:23:37,048 - INFO - 📅 Fetching Basic Metadata: Neko Ghost, Jump!
2026-06-12 18:23:37,140 - WARNING - IGDB Error for Neko Ghost, Jump!: string indices must be integers, not 'str'
2026-06-12 18:23:37,148 - INFO - 📅 Fetching Basic Metadata: Super Space Club
2026-06-12 18:23:37,203 - WARNING - IGDB Error for Super Space Club: string indices must be integers, not 'str'
2026-06-12 18:23:37,210 - INFO - 📅 Fetching Basic Metadata: Touch Type Tale
2026-06-12 18:23:37,278 - WARNING - IGDB Error for Touch Type Tale: string indices must be integers, not 'str'
2026-06-12 18:23:37,285 - INFO - 📅 Fetching Basic Metadata: Gigapocalypse
2026-06-12 18:23:37,340 - WARNING - IGDB Error for Gigapocalypse: string indices must be integers, not 'str'
2026-06-12 18:23:37,348 - INFO - 📅 Fetching Basic Metadata: Legion TD2
2026-06-12 18:23:37,405 - WARNING - IGDB Error for Legion TD2: string indices must be integers, not 'str'
2026-06-12 18:23:37,414 - INFO - 📅 Fetching Basic Metadata: Nightingale
2026-06-12 18:23:37,472 - WARNING - IGDB Error for Nightingale: string indices must be integers, not 'str'
2026-06-12 18:23:37,480 - INFO - 📅 Fetching Basic Metadata: Godzilla Voxel Wars
2026-06-12 18:23:37,534 - WARNING - IGDB Error for Godzilla Voxel Wars: string indices must be integers, not 'str'
2026-06-12 18:23:37,542 - INFO - 📅 Fetching Basic Metadata: Trine Classic Collection
2026-06-12 18:23:37,647 - WARNING - IGDB Error for Trine Classic Collection: string indices must be integers, not 'str'
2026-06-12 18:23:37,655 - INFO - 📅 Fetching Basic Metadata: Poison Retro Set
2026-06-12 18:23:37,712 - WARNING - IGDB Error for Poison Retro Set: string indices must be integers, not 'str'
2026-06-12 18:23:37,719 - INFO - 📅 Fetching Basic Metadata: The Darkside Detective A Fumble in the Dark
2026-06-12 18:23:37,774 - WARNING - IGDB Error for The Darkside Detective A Fumble in the Dark: string indices must be integers, not 'str'
2026-06-12 18:23:37,781 - INFO - 📅 Fetching Basic Metadata: Return to Ash
2026-06-12 18:23:37,898 - WARNING - IGDB Error for Return to Ash: string indices must be integers, not 'str'
2026-06-12 18:23:37,905 - INFO - 🏢 Publisher Search: STALCRAFT: X Starter Edition
2026-06-12 18:23:39,237 - INFO - 📅 Fetching Basic Metadata: STALCRAFT: X Starter Edition
2026-06-12 18:23:39,311 - INFO - 📅 Fetching Basic Metadata: Boxes: Lost Fragments
2026-06-12 18:23:39,381 - INFO - 🎯 IGDB Match: 'Boxes: Lost Fragments' (100%)
2026-06-12 18:23:39,387 - INFO - 📅 Fetching Basic Metadata: My Night Job
2026-06-12 18:23:39,457 - INFO - 🎯 IGDB Match: 'My Night Job' (100%)
2026-06-12 18:23:39,464 - INFO - 📅 Fetching Basic Metadata: Electrician Simulator
2026-06-12 18:23:39,535 - INFO - 🎯 IGDB Match: 'Electrician Simulator' (100%)
2026-06-12 18:23:39,541 - INFO - 🏢 Publisher Search: World of Warships — Epic Anniversary Tachibana Pack
2026-06-12 18:23:40,870 - INFO - 📅 Fetching Basic Metadata: World of Warships — Epic Anniversary Tachibana Pack
2026-06-12 18:23:40,947 - INFO - 📅 Fetching Basic Metadata: Hyper Echelon
2026-06-12 18:23:41,072 - INFO - 🎯 IGDB Match: 'Hyper Echelon' (100%)
2026-06-12 18:23:41,078 - INFO - 📅 Fetching Basic Metadata: Havendock
2026-06-12 18:23:41,145 - INFO - 🎯 IGDB Match: 'Havendock' (100%)
2026-06-12 18:23:41,152 - INFO - 📅 Fetching Basic Metadata: Clone Drone in the Danger Zone
2026-06-12 18:23:41,222 - INFO - 🎯 IGDB Match: 'Clone Drone in the Danger Zone' (100%)
2026-06-12 18:23:41,228 - INFO - 🏢 Publisher Search: TOMAK: Save the Earth Regeneration
2026-06-12 18:23:42,567 - INFO - 📅 Fetching Basic Metadata: TOMAK: Save the Earth Regeneration
2026-06-12 18:23:42,636 - INFO - 🎯 IGDB Match: 'Tomak: Save the Earth Regeneration' (100%)
2026-06-12 18:23:42,643 - INFO - 📅 Fetching Basic Metadata: Prop Sumo
2026-06-12 18:23:42,710 - INFO - 🎯 IGDB Match: 'Prop Sumo' (100%)
2026-06-12 18:23:42,716 - INFO - 📅 Fetching Basic Metadata: The Stone of Madness
2026-06-12 18:23:42,782 - INFO - 🎯 IGDB Match: 'The Stone of Madness' (100%)
2026-06-12 18:23:42,789 - INFO - 📅 Fetching Basic Metadata: Firestone Online Idle RPG
2026-06-12 18:23:42,855 - INFO - 🎯 IGDB Match: 'Firestone: Online Idle RPG' (98%)
2026-06-12 18:23:42,862 - INFO - 📅 Fetching Basic Metadata: Oddsparks: An Automation Adventure
2026-06-12 18:23:42,927 - INFO - 🎯 IGDB Match: 'Oddsparks: An Automation Adventure' (100%)
2026-06-12 18:23:42,934 - INFO - 📅 Fetching Basic Metadata: Trash Goblin
2026-06-12 18:23:43,005 - INFO - 🎯 IGDB Match: 'Trash Goblin' (100%)
2026-06-12 18:23:43,011 - INFO - 🏢 Publisher Search: The Telltale Batman Shadows Edition
2026-06-12 18:23:44,405 - INFO - 📅 Fetching Basic Metadata: The Telltale Batman Shadows Edition
2026-06-12 18:23:44,509 - INFO - 🎯 IGDB Match: 'Telltale Batman Shadows Edition' (95%)
2026-06-12 18:23:44,515 - INFO - 🏢 Publisher Search: Sunderfolk - Standard Edition
2026-06-12 18:23:45,821 - INFO - 📅 Fetching Basic Metadata: Sunderfolk - Standard Edition
2026-06-12 18:23:45,947 - INFO - 📅 Fetching Basic Metadata: Down in Bermuda
2026-06-12 18:23:46,119 - INFO - 🎯 IGDB Match: 'Down in Bermuda' (100%)
2026-06-12 18:23:46,125 - INFO - 📅 Fetching Basic Metadata: Tomb Raider I-III Remastered Starring Lara Croft
2026-06-12 18:23:46,311 - INFO - 📅 Fetching Basic Metadata: LONESTAR
2026-06-12 18:23:46,381 - INFO - 🎯 IGDB Match: 'LoneStar' (100%)
2026-06-12 18:23:46,387 - INFO - 📅 Fetching Basic Metadata: Calico
2026-06-12 18:23:46,527 - INFO - 🎯 IGDB Match: 'Calico' (100%)
2026-06-12 18:23:46,534 - INFO - 📅 Fetching Basic Metadata: Rogue Waters
2026-06-12 18:23:46,603 - INFO - 🎯 IGDB Match: 'Rogue Waters' (100%)
2026-06-12 18:23:46,609 - INFO - 📅 Fetching Basic Metadata: The Ouroboros King
2026-06-12 18:23:46,725 - INFO - 🎯 IGDB Match: 'The Ouroboros King' (100%)
2026-06-12 18:23:46,732 - INFO - 🏢 Publisher Search: Warhammer 40K Speed Freeks
2026-06-12 18:23:48,045 - INFO - 📅 Fetching Basic Metadata: Warhammer 40K Speed Freeks
2026-06-12 18:23:48,177 - INFO - 
--- Starting Data Quality Checks ---
2026-06-12 18:23:48,191 - INFO - --- Data Quality Checks Complete ---

2026-06-12 18:23:48,221 - INFO - | Metric | Statistics |
| :--- | :--- |
| 💰 **Total Market Value** | **$13,108.09** |
| 📦 **Total Games Collected** | 680 |
| 🏷️ **Average Retail Price** | $22.35 per game |
| 💎 **Most Expensive Title** | Civilization 6 Platinum Edition ($79.99) |
| 👑 **MVP Publisher** | Bethesda Softworks |
| 🏢 **Value Leaders** | 2K ($579.90), Bethesda Softworks ($544.80), Paradox Interactive ($409.89) |
| 📈 **Inflation-Adjusted Value** | $14,905.33 |
| 🎈 **Inflation Bonus** | **+$1,797.24** in purchasing power |
| 🗓️ **Peak Saving Month** | 🎄 **Seasonality Peak:** December is historically the best month, offering $3,388.17 in savings. |
| ⭐ **Average Score** | 76.8/100 |
| 💳 **Subscription Equivalent** | **$168.86 / mo** |
| 🎯 **Prestige Ratio** | **1.9%** (Strategic Hype) |
| 🏎️ **Lead Time Avg** | 447 Days to Sequel |

2026-06-12 18:23:48,222 - INFO - ✅ README.md updated.
2026-06-12 18:23:48,246 - INFO - Using categorical units to plot a list of strings that are all parsable as floats or dates. If these strings should be plotted as numbers, cast to the appropriate data type before plotting.
2026-06-12 18:23:48,247 - INFO - Using categorical units to plot a list of strings that are all parsable as floats or dates. If these strings should be plotted as numbers, cast to the appropriate data type before plotting.
2026-06-12 18:23:54,520 - INFO - 📈 All charts generated successfully.
