2026-04-08 17:39:52,335 - INFO - Failed to extract font properties from /usr/share/fonts/truetype/noto/NotoColorEmoji.ttf: Can not load face (unknown file format; error code 0x2)
2026-04-08 17:39:52,419 - INFO - generated new fontManager
2026-04-08 17:39:52,729 - INFO - ✅ Migration Successful!
2026-04-08 17:39:53,111 - INFO - No new games found.
2026-04-08 17:39:53,532 - INFO - 🔍 Found 587 games needing metadata. Starting IGDB + Steam + CheapShark enrichment...
2026-04-08 17:39:53,619 - INFO - 📅 Fetching Basic Metadata: LEGO Batman Trilogy
2026-04-08 17:39:53,987 - INFO - 🎯 IGDB Match: 'LEGO Batman Trilogy' (100%)
2026-04-08 17:39:54,013 - INFO - 📅 Fetching Basic Metadata: Antstream
2026-04-08 17:39:54,235 - INFO - 📅 Fetching Basic Metadata: The Drone Racing League Simulator
2026-04-08 17:39:54,516 - INFO - 🎯 IGDB Match: 'The Drone Racing League Simulator' (100%)
2026-04-08 17:39:54,523 - INFO - 📅 Fetching Basic Metadata: Dark Deity
2026-04-08 17:39:54,732 - INFO - 🎯 IGDB Match: 'Dark Deity' (100%)
2026-04-08 17:39:54,738 - INFO - 📅 Fetching Basic Metadata: RPG in a Box
2026-04-08 17:39:54,952 - INFO - 🎯 IGDB Match: 'RPG in a Box' (100%)
2026-04-08 17:39:54,958 - INFO - 📅 Fetching Basic Metadata: Fallout Classic Collection
2026-04-08 17:39:55,173 - INFO - 🎯 IGDB Match: 'Fallout Classic Collection' (100%)
2026-04-08 17:39:55,181 - INFO - 📅 Fetching Basic Metadata: Recipe for Disaster
2026-04-08 17:39:55,351 - INFO - 🎯 IGDB Match: 'Recipe for Disaster' (100%)
2026-04-08 17:39:55,357 - INFO - 📅 Fetching Basic Metadata: World of Warships — Starter Pack: Ishizuchi
2026-04-08 17:39:55,636 - INFO - 🎯 IGDB Match: 'World of Warships: Starter Pack - Ishizuchi' (98%)
2026-04-08 17:39:55,642 - INFO - 📅 Fetching Basic Metadata: Poker Club
2026-04-08 17:39:55,800 - INFO - 🎯 IGDB Match: 'Poker Club' (100%)
2026-04-08 17:39:55,806 - INFO - 📅 Fetching Basic Metadata: The Sims 4 The Daring Lifestyle Bundle
2026-04-08 17:39:56,008 - INFO - 🎯 IGDB Match: 'The Sims 4: The Daring Lifestyle Bundle' (99%)
2026-04-08 17:39:56,016 - INFO - 📅 Fetching Basic Metadata: Dodo Peak
2026-04-08 17:39:56,180 - INFO - 🎯 IGDB Match: 'Dodo Peak' (100%)
2026-04-08 17:39:56,186 - INFO - 📅 Fetching Basic Metadata: Spelldrifter
2026-04-08 17:39:56,350 - INFO - 🎯 IGDB Match: 'Spelldrifter' (100%)
2026-04-08 17:39:56,356 - INFO - 📅 Fetching Basic Metadata: Model Builder
2026-04-08 17:39:56,516 - INFO - 🎯 IGDB Match: 'Model Builder' (100%)
2026-04-08 17:39:56,522 - INFO - 📅 Fetching Basic Metadata: Godlike Burger
2026-04-08 17:39:56,682 - INFO - 🎯 IGDB Match: 'Godlike Burger' (100%)
2026-04-08 17:39:56,687 - INFO - 📅 Fetching Basic Metadata: Q.U.B.E. Ultimate Bundle
2026-04-08 17:39:56,853 - INFO - 🎯 IGDB Match: 'Q.U.B.E. Ultimate Bundle' (100%)
2026-04-08 17:39:56,860 - INFO - 📅 Fetching Basic Metadata: Jitsu Squad
2026-04-08 17:39:57,019 - INFO - 🎯 IGDB Match: 'Jitsu Squad' (100%)
2026-04-08 17:39:57,024 - INFO - 📅 Fetching Basic Metadata: Mighty Fight Federation
2026-04-08 17:39:57,304 - INFO - 🎯 IGDB Match: 'Mighty Fight Federation' (100%)
2026-04-08 17:39:57,313 - INFO - 📅 Fetching Basic Metadata: LOVE
2026-04-08 17:39:57,570 - INFO - 🎯 IGDB Match: 'Love Love Love' (90%)
2026-04-08 17:39:57,577 - INFO - 📅 Fetching Basic Metadata: Call of The Wild: The Angler
2026-04-08 17:39:57,736 - INFO - 🎯 IGDB Match: 'Call of the Wild: The Angler' (100%)
2026-04-08 17:39:57,744 - INFO - 📅 Fetching Basic Metadata: The Falconeer
2026-04-08 17:39:57,956 - INFO - 🎯 IGDB Match: 'The Falconeer: The Hunter' (90%)
2026-04-08 17:39:57,963 - INFO - 📅 Fetching Basic Metadata: Rawmen: Food Fighter Arena
2026-04-08 17:39:58,168 - INFO - 🎯 IGDB Match: 'Rawmen' (90%)
2026-04-08 17:39:58,174 - INFO - 📅 Fetching Basic Metadata: World of Warships – Starter Pack: Albany
2026-04-08 17:39:58,415 - INFO - 📅 Fetching Basic Metadata: Fallout Classic Edition
2026-04-08 17:39:58,627 - INFO - 📅 Fetching Basic Metadata: Outliver: Tribulation
2026-04-08 17:39:58,902 - INFO - 🎯 IGDB Match: 'Outliver: Tribulation' (100%)
2026-04-08 17:39:58,909 - INFO - 📅 Fetching Basic Metadata: Bus Simulator 21 Next Stop
2026-04-08 17:39:59,092 - INFO - 🎯 IGDB Match: 'Bus Simulator 21: Next Stop' (98%)
2026-04-08 17:39:59,099 - INFO - 📅 Fetching Basic Metadata: Turmoil
2026-04-08 17:39:59,262 - INFO - 🎯 IGDB Match: 'Turmoil' (100%)
2026-04-08 17:39:59,269 - INFO - 📅 Fetching Basic Metadata: World War Z Aftermath
2026-04-08 17:39:59,481 - INFO - 🎯 IGDB Match: 'World War Z: Aftermath' (98%)
2026-04-08 17:39:59,487 - INFO - 📅 Fetching Basic Metadata: World Of Warships – Anniversary Party Flavor
2026-04-08 17:39:59,699 - INFO - 📅 Fetching Basic Metadata: Neko Ghost, Jump!
2026-04-08 17:39:59,859 - INFO - 🎯 IGDB Match: 'Neko Ghost, Jump!' (100%)
2026-04-08 17:39:59,865 - INFO - 📅 Fetching Basic Metadata: Super Space Club
2026-04-08 17:40:00,024 - INFO - 🎯 IGDB Match: 'Super Space Club' (100%)
2026-04-08 17:40:00,030 - INFO - 📅 Fetching Basic Metadata: Touch Type Tale
2026-04-08 17:40:00,190 - INFO - 🎯 IGDB Match: 'Touch Type Tale' (100%)
2026-04-08 17:40:00,196 - INFO - 📅 Fetching Basic Metadata: Gigapocalypse
2026-04-08 17:40:00,419 - INFO - 🎯 IGDB Match: 'Gigapocalypse' (100%)
2026-04-08 17:40:00,426 - INFO - 📅 Fetching Basic Metadata: Legion TD2
2026-04-08 17:40:00,597 - INFO - 📅 Fetching Basic Metadata: Nightingale
2026-04-08 17:40:00,759 - INFO - 🎯 IGDB Match: 'Nightingale' (100%)
2026-04-08 17:40:00,767 - INFO - 📅 Fetching Basic Metadata: Godzilla Voxel Wars
2026-04-08 17:40:00,945 - INFO - 🎯 IGDB Match: 'Godzilla Voxel Wars' (100%)
2026-04-08 17:40:00,953 - INFO - 📅 Fetching Basic Metadata: Trine Classic Collection
2026-04-08 17:40:01,231 - INFO - 🎯 IGDB Match: 'Trine Classic Collection' (100%)
2026-04-08 17:40:01,238 - INFO - 📅 Fetching Basic Metadata: Poison Retro Set
2026-04-08 17:40:01,401 - INFO - 🎯 IGDB Match: 'Pixel Gun 3D: Poison Retro Set' (90%)
2026-04-08 17:40:01,406 - INFO - 📅 Fetching Basic Metadata: The Darkside Detective A Fumble in the Dark
2026-04-08 17:40:01,568 - INFO - 🎯 IGDB Match: 'The Darkside Detective: A Fumble in the Dark' (99%)
2026-04-08 17:40:01,574 - INFO - 📅 Fetching Basic Metadata: Return to Ash
2026-04-08 17:40:01,720 - WARNING - IGDB Error for Return to Ash: string indices must be integers, not 'str'
2026-04-08 17:40:01,726 - INFO - 🏢 Publisher Search: STALCRAFT: X Starter Edition
2026-04-08 17:40:03,216 - INFO - 📅 Fetching Basic Metadata: STALCRAFT: X Starter Edition
2026-04-08 17:40:03,385 - INFO - 📅 Fetching Basic Metadata: Boxes: Lost Fragments
2026-04-08 17:40:03,547 - INFO - 🎯 IGDB Match: 'Boxes: Lost Fragments' (100%)
2026-04-08 17:40:03,552 - INFO - 📅 Fetching Basic Metadata: My Night Job
2026-04-08 17:40:03,738 - INFO - 🎯 IGDB Match: 'My Night Job' (100%)
2026-04-08 17:40:03,745 - INFO - 📅 Fetching Basic Metadata: Electrician Simulator
2026-04-08 17:40:03,907 - INFO - 🎯 IGDB Match: 'Electrician Simulator' (100%)
2026-04-08 17:40:03,913 - INFO - 🏢 Publisher Search: World of Warships — Epic Anniversary Tachibana Pack
2026-04-08 17:40:05,294 - INFO - 📅 Fetching Basic Metadata: World of Warships — Epic Anniversary Tachibana Pack
2026-04-08 17:40:05,473 - INFO - 📅 Fetching Basic Metadata: Hyper Echelon
2026-04-08 17:40:05,637 - INFO - 🎯 IGDB Match: 'Hyper Echelon' (100%)
2026-04-08 17:40:05,643 - INFO - 📅 Fetching Basic Metadata: Havendock
2026-04-08 17:40:05,801 - INFO - 🎯 IGDB Match: 'Havendock' (100%)
2026-04-08 17:40:05,807 - INFO - 📅 Fetching Basic Metadata: Clone Drone in the Danger Zone
2026-04-08 17:40:05,970 - INFO - 🎯 IGDB Match: 'Clone Drone in the Danger Zone' (100%)
2026-04-08 17:40:05,976 - INFO - 🏢 Publisher Search: TOMAK: Save the Earth Regeneration
2026-04-08 17:40:07,385 - INFO - 📅 Fetching Basic Metadata: TOMAK: Save the Earth Regeneration
2026-04-08 17:40:07,553 - INFO - 🎯 IGDB Match: 'Tomak: Save the Earth Regeneration' (100%)
2026-04-08 17:40:07,563 - INFO - 
--- Starting Data Quality Checks ---
2026-04-08 17:40:07,575 - INFO - --- Data Quality Checks Complete ---

2026-04-08 17:40:07,604 - INFO - | Metric | Statistics |
| :--- | :--- |
| 💰 **Total Market Value** | **$12,768.24** |
| 📦 **Total Games Collected** | 663 |
| 🏷️ **Average Retail Price** | $22.41 per game |
| 💎 **Most Expensive Title** | Civilization 6 Platinum Edition ($79.99) |
| 👑 **MVP Publisher** | Bethesda Softworks |
| 🏢 **Value Leaders** | 2K ($579.90), Bethesda Softworks ($544.80), Paradox Interactive ($409.89) |
| 📈 **Inflation-Adjusted Value** | $14,565.48 |
| 🎈 **Inflation Bonus** | **+$1,797.24** in purchasing power |
| 🗓️ **Peak Saving Month** | 🎄 **Seasonality Peak:** December is historically the best month, offering $3,388.17 in savings. |
| ⭐ **Average Score** | 76.7/100 |
| 💳 **Subscription Equivalent** | **$168.84 / mo** |
| 🎯 **Prestige Ratio** | **2.0%** (Strategic Hype) |
| 🏎️ **Lead Time Avg** | 447 Days to Sequel |

2026-04-08 17:40:07,604 - INFO - ✅ README.md updated.
2026-04-08 17:40:07,626 - INFO - Using categorical units to plot a list of strings that are all parsable as floats or dates. If these strings should be plotted as numbers, cast to the appropriate data type before plotting.
2026-04-08 17:40:07,627 - INFO - Using categorical units to plot a list of strings that are all parsable as floats or dates. If these strings should be plotted as numbers, cast to the appropriate data type before plotting.
2026-04-08 17:40:12,731 - INFO - 📈 All charts generated successfully.
