2026-05-25 18:09:07,041 - INFO - Failed to extract font properties from /usr/share/fonts/truetype/noto/NotoColorEmoji.ttf: Can not load face (unknown file format; error code 0x2)
2026-05-25 18:09:07,163 - INFO - generated new fontManager
2026-05-25 18:09:07,469 - INFO - ✅ Migration Successful!
2026-05-25 18:09:07,909 - INFO - No new games found.
2026-05-25 18:09:08,532 - INFO - 🔍 Found 598 games needing metadata. Starting IGDB + Steam + CheapShark enrichment...
2026-05-25 18:09:08,612 - INFO - 📅 Fetching Basic Metadata: LEGO Batman Trilogy
2026-05-25 18:09:08,885 - INFO - 🎯 IGDB Match: 'LEGO Batman Trilogy' (100%)
2026-05-25 18:09:08,907 - INFO - 📅 Fetching Basic Metadata: Antstream
2026-05-25 18:09:09,038 - INFO - 📅 Fetching Basic Metadata: The Drone Racing League Simulator
2026-05-25 18:09:09,157 - INFO - 🎯 IGDB Match: 'The Drone Racing League Simulator' (100%)
2026-05-25 18:09:09,164 - INFO - 📅 Fetching Basic Metadata: Dark Deity
2026-05-25 18:09:09,315 - INFO - 🎯 IGDB Match: 'Dark Deity' (100%)
2026-05-25 18:09:09,321 - INFO - 📅 Fetching Basic Metadata: RPG in a Box
2026-05-25 18:09:09,442 - INFO - 🎯 IGDB Match: 'RPG in a Box' (100%)
2026-05-25 18:09:09,448 - INFO - 📅 Fetching Basic Metadata: Fallout Classic Collection
2026-05-25 18:09:09,550 - INFO - 🎯 IGDB Match: 'Fallout Classic Collection' (100%)
2026-05-25 18:09:09,558 - INFO - 📅 Fetching Basic Metadata: Recipe for Disaster
2026-05-25 18:09:09,683 - INFO - 🎯 IGDB Match: 'Recipe For Disaster' (100%)
2026-05-25 18:09:09,690 - INFO - 📅 Fetching Basic Metadata: World of Warships — Starter Pack: Ishizuchi
2026-05-25 18:09:09,816 - INFO - 🎯 IGDB Match: 'World of Warships: Starter Pack - Ishizuchi' (98%)
2026-05-25 18:09:09,823 - INFO - 📅 Fetching Basic Metadata: Poker Club
2026-05-25 18:09:09,940 - INFO - 🎯 IGDB Match: 'Poker Club' (100%)
2026-05-25 18:09:09,946 - INFO - 📅 Fetching Basic Metadata: The Sims 4 The Daring Lifestyle Bundle
2026-05-25 18:09:10,092 - INFO - 🎯 IGDB Match: 'The Sims 4: The Daring Lifestyle Bundle' (99%)
2026-05-25 18:09:10,100 - INFO - 📅 Fetching Basic Metadata: Dodo Peak
2026-05-25 18:09:10,247 - INFO - 🎯 IGDB Match: 'Dodo Peak' (100%)
2026-05-25 18:09:10,253 - INFO - 📅 Fetching Basic Metadata: Spelldrifter
2026-05-25 18:09:10,344 - INFO - 🎯 IGDB Match: 'Spelldrifter' (100%)
2026-05-25 18:09:10,351 - INFO - 📅 Fetching Basic Metadata: Model Builder
2026-05-25 18:09:10,449 - INFO - 🎯 IGDB Match: 'Model Builder' (100%)
2026-05-25 18:09:10,455 - INFO - 📅 Fetching Basic Metadata: Godlike Burger
2026-05-25 18:09:10,566 - INFO - 🎯 IGDB Match: 'Godlike Burger' (100%)
2026-05-25 18:09:10,572 - INFO - 📅 Fetching Basic Metadata: Q.U.B.E. Ultimate Bundle
2026-05-25 18:09:10,666 - INFO - 🎯 IGDB Match: 'Q.U.B.E. Ultimate Bundle' (100%)
2026-05-25 18:09:10,673 - INFO - 📅 Fetching Basic Metadata: Jitsu Squad
2026-05-25 18:09:10,770 - INFO - 🎯 IGDB Match: 'Jitsu Squad' (100%)
2026-05-25 18:09:10,776 - INFO - 📅 Fetching Basic Metadata: Mighty Fight Federation
2026-05-25 18:09:10,875 - INFO - 🎯 IGDB Match: 'Mighty Fight Federation' (100%)
2026-05-25 18:09:10,884 - INFO - 📅 Fetching Basic Metadata: LOVE
2026-05-25 18:09:11,012 - INFO - 🎯 IGDB Match: 'Love Love Love' (90%)
2026-05-25 18:09:11,020 - INFO - 📅 Fetching Basic Metadata: Call of The Wild: The Angler
2026-05-25 18:09:11,117 - INFO - 🎯 IGDB Match: 'Call of the Wild: The Angler' (100%)
2026-05-25 18:09:11,125 - INFO - 📅 Fetching Basic Metadata: The Falconeer
2026-05-25 18:09:11,207 - WARNING - IGDB Error for The Falconeer: string indices must be integers, not 'str'
2026-05-25 18:09:11,214 - INFO - 📅 Fetching Basic Metadata: Rawmen: Food Fighter Arena
2026-05-25 18:09:11,296 - WARNING - IGDB Error for Rawmen: Food Fighter Arena: string indices must be integers, not 'str'
2026-05-25 18:09:11,303 - INFO - 📅 Fetching Basic Metadata: World of Warships – Starter Pack: Albany
2026-05-25 18:09:11,388 - WARNING - IGDB Error for World of Warships – Starter Pack: Albany: string indices must be integers, not 'str'
2026-05-25 18:09:11,394 - INFO - 📅 Fetching Basic Metadata: Fallout Classic Edition
2026-05-25 18:09:11,475 - WARNING - IGDB Error for Fallout Classic Edition: string indices must be integers, not 'str'
2026-05-25 18:09:11,483 - INFO - 📅 Fetching Basic Metadata: Outliver: Tribulation
2026-05-25 18:09:11,567 - WARNING - IGDB Error for Outliver: Tribulation: string indices must be integers, not 'str'
2026-05-25 18:09:11,575 - INFO - 📅 Fetching Basic Metadata: Bus Simulator 21 Next Stop
2026-05-25 18:09:11,657 - WARNING - IGDB Error for Bus Simulator 21 Next Stop: string indices must be integers, not 'str'
2026-05-25 18:09:11,665 - INFO - 📅 Fetching Basic Metadata: Turmoil
2026-05-25 18:09:11,745 - WARNING - IGDB Error for Turmoil: string indices must be integers, not 'str'
2026-05-25 18:09:11,752 - INFO - 📅 Fetching Basic Metadata: World War Z Aftermath
2026-05-25 18:09:11,837 - WARNING - IGDB Error for World War Z Aftermath: string indices must be integers, not 'str'
2026-05-25 18:09:11,844 - INFO - 📅 Fetching Basic Metadata: World Of Warships – Anniversary Party Flavor
2026-05-25 18:09:11,977 - INFO - 📅 Fetching Basic Metadata: Neko Ghost, Jump!
2026-05-25 18:09:12,061 - WARNING - IGDB Error for Neko Ghost, Jump!: string indices must be integers, not 'str'
2026-05-25 18:09:12,068 - INFO - 📅 Fetching Basic Metadata: Super Space Club
2026-05-25 18:09:12,167 - INFO - 🎯 IGDB Match: 'Super Space Club' (100%)
2026-05-25 18:09:12,173 - INFO - 📅 Fetching Basic Metadata: Touch Type Tale
2026-05-25 18:09:12,273 - INFO - 🎯 IGDB Match: 'Touch Type Tale' (100%)
2026-05-25 18:09:12,280 - INFO - 📅 Fetching Basic Metadata: Gigapocalypse
2026-05-25 18:09:12,384 - INFO - 🎯 IGDB Match: 'Gigapocalypse' (100%)
2026-05-25 18:09:12,391 - INFO - 📅 Fetching Basic Metadata: Legion TD2
2026-05-25 18:09:12,495 - INFO - 📅 Fetching Basic Metadata: Nightingale
2026-05-25 18:09:12,578 - WARNING - IGDB Error for Nightingale: string indices must be integers, not 'str'
2026-05-25 18:09:12,585 - INFO - 📅 Fetching Basic Metadata: Godzilla Voxel Wars
2026-05-25 18:09:12,678 - INFO - 🎯 IGDB Match: 'Godzilla Voxel Wars' (100%)
2026-05-25 18:09:12,686 - INFO - 📅 Fetching Basic Metadata: Trine Classic Collection
2026-05-25 18:09:12,847 - WARNING - IGDB Error for Trine Classic Collection: string indices must be integers, not 'str'
2026-05-25 18:09:12,854 - INFO - 📅 Fetching Basic Metadata: Poison Retro Set
2026-05-25 18:09:12,941 - WARNING - IGDB Error for Poison Retro Set: string indices must be integers, not 'str'
2026-05-25 18:09:12,948 - INFO - 📅 Fetching Basic Metadata: The Darkside Detective A Fumble in the Dark
2026-05-25 18:09:13,029 - WARNING - IGDB Error for The Darkside Detective A Fumble in the Dark: string indices must be integers, not 'str'
2026-05-25 18:09:13,036 - INFO - 📅 Fetching Basic Metadata: Return to Ash
2026-05-25 18:09:13,161 - INFO - 🎯 IGDB Match: 'Return to Ash' (100%)
2026-05-25 18:09:13,167 - INFO - 🏢 Publisher Search: STALCRAFT: X Starter Edition
2026-05-25 18:09:14,488 - INFO - 📅 Fetching Basic Metadata: STALCRAFT: X Starter Edition
2026-05-25 18:09:14,641 - INFO - 📅 Fetching Basic Metadata: Boxes: Lost Fragments
2026-05-25 18:09:14,736 - INFO - 🎯 IGDB Match: 'Boxes: Lost Fragments' (100%)
2026-05-25 18:09:14,742 - INFO - 📅 Fetching Basic Metadata: My Night Job
2026-05-25 18:09:14,839 - INFO - 🎯 IGDB Match: 'My Night Job' (100%)
2026-05-25 18:09:14,846 - INFO - 📅 Fetching Basic Metadata: Electrician Simulator
2026-05-25 18:09:14,944 - INFO - 🎯 IGDB Match: 'Electrician Simulator' (100%)
2026-05-25 18:09:14,950 - INFO - 🏢 Publisher Search: World of Warships — Epic Anniversary Tachibana Pack
2026-05-25 18:09:16,311 - INFO - 📅 Fetching Basic Metadata: World of Warships — Epic Anniversary Tachibana Pack
2026-05-25 18:09:16,425 - INFO - 📅 Fetching Basic Metadata: Hyper Echelon
2026-05-25 18:09:16,521 - INFO - 🎯 IGDB Match: 'Hyper Echelon' (100%)
2026-05-25 18:09:16,527 - INFO - 📅 Fetching Basic Metadata: Havendock
2026-05-25 18:09:16,624 - INFO - 🎯 IGDB Match: 'Havendock' (100%)
2026-05-25 18:09:16,630 - INFO - 📅 Fetching Basic Metadata: Clone Drone in the Danger Zone
2026-05-25 18:09:16,726 - INFO - 🎯 IGDB Match: 'Clone Drone in the Danger Zone' (100%)
2026-05-25 18:09:16,732 - INFO - 🏢 Publisher Search: TOMAK: Save the Earth Regeneration
2026-05-25 18:09:18,163 - INFO - 📅 Fetching Basic Metadata: TOMAK: Save the Earth Regeneration
2026-05-25 18:09:18,262 - INFO - 🎯 IGDB Match: 'Tomak: Save the Earth Regeneration' (100%)
2026-05-25 18:09:18,268 - INFO - 📅 Fetching Basic Metadata: Prop Sumo
2026-05-25 18:09:18,366 - INFO - 🎯 IGDB Match: 'Prop Sumo' (100%)
2026-05-25 18:09:18,372 - INFO - 📅 Fetching Basic Metadata: The Stone of Madness
2026-05-25 18:09:18,468 - INFO - 🎯 IGDB Match: 'The Stone of Madness' (100%)
2026-05-25 18:09:18,475 - INFO - 📅 Fetching Basic Metadata: Firestone Online Idle RPG
2026-05-25 18:09:18,570 - INFO - 🎯 IGDB Match: 'Firestone: Online Idle RPG' (98%)
2026-05-25 18:09:18,576 - INFO - 📅 Fetching Basic Metadata: Oddsparks: An Automation Adventure
2026-05-25 18:09:18,669 - INFO - 🎯 IGDB Match: 'Oddsparks: An Automation Adventure' (100%)
2026-05-25 18:09:18,676 - INFO - 📅 Fetching Basic Metadata: Trash Goblin
2026-05-25 18:09:18,777 - INFO - 🎯 IGDB Match: 'Trash Goblin' (100%)
2026-05-25 18:09:18,783 - INFO - 🏢 Publisher Search: The Telltale Batman Shadows Edition
2026-05-25 18:09:20,105 - INFO - 📅 Fetching Basic Metadata: The Telltale Batman Shadows Edition
2026-05-25 18:09:20,210 - INFO - 🎯 IGDB Match: 'Telltale Batman Shadows Edition' (95%)
2026-05-25 18:09:20,216 - INFO - 🏢 Publisher Search: Sunderfolk - Standard Edition
2026-05-25 18:09:21,577 - INFO - 📅 Fetching Basic Metadata: Sunderfolk - Standard Edition
2026-05-25 18:09:21,680 - INFO - 📅 Fetching Basic Metadata: Down in Bermuda
2026-05-25 18:09:21,800 - INFO - 🎯 IGDB Match: 'Down in Bermuda' (100%)
2026-05-25 18:09:21,806 - INFO - 📅 Fetching Basic Metadata: Tomb Raider I-III Remastered Starring Lara Croft
2026-05-25 18:09:21,910 - INFO - 
--- Starting Data Quality Checks ---
2026-05-25 18:09:21,922 - INFO - --- Data Quality Checks Complete ---

2026-05-25 18:09:21,951 - INFO - | Metric | Statistics |
| :--- | :--- |
| 💰 **Total Market Value** | **$12,993.15** |
| 📦 **Total Games Collected** | 674 |
| 🏷️ **Average Retail Price** | $22.38 per game |
| 💎 **Most Expensive Title** | Civilization 6 Platinum Edition ($79.99) |
| 👑 **MVP Publisher** | Bethesda Softworks |
| 🏢 **Value Leaders** | 2K ($579.90), Bethesda Softworks ($544.80), Paradox Interactive ($409.89) |
| 📈 **Inflation-Adjusted Value** | $14,790.39 |
| 🎈 **Inflation Bonus** | **+$1,797.24** in purchasing power |
| 🗓️ **Peak Saving Month** | 🎄 **Seasonality Peak:** December is historically the best month, offering $3,388.17 in savings. |
| ⭐ **Average Score** | 76.8/100 |
| 💳 **Subscription Equivalent** | **$169.47 / mo** |
| 🎯 **Prestige Ratio** | **1.9%** (Strategic Hype) |
| 🏎️ **Lead Time Avg** | 447 Days to Sequel |

2026-05-25 18:09:21,951 - INFO - ✅ README.md updated.
2026-05-25 18:09:21,974 - INFO - Using categorical units to plot a list of strings that are all parsable as floats or dates. If these strings should be plotted as numbers, cast to the appropriate data type before plotting.
2026-05-25 18:09:21,975 - INFO - Using categorical units to plot a list of strings that are all parsable as floats or dates. If these strings should be plotted as numbers, cast to the appropriate data type before plotting.
2026-05-25 18:09:27,133 - INFO - 📈 All charts generated successfully.
