2026-03-18 17:36:29,634 - INFO - Failed to extract font properties from /usr/share/fonts/truetype/noto/NotoColorEmoji.ttf: Can not load face (unknown file format; error code 0x2)
2026-03-18 17:36:29,662 - INFO - generated new fontManager
2026-03-18 17:36:30,007 - INFO - ✅ Migration Successful!
2026-03-18 17:36:30,354 - INFO - No new games found.
2026-03-18 17:36:30,910 - INFO - 🔍 Found 581 games needing metadata. Starting IGDB + Steam + CheapShark enrichment...
2026-03-18 17:36:31,010 - INFO - 📅 Fetching Basic Metadata: LEGO Batman Trilogy
2026-03-18 17:36:31,427 - INFO - 🎯 IGDB Match: 'LEGO Batman Trilogy' (100%)
2026-03-18 17:36:31,455 - INFO - 📅 Fetching Basic Metadata: Antstream
2026-03-18 17:36:31,816 - INFO - 📅 Fetching Basic Metadata: The Drone Racing League Simulator
2026-03-18 17:36:32,015 - INFO - 🎯 IGDB Match: 'The Drone Racing League Simulator' (100%)
2026-03-18 17:36:32,024 - INFO - 📅 Fetching Basic Metadata: Dark Deity
2026-03-18 17:36:32,395 - INFO - 🎯 IGDB Match: 'Dark Deity' (100%)
2026-03-18 17:36:32,401 - INFO - 📅 Fetching Basic Metadata: RPG in a Box
2026-03-18 17:36:32,692 - INFO - 🎯 IGDB Match: 'RPG in a Box' (100%)
2026-03-18 17:36:32,700 - INFO - 📅 Fetching Basic Metadata: Fallout Classic Collection
2026-03-18 17:36:32,884 - INFO - 🎯 IGDB Match: 'Fallout Classic Collection' (100%)
2026-03-18 17:36:32,895 - INFO - 📅 Fetching Basic Metadata: Recipe for Disaster
2026-03-18 17:36:33,175 - INFO - 🎯 IGDB Match: 'Recipe for Disaster' (100%)
2026-03-18 17:36:33,182 - INFO - 📅 Fetching Basic Metadata: World of Warships — Starter Pack: Ishizuchi
2026-03-18 17:36:33,450 - INFO - 🎯 IGDB Match: 'World of Warships: Starter Pack - Ishizuchi' (98%)
2026-03-18 17:36:33,457 - INFO - 📅 Fetching Basic Metadata: Poker Club
2026-03-18 17:36:33,706 - INFO - 🎯 IGDB Match: 'Poker Club' (100%)
2026-03-18 17:36:33,712 - INFO - 📅 Fetching Basic Metadata: The Sims 4 The Daring Lifestyle Bundle
2026-03-18 17:36:33,941 - INFO - 🎯 IGDB Match: 'The Sims 4: The Daring Lifestyle Bundle' (99%)
2026-03-18 17:36:33,950 - INFO - 📅 Fetching Basic Metadata: Dodo Peak
2026-03-18 17:36:34,143 - INFO - 🎯 IGDB Match: 'Dodo Peak' (100%)
2026-03-18 17:36:34,149 - INFO - 📅 Fetching Basic Metadata: Spelldrifter
2026-03-18 17:36:34,323 - INFO - 🎯 IGDB Match: 'Spelldrifter' (100%)
2026-03-18 17:36:34,329 - INFO - 📅 Fetching Basic Metadata: Model Builder
2026-03-18 17:36:34,571 - INFO - 🎯 IGDB Match: 'Model Builder' (100%)
2026-03-18 17:36:34,577 - INFO - 📅 Fetching Basic Metadata: Godlike Burger
2026-03-18 17:36:34,899 - INFO - 🎯 IGDB Match: 'Godlike Burger' (100%)
2026-03-18 17:36:34,905 - INFO - 📅 Fetching Basic Metadata: Q.U.B.E. Ultimate Bundle
2026-03-18 17:36:35,161 - INFO - 🎯 IGDB Match: 'Q.U.B.E. Ultimate Bundle' (100%)
2026-03-18 17:36:35,168 - INFO - 📅 Fetching Basic Metadata: Jitsu Squad
2026-03-18 17:36:35,300 - INFO - 🎯 IGDB Match: 'Jitsu Squad' (100%)
2026-03-18 17:36:35,306 - INFO - 📅 Fetching Basic Metadata: Mighty Fight Federation
2026-03-18 17:36:35,433 - INFO - 🎯 IGDB Match: 'Mighty Fight Federation' (100%)
2026-03-18 17:36:35,442 - INFO - 📅 Fetching Basic Metadata: LOVE
2026-03-18 17:36:35,623 - INFO - 🎯 IGDB Match: 'Love Love Love' (90%)
2026-03-18 17:36:35,631 - INFO - 📅 Fetching Basic Metadata: Call of The Wild: The Angler
2026-03-18 17:36:35,846 - INFO - 🎯 IGDB Match: 'Call of the Wild: The Angler' (100%)
2026-03-18 17:36:35,855 - INFO - 📅 Fetching Basic Metadata: The Falconeer
2026-03-18 17:36:35,996 - INFO - 🎯 IGDB Match: 'The Falconeer: The Hunter' (90%)
2026-03-18 17:36:36,003 - INFO - 📅 Fetching Basic Metadata: Rawmen: Food Fighter Arena
2026-03-18 17:36:36,164 - INFO - 🎯 IGDB Match: 'Rawmen' (90%)
2026-03-18 17:36:36,171 - INFO - 📅 Fetching Basic Metadata: World of Warships – Starter Pack: Albany
2026-03-18 17:36:36,386 - INFO - 📅 Fetching Basic Metadata: Fallout Classic Edition
2026-03-18 17:36:36,530 - INFO - 📅 Fetching Basic Metadata: Outliver: Tribulation
2026-03-18 17:36:36,660 - INFO - 🎯 IGDB Match: 'Outliver: Tribulation' (100%)
2026-03-18 17:36:36,668 - INFO - 📅 Fetching Basic Metadata: Bus Simulator 21 Next Stop
2026-03-18 17:36:36,857 - INFO - 🎯 IGDB Match: 'Bus Simulator 21: Next Stop' (98%)
2026-03-18 17:36:36,865 - INFO - 📅 Fetching Basic Metadata: Turmoil
2026-03-18 17:36:37,052 - INFO - 🎯 IGDB Match: 'Turmoil' (100%)
2026-03-18 17:36:37,059 - INFO - 📅 Fetching Basic Metadata: World War Z Aftermath
2026-03-18 17:36:37,279 - INFO - 🎯 IGDB Match: 'World War Z: Aftermath' (98%)
2026-03-18 17:36:37,285 - INFO - 📅 Fetching Basic Metadata: World Of Warships – Anniversary Party Flavor
2026-03-18 17:36:37,513 - INFO - 📅 Fetching Basic Metadata: Neko Ghost, Jump!
2026-03-18 17:36:37,638 - INFO - 🎯 IGDB Match: 'Neko Ghost, Jump!' (100%)
2026-03-18 17:36:37,645 - INFO - 📅 Fetching Basic Metadata: Super Space Club
2026-03-18 17:36:37,819 - INFO - 🎯 IGDB Match: 'Super Space Club' (100%)
2026-03-18 17:36:37,825 - INFO - 📅 Fetching Basic Metadata: Touch Type Tale
2026-03-18 17:36:38,121 - INFO - 🎯 IGDB Match: 'Touch Type Tale' (100%)
2026-03-18 17:36:38,127 - INFO - 📅 Fetching Basic Metadata: Gigapocalypse
2026-03-18 17:36:38,352 - INFO - 🎯 IGDB Match: 'Gigapocalypse' (100%)
2026-03-18 17:36:38,360 - INFO - 📅 Fetching Basic Metadata: Legion TD2
2026-03-18 17:36:38,519 - INFO - 📅 Fetching Basic Metadata: Nightingale
2026-03-18 17:36:38,647 - INFO - 🎯 IGDB Match: 'Nightingale' (100%)
2026-03-18 17:36:38,655 - INFO - 📅 Fetching Basic Metadata: Godzilla Voxel Wars
2026-03-18 17:36:38,779 - INFO - 🎯 IGDB Match: 'Godzilla Voxel Wars' (100%)
2026-03-18 17:36:38,787 - INFO - 📅 Fetching Basic Metadata: Trine Classic Collection
2026-03-18 17:36:38,949 - INFO - 🎯 IGDB Match: 'Trine Classic Collection' (100%)
2026-03-18 17:36:38,956 - INFO - 📅 Fetching Basic Metadata: Poison Retro Set
2026-03-18 17:36:39,078 - INFO - 🎯 IGDB Match: 'Pixel Gun 3D: Poison Retro Set' (90%)
2026-03-18 17:36:39,084 - INFO - 📅 Fetching Basic Metadata: The Darkside Detective A Fumble in the Dark
2026-03-18 17:36:39,220 - INFO - 🎯 IGDB Match: 'The Darkside Detective: A Fumble in the Dark' (99%)
2026-03-18 17:36:39,226 - INFO - 📅 Fetching Basic Metadata: Return to Ash
2026-03-18 17:36:39,351 - INFO - 🎯 IGDB Match: 'Return to Ash' (100%)
2026-03-18 17:36:39,358 - INFO - 🏢 Publisher Search: STALCRAFT: X Starter Edition
2026-03-18 17:36:40,911 - INFO - 📅 Fetching Basic Metadata: STALCRAFT: X Starter Edition
2026-03-18 17:36:41,047 - INFO - 📅 Fetching Basic Metadata: Boxes: Lost Fragments
2026-03-18 17:36:41,181 - INFO - 🎯 IGDB Match: 'Boxes: Lost Fragments' (100%)
2026-03-18 17:36:41,187 - INFO - 📅 Fetching Basic Metadata: My Night Job
2026-03-18 17:36:41,314 - INFO - 🎯 IGDB Match: 'My Night Job' (100%)
2026-03-18 17:36:41,326 - INFO - 
--- Starting Data Quality Checks ---
2026-03-18 17:36:41,339 - INFO - --- Data Quality Checks Complete ---

2026-03-18 17:36:41,369 - INFO - | Metric | Statistics |
| :--- | :--- |
| 💰 **Total Market Value** | **$12,663.29** |
| 📦 **Total Games Collected** | 657 |
| 🏷️ **Average Retail Price** | $22.46 per game |
| 💎 **Most Expensive Title** | Civilization 6 Platinum Edition ($79.99) |
| 👑 **MVP Publisher** | Bethesda Softworks |
| 🏢 **Value Leaders** | 2K ($579.90), Bethesda Softworks ($544.80), Paradox Interactive ($409.89) |
| 📈 **Inflation-Adjusted Value** | $14,460.53 |
| 🎈 **Inflation Bonus** | **+$1,797.24** in purchasing power |
| 🗓️ **Peak Saving Month** | 🎄 **Seasonality Peak:** December is historically the best month, offering $3,388.17 in savings. |
| ⭐ **Average Score** | 76.7/100 |
| 💳 **Subscription Equivalent** | **$169.57 / mo** |
| 🎯 **Prestige Ratio** | **2.0%** (Strategic Hype) |
| 🏎️ **Lead Time Avg** | 447 Days to Sequel |

2026-03-18 17:36:41,370 - INFO - ✅ README.md updated.
2026-03-18 17:36:41,394 - INFO - Using categorical units to plot a list of strings that are all parsable as floats or dates. If these strings should be plotted as numbers, cast to the appropriate data type before plotting.
2026-03-18 17:36:41,395 - INFO - Using categorical units to plot a list of strings that are all parsable as floats or dates. If these strings should be plotted as numbers, cast to the appropriate data type before plotting.
2026-03-18 17:36:47,099 - INFO - 📈 All charts generated successfully.
