2026-02-21 16:55:52,153 - INFO - Failed to extract font properties from /usr/share/fonts/truetype/noto/NotoColorEmoji.ttf: Can not load face (unknown file format; error code 0x2)
2026-02-21 16:55:53,265 - INFO - generated new fontManager
2026-02-21 16:55:53,633 - INFO - ✅ Migration Successful!
2026-02-21 16:55:54,230 - INFO - No new games found.
2026-02-21 16:55:54,653 - INFO - 🔍 Found 575 games needing metadata. Starting IGDB + Steam + CheapShark enrichment...
2026-02-21 16:55:54,757 - INFO - 📅 Fetching Basic Metadata: LEGO Batman Trilogy
2026-02-21 16:55:55,414 - INFO - 🎯 IGDB Match: 'LEGO Batman Trilogy' (100%)
2026-02-21 16:55:55,442 - INFO - 📅 Fetching Basic Metadata: Antstream
2026-02-21 16:55:55,718 - INFO - 📅 Fetching Basic Metadata: The Drone Racing League Simulator
2026-02-21 16:55:55,999 - INFO - 🎯 IGDB Match: 'The Drone Racing League Simulator' (100%)
2026-02-21 16:55:56,007 - INFO - 📅 Fetching Basic Metadata: Dark Deity
2026-02-21 16:55:56,239 - INFO - 🎯 IGDB Match: 'Dark Deity' (100%)
2026-02-21 16:55:56,245 - INFO - 📅 Fetching Basic Metadata: RPG in a Box
2026-02-21 16:55:56,507 - INFO - 🎯 IGDB Match: 'RPG in a Box' (100%)
2026-02-21 16:55:56,515 - INFO - 📅 Fetching Basic Metadata: Fallout Classic Collection
2026-02-21 16:55:56,763 - INFO - 🎯 IGDB Match: 'Fallout Classic Collection' (100%)
2026-02-21 16:55:56,771 - INFO - 📅 Fetching Basic Metadata: Recipe for Disaster
2026-02-21 16:55:56,924 - INFO - 🎯 IGDB Match: 'Recipe for Disaster' (100%)
2026-02-21 16:55:56,931 - INFO - 📅 Fetching Basic Metadata: World of Warships — Starter Pack: Ishizuchi
2026-02-21 16:55:57,104 - INFO - 🎯 IGDB Match: 'World of Warships: Starter Pack - Ishizuchi' (98%)
2026-02-21 16:55:57,111 - INFO - 📅 Fetching Basic Metadata: Poker Club
2026-02-21 16:55:57,295 - INFO - 🎯 IGDB Match: 'Poker Club' (100%)
2026-02-21 16:55:57,301 - INFO - 📅 Fetching Basic Metadata: The Sims 4 The Daring Lifestyle Bundle
2026-02-21 16:55:57,453 - INFO - 🎯 IGDB Match: 'The Sims 4: The Daring Lifestyle Bundle' (99%)
2026-02-21 16:55:57,461 - INFO - 📅 Fetching Basic Metadata: Dodo Peak
2026-02-21 16:55:57,610 - INFO - 🎯 IGDB Match: 'Dodo Peak' (100%)
2026-02-21 16:55:57,616 - INFO - 📅 Fetching Basic Metadata: Spelldrifter
2026-02-21 16:55:57,813 - INFO - 🎯 IGDB Match: 'Spelldrifter' (100%)
2026-02-21 16:55:57,819 - INFO - 📅 Fetching Basic Metadata: Model Builder
2026-02-21 16:55:57,977 - INFO - 🎯 IGDB Match: 'Model Builder' (100%)
2026-02-21 16:55:57,983 - INFO - 📅 Fetching Basic Metadata: Godlike Burger
2026-02-21 16:55:58,240 - INFO - 🎯 IGDB Match: 'Godlike Burger' (100%)
2026-02-21 16:55:58,246 - INFO - 📅 Fetching Basic Metadata: Q.U.B.E. Ultimate Bundle
2026-02-21 16:55:58,395 - INFO - 🎯 IGDB Match: 'Q.U.B.E. Ultimate Bundle' (100%)
2026-02-21 16:55:58,403 - INFO - 📅 Fetching Basic Metadata: Jitsu Squad
2026-02-21 16:55:58,551 - INFO - 🎯 IGDB Match: 'Jitsu Squad' (100%)
2026-02-21 16:55:58,558 - INFO - 📅 Fetching Basic Metadata: Mighty Fight Federation
2026-02-21 16:55:58,819 - INFO - 🎯 IGDB Match: 'Mighty Fight Federation' (100%)
2026-02-21 16:55:58,828 - INFO - 📅 Fetching Basic Metadata: LOVE
2026-02-21 16:55:59,045 - INFO - 🎯 IGDB Match: 'Love Love Love' (90%)
2026-02-21 16:55:59,053 - INFO - 📅 Fetching Basic Metadata: Call of The Wild: The Angler
2026-02-21 16:55:59,235 - INFO - 🎯 IGDB Match: 'Call of the Wild: The Angler' (100%)
2026-02-21 16:55:59,243 - INFO - 📅 Fetching Basic Metadata: The Falconeer
2026-02-21 16:55:59,492 - INFO - 🎯 IGDB Match: 'The Falconeer: The Hunter' (90%)
2026-02-21 16:55:59,499 - INFO - 📅 Fetching Basic Metadata: Rawmen: Food Fighter Arena
2026-02-21 16:55:59,704 - INFO - 🎯 IGDB Match: 'Rawmen' (90%)
2026-02-21 16:55:59,710 - INFO - 📅 Fetching Basic Metadata: World of Warships – Starter Pack: Albany
2026-02-21 16:55:59,968 - INFO - 📅 Fetching Basic Metadata: Fallout Classic Edition
2026-02-21 16:56:00,123 - INFO - 📅 Fetching Basic Metadata: Outliver: Tribulation
2026-02-21 16:56:00,272 - INFO - 🎯 IGDB Match: 'Outliver: Tribulation' (100%)
2026-02-21 16:56:00,279 - INFO - 📅 Fetching Basic Metadata: Bus Simulator 21 Next Stop
2026-02-21 16:56:00,432 - INFO - 🎯 IGDB Match: 'Bus Simulator 21: Next Stop' (98%)
2026-02-21 16:56:00,440 - INFO - 📅 Fetching Basic Metadata: Turmoil
2026-02-21 16:56:00,689 - INFO - 🎯 IGDB Match: 'Turmoil' (100%)
2026-02-21 16:56:00,696 - INFO - 📅 Fetching Basic Metadata: World War Z Aftermath
2026-02-21 16:56:00,885 - INFO - 🎯 IGDB Match: 'World War Z: Aftermath' (98%)
2026-02-21 16:56:00,891 - INFO - 📅 Fetching Basic Metadata: World Of Warships – Anniversary Party Flavor
2026-02-21 16:56:01,064 - INFO - 📅 Fetching Basic Metadata: Neko Ghost, Jump!
2026-02-21 16:56:01,217 - INFO - 🎯 IGDB Match: 'Neko Ghost, Jump!' (100%)
2026-02-21 16:56:01,223 - INFO - 📅 Fetching Basic Metadata: Super Space Club
2026-02-21 16:56:01,377 - INFO - 🎯 IGDB Match: 'Super Space Club' (100%)
2026-02-21 16:56:01,383 - INFO - 📅 Fetching Basic Metadata: Touch Type Tale
2026-02-21 16:56:01,530 - INFO - 🎯 IGDB Match: 'Touch Type Tale' (100%)
2026-02-21 16:56:01,536 - INFO - 📅 Fetching Basic Metadata: Gigapocalypse
2026-02-21 16:56:01,690 - INFO - 🎯 IGDB Match: 'Gigapocalypse' (100%)
2026-02-21 16:56:01,698 - INFO - 📅 Fetching Basic Metadata: Legion TD2
2026-02-21 16:56:01,852 - INFO - 📅 Fetching Basic Metadata: Nightingale
2026-02-21 16:56:02,005 - INFO - 🎯 IGDB Match: 'Nightingale' (100%)
2026-02-21 16:56:02,013 - INFO - 📅 Fetching Basic Metadata: Godzilla Voxel Wars
2026-02-21 16:56:02,172 - INFO - 🎯 IGDB Match: 'Godzilla Voxel Wars' (100%)
2026-02-21 16:56:02,180 - INFO - 📅 Fetching Basic Metadata: Trine Classic Collection
2026-02-21 16:56:02,347 - INFO - 🎯 IGDB Match: 'Trine Classic Collection' (100%)
2026-02-21 16:56:02,354 - INFO - 📅 Fetching Basic Metadata: Poison Retro Set
2026-02-21 16:56:02,488 - WARNING - IGDB Error for Poison Retro Set: string indices must be integers, not 'str'
2026-02-21 16:56:02,495 - INFO - 📅 Fetching Basic Metadata: The Darkside Detective A Fumble in the Dark
2026-02-21 16:56:02,653 - INFO - 🎯 IGDB Match: 'The Darkside Detective: A Fumble in the Dark' (99%)
2026-02-21 16:56:02,659 - INFO - 📅 Fetching Basic Metadata: Return to Ash
2026-02-21 16:56:02,807 - INFO - 🎯 IGDB Match: 'Return to Ash' (100%)
2026-02-21 16:56:02,813 - INFO - 🏢 Publisher Search: STALCRAFT: X Starter Edition
2026-02-21 16:56:04,329 - INFO - 📅 Fetching Basic Metadata: STALCRAFT: X Starter Edition
2026-02-21 16:56:04,488 - INFO - 
--- Starting Data Quality Checks ---
2026-02-21 16:56:04,501 - INFO - --- Data Quality Checks Complete ---

2026-02-21 16:56:04,529 - INFO - | Metric | Statistics |
| :--- | :--- |
| 💰 **Total Market Value** | **$12,578.34** |
| 📦 **Total Games Collected** | 651 |
| 🏷️ **Average Retail Price** | $22.51 per game |
| 💎 **Most Expensive Title** | Civilization 6 Platinum Edition ($79.99) |
| 👑 **MVP Publisher** | Bethesda Softworks |
| 🏢 **Value Leaders** | 2K ($579.90), Bethesda Softworks ($544.80), Paradox Interactive ($409.89) |
| 📈 **Inflation-Adjusted Value** | $14,375.58 |
| 🎈 **Inflation Bonus** | **+$1,797.24** in purchasing power |
| 🗓️ **Peak Saving Month** | 🎄 **Seasonality Peak:** December is historically the best month, offering $3,388.17 in savings. |
| ⭐ **Average Score** | 76.7/100 |
| 💳 **Subscription Equivalent** | **$170.42 / mo** |
| 🎯 **Prestige Ratio** | **2.0%** (Strategic Hype) |
| 🏎️ **Lead Time Avg** | 447 Days to Sequel |

2026-02-21 16:56:04,530 - INFO - ✅ README.md updated.
2026-02-21 16:56:04,553 - INFO - Using categorical units to plot a list of strings that are all parsable as floats or dates. If these strings should be plotted as numbers, cast to the appropriate data type before plotting.
2026-02-21 16:56:04,554 - INFO - Using categorical units to plot a list of strings that are all parsable as floats or dates. If these strings should be plotted as numbers, cast to the appropriate data type before plotting.
2026-02-21 16:56:10,196 - INFO - 📈 All charts generated successfully.
