2026-05-30 17:36:09,676 - INFO - Failed to extract font properties from /usr/share/fonts/truetype/noto/NotoColorEmoji.ttf: Can not load face (unknown file format; error code 0x2)
2026-05-30 17:36:09,753 - INFO - generated new fontManager
2026-05-30 17:36:10,132 - INFO - ✅ Migration Successful!
2026-05-30 17:36:10,633 - INFO - No new games found.
2026-05-30 17:36:11,059 - INFO - 🔍 Found 600 games needing metadata. Starting IGDB + Steam + CheapShark enrichment...
2026-05-30 17:36:11,276 - INFO - 📅 Fetching Basic Metadata: LEGO Batman Trilogy
2026-05-30 17:36:11,661 - INFO - 🎯 IGDB Match: 'LEGO Batman Trilogy' (100%)
2026-05-30 17:36:11,683 - INFO - 📅 Fetching Basic Metadata: Antstream
2026-05-30 17:36:11,858 - INFO - 📅 Fetching Basic Metadata: The Drone Racing League Simulator
2026-05-30 17:36:12,047 - INFO - 🎯 IGDB Match: 'The Drone Racing League Simulator' (100%)
2026-05-30 17:36:12,055 - INFO - 📅 Fetching Basic Metadata: Dark Deity
2026-05-30 17:36:12,275 - INFO - 🎯 IGDB Match: 'Dark Deity' (100%)
2026-05-30 17:36:12,281 - INFO - 📅 Fetching Basic Metadata: RPG in a Box
2026-05-30 17:36:12,419 - INFO - 🎯 IGDB Match: 'RPG in a Box' (100%)
2026-05-30 17:36:12,426 - INFO - 📅 Fetching Basic Metadata: Fallout Classic Collection
2026-05-30 17:36:12,564 - INFO - 🎯 IGDB Match: 'Fallout Classic Collection' (100%)
2026-05-30 17:36:12,572 - INFO - 📅 Fetching Basic Metadata: Recipe for Disaster
2026-05-30 17:36:12,770 - INFO - 🎯 IGDB Match: 'Recipe For Disaster' (100%)
2026-05-30 17:36:12,777 - INFO - 📅 Fetching Basic Metadata: World of Warships — Starter Pack: Ishizuchi
2026-05-30 17:36:12,955 - INFO - 🎯 IGDB Match: 'World of Warships: Starter Pack - Ishizuchi' (98%)
2026-05-30 17:36:12,962 - INFO - 📅 Fetching Basic Metadata: Poker Club
2026-05-30 17:36:13,142 - INFO - 🎯 IGDB Match: 'Poker Club' (100%)
2026-05-30 17:36:13,148 - INFO - 📅 Fetching Basic Metadata: The Sims 4 The Daring Lifestyle Bundle
2026-05-30 17:36:13,344 - INFO - 🎯 IGDB Match: 'The Sims 4: The Daring Lifestyle Bundle' (99%)
2026-05-30 17:36:13,352 - INFO - 📅 Fetching Basic Metadata: Dodo Peak
2026-05-30 17:36:13,498 - INFO - 🎯 IGDB Match: 'Dodo Peak' (100%)
2026-05-30 17:36:13,505 - INFO - 📅 Fetching Basic Metadata: Spelldrifter
2026-05-30 17:36:13,664 - INFO - 🎯 IGDB Match: 'Spelldrifter' (100%)
2026-05-30 17:36:13,671 - INFO - 📅 Fetching Basic Metadata: Model Builder
2026-05-30 17:36:13,850 - INFO - 🎯 IGDB Match: 'Model Builder' (100%)
2026-05-30 17:36:13,856 - INFO - 📅 Fetching Basic Metadata: Godlike Burger
2026-05-30 17:36:13,992 - INFO - 🎯 IGDB Match: 'Godlike Burger' (100%)
2026-05-30 17:36:13,998 - INFO - 📅 Fetching Basic Metadata: Q.U.B.E. Ultimate Bundle
2026-05-30 17:36:14,131 - INFO - 🎯 IGDB Match: 'Q.U.B.E. Ultimate Bundle' (100%)
2026-05-30 17:36:14,139 - INFO - 📅 Fetching Basic Metadata: Jitsu Squad
2026-05-30 17:36:14,274 - INFO - 🎯 IGDB Match: 'Jitsu Squad' (100%)
2026-05-30 17:36:14,280 - INFO - 📅 Fetching Basic Metadata: Mighty Fight Federation
2026-05-30 17:36:14,416 - INFO - 🎯 IGDB Match: 'Mighty Fight Federation' (100%)
2026-05-30 17:36:14,425 - INFO - 📅 Fetching Basic Metadata: LOVE
2026-05-30 17:36:14,590 - INFO - 🎯 IGDB Match: 'Love Love Love' (90%)
2026-05-30 17:36:14,597 - INFO - 📅 Fetching Basic Metadata: Call of The Wild: The Angler
2026-05-30 17:36:14,721 - WARNING - IGDB Error for Call of The Wild: The Angler: string indices must be integers, not 'str'
2026-05-30 17:36:14,730 - INFO - 📅 Fetching Basic Metadata: The Falconeer
2026-05-30 17:36:14,852 - WARNING - IGDB Error for The Falconeer: string indices must be integers, not 'str'
2026-05-30 17:36:14,860 - INFO - 📅 Fetching Basic Metadata: Rawmen: Food Fighter Arena
2026-05-30 17:36:15,060 - INFO - 🎯 IGDB Match: 'Rawmen' (90%)
2026-05-30 17:36:15,067 - INFO - 📅 Fetching Basic Metadata: World of Warships – Starter Pack: Albany
2026-05-30 17:36:15,327 - INFO - 📅 Fetching Basic Metadata: Fallout Classic Edition
2026-05-30 17:36:15,467 - INFO - 📅 Fetching Basic Metadata: Outliver: Tribulation
2026-05-30 17:36:15,643 - INFO - 🎯 IGDB Match: 'Outliver: Tribulation' (100%)
2026-05-30 17:36:15,650 - INFO - 📅 Fetching Basic Metadata: Bus Simulator 21 Next Stop
2026-05-30 17:36:15,787 - INFO - 🎯 IGDB Match: 'Bus Simulator 21: Next Stop' (98%)
2026-05-30 17:36:15,795 - INFO - 📅 Fetching Basic Metadata: Turmoil
2026-05-30 17:36:15,929 - INFO - 🎯 IGDB Match: 'Turmoil' (100%)
2026-05-30 17:36:15,937 - INFO - 📅 Fetching Basic Metadata: World War Z Aftermath
2026-05-30 17:36:16,069 - INFO - 🎯 IGDB Match: 'World War Z: Aftermath' (98%)
2026-05-30 17:36:16,076 - INFO - 📅 Fetching Basic Metadata: World Of Warships – Anniversary Party Flavor
2026-05-30 17:36:16,217 - INFO - 📅 Fetching Basic Metadata: Neko Ghost, Jump!
2026-05-30 17:36:16,428 - INFO - 🎯 IGDB Match: 'Neko Ghost, Jump!' (100%)
2026-05-30 17:36:16,435 - INFO - 📅 Fetching Basic Metadata: Super Space Club
2026-05-30 17:36:16,568 - INFO - 🎯 IGDB Match: 'Super Space Club' (100%)
2026-05-30 17:36:16,575 - INFO - 📅 Fetching Basic Metadata: Touch Type Tale
2026-05-30 17:36:16,772 - WARNING - IGDB Error for Touch Type Tale: string indices must be integers, not 'str'
2026-05-30 17:36:16,779 - INFO - 📅 Fetching Basic Metadata: Gigapocalypse
2026-05-30 17:36:16,925 - WARNING - IGDB Error for Gigapocalypse: string indices must be integers, not 'str'
2026-05-30 17:36:16,933 - INFO - 📅 Fetching Basic Metadata: Legion TD2
2026-05-30 17:36:17,060 - WARNING - IGDB Error for Legion TD2: string indices must be integers, not 'str'
2026-05-30 17:36:17,069 - INFO - 📅 Fetching Basic Metadata: Nightingale
2026-05-30 17:36:17,260 - WARNING - IGDB Error for Nightingale: string indices must be integers, not 'str'
2026-05-30 17:36:17,268 - INFO - 📅 Fetching Basic Metadata: Godzilla Voxel Wars
2026-05-30 17:36:17,392 - WARNING - IGDB Error for Godzilla Voxel Wars: string indices must be integers, not 'str'
2026-05-30 17:36:17,401 - INFO - 📅 Fetching Basic Metadata: Trine Classic Collection
2026-05-30 17:36:17,615 - INFO - 🎯 IGDB Match: 'Trine Classic Collection' (100%)
2026-05-30 17:36:17,622 - INFO - 📅 Fetching Basic Metadata: Poison Retro Set
2026-05-30 17:36:17,798 - INFO - 🎯 IGDB Match: 'Pixel Gun 3D: Poison Retro Set' (90%)
2026-05-30 17:36:17,804 - INFO - 📅 Fetching Basic Metadata: The Darkside Detective A Fumble in the Dark
2026-05-30 17:36:17,939 - INFO - 🎯 IGDB Match: 'The Darkside Detective: A Fumble in the Dark' (99%)
2026-05-30 17:36:17,945 - INFO - 📅 Fetching Basic Metadata: Return to Ash
2026-05-30 17:36:18,083 - INFO - 🎯 IGDB Match: 'Return to Ash' (100%)
2026-05-30 17:36:18,089 - INFO - 🏢 Publisher Search: STALCRAFT: X Starter Edition
2026-05-30 17:36:19,483 - INFO - 📅 Fetching Basic Metadata: STALCRAFT: X Starter Edition
2026-05-30 17:36:19,677 - INFO - 📅 Fetching Basic Metadata: Boxes: Lost Fragments
2026-05-30 17:36:19,811 - INFO - 🎯 IGDB Match: 'Boxes: Lost Fragments' (100%)
2026-05-30 17:36:19,817 - INFO - 📅 Fetching Basic Metadata: My Night Job
2026-05-30 17:36:19,956 - INFO - 🎯 IGDB Match: 'My Night Job' (100%)
2026-05-30 17:36:19,963 - INFO - 📅 Fetching Basic Metadata: Electrician Simulator
2026-05-30 17:36:20,097 - INFO - 🎯 IGDB Match: 'Electrician Simulator' (100%)
2026-05-30 17:36:20,104 - INFO - 🏢 Publisher Search: World of Warships — Epic Anniversary Tachibana Pack
2026-05-30 17:36:21,484 - INFO - 📅 Fetching Basic Metadata: World of Warships — Epic Anniversary Tachibana Pack
2026-05-30 17:36:21,691 - INFO - 📅 Fetching Basic Metadata: Hyper Echelon
2026-05-30 17:36:21,907 - INFO - 🎯 IGDB Match: 'Hyper Echelon' (100%)
2026-05-30 17:36:21,914 - INFO - 📅 Fetching Basic Metadata: Havendock
2026-05-30 17:36:22,104 - INFO - 🎯 IGDB Match: 'Havendock' (100%)
2026-05-30 17:36:22,111 - INFO - 📅 Fetching Basic Metadata: Clone Drone in the Danger Zone
2026-05-30 17:36:22,283 - INFO - 🎯 IGDB Match: 'Clone Drone in the Danger Zone' (100%)
2026-05-30 17:36:22,290 - INFO - 🏢 Publisher Search: TOMAK: Save the Earth Regeneration
2026-05-30 17:36:23,650 - INFO - 📅 Fetching Basic Metadata: TOMAK: Save the Earth Regeneration
2026-05-30 17:36:23,827 - INFO - 🎯 IGDB Match: 'Tomak: Save the Earth Regeneration' (100%)
2026-05-30 17:36:23,834 - INFO - 📅 Fetching Basic Metadata: Prop Sumo
2026-05-30 17:36:24,047 - INFO - 🎯 IGDB Match: 'Prop Sumo' (100%)
2026-05-30 17:36:24,054 - INFO - 📅 Fetching Basic Metadata: The Stone of Madness
2026-05-30 17:36:24,221 - INFO - 🎯 IGDB Match: 'The Stone of Madness' (100%)
2026-05-30 17:36:24,227 - INFO - 📅 Fetching Basic Metadata: Firestone Online Idle RPG
2026-05-30 17:36:24,437 - INFO - 🎯 IGDB Match: 'Firestone: Online Idle RPG' (98%)
2026-05-30 17:36:24,443 - INFO - 📅 Fetching Basic Metadata: Oddsparks: An Automation Adventure
2026-05-30 17:36:24,651 - INFO - 🎯 IGDB Match: 'Oddsparks: An Automation Adventure' (100%)
2026-05-30 17:36:24,658 - INFO - 📅 Fetching Basic Metadata: Trash Goblin
2026-05-30 17:36:24,792 - INFO - 🎯 IGDB Match: 'Trash Goblin' (100%)
2026-05-30 17:36:24,798 - INFO - 🏢 Publisher Search: The Telltale Batman Shadows Edition
2026-05-30 17:36:26,194 - INFO - 📅 Fetching Basic Metadata: The Telltale Batman Shadows Edition
2026-05-30 17:36:26,330 - INFO - 🎯 IGDB Match: 'Telltale Batman Shadows Edition' (95%)
2026-05-30 17:36:26,336 - INFO - 🏢 Publisher Search: Sunderfolk - Standard Edition
2026-05-30 17:36:27,720 - INFO - 📅 Fetching Basic Metadata: Sunderfolk - Standard Edition
2026-05-30 17:36:27,859 - INFO - 📅 Fetching Basic Metadata: Down in Bermuda
2026-05-30 17:36:28,004 - INFO - 🎯 IGDB Match: 'Down in Bermuda' (100%)
2026-05-30 17:36:28,010 - INFO - 📅 Fetching Basic Metadata: Tomb Raider I-III Remastered Starring Lara Croft
2026-05-30 17:36:28,149 - INFO - 📅 Fetching Basic Metadata: LONESTAR
2026-05-30 17:36:28,332 - INFO - 🎯 IGDB Match: 'LoneStar' (100%)
2026-05-30 17:36:28,339 - INFO - 📅 Fetching Basic Metadata: Calico
2026-05-30 17:36:28,544 - INFO - 🎯 IGDB Match: 'Calico' (100%)
2026-05-30 17:36:28,556 - INFO - 
--- Starting Data Quality Checks ---
2026-05-30 17:36:28,568 - INFO - --- Data Quality Checks Complete ---

2026-05-30 17:36:28,597 - INFO - | Metric | Statistics |
| :--- | :--- |
| 💰 **Total Market Value** | **$13,018.13** |
| 📦 **Total Games Collected** | 676 |
| 🏷️ **Average Retail Price** | $22.35 per game |
| 💎 **Most Expensive Title** | Civilization 6 Platinum Edition ($79.99) |
| 👑 **MVP Publisher** | Bethesda Softworks |
| 🏢 **Value Leaders** | 2K ($579.90), Bethesda Softworks ($544.80), Paradox Interactive ($409.89) |
| 📈 **Inflation-Adjusted Value** | $14,815.37 |
| 🎈 **Inflation Bonus** | **+$1,797.24** in purchasing power |
| 🗓️ **Peak Saving Month** | 🎄 **Seasonality Peak:** December is historically the best month, offering $3,388.17 in savings. |
| ⭐ **Average Score** | 76.8/100 |
| 💳 **Subscription Equivalent** | **$169.75 / mo** |
| 🎯 **Prestige Ratio** | **1.9%** (Strategic Hype) |
| 🏎️ **Lead Time Avg** | 447 Days to Sequel |

2026-05-30 17:36:28,597 - INFO - ✅ README.md updated.
2026-05-30 17:36:28,620 - INFO - Using categorical units to plot a list of strings that are all parsable as floats or dates. If these strings should be plotted as numbers, cast to the appropriate data type before plotting.
2026-05-30 17:36:28,621 - INFO - Using categorical units to plot a list of strings that are all parsable as floats or dates. If these strings should be plotted as numbers, cast to the appropriate data type before plotting.
2026-05-30 17:36:33,705 - INFO - 📈 All charts generated successfully.
