2026-06-02 19:55:48,727 - INFO - Failed to extract font properties from /usr/share/fonts/truetype/noto/NotoColorEmoji.ttf: Can not load face (unknown file format; error code 0x2)
2026-06-02 19:55:48,902 - INFO - generated new fontManager
2026-06-02 19:55:49,243 - INFO - ✅ Migration Successful!
2026-06-02 19:55:49,376 - INFO - No new games found.
2026-06-02 19:55:50,041 - INFO - 🔍 Found 600 games needing metadata. Starting IGDB + Steam + CheapShark enrichment...
2026-06-02 19:55:50,068 - INFO - 📅 Fetching Basic Metadata: LEGO Batman Trilogy
2026-06-02 19:55:50,431 - INFO - 🎯 IGDB Match: 'LEGO Batman Trilogy' (100%)
2026-06-02 19:55:50,454 - INFO - 📅 Fetching Basic Metadata: Antstream
2026-06-02 19:55:50,671 - INFO - 📅 Fetching Basic Metadata: The Drone Racing League Simulator
2026-06-02 19:55:50,872 - INFO - 🎯 IGDB Match: 'The Drone Racing League Simulator' (100%)
2026-06-02 19:55:50,880 - INFO - 📅 Fetching Basic Metadata: Dark Deity
2026-06-02 19:55:51,071 - INFO - 🎯 IGDB Match: 'Dark Deity' (100%)
2026-06-02 19:55:51,078 - INFO - 📅 Fetching Basic Metadata: RPG in a Box
2026-06-02 19:55:51,294 - INFO - 🎯 IGDB Match: 'RPG in a Box' (100%)
2026-06-02 19:55:51,301 - INFO - 📅 Fetching Basic Metadata: Fallout Classic Collection
2026-06-02 19:55:51,418 - INFO - 🎯 IGDB Match: 'Fallout Classic Collection' (100%)
2026-06-02 19:55:51,427 - INFO - 📅 Fetching Basic Metadata: Recipe for Disaster
2026-06-02 19:55:51,557 - INFO - 🎯 IGDB Match: 'Recipe For Disaster' (100%)
2026-06-02 19:55:51,564 - INFO - 📅 Fetching Basic Metadata: World of Warships — Starter Pack: Ishizuchi
2026-06-02 19:55:51,773 - INFO - 🎯 IGDB Match: 'World of Warships: Starter Pack - Ishizuchi' (98%)
2026-06-02 19:55:51,780 - INFO - 📅 Fetching Basic Metadata: Poker Club
2026-06-02 19:55:52,011 - INFO - 🎯 IGDB Match: 'Poker Club' (100%)
2026-06-02 19:55:52,017 - INFO - 📅 Fetching Basic Metadata: The Sims 4 The Daring Lifestyle Bundle
2026-06-02 19:55:52,154 - INFO - 🎯 IGDB Match: 'The Sims 4: The Daring Lifestyle Bundle' (99%)
2026-06-02 19:55:52,162 - INFO - 📅 Fetching Basic Metadata: Dodo Peak
2026-06-02 19:55:52,363 - INFO - 🎯 IGDB Match: 'Dodo Peak' (100%)
2026-06-02 19:55:52,369 - INFO - 📅 Fetching Basic Metadata: Spelldrifter
2026-06-02 19:55:52,481 - INFO - 🎯 IGDB Match: 'Spelldrifter' (100%)
2026-06-02 19:55:52,488 - INFO - 📅 Fetching Basic Metadata: Model Builder
2026-06-02 19:55:52,694 - INFO - 🎯 IGDB Match: 'Model Builder' (100%)
2026-06-02 19:55:52,700 - INFO - 📅 Fetching Basic Metadata: Godlike Burger
2026-06-02 19:55:52,877 - INFO - 🎯 IGDB Match: 'Godlike Burger' (100%)
2026-06-02 19:55:52,883 - INFO - 📅 Fetching Basic Metadata: Q.U.B.E. Ultimate Bundle
2026-06-02 19:55:53,070 - INFO - 🎯 IGDB Match: 'Q.U.B.E. Ultimate Bundle' (100%)
2026-06-02 19:55:53,077 - INFO - 📅 Fetching Basic Metadata: Jitsu Squad
2026-06-02 19:55:53,195 - INFO - 🎯 IGDB Match: 'Jitsu Squad' (100%)
2026-06-02 19:55:53,202 - INFO - 📅 Fetching Basic Metadata: Mighty Fight Federation
2026-06-02 19:55:53,313 - INFO - 🎯 IGDB Match: 'Mighty Fight Federation' (100%)
2026-06-02 19:55:53,322 - INFO - 📅 Fetching Basic Metadata: LOVE
2026-06-02 19:55:53,454 - INFO - 🎯 IGDB Match: 'Love Love Love' (90%)
2026-06-02 19:55:53,462 - INFO - 📅 Fetching Basic Metadata: Call of The Wild: The Angler
2026-06-02 19:55:53,621 - INFO - 🎯 IGDB Match: 'Call of the Wild: The Angler' (100%)
2026-06-02 19:55:53,629 - INFO - 📅 Fetching Basic Metadata: The Falconeer
2026-06-02 19:55:53,924 - INFO - 🎯 IGDB Match: 'The Falconeer: The Hunter' (90%)
2026-06-02 19:55:53,931 - INFO - 📅 Fetching Basic Metadata: Rawmen: Food Fighter Arena
2026-06-02 19:55:54,138 - INFO - 🎯 IGDB Match: 'Rawmen' (90%)
2026-06-02 19:55:54,145 - INFO - 📅 Fetching Basic Metadata: World of Warships – Starter Pack: Albany
2026-06-02 19:55:54,278 - INFO - 📅 Fetching Basic Metadata: Fallout Classic Edition
2026-06-02 19:55:54,507 - INFO - 📅 Fetching Basic Metadata: Outliver: Tribulation
2026-06-02 19:55:54,621 - INFO - 🎯 IGDB Match: 'Outliver: Tribulation' (100%)
2026-06-02 19:55:54,629 - INFO - 📅 Fetching Basic Metadata: Bus Simulator 21 Next Stop
2026-06-02 19:55:54,750 - INFO - 🎯 IGDB Match: 'Bus Simulator 21: Next Stop' (98%)
2026-06-02 19:55:54,758 - INFO - 📅 Fetching Basic Metadata: Turmoil
2026-06-02 19:55:54,873 - INFO - 🎯 IGDB Match: 'Turmoil' (100%)
2026-06-02 19:55:54,880 - INFO - 📅 Fetching Basic Metadata: World War Z Aftermath
2026-06-02 19:55:55,030 - INFO - 🎯 IGDB Match: 'World War Z: Aftermath' (98%)
2026-06-02 19:55:55,036 - INFO - 📅 Fetching Basic Metadata: World Of Warships – Anniversary Party Flavor
2026-06-02 19:55:55,139 - WARNING - IGDB Error for World Of Warships – Anniversary Party Flavor: string indices must be integers, not 'str'
2026-06-02 19:55:55,146 - INFO - 📅 Fetching Basic Metadata: Neko Ghost, Jump!
2026-06-02 19:55:55,312 - WARNING - IGDB Error for Neko Ghost, Jump!: string indices must be integers, not 'str'
2026-06-02 19:55:55,319 - INFO - 📅 Fetching Basic Metadata: Super Space Club
2026-06-02 19:55:55,425 - WARNING - IGDB Error for Super Space Club: string indices must be integers, not 'str'
2026-06-02 19:55:55,432 - INFO - 📅 Fetching Basic Metadata: Touch Type Tale
2026-06-02 19:55:55,534 - WARNING - IGDB Error for Touch Type Tale: string indices must be integers, not 'str'
2026-06-02 19:55:55,540 - INFO - 📅 Fetching Basic Metadata: Gigapocalypse
2026-06-02 19:55:55,641 - WARNING - IGDB Error for Gigapocalypse: string indices must be integers, not 'str'
2026-06-02 19:55:55,649 - INFO - 📅 Fetching Basic Metadata: Legion TD2
2026-06-02 19:55:55,752 - WARNING - IGDB Error for Legion TD2: string indices must be integers, not 'str'
2026-06-02 19:55:55,760 - INFO - 📅 Fetching Basic Metadata: Nightingale
2026-06-02 19:55:55,861 - WARNING - IGDB Error for Nightingale: string indices must be integers, not 'str'
2026-06-02 19:55:55,869 - INFO - 📅 Fetching Basic Metadata: Godzilla Voxel Wars
2026-06-02 19:55:55,974 - WARNING - IGDB Error for Godzilla Voxel Wars: string indices must be integers, not 'str'
2026-06-02 19:55:55,983 - INFO - 📅 Fetching Basic Metadata: Trine Classic Collection
2026-06-02 19:55:56,121 - INFO - 🎯 IGDB Match: 'Trine Classic Collection' (100%)
2026-06-02 19:55:56,129 - INFO - 📅 Fetching Basic Metadata: Poison Retro Set
2026-06-02 19:55:56,244 - INFO - 🎯 IGDB Match: 'Pixel Gun 3D: Poison Retro Set' (90%)
2026-06-02 19:55:56,250 - INFO - 📅 Fetching Basic Metadata: The Darkside Detective A Fumble in the Dark
2026-06-02 19:55:56,370 - INFO - 🎯 IGDB Match: 'The Darkside Detective: A Fumble in the Dark' (99%)
2026-06-02 19:55:56,377 - INFO - 📅 Fetching Basic Metadata: Return to Ash
2026-06-02 19:55:56,583 - INFO - 🎯 IGDB Match: 'Return to Ash' (100%)
2026-06-02 19:55:56,590 - INFO - 🏢 Publisher Search: STALCRAFT: X Starter Edition
2026-06-02 19:55:57,946 - INFO - 📅 Fetching Basic Metadata: STALCRAFT: X Starter Edition
2026-06-02 19:55:58,122 - INFO - 📅 Fetching Basic Metadata: Boxes: Lost Fragments
2026-06-02 19:55:58,239 - INFO - 🎯 IGDB Match: 'Boxes: Lost Fragments' (100%)
2026-06-02 19:55:58,245 - INFO - 📅 Fetching Basic Metadata: My Night Job
2026-06-02 19:55:58,360 - INFO - 🎯 IGDB Match: 'My Night Job' (100%)
2026-06-02 19:55:58,367 - INFO - 📅 Fetching Basic Metadata: Electrician Simulator
2026-06-02 19:55:58,483 - INFO - 🎯 IGDB Match: 'Electrician Simulator' (100%)
2026-06-02 19:55:58,489 - INFO - 🏢 Publisher Search: World of Warships — Epic Anniversary Tachibana Pack
2026-06-02 19:55:59,922 - INFO - 📅 Fetching Basic Metadata: World of Warships — Epic Anniversary Tachibana Pack
2026-06-02 19:56:00,051 - INFO - 📅 Fetching Basic Metadata: Hyper Echelon
2026-06-02 19:56:00,164 - INFO - 🎯 IGDB Match: 'Hyper Echelon' (100%)
2026-06-02 19:56:00,170 - INFO - 📅 Fetching Basic Metadata: Havendock
2026-06-02 19:56:00,287 - INFO - 🎯 IGDB Match: 'Havendock' (100%)
2026-06-02 19:56:00,293 - INFO - 📅 Fetching Basic Metadata: Clone Drone in the Danger Zone
2026-06-02 19:56:00,408 - INFO - 🎯 IGDB Match: 'Clone Drone in the Danger Zone' (100%)
2026-06-02 19:56:00,415 - INFO - 🏢 Publisher Search: TOMAK: Save the Earth Regeneration
2026-06-02 19:56:01,747 - INFO - 📅 Fetching Basic Metadata: TOMAK: Save the Earth Regeneration
2026-06-02 19:56:01,864 - INFO - 🎯 IGDB Match: 'Tomak: Save the Earth Regeneration' (100%)
2026-06-02 19:56:01,870 - INFO - 📅 Fetching Basic Metadata: Prop Sumo
2026-06-02 19:56:01,988 - INFO - 🎯 IGDB Match: 'Prop Sumo' (100%)
2026-06-02 19:56:01,994 - INFO - 📅 Fetching Basic Metadata: The Stone of Madness
2026-06-02 19:56:02,136 - INFO - 🎯 IGDB Match: 'The Stone of Madness' (100%)
2026-06-02 19:56:02,143 - INFO - 📅 Fetching Basic Metadata: Firestone Online Idle RPG
2026-06-02 19:56:02,287 - INFO - 🎯 IGDB Match: 'Firestone: Online Idle RPG' (98%)
2026-06-02 19:56:02,293 - INFO - 📅 Fetching Basic Metadata: Oddsparks: An Automation Adventure
2026-06-02 19:56:02,409 - INFO - 🎯 IGDB Match: 'Oddsparks: An Automation Adventure' (100%)
2026-06-02 19:56:02,415 - INFO - 📅 Fetching Basic Metadata: Trash Goblin
2026-06-02 19:56:02,633 - INFO - 🎯 IGDB Match: 'Trash Goblin' (100%)
2026-06-02 19:56:02,639 - INFO - 🏢 Publisher Search: The Telltale Batman Shadows Edition
2026-06-02 19:56:03,968 - INFO - 📅 Fetching Basic Metadata: The Telltale Batman Shadows Edition
2026-06-02 19:56:04,225 - INFO - 🎯 IGDB Match: 'Telltale Batman Shadows Edition' (95%)
2026-06-02 19:56:04,231 - INFO - 🏢 Publisher Search: Sunderfolk - Standard Edition
2026-06-02 19:56:05,573 - INFO - 📅 Fetching Basic Metadata: Sunderfolk - Standard Edition
2026-06-02 19:56:05,697 - INFO - 📅 Fetching Basic Metadata: Down in Bermuda
2026-06-02 19:56:05,813 - INFO - 🎯 IGDB Match: 'Down in Bermuda' (100%)
2026-06-02 19:56:05,820 - INFO - 📅 Fetching Basic Metadata: Tomb Raider I-III Remastered Starring Lara Croft
2026-06-02 19:56:05,944 - INFO - 📅 Fetching Basic Metadata: LONESTAR
2026-06-02 19:56:06,166 - INFO - 🎯 IGDB Match: 'LoneStar' (100%)
2026-06-02 19:56:06,172 - INFO - 📅 Fetching Basic Metadata: Calico
2026-06-02 19:56:06,391 - INFO - 🎯 IGDB Match: 'Calico' (100%)
2026-06-02 19:56:06,402 - INFO - 
--- Starting Data Quality Checks ---
2026-06-02 19:56:06,414 - INFO - --- Data Quality Checks Complete ---

2026-06-02 19:56:06,443 - INFO - | Metric | Statistics |
| :--- | :--- |
| 💰 **Total Market Value** | **$13,018.13** |
| 📦 **Total Games Collected** | 676 |
| 🏷️ **Average Retail Price** | $22.35 per game |
| 💎 **Most Expensive Title** | Civilization 6 Platinum Edition ($79.99) |
| 👑 **MVP Publisher** | Bethesda Softworks |
| 🏢 **Value Leaders** | 2K ($579.90), Bethesda Softworks ($544.80), Paradox Interactive ($409.89) |
| 📈 **Inflation-Adjusted Value** | $14,815.37 |
| 🎈 **Inflation Bonus** | **+$1,797.24** in purchasing power |
| 🗓️ **Peak Saving Month** | 🎄 **Seasonality Peak:** December is historically the best month, offering $3,388.17 in savings. |
| ⭐ **Average Score** | 76.8/100 |
| 💳 **Subscription Equivalent** | **$169.75 / mo** |
| 🎯 **Prestige Ratio** | **1.9%** (Strategic Hype) |
| 🏎️ **Lead Time Avg** | 447 Days to Sequel |

2026-06-02 19:56:06,443 - INFO - ✅ README.md updated.
2026-06-02 19:56:06,467 - INFO - Using categorical units to plot a list of strings that are all parsable as floats or dates. If these strings should be plotted as numbers, cast to the appropriate data type before plotting.
2026-06-02 19:56:06,467 - INFO - Using categorical units to plot a list of strings that are all parsable as floats or dates. If these strings should be plotted as numbers, cast to the appropriate data type before plotting.
2026-06-02 19:56:11,553 - INFO - 📈 All charts generated successfully.
