2026-06-28 17:44:07,413 - INFO - Failed to extract font properties from /usr/share/fonts/truetype/noto/NotoColorEmoji.ttf: Non-scalable fonts are not supported
2026-06-28 17:44:07,574 - INFO - generated new fontManager
2026-06-28 17:44:07,911 - INFO - ✅ Migration Successful!
2026-06-28 17:44:08,423 - INFO - No new games found.
2026-06-28 17:44:08,882 - INFO - 🔍 Found 607 games needing metadata. Starting IGDB + Steam + CheapShark enrichment...
2026-06-28 17:44:09,016 - INFO - 📅 Fetching Basic Metadata: LEGO Batman Trilogy
2026-06-28 17:44:09,398 - INFO - 🎯 IGDB Match: 'LEGO Batman Trilogy' (100%)
2026-06-28 17:44:09,421 - INFO - 📅 Fetching Basic Metadata: Antstream
2026-06-28 17:44:09,611 - INFO - 📅 Fetching Basic Metadata: The Drone Racing League Simulator
2026-06-28 17:44:09,766 - INFO - 🎯 IGDB Match: 'The Drone Racing League Simulator' (100%)
2026-06-28 17:44:09,774 - INFO - 📅 Fetching Basic Metadata: Dark Deity
2026-06-28 17:44:09,974 - INFO - 🎯 IGDB Match: 'Dark Deity' (100%)
2026-06-28 17:44:09,981 - INFO - 📅 Fetching Basic Metadata: RPG in a Box
2026-06-28 17:44:10,188 - INFO - 🎯 IGDB Match: 'RPG in a Box' (100%)
2026-06-28 17:44:10,195 - INFO - 📅 Fetching Basic Metadata: Fallout Classic Collection
2026-06-28 17:44:10,342 - INFO - 🎯 IGDB Match: 'Fallout Classic Collection' (100%)
2026-06-28 17:44:10,350 - INFO - 📅 Fetching Basic Metadata: Recipe for Disaster
2026-06-28 17:44:10,510 - INFO - 🎯 IGDB Match: 'Recipe For Disaster' (100%)
2026-06-28 17:44:10,517 - INFO - 📅 Fetching Basic Metadata: World of Warships — Starter Pack: Ishizuchi
2026-06-28 17:44:10,719 - INFO - 🎯 IGDB Match: 'World of Warships: Starter Pack - Ishizuchi' (98%)
2026-06-28 17:44:10,726 - INFO - 📅 Fetching Basic Metadata: Poker Club
2026-06-28 17:44:10,840 - INFO - 🎯 IGDB Match: 'Poker Club' (100%)
2026-06-28 17:44:10,846 - INFO - 📅 Fetching Basic Metadata: The Sims 4 The Daring Lifestyle Bundle
2026-06-28 17:44:11,025 - INFO - 🎯 IGDB Match: 'The Sims 4: The Daring Lifestyle Bundle' (99%)
2026-06-28 17:44:11,033 - INFO - 📅 Fetching Basic Metadata: Dodo Peak
2026-06-28 17:44:11,213 - INFO - 🎯 IGDB Match: 'Dodo Peak' (100%)
2026-06-28 17:44:11,220 - INFO - 📅 Fetching Basic Metadata: Spelldrifter
2026-06-28 17:44:11,435 - INFO - 🎯 IGDB Match: 'Spelldrifter' (100%)
2026-06-28 17:44:11,442 - INFO - 📅 Fetching Basic Metadata: Model Builder
2026-06-28 17:44:11,588 - INFO - 🎯 IGDB Match: 'Model Builder' (100%)
2026-06-28 17:44:11,595 - INFO - 📅 Fetching Basic Metadata: Godlike Burger
2026-06-28 17:44:11,719 - INFO - 🎯 IGDB Match: 'Godlike Burger' (100%)
2026-06-28 17:44:11,725 - INFO - 📅 Fetching Basic Metadata: Q.U.B.E. Ultimate Bundle
2026-06-28 17:44:11,888 - INFO - 🎯 IGDB Match: 'Q.U.B.E. Ultimate Bundle' (100%)
2026-06-28 17:44:11,895 - INFO - 📅 Fetching Basic Metadata: Jitsu Squad
2026-06-28 17:44:12,063 - INFO - 🎯 IGDB Match: 'Jitsu Squad' (100%)
2026-06-28 17:44:12,069 - INFO - 📅 Fetching Basic Metadata: Mighty Fight Federation
2026-06-28 17:44:12,244 - INFO - 🎯 IGDB Match: 'Mighty Fight Federation' (100%)
2026-06-28 17:44:12,253 - INFO - 📅 Fetching Basic Metadata: LOVE
2026-06-28 17:44:12,462 - INFO - 🎯 IGDB Match: 'Love Love Love' (90%)
2026-06-28 17:44:12,470 - INFO - 📅 Fetching Basic Metadata: Call of The Wild: The Angler
2026-06-28 17:44:12,635 - INFO - 🎯 IGDB Match: 'Call of the Wild: The Angler' (100%)
2026-06-28 17:44:12,643 - INFO - 📅 Fetching Basic Metadata: The Falconeer
2026-06-28 17:44:12,767 - INFO - 🎯 IGDB Match: 'The Falconeer: The Hunter' (90%)
2026-06-28 17:44:12,774 - INFO - 📅 Fetching Basic Metadata: Rawmen: Food Fighter Arena
2026-06-28 17:44:12,946 - INFO - 🎯 IGDB Match: 'Rawmen' (90%)
2026-06-28 17:44:12,952 - INFO - 📅 Fetching Basic Metadata: World of Warships – Starter Pack: Albany
2026-06-28 17:44:13,092 - INFO - 📅 Fetching Basic Metadata: Fallout Classic Edition
2026-06-28 17:44:13,208 - WARNING - IGDB Error for Fallout Classic Edition: string indices must be integers, not 'str'
2026-06-28 17:44:13,216 - INFO - 📅 Fetching Basic Metadata: Outliver: Tribulation
2026-06-28 17:44:13,326 - WARNING - IGDB Error for Outliver: Tribulation: string indices must be integers, not 'str'
2026-06-28 17:44:13,334 - INFO - 📅 Fetching Basic Metadata: Bus Simulator 21 Next Stop
2026-06-28 17:44:13,455 - WARNING - IGDB Error for Bus Simulator 21 Next Stop: string indices must be integers, not 'str'
2026-06-28 17:44:13,463 - INFO - 📅 Fetching Basic Metadata: Turmoil
2026-06-28 17:44:13,668 - INFO - 🎯 IGDB Match: 'Turmoil' (100%)
2026-06-28 17:44:13,675 - INFO - 📅 Fetching Basic Metadata: World War Z Aftermath
2026-06-28 17:44:13,797 - INFO - 🎯 IGDB Match: 'World War Z: Aftermath' (98%)
2026-06-28 17:44:13,804 - INFO - 📅 Fetching Basic Metadata: World Of Warships – Anniversary Party Flavor
2026-06-28 17:44:13,927 - INFO - 📅 Fetching Basic Metadata: Neko Ghost, Jump!
2026-06-28 17:44:14,052 - INFO - 🎯 IGDB Match: 'Neko Ghost, Jump!' (100%)
2026-06-28 17:44:14,059 - INFO - 📅 Fetching Basic Metadata: Super Space Club
2026-06-28 17:44:14,323 - INFO - 🎯 IGDB Match: 'Super Space Club' (100%)
2026-06-28 17:44:14,329 - INFO - 📅 Fetching Basic Metadata: Touch Type Tale
2026-06-28 17:44:14,442 - INFO - 🎯 IGDB Match: 'Touch Type Tale' (100%)
2026-06-28 17:44:14,449 - INFO - 📅 Fetching Basic Metadata: Gigapocalypse
2026-06-28 17:44:14,569 - INFO - 🎯 IGDB Match: 'Gigapocalypse' (100%)
2026-06-28 17:44:14,577 - INFO - 📅 Fetching Basic Metadata: Legion TD2
2026-06-28 17:44:14,770 - WARNING - IGDB Error for Legion TD2: string indices must be integers, not 'str'
2026-06-28 17:44:14,779 - INFO - 📅 Fetching Basic Metadata: Nightingale
2026-06-28 17:44:14,893 - INFO - 🎯 IGDB Match: 'Nightingale' (100%)
2026-06-28 17:44:14,900 - INFO - 📅 Fetching Basic Metadata: Godzilla Voxel Wars
2026-06-28 17:44:15,023 - INFO - 🎯 IGDB Match: 'Godzilla Voxel Wars' (100%)
2026-06-28 17:44:15,031 - INFO - 📅 Fetching Basic Metadata: Trine Classic Collection
2026-06-28 17:44:15,152 - INFO - 🎯 IGDB Match: 'Trine Classic Collection' (100%)
2026-06-28 17:44:15,160 - INFO - 📅 Fetching Basic Metadata: Poison Retro Set
2026-06-28 17:44:15,280 - INFO - 🎯 IGDB Match: 'Pixel Gun 3D: Poison Retro Set' (90%)
2026-06-28 17:44:15,286 - INFO - 📅 Fetching Basic Metadata: The Darkside Detective A Fumble in the Dark
2026-06-28 17:44:15,398 - WARNING - IGDB Error for The Darkside Detective A Fumble in the Dark: string indices must be integers, not 'str'
2026-06-28 17:44:15,405 - INFO - 📅 Fetching Basic Metadata: Return to Ash
2026-06-28 17:44:15,585 - WARNING - IGDB Error for Return to Ash: string indices must be integers, not 'str'
2026-06-28 17:44:15,592 - INFO - 🏢 Publisher Search: STALCRAFT: X Starter Edition
2026-06-28 17:44:16,971 - INFO - 📅 Fetching Basic Metadata: STALCRAFT: X Starter Edition
2026-06-28 17:44:17,148 - INFO - 📅 Fetching Basic Metadata: Boxes: Lost Fragments
2026-06-28 17:44:17,270 - INFO - 🎯 IGDB Match: 'Boxes: Lost Fragments' (100%)
2026-06-28 17:44:17,276 - INFO - 📅 Fetching Basic Metadata: My Night Job
2026-06-28 17:44:17,394 - INFO - 🎯 IGDB Match: 'My Night Job' (100%)
2026-06-28 17:44:17,400 - INFO - 📅 Fetching Basic Metadata: Electrician Simulator
2026-06-28 17:44:17,617 - INFO - 🎯 IGDB Match: 'Electrician Simulator' (100%)
2026-06-28 17:44:17,623 - INFO - 🏢 Publisher Search: World of Warships — Epic Anniversary Tachibana Pack
2026-06-28 17:44:19,123 - INFO - 📅 Fetching Basic Metadata: World of Warships — Epic Anniversary Tachibana Pack
2026-06-28 17:44:19,245 - INFO - 📅 Fetching Basic Metadata: Hyper Echelon
2026-06-28 17:44:19,375 - INFO - 🎯 IGDB Match: 'Hyper Echelon' (100%)
2026-06-28 17:44:19,381 - INFO - 📅 Fetching Basic Metadata: Havendock
2026-06-28 17:44:19,668 - INFO - 🎯 IGDB Match: 'Havendock' (100%)
2026-06-28 17:44:19,675 - INFO - 📅 Fetching Basic Metadata: Clone Drone in the Danger Zone
2026-06-28 17:44:19,793 - INFO - 🎯 IGDB Match: 'Clone Drone in the Danger Zone' (100%)
2026-06-28 17:44:19,799 - INFO - 🏢 Publisher Search: TOMAK: Save the Earth Regeneration
2026-06-28 17:44:21,183 - INFO - 📅 Fetching Basic Metadata: TOMAK: Save the Earth Regeneration
2026-06-28 17:44:21,313 - INFO - 🎯 IGDB Match: 'Tomak: Save the Earth Regeneration' (100%)
2026-06-28 17:44:21,319 - INFO - 📅 Fetching Basic Metadata: Prop Sumo
2026-06-28 17:44:21,445 - INFO - 🎯 IGDB Match: 'Prop Sumo' (100%)
2026-06-28 17:44:21,451 - INFO - 📅 Fetching Basic Metadata: The Stone of Madness
2026-06-28 17:44:21,565 - INFO - 🎯 IGDB Match: 'The Stone of Madness' (100%)
2026-06-28 17:44:21,572 - INFO - 📅 Fetching Basic Metadata: Firestone Online Idle RPG
2026-06-28 17:44:21,694 - INFO - 🎯 IGDB Match: 'Firestone: Online Idle RPG' (98%)
2026-06-28 17:44:21,700 - INFO - 📅 Fetching Basic Metadata: Oddsparks: An Automation Adventure
2026-06-28 17:44:21,821 - INFO - 🎯 IGDB Match: 'Oddsparks: An Automation Adventure' (100%)
2026-06-28 17:44:21,828 - INFO - 📅 Fetching Basic Metadata: Trash Goblin
2026-06-28 17:44:21,959 - INFO - 🎯 IGDB Match: 'Trash Goblin' (100%)
2026-06-28 17:44:21,965 - INFO - 🏢 Publisher Search: The Telltale Batman Shadows Edition
2026-06-28 17:44:23,357 - INFO - 📅 Fetching Basic Metadata: The Telltale Batman Shadows Edition
2026-06-28 17:44:23,485 - INFO - 🎯 IGDB Match: 'Telltale Batman Shadows Edition' (95%)
2026-06-28 17:44:23,492 - INFO - 🏢 Publisher Search: Sunderfolk - Standard Edition
2026-06-28 17:44:24,957 - INFO - 📅 Fetching Basic Metadata: Sunderfolk - Standard Edition
2026-06-28 17:44:25,085 - INFO - 📅 Fetching Basic Metadata: Down in Bermuda
2026-06-28 17:44:25,205 - INFO - 🎯 IGDB Match: 'Down in Bermuda' (100%)
2026-06-28 17:44:25,211 - INFO - 📅 Fetching Basic Metadata: Tomb Raider I-III Remastered Starring Lara Croft
2026-06-28 17:44:25,339 - INFO - 📅 Fetching Basic Metadata: LONESTAR
2026-06-28 17:44:25,469 - INFO - 🎯 IGDB Match: 'LoneStar' (100%)
2026-06-28 17:44:25,476 - INFO - 📅 Fetching Basic Metadata: Calico
2026-06-28 17:44:25,594 - INFO - 🎯 IGDB Match: 'Calico' (100%)
2026-06-28 17:44:25,600 - INFO - 📅 Fetching Basic Metadata: Rogue Waters
2026-06-28 17:44:25,720 - INFO - 🎯 IGDB Match: 'Rogue Waters' (100%)
2026-06-28 17:44:25,727 - INFO - 📅 Fetching Basic Metadata: The Ouroboros King
2026-06-28 17:44:25,859 - INFO - 🎯 IGDB Match: 'The Ouroboros King' (100%)
2026-06-28 17:44:25,865 - INFO - 🏢 Publisher Search: Warhammer 40K Speed Freeks
2026-06-28 17:44:27,424 - INFO - 
--- Starting Data Quality Checks ---
2026-06-28 17:44:27,437 - INFO - --- Data Quality Checks Complete ---

2026-06-28 17:44:27,465 - INFO - | Metric | Statistics |
| :--- | :--- |
| 💰 **Total Market Value** | **$13,188.05** |
| 📦 **Total Games Collected** | 684 |
| 🏷️ **Average Retail Price** | $22.34 per game |
| 💎 **Most Expensive Title** | Civilization 6 Platinum Edition ($79.99) |
| 👑 **MVP Publisher** | Bethesda Softworks |
| 🏢 **Value Leaders** | 2K ($579.90), Bethesda Softworks ($544.80), Paradox Interactive ($409.89) |
| 📈 **Inflation-Adjusted Value** | $14,985.29 |
| 🎈 **Inflation Bonus** | **+$1,797.24** in purchasing power |
| 🗓️ **Peak Saving Month** | 🎄 **Seasonality Peak:** December is historically the best month, offering $3,388.17 in savings. |
| ⭐ **Average Score** | 76.8/100 |
| 💳 **Subscription Equivalent** | **$169.75 / mo** |
| 🎯 **Prestige Ratio** | **2.0%** (Strategic Hype) |
| 🏎️ **Lead Time Avg** | 441 Days to Sequel |

2026-06-28 17:44:27,465 - INFO - ✅ README.md updated.
2026-06-28 17:44:27,488 - INFO - Using categorical units to plot a list of strings that are all parsable as floats or dates. If these strings should be plotted as numbers, cast to the appropriate data type before plotting.
2026-06-28 17:44:27,489 - INFO - Using categorical units to plot a list of strings that are all parsable as floats or dates. If these strings should be plotted as numbers, cast to the appropriate data type before plotting.
2026-06-28 17:44:33,232 - INFO - 📈 All charts generated successfully.
