2026-07-19 17:31:42,418 - INFO - Failed to extract font properties from /usr/share/fonts/truetype/noto/NotoColorEmoji.ttf: Non-scalable fonts are not supported
2026-07-19 17:31:42,456 - INFO - generated new fontManager
2026-07-19 17:31:42,868 - INFO - ✅ Migration Successful!
2026-07-19 17:31:43,248 - INFO - No new games found.
2026-07-19 17:31:43,662 - INFO - 🔍 Found 613 games needing metadata. Starting IGDB + Steam + CheapShark enrichment...
2026-07-19 17:31:43,739 - INFO - 📅 Fetching Basic Metadata: LEGO Batman Trilogy
2026-07-19 17:31:44,042 - INFO - 🎯 IGDB Match: 'LEGO Batman Trilogy' (100%)
2026-07-19 17:31:44,071 - INFO - 📅 Fetching Basic Metadata: Antstream
2026-07-19 17:31:44,191 - INFO - 📅 Fetching Basic Metadata: The Drone Racing League Simulator
2026-07-19 17:31:44,316 - INFO - 🎯 IGDB Match: 'The Drone Racing League Simulator' (100%)
2026-07-19 17:31:44,324 - INFO - 📅 Fetching Basic Metadata: Dark Deity
2026-07-19 17:31:44,432 - INFO - 🎯 IGDB Match: 'Dark Deity' (100%)
2026-07-19 17:31:44,439 - INFO - 📅 Fetching Basic Metadata: RPG in a Box
2026-07-19 17:31:44,546 - INFO - 🎯 IGDB Match: 'RPG in a Box' (100%)
2026-07-19 17:31:44,554 - INFO - 📅 Fetching Basic Metadata: Fallout Classic Collection
2026-07-19 17:31:44,640 - INFO - 🎯 IGDB Match: 'Fallout Classic Collection' (100%)
2026-07-19 17:31:44,649 - INFO - 📅 Fetching Basic Metadata: Recipe for Disaster
2026-07-19 17:31:44,823 - INFO - 🎯 IGDB Match: 'Recipe For Disaster' (100%)
2026-07-19 17:31:44,831 - INFO - 📅 Fetching Basic Metadata: World of Warships — Starter Pack: Ishizuchi
2026-07-19 17:31:44,920 - INFO - 🎯 IGDB Match: 'World of Warships: Starter Pack - Ishizuchi' (98%)
2026-07-19 17:31:44,928 - INFO - 📅 Fetching Basic Metadata: Poker Club
2026-07-19 17:31:45,051 - INFO - 🎯 IGDB Match: 'Poker Club' (100%)
2026-07-19 17:31:45,058 - INFO - 📅 Fetching Basic Metadata: The Sims 4 The Daring Lifestyle Bundle
2026-07-19 17:31:45,148 - INFO - 🎯 IGDB Match: 'The Sims 4: The Daring Lifestyle Bundle' (99%)
2026-07-19 17:31:45,158 - INFO - 📅 Fetching Basic Metadata: Dodo Peak
2026-07-19 17:31:45,242 - INFO - 🎯 IGDB Match: 'Dodo Peak' (100%)
2026-07-19 17:31:45,249 - INFO - 📅 Fetching Basic Metadata: Spelldrifter
2026-07-19 17:31:45,333 - INFO - 🎯 IGDB Match: 'Spelldrifter' (100%)
2026-07-19 17:31:45,340 - INFO - 📅 Fetching Basic Metadata: Model Builder
2026-07-19 17:31:45,426 - INFO - 🎯 IGDB Match: 'Model Builder' (100%)
2026-07-19 17:31:45,433 - INFO - 📅 Fetching Basic Metadata: Godlike Burger
2026-07-19 17:31:45,516 - INFO - 🎯 IGDB Match: 'Godlike Burger' (100%)
2026-07-19 17:31:45,523 - INFO - 📅 Fetching Basic Metadata: Q.U.B.E. Ultimate Bundle
2026-07-19 17:31:45,608 - INFO - 🎯 IGDB Match: 'Q.U.B.E. Ultimate Bundle' (100%)
2026-07-19 17:31:45,617 - INFO - 📅 Fetching Basic Metadata: Jitsu Squad
2026-07-19 17:31:45,702 - INFO - 🎯 IGDB Match: 'Jitsu Squad' (100%)
2026-07-19 17:31:45,709 - INFO - 📅 Fetching Basic Metadata: Mighty Fight Federation
2026-07-19 17:31:45,820 - INFO - 🎯 IGDB Match: 'Mighty Fight Federation' (100%)
2026-07-19 17:31:45,831 - INFO - 📅 Fetching Basic Metadata: LOVE
2026-07-19 17:31:45,963 - INFO - 🎯 IGDB Match: 'Love Love Love' (90%)
2026-07-19 17:31:45,972 - INFO - 📅 Fetching Basic Metadata: Call of The Wild: The Angler
2026-07-19 17:31:46,118 - INFO - 🎯 IGDB Match: 'Call of the Wild: The Angler' (100%)
2026-07-19 17:31:46,127 - INFO - 📅 Fetching Basic Metadata: The Falconeer
2026-07-19 17:31:46,215 - INFO - 🎯 IGDB Match: 'The Falconeer: The Hunter' (90%)
2026-07-19 17:31:46,223 - INFO - 📅 Fetching Basic Metadata: Rawmen: Food Fighter Arena
2026-07-19 17:31:46,297 - WARNING - IGDB Error for Rawmen: Food Fighter Arena: string indices must be integers, not 'str'
2026-07-19 17:31:46,305 - INFO - 📅 Fetching Basic Metadata: World of Warships – Starter Pack: Albany
2026-07-19 17:31:46,379 - WARNING - IGDB Error for World of Warships – Starter Pack: Albany: string indices must be integers, not 'str'
2026-07-19 17:31:46,387 - INFO - 📅 Fetching Basic Metadata: Fallout Classic Edition
2026-07-19 17:31:46,461 - WARNING - IGDB Error for Fallout Classic Edition: string indices must be integers, not 'str'
2026-07-19 17:31:46,469 - INFO - 📅 Fetching Basic Metadata: Outliver: Tribulation
2026-07-19 17:31:46,540 - WARNING - IGDB Error for Outliver: Tribulation: string indices must be integers, not 'str'
2026-07-19 17:31:46,549 - INFO - 📅 Fetching Basic Metadata: Bus Simulator 21 Next Stop
2026-07-19 17:31:46,647 - WARNING - IGDB Error for Bus Simulator 21 Next Stop: string indices must be integers, not 'str'
2026-07-19 17:31:46,656 - INFO - 📅 Fetching Basic Metadata: Turmoil
2026-07-19 17:31:46,728 - WARNING - IGDB Error for Turmoil: string indices must be integers, not 'str'
2026-07-19 17:31:46,736 - INFO - 📅 Fetching Basic Metadata: World War Z Aftermath
2026-07-19 17:31:46,808 - WARNING - IGDB Error for World War Z Aftermath: string indices must be integers, not 'str'
2026-07-19 17:31:46,816 - INFO - 📅 Fetching Basic Metadata: World Of Warships – Anniversary Party Flavor
2026-07-19 17:31:46,890 - WARNING - IGDB Error for World Of Warships – Anniversary Party Flavor: string indices must be integers, not 'str'
2026-07-19 17:31:46,897 - INFO - 📅 Fetching Basic Metadata: Neko Ghost, Jump!
2026-07-19 17:31:46,974 - WARNING - IGDB Error for Neko Ghost, Jump!: string indices must be integers, not 'str'
2026-07-19 17:31:46,987 - INFO - 📅 Fetching Basic Metadata: Super Space Club
2026-07-19 17:31:47,064 - WARNING - IGDB Error for Super Space Club: string indices must be integers, not 'str'
2026-07-19 17:31:47,071 - INFO - 📅 Fetching Basic Metadata: Touch Type Tale
2026-07-19 17:31:47,143 - WARNING - IGDB Error for Touch Type Tale: string indices must be integers, not 'str'
2026-07-19 17:31:47,151 - INFO - 📅 Fetching Basic Metadata: Gigapocalypse
2026-07-19 17:31:47,226 - WARNING - IGDB Error for Gigapocalypse: string indices must be integers, not 'str'
2026-07-19 17:31:47,236 - INFO - 📅 Fetching Basic Metadata: Legion TD2
2026-07-19 17:31:47,308 - WARNING - IGDB Error for Legion TD2: string indices must be integers, not 'str'
2026-07-19 17:31:47,318 - INFO - 📅 Fetching Basic Metadata: Nightingale
2026-07-19 17:31:47,390 - WARNING - IGDB Error for Nightingale: string indices must be integers, not 'str'
2026-07-19 17:31:47,399 - INFO - 📅 Fetching Basic Metadata: Godzilla Voxel Wars
2026-07-19 17:31:47,473 - WARNING - IGDB Error for Godzilla Voxel Wars: string indices must be integers, not 'str'
2026-07-19 17:31:47,482 - INFO - 📅 Fetching Basic Metadata: Trine Classic Collection
2026-07-19 17:31:47,554 - WARNING - IGDB Error for Trine Classic Collection: string indices must be integers, not 'str'
2026-07-19 17:31:47,562 - INFO - 📅 Fetching Basic Metadata: Poison Retro Set
2026-07-19 17:31:47,636 - WARNING - IGDB Error for Poison Retro Set: string indices must be integers, not 'str'
2026-07-19 17:31:47,643 - INFO - 📅 Fetching Basic Metadata: The Darkside Detective A Fumble in the Dark
2026-07-19 17:31:47,716 - WARNING - IGDB Error for The Darkside Detective A Fumble in the Dark: string indices must be integers, not 'str'
2026-07-19 17:31:47,724 - INFO - 📅 Fetching Basic Metadata: Return to Ash
2026-07-19 17:31:47,810 - INFO - 🎯 IGDB Match: 'Return to Ash' (100%)
2026-07-19 17:31:47,816 - INFO - 🏢 Publisher Search: STALCRAFT: X Starter Edition
2026-07-19 17:31:49,200 - INFO - 📅 Fetching Basic Metadata: STALCRAFT: X Starter Edition
2026-07-19 17:31:49,290 - INFO - 📅 Fetching Basic Metadata: Boxes: Lost Fragments
2026-07-19 17:31:49,373 - INFO - 🎯 IGDB Match: 'Boxes: Lost Fragments' (100%)
2026-07-19 17:31:49,380 - INFO - 📅 Fetching Basic Metadata: My Night Job
2026-07-19 17:31:49,464 - INFO - 🎯 IGDB Match: 'My Night Job' (100%)
2026-07-19 17:31:49,472 - INFO - 📅 Fetching Basic Metadata: Electrician Simulator
2026-07-19 17:31:49,555 - INFO - 🎯 IGDB Match: 'Electrician Simulator' (100%)
2026-07-19 17:31:49,562 - INFO - 🏢 Publisher Search: World of Warships — Epic Anniversary Tachibana Pack
2026-07-19 17:31:51,028 - INFO - 📅 Fetching Basic Metadata: World of Warships — Epic Anniversary Tachibana Pack
2026-07-19 17:31:51,123 - INFO - 📅 Fetching Basic Metadata: Hyper Echelon
2026-07-19 17:31:51,205 - INFO - 🎯 IGDB Match: 'Hyper Echelon' (100%)
2026-07-19 17:31:51,215 - INFO - 📅 Fetching Basic Metadata: Havendock
2026-07-19 17:31:51,319 - INFO - 🎯 IGDB Match: 'Havendock' (100%)
2026-07-19 17:31:51,326 - INFO - 📅 Fetching Basic Metadata: Clone Drone in the Danger Zone
2026-07-19 17:31:51,414 - INFO - 🎯 IGDB Match: 'Clone Drone in the Danger Zone' (100%)
2026-07-19 17:31:51,424 - INFO - 🏢 Publisher Search: TOMAK: Save the Earth Regeneration
2026-07-19 17:31:52,911 - INFO - 📅 Fetching Basic Metadata: TOMAK: Save the Earth Regeneration
2026-07-19 17:31:52,993 - INFO - 🎯 IGDB Match: 'Tomak: Save the Earth Regeneration' (100%)
2026-07-19 17:31:52,999 - INFO - 📅 Fetching Basic Metadata: Prop Sumo
2026-07-19 17:31:53,085 - INFO - 🎯 IGDB Match: 'Prop Sumo' (100%)
2026-07-19 17:31:53,091 - INFO - 📅 Fetching Basic Metadata: The Stone of Madness
2026-07-19 17:31:53,175 - INFO - 🎯 IGDB Match: 'The Stone of Madness' (100%)
2026-07-19 17:31:53,182 - INFO - 📅 Fetching Basic Metadata: Firestone Online Idle RPG
2026-07-19 17:31:53,268 - INFO - 🎯 IGDB Match: 'Firestone: Online Idle RPG' (98%)
2026-07-19 17:31:53,275 - INFO - 📅 Fetching Basic Metadata: Oddsparks: An Automation Adventure
2026-07-19 17:31:53,359 - INFO - 🎯 IGDB Match: 'Oddsparks: An Automation Adventure' (100%)
2026-07-19 17:31:53,366 - INFO - 📅 Fetching Basic Metadata: Trash Goblin
2026-07-19 17:31:53,450 - INFO - 🎯 IGDB Match: 'Trash Goblin' (100%)
2026-07-19 17:31:53,457 - INFO - 🏢 Publisher Search: The Telltale Batman Shadows Edition
2026-07-19 17:31:54,832 - INFO - 📅 Fetching Basic Metadata: The Telltale Batman Shadows Edition
2026-07-19 17:31:54,913 - INFO - 🎯 IGDB Match: 'Telltale Batman Shadows Edition' (95%)
2026-07-19 17:31:54,920 - INFO - 🏢 Publisher Search: Sunderfolk - Standard Edition
2026-07-19 17:31:56,260 - INFO - 📅 Fetching Basic Metadata: Sunderfolk - Standard Edition
2026-07-19 17:31:56,355 - INFO - 📅 Fetching Basic Metadata: Down in Bermuda
2026-07-19 17:31:56,438 - INFO - 🎯 IGDB Match: 'Down in Bermuda' (100%)
2026-07-19 17:31:56,445 - INFO - 📅 Fetching Basic Metadata: Tomb Raider I-III Remastered Starring Lara Croft
2026-07-19 17:31:56,543 - INFO - 📅 Fetching Basic Metadata: LONESTAR
2026-07-19 17:31:56,626 - INFO - 🎯 IGDB Match: 'LoneStar' (100%)
2026-07-19 17:31:56,633 - INFO - 📅 Fetching Basic Metadata: Calico
2026-07-19 17:31:56,717 - INFO - 🎯 IGDB Match: 'Calico' (100%)
2026-07-19 17:31:56,724 - INFO - 📅 Fetching Basic Metadata: Rogue Waters
2026-07-19 17:31:56,806 - INFO - 🎯 IGDB Match: 'Rogue Waters' (100%)
2026-07-19 17:31:56,814 - INFO - 📅 Fetching Basic Metadata: The Ouroboros King
2026-07-19 17:31:57,008 - INFO - 🎯 IGDB Match: 'The Ouroboros King' (100%)
2026-07-19 17:31:57,015 - INFO - 🏢 Publisher Search: Warhammer 40K Speed Freeks
2026-07-19 17:31:58,366 - INFO - 📅 Fetching Basic Metadata: I Have No Mouth, and I Must Scream
2026-07-19 17:31:58,474 - INFO - 🎯 IGDB Match: 'I Have No Mouth, and I Must Scream' (100%)
2026-07-19 17:31:58,481 - INFO - 📅 Fetching Basic Metadata: Nova Lands
2026-07-19 17:31:58,564 - INFO - 🎯 IGDB Match: 'Nova Lands' (100%)
2026-07-19 17:31:58,571 - INFO - 📅 Fetching Basic Metadata: Tattoo Tycoon
2026-07-19 17:31:58,653 - INFO - 🎯 IGDB Match: 'Tattoo Tycoon' (100%)
2026-07-19 17:31:58,660 - INFO - 📅 Fetching Basic Metadata: Echo Generation: Midnight Edition
2026-07-19 17:31:58,744 - INFO - 🎯 IGDB Match: 'Echo Generation: Midnight Edition' (100%)
2026-07-19 17:31:58,756 - INFO - 
--- Starting Data Quality Checks ---
2026-07-19 17:31:58,770 - INFO - --- Data Quality Checks Complete ---

2026-07-19 17:31:58,802 - INFO - | Metric | Statistics |
| :--- | :--- |
| 💰 **Total Market Value** | **$13,332.99** |
| 📦 **Total Games Collected** | 690 |
| 🏷️ **Average Retail Price** | $22.35 per game |
| 💎 **Most Expensive Title** | Civilization 6 Platinum Edition ($79.99) |
| 👑 **MVP Publisher** | Bethesda Softworks |
| 🏢 **Value Leaders** | 2K ($579.90), Bethesda Softworks ($544.80), Paradox Interactive ($409.89) |
| 📈 **Inflation-Adjusted Value** | $15,130.23 |
| 🎈 **Inflation Bonus** | **+$1,797.24** in purchasing power |
| 🗓️ **Peak Saving Month** | 🎄 **Seasonality Peak:** December is historically the best month, offering $3,388.17 in savings. |
| ⭐ **Average Score** | 76.9/100 |
| 💳 **Subscription Equivalent** | **$169.48 / mo** |
| 🎯 **Prestige Ratio** | **2.0%** (Strategic Hype) |
| 🏎️ **Lead Time Avg** | 441 Days to Sequel |

2026-07-19 17:31:58,802 - INFO - ✅ README.md updated.
2026-07-19 17:31:58,829 - INFO - Using categorical units to plot a list of strings that are all parsable as floats or dates. If these strings should be plotted as numbers, cast to the appropriate data type before plotting.
2026-07-19 17:31:58,830 - INFO - Using categorical units to plot a list of strings that are all parsable as floats or dates. If these strings should be plotted as numbers, cast to the appropriate data type before plotting.
2026-07-19 17:32:05,304 - INFO - 📈 All charts generated successfully.
