2026-07-14 17:40:32,202 - INFO - Failed to extract font properties from /usr/share/fonts/truetype/noto/NotoColorEmoji.ttf: Non-scalable fonts are not supported
2026-07-14 17:40:32,831 - INFO - generated new fontManager
2026-07-14 17:40:33,106 - INFO - ✅ Migration Successful!
2026-07-14 17:40:33,555 - INFO - No new games found.
2026-07-14 17:40:34,035 - INFO - 🔍 Found 611 games needing metadata. Starting IGDB + Steam + CheapShark enrichment...
2026-07-14 17:40:34,205 - INFO - 📅 Fetching Basic Metadata: LEGO Batman Trilogy
2026-07-14 17:40:34,419 - WARNING - IGDB Error for LEGO Batman Trilogy: ('Connection aborted.', ConnectionResetError(104, 'Connection reset by peer'))
2026-07-14 17:40:34,436 - INFO - 📅 Fetching Basic Metadata: Antstream
2026-07-14 17:40:34,761 - INFO - 📅 Fetching Basic Metadata: The Drone Racing League Simulator
2026-07-14 17:40:34,972 - INFO - 🎯 IGDB Match: 'The Drone Racing League Simulator' (100%)
2026-07-14 17:40:34,977 - INFO - 📅 Fetching Basic Metadata: Dark Deity
2026-07-14 17:40:35,217 - INFO - 🎯 IGDB Match: 'Dark Deity' (100%)
2026-07-14 17:40:35,221 - INFO - 📅 Fetching Basic Metadata: RPG in a Box
2026-07-14 17:40:35,354 - INFO - 🎯 IGDB Match: 'RPG in a Box' (100%)
2026-07-14 17:40:35,359 - INFO - 📅 Fetching Basic Metadata: Fallout Classic Collection
2026-07-14 17:40:35,534 - INFO - 🎯 IGDB Match: 'Fallout Classic Collection' (100%)
2026-07-14 17:40:35,539 - INFO - 📅 Fetching Basic Metadata: Recipe for Disaster
2026-07-14 17:40:35,712 - INFO - 🎯 IGDB Match: 'Recipe For Disaster' (100%)
2026-07-14 17:40:35,717 - INFO - 📅 Fetching Basic Metadata: World of Warships — Starter Pack: Ishizuchi
2026-07-14 17:40:35,989 - INFO - 🎯 IGDB Match: 'World of Warships: Starter Pack - Ishizuchi' (98%)
2026-07-14 17:40:35,993 - INFO - 📅 Fetching Basic Metadata: Poker Club
2026-07-14 17:40:36,130 - INFO - 🎯 IGDB Match: 'Poker Club' (100%)
2026-07-14 17:40:36,134 - INFO - 📅 Fetching Basic Metadata: The Sims 4 The Daring Lifestyle Bundle
2026-07-14 17:40:36,286 - INFO - 🎯 IGDB Match: 'The Sims 4: The Daring Lifestyle Bundle' (99%)
2026-07-14 17:40:36,291 - INFO - 📅 Fetching Basic Metadata: Dodo Peak
2026-07-14 17:40:36,498 - INFO - 🎯 IGDB Match: 'Dodo Peak' (100%)
2026-07-14 17:40:36,502 - INFO - 📅 Fetching Basic Metadata: Spelldrifter
2026-07-14 17:40:36,750 - INFO - 🎯 IGDB Match: 'Spelldrifter' (100%)
2026-07-14 17:40:36,754 - INFO - 📅 Fetching Basic Metadata: Model Builder
2026-07-14 17:40:36,905 - INFO - 🎯 IGDB Match: 'Model Builder' (100%)
2026-07-14 17:40:36,910 - INFO - 📅 Fetching Basic Metadata: Godlike Burger
2026-07-14 17:40:37,146 - INFO - 🎯 IGDB Match: 'Godlike Burger' (100%)
2026-07-14 17:40:37,150 - INFO - 📅 Fetching Basic Metadata: Q.U.B.E. Ultimate Bundle
2026-07-14 17:40:37,367 - INFO - 🎯 IGDB Match: 'Q.U.B.E. Ultimate Bundle' (100%)
2026-07-14 17:40:37,372 - INFO - 📅 Fetching Basic Metadata: Jitsu Squad
2026-07-14 17:40:37,568 - INFO - 🎯 IGDB Match: 'Jitsu Squad' (100%)
2026-07-14 17:40:37,572 - INFO - 📅 Fetching Basic Metadata: Mighty Fight Federation
2026-07-14 17:40:37,697 - INFO - 🎯 IGDB Match: 'Mighty Fight Federation' (100%)
2026-07-14 17:40:37,702 - INFO - 📅 Fetching Basic Metadata: LOVE
2026-07-14 17:40:37,739 - WARNING - IGDB Error for LOVE: ('Connection aborted.', ConnectionResetError(104, 'Connection reset by peer'))
2026-07-14 17:40:37,744 - INFO - 📅 Fetching Basic Metadata: Call of The Wild: The Angler
2026-07-14 17:40:37,980 - INFO - 🎯 IGDB Match: 'Call of the Wild: The Angler' (100%)
2026-07-14 17:40:37,985 - INFO - 📅 Fetching Basic Metadata: The Falconeer
2026-07-14 17:40:38,207 - INFO - 🎯 IGDB Match: 'The Falconeer: The Hunter' (90%)
2026-07-14 17:40:38,331 - INFO - 📅 Fetching Basic Metadata: Rawmen: Food Fighter Arena
2026-07-14 17:40:38,392 - WARNING - IGDB Error for Rawmen: Food Fighter Arena: ('Connection aborted.', ConnectionResetError(104, 'Connection reset by peer'))
2026-07-14 17:40:38,448 - INFO - 📅 Fetching Basic Metadata: World of Warships – Starter Pack: Albany
2026-07-14 17:40:38,749 - INFO - 📅 Fetching Basic Metadata: Fallout Classic Edition
2026-07-14 17:40:38,990 - INFO - 📅 Fetching Basic Metadata: Outliver: Tribulation
2026-07-14 17:40:39,199 - INFO - 🎯 IGDB Match: 'Outliver: Tribulation' (100%)
2026-07-14 17:40:39,204 - INFO - 📅 Fetching Basic Metadata: Bus Simulator 21 Next Stop
2026-07-14 17:40:39,332 - INFO - 🎯 IGDB Match: 'Bus Simulator 21: Next Stop' (98%)
2026-07-14 17:40:39,337 - INFO - 📅 Fetching Basic Metadata: Turmoil
2026-07-14 17:40:39,628 - INFO - 🎯 IGDB Match: 'Turmoil' (100%)
2026-07-14 17:40:39,633 - INFO - 📅 Fetching Basic Metadata: World War Z Aftermath
2026-07-14 17:40:39,755 - INFO - 🎯 IGDB Match: 'World War Z: Aftermath' (98%)
2026-07-14 17:40:39,760 - INFO - 📅 Fetching Basic Metadata: World Of Warships – Anniversary Party Flavor
2026-07-14 17:40:39,999 - INFO - 📅 Fetching Basic Metadata: Neko Ghost, Jump!
2026-07-14 17:40:40,130 - INFO - 🎯 IGDB Match: 'Neko Ghost, Jump!' (100%)
2026-07-14 17:40:40,137 - INFO - 📅 Fetching Basic Metadata: Super Space Club
2026-07-14 17:40:40,355 - INFO - 🎯 IGDB Match: 'Super Space Club' (100%)
2026-07-14 17:40:40,369 - INFO - 📅 Fetching Basic Metadata: Touch Type Tale
2026-07-14 17:40:40,565 - INFO - 🎯 IGDB Match: 'Touch Type Tale' (100%)
2026-07-14 17:40:40,570 - INFO - 📅 Fetching Basic Metadata: Gigapocalypse
2026-07-14 17:40:40,861 - INFO - 🎯 IGDB Match: 'Gigapocalypse' (100%)
2026-07-14 17:40:40,892 - INFO - 📅 Fetching Basic Metadata: Legion TD2
2026-07-14 17:40:41,104 - INFO - 📅 Fetching Basic Metadata: Nightingale
2026-07-14 17:40:41,378 - INFO - 🎯 IGDB Match: 'Nightingale' (100%)
2026-07-14 17:40:41,384 - INFO - 📅 Fetching Basic Metadata: Godzilla Voxel Wars
2026-07-14 17:40:41,514 - INFO - 🎯 IGDB Match: 'Godzilla Voxel Wars' (100%)
2026-07-14 17:40:41,520 - INFO - 📅 Fetching Basic Metadata: Trine Classic Collection
2026-07-14 17:40:41,746 - INFO - 🎯 IGDB Match: 'Trine Classic Collection' (100%)
2026-07-14 17:40:41,751 - INFO - 📅 Fetching Basic Metadata: Poison Retro Set
2026-07-14 17:40:41,996 - INFO - 🎯 IGDB Match: 'Pixel Gun 3D: Poison Retro Set' (90%)
2026-07-14 17:40:42,000 - INFO - 📅 Fetching Basic Metadata: The Darkside Detective A Fumble in the Dark
2026-07-14 17:40:42,130 - INFO - 🎯 IGDB Match: 'The Darkside Detective: A Fumble in the Dark' (99%)
2026-07-14 17:40:42,134 - INFO - 📅 Fetching Basic Metadata: Return to Ash
2026-07-14 17:40:42,341 - INFO - 🎯 IGDB Match: 'Return to Ash' (100%)
2026-07-14 17:40:42,345 - INFO - 🏢 Publisher Search: STALCRAFT: X Starter Edition
2026-07-14 17:40:43,803 - INFO - 📅 Fetching Basic Metadata: STALCRAFT: X Starter Edition
2026-07-14 17:40:44,117 - INFO - 📅 Fetching Basic Metadata: Boxes: Lost Fragments
2026-07-14 17:40:44,327 - INFO - 🎯 IGDB Match: 'Boxes: Lost Fragments' (100%)
2026-07-14 17:40:44,348 - INFO - 📅 Fetching Basic Metadata: My Night Job
2026-07-14 17:40:44,556 - INFO - 🎯 IGDB Match: 'My Night Job' (100%)
2026-07-14 17:40:44,560 - INFO - 📅 Fetching Basic Metadata: Electrician Simulator
2026-07-14 17:40:44,692 - INFO - 🎯 IGDB Match: 'Electrician Simulator' (100%)
2026-07-14 17:40:44,696 - INFO - 🏢 Publisher Search: World of Warships — Epic Anniversary Tachibana Pack
2026-07-14 17:40:46,126 - INFO - 📅 Fetching Basic Metadata: World of Warships — Epic Anniversary Tachibana Pack
2026-07-14 17:40:46,358 - INFO - 📅 Fetching Basic Metadata: Hyper Echelon
2026-07-14 17:40:46,581 - INFO - 🎯 IGDB Match: 'Hyper Echelon' (100%)
2026-07-14 17:40:46,586 - INFO - 📅 Fetching Basic Metadata: Havendock
2026-07-14 17:40:46,716 - INFO - 🎯 IGDB Match: 'Havendock' (100%)
2026-07-14 17:40:46,721 - INFO - 📅 Fetching Basic Metadata: Clone Drone in the Danger Zone
2026-07-14 17:40:46,945 - INFO - 🎯 IGDB Match: 'Clone Drone in the Danger Zone' (100%)
2026-07-14 17:40:46,949 - INFO - 🏢 Publisher Search: TOMAK: Save the Earth Regeneration
2026-07-14 17:40:48,367 - INFO - 📅 Fetching Basic Metadata: TOMAK: Save the Earth Regeneration
2026-07-14 17:40:48,631 - INFO - 🎯 IGDB Match: 'Tomak: Save the Earth Regeneration' (100%)
2026-07-14 17:40:48,636 - INFO - 📅 Fetching Basic Metadata: Prop Sumo
2026-07-14 17:40:48,674 - WARNING - IGDB Error for Prop Sumo: ('Connection aborted.', ConnectionResetError(104, 'Connection reset by peer'))
2026-07-14 17:40:48,677 - INFO - 📅 Fetching Basic Metadata: The Stone of Madness
2026-07-14 17:40:48,830 - INFO - 🎯 IGDB Match: 'The Stone of Madness' (100%)
2026-07-14 17:40:48,835 - INFO - 📅 Fetching Basic Metadata: Firestone Online Idle RPG
2026-07-14 17:40:48,971 - INFO - 🎯 IGDB Match: 'Firestone: Online Idle RPG' (98%)
2026-07-14 17:40:48,975 - INFO - 📅 Fetching Basic Metadata: Oddsparks: An Automation Adventure
2026-07-14 17:40:49,210 - INFO - 🎯 IGDB Match: 'Oddsparks: An Automation Adventure' (100%)
2026-07-14 17:40:49,214 - INFO - 📅 Fetching Basic Metadata: Trash Goblin
2026-07-14 17:40:49,482 - INFO - 🎯 IGDB Match: 'Trash Goblin' (100%)
2026-07-14 17:40:49,486 - INFO - 🏢 Publisher Search: The Telltale Batman Shadows Edition
2026-07-14 17:40:50,881 - INFO - 📅 Fetching Basic Metadata: The Telltale Batman Shadows Edition
2026-07-14 17:40:50,912 - WARNING - IGDB Error for The Telltale Batman Shadows Edition: ('Connection aborted.', ConnectionResetError(104, 'Connection reset by peer'))
2026-07-14 17:40:50,916 - INFO - 🏢 Publisher Search: Sunderfolk - Standard Edition
2026-07-14 17:40:52,300 - INFO - 📅 Fetching Basic Metadata: Sunderfolk - Standard Edition
2026-07-14 17:40:52,491 - INFO - 📅 Fetching Basic Metadata: Down in Bermuda
2026-07-14 17:40:52,715 - INFO - 🎯 IGDB Match: 'Down in Bermuda' (100%)
2026-07-14 17:40:52,719 - INFO - 📅 Fetching Basic Metadata: Tomb Raider I-III Remastered Starring Lara Croft
2026-07-14 17:40:52,880 - INFO - 📅 Fetching Basic Metadata: LONESTAR
2026-07-14 17:40:53,024 - INFO - 🎯 IGDB Match: 'LoneStar' (100%)
2026-07-14 17:40:53,028 - INFO - 📅 Fetching Basic Metadata: Calico
2026-07-14 17:40:53,224 - INFO - 🎯 IGDB Match: 'Calico' (100%)
2026-07-14 17:40:53,228 - INFO - 📅 Fetching Basic Metadata: Rogue Waters
2026-07-14 17:40:53,402 - INFO - 🎯 IGDB Match: 'Rogue Waters' (100%)
2026-07-14 17:40:53,407 - INFO - 📅 Fetching Basic Metadata: The Ouroboros King
2026-07-14 17:40:53,681 - INFO - 🎯 IGDB Match: 'The Ouroboros King' (100%)
2026-07-14 17:40:53,685 - INFO - 🏢 Publisher Search: Warhammer 40K Speed Freeks
2026-07-14 17:40:55,084 - INFO - 📅 Fetching Basic Metadata: I Have No Mouth, and I Must Scream
2026-07-14 17:40:55,398 - INFO - 🎯 IGDB Match: 'I Have No Mouth, and I Must Scream' (100%)
2026-07-14 17:40:55,402 - INFO - 📅 Fetching Basic Metadata: Nova Lands
2026-07-14 17:40:55,461 - WARNING - IGDB Error for Nova Lands: ('Connection aborted.', ConnectionResetError(104, 'Connection reset by peer'))
2026-07-14 17:40:55,465 - INFO - 📅 Fetching Basic Metadata: Tattoo Tycoon
2026-07-14 17:40:55,667 - INFO - 🎯 IGDB Match: 'Tattoo Tycoon' (100%)
2026-07-14 17:40:55,675 - INFO - 
--- Starting Data Quality Checks ---
2026-07-14 17:40:55,686 - INFO - --- Data Quality Checks Complete ---

2026-07-14 17:40:55,705 - INFO - | Metric | Statistics |
| :--- | :--- |
| 💰 **Total Market Value** | **$13,288.01** |
| 📦 **Total Games Collected** | 688 |
| 🏷️ **Average Retail Price** | $22.35 per game |
| 💎 **Most Expensive Title** | Civilization 6 Platinum Edition ($79.99) |
| 👑 **MVP Publisher** | Bethesda Softworks |
| 🏢 **Value Leaders** | 2K ($579.90), Bethesda Softworks ($544.80), Paradox Interactive ($409.89) |
| 📈 **Inflation-Adjusted Value** | $15,085.25 |
| 🎈 **Inflation Bonus** | **+$1,797.24** in purchasing power |
| 🗓️ **Peak Saving Month** | 🎄 **Seasonality Peak:** December is historically the best month, offering $3,388.17 in savings. |
| ⭐ **Average Score** | 76.8/100 |
| 💳 **Subscription Equivalent** | **$168.99 / mo** |
| 🎯 **Prestige Ratio** | **2.0%** (Strategic Hype) |
| 🏎️ **Lead Time Avg** | 441 Days to Sequel |

2026-07-14 17:40:55,706 - INFO - ✅ README.md updated.
2026-07-14 17:40:55,722 - INFO - Using categorical units to plot a list of strings that are all parsable as floats or dates. If these strings should be plotted as numbers, cast to the appropriate data type before plotting.
2026-07-14 17:40:55,722 - INFO - Using categorical units to plot a list of strings that are all parsable as floats or dates. If these strings should be plotted as numbers, cast to the appropriate data type before plotting.
2026-07-14 17:40:59,547 - INFO - 📈 All charts generated successfully.
