2026-03-21 16:54:26,448 - INFO - Failed to extract font properties from /usr/share/fonts/truetype/noto/NotoColorEmoji.ttf: Can not load face (unknown file format; error code 0x2)
2026-03-21 16:54:27,182 - INFO - generated new fontManager
2026-03-21 16:54:27,509 - INFO - ✅ Migration Successful!
2026-03-21 16:54:27,705 - INFO - No new games found.
2026-03-21 16:54:28,295 - INFO - 🔍 Found 583 games needing metadata. Starting IGDB + Steam + CheapShark enrichment...
2026-03-21 16:54:28,387 - INFO - 📅 Fetching Basic Metadata: LEGO Batman Trilogy
2026-03-21 16:54:28,759 - INFO - 🎯 IGDB Match: 'LEGO Batman Trilogy' (100%)
2026-03-21 16:54:28,787 - INFO - 📅 Fetching Basic Metadata: Antstream
2026-03-21 16:54:29,017 - INFO - 📅 Fetching Basic Metadata: The Drone Racing League Simulator
2026-03-21 16:54:29,140 - INFO - 🎯 IGDB Match: 'The Drone Racing League Simulator' (100%)
2026-03-21 16:54:29,148 - INFO - 📅 Fetching Basic Metadata: Dark Deity
2026-03-21 16:54:29,365 - INFO - 🎯 IGDB Match: 'Dark Deity' (100%)
2026-03-21 16:54:29,372 - INFO - 📅 Fetching Basic Metadata: RPG in a Box
2026-03-21 16:54:29,504 - INFO - 🎯 IGDB Match: 'RPG in a Box' (100%)
2026-03-21 16:54:29,511 - INFO - 📅 Fetching Basic Metadata: Fallout Classic Collection
2026-03-21 16:54:29,731 - INFO - 🎯 IGDB Match: 'Fallout Classic Collection' (100%)
2026-03-21 16:54:29,739 - INFO - 📅 Fetching Basic Metadata: Recipe for Disaster
2026-03-21 16:54:29,952 - INFO - 🎯 IGDB Match: 'Recipe for Disaster' (100%)
2026-03-21 16:54:29,959 - INFO - 📅 Fetching Basic Metadata: World of Warships — Starter Pack: Ishizuchi
2026-03-21 16:54:30,128 - INFO - 🎯 IGDB Match: 'World of Warships: Starter Pack - Ishizuchi' (98%)
2026-03-21 16:54:30,135 - INFO - 📅 Fetching Basic Metadata: Poker Club
2026-03-21 16:54:30,524 - INFO - 🎯 IGDB Match: 'Poker Club' (100%)
2026-03-21 16:54:30,530 - INFO - 📅 Fetching Basic Metadata: The Sims 4 The Daring Lifestyle Bundle
2026-03-21 16:54:30,735 - INFO - 🎯 IGDB Match: 'The Sims 4: The Daring Lifestyle Bundle' (99%)
2026-03-21 16:54:30,743 - INFO - 📅 Fetching Basic Metadata: Dodo Peak
2026-03-21 16:54:30,931 - INFO - 🎯 IGDB Match: 'Dodo Peak' (100%)
2026-03-21 16:54:30,938 - INFO - 📅 Fetching Basic Metadata: Spelldrifter
2026-03-21 16:54:31,063 - INFO - 🎯 IGDB Match: 'Spelldrifter' (100%)
2026-03-21 16:54:31,070 - INFO - 📅 Fetching Basic Metadata: Model Builder
2026-03-21 16:54:31,334 - INFO - 🎯 IGDB Match: 'Model Builder' (100%)
2026-03-21 16:54:31,340 - INFO - 📅 Fetching Basic Metadata: Godlike Burger
2026-03-21 16:54:31,473 - INFO - 🎯 IGDB Match: 'Godlike Burger' (100%)
2026-03-21 16:54:31,479 - INFO - 📅 Fetching Basic Metadata: Q.U.B.E. Ultimate Bundle
2026-03-21 16:54:31,814 - INFO - 🎯 IGDB Match: 'Q.U.B.E. Ultimate Bundle' (100%)
2026-03-21 16:54:31,821 - INFO - 📅 Fetching Basic Metadata: Jitsu Squad
2026-03-21 16:54:31,949 - INFO - 🎯 IGDB Match: 'Jitsu Squad' (100%)
2026-03-21 16:54:31,955 - INFO - 📅 Fetching Basic Metadata: Mighty Fight Federation
2026-03-21 16:54:32,085 - INFO - 🎯 IGDB Match: 'Mighty Fight Federation' (100%)
2026-03-21 16:54:32,094 - INFO - 📅 Fetching Basic Metadata: LOVE
2026-03-21 16:54:32,313 - INFO - 🎯 IGDB Match: 'Love Love Love' (90%)
2026-03-21 16:54:32,321 - INFO - 📅 Fetching Basic Metadata: Call of The Wild: The Angler
2026-03-21 16:54:32,612 - INFO - 🎯 IGDB Match: 'Call of the Wild: The Angler' (100%)
2026-03-21 16:54:32,621 - INFO - 📅 Fetching Basic Metadata: The Falconeer
2026-03-21 16:54:32,840 - INFO - 🎯 IGDB Match: 'The Falconeer: The Hunter' (90%)
2026-03-21 16:54:32,847 - INFO - 📅 Fetching Basic Metadata: Rawmen: Food Fighter Arena
2026-03-21 16:54:33,081 - INFO - 🎯 IGDB Match: 'Rawmen' (90%)
2026-03-21 16:54:33,088 - INFO - 📅 Fetching Basic Metadata: World of Warships – Starter Pack: Albany
2026-03-21 16:54:33,219 - INFO - 📅 Fetching Basic Metadata: Fallout Classic Edition
2026-03-21 16:54:33,361 - INFO - 📅 Fetching Basic Metadata: Outliver: Tribulation
2026-03-21 16:54:33,567 - INFO - 🎯 IGDB Match: 'Outliver: Tribulation' (100%)
2026-03-21 16:54:33,575 - INFO - 📅 Fetching Basic Metadata: Bus Simulator 21 Next Stop
2026-03-21 16:54:33,787 - INFO - 🎯 IGDB Match: 'Bus Simulator 21: Next Stop' (98%)
2026-03-21 16:54:33,796 - INFO - 📅 Fetching Basic Metadata: Turmoil
2026-03-21 16:54:33,918 - INFO - 🎯 IGDB Match: 'Turmoil' (100%)
2026-03-21 16:54:33,925 - INFO - 📅 Fetching Basic Metadata: World War Z Aftermath
2026-03-21 16:54:34,137 - INFO - 🎯 IGDB Match: 'World War Z: Aftermath' (98%)
2026-03-21 16:54:34,144 - INFO - 📅 Fetching Basic Metadata: World Of Warships – Anniversary Party Flavor
2026-03-21 16:54:34,417 - INFO - 📅 Fetching Basic Metadata: Neko Ghost, Jump!
2026-03-21 16:54:34,629 - INFO - 🎯 IGDB Match: 'Neko Ghost, Jump!' (100%)
2026-03-21 16:54:34,636 - INFO - 📅 Fetching Basic Metadata: Super Space Club
2026-03-21 16:54:34,757 - INFO - 🎯 IGDB Match: 'Super Space Club' (100%)
2026-03-21 16:54:34,763 - INFO - 📅 Fetching Basic Metadata: Touch Type Tale
2026-03-21 16:54:34,908 - INFO - 🎯 IGDB Match: 'Touch Type Tale' (100%)
2026-03-21 16:54:34,914 - INFO - 📅 Fetching Basic Metadata: Gigapocalypse
2026-03-21 16:54:35,171 - INFO - 🎯 IGDB Match: 'Gigapocalypse' (100%)
2026-03-21 16:54:35,179 - INFO - 📅 Fetching Basic Metadata: Legion TD2
2026-03-21 16:54:35,309 - INFO - 📅 Fetching Basic Metadata: Nightingale
2026-03-21 16:54:35,585 - INFO - 🎯 IGDB Match: 'Nightingale' (100%)
2026-03-21 16:54:35,592 - INFO - 📅 Fetching Basic Metadata: Godzilla Voxel Wars
2026-03-21 16:54:36,013 - INFO - 🎯 IGDB Match: 'Godzilla Voxel Wars' (100%)
2026-03-21 16:54:36,022 - INFO - 📅 Fetching Basic Metadata: Trine Classic Collection
2026-03-21 16:54:36,154 - INFO - 🎯 IGDB Match: 'Trine Classic Collection' (100%)
2026-03-21 16:54:36,162 - INFO - 📅 Fetching Basic Metadata: Poison Retro Set
2026-03-21 16:54:36,284 - INFO - 🎯 IGDB Match: 'Pixel Gun 3D: Poison Retro Set' (90%)
2026-03-21 16:54:36,290 - INFO - 📅 Fetching Basic Metadata: The Darkside Detective A Fumble in the Dark
2026-03-21 16:54:36,554 - INFO - 🎯 IGDB Match: 'The Darkside Detective: A Fumble in the Dark' (99%)
2026-03-21 16:54:36,560 - INFO - 📅 Fetching Basic Metadata: Return to Ash
2026-03-21 16:54:36,692 - INFO - 🎯 IGDB Match: 'Return to Ash' (100%)
2026-03-21 16:54:36,697 - INFO - 🏢 Publisher Search: STALCRAFT: X Starter Edition
2026-03-21 16:54:38,055 - INFO - 📅 Fetching Basic Metadata: STALCRAFT: X Starter Edition
2026-03-21 16:54:38,187 - INFO - 📅 Fetching Basic Metadata: Boxes: Lost Fragments
2026-03-21 16:54:38,315 - INFO - 🎯 IGDB Match: 'Boxes: Lost Fragments' (100%)
2026-03-21 16:54:38,321 - INFO - 📅 Fetching Basic Metadata: My Night Job
2026-03-21 16:54:38,442 - INFO - 🎯 IGDB Match: 'My Night Job' (100%)
2026-03-21 16:54:38,450 - INFO - 📅 Fetching Basic Metadata: Electrician Simulator
2026-03-21 16:54:38,691 - INFO - 🎯 IGDB Match: 'Electrician Simulator' (100%)
2026-03-21 16:54:38,697 - INFO - 🏢 Publisher Search: World of Warships — Epic Anniversary Tachibana Pack
2026-03-21 16:54:40,088 - INFO - 📅 Fetching Basic Metadata: World of Warships — Epic Anniversary Tachibana Pack
2026-03-21 16:54:40,222 - INFO - 
--- Starting Data Quality Checks ---
2026-03-21 16:54:40,235 - INFO - --- Data Quality Checks Complete ---

2026-03-21 16:54:40,264 - INFO - | Metric | Statistics |
| :--- | :--- |
| 💰 **Total Market Value** | **$12,706.28** |
| 📦 **Total Games Collected** | 659 |
| 🏷️ **Average Retail Price** | $22.45 per game |
| 💎 **Most Expensive Title** | Civilization 6 Platinum Edition ($79.99) |
| 👑 **MVP Publisher** | Bethesda Softworks |
| 🏢 **Value Leaders** | 2K ($579.90), Bethesda Softworks ($544.80), Paradox Interactive ($409.89) |
| 📈 **Inflation-Adjusted Value** | $14,503.52 |
| 🎈 **Inflation Bonus** | **+$1,797.24** in purchasing power |
| 🗓️ **Peak Saving Month** | 🎄 **Seasonality Peak:** December is historically the best month, offering $3,388.17 in savings. |
| ⭐ **Average Score** | 76.7/100 |
| 💳 **Subscription Equivalent** | **$170.07 / mo** |
| 🎯 **Prestige Ratio** | **2.0%** (Strategic Hype) |
| 🏎️ **Lead Time Avg** | 447 Days to Sequel |

2026-03-21 16:54:40,265 - INFO - ✅ README.md updated.
2026-03-21 16:54:40,289 - INFO - Using categorical units to plot a list of strings that are all parsable as floats or dates. If these strings should be plotted as numbers, cast to the appropriate data type before plotting.
2026-03-21 16:54:40,290 - INFO - Using categorical units to plot a list of strings that are all parsable as floats or dates. If these strings should be plotted as numbers, cast to the appropriate data type before plotting.
2026-03-21 16:54:45,937 - INFO - 📈 All charts generated successfully.
