2026-05-04 18:00:59,091 - INFO - Failed to extract font properties from /usr/share/fonts/truetype/noto/NotoColorEmoji.ttf: Can not load face (unknown file format; error code 0x2)
2026-05-04 18:00:59,287 - INFO - generated new fontManager
2026-05-04 18:00:59,642 - INFO - ✅ Migration Successful!
2026-05-04 18:01:00,347 - INFO - No new games found.
2026-05-04 18:01:00,662 - INFO - 🔍 Found 592 games needing metadata. Starting IGDB + Steam + CheapShark enrichment...
2026-05-04 18:01:00,753 - INFO - 📅 Fetching Basic Metadata: LEGO Batman Trilogy
2026-05-04 18:01:00,969 - INFO - 🎯 IGDB Match: 'LEGO Batman Trilogy' (100%)
2026-05-04 18:01:01,000 - INFO - 📅 Fetching Basic Metadata: Antstream
2026-05-04 18:01:01,140 - INFO - 📅 Fetching Basic Metadata: The Drone Racing League Simulator
2026-05-04 18:01:01,264 - INFO - 🎯 IGDB Match: 'The Drone Racing League Simulator' (100%)
2026-05-04 18:01:01,273 - INFO - 📅 Fetching Basic Metadata: Dark Deity
2026-05-04 18:01:01,371 - INFO - 🎯 IGDB Match: 'Dark Deity' (100%)
2026-05-04 18:01:01,378 - INFO - 📅 Fetching Basic Metadata: RPG in a Box
2026-05-04 18:01:01,515 - INFO - 🎯 IGDB Match: 'RPG in a Box' (100%)
2026-05-04 18:01:01,523 - INFO - 📅 Fetching Basic Metadata: Fallout Classic Collection
2026-05-04 18:01:01,599 - INFO - 🎯 IGDB Match: 'Fallout Classic Collection' (100%)
2026-05-04 18:01:01,609 - INFO - 📅 Fetching Basic Metadata: Recipe for Disaster
2026-05-04 18:01:01,698 - INFO - 🎯 IGDB Match: 'Recipe For Disaster' (100%)
2026-05-04 18:01:01,705 - INFO - 📅 Fetching Basic Metadata: World of Warships — Starter Pack: Ishizuchi
2026-05-04 18:01:01,795 - INFO - 🎯 IGDB Match: 'World of Warships: Starter Pack - Ishizuchi' (98%)
2026-05-04 18:01:01,803 - INFO - 📅 Fetching Basic Metadata: Poker Club
2026-05-04 18:01:01,876 - INFO - 🎯 IGDB Match: 'Poker Club' (100%)
2026-05-04 18:01:01,883 - INFO - 📅 Fetching Basic Metadata: The Sims 4 The Daring Lifestyle Bundle
2026-05-04 18:01:01,973 - INFO - 🎯 IGDB Match: 'The Sims 4: The Daring Lifestyle Bundle' (99%)
2026-05-04 18:01:01,982 - INFO - 📅 Fetching Basic Metadata: Dodo Peak
2026-05-04 18:01:02,063 - INFO - 🎯 IGDB Match: 'Dodo Peak' (100%)
2026-05-04 18:01:02,070 - INFO - 📅 Fetching Basic Metadata: Spelldrifter
2026-05-04 18:01:02,155 - INFO - 🎯 IGDB Match: 'Spelldrifter' (100%)
2026-05-04 18:01:02,162 - INFO - 📅 Fetching Basic Metadata: Model Builder
2026-05-04 18:01:02,304 - INFO - 🎯 IGDB Match: 'Model Builder' (100%)
2026-05-04 18:01:02,311 - INFO - 📅 Fetching Basic Metadata: Godlike Burger
2026-05-04 18:01:02,400 - INFO - 🎯 IGDB Match: 'Godlike Burger' (100%)
2026-05-04 18:01:02,407 - INFO - 📅 Fetching Basic Metadata: Q.U.B.E. Ultimate Bundle
2026-05-04 18:01:02,516 - INFO - 🎯 IGDB Match: 'Q.U.B.E. Ultimate Bundle' (100%)
2026-05-04 18:01:02,524 - INFO - 📅 Fetching Basic Metadata: Jitsu Squad
2026-05-04 18:01:02,599 - INFO - 🎯 IGDB Match: 'Jitsu Squad' (100%)
2026-05-04 18:01:02,606 - INFO - 📅 Fetching Basic Metadata: Mighty Fight Federation
2026-05-04 18:01:02,694 - INFO - 🎯 IGDB Match: 'Mighty Fight Federation' (100%)
2026-05-04 18:01:02,704 - INFO - 📅 Fetching Basic Metadata: LOVE
2026-05-04 18:01:02,801 - WARNING - IGDB Error for LOVE: string indices must be integers, not 'str'
2026-05-04 18:01:02,811 - INFO - 📅 Fetching Basic Metadata: Call of The Wild: The Angler
2026-05-04 18:01:02,869 - WARNING - IGDB Error for Call of The Wild: The Angler: string indices must be integers, not 'str'
2026-05-04 18:01:02,879 - INFO - 📅 Fetching Basic Metadata: The Falconeer
2026-05-04 18:01:02,946 - WARNING - IGDB Error for The Falconeer: string indices must be integers, not 'str'
2026-05-04 18:01:02,954 - INFO - 📅 Fetching Basic Metadata: Rawmen: Food Fighter Arena
2026-05-04 18:01:03,019 - WARNING - IGDB Error for Rawmen: Food Fighter Arena: string indices must be integers, not 'str'
2026-05-04 18:01:03,027 - INFO - 📅 Fetching Basic Metadata: World of Warships – Starter Pack: Albany
2026-05-04 18:01:03,095 - WARNING - IGDB Error for World of Warships – Starter Pack: Albany: string indices must be integers, not 'str'
2026-05-04 18:01:03,103 - INFO - 📅 Fetching Basic Metadata: Fallout Classic Edition
2026-05-04 18:01:03,158 - WARNING - IGDB Error for Fallout Classic Edition: string indices must be integers, not 'str'
2026-05-04 18:01:03,166 - INFO - 📅 Fetching Basic Metadata: Outliver: Tribulation
2026-05-04 18:01:03,224 - WARNING - IGDB Error for Outliver: Tribulation: string indices must be integers, not 'str'
2026-05-04 18:01:03,233 - INFO - 📅 Fetching Basic Metadata: Bus Simulator 21 Next Stop
2026-05-04 18:01:03,306 - WARNING - IGDB Error for Bus Simulator 21 Next Stop: string indices must be integers, not 'str'
2026-05-04 18:01:03,315 - INFO - 📅 Fetching Basic Metadata: Turmoil
2026-05-04 18:01:03,372 - WARNING - IGDB Error for Turmoil: string indices must be integers, not 'str'
2026-05-04 18:01:03,381 - INFO - 📅 Fetching Basic Metadata: World War Z Aftermath
2026-05-04 18:01:03,440 - WARNING - IGDB Error for World War Z Aftermath: string indices must be integers, not 'str'
2026-05-04 18:01:03,447 - INFO - 📅 Fetching Basic Metadata: World Of Warships – Anniversary Party Flavor
2026-05-04 18:01:03,512 - WARNING - IGDB Error for World Of Warships – Anniversary Party Flavor: string indices must be integers, not 'str'
2026-05-04 18:01:03,520 - INFO - 📅 Fetching Basic Metadata: Neko Ghost, Jump!
2026-05-04 18:01:03,586 - WARNING - IGDB Error for Neko Ghost, Jump!: string indices must be integers, not 'str'
2026-05-04 18:01:03,593 - INFO - 📅 Fetching Basic Metadata: Super Space Club
2026-05-04 18:01:03,652 - WARNING - IGDB Error for Super Space Club: string indices must be integers, not 'str'
2026-05-04 18:01:03,660 - INFO - 📅 Fetching Basic Metadata: Touch Type Tale
2026-05-04 18:01:03,719 - WARNING - IGDB Error for Touch Type Tale: string indices must be integers, not 'str'
2026-05-04 18:01:03,729 - INFO - 📅 Fetching Basic Metadata: Gigapocalypse
2026-05-04 18:01:03,792 - WARNING - IGDB Error for Gigapocalypse: string indices must be integers, not 'str'
2026-05-04 18:01:03,801 - INFO - 📅 Fetching Basic Metadata: Legion TD2
2026-05-04 18:01:03,932 - WARNING - IGDB Error for Legion TD2: string indices must be integers, not 'str'
2026-05-04 18:01:03,941 - INFO - 📅 Fetching Basic Metadata: Nightingale
2026-05-04 18:01:04,016 - INFO - 🎯 IGDB Match: 'Nightingale' (100%)
2026-05-04 18:01:04,024 - INFO - 📅 Fetching Basic Metadata: Godzilla Voxel Wars
2026-05-04 18:01:04,161 - INFO - 🎯 IGDB Match: 'Godzilla Voxel Wars' (100%)
2026-05-04 18:01:04,170 - INFO - 📅 Fetching Basic Metadata: Trine Classic Collection
2026-05-04 18:01:04,245 - INFO - 🎯 IGDB Match: 'Trine Classic Collection' (100%)
2026-05-04 18:01:04,252 - INFO - 📅 Fetching Basic Metadata: Poison Retro Set
2026-05-04 18:01:04,338 - INFO - 🎯 IGDB Match: 'Pixel Gun 3D: Poison Retro Set' (90%)
2026-05-04 18:01:04,345 - INFO - 📅 Fetching Basic Metadata: The Darkside Detective A Fumble in the Dark
2026-05-04 18:01:04,453 - INFO - 🎯 IGDB Match: 'The Darkside Detective: A Fumble in the Dark' (99%)
2026-05-04 18:01:04,460 - INFO - 📅 Fetching Basic Metadata: Return to Ash
2026-05-04 18:01:04,536 - WARNING - IGDB Error for Return to Ash: string indices must be integers, not 'str'
2026-05-04 18:01:04,542 - INFO - 🏢 Publisher Search: STALCRAFT: X Starter Edition
2026-05-04 18:01:05,921 - INFO - 📅 Fetching Basic Metadata: STALCRAFT: X Starter Edition
2026-05-04 18:01:06,003 - INFO - 📅 Fetching Basic Metadata: Boxes: Lost Fragments
2026-05-04 18:01:06,094 - INFO - 🎯 IGDB Match: 'Boxes: Lost Fragments' (100%)
2026-05-04 18:01:06,100 - INFO - 📅 Fetching Basic Metadata: My Night Job
2026-05-04 18:01:06,185 - INFO - 🎯 IGDB Match: 'My Night Job' (100%)
2026-05-04 18:01:06,192 - INFO - 📅 Fetching Basic Metadata: Electrician Simulator
2026-05-04 18:01:06,266 - INFO - 🎯 IGDB Match: 'Electrician Simulator' (100%)
2026-05-04 18:01:06,272 - INFO - 🏢 Publisher Search: World of Warships — Epic Anniversary Tachibana Pack
2026-05-04 18:01:07,688 - INFO - 📅 Fetching Basic Metadata: World of Warships — Epic Anniversary Tachibana Pack
2026-05-04 18:01:07,773 - INFO - 📅 Fetching Basic Metadata: Hyper Echelon
2026-05-04 18:01:07,866 - INFO - 🎯 IGDB Match: 'Hyper Echelon' (100%)
2026-05-04 18:01:07,873 - INFO - 📅 Fetching Basic Metadata: Havendock
2026-05-04 18:01:08,028 - INFO - 🎯 IGDB Match: 'Havendock' (100%)
2026-05-04 18:01:08,034 - INFO - 📅 Fetching Basic Metadata: Clone Drone in the Danger Zone
2026-05-04 18:01:08,110 - INFO - 🎯 IGDB Match: 'Clone Drone in the Danger Zone' (100%)
2026-05-04 18:01:08,116 - INFO - 🏢 Publisher Search: TOMAK: Save the Earth Regeneration
2026-05-04 18:01:09,513 - INFO - 📅 Fetching Basic Metadata: TOMAK: Save the Earth Regeneration
2026-05-04 18:01:09,614 - INFO - 🎯 IGDB Match: 'Tomak: Save the Earth Regeneration' (100%)
2026-05-04 18:01:09,620 - INFO - 📅 Fetching Basic Metadata: Prop Sumo
2026-05-04 18:01:09,702 - INFO - 🎯 IGDB Match: 'Prop Sumo' (100%)
2026-05-04 18:01:09,708 - INFO - 📅 Fetching Basic Metadata: The Stone of Madness
2026-05-04 18:01:09,804 - INFO - 🎯 IGDB Match: 'The Stone of Madness' (100%)
2026-05-04 18:01:09,810 - INFO - 📅 Fetching Basic Metadata: Firestone Online Idle RPG
2026-05-04 18:01:09,915 - INFO - 🎯 IGDB Match: 'Firestone: Online Idle RPG' (98%)
2026-05-04 18:01:09,921 - INFO - 📅 Fetching Basic Metadata: Oddsparks: An Automation Adventure
2026-05-04 18:01:09,996 - INFO - 🎯 IGDB Match: 'Oddsparks: An Automation Adventure' (100%)
2026-05-04 18:01:10,007 - INFO - 
--- Starting Data Quality Checks ---
2026-05-04 18:01:10,021 - INFO - --- Data Quality Checks Complete ---

2026-05-04 18:01:10,054 - INFO - | Metric | Statistics |
| :--- | :--- |
| 💰 **Total Market Value** | **$12,853.20** |
| 📦 **Total Games Collected** | 668 |
| 🏷️ **Average Retail Price** | $22.37 per game |
| 💎 **Most Expensive Title** | Civilization 6 Platinum Edition ($79.99) |
| 👑 **MVP Publisher** | Bethesda Softworks |
| 🏢 **Value Leaders** | 2K ($579.90), Bethesda Softworks ($544.80), Paradox Interactive ($409.89) |
| 📈 **Inflation-Adjusted Value** | $14,650.44 |
| 🎈 **Inflation Bonus** | **+$1,797.24** in purchasing power |
| 🗓️ **Peak Saving Month** | 🎄 **Seasonality Peak:** December is historically the best month, offering $3,388.17 in savings. |
| ⭐ **Average Score** | 76.8/100 |
| 💳 **Subscription Equivalent** | **$169.81 / mo** |
| 🎯 **Prestige Ratio** | **1.9%** (Strategic Hype) |
| 🏎️ **Lead Time Avg** | 447 Days to Sequel |

2026-05-04 18:01:10,054 - INFO - ✅ README.md updated.
2026-05-04 18:01:10,083 - INFO - Using categorical units to plot a list of strings that are all parsable as floats or dates. If these strings should be plotted as numbers, cast to the appropriate data type before plotting.
2026-05-04 18:01:10,084 - INFO - Using categorical units to plot a list of strings that are all parsable as floats or dates. If these strings should be plotted as numbers, cast to the appropriate data type before plotting.
2026-05-04 18:01:15,971 - INFO - 📈 All charts generated successfully.
