2026-06-23 18:19:54,710 - INFO - Failed to extract font properties from /usr/share/fonts/truetype/noto/NotoColorEmoji.ttf: Non-scalable fonts are not supported
2026-06-23 18:19:54,742 - INFO - generated new fontManager
2026-06-23 18:19:55,061 - INFO - ✅ Migration Successful!
2026-06-23 18:19:55,240 - INFO - No new games found.
2026-06-23 18:19:55,808 - INFO - 🔍 Found 605 games needing metadata. Starting IGDB + Steam + CheapShark enrichment...
2026-06-23 18:19:55,887 - INFO - 📅 Fetching Basic Metadata: LEGO Batman Trilogy
2026-06-23 18:19:56,287 - INFO - 🎯 IGDB Match: 'LEGO Batman Trilogy' (100%)
2026-06-23 18:19:56,312 - INFO - 📅 Fetching Basic Metadata: Antstream
2026-06-23 18:19:56,469 - INFO - 📅 Fetching Basic Metadata: The Drone Racing League Simulator
2026-06-23 18:19:56,693 - INFO - 🎯 IGDB Match: 'The Drone Racing League Simulator' (100%)
2026-06-23 18:19:56,700 - INFO - 📅 Fetching Basic Metadata: Dark Deity
2026-06-23 18:19:56,840 - INFO - 🎯 IGDB Match: 'Dark Deity' (100%)
2026-06-23 18:19:56,847 - INFO - 📅 Fetching Basic Metadata: RPG in a Box
2026-06-23 18:19:57,029 - INFO - 🎯 IGDB Match: 'RPG in a Box' (100%)
2026-06-23 18:19:57,037 - INFO - 📅 Fetching Basic Metadata: Fallout Classic Collection
2026-06-23 18:19:57,177 - INFO - 🎯 IGDB Match: 'Fallout Classic Collection' (100%)
2026-06-23 18:19:57,186 - INFO - 📅 Fetching Basic Metadata: Recipe for Disaster
2026-06-23 18:19:57,368 - INFO - 🎯 IGDB Match: 'Recipe For Disaster' (100%)
2026-06-23 18:19:57,375 - INFO - 📅 Fetching Basic Metadata: World of Warships — Starter Pack: Ishizuchi
2026-06-23 18:19:57,520 - INFO - 🎯 IGDB Match: 'World of Warships: Starter Pack - Ishizuchi' (98%)
2026-06-23 18:19:57,528 - INFO - 📅 Fetching Basic Metadata: Poker Club
2026-06-23 18:19:57,669 - INFO - 🎯 IGDB Match: 'Poker Club' (100%)
2026-06-23 18:19:57,676 - INFO - 📅 Fetching Basic Metadata: The Sims 4 The Daring Lifestyle Bundle
2026-06-23 18:19:57,820 - INFO - 🎯 IGDB Match: 'The Sims 4: The Daring Lifestyle Bundle' (99%)
2026-06-23 18:19:57,828 - INFO - 📅 Fetching Basic Metadata: Dodo Peak
2026-06-23 18:19:58,041 - INFO - 🎯 IGDB Match: 'Dodo Peak' (100%)
2026-06-23 18:19:58,048 - INFO - 📅 Fetching Basic Metadata: Spelldrifter
2026-06-23 18:19:58,184 - INFO - 🎯 IGDB Match: 'Spelldrifter' (100%)
2026-06-23 18:19:58,190 - INFO - 📅 Fetching Basic Metadata: Model Builder
2026-06-23 18:19:58,373 - INFO - 🎯 IGDB Match: 'Model Builder' (100%)
2026-06-23 18:19:58,380 - INFO - 📅 Fetching Basic Metadata: Godlike Burger
2026-06-23 18:19:58,557 - INFO - 🎯 IGDB Match: 'Godlike Burger' (100%)
2026-06-23 18:19:58,564 - INFO - 📅 Fetching Basic Metadata: Q.U.B.E. Ultimate Bundle
2026-06-23 18:19:58,745 - INFO - 🎯 IGDB Match: 'Q.U.B.E. Ultimate Bundle' (100%)
2026-06-23 18:19:58,752 - INFO - 📅 Fetching Basic Metadata: Jitsu Squad
2026-06-23 18:19:58,961 - INFO - 🎯 IGDB Match: 'Jitsu Squad' (100%)
2026-06-23 18:19:58,967 - INFO - 📅 Fetching Basic Metadata: Mighty Fight Federation
2026-06-23 18:19:59,174 - INFO - 🎯 IGDB Match: 'Mighty Fight Federation' (100%)
2026-06-23 18:19:59,184 - INFO - 📅 Fetching Basic Metadata: LOVE
2026-06-23 18:19:59,358 - INFO - 🎯 IGDB Match: 'Love Love Love' (90%)
2026-06-23 18:19:59,366 - INFO - 📅 Fetching Basic Metadata: Call of The Wild: The Angler
2026-06-23 18:19:59,559 - INFO - 🎯 IGDB Match: 'Call of the Wild: The Angler' (100%)
2026-06-23 18:19:59,568 - INFO - 📅 Fetching Basic Metadata: The Falconeer
2026-06-23 18:19:59,707 - INFO - 🎯 IGDB Match: 'The Falconeer: The Hunter' (90%)
2026-06-23 18:19:59,714 - INFO - 📅 Fetching Basic Metadata: Rawmen: Food Fighter Arena
2026-06-23 18:19:59,838 - WARNING - IGDB Error for Rawmen: Food Fighter Arena: string indices must be integers, not 'str'
2026-06-23 18:19:59,845 - INFO - 📅 Fetching Basic Metadata: World of Warships – Starter Pack: Albany
2026-06-23 18:19:59,969 - WARNING - IGDB Error for World of Warships – Starter Pack: Albany: string indices must be integers, not 'str'
2026-06-23 18:19:59,976 - INFO - 📅 Fetching Basic Metadata: Fallout Classic Edition
2026-06-23 18:20:00,102 - WARNING - IGDB Error for Fallout Classic Edition: string indices must be integers, not 'str'
2026-06-23 18:20:00,109 - INFO - 📅 Fetching Basic Metadata: Outliver: Tribulation
2026-06-23 18:20:00,244 - INFO - 🎯 IGDB Match: 'Outliver: Tribulation' (100%)
2026-06-23 18:20:00,251 - INFO - 📅 Fetching Basic Metadata: Bus Simulator 21 Next Stop
2026-06-23 18:20:00,390 - INFO - 🎯 IGDB Match: 'Bus Simulator 21: Next Stop' (98%)
2026-06-23 18:20:00,397 - INFO - 📅 Fetching Basic Metadata: Turmoil
2026-06-23 18:20:00,539 - INFO - 🎯 IGDB Match: 'Turmoil' (100%)
2026-06-23 18:20:00,547 - INFO - 📅 Fetching Basic Metadata: World War Z Aftermath
2026-06-23 18:20:00,687 - INFO - 🎯 IGDB Match: 'World War Z: Aftermath' (98%)
2026-06-23 18:20:00,693 - INFO - 📅 Fetching Basic Metadata: World Of Warships – Anniversary Party Flavor
2026-06-23 18:20:00,817 - WARNING - IGDB Error for World Of Warships – Anniversary Party Flavor: string indices must be integers, not 'str'
2026-06-23 18:20:00,823 - INFO - 📅 Fetching Basic Metadata: Neko Ghost, Jump!
2026-06-23 18:20:00,946 - WARNING - IGDB Error for Neko Ghost, Jump!: string indices must be integers, not 'str'
2026-06-23 18:20:00,954 - INFO - 📅 Fetching Basic Metadata: Super Space Club
2026-06-23 18:20:01,088 - WARNING - IGDB Error for Super Space Club: string indices must be integers, not 'str'
2026-06-23 18:20:01,095 - INFO - 📅 Fetching Basic Metadata: Touch Type Tale
2026-06-23 18:20:01,218 - WARNING - IGDB Error for Touch Type Tale: string indices must be integers, not 'str'
2026-06-23 18:20:01,226 - INFO - 📅 Fetching Basic Metadata: Gigapocalypse
2026-06-23 18:20:01,353 - WARNING - IGDB Error for Gigapocalypse: string indices must be integers, not 'str'
2026-06-23 18:20:01,361 - INFO - 📅 Fetching Basic Metadata: Legion TD2
2026-06-23 18:20:01,486 - WARNING - IGDB Error for Legion TD2: string indices must be integers, not 'str'
2026-06-23 18:20:01,495 - INFO - 📅 Fetching Basic Metadata: Nightingale
2026-06-23 18:20:01,631 - INFO - 🎯 IGDB Match: 'Nightingale' (100%)
2026-06-23 18:20:01,641 - INFO - 📅 Fetching Basic Metadata: Godzilla Voxel Wars
2026-06-23 18:20:01,966 - INFO - 🎯 IGDB Match: 'Godzilla Voxel Wars' (100%)
2026-06-23 18:20:01,975 - INFO - 📅 Fetching Basic Metadata: Trine Classic Collection
2026-06-23 18:20:02,159 - INFO - 🎯 IGDB Match: 'Trine Classic Collection' (100%)
2026-06-23 18:20:02,166 - INFO - 📅 Fetching Basic Metadata: Poison Retro Set
2026-06-23 18:20:02,355 - INFO - 🎯 IGDB Match: 'Pixel Gun 3D: Poison Retro Set' (90%)
2026-06-23 18:20:02,362 - INFO - 📅 Fetching Basic Metadata: The Darkside Detective A Fumble in the Dark
2026-06-23 18:20:02,571 - INFO - 🎯 IGDB Match: 'The Darkside Detective: A Fumble in the Dark' (99%)
2026-06-23 18:20:02,578 - INFO - 📅 Fetching Basic Metadata: Return to Ash
2026-06-23 18:20:02,714 - INFO - 🎯 IGDB Match: 'Return to Ash' (100%)
2026-06-23 18:20:02,720 - INFO - 🏢 Publisher Search: STALCRAFT: X Starter Edition
2026-06-23 18:20:04,151 - INFO - 📅 Fetching Basic Metadata: STALCRAFT: X Starter Edition
2026-06-23 18:20:04,347 - INFO - 📅 Fetching Basic Metadata: Boxes: Lost Fragments
2026-06-23 18:20:04,552 - INFO - 🎯 IGDB Match: 'Boxes: Lost Fragments' (100%)
2026-06-23 18:20:04,558 - INFO - 📅 Fetching Basic Metadata: My Night Job
2026-06-23 18:20:04,764 - INFO - 🎯 IGDB Match: 'My Night Job' (100%)
2026-06-23 18:20:04,771 - INFO - 📅 Fetching Basic Metadata: Electrician Simulator
2026-06-23 18:20:04,988 - INFO - 🎯 IGDB Match: 'Electrician Simulator' (100%)
2026-06-23 18:20:04,993 - INFO - 🏢 Publisher Search: World of Warships — Epic Anniversary Tachibana Pack
2026-06-23 18:20:06,423 - INFO - 📅 Fetching Basic Metadata: World of Warships — Epic Anniversary Tachibana Pack
2026-06-23 18:20:06,572 - INFO - 📅 Fetching Basic Metadata: Hyper Echelon
2026-06-23 18:20:06,708 - INFO - 🎯 IGDB Match: 'Hyper Echelon' (100%)
2026-06-23 18:20:06,714 - INFO - 📅 Fetching Basic Metadata: Havendock
2026-06-23 18:20:06,851 - INFO - 🎯 IGDB Match: 'Havendock' (100%)
2026-06-23 18:20:06,857 - INFO - 📅 Fetching Basic Metadata: Clone Drone in the Danger Zone
2026-06-23 18:20:06,992 - INFO - 🎯 IGDB Match: 'Clone Drone in the Danger Zone' (100%)
2026-06-23 18:20:06,998 - INFO - 🏢 Publisher Search: TOMAK: Save the Earth Regeneration
2026-06-23 18:20:08,397 - INFO - 📅 Fetching Basic Metadata: TOMAK: Save the Earth Regeneration
2026-06-23 18:20:08,551 - INFO - 🎯 IGDB Match: 'Tomak: Save the Earth Regeneration' (100%)
2026-06-23 18:20:08,558 - INFO - 📅 Fetching Basic Metadata: Prop Sumo
2026-06-23 18:20:08,728 - INFO - 🎯 IGDB Match: 'Prop Sumo' (100%)
2026-06-23 18:20:08,735 - INFO - 📅 Fetching Basic Metadata: The Stone of Madness
2026-06-23 18:20:08,891 - INFO - 🎯 IGDB Match: 'The Stone of Madness' (100%)
2026-06-23 18:20:08,898 - INFO - 📅 Fetching Basic Metadata: Firestone Online Idle RPG
2026-06-23 18:20:09,081 - INFO - 🎯 IGDB Match: 'Firestone: Online Idle RPG' (98%)
2026-06-23 18:20:09,087 - INFO - 📅 Fetching Basic Metadata: Oddsparks: An Automation Adventure
2026-06-23 18:20:09,270 - INFO - 🎯 IGDB Match: 'Oddsparks: An Automation Adventure' (100%)
2026-06-23 18:20:09,276 - INFO - 📅 Fetching Basic Metadata: Trash Goblin
2026-06-23 18:20:09,459 - INFO - 🎯 IGDB Match: 'Trash Goblin' (100%)
2026-06-23 18:20:09,466 - INFO - 🏢 Publisher Search: The Telltale Batman Shadows Edition
2026-06-23 18:20:10,940 - INFO - 📅 Fetching Basic Metadata: The Telltale Batman Shadows Edition
2026-06-23 18:20:11,091 - INFO - 🎯 IGDB Match: 'Telltale Batman Shadows Edition' (95%)
2026-06-23 18:20:11,097 - INFO - 🏢 Publisher Search: Sunderfolk - Standard Edition
2026-06-23 18:20:12,486 - INFO - 📅 Fetching Basic Metadata: Sunderfolk - Standard Edition
2026-06-23 18:20:12,625 - INFO - 📅 Fetching Basic Metadata: Down in Bermuda
2026-06-23 18:20:12,766 - INFO - 🎯 IGDB Match: 'Down in Bermuda' (100%)
2026-06-23 18:20:12,772 - INFO - 📅 Fetching Basic Metadata: Tomb Raider I-III Remastered Starring Lara Croft
2026-06-23 18:20:12,915 - INFO - 📅 Fetching Basic Metadata: LONESTAR
2026-06-23 18:20:13,123 - INFO - 🎯 IGDB Match: 'LoneStar' (100%)
2026-06-23 18:20:13,130 - INFO - 📅 Fetching Basic Metadata: Calico
2026-06-23 18:20:13,348 - INFO - 🎯 IGDB Match: 'Calico' (100%)
2026-06-23 18:20:13,355 - INFO - 📅 Fetching Basic Metadata: Rogue Waters
2026-06-23 18:20:13,522 - INFO - 🎯 IGDB Match: 'Rogue Waters' (100%)
2026-06-23 18:20:13,529 - INFO - 📅 Fetching Basic Metadata: The Ouroboros King
2026-06-23 18:20:13,701 - INFO - 🎯 IGDB Match: 'The Ouroboros King' (100%)
2026-06-23 18:20:13,708 - INFO - 🏢 Publisher Search: Warhammer 40K Speed Freeks
2026-06-23 18:20:15,202 - INFO - 
--- Starting Data Quality Checks ---
2026-06-23 18:20:15,214 - INFO - --- Data Quality Checks Complete ---

2026-06-23 18:20:15,243 - INFO - | Metric | Statistics |
| :--- | :--- |
| 💰 **Total Market Value** | **$13,148.07** |
| 📦 **Total Games Collected** | 682 |
| 🏷️ **Average Retail Price** | $22.34 per game |
| 💎 **Most Expensive Title** | Civilization 6 Platinum Edition ($79.99) |
| 👑 **MVP Publisher** | Bethesda Softworks |
| 🏢 **Value Leaders** | 2K ($579.90), Bethesda Softworks ($544.80), Paradox Interactive ($409.89) |
| 📈 **Inflation-Adjusted Value** | $14,945.31 |
| 🎈 **Inflation Bonus** | **+$1,797.24** in purchasing power |
| 🗓️ **Peak Saving Month** | 🎄 **Seasonality Peak:** December is historically the best month, offering $3,388.17 in savings. |
| ⭐ **Average Score** | 76.8/100 |
| 💳 **Subscription Equivalent** | **$169.31 / mo** |
| 🎯 **Prestige Ratio** | **2.1%** (Strategic Hype) |
| 🏎️ **Lead Time Avg** | 441 Days to Sequel |

2026-06-23 18:20:15,244 - INFO - ✅ README.md updated.
2026-06-23 18:20:15,266 - INFO - Using categorical units to plot a list of strings that are all parsable as floats or dates. If these strings should be plotted as numbers, cast to the appropriate data type before plotting.
2026-06-23 18:20:15,267 - INFO - Using categorical units to plot a list of strings that are all parsable as floats or dates. If these strings should be plotted as numbers, cast to the appropriate data type before plotting.
2026-06-23 18:20:20,887 - INFO - 📈 All charts generated successfully.
