2026-06-25 18:32:58,065 - INFO - Failed to extract font properties from /usr/share/fonts/truetype/noto/NotoColorEmoji.ttf: Non-scalable fonts are not supported
2026-06-25 18:32:58,140 - INFO - generated new fontManager
2026-06-25 18:32:58,480 - INFO - ✅ Migration Successful!
2026-06-25 18:32:58,714 - INFO - Added 2 new games!
2026-06-25 18:32:59,294 - INFO - 🔍 Found 607 games needing metadata. Starting IGDB + Steam + CheapShark enrichment...
2026-06-25 18:32:59,356 - INFO - 📅 Fetching Basic Metadata: LEGO Batman Trilogy
2026-06-25 18:32:59,631 - INFO - 🎯 IGDB Match: 'LEGO Batman Trilogy' (100%)
2026-06-25 18:32:59,660 - INFO - 📅 Fetching Basic Metadata: Antstream
2026-06-25 18:32:59,924 - INFO - 📅 Fetching Basic Metadata: The Drone Racing League Simulator
2026-06-25 18:33:00,114 - INFO - 🎯 IGDB Match: 'The Drone Racing League Simulator' (100%)
2026-06-25 18:33:00,122 - INFO - 📅 Fetching Basic Metadata: Dark Deity
2026-06-25 18:33:00,465 - INFO - 🎯 IGDB Match: 'Dark Deity' (100%)
2026-06-25 18:33:00,472 - INFO - 📅 Fetching Basic Metadata: RPG in a Box
2026-06-25 18:33:00,611 - INFO - 🎯 IGDB Match: 'RPG in a Box' (100%)
2026-06-25 18:33:00,620 - INFO - 📅 Fetching Basic Metadata: Fallout Classic Collection
2026-06-25 18:33:00,741 - INFO - 🎯 IGDB Match: 'Fallout Classic Collection' (100%)
2026-06-25 18:33:00,750 - INFO - 📅 Fetching Basic Metadata: Recipe for Disaster
2026-06-25 18:33:00,957 - INFO - 🎯 IGDB Match: 'Recipe For Disaster' (100%)
2026-06-25 18:33:00,969 - INFO - 📅 Fetching Basic Metadata: World of Warships — Starter Pack: Ishizuchi
2026-06-25 18:33:01,107 - INFO - 🎯 IGDB Match: 'World of Warships: Starter Pack - Ishizuchi' (98%)
2026-06-25 18:33:01,114 - INFO - 📅 Fetching Basic Metadata: Poker Club
2026-06-25 18:33:01,242 - INFO - 🎯 IGDB Match: 'Poker Club' (100%)
2026-06-25 18:33:01,248 - INFO - 📅 Fetching Basic Metadata: The Sims 4 The Daring Lifestyle Bundle
2026-06-25 18:33:01,372 - INFO - 🎯 IGDB Match: 'The Sims 4: The Daring Lifestyle Bundle' (99%)
2026-06-25 18:33:01,381 - INFO - 📅 Fetching Basic Metadata: Dodo Peak
2026-06-25 18:33:01,600 - INFO - 🎯 IGDB Match: 'Dodo Peak' (100%)
2026-06-25 18:33:01,607 - INFO - 📅 Fetching Basic Metadata: Spelldrifter
2026-06-25 18:33:01,766 - INFO - 🎯 IGDB Match: 'Spelldrifter' (100%)
2026-06-25 18:33:01,772 - INFO - 📅 Fetching Basic Metadata: Model Builder
2026-06-25 18:33:02,030 - INFO - 🎯 IGDB Match: 'Model Builder' (100%)
2026-06-25 18:33:02,037 - INFO - 📅 Fetching Basic Metadata: Godlike Burger
2026-06-25 18:33:02,388 - INFO - 🎯 IGDB Match: 'Godlike Burger' (100%)
2026-06-25 18:33:02,395 - INFO - 📅 Fetching Basic Metadata: Q.U.B.E. Ultimate Bundle
2026-06-25 18:33:02,595 - INFO - 🎯 IGDB Match: 'Q.U.B.E. Ultimate Bundle' (100%)
2026-06-25 18:33:02,603 - INFO - 📅 Fetching Basic Metadata: Jitsu Squad
2026-06-25 18:33:02,768 - INFO - 🎯 IGDB Match: 'Jitsu Squad' (100%)
2026-06-25 18:33:02,774 - INFO - 📅 Fetching Basic Metadata: Mighty Fight Federation
2026-06-25 18:33:02,928 - INFO - 🎯 IGDB Match: 'Mighty Fight Federation' (100%)
2026-06-25 18:33:02,938 - INFO - 📅 Fetching Basic Metadata: LOVE
2026-06-25 18:33:03,099 - INFO - 🎯 IGDB Match: 'Love Love Love' (90%)
2026-06-25 18:33:03,107 - INFO - 📅 Fetching Basic Metadata: Call of The Wild: The Angler
2026-06-25 18:33:03,359 - INFO - 🎯 IGDB Match: 'Call of the Wild: The Angler' (100%)
2026-06-25 18:33:03,368 - INFO - 📅 Fetching Basic Metadata: The Falconeer
2026-06-25 18:33:03,538 - INFO - 🎯 IGDB Match: 'The Falconeer: The Hunter' (90%)
2026-06-25 18:33:03,545 - INFO - 📅 Fetching Basic Metadata: Rawmen: Food Fighter Arena
2026-06-25 18:33:03,836 - INFO - 🎯 IGDB Match: 'Rawmen' (90%)
2026-06-25 18:33:03,842 - INFO - 📅 Fetching Basic Metadata: World of Warships – Starter Pack: Albany
2026-06-25 18:33:03,962 - INFO - 📅 Fetching Basic Metadata: Fallout Classic Edition
2026-06-25 18:33:04,090 - INFO - 📅 Fetching Basic Metadata: Outliver: Tribulation
2026-06-25 18:33:04,328 - INFO - 🎯 IGDB Match: 'Outliver: Tribulation' (100%)
2026-06-25 18:33:04,336 - INFO - 📅 Fetching Basic Metadata: Bus Simulator 21 Next Stop
2026-06-25 18:33:04,453 - INFO - 🎯 IGDB Match: 'Bus Simulator 21: Next Stop' (98%)
2026-06-25 18:33:04,461 - INFO - 📅 Fetching Basic Metadata: Turmoil
2026-06-25 18:33:04,681 - INFO - 🎯 IGDB Match: 'Turmoil' (100%)
2026-06-25 18:33:04,688 - INFO - 📅 Fetching Basic Metadata: World War Z Aftermath
2026-06-25 18:33:04,911 - INFO - 🎯 IGDB Match: 'World War Z: Aftermath' (98%)
2026-06-25 18:33:04,918 - INFO - 📅 Fetching Basic Metadata: World Of Warships – Anniversary Party Flavor
2026-06-25 18:33:05,197 - INFO - 📅 Fetching Basic Metadata: Neko Ghost, Jump!
2026-06-25 18:33:05,322 - INFO - 🎯 IGDB Match: 'Neko Ghost, Jump!' (100%)
2026-06-25 18:33:05,329 - INFO - 📅 Fetching Basic Metadata: Super Space Club
2026-06-25 18:33:05,445 - INFO - 🎯 IGDB Match: 'Super Space Club' (100%)
2026-06-25 18:33:05,452 - INFO - 📅 Fetching Basic Metadata: Touch Type Tale
2026-06-25 18:33:05,651 - INFO - 🎯 IGDB Match: 'Touch Type Tale' (100%)
2026-06-25 18:33:05,657 - INFO - 📅 Fetching Basic Metadata: Gigapocalypse
2026-06-25 18:33:05,781 - INFO - 🎯 IGDB Match: 'Gigapocalypse' (100%)
2026-06-25 18:33:05,789 - INFO - 📅 Fetching Basic Metadata: Legion TD2
2026-06-25 18:33:05,955 - INFO - 📅 Fetching Basic Metadata: Nightingale
2026-06-25 18:33:06,090 - INFO - 🎯 IGDB Match: 'Nightingale' (100%)
2026-06-25 18:33:06,098 - INFO - 📅 Fetching Basic Metadata: Godzilla Voxel Wars
2026-06-25 18:33:06,260 - INFO - 🎯 IGDB Match: 'Godzilla Voxel Wars' (100%)
2026-06-25 18:33:06,269 - INFO - 📅 Fetching Basic Metadata: Trine Classic Collection
2026-06-25 18:33:06,460 - INFO - 🎯 IGDB Match: 'Trine Classic Collection' (100%)
2026-06-25 18:33:06,468 - INFO - 📅 Fetching Basic Metadata: Poison Retro Set
2026-06-25 18:33:06,575 - WARNING - IGDB Error for Poison Retro Set: string indices must be integers, not 'str'
2026-06-25 18:33:06,582 - INFO - 📅 Fetching Basic Metadata: The Darkside Detective A Fumble in the Dark
2026-06-25 18:33:06,690 - WARNING - IGDB Error for The Darkside Detective A Fumble in the Dark: string indices must be integers, not 'str'
2026-06-25 18:33:06,696 - INFO - 📅 Fetching Basic Metadata: Return to Ash
2026-06-25 18:33:06,797 - WARNING - IGDB Error for Return to Ash: string indices must be integers, not 'str'
2026-06-25 18:33:06,804 - INFO - 🏢 Publisher Search: STALCRAFT: X Starter Edition
2026-06-25 18:33:08,188 - INFO - 📅 Fetching Basic Metadata: STALCRAFT: X Starter Edition
2026-06-25 18:33:08,354 - INFO - 📅 Fetching Basic Metadata: Boxes: Lost Fragments
2026-06-25 18:33:08,468 - INFO - 🎯 IGDB Match: 'Boxes: Lost Fragments' (100%)
2026-06-25 18:33:08,475 - INFO - 📅 Fetching Basic Metadata: My Night Job
2026-06-25 18:33:08,724 - INFO - 🎯 IGDB Match: 'My Night Job' (100%)
2026-06-25 18:33:08,731 - INFO - 📅 Fetching Basic Metadata: Electrician Simulator
2026-06-25 18:33:08,852 - INFO - 🎯 IGDB Match: 'Electrician Simulator' (100%)
2026-06-25 18:33:08,859 - INFO - 🏢 Publisher Search: World of Warships — Epic Anniversary Tachibana Pack
2026-06-25 18:33:10,196 - INFO - 📅 Fetching Basic Metadata: World of Warships — Epic Anniversary Tachibana Pack
2026-06-25 18:33:10,326 - INFO - 📅 Fetching Basic Metadata: Hyper Echelon
2026-06-25 18:33:10,454 - INFO - 🎯 IGDB Match: 'Hyper Echelon' (100%)
2026-06-25 18:33:10,460 - INFO - 📅 Fetching Basic Metadata: Havendock
2026-06-25 18:33:10,574 - INFO - 🎯 IGDB Match: 'Havendock' (100%)
2026-06-25 18:33:10,581 - INFO - 📅 Fetching Basic Metadata: Clone Drone in the Danger Zone
2026-06-25 18:33:10,742 - INFO - 🎯 IGDB Match: 'Clone Drone in the Danger Zone' (100%)
2026-06-25 18:33:10,754 - INFO - 🏢 Publisher Search: TOMAK: Save the Earth Regeneration
2026-06-25 18:33:12,181 - INFO - 📅 Fetching Basic Metadata: TOMAK: Save the Earth Regeneration
2026-06-25 18:33:12,299 - INFO - 🎯 IGDB Match: 'Tomak: Save the Earth Regeneration' (100%)
2026-06-25 18:33:12,305 - INFO - 📅 Fetching Basic Metadata: Prop Sumo
2026-06-25 18:33:12,415 - INFO - 🎯 IGDB Match: 'Prop Sumo' (100%)
2026-06-25 18:33:12,422 - INFO - 📅 Fetching Basic Metadata: The Stone of Madness
2026-06-25 18:33:12,538 - INFO - 🎯 IGDB Match: 'The Stone of Madness' (100%)
2026-06-25 18:33:12,544 - INFO - 📅 Fetching Basic Metadata: Firestone Online Idle RPG
2026-06-25 18:33:12,695 - INFO - 🎯 IGDB Match: 'Firestone: Online Idle RPG' (98%)
2026-06-25 18:33:12,701 - INFO - 📅 Fetching Basic Metadata: Oddsparks: An Automation Adventure
2026-06-25 18:33:12,814 - INFO - 🎯 IGDB Match: 'Oddsparks: An Automation Adventure' (100%)
2026-06-25 18:33:12,821 - INFO - 📅 Fetching Basic Metadata: Trash Goblin
2026-06-25 18:33:13,082 - INFO - 🎯 IGDB Match: 'Trash Goblin' (100%)
2026-06-25 18:33:13,088 - INFO - 🏢 Publisher Search: The Telltale Batman Shadows Edition
2026-06-25 18:33:14,439 - INFO - 📅 Fetching Basic Metadata: The Telltale Batman Shadows Edition
2026-06-25 18:33:14,565 - INFO - 🎯 IGDB Match: 'Telltale Batman Shadows Edition' (95%)
2026-06-25 18:33:14,572 - INFO - 🏢 Publisher Search: Sunderfolk - Standard Edition
2026-06-25 18:33:15,929 - INFO - 📅 Fetching Basic Metadata: Sunderfolk - Standard Edition
2026-06-25 18:33:16,084 - INFO - 📅 Fetching Basic Metadata: Down in Bermuda
2026-06-25 18:33:16,214 - INFO - 🎯 IGDB Match: 'Down in Bermuda' (100%)
2026-06-25 18:33:16,220 - INFO - 📅 Fetching Basic Metadata: Tomb Raider I-III Remastered Starring Lara Croft
2026-06-25 18:33:16,457 - INFO - 📅 Fetching Basic Metadata: LONESTAR
2026-06-25 18:33:16,578 - INFO - 🎯 IGDB Match: 'LoneStar' (100%)
2026-06-25 18:33:16,584 - INFO - 📅 Fetching Basic Metadata: Calico
2026-06-25 18:33:16,698 - INFO - 🎯 IGDB Match: 'Calico' (100%)
2026-06-25 18:33:16,704 - INFO - 📅 Fetching Basic Metadata: Rogue Waters
2026-06-25 18:33:16,982 - INFO - 🎯 IGDB Match: 'Rogue Waters' (100%)
2026-06-25 18:33:16,988 - INFO - 📅 Fetching Basic Metadata: The Ouroboros King
2026-06-25 18:33:17,103 - INFO - 🎯 IGDB Match: 'The Ouroboros King' (100%)
2026-06-25 18:33:17,110 - INFO - 🏢 Publisher Search: Warhammer 40K Speed Freeks
2026-06-25 18:33:18,515 - INFO - 💰 Price Search: RollerCoaster Tycoon 3 Complete Edition
2026-06-25 18:33:19,822 - INFO - 🏢 Publisher Search: RollerCoaster Tycoon 3 Complete Edition
2026-06-25 18:33:21,524 - INFO - 📅 Fetching Basic Metadata: RollerCoaster Tycoon 3 Complete Edition
2026-06-25 18:33:21,640 - INFO - 🎯 IGDB Match: 'RollerCoaster Tycoon 3: Complete Edition' (99%)
2026-06-25 18:33:21,640 - INFO - 🔗 Searching Franchise Context: RollerCoaster Tycoon 3 Complete Edition
2026-06-25 18:33:21,926 - INFO - 📡 Fallback to IGDB for RollerCoaster Tycoon 3 Complete Edition
2026-06-25 18:33:22,055 - INFO - 💰 Price Search: Voidwrought
2026-06-25 18:33:23,414 - INFO - 🏢 Publisher Search: Voidwrought
2026-06-25 18:33:25,000 - INFO - 📅 Fetching Basic Metadata: Voidwrought
2026-06-25 18:33:25,114 - INFO - 🎯 IGDB Match: 'Voidwrought' (100%)
2026-06-25 18:33:25,114 - INFO - 🔗 Searching Franchise Context: Voidwrought
2026-06-25 18:33:25,232 - INFO - 📡 Fallback to IGDB for Voidwrought
2026-06-25 18:33:25,359 - INFO - 
--- Starting Data Quality Checks ---
2026-06-25 18:33:25,372 - INFO - --- Data Quality Checks Complete ---

2026-06-25 18:33:25,402 - INFO - | Metric | Statistics |
| :--- | :--- |
| 💰 **Total Market Value** | **$13,188.05** |
| 📦 **Total Games Collected** | 684 |
| 🏷️ **Average Retail Price** | $22.34 per game |
| 💎 **Most Expensive Title** | Civilization 6 Platinum Edition ($79.99) |
| 👑 **MVP Publisher** | Bethesda Softworks |
| 🏢 **Value Leaders** | 2K ($579.90), Bethesda Softworks ($544.80), Paradox Interactive ($409.89) |
| 📈 **Inflation-Adjusted Value** | $14,985.29 |
| 🎈 **Inflation Bonus** | **+$1,797.24** in purchasing power |
| 🗓️ **Peak Saving Month** | 🎄 **Seasonality Peak:** December is historically the best month, offering $3,388.17 in savings. |
| ⭐ **Average Score** | 76.8/100 |
| 💳 **Subscription Equivalent** | **$169.75 / mo** |
| 🎯 **Prestige Ratio** | **2.0%** (Strategic Hype) |
| 🏎️ **Lead Time Avg** | 441 Days to Sequel |

2026-06-25 18:33:25,403 - INFO - ✅ README.md updated.
2026-06-25 18:33:25,428 - INFO - Using categorical units to plot a list of strings that are all parsable as floats or dates. If these strings should be plotted as numbers, cast to the appropriate data type before plotting.
2026-06-25 18:33:25,429 - INFO - Using categorical units to plot a list of strings that are all parsable as floats or dates. If these strings should be plotted as numbers, cast to the appropriate data type before plotting.
2026-06-25 18:33:31,737 - INFO - 📈 All charts generated successfully.
