2026-02-28 16:49:44,184 - INFO - Failed to extract font properties from /usr/share/fonts/truetype/noto/NotoColorEmoji.ttf: Can not load face (unknown file format; error code 0x2)
2026-02-28 16:49:44,241 - INFO - generated new fontManager
2026-02-28 16:49:44,764 - INFO - ✅ Migration Successful!
2026-02-28 16:49:45,500 - INFO - No new games found.
2026-02-28 16:49:45,838 - INFO - 🔍 Found 577 games needing metadata. Starting IGDB + Steam + CheapShark enrichment...
2026-02-28 16:49:46,003 - INFO - 📅 Fetching Basic Metadata: LEGO Batman Trilogy
2026-02-28 16:49:46,177 - INFO - 🎯 IGDB Match: 'LEGO Batman Trilogy' (100%)
2026-02-28 16:49:46,205 - INFO - 📅 Fetching Basic Metadata: Antstream
2026-02-28 16:49:46,325 - INFO - 📅 Fetching Basic Metadata: The Drone Racing League Simulator
2026-02-28 16:49:46,418 - INFO - 🎯 IGDB Match: 'The Drone Racing League Simulator' (100%)
2026-02-28 16:49:46,426 - INFO - 📅 Fetching Basic Metadata: Dark Deity
2026-02-28 16:49:46,554 - INFO - 🎯 IGDB Match: 'Dark Deity' (100%)
2026-02-28 16:49:46,561 - INFO - 📅 Fetching Basic Metadata: RPG in a Box
2026-02-28 16:49:46,656 - INFO - 🎯 IGDB Match: 'RPG in a Box' (100%)
2026-02-28 16:49:46,664 - INFO - 📅 Fetching Basic Metadata: Fallout Classic Collection
2026-02-28 16:49:46,764 - INFO - 🎯 IGDB Match: 'Fallout Classic Collection' (100%)
2026-02-28 16:49:46,772 - INFO - 📅 Fetching Basic Metadata: Recipe for Disaster
2026-02-28 16:49:46,858 - INFO - 🎯 IGDB Match: 'Recipe for Disaster' (100%)
2026-02-28 16:49:46,865 - INFO - 📅 Fetching Basic Metadata: World of Warships — Starter Pack: Ishizuchi
2026-02-28 16:49:46,984 - INFO - 🎯 IGDB Match: 'World of Warships: Starter Pack - Ishizuchi' (98%)
2026-02-28 16:49:46,991 - INFO - 📅 Fetching Basic Metadata: Poker Club
2026-02-28 16:49:47,085 - INFO - 🎯 IGDB Match: 'Poker Club' (100%)
2026-02-28 16:49:47,091 - INFO - 📅 Fetching Basic Metadata: The Sims 4 The Daring Lifestyle Bundle
2026-02-28 16:49:47,172 - INFO - 🎯 IGDB Match: 'The Sims 4: The Daring Lifestyle Bundle' (99%)
2026-02-28 16:49:47,181 - INFO - 📅 Fetching Basic Metadata: Dodo Peak
2026-02-28 16:49:47,258 - INFO - 🎯 IGDB Match: 'Dodo Peak' (100%)
2026-02-28 16:49:47,265 - INFO - 📅 Fetching Basic Metadata: Spelldrifter
2026-02-28 16:49:47,340 - INFO - 🎯 IGDB Match: 'Spelldrifter' (100%)
2026-02-28 16:49:47,347 - INFO - 📅 Fetching Basic Metadata: Model Builder
2026-02-28 16:49:47,461 - INFO - 🎯 IGDB Match: 'Model Builder' (100%)
2026-02-28 16:49:47,468 - INFO - 📅 Fetching Basic Metadata: Godlike Burger
2026-02-28 16:49:47,548 - INFO - 🎯 IGDB Match: 'Godlike Burger' (100%)
2026-02-28 16:49:47,554 - INFO - 📅 Fetching Basic Metadata: Q.U.B.E. Ultimate Bundle
2026-02-28 16:49:47,642 - INFO - 🎯 IGDB Match: 'Q.U.B.E. Ultimate Bundle' (100%)
2026-02-28 16:49:47,649 - INFO - 📅 Fetching Basic Metadata: Jitsu Squad
2026-02-28 16:49:47,777 - INFO - 🎯 IGDB Match: 'Jitsu Squad' (100%)
2026-02-28 16:49:47,783 - INFO - 📅 Fetching Basic Metadata: Mighty Fight Federation
2026-02-28 16:49:47,857 - INFO - 🎯 IGDB Match: 'Mighty Fight Federation' (100%)
2026-02-28 16:49:47,867 - INFO - 📅 Fetching Basic Metadata: LOVE
2026-02-28 16:49:48,047 - INFO - 🎯 IGDB Match: 'Love Love Love' (90%)
2026-02-28 16:49:48,055 - INFO - 📅 Fetching Basic Metadata: Call of The Wild: The Angler
2026-02-28 16:49:48,135 - INFO - 🎯 IGDB Match: 'Call of the Wild: The Angler' (100%)
2026-02-28 16:49:48,144 - INFO - 📅 Fetching Basic Metadata: The Falconeer
2026-02-28 16:49:48,204 - WARNING - IGDB Error for The Falconeer: string indices must be integers, not 'str'
2026-02-28 16:49:48,211 - INFO - 📅 Fetching Basic Metadata: Rawmen: Food Fighter Arena
2026-02-28 16:49:48,271 - WARNING - IGDB Error for Rawmen: Food Fighter Arena: string indices must be integers, not 'str'
2026-02-28 16:49:48,278 - INFO - 📅 Fetching Basic Metadata: World of Warships – Starter Pack: Albany
2026-02-28 16:49:48,361 - INFO - 📅 Fetching Basic Metadata: Fallout Classic Edition
2026-02-28 16:49:48,431 - WARNING - IGDB Error for Fallout Classic Edition: string indices must be integers, not 'str'
2026-02-28 16:49:48,438 - INFO - 📅 Fetching Basic Metadata: Outliver: Tribulation
2026-02-28 16:49:48,515 - WARNING - IGDB Error for Outliver: Tribulation: string indices must be integers, not 'str'
2026-02-28 16:49:48,523 - INFO - 📅 Fetching Basic Metadata: Bus Simulator 21 Next Stop
2026-02-28 16:49:48,634 - INFO - 🎯 IGDB Match: 'Bus Simulator 21: Next Stop' (98%)
2026-02-28 16:49:48,643 - INFO - 📅 Fetching Basic Metadata: Turmoil
2026-02-28 16:49:48,702 - WARNING - IGDB Error for Turmoil: string indices must be integers, not 'str'
2026-02-28 16:49:48,710 - INFO - 📅 Fetching Basic Metadata: World War Z Aftermath
2026-02-28 16:49:48,798 - WARNING - IGDB Error for World War Z Aftermath: string indices must be integers, not 'str'
2026-02-28 16:49:48,805 - INFO - 📅 Fetching Basic Metadata: World Of Warships – Anniversary Party Flavor
2026-02-28 16:49:48,863 - WARNING - IGDB Error for World Of Warships – Anniversary Party Flavor: string indices must be integers, not 'str'
2026-02-28 16:49:48,870 - INFO - 📅 Fetching Basic Metadata: Neko Ghost, Jump!
2026-02-28 16:49:48,931 - WARNING - IGDB Error for Neko Ghost, Jump!: string indices must be integers, not 'str'
2026-02-28 16:49:48,938 - INFO - 📅 Fetching Basic Metadata: Super Space Club
2026-02-28 16:49:49,007 - WARNING - IGDB Error for Super Space Club: string indices must be integers, not 'str'
2026-02-28 16:49:49,013 - INFO - 📅 Fetching Basic Metadata: Touch Type Tale
2026-02-28 16:49:49,071 - WARNING - IGDB Error for Touch Type Tale: string indices must be integers, not 'str'
2026-02-28 16:49:49,078 - INFO - 📅 Fetching Basic Metadata: Gigapocalypse
2026-02-28 16:49:49,140 - WARNING - IGDB Error for Gigapocalypse: string indices must be integers, not 'str'
2026-02-28 16:49:49,148 - INFO - 📅 Fetching Basic Metadata: Legion TD2
2026-02-28 16:49:49,206 - WARNING - IGDB Error for Legion TD2: string indices must be integers, not 'str'
2026-02-28 16:49:49,216 - INFO - 📅 Fetching Basic Metadata: Nightingale
2026-02-28 16:49:49,280 - WARNING - IGDB Error for Nightingale: string indices must be integers, not 'str'
2026-02-28 16:49:49,288 - INFO - 📅 Fetching Basic Metadata: Godzilla Voxel Wars
2026-02-28 16:49:49,348 - WARNING - IGDB Error for Godzilla Voxel Wars: string indices must be integers, not 'str'
2026-02-28 16:49:49,357 - INFO - 📅 Fetching Basic Metadata: Trine Classic Collection
2026-02-28 16:49:49,417 - WARNING - IGDB Error for Trine Classic Collection: string indices must be integers, not 'str'
2026-02-28 16:49:49,424 - INFO - 📅 Fetching Basic Metadata: Poison Retro Set
2026-02-28 16:49:49,485 - WARNING - IGDB Error for Poison Retro Set: string indices must be integers, not 'str'
2026-02-28 16:49:49,492 - INFO - 📅 Fetching Basic Metadata: The Darkside Detective A Fumble in the Dark
2026-02-28 16:49:49,553 - WARNING - IGDB Error for The Darkside Detective A Fumble in the Dark: string indices must be integers, not 'str'
2026-02-28 16:49:49,559 - INFO - 📅 Fetching Basic Metadata: Return to Ash
2026-02-28 16:49:49,620 - WARNING - IGDB Error for Return to Ash: string indices must be integers, not 'str'
2026-02-28 16:49:49,627 - INFO - 🏢 Publisher Search: STALCRAFT: X Starter Edition
2026-02-28 16:49:51,137 - INFO - 📅 Fetching Basic Metadata: STALCRAFT: X Starter Edition
2026-02-28 16:49:51,217 - INFO - 📅 Fetching Basic Metadata: Boxes: Lost Fragments
2026-02-28 16:49:51,325 - INFO - 🎯 IGDB Match: 'Boxes: Lost Fragments' (100%)
2026-02-28 16:49:51,331 - INFO - 📅 Fetching Basic Metadata: My Night Job
2026-02-28 16:49:51,402 - INFO - 🎯 IGDB Match: 'My Night Job' (100%)
2026-02-28 16:49:51,413 - INFO - 
--- Starting Data Quality Checks ---
2026-02-28 16:49:51,426 - INFO - --- Data Quality Checks Complete ---

2026-02-28 16:49:51,455 - INFO - | Metric | Statistics |
| :--- | :--- |
| 💰 **Total Market Value** | **$12,603.32** |
| 📦 **Total Games Collected** | 653 |
| 🏷️ **Average Retail Price** | $22.48 per game |
| 💎 **Most Expensive Title** | Civilization 6 Platinum Edition ($79.99) |
| 👑 **MVP Publisher** | Bethesda Softworks |
| 🏢 **Value Leaders** | 2K ($579.90), Bethesda Softworks ($544.80), Paradox Interactive ($409.89) |
| 📈 **Inflation-Adjusted Value** | $14,400.56 |
| 🎈 **Inflation Bonus** | **+$1,797.24** in purchasing power |
| 🗓️ **Peak Saving Month** | 🎄 **Seasonality Peak:** December is historically the best month, offering $3,388.17 in savings. |
| ⭐ **Average Score** | 76.7/100 |
| 💳 **Subscription Equivalent** | **$170.71 / mo** |
| 🎯 **Prestige Ratio** | **2.0%** (Strategic Hype) |
| 🏎️ **Lead Time Avg** | 447 Days to Sequel |

2026-02-28 16:49:51,456 - INFO - ✅ README.md updated.
2026-02-28 16:49:51,480 - INFO - Using categorical units to plot a list of strings that are all parsable as floats or dates. If these strings should be plotted as numbers, cast to the appropriate data type before plotting.
2026-02-28 16:49:51,481 - INFO - Using categorical units to plot a list of strings that are all parsable as floats or dates. If these strings should be plotted as numbers, cast to the appropriate data type before plotting.
2026-02-28 16:49:57,180 - INFO - 📈 All charts generated successfully.
