2026-06-21 18:05:16,932 - INFO - Failed to extract font properties from /usr/share/fonts/truetype/noto/NotoColorEmoji.ttf: Non-scalable fonts are not supported
2026-06-21 18:05:17,008 - INFO - generated new fontManager
2026-06-21 18:05:17,355 - INFO - ✅ Migration Successful!
2026-06-21 18:05:17,519 - INFO - No new games found.
2026-06-21 18:05:18,035 - INFO - 🔍 Found 605 games needing metadata. Starting IGDB + Steam + CheapShark enrichment...
2026-06-21 18:05:18,094 - INFO - 📅 Fetching Basic Metadata: LEGO Batman Trilogy
2026-06-21 18:05:18,311 - INFO - 🎯 IGDB Match: 'LEGO Batman Trilogy' (100%)
2026-06-21 18:05:18,341 - INFO - 📅 Fetching Basic Metadata: Antstream
2026-06-21 18:05:18,558 - INFO - 📅 Fetching Basic Metadata: The Drone Racing League Simulator
2026-06-21 18:05:18,866 - INFO - 🎯 IGDB Match: 'The Drone Racing League Simulator' (100%)
2026-06-21 18:05:18,875 - INFO - 📅 Fetching Basic Metadata: Dark Deity
2026-06-21 18:05:19,105 - INFO - 🎯 IGDB Match: 'Dark Deity' (100%)
2026-06-21 18:05:19,112 - INFO - 📅 Fetching Basic Metadata: RPG in a Box
2026-06-21 18:05:19,233 - INFO - 🎯 IGDB Match: 'RPG in a Box' (100%)
2026-06-21 18:05:19,241 - INFO - 📅 Fetching Basic Metadata: Fallout Classic Collection
2026-06-21 18:05:19,428 - INFO - 🎯 IGDB Match: 'Fallout Classic Collection' (100%)
2026-06-21 18:05:19,437 - INFO - 📅 Fetching Basic Metadata: Recipe for Disaster
2026-06-21 18:05:19,667 - INFO - 🎯 IGDB Match: 'Recipe For Disaster' (100%)
2026-06-21 18:05:19,674 - INFO - 📅 Fetching Basic Metadata: World of Warships — Starter Pack: Ishizuchi
2026-06-21 18:05:19,882 - INFO - 🎯 IGDB Match: 'World of Warships: Starter Pack - Ishizuchi' (98%)
2026-06-21 18:05:19,890 - INFO - 📅 Fetching Basic Metadata: Poker Club
2026-06-21 18:05:19,995 - INFO - 🎯 IGDB Match: 'Poker Club' (100%)
2026-06-21 18:05:20,002 - INFO - 📅 Fetching Basic Metadata: The Sims 4 The Daring Lifestyle Bundle
2026-06-21 18:05:20,229 - INFO - 🎯 IGDB Match: 'The Sims 4: The Daring Lifestyle Bundle' (99%)
2026-06-21 18:05:20,238 - INFO - 📅 Fetching Basic Metadata: Dodo Peak
2026-06-21 18:05:20,411 - INFO - 🎯 IGDB Match: 'Dodo Peak' (100%)
2026-06-21 18:05:20,418 - INFO - 📅 Fetching Basic Metadata: Spelldrifter
2026-06-21 18:05:20,510 - INFO - 🎯 IGDB Match: 'Spelldrifter' (100%)
2026-06-21 18:05:20,517 - INFO - 📅 Fetching Basic Metadata: Model Builder
2026-06-21 18:05:20,619 - INFO - 🎯 IGDB Match: 'Model Builder' (100%)
2026-06-21 18:05:20,626 - INFO - 📅 Fetching Basic Metadata: Godlike Burger
2026-06-21 18:05:20,721 - INFO - 🎯 IGDB Match: 'Godlike Burger' (100%)
2026-06-21 18:05:20,728 - INFO - 📅 Fetching Basic Metadata: Q.U.B.E. Ultimate Bundle
2026-06-21 18:05:20,911 - INFO - 🎯 IGDB Match: 'Q.U.B.E. Ultimate Bundle' (100%)
2026-06-21 18:05:20,920 - INFO - 📅 Fetching Basic Metadata: Jitsu Squad
2026-06-21 18:05:21,015 - INFO - 🎯 IGDB Match: 'Jitsu Squad' (100%)
2026-06-21 18:05:21,022 - INFO - 📅 Fetching Basic Metadata: Mighty Fight Federation
2026-06-21 18:05:21,200 - INFO - 🎯 IGDB Match: 'Mighty Fight Federation' (100%)
2026-06-21 18:05:21,210 - INFO - 📅 Fetching Basic Metadata: LOVE
2026-06-21 18:05:21,342 - INFO - 🎯 IGDB Match: 'Love Love Love' (90%)
2026-06-21 18:05:21,350 - INFO - 📅 Fetching Basic Metadata: Call of The Wild: The Angler
2026-06-21 18:05:21,456 - INFO - 🎯 IGDB Match: 'Call of the Wild: The Angler' (100%)
2026-06-21 18:05:21,466 - INFO - 📅 Fetching Basic Metadata: The Falconeer
2026-06-21 18:05:21,651 - INFO - 🎯 IGDB Match: 'The Falconeer: The Hunter' (90%)
2026-06-21 18:05:21,658 - INFO - 📅 Fetching Basic Metadata: Rawmen: Food Fighter Arena
2026-06-21 18:05:21,753 - INFO - 🎯 IGDB Match: 'Rawmen' (90%)
2026-06-21 18:05:21,760 - INFO - 📅 Fetching Basic Metadata: World of Warships – Starter Pack: Albany
2026-06-21 18:05:21,863 - INFO - 📅 Fetching Basic Metadata: Fallout Classic Edition
2026-06-21 18:05:22,028 - INFO - 📅 Fetching Basic Metadata: Outliver: Tribulation
2026-06-21 18:05:22,131 - INFO - 🎯 IGDB Match: 'Outliver: Tribulation' (100%)
2026-06-21 18:05:22,140 - INFO - 📅 Fetching Basic Metadata: Bus Simulator 21 Next Stop
2026-06-21 18:05:22,226 - WARNING - IGDB Error for Bus Simulator 21 Next Stop: string indices must be integers, not 'str'
2026-06-21 18:05:22,235 - INFO - 📅 Fetching Basic Metadata: Turmoil
2026-06-21 18:05:22,325 - WARNING - IGDB Error for Turmoil: string indices must be integers, not 'str'
2026-06-21 18:05:22,333 - INFO - 📅 Fetching Basic Metadata: World War Z Aftermath
2026-06-21 18:05:22,416 - WARNING - IGDB Error for World War Z Aftermath: string indices must be integers, not 'str'
2026-06-21 18:05:22,424 - INFO - 📅 Fetching Basic Metadata: World Of Warships – Anniversary Party Flavor
2026-06-21 18:05:22,504 - WARNING - IGDB Error for World Of Warships – Anniversary Party Flavor: string indices must be integers, not 'str'
2026-06-21 18:05:22,512 - INFO - 📅 Fetching Basic Metadata: Neko Ghost, Jump!
2026-06-21 18:05:22,596 - WARNING - IGDB Error for Neko Ghost, Jump!: string indices must be integers, not 'str'
2026-06-21 18:05:22,603 - INFO - 📅 Fetching Basic Metadata: Super Space Club
2026-06-21 18:05:22,687 - WARNING - IGDB Error for Super Space Club: string indices must be integers, not 'str'
2026-06-21 18:05:22,694 - INFO - 📅 Fetching Basic Metadata: Touch Type Tale
2026-06-21 18:05:22,867 - WARNING - IGDB Error for Touch Type Tale: string indices must be integers, not 'str'
2026-06-21 18:05:22,874 - INFO - 📅 Fetching Basic Metadata: Gigapocalypse
2026-06-21 18:05:23,038 - WARNING - IGDB Error for Gigapocalypse: string indices must be integers, not 'str'
2026-06-21 18:05:23,046 - INFO - 📅 Fetching Basic Metadata: Legion TD2
2026-06-21 18:05:23,130 - WARNING - IGDB Error for Legion TD2: string indices must be integers, not 'str'
2026-06-21 18:05:23,139 - INFO - 📅 Fetching Basic Metadata: Nightingale
2026-06-21 18:05:23,220 - WARNING - IGDB Error for Nightingale: string indices must be integers, not 'str'
2026-06-21 18:05:23,229 - INFO - 📅 Fetching Basic Metadata: Godzilla Voxel Wars
2026-06-21 18:05:23,313 - WARNING - IGDB Error for Godzilla Voxel Wars: string indices must be integers, not 'str'
2026-06-21 18:05:23,322 - INFO - 📅 Fetching Basic Metadata: Trine Classic Collection
2026-06-21 18:05:23,417 - INFO - 🎯 IGDB Match: 'Trine Classic Collection' (100%)
2026-06-21 18:05:23,425 - INFO - 📅 Fetching Basic Metadata: Poison Retro Set
2026-06-21 18:05:23,518 - INFO - 🎯 IGDB Match: 'Pixel Gun 3D: Poison Retro Set' (90%)
2026-06-21 18:05:23,525 - INFO - 📅 Fetching Basic Metadata: The Darkside Detective A Fumble in the Dark
2026-06-21 18:05:23,643 - INFO - 🎯 IGDB Match: 'The Darkside Detective: A Fumble in the Dark' (99%)
2026-06-21 18:05:23,650 - INFO - 📅 Fetching Basic Metadata: Return to Ash
2026-06-21 18:05:23,747 - INFO - 🎯 IGDB Match: 'Return to Ash' (100%)
2026-06-21 18:05:23,754 - INFO - 🏢 Publisher Search: STALCRAFT: X Starter Edition
2026-06-21 18:05:25,181 - INFO - 📅 Fetching Basic Metadata: STALCRAFT: X Starter Edition
2026-06-21 18:05:25,286 - INFO - 📅 Fetching Basic Metadata: Boxes: Lost Fragments
2026-06-21 18:05:25,460 - INFO - 🎯 IGDB Match: 'Boxes: Lost Fragments' (100%)
2026-06-21 18:05:25,467 - INFO - 📅 Fetching Basic Metadata: My Night Job
2026-06-21 18:05:25,563 - INFO - 🎯 IGDB Match: 'My Night Job' (100%)
2026-06-21 18:05:25,570 - INFO - 📅 Fetching Basic Metadata: Electrician Simulator
2026-06-21 18:05:25,670 - INFO - 🎯 IGDB Match: 'Electrician Simulator' (100%)
2026-06-21 18:05:25,679 - INFO - 🏢 Publisher Search: World of Warships — Epic Anniversary Tachibana Pack
2026-06-21 18:05:27,014 - INFO - 📅 Fetching Basic Metadata: World of Warships — Epic Anniversary Tachibana Pack
2026-06-21 18:05:27,155 - INFO - 📅 Fetching Basic Metadata: Hyper Echelon
2026-06-21 18:05:27,253 - INFO - 🎯 IGDB Match: 'Hyper Echelon' (100%)
2026-06-21 18:05:27,260 - INFO - 📅 Fetching Basic Metadata: Havendock
2026-06-21 18:05:27,355 - INFO - 🎯 IGDB Match: 'Havendock' (100%)
2026-06-21 18:05:27,361 - INFO - 📅 Fetching Basic Metadata: Clone Drone in the Danger Zone
2026-06-21 18:05:27,454 - INFO - 🎯 IGDB Match: 'Clone Drone in the Danger Zone' (100%)
2026-06-21 18:05:27,461 - INFO - 🏢 Publisher Search: TOMAK: Save the Earth Regeneration
2026-06-21 18:05:28,763 - INFO - 📅 Fetching Basic Metadata: TOMAK: Save the Earth Regeneration
2026-06-21 18:05:28,942 - INFO - 🎯 IGDB Match: 'Tomak: Save the Earth Regeneration' (100%)
2026-06-21 18:05:28,948 - INFO - 📅 Fetching Basic Metadata: Prop Sumo
2026-06-21 18:05:29,045 - INFO - 🎯 IGDB Match: 'Prop Sumo' (100%)
2026-06-21 18:05:29,051 - INFO - 📅 Fetching Basic Metadata: The Stone of Madness
2026-06-21 18:05:29,148 - INFO - 🎯 IGDB Match: 'The Stone of Madness' (100%)
2026-06-21 18:05:29,155 - INFO - 📅 Fetching Basic Metadata: Firestone Online Idle RPG
2026-06-21 18:05:29,333 - INFO - 🎯 IGDB Match: 'Firestone: Online Idle RPG' (98%)
2026-06-21 18:05:29,339 - INFO - 📅 Fetching Basic Metadata: Oddsparks: An Automation Adventure
2026-06-21 18:05:29,519 - INFO - 🎯 IGDB Match: 'Oddsparks: An Automation Adventure' (100%)
2026-06-21 18:05:29,526 - INFO - 📅 Fetching Basic Metadata: Trash Goblin
2026-06-21 18:05:29,708 - INFO - 🎯 IGDB Match: 'Trash Goblin' (100%)
2026-06-21 18:05:29,715 - INFO - 🏢 Publisher Search: The Telltale Batman Shadows Edition
2026-06-21 18:05:31,033 - INFO - 📅 Fetching Basic Metadata: The Telltale Batman Shadows Edition
2026-06-21 18:05:31,134 - INFO - 🎯 IGDB Match: 'Telltale Batman Shadows Edition' (95%)
2026-06-21 18:05:31,141 - INFO - 🏢 Publisher Search: Sunderfolk - Standard Edition
2026-06-21 18:05:32,487 - INFO - 📅 Fetching Basic Metadata: Sunderfolk - Standard Edition
2026-06-21 18:05:32,611 - INFO - 📅 Fetching Basic Metadata: Down in Bermuda
2026-06-21 18:05:32,790 - INFO - 🎯 IGDB Match: 'Down in Bermuda' (100%)
2026-06-21 18:05:32,796 - INFO - 📅 Fetching Basic Metadata: Tomb Raider I-III Remastered Starring Lara Croft
2026-06-21 18:05:32,901 - INFO - 📅 Fetching Basic Metadata: LONESTAR
2026-06-21 18:05:33,007 - INFO - 🎯 IGDB Match: 'LoneStar' (100%)
2026-06-21 18:05:33,014 - INFO - 📅 Fetching Basic Metadata: Calico
2026-06-21 18:05:33,206 - INFO - 🎯 IGDB Match: 'Calico' (100%)
2026-06-21 18:05:33,213 - INFO - 📅 Fetching Basic Metadata: Rogue Waters
2026-06-21 18:05:33,308 - INFO - 🎯 IGDB Match: 'Rogue Waters' (100%)
2026-06-21 18:05:33,315 - INFO - 📅 Fetching Basic Metadata: The Ouroboros King
2026-06-21 18:05:33,409 - INFO - 🎯 IGDB Match: 'The Ouroboros King' (100%)
2026-06-21 18:05:33,415 - INFO - 🏢 Publisher Search: Warhammer 40K Speed Freeks
2026-06-21 18:05:34,739 - INFO - 
--- Starting Data Quality Checks ---
2026-06-21 18:05:34,754 - INFO - --- Data Quality Checks Complete ---

2026-06-21 18:05:34,786 - INFO - | Metric | Statistics |
| :--- | :--- |
| 💰 **Total Market Value** | **$13,148.07** |
| 📦 **Total Games Collected** | 682 |
| 🏷️ **Average Retail Price** | $22.34 per game |
| 💎 **Most Expensive Title** | Civilization 6 Platinum Edition ($79.99) |
| 👑 **MVP Publisher** | Bethesda Softworks |
| 🏢 **Value Leaders** | 2K ($579.90), Bethesda Softworks ($544.80), Paradox Interactive ($409.89) |
| 📈 **Inflation-Adjusted Value** | $14,945.31 |
| 🎈 **Inflation Bonus** | **+$1,797.24** in purchasing power |
| 🗓️ **Peak Saving Month** | 🎄 **Seasonality Peak:** December is historically the best month, offering $3,388.17 in savings. |
| ⭐ **Average Score** | 76.8/100 |
| 💳 **Subscription Equivalent** | **$169.31 / mo** |
| 🎯 **Prestige Ratio** | **2.1%** (Strategic Hype) |
| 🏎️ **Lead Time Avg** | 441 Days to Sequel |

2026-06-21 18:05:34,786 - INFO - ✅ README.md updated.
2026-06-21 18:05:34,812 - INFO - Using categorical units to plot a list of strings that are all parsable as floats or dates. If these strings should be plotted as numbers, cast to the appropriate data type before plotting.
2026-06-21 18:05:34,813 - INFO - Using categorical units to plot a list of strings that are all parsable as floats or dates. If these strings should be plotted as numbers, cast to the appropriate data type before plotting.
2026-06-21 18:05:41,252 - INFO - 📈 All charts generated successfully.
