2026-04-06 17:24:11,953 - INFO - Failed to extract font properties from /usr/share/fonts/truetype/noto/NotoColorEmoji.ttf: Can not load face (unknown file format; error code 0x2)
2026-04-06 17:24:12,024 - INFO - generated new fontManager
2026-04-06 17:24:12,359 - INFO - ✅ Migration Successful!
2026-04-06 17:24:12,598 - INFO - No new games found.
2026-04-06 17:24:13,087 - INFO - 🔍 Found 587 games needing metadata. Starting IGDB + Steam + CheapShark enrichment...
2026-04-06 17:24:13,168 - INFO - 📅 Fetching Basic Metadata: LEGO Batman Trilogy
2026-04-06 17:24:13,485 - INFO - 🎯 IGDB Match: 'LEGO Batman Trilogy' (100%)
2026-04-06 17:24:13,513 - INFO - 📅 Fetching Basic Metadata: Antstream
2026-04-06 17:24:13,769 - INFO - 📅 Fetching Basic Metadata: The Drone Racing League Simulator
2026-04-06 17:24:13,881 - INFO - 🎯 IGDB Match: 'The Drone Racing League Simulator' (100%)
2026-04-06 17:24:13,889 - INFO - 📅 Fetching Basic Metadata: Dark Deity
2026-04-06 17:24:14,130 - INFO - 🎯 IGDB Match: 'Dark Deity' (100%)
2026-04-06 17:24:14,136 - INFO - 📅 Fetching Basic Metadata: RPG in a Box
2026-04-06 17:24:14,268 - INFO - 🎯 IGDB Match: 'RPG in a Box' (100%)
2026-04-06 17:24:14,275 - INFO - 📅 Fetching Basic Metadata: Fallout Classic Collection
2026-04-06 17:24:14,377 - INFO - 🎯 IGDB Match: 'Fallout Classic Collection' (100%)
2026-04-06 17:24:14,385 - INFO - 📅 Fetching Basic Metadata: Recipe for Disaster
2026-04-06 17:24:14,481 - INFO - 🎯 IGDB Match: 'Recipe for Disaster' (100%)
2026-04-06 17:24:14,487 - INFO - 📅 Fetching Basic Metadata: World of Warships — Starter Pack: Ishizuchi
2026-04-06 17:24:14,685 - INFO - 🎯 IGDB Match: 'World of Warships: Starter Pack - Ishizuchi' (98%)
2026-04-06 17:24:14,691 - INFO - 📅 Fetching Basic Metadata: Poker Club
2026-04-06 17:24:14,844 - INFO - 🎯 IGDB Match: 'Poker Club' (100%)
2026-04-06 17:24:14,850 - INFO - 📅 Fetching Basic Metadata: The Sims 4 The Daring Lifestyle Bundle
2026-04-06 17:24:14,962 - INFO - 🎯 IGDB Match: 'The Sims 4: The Daring Lifestyle Bundle' (99%)
2026-04-06 17:24:14,970 - INFO - 📅 Fetching Basic Metadata: Dodo Peak
2026-04-06 17:24:15,069 - INFO - 🎯 IGDB Match: 'Dodo Peak' (100%)
2026-04-06 17:24:15,075 - INFO - 📅 Fetching Basic Metadata: Spelldrifter
2026-04-06 17:24:15,229 - INFO - 🎯 IGDB Match: 'Spelldrifter' (100%)
2026-04-06 17:24:15,235 - INFO - 📅 Fetching Basic Metadata: Model Builder
2026-04-06 17:24:15,377 - INFO - 🎯 IGDB Match: 'Model Builder' (100%)
2026-04-06 17:24:15,383 - INFO - 📅 Fetching Basic Metadata: Godlike Burger
2026-04-06 17:24:15,526 - INFO - 🎯 IGDB Match: 'Godlike Burger' (100%)
2026-04-06 17:24:15,532 - INFO - 📅 Fetching Basic Metadata: Q.U.B.E. Ultimate Bundle
2026-04-06 17:24:15,662 - INFO - 🎯 IGDB Match: 'Q.U.B.E. Ultimate Bundle' (100%)
2026-04-06 17:24:15,669 - INFO - 📅 Fetching Basic Metadata: Jitsu Squad
2026-04-06 17:24:15,900 - INFO - 🎯 IGDB Match: 'Jitsu Squad' (100%)
2026-04-06 17:24:15,907 - INFO - 📅 Fetching Basic Metadata: Mighty Fight Federation
2026-04-06 17:24:16,125 - INFO - 🎯 IGDB Match: 'Mighty Fight Federation' (100%)
2026-04-06 17:24:16,135 - INFO - 📅 Fetching Basic Metadata: LOVE
2026-04-06 17:24:16,375 - INFO - 🎯 IGDB Match: 'Love Love Love' (90%)
2026-04-06 17:24:16,383 - INFO - 📅 Fetching Basic Metadata: Call of The Wild: The Angler
2026-04-06 17:24:16,510 - INFO - 🎯 IGDB Match: 'Call of the Wild: The Angler' (100%)
2026-04-06 17:24:16,519 - INFO - 📅 Fetching Basic Metadata: The Falconeer
2026-04-06 17:24:16,662 - INFO - 🎯 IGDB Match: 'The Falconeer: The Hunter' (90%)
2026-04-06 17:24:16,670 - INFO - 📅 Fetching Basic Metadata: Rawmen: Food Fighter Arena
2026-04-06 17:24:16,786 - INFO - 🎯 IGDB Match: 'Rawmen' (90%)
2026-04-06 17:24:16,792 - INFO - 📅 Fetching Basic Metadata: World of Warships – Starter Pack: Albany
2026-04-06 17:24:16,911 - INFO - 📅 Fetching Basic Metadata: Fallout Classic Edition
2026-04-06 17:24:16,998 - WARNING - IGDB Error for Fallout Classic Edition: string indices must be integers, not 'str'
2026-04-06 17:24:17,006 - INFO - 📅 Fetching Basic Metadata: Outliver: Tribulation
2026-04-06 17:24:17,109 - INFO - 🎯 IGDB Match: 'Outliver: Tribulation' (100%)
2026-04-06 17:24:17,117 - INFO - 📅 Fetching Basic Metadata: Bus Simulator 21 Next Stop
2026-04-06 17:24:17,233 - INFO - 🎯 IGDB Match: 'Bus Simulator 21: Next Stop' (98%)
2026-04-06 17:24:17,243 - INFO - 📅 Fetching Basic Metadata: Turmoil
2026-04-06 17:24:17,345 - INFO - 🎯 IGDB Match: 'Turmoil' (100%)
2026-04-06 17:24:17,352 - INFO - 📅 Fetching Basic Metadata: World War Z Aftermath
2026-04-06 17:24:17,484 - INFO - 🎯 IGDB Match: 'World War Z: Aftermath' (98%)
2026-04-06 17:24:17,490 - INFO - 📅 Fetching Basic Metadata: World Of Warships – Anniversary Party Flavor
2026-04-06 17:24:17,605 - INFO - 📅 Fetching Basic Metadata: Neko Ghost, Jump!
2026-04-06 17:24:17,726 - INFO - 🎯 IGDB Match: 'Neko Ghost, Jump!' (100%)
2026-04-06 17:24:17,733 - INFO - 📅 Fetching Basic Metadata: Super Space Club
2026-04-06 17:24:17,869 - INFO - 🎯 IGDB Match: 'Super Space Club' (100%)
2026-04-06 17:24:17,875 - INFO - 📅 Fetching Basic Metadata: Touch Type Tale
2026-04-06 17:24:17,960 - WARNING - IGDB Error for Touch Type Tale: string indices must be integers, not 'str'
2026-04-06 17:24:17,967 - INFO - 📅 Fetching Basic Metadata: Gigapocalypse
2026-04-06 17:24:18,052 - WARNING - IGDB Error for Gigapocalypse: string indices must be integers, not 'str'
2026-04-06 17:24:18,061 - INFO - 📅 Fetching Basic Metadata: Legion TD2
2026-04-06 17:24:18,219 - INFO - 📅 Fetching Basic Metadata: Nightingale
2026-04-06 17:24:18,304 - WARNING - IGDB Error for Nightingale: string indices must be integers, not 'str'
2026-04-06 17:24:18,311 - INFO - 📅 Fetching Basic Metadata: Godzilla Voxel Wars
2026-04-06 17:24:18,400 - WARNING - IGDB Error for Godzilla Voxel Wars: string indices must be integers, not 'str'
2026-04-06 17:24:18,409 - INFO - 📅 Fetching Basic Metadata: Trine Classic Collection
2026-04-06 17:24:18,579 - WARNING - IGDB Error for Trine Classic Collection: string indices must be integers, not 'str'
2026-04-06 17:24:18,587 - INFO - 📅 Fetching Basic Metadata: Poison Retro Set
2026-04-06 17:24:18,672 - WARNING - IGDB Error for Poison Retro Set: string indices must be integers, not 'str'
2026-04-06 17:24:18,678 - INFO - 📅 Fetching Basic Metadata: The Darkside Detective A Fumble in the Dark
2026-04-06 17:24:18,763 - WARNING - IGDB Error for The Darkside Detective A Fumble in the Dark: string indices must be integers, not 'str'
2026-04-06 17:24:18,770 - INFO - 📅 Fetching Basic Metadata: Return to Ash
2026-04-06 17:24:18,856 - WARNING - IGDB Error for Return to Ash: string indices must be integers, not 'str'
2026-04-06 17:24:18,862 - INFO - 🏢 Publisher Search: STALCRAFT: X Starter Edition
2026-04-06 17:24:20,271 - INFO - 📅 Fetching Basic Metadata: STALCRAFT: X Starter Edition
2026-04-06 17:24:20,375 - INFO - 📅 Fetching Basic Metadata: Boxes: Lost Fragments
2026-04-06 17:24:20,524 - INFO - 🎯 IGDB Match: 'Boxes: Lost Fragments' (100%)
2026-04-06 17:24:20,530 - INFO - 📅 Fetching Basic Metadata: My Night Job
2026-04-06 17:24:20,628 - INFO - 🎯 IGDB Match: 'My Night Job' (100%)
2026-04-06 17:24:20,635 - INFO - 📅 Fetching Basic Metadata: Electrician Simulator
2026-04-06 17:24:20,738 - INFO - 🎯 IGDB Match: 'Electrician Simulator' (100%)
2026-04-06 17:24:20,744 - INFO - 🏢 Publisher Search: World of Warships — Epic Anniversary Tachibana Pack
2026-04-06 17:24:22,161 - INFO - 📅 Fetching Basic Metadata: World of Warships — Epic Anniversary Tachibana Pack
2026-04-06 17:24:22,268 - INFO - 📅 Fetching Basic Metadata: Hyper Echelon
2026-04-06 17:24:22,410 - INFO - 🎯 IGDB Match: 'Hyper Echelon' (100%)
2026-04-06 17:24:22,416 - INFO - 📅 Fetching Basic Metadata: Havendock
2026-04-06 17:24:22,539 - INFO - 🎯 IGDB Match: 'Havendock' (100%)
2026-04-06 17:24:22,545 - INFO - 📅 Fetching Basic Metadata: Clone Drone in the Danger Zone
2026-04-06 17:24:22,666 - INFO - 🎯 IGDB Match: 'Clone Drone in the Danger Zone' (100%)
2026-04-06 17:24:22,672 - INFO - 🏢 Publisher Search: TOMAK: Save the Earth Regeneration
2026-04-06 17:24:24,047 - INFO - 📅 Fetching Basic Metadata: TOMAK: Save the Earth Regeneration
2026-04-06 17:24:24,150 - INFO - 🎯 IGDB Match: 'Tomak: Save the Earth Regeneration' (100%)
2026-04-06 17:24:24,161 - INFO - 
--- Starting Data Quality Checks ---
2026-04-06 17:24:24,174 - INFO - --- Data Quality Checks Complete ---

2026-04-06 17:24:24,203 - INFO - | Metric | Statistics |
| :--- | :--- |
| 💰 **Total Market Value** | **$12,768.24** |
| 📦 **Total Games Collected** | 663 |
| 🏷️ **Average Retail Price** | $22.41 per game |
| 💎 **Most Expensive Title** | Civilization 6 Platinum Edition ($79.99) |
| 👑 **MVP Publisher** | Bethesda Softworks |
| 🏢 **Value Leaders** | 2K ($579.90), Bethesda Softworks ($544.80), Paradox Interactive ($409.89) |
| 📈 **Inflation-Adjusted Value** | $14,565.48 |
| 🎈 **Inflation Bonus** | **+$1,797.24** in purchasing power |
| 🗓️ **Peak Saving Month** | 🎄 **Seasonality Peak:** December is historically the best month, offering $3,388.17 in savings. |
| ⭐ **Average Score** | 76.7/100 |
| 💳 **Subscription Equivalent** | **$168.84 / mo** |
| 🎯 **Prestige Ratio** | **2.0%** (Strategic Hype) |
| 🏎️ **Lead Time Avg** | 447 Days to Sequel |

2026-04-06 17:24:24,204 - INFO - ✅ README.md updated.
2026-04-06 17:24:24,228 - INFO - Using categorical units to plot a list of strings that are all parsable as floats or dates. If these strings should be plotted as numbers, cast to the appropriate data type before plotting.
2026-04-06 17:24:24,229 - INFO - Using categorical units to plot a list of strings that are all parsable as floats or dates. If these strings should be plotted as numbers, cast to the appropriate data type before plotting.
2026-04-06 17:24:29,841 - INFO - 📈 All charts generated successfully.
