2026-05-11 18:16:58,541 - INFO - Failed to extract font properties from /usr/share/fonts/truetype/noto/NotoColorEmoji.ttf: Can not load face (unknown file format; error code 0x2)
2026-05-11 18:16:58,680 - INFO - generated new fontManager
2026-05-11 18:16:58,975 - INFO - ✅ Migration Successful!
2026-05-11 18:16:59,052 - INFO - No new games found.
2026-05-11 18:16:59,374 - INFO - 🔍 Found 594 games needing metadata. Starting IGDB + Steam + CheapShark enrichment...
2026-05-11 18:16:59,412 - INFO - 📅 Fetching Basic Metadata: LEGO Batman Trilogy
2026-05-11 18:16:59,584 - INFO - 🎯 IGDB Match: 'LEGO Batman Trilogy' (100%)
2026-05-11 18:16:59,612 - INFO - 📅 Fetching Basic Metadata: Antstream
2026-05-11 18:16:59,712 - INFO - 📅 Fetching Basic Metadata: The Drone Racing League Simulator
2026-05-11 18:16:59,854 - INFO - 🎯 IGDB Match: 'The Drone Racing League Simulator' (100%)
2026-05-11 18:16:59,862 - INFO - 📅 Fetching Basic Metadata: Dark Deity
2026-05-11 18:16:59,949 - INFO - 🎯 IGDB Match: 'Dark Deity' (100%)
2026-05-11 18:16:59,956 - INFO - 📅 Fetching Basic Metadata: RPG in a Box
2026-05-11 18:17:00,060 - INFO - 🎯 IGDB Match: 'RPG in a Box' (100%)
2026-05-11 18:17:00,067 - INFO - 📅 Fetching Basic Metadata: Fallout Classic Collection
2026-05-11 18:17:00,149 - INFO - 🎯 IGDB Match: 'Fallout Classic Collection' (100%)
2026-05-11 18:17:00,158 - INFO - 📅 Fetching Basic Metadata: Recipe for Disaster
2026-05-11 18:17:00,250 - INFO - 🎯 IGDB Match: 'Recipe For Disaster' (100%)
2026-05-11 18:17:00,257 - INFO - 📅 Fetching Basic Metadata: World of Warships — Starter Pack: Ishizuchi
2026-05-11 18:17:00,332 - INFO - 🎯 IGDB Match: 'World of Warships: Starter Pack - Ishizuchi' (98%)
2026-05-11 18:17:00,339 - INFO - 📅 Fetching Basic Metadata: Poker Club
2026-05-11 18:17:00,412 - INFO - 🎯 IGDB Match: 'Poker Club' (100%)
2026-05-11 18:17:00,419 - INFO - 📅 Fetching Basic Metadata: The Sims 4 The Daring Lifestyle Bundle
2026-05-11 18:17:00,530 - INFO - 🎯 IGDB Match: 'The Sims 4: The Daring Lifestyle Bundle' (99%)
2026-05-11 18:17:00,538 - INFO - 📅 Fetching Basic Metadata: Dodo Peak
2026-05-11 18:17:00,619 - INFO - 🎯 IGDB Match: 'Dodo Peak' (100%)
2026-05-11 18:17:00,625 - INFO - 📅 Fetching Basic Metadata: Spelldrifter
2026-05-11 18:17:00,696 - INFO - 🎯 IGDB Match: 'Spelldrifter' (100%)
2026-05-11 18:17:00,702 - INFO - 📅 Fetching Basic Metadata: Model Builder
2026-05-11 18:17:00,771 - INFO - 🎯 IGDB Match: 'Model Builder' (100%)
2026-05-11 18:17:00,778 - INFO - 📅 Fetching Basic Metadata: Godlike Burger
2026-05-11 18:17:00,846 - INFO - 🎯 IGDB Match: 'Godlike Burger' (100%)
2026-05-11 18:17:00,852 - INFO - 📅 Fetching Basic Metadata: Q.U.B.E. Ultimate Bundle
2026-05-11 18:17:01,021 - INFO - 🎯 IGDB Match: 'Q.U.B.E. Ultimate Bundle' (100%)
2026-05-11 18:17:01,029 - INFO - 📅 Fetching Basic Metadata: Jitsu Squad
2026-05-11 18:17:01,112 - INFO - 🎯 IGDB Match: 'Jitsu Squad' (100%)
2026-05-11 18:17:01,119 - INFO - 📅 Fetching Basic Metadata: Mighty Fight Federation
2026-05-11 18:17:01,226 - INFO - 🎯 IGDB Match: 'Mighty Fight Federation' (100%)
2026-05-11 18:17:01,237 - INFO - 📅 Fetching Basic Metadata: LOVE
2026-05-11 18:17:01,392 - INFO - 🎯 IGDB Match: 'Love Love Love' (90%)
2026-05-11 18:17:01,400 - INFO - 📅 Fetching Basic Metadata: Call of The Wild: The Angler
2026-05-11 18:17:01,483 - INFO - 🎯 IGDB Match: 'Call of the Wild: The Angler' (100%)
2026-05-11 18:17:01,492 - INFO - 📅 Fetching Basic Metadata: The Falconeer
2026-05-11 18:17:01,553 - WARNING - IGDB Error for The Falconeer: string indices must be integers, not 'str'
2026-05-11 18:17:01,561 - INFO - 📅 Fetching Basic Metadata: Rawmen: Food Fighter Arena
2026-05-11 18:17:01,618 - WARNING - IGDB Error for Rawmen: Food Fighter Arena: string indices must be integers, not 'str'
2026-05-11 18:17:01,625 - INFO - 📅 Fetching Basic Metadata: World of Warships – Starter Pack: Albany
2026-05-11 18:17:01,685 - WARNING - IGDB Error for World of Warships – Starter Pack: Albany: string indices must be integers, not 'str'
2026-05-11 18:17:01,692 - INFO - 📅 Fetching Basic Metadata: Fallout Classic Edition
2026-05-11 18:17:01,751 - WARNING - IGDB Error for Fallout Classic Edition: string indices must be integers, not 'str'
2026-05-11 18:17:01,759 - INFO - 📅 Fetching Basic Metadata: Outliver: Tribulation
2026-05-11 18:17:01,830 - WARNING - IGDB Error for Outliver: Tribulation: string indices must be integers, not 'str'
2026-05-11 18:17:01,838 - INFO - 📅 Fetching Basic Metadata: Bus Simulator 21 Next Stop
2026-05-11 18:17:01,906 - WARNING - IGDB Error for Bus Simulator 21 Next Stop: string indices must be integers, not 'str'
2026-05-11 18:17:01,914 - INFO - 📅 Fetching Basic Metadata: Turmoil
2026-05-11 18:17:01,970 - WARNING - IGDB Error for Turmoil: string indices must be integers, not 'str'
2026-05-11 18:17:01,978 - INFO - 📅 Fetching Basic Metadata: World War Z Aftermath
2026-05-11 18:17:02,031 - WARNING - IGDB Error for World War Z Aftermath: string indices must be integers, not 'str'
2026-05-11 18:17:02,038 - INFO - 📅 Fetching Basic Metadata: World Of Warships – Anniversary Party Flavor
2026-05-11 18:17:02,094 - WARNING - IGDB Error for World Of Warships – Anniversary Party Flavor: string indices must be integers, not 'str'
2026-05-11 18:17:02,101 - INFO - 📅 Fetching Basic Metadata: Neko Ghost, Jump!
2026-05-11 18:17:02,155 - WARNING - IGDB Error for Neko Ghost, Jump!: string indices must be integers, not 'str'
2026-05-11 18:17:02,162 - INFO - 📅 Fetching Basic Metadata: Super Space Club
2026-05-11 18:17:02,216 - WARNING - IGDB Error for Super Space Club: string indices must be integers, not 'str'
2026-05-11 18:17:02,223 - INFO - 📅 Fetching Basic Metadata: Touch Type Tale
2026-05-11 18:17:02,333 - WARNING - IGDB Error for Touch Type Tale: string indices must be integers, not 'str'
2026-05-11 18:17:02,340 - INFO - 📅 Fetching Basic Metadata: Gigapocalypse
2026-05-11 18:17:02,394 - WARNING - IGDB Error for Gigapocalypse: string indices must be integers, not 'str'
2026-05-11 18:17:02,402 - INFO - 📅 Fetching Basic Metadata: Legion TD2
2026-05-11 18:17:02,457 - WARNING - IGDB Error for Legion TD2: string indices must be integers, not 'str'
2026-05-11 18:17:02,466 - INFO - 📅 Fetching Basic Metadata: Nightingale
2026-05-11 18:17:02,521 - WARNING - IGDB Error for Nightingale: string indices must be integers, not 'str'
2026-05-11 18:17:02,528 - INFO - 📅 Fetching Basic Metadata: Godzilla Voxel Wars
2026-05-11 18:17:02,623 - WARNING - IGDB Error for Godzilla Voxel Wars: string indices must be integers, not 'str'
2026-05-11 18:17:02,631 - INFO - 📅 Fetching Basic Metadata: Trine Classic Collection
2026-05-11 18:17:02,689 - WARNING - IGDB Error for Trine Classic Collection: string indices must be integers, not 'str'
2026-05-11 18:17:02,696 - INFO - 📅 Fetching Basic Metadata: Poison Retro Set
2026-05-11 18:17:02,753 - WARNING - IGDB Error for Poison Retro Set: string indices must be integers, not 'str'
2026-05-11 18:17:02,760 - INFO - 📅 Fetching Basic Metadata: The Darkside Detective A Fumble in the Dark
2026-05-11 18:17:02,813 - WARNING - IGDB Error for The Darkside Detective A Fumble in the Dark: string indices must be integers, not 'str'
2026-05-11 18:17:02,820 - INFO - 📅 Fetching Basic Metadata: Return to Ash
2026-05-11 18:17:02,888 - INFO - 🎯 IGDB Match: 'Return to Ash' (100%)
2026-05-11 18:17:02,894 - INFO - 🏢 Publisher Search: STALCRAFT: X Starter Edition
2026-05-11 18:17:04,319 - INFO - 📅 Fetching Basic Metadata: STALCRAFT: X Starter Edition
2026-05-11 18:17:04,396 - INFO - 📅 Fetching Basic Metadata: Boxes: Lost Fragments
2026-05-11 18:17:04,465 - INFO - 🎯 IGDB Match: 'Boxes: Lost Fragments' (100%)
2026-05-11 18:17:04,471 - INFO - 📅 Fetching Basic Metadata: My Night Job
2026-05-11 18:17:04,542 - INFO - 🎯 IGDB Match: 'My Night Job' (100%)
2026-05-11 18:17:04,549 - INFO - 📅 Fetching Basic Metadata: Electrician Simulator
2026-05-11 18:17:04,620 - INFO - 🎯 IGDB Match: 'Electrician Simulator' (100%)
2026-05-11 18:17:04,626 - INFO - 🏢 Publisher Search: World of Warships — Epic Anniversary Tachibana Pack
2026-05-11 18:17:06,037 - INFO - 📅 Fetching Basic Metadata: World of Warships — Epic Anniversary Tachibana Pack
2026-05-11 18:17:06,117 - INFO - 📅 Fetching Basic Metadata: Hyper Echelon
2026-05-11 18:17:06,184 - INFO - 🎯 IGDB Match: 'Hyper Echelon' (100%)
2026-05-11 18:17:06,190 - INFO - 📅 Fetching Basic Metadata: Havendock
2026-05-11 18:17:06,258 - INFO - 🎯 IGDB Match: 'Havendock' (100%)
2026-05-11 18:17:06,264 - INFO - 📅 Fetching Basic Metadata: Clone Drone in the Danger Zone
2026-05-11 18:17:06,332 - INFO - 🎯 IGDB Match: 'Clone Drone in the Danger Zone' (100%)
2026-05-11 18:17:06,338 - INFO - 🏢 Publisher Search: TOMAK: Save the Earth Regeneration
2026-05-11 18:17:07,717 - INFO - 📅 Fetching Basic Metadata: TOMAK: Save the Earth Regeneration
2026-05-11 18:17:07,785 - INFO - 🎯 IGDB Match: 'Tomak: Save the Earth Regeneration' (100%)
2026-05-11 18:17:07,791 - INFO - 📅 Fetching Basic Metadata: Prop Sumo
2026-05-11 18:17:07,859 - INFO - 🎯 IGDB Match: 'Prop Sumo' (100%)
2026-05-11 18:17:07,865 - INFO - 📅 Fetching Basic Metadata: The Stone of Madness
2026-05-11 18:17:07,931 - INFO - 🎯 IGDB Match: 'The Stone of Madness' (100%)
2026-05-11 18:17:07,937 - INFO - 📅 Fetching Basic Metadata: Firestone Online Idle RPG
2026-05-11 18:17:08,006 - INFO - 🎯 IGDB Match: 'Firestone: Online Idle RPG' (98%)
2026-05-11 18:17:08,012 - INFO - 📅 Fetching Basic Metadata: Oddsparks: An Automation Adventure
2026-05-11 18:17:08,084 - INFO - 🎯 IGDB Match: 'Oddsparks: An Automation Adventure' (100%)
2026-05-11 18:17:08,090 - INFO - 📅 Fetching Basic Metadata: Trash Goblin
2026-05-11 18:17:08,159 - INFO - 🎯 IGDB Match: 'Trash Goblin' (100%)
2026-05-11 18:17:08,170 - INFO - 
--- Starting Data Quality Checks ---
2026-05-11 18:17:08,183 - INFO - --- Data Quality Checks Complete ---

2026-05-11 18:17:08,212 - INFO - | Metric | Statistics |
| :--- | :--- |
| 💰 **Total Market Value** | **$12,893.18** |
| 📦 **Total Games Collected** | 670 |
| 🏷️ **Average Retail Price** | $22.36 per game |
| 💎 **Most Expensive Title** | Civilization 6 Platinum Edition ($79.99) |
| 👑 **MVP Publisher** | Bethesda Softworks |
| 🏢 **Value Leaders** | 2K ($579.90), Bethesda Softworks ($544.80), Paradox Interactive ($409.89) |
| 📈 **Inflation-Adjusted Value** | $14,690.42 |
| 🎈 **Inflation Bonus** | **+$1,797.24** in purchasing power |
| 🗓️ **Peak Saving Month** | 🎄 **Seasonality Peak:** December is historically the best month, offering $3,388.17 in savings. |
| ⭐ **Average Score** | 76.8/100 |
| 💳 **Subscription Equivalent** | **$168.35 / mo** |
| 🎯 **Prestige Ratio** | **1.9%** (Strategic Hype) |
| 🏎️ **Lead Time Avg** | 447 Days to Sequel |

2026-05-11 18:17:08,213 - INFO - ✅ README.md updated.
2026-05-11 18:17:08,236 - INFO - Using categorical units to plot a list of strings that are all parsable as floats or dates. If these strings should be plotted as numbers, cast to the appropriate data type before plotting.
2026-05-11 18:17:08,237 - INFO - Using categorical units to plot a list of strings that are all parsable as floats or dates. If these strings should be plotted as numbers, cast to the appropriate data type before plotting.
2026-05-11 18:17:13,824 - INFO - 📈 All charts generated successfully.
