2026-07-11 17:29:22,029 - INFO - Failed to extract font properties from /usr/share/fonts/truetype/noto/NotoColorEmoji.ttf: Non-scalable fonts are not supported
2026-07-11 17:29:23,254 - INFO - generated new fontManager
2026-07-11 17:29:23,862 - INFO - ✅ Migration Successful!
2026-07-11 17:29:24,104 - INFO - No new games found.
2026-07-11 17:29:24,701 - INFO - 🔍 Found 611 games needing metadata. Starting IGDB + Steam + CheapShark enrichment...
2026-07-11 17:29:24,812 - INFO - 📅 Fetching Basic Metadata: LEGO Batman Trilogy
2026-07-11 17:29:25,178 - INFO - 🎯 IGDB Match: 'LEGO Batman Trilogy' (100%)
2026-07-11 17:29:25,207 - INFO - 📅 Fetching Basic Metadata: Antstream
2026-07-11 17:29:25,586 - INFO - 📅 Fetching Basic Metadata: The Drone Racing League Simulator
2026-07-11 17:29:25,797 - INFO - 🎯 IGDB Match: 'The Drone Racing League Simulator' (100%)
2026-07-11 17:29:25,806 - INFO - 📅 Fetching Basic Metadata: Dark Deity
2026-07-11 17:29:25,952 - INFO - 🎯 IGDB Match: 'Dark Deity' (100%)
2026-07-11 17:29:25,959 - INFO - 📅 Fetching Basic Metadata: RPG in a Box
2026-07-11 17:29:26,131 - INFO - 🎯 IGDB Match: 'RPG in a Box' (100%)
2026-07-11 17:29:26,139 - INFO - 📅 Fetching Basic Metadata: Fallout Classic Collection
2026-07-11 17:29:26,348 - INFO - 🎯 IGDB Match: 'Fallout Classic Collection' (100%)
2026-07-11 17:29:26,358 - INFO - 📅 Fetching Basic Metadata: Recipe for Disaster
2026-07-11 17:29:26,622 - INFO - 🎯 IGDB Match: 'Recipe For Disaster' (100%)
2026-07-11 17:29:26,629 - INFO - 📅 Fetching Basic Metadata: World of Warships — Starter Pack: Ishizuchi
2026-07-11 17:29:26,908 - INFO - 🎯 IGDB Match: 'World of Warships: Starter Pack - Ishizuchi' (98%)
2026-07-11 17:29:26,916 - INFO - 📅 Fetching Basic Metadata: Poker Club
2026-07-11 17:29:27,158 - INFO - 🎯 IGDB Match: 'Poker Club' (100%)
2026-07-11 17:29:27,165 - INFO - 📅 Fetching Basic Metadata: The Sims 4 The Daring Lifestyle Bundle
2026-07-11 17:29:27,317 - INFO - 🎯 IGDB Match: 'The Sims 4: The Daring Lifestyle Bundle' (99%)
2026-07-11 17:29:27,326 - INFO - 📅 Fetching Basic Metadata: Dodo Peak
2026-07-11 17:29:27,469 - INFO - 🎯 IGDB Match: 'Dodo Peak' (100%)
2026-07-11 17:29:27,476 - INFO - 📅 Fetching Basic Metadata: Spelldrifter
2026-07-11 17:29:27,587 - INFO - 🎯 IGDB Match: 'Spelldrifter' (100%)
2026-07-11 17:29:27,594 - INFO - 📅 Fetching Basic Metadata: Model Builder
2026-07-11 17:29:27,857 - INFO - 🎯 IGDB Match: 'Model Builder' (100%)
2026-07-11 17:29:27,864 - INFO - 📅 Fetching Basic Metadata: Godlike Burger
2026-07-11 17:29:28,143 - INFO - 🎯 IGDB Match: 'Godlike Burger' (100%)
2026-07-11 17:29:28,149 - INFO - 📅 Fetching Basic Metadata: Q.U.B.E. Ultimate Bundle
2026-07-11 17:29:28,306 - INFO - 🎯 IGDB Match: 'Q.U.B.E. Ultimate Bundle' (100%)
2026-07-11 17:29:28,314 - INFO - 📅 Fetching Basic Metadata: Jitsu Squad
2026-07-11 17:29:28,631 - INFO - 🎯 IGDB Match: 'Jitsu Squad' (100%)
2026-07-11 17:29:28,637 - INFO - 📅 Fetching Basic Metadata: Mighty Fight Federation
2026-07-11 17:29:28,896 - INFO - 🎯 IGDB Match: 'Mighty Fight Federation' (100%)
2026-07-11 17:29:28,906 - INFO - 📅 Fetching Basic Metadata: LOVE
2026-07-11 17:29:29,237 - INFO - 🎯 IGDB Match: 'Love Love Love' (90%)
2026-07-11 17:29:29,245 - INFO - 📅 Fetching Basic Metadata: Call of The Wild: The Angler
2026-07-11 17:29:29,563 - INFO - 🎯 IGDB Match: 'Call of the Wild: The Angler' (100%)
2026-07-11 17:29:29,573 - INFO - 📅 Fetching Basic Metadata: The Falconeer
2026-07-11 17:29:29,788 - INFO - 🎯 IGDB Match: 'The Falconeer: The Hunter' (90%)
2026-07-11 17:29:29,795 - INFO - 📅 Fetching Basic Metadata: Rawmen: Food Fighter Arena
2026-07-11 17:29:29,911 - INFO - 🎯 IGDB Match: 'Rawmen' (90%)
2026-07-11 17:29:29,918 - INFO - 📅 Fetching Basic Metadata: World of Warships – Starter Pack: Albany
2026-07-11 17:29:30,145 - INFO - 📅 Fetching Basic Metadata: Fallout Classic Edition
2026-07-11 17:29:30,265 - INFO - 📅 Fetching Basic Metadata: Outliver: Tribulation
2026-07-11 17:29:30,601 - INFO - 🎯 IGDB Match: 'Outliver: Tribulation' (100%)
2026-07-11 17:29:30,609 - INFO - 📅 Fetching Basic Metadata: Bus Simulator 21 Next Stop
2026-07-11 17:29:30,726 - INFO - 🎯 IGDB Match: 'Bus Simulator 21: Next Stop' (98%)
2026-07-11 17:29:30,735 - INFO - 📅 Fetching Basic Metadata: Turmoil
2026-07-11 17:29:30,842 - INFO - 🎯 IGDB Match: 'Turmoil' (100%)
2026-07-11 17:29:30,850 - INFO - 📅 Fetching Basic Metadata: World War Z Aftermath
2026-07-11 17:29:31,004 - INFO - 🎯 IGDB Match: 'World War Z: Aftermath' (98%)
2026-07-11 17:29:31,011 - INFO - 📅 Fetching Basic Metadata: World Of Warships – Anniversary Party Flavor
2026-07-11 17:29:31,301 - INFO - 📅 Fetching Basic Metadata: Neko Ghost, Jump!
2026-07-11 17:29:31,604 - INFO - 🎯 IGDB Match: 'Neko Ghost, Jump!' (100%)
2026-07-11 17:29:31,611 - INFO - 📅 Fetching Basic Metadata: Super Space Club
2026-07-11 17:29:31,999 - INFO - 🎯 IGDB Match: 'Super Space Club' (100%)
2026-07-11 17:29:32,006 - INFO - 📅 Fetching Basic Metadata: Touch Type Tale
2026-07-11 17:29:32,248 - INFO - 🎯 IGDB Match: 'Touch Type Tale' (100%)
2026-07-11 17:29:32,255 - INFO - 📅 Fetching Basic Metadata: Gigapocalypse
2026-07-11 17:29:32,370 - INFO - 🎯 IGDB Match: 'Gigapocalypse' (100%)
2026-07-11 17:29:32,378 - INFO - 📅 Fetching Basic Metadata: Legion TD2
2026-07-11 17:29:32,570 - INFO - 📅 Fetching Basic Metadata: Nightingale
2026-07-11 17:29:32,710 - INFO - 🎯 IGDB Match: 'Nightingale' (100%)
2026-07-11 17:29:32,719 - INFO - 📅 Fetching Basic Metadata: Godzilla Voxel Wars
2026-07-11 17:29:32,956 - INFO - 🎯 IGDB Match: 'Godzilla Voxel Wars' (100%)
2026-07-11 17:29:32,965 - INFO - 📅 Fetching Basic Metadata: Trine Classic Collection
2026-07-11 17:29:33,241 - INFO - 🎯 IGDB Match: 'Trine Classic Collection' (100%)
2026-07-11 17:29:33,249 - INFO - 📅 Fetching Basic Metadata: Poison Retro Set
2026-07-11 17:29:33,400 - INFO - 🎯 IGDB Match: 'Pixel Gun 3D: Poison Retro Set' (90%)
2026-07-11 17:29:33,406 - INFO - 📅 Fetching Basic Metadata: The Darkside Detective A Fumble in the Dark
2026-07-11 17:29:33,649 - INFO - 🎯 IGDB Match: 'The Darkside Detective: A Fumble in the Dark' (99%)
2026-07-11 17:29:33,655 - INFO - 📅 Fetching Basic Metadata: Return to Ash
2026-07-11 17:29:33,766 - INFO - 🎯 IGDB Match: 'Return to Ash' (100%)
2026-07-11 17:29:33,773 - INFO - 🏢 Publisher Search: STALCRAFT: X Starter Edition
2026-07-11 17:29:35,176 - INFO - 📅 Fetching Basic Metadata: STALCRAFT: X Starter Edition
2026-07-11 17:29:35,372 - INFO - 📅 Fetching Basic Metadata: Boxes: Lost Fragments
2026-07-11 17:29:35,501 - INFO - 🎯 IGDB Match: 'Boxes: Lost Fragments' (100%)
2026-07-11 17:29:35,508 - INFO - 📅 Fetching Basic Metadata: My Night Job
2026-07-11 17:29:35,712 - INFO - 🎯 IGDB Match: 'My Night Job' (100%)
2026-07-11 17:29:35,721 - INFO - 📅 Fetching Basic Metadata: Electrician Simulator
2026-07-11 17:29:35,832 - INFO - 🎯 IGDB Match: 'Electrician Simulator' (100%)
2026-07-11 17:29:35,839 - INFO - 🏢 Publisher Search: World of Warships — Epic Anniversary Tachibana Pack
2026-07-11 17:29:37,173 - INFO - 📅 Fetching Basic Metadata: World of Warships — Epic Anniversary Tachibana Pack
2026-07-11 17:29:37,295 - INFO - 📅 Fetching Basic Metadata: Hyper Echelon
2026-07-11 17:29:37,411 - INFO - 🎯 IGDB Match: 'Hyper Echelon' (100%)
2026-07-11 17:29:37,417 - INFO - 📅 Fetching Basic Metadata: Havendock
2026-07-11 17:29:37,536 - INFO - 🎯 IGDB Match: 'Havendock' (100%)
2026-07-11 17:29:37,542 - INFO - 📅 Fetching Basic Metadata: Clone Drone in the Danger Zone
2026-07-11 17:29:37,699 - INFO - 🎯 IGDB Match: 'Clone Drone in the Danger Zone' (100%)
2026-07-11 17:29:37,706 - INFO - 🏢 Publisher Search: TOMAK: Save the Earth Regeneration
2026-07-11 17:29:39,012 - INFO - 📅 Fetching Basic Metadata: TOMAK: Save the Earth Regeneration
2026-07-11 17:29:39,297 - INFO - 🎯 IGDB Match: 'Tomak: Save the Earth Regeneration' (100%)
2026-07-11 17:29:39,304 - INFO - 📅 Fetching Basic Metadata: Prop Sumo
2026-07-11 17:29:39,540 - INFO - 🎯 IGDB Match: 'Prop Sumo' (100%)
2026-07-11 17:29:39,547 - INFO - 📅 Fetching Basic Metadata: The Stone of Madness
2026-07-11 17:29:39,787 - INFO - 🎯 IGDB Match: 'The Stone of Madness' (100%)
2026-07-11 17:29:39,794 - INFO - 📅 Fetching Basic Metadata: Firestone Online Idle RPG
2026-07-11 17:29:39,940 - INFO - 🎯 IGDB Match: 'Firestone: Online Idle RPG' (98%)
2026-07-11 17:29:39,946 - INFO - 📅 Fetching Basic Metadata: Oddsparks: An Automation Adventure
2026-07-11 17:29:40,213 - INFO - 🎯 IGDB Match: 'Oddsparks: An Automation Adventure' (100%)
2026-07-11 17:29:40,220 - INFO - 📅 Fetching Basic Metadata: Trash Goblin
2026-07-11 17:29:40,356 - INFO - 🎯 IGDB Match: 'Trash Goblin' (100%)
2026-07-11 17:29:40,363 - INFO - 🏢 Publisher Search: The Telltale Batman Shadows Edition
2026-07-11 17:29:41,719 - INFO - 📅 Fetching Basic Metadata: The Telltale Batman Shadows Edition
2026-07-11 17:29:41,962 - INFO - 🎯 IGDB Match: 'Telltale Batman Shadows Edition' (95%)
2026-07-11 17:29:41,969 - INFO - 🏢 Publisher Search: Sunderfolk - Standard Edition
2026-07-11 17:29:43,306 - INFO - 📅 Fetching Basic Metadata: Sunderfolk - Standard Edition
2026-07-11 17:29:43,434 - INFO - 📅 Fetching Basic Metadata: Down in Bermuda
2026-07-11 17:29:43,540 - INFO - 🎯 IGDB Match: 'Down in Bermuda' (100%)
2026-07-11 17:29:43,547 - INFO - 📅 Fetching Basic Metadata: Tomb Raider I-III Remastered Starring Lara Croft
2026-07-11 17:29:43,670 - INFO - 📅 Fetching Basic Metadata: LONESTAR
2026-07-11 17:29:43,776 - INFO - 🎯 IGDB Match: 'LoneStar' (100%)
2026-07-11 17:29:43,783 - INFO - 📅 Fetching Basic Metadata: Calico
2026-07-11 17:29:43,906 - INFO - 🎯 IGDB Match: 'Calico' (100%)
2026-07-11 17:29:43,912 - INFO - 📅 Fetching Basic Metadata: Rogue Waters
2026-07-11 17:29:44,023 - INFO - 🎯 IGDB Match: 'Rogue Waters' (100%)
2026-07-11 17:29:44,030 - INFO - 📅 Fetching Basic Metadata: The Ouroboros King
2026-07-11 17:29:44,143 - INFO - 🎯 IGDB Match: 'The Ouroboros King' (100%)
2026-07-11 17:29:44,149 - INFO - 🏢 Publisher Search: Warhammer 40K Speed Freeks
2026-07-11 17:29:45,492 - INFO - 📅 Fetching Basic Metadata: I Have No Mouth, and I Must Scream
2026-07-11 17:29:45,618 - INFO - 🎯 IGDB Match: 'I Have No Mouth, and I Must Scream' (100%)
2026-07-11 17:29:45,624 - INFO - 📅 Fetching Basic Metadata: Nova Lands
2026-07-11 17:29:45,859 - INFO - 🎯 IGDB Match: 'Nova Lands' (100%)
2026-07-11 17:29:45,865 - INFO - 📅 Fetching Basic Metadata: Tattoo Tycoon
2026-07-11 17:29:45,977 - INFO - 🎯 IGDB Match: 'Tattoo Tycoon' (100%)
2026-07-11 17:29:45,989 - INFO - 
--- Starting Data Quality Checks ---
2026-07-11 17:29:46,001 - INFO - --- Data Quality Checks Complete ---

2026-07-11 17:29:46,031 - INFO - | Metric | Statistics |
| :--- | :--- |
| 💰 **Total Market Value** | **$13,288.01** |
| 📦 **Total Games Collected** | 688 |
| 🏷️ **Average Retail Price** | $22.35 per game |
| 💎 **Most Expensive Title** | Civilization 6 Platinum Edition ($79.99) |
| 👑 **MVP Publisher** | Bethesda Softworks |
| 🏢 **Value Leaders** | 2K ($579.90), Bethesda Softworks ($544.80), Paradox Interactive ($409.89) |
| 📈 **Inflation-Adjusted Value** | $15,085.25 |
| 🎈 **Inflation Bonus** | **+$1,797.24** in purchasing power |
| 🗓️ **Peak Saving Month** | 🎄 **Seasonality Peak:** December is historically the best month, offering $3,388.17 in savings. |
| ⭐ **Average Score** | 76.8/100 |
| 💳 **Subscription Equivalent** | **$168.99 / mo** |
| 🎯 **Prestige Ratio** | **2.0%** (Strategic Hype) |
| 🏎️ **Lead Time Avg** | 441 Days to Sequel |

2026-07-11 17:29:46,032 - INFO - ✅ README.md updated.
2026-07-11 17:29:46,056 - INFO - Using categorical units to plot a list of strings that are all parsable as floats or dates. If these strings should be plotted as numbers, cast to the appropriate data type before plotting.
2026-07-11 17:29:46,057 - INFO - Using categorical units to plot a list of strings that are all parsable as floats or dates. If these strings should be plotted as numbers, cast to the appropriate data type before plotting.
2026-07-11 17:29:52,360 - INFO - 📈 All charts generated successfully.
