2026-06-03 20:01:22,510 - INFO - Failed to extract font properties from /usr/share/fonts/truetype/noto/NotoColorEmoji.ttf: Can not load face (unknown file format; error code 0x2)
2026-06-03 20:01:22,575 - INFO - generated new fontManager
2026-06-03 20:01:22,890 - INFO - ✅ Migration Successful!
2026-06-03 20:01:22,958 - INFO - No new games found.
2026-06-03 20:01:23,277 - INFO - 🔍 Found 600 games needing metadata. Starting IGDB + Steam + CheapShark enrichment...
2026-06-03 20:01:23,389 - INFO - 📅 Fetching Basic Metadata: LEGO Batman Trilogy
2026-06-03 20:01:23,592 - INFO - 🎯 IGDB Match: 'LEGO Batman Trilogy' (100%)
2026-06-03 20:01:23,619 - INFO - 📅 Fetching Basic Metadata: Antstream
2026-06-03 20:01:23,722 - INFO - 📅 Fetching Basic Metadata: The Drone Racing League Simulator
2026-06-03 20:01:23,827 - INFO - 🎯 IGDB Match: 'The Drone Racing League Simulator' (100%)
2026-06-03 20:01:23,834 - INFO - 📅 Fetching Basic Metadata: Dark Deity
2026-06-03 20:01:23,948 - INFO - 🎯 IGDB Match: 'Dark Deity' (100%)
2026-06-03 20:01:23,954 - INFO - 📅 Fetching Basic Metadata: RPG in a Box
2026-06-03 20:01:24,031 - INFO - 🎯 IGDB Match: 'RPG in a Box' (100%)
2026-06-03 20:01:24,038 - INFO - 📅 Fetching Basic Metadata: Fallout Classic Collection
2026-06-03 20:01:24,113 - INFO - 🎯 IGDB Match: 'Fallout Classic Collection' (100%)
2026-06-03 20:01:24,121 - INFO - 📅 Fetching Basic Metadata: Recipe for Disaster
2026-06-03 20:01:24,209 - INFO - 🎯 IGDB Match: 'Recipe For Disaster' (100%)
2026-06-03 20:01:24,216 - INFO - 📅 Fetching Basic Metadata: World of Warships — Starter Pack: Ishizuchi
2026-06-03 20:01:24,472 - INFO - 🎯 IGDB Match: 'World of Warships: Starter Pack - Ishizuchi' (98%)
2026-06-03 20:01:24,479 - INFO - 📅 Fetching Basic Metadata: Poker Club
2026-06-03 20:01:24,558 - INFO - 🎯 IGDB Match: 'Poker Club' (100%)
2026-06-03 20:01:24,564 - INFO - 📅 Fetching Basic Metadata: The Sims 4 The Daring Lifestyle Bundle
2026-06-03 20:01:24,667 - INFO - 🎯 IGDB Match: 'The Sims 4: The Daring Lifestyle Bundle' (99%)
2026-06-03 20:01:24,675 - INFO - 📅 Fetching Basic Metadata: Dodo Peak
2026-06-03 20:01:24,747 - INFO - 🎯 IGDB Match: 'Dodo Peak' (100%)
2026-06-03 20:01:24,753 - INFO - 📅 Fetching Basic Metadata: Spelldrifter
2026-06-03 20:01:24,820 - INFO - 🎯 IGDB Match: 'Spelldrifter' (100%)
2026-06-03 20:01:24,826 - INFO - 📅 Fetching Basic Metadata: Model Builder
2026-06-03 20:01:24,892 - INFO - 🎯 IGDB Match: 'Model Builder' (100%)
2026-06-03 20:01:24,898 - INFO - 📅 Fetching Basic Metadata: Godlike Burger
2026-06-03 20:01:25,016 - INFO - 🎯 IGDB Match: 'Godlike Burger' (100%)
2026-06-03 20:01:25,022 - INFO - 📅 Fetching Basic Metadata: Q.U.B.E. Ultimate Bundle
2026-06-03 20:01:25,111 - INFO - 🎯 IGDB Match: 'Q.U.B.E. Ultimate Bundle' (100%)
2026-06-03 20:01:25,118 - INFO - 📅 Fetching Basic Metadata: Jitsu Squad
2026-06-03 20:01:25,220 - INFO - 🎯 IGDB Match: 'Jitsu Squad' (100%)
2026-06-03 20:01:25,226 - INFO - 📅 Fetching Basic Metadata: Mighty Fight Federation
2026-06-03 20:01:25,296 - INFO - 🎯 IGDB Match: 'Mighty Fight Federation' (100%)
2026-06-03 20:01:25,305 - INFO - 📅 Fetching Basic Metadata: LOVE
2026-06-03 20:01:25,505 - INFO - 🎯 IGDB Match: 'Love Love Love' (90%)
2026-06-03 20:01:25,512 - INFO - 📅 Fetching Basic Metadata: Call of The Wild: The Angler
2026-06-03 20:01:25,617 - INFO - 🎯 IGDB Match: 'Call of the Wild: The Angler' (100%)
2026-06-03 20:01:25,625 - INFO - 📅 Fetching Basic Metadata: The Falconeer
2026-06-03 20:01:25,718 - WARNING - IGDB Error for The Falconeer: string indices must be integers, not 'str'
2026-06-03 20:01:25,725 - INFO - 📅 Fetching Basic Metadata: Rawmen: Food Fighter Arena
2026-06-03 20:01:25,793 - WARNING - IGDB Error for Rawmen: Food Fighter Arena: string indices must be integers, not 'str'
2026-06-03 20:01:25,799 - INFO - 📅 Fetching Basic Metadata: World of Warships – Starter Pack: Albany
2026-06-03 20:01:25,891 - WARNING - IGDB Error for World of Warships – Starter Pack: Albany: string indices must be integers, not 'str'
2026-06-03 20:01:25,897 - INFO - 📅 Fetching Basic Metadata: Fallout Classic Edition
2026-06-03 20:01:25,955 - WARNING - IGDB Error for Fallout Classic Edition: string indices must be integers, not 'str'
2026-06-03 20:01:25,962 - INFO - 📅 Fetching Basic Metadata: Outliver: Tribulation
2026-06-03 20:01:26,019 - WARNING - IGDB Error for Outliver: Tribulation: string indices must be integers, not 'str'
2026-06-03 20:01:26,026 - INFO - 📅 Fetching Basic Metadata: Bus Simulator 21 Next Stop
2026-06-03 20:01:26,093 - INFO - 🎯 IGDB Match: 'Bus Simulator 21: Next Stop' (98%)
2026-06-03 20:01:26,101 - INFO - 📅 Fetching Basic Metadata: Turmoil
2026-06-03 20:01:26,159 - WARNING - IGDB Error for Turmoil: string indices must be integers, not 'str'
2026-06-03 20:01:26,166 - INFO - 📅 Fetching Basic Metadata: World War Z Aftermath
2026-06-03 20:01:26,223 - WARNING - IGDB Error for World War Z Aftermath: string indices must be integers, not 'str'
2026-06-03 20:01:26,230 - INFO - 📅 Fetching Basic Metadata: World Of Warships – Anniversary Party Flavor
2026-06-03 20:01:26,284 - WARNING - IGDB Error for World Of Warships – Anniversary Party Flavor: string indices must be integers, not 'str'
2026-06-03 20:01:26,291 - INFO - 📅 Fetching Basic Metadata: Neko Ghost, Jump!
2026-06-03 20:01:26,381 - WARNING - IGDB Error for Neko Ghost, Jump!: string indices must be integers, not 'str'
2026-06-03 20:01:26,388 - INFO - 📅 Fetching Basic Metadata: Super Space Club
2026-06-03 20:01:26,444 - WARNING - IGDB Error for Super Space Club: string indices must be integers, not 'str'
2026-06-03 20:01:26,450 - INFO - 📅 Fetching Basic Metadata: Touch Type Tale
2026-06-03 20:01:26,506 - WARNING - IGDB Error for Touch Type Tale: string indices must be integers, not 'str'
2026-06-03 20:01:26,513 - INFO - 📅 Fetching Basic Metadata: Gigapocalypse
2026-06-03 20:01:26,572 - WARNING - IGDB Error for Gigapocalypse: string indices must be integers, not 'str'
2026-06-03 20:01:26,580 - INFO - 📅 Fetching Basic Metadata: Legion TD2
2026-06-03 20:01:26,636 - WARNING - IGDB Error for Legion TD2: string indices must be integers, not 'str'
2026-06-03 20:01:26,645 - INFO - 📅 Fetching Basic Metadata: Nightingale
2026-06-03 20:01:26,740 - WARNING - IGDB Error for Nightingale: string indices must be integers, not 'str'
2026-06-03 20:01:26,748 - INFO - 📅 Fetching Basic Metadata: Godzilla Voxel Wars
2026-06-03 20:01:26,803 - WARNING - IGDB Error for Godzilla Voxel Wars: string indices must be integers, not 'str'
2026-06-03 20:01:26,811 - INFO - 📅 Fetching Basic Metadata: Trine Classic Collection
2026-06-03 20:01:26,864 - WARNING - IGDB Error for Trine Classic Collection: string indices must be integers, not 'str'
2026-06-03 20:01:26,871 - INFO - 📅 Fetching Basic Metadata: Poison Retro Set
2026-06-03 20:01:31,230 - INFO - 🎯 IGDB Match: 'Pixel Gun 3D: Poison Retro Set' (90%)
2026-06-03 20:01:31,236 - INFO - 📅 Fetching Basic Metadata: The Darkside Detective A Fumble in the Dark
2026-06-03 20:01:31,305 - INFO - 🎯 IGDB Match: 'The Darkside Detective: A Fumble in the Dark' (99%)
2026-06-03 20:01:31,311 - INFO - 📅 Fetching Basic Metadata: Return to Ash
2026-06-03 20:01:31,426 - INFO - 🎯 IGDB Match: 'Return to Ash' (100%)
2026-06-03 20:01:31,432 - INFO - 🏢 Publisher Search: STALCRAFT: X Starter Edition
2026-06-03 20:01:32,798 - INFO - 📅 Fetching Basic Metadata: STALCRAFT: X Starter Edition
2026-06-03 20:01:32,871 - INFO - 📅 Fetching Basic Metadata: Boxes: Lost Fragments
2026-06-03 20:01:32,937 - INFO - 🎯 IGDB Match: 'Boxes: Lost Fragments' (100%)
2026-06-03 20:01:32,942 - INFO - 📅 Fetching Basic Metadata: My Night Job
2026-06-03 20:01:33,046 - INFO - 🎯 IGDB Match: 'My Night Job' (100%)
2026-06-03 20:01:33,053 - INFO - 📅 Fetching Basic Metadata: Electrician Simulator
2026-06-03 20:01:33,120 - INFO - 🎯 IGDB Match: 'Electrician Simulator' (100%)
2026-06-03 20:01:33,126 - INFO - 🏢 Publisher Search: World of Warships — Epic Anniversary Tachibana Pack
2026-06-03 20:01:34,494 - INFO - 📅 Fetching Basic Metadata: World of Warships — Epic Anniversary Tachibana Pack
2026-06-03 20:01:34,574 - INFO - 📅 Fetching Basic Metadata: Hyper Echelon
2026-06-03 20:01:34,638 - INFO - 🎯 IGDB Match: 'Hyper Echelon' (100%)
2026-06-03 20:01:34,643 - INFO - 📅 Fetching Basic Metadata: Havendock
2026-06-03 20:01:34,747 - INFO - 🎯 IGDB Match: 'Havendock' (100%)
2026-06-03 20:01:34,753 - INFO - 📅 Fetching Basic Metadata: Clone Drone in the Danger Zone
2026-06-03 20:01:34,819 - INFO - 🎯 IGDB Match: 'Clone Drone in the Danger Zone' (100%)
2026-06-03 20:01:34,825 - INFO - 🏢 Publisher Search: TOMAK: Save the Earth Regeneration
2026-06-03 20:01:36,169 - INFO - 📅 Fetching Basic Metadata: TOMAK: Save the Earth Regeneration
2026-06-03 20:01:36,277 - INFO - 🎯 IGDB Match: 'Tomak: Save the Earth Regeneration' (100%)
2026-06-03 20:01:36,283 - INFO - 📅 Fetching Basic Metadata: Prop Sumo
2026-06-03 20:01:36,387 - INFO - 🎯 IGDB Match: 'Prop Sumo' (100%)
2026-06-03 20:01:36,393 - INFO - 📅 Fetching Basic Metadata: The Stone of Madness
2026-06-03 20:01:36,469 - INFO - 🎯 IGDB Match: 'The Stone of Madness' (100%)
2026-06-03 20:01:36,475 - INFO - 📅 Fetching Basic Metadata: Firestone Online Idle RPG
2026-06-03 20:01:36,562 - INFO - 🎯 IGDB Match: 'Firestone: Online Idle RPG' (98%)
2026-06-03 20:01:36,568 - INFO - 📅 Fetching Basic Metadata: Oddsparks: An Automation Adventure
2026-06-03 20:01:36,635 - INFO - 🎯 IGDB Match: 'Oddsparks: An Automation Adventure' (100%)
2026-06-03 20:01:36,641 - INFO - 📅 Fetching Basic Metadata: Trash Goblin
2026-06-03 20:01:36,714 - INFO - 🎯 IGDB Match: 'Trash Goblin' (100%)
2026-06-03 20:01:36,720 - INFO - 🏢 Publisher Search: The Telltale Batman Shadows Edition
2026-06-03 20:01:38,075 - INFO - 📅 Fetching Basic Metadata: The Telltale Batman Shadows Edition
2026-06-03 20:01:38,177 - INFO - 🎯 IGDB Match: 'Telltale Batman Shadows Edition' (95%)
2026-06-03 20:01:38,183 - INFO - 🏢 Publisher Search: Sunderfolk - Standard Edition
2026-06-03 20:01:39,567 - INFO - 📅 Fetching Basic Metadata: Sunderfolk - Standard Edition
2026-06-03 20:01:39,635 - INFO - 📅 Fetching Basic Metadata: Down in Bermuda
2026-06-03 20:01:39,700 - INFO - 🎯 IGDB Match: 'Down in Bermuda' (100%)
2026-06-03 20:01:39,706 - INFO - 📅 Fetching Basic Metadata: Tomb Raider I-III Remastered Starring Lara Croft
2026-06-03 20:01:39,794 - INFO - 📅 Fetching Basic Metadata: LONESTAR
2026-06-03 20:01:39,897 - INFO - 🎯 IGDB Match: 'LoneStar' (100%)
2026-06-03 20:01:39,903 - INFO - 📅 Fetching Basic Metadata: Calico
2026-06-03 20:01:39,980 - INFO - 🎯 IGDB Match: 'Calico' (100%)
2026-06-03 20:01:39,991 - INFO - 
--- Starting Data Quality Checks ---
2026-06-03 20:01:40,003 - INFO - --- Data Quality Checks Complete ---

2026-06-03 20:01:40,033 - INFO - | Metric | Statistics |
| :--- | :--- |
| 💰 **Total Market Value** | **$13,018.13** |
| 📦 **Total Games Collected** | 676 |
| 🏷️ **Average Retail Price** | $22.35 per game |
| 💎 **Most Expensive Title** | Civilization 6 Platinum Edition ($79.99) |
| 👑 **MVP Publisher** | Bethesda Softworks |
| 🏢 **Value Leaders** | 2K ($579.90), Bethesda Softworks ($544.80), Paradox Interactive ($409.89) |
| 📈 **Inflation-Adjusted Value** | $14,815.37 |
| 🎈 **Inflation Bonus** | **+$1,797.24** in purchasing power |
| 🗓️ **Peak Saving Month** | 🎄 **Seasonality Peak:** December is historically the best month, offering $3,388.17 in savings. |
| ⭐ **Average Score** | 76.8/100 |
| 💳 **Subscription Equivalent** | **$169.75 / mo** |
| 🎯 **Prestige Ratio** | **1.9%** (Strategic Hype) |
| 🏎️ **Lead Time Avg** | 447 Days to Sequel |

2026-06-03 20:01:40,033 - INFO - ✅ README.md updated.
2026-06-03 20:01:40,057 - INFO - Using categorical units to plot a list of strings that are all parsable as floats or dates. If these strings should be plotted as numbers, cast to the appropriate data type before plotting.
2026-06-03 20:01:40,058 - INFO - Using categorical units to plot a list of strings that are all parsable as floats or dates. If these strings should be plotted as numbers, cast to the appropriate data type before plotting.
2026-06-03 20:01:45,623 - INFO - 📈 All charts generated successfully.
