2026-03-14 16:56:08,465 - INFO - Failed to extract font properties from /usr/share/fonts/truetype/noto/NotoColorEmoji.ttf: Can not load face (unknown file format; error code 0x2)
2026-03-14 16:56:08,541 - INFO - generated new fontManager
2026-03-14 16:56:08,828 - INFO - ✅ Migration Successful!
2026-03-14 16:56:09,575 - INFO - No new games found.
2026-03-14 16:56:09,977 - INFO - 🔍 Found 581 games needing metadata. Starting IGDB + Steam + CheapShark enrichment...
2026-03-14 16:56:10,007 - INFO - 📅 Fetching Basic Metadata: LEGO Batman Trilogy
2026-03-14 16:56:10,358 - INFO - 🎯 IGDB Match: 'LEGO Batman Trilogy' (100%)
2026-03-14 16:56:10,387 - INFO - 📅 Fetching Basic Metadata: Antstream
2026-03-14 16:56:10,660 - INFO - 📅 Fetching Basic Metadata: The Drone Racing League Simulator
2026-03-14 16:56:10,806 - INFO - 🎯 IGDB Match: 'The Drone Racing League Simulator' (100%)
2026-03-14 16:56:10,813 - INFO - 📅 Fetching Basic Metadata: Dark Deity
2026-03-14 16:56:10,956 - INFO - 🎯 IGDB Match: 'Dark Deity' (100%)
2026-03-14 16:56:10,963 - INFO - 📅 Fetching Basic Metadata: RPG in a Box
2026-03-14 16:56:11,104 - INFO - 🎯 IGDB Match: 'RPG in a Box' (100%)
2026-03-14 16:56:11,111 - INFO - 📅 Fetching Basic Metadata: Fallout Classic Collection
2026-03-14 16:56:11,367 - INFO - 🎯 IGDB Match: 'Fallout Classic Collection' (100%)
2026-03-14 16:56:11,376 - INFO - 📅 Fetching Basic Metadata: Recipe for Disaster
2026-03-14 16:56:11,565 - INFO - 🎯 IGDB Match: 'Recipe for Disaster' (100%)
2026-03-14 16:56:11,571 - INFO - 📅 Fetching Basic Metadata: World of Warships — Starter Pack: Ishizuchi
2026-03-14 16:56:11,767 - INFO - 🎯 IGDB Match: 'World of Warships: Starter Pack - Ishizuchi' (98%)
2026-03-14 16:56:11,774 - INFO - 📅 Fetching Basic Metadata: Poker Club
2026-03-14 16:56:11,947 - INFO - 🎯 IGDB Match: 'Poker Club' (100%)
2026-03-14 16:56:11,953 - INFO - 📅 Fetching Basic Metadata: The Sims 4 The Daring Lifestyle Bundle
2026-03-14 16:56:12,092 - INFO - 🎯 IGDB Match: 'The Sims 4: The Daring Lifestyle Bundle' (99%)
2026-03-14 16:56:12,100 - INFO - 📅 Fetching Basic Metadata: Dodo Peak
2026-03-14 16:56:12,250 - INFO - 🎯 IGDB Match: 'Dodo Peak' (100%)
2026-03-14 16:56:12,256 - INFO - 📅 Fetching Basic Metadata: Spelldrifter
2026-03-14 16:56:12,467 - INFO - 🎯 IGDB Match: 'Spelldrifter' (100%)
2026-03-14 16:56:12,473 - INFO - 📅 Fetching Basic Metadata: Model Builder
2026-03-14 16:56:12,617 - INFO - 🎯 IGDB Match: 'Model Builder' (100%)
2026-03-14 16:56:12,623 - INFO - 📅 Fetching Basic Metadata: Godlike Burger
2026-03-14 16:56:12,833 - INFO - 🎯 IGDB Match: 'Godlike Burger' (100%)
2026-03-14 16:56:12,839 - INFO - 📅 Fetching Basic Metadata: Q.U.B.E. Ultimate Bundle
2026-03-14 16:56:13,001 - INFO - 🎯 IGDB Match: 'Q.U.B.E. Ultimate Bundle' (100%)
2026-03-14 16:56:13,008 - INFO - 📅 Fetching Basic Metadata: Jitsu Squad
2026-03-14 16:56:13,144 - INFO - 🎯 IGDB Match: 'Jitsu Squad' (100%)
2026-03-14 16:56:13,150 - INFO - 📅 Fetching Basic Metadata: Mighty Fight Federation
2026-03-14 16:56:13,289 - INFO - 🎯 IGDB Match: 'Mighty Fight Federation' (100%)
2026-03-14 16:56:13,299 - INFO - 📅 Fetching Basic Metadata: LOVE
2026-03-14 16:56:13,553 - INFO - 🎯 IGDB Match: 'Love Love Love' (90%)
2026-03-14 16:56:13,561 - INFO - 📅 Fetching Basic Metadata: Call of The Wild: The Angler
2026-03-14 16:56:13,714 - INFO - 🎯 IGDB Match: 'Call of the Wild: The Angler' (100%)
2026-03-14 16:56:13,723 - INFO - 📅 Fetching Basic Metadata: The Falconeer
2026-03-14 16:56:13,864 - INFO - 🎯 IGDB Match: 'The Falconeer: The Hunter' (90%)
2026-03-14 16:56:13,871 - INFO - 📅 Fetching Basic Metadata: Rawmen: Food Fighter Arena
2026-03-14 16:56:14,014 - INFO - 🎯 IGDB Match: 'Rawmen' (90%)
2026-03-14 16:56:14,021 - INFO - 📅 Fetching Basic Metadata: World of Warships – Starter Pack: Albany
2026-03-14 16:56:14,203 - INFO - 📅 Fetching Basic Metadata: Fallout Classic Edition
2026-03-14 16:56:14,326 - WARNING - IGDB Error for Fallout Classic Edition: string indices must be integers, not 'str'
2026-03-14 16:56:14,334 - INFO - 📅 Fetching Basic Metadata: Outliver: Tribulation
2026-03-14 16:56:14,456 - WARNING - IGDB Error for Outliver: Tribulation: string indices must be integers, not 'str'
2026-03-14 16:56:14,464 - INFO - 📅 Fetching Basic Metadata: Bus Simulator 21 Next Stop
2026-03-14 16:56:14,589 - WARNING - IGDB Error for Bus Simulator 21 Next Stop: string indices must be integers, not 'str'
2026-03-14 16:56:14,597 - INFO - 📅 Fetching Basic Metadata: Turmoil
2026-03-14 16:56:14,721 - WARNING - IGDB Error for Turmoil: string indices must be integers, not 'str'
2026-03-14 16:56:14,728 - INFO - 📅 Fetching Basic Metadata: World War Z Aftermath
2026-03-14 16:56:14,850 - WARNING - IGDB Error for World War Z Aftermath: string indices must be integers, not 'str'
2026-03-14 16:56:14,857 - INFO - 📅 Fetching Basic Metadata: World Of Warships – Anniversary Party Flavor
2026-03-14 16:56:15,011 - INFO - 📅 Fetching Basic Metadata: Neko Ghost, Jump!
2026-03-14 16:56:15,231 - INFO - 🎯 IGDB Match: 'Neko Ghost, Jump!' (100%)
2026-03-14 16:56:15,238 - INFO - 📅 Fetching Basic Metadata: Super Space Club
2026-03-14 16:56:15,432 - INFO - 🎯 IGDB Match: 'Super Space Club' (100%)
2026-03-14 16:56:15,438 - INFO - 📅 Fetching Basic Metadata: Touch Type Tale
2026-03-14 16:56:15,577 - INFO - 🎯 IGDB Match: 'Touch Type Tale' (100%)
2026-03-14 16:56:15,583 - INFO - 📅 Fetching Basic Metadata: Gigapocalypse
2026-03-14 16:56:15,767 - INFO - 🎯 IGDB Match: 'Gigapocalypse' (100%)
2026-03-14 16:56:15,774 - INFO - 📅 Fetching Basic Metadata: Legion TD2
2026-03-14 16:56:16,003 - INFO - 📅 Fetching Basic Metadata: Nightingale
2026-03-14 16:56:16,143 - INFO - 🎯 IGDB Match: 'Nightingale' (100%)
2026-03-14 16:56:16,151 - INFO - 📅 Fetching Basic Metadata: Godzilla Voxel Wars
2026-03-14 16:56:16,289 - INFO - 🎯 IGDB Match: 'Godzilla Voxel Wars' (100%)
2026-03-14 16:56:16,297 - INFO - 📅 Fetching Basic Metadata: Trine Classic Collection
2026-03-14 16:56:16,542 - INFO - 🎯 IGDB Match: 'Trine Classic Collection' (100%)
2026-03-14 16:56:16,549 - INFO - 📅 Fetching Basic Metadata: Poison Retro Set
2026-03-14 16:56:16,762 - WARNING - IGDB Error for Poison Retro Set: string indices must be integers, not 'str'
2026-03-14 16:56:16,769 - INFO - 📅 Fetching Basic Metadata: The Darkside Detective A Fumble in the Dark
2026-03-14 16:56:16,892 - WARNING - IGDB Error for The Darkside Detective A Fumble in the Dark: string indices must be integers, not 'str'
2026-03-14 16:56:16,898 - INFO - 📅 Fetching Basic Metadata: Return to Ash
2026-03-14 16:56:17,041 - INFO - 🎯 IGDB Match: 'Return to Ash' (100%)
2026-03-14 16:56:17,047 - INFO - 🏢 Publisher Search: STALCRAFT: X Starter Edition
2026-03-14 16:56:18,565 - INFO - 📅 Fetching Basic Metadata: STALCRAFT: X Starter Edition
2026-03-14 16:56:18,718 - INFO - 📅 Fetching Basic Metadata: Boxes: Lost Fragments
2026-03-14 16:56:18,857 - INFO - 🎯 IGDB Match: 'Boxes: Lost Fragments' (100%)
2026-03-14 16:56:18,863 - INFO - 📅 Fetching Basic Metadata: My Night Job
2026-03-14 16:56:19,009 - INFO - 🎯 IGDB Match: 'My Night Job' (100%)
2026-03-14 16:56:19,021 - INFO - 
--- Starting Data Quality Checks ---
2026-03-14 16:56:19,034 - INFO - --- Data Quality Checks Complete ---

2026-03-14 16:56:19,063 - INFO - | Metric | Statistics |
| :--- | :--- |
| 💰 **Total Market Value** | **$12,663.29** |
| 📦 **Total Games Collected** | 657 |
| 🏷️ **Average Retail Price** | $22.46 per game |
| 💎 **Most Expensive Title** | Civilization 6 Platinum Edition ($79.99) |
| 👑 **MVP Publisher** | Bethesda Softworks |
| 🏢 **Value Leaders** | 2K ($579.90), Bethesda Softworks ($544.80), Paradox Interactive ($409.89) |
| 📈 **Inflation-Adjusted Value** | $14,460.53 |
| 🎈 **Inflation Bonus** | **+$1,797.24** in purchasing power |
| 🗓️ **Peak Saving Month** | 🎄 **Seasonality Peak:** December is historically the best month, offering $3,388.17 in savings. |
| ⭐ **Average Score** | 76.7/100 |
| 💳 **Subscription Equivalent** | **$169.57 / mo** |
| 🎯 **Prestige Ratio** | **2.0%** (Strategic Hype) |
| 🏎️ **Lead Time Avg** | 447 Days to Sequel |

2026-03-14 16:56:19,063 - INFO - ✅ README.md updated.
2026-03-14 16:56:19,087 - INFO - Using categorical units to plot a list of strings that are all parsable as floats or dates. If these strings should be plotted as numbers, cast to the appropriate data type before plotting.
2026-03-14 16:56:19,087 - INFO - Using categorical units to plot a list of strings that are all parsable as floats or dates. If these strings should be plotted as numbers, cast to the appropriate data type before plotting.
2026-03-14 16:56:24,711 - INFO - 📈 All charts generated successfully.
