2026-06-26 18:09:20,236 - INFO - Failed to extract font properties from /usr/share/fonts/truetype/noto/NotoColorEmoji.ttf: Non-scalable fonts are not supported
2026-06-26 18:09:20,247 - INFO - generated new fontManager
2026-06-26 18:09:20,671 - INFO - ✅ Migration Successful!
2026-06-26 18:09:21,085 - INFO - No new games found.
2026-06-26 18:09:21,638 - INFO - 🔍 Found 607 games needing metadata. Starting IGDB + Steam + CheapShark enrichment...
2026-06-26 18:09:21,684 - INFO - 📅 Fetching Basic Metadata: LEGO Batman Trilogy
2026-06-26 18:09:22,081 - INFO - 🎯 IGDB Match: 'LEGO Batman Trilogy' (100%)
2026-06-26 18:09:22,109 - INFO - 📅 Fetching Basic Metadata: Antstream
2026-06-26 18:09:22,394 - INFO - 📅 Fetching Basic Metadata: The Drone Racing League Simulator
2026-06-26 18:09:22,598 - INFO - 🎯 IGDB Match: 'The Drone Racing League Simulator' (100%)
2026-06-26 18:09:22,605 - INFO - 📅 Fetching Basic Metadata: Dark Deity
2026-06-26 18:09:22,783 - INFO - 🎯 IGDB Match: 'Dark Deity' (100%)
2026-06-26 18:09:22,789 - INFO - 📅 Fetching Basic Metadata: RPG in a Box
2026-06-26 18:09:23,133 - INFO - 🎯 IGDB Match: 'RPG in a Box' (100%)
2026-06-26 18:09:23,140 - INFO - 📅 Fetching Basic Metadata: Fallout Classic Collection
2026-06-26 18:09:23,297 - INFO - 🎯 IGDB Match: 'Fallout Classic Collection' (100%)
2026-06-26 18:09:23,305 - INFO - 📅 Fetching Basic Metadata: Recipe for Disaster
2026-06-26 18:09:23,464 - INFO - 🎯 IGDB Match: 'Recipe For Disaster' (100%)
2026-06-26 18:09:23,470 - INFO - 📅 Fetching Basic Metadata: World of Warships — Starter Pack: Ishizuchi
2026-06-26 18:09:23,642 - INFO - 🎯 IGDB Match: 'World of Warships: Starter Pack - Ishizuchi' (98%)
2026-06-26 18:09:23,649 - INFO - 📅 Fetching Basic Metadata: Poker Club
2026-06-26 18:09:24,002 - INFO - 🎯 IGDB Match: 'Poker Club' (100%)
2026-06-26 18:09:24,008 - INFO - 📅 Fetching Basic Metadata: The Sims 4 The Daring Lifestyle Bundle
2026-06-26 18:09:24,184 - INFO - 🎯 IGDB Match: 'The Sims 4: The Daring Lifestyle Bundle' (99%)
2026-06-26 18:09:24,192 - INFO - 📅 Fetching Basic Metadata: Dodo Peak
2026-06-26 18:09:24,488 - INFO - 🎯 IGDB Match: 'Dodo Peak' (100%)
2026-06-26 18:09:24,494 - INFO - 📅 Fetching Basic Metadata: Spelldrifter
2026-06-26 18:09:24,666 - INFO - 🎯 IGDB Match: 'Spelldrifter' (100%)
2026-06-26 18:09:24,672 - INFO - 📅 Fetching Basic Metadata: Model Builder
2026-06-26 18:09:24,894 - INFO - 🎯 IGDB Match: 'Model Builder' (100%)
2026-06-26 18:09:24,900 - INFO - 📅 Fetching Basic Metadata: Godlike Burger
2026-06-26 18:09:25,087 - INFO - 🎯 IGDB Match: 'Godlike Burger' (100%)
2026-06-26 18:09:25,093 - INFO - 📅 Fetching Basic Metadata: Q.U.B.E. Ultimate Bundle
2026-06-26 18:09:25,263 - INFO - 🎯 IGDB Match: 'Q.U.B.E. Ultimate Bundle' (100%)
2026-06-26 18:09:25,270 - INFO - 📅 Fetching Basic Metadata: Jitsu Squad
2026-06-26 18:09:25,607 - INFO - 🎯 IGDB Match: 'Jitsu Squad' (100%)
2026-06-26 18:09:25,613 - INFO - 📅 Fetching Basic Metadata: Mighty Fight Federation
2026-06-26 18:09:25,765 - INFO - 🎯 IGDB Match: 'Mighty Fight Federation' (100%)
2026-06-26 18:09:25,774 - INFO - 📅 Fetching Basic Metadata: LOVE
2026-06-26 18:09:26,092 - INFO - 🎯 IGDB Match: 'Love Love Love' (90%)
2026-06-26 18:09:26,100 - INFO - 📅 Fetching Basic Metadata: Call of The Wild: The Angler
2026-06-26 18:09:26,259 - INFO - 🎯 IGDB Match: 'Call of the Wild: The Angler' (100%)
2026-06-26 18:09:26,268 - INFO - 📅 Fetching Basic Metadata: The Falconeer
2026-06-26 18:09:26,615 - INFO - 🎯 IGDB Match: 'The Falconeer: The Hunter' (90%)
2026-06-26 18:09:26,622 - INFO - 📅 Fetching Basic Metadata: Rawmen: Food Fighter Arena
2026-06-26 18:09:26,796 - INFO - 🎯 IGDB Match: 'Rawmen' (90%)
2026-06-26 18:09:26,802 - INFO - 📅 Fetching Basic Metadata: World of Warships – Starter Pack: Albany
2026-06-26 18:09:27,086 - INFO - 📅 Fetching Basic Metadata: Fallout Classic Edition
2026-06-26 18:09:27,265 - INFO - 📅 Fetching Basic Metadata: Outliver: Tribulation
2026-06-26 18:09:27,426 - INFO - 🎯 IGDB Match: 'Outliver: Tribulation' (100%)
2026-06-26 18:09:27,433 - INFO - 📅 Fetching Basic Metadata: Bus Simulator 21 Next Stop
2026-06-26 18:09:27,591 - INFO - 🎯 IGDB Match: 'Bus Simulator 21: Next Stop' (98%)
2026-06-26 18:09:27,599 - INFO - 📅 Fetching Basic Metadata: Turmoil
2026-06-26 18:09:27,755 - INFO - 🎯 IGDB Match: 'Turmoil' (100%)
2026-06-26 18:09:27,762 - INFO - 📅 Fetching Basic Metadata: World War Z Aftermath
2026-06-26 18:09:27,982 - INFO - 🎯 IGDB Match: 'World War Z: Aftermath' (98%)
2026-06-26 18:09:27,989 - INFO - 📅 Fetching Basic Metadata: World Of Warships – Anniversary Party Flavor
2026-06-26 18:09:28,277 - INFO - 📅 Fetching Basic Metadata: Neko Ghost, Jump!
2026-06-26 18:09:28,445 - INFO - 🎯 IGDB Match: 'Neko Ghost, Jump!' (100%)
2026-06-26 18:09:28,453 - INFO - 📅 Fetching Basic Metadata: Super Space Club
2026-06-26 18:09:28,624 - INFO - 🎯 IGDB Match: 'Super Space Club' (100%)
2026-06-26 18:09:28,630 - INFO - 📅 Fetching Basic Metadata: Touch Type Tale
2026-06-26 18:09:28,970 - INFO - 🎯 IGDB Match: 'Touch Type Tale' (100%)
2026-06-26 18:09:28,976 - INFO - 📅 Fetching Basic Metadata: Gigapocalypse
2026-06-26 18:09:29,179 - INFO - 🎯 IGDB Match: 'Gigapocalypse' (100%)
2026-06-26 18:09:29,186 - INFO - 📅 Fetching Basic Metadata: Legion TD2
2026-06-26 18:09:29,349 - INFO - 📅 Fetching Basic Metadata: Nightingale
2026-06-26 18:09:29,553 - INFO - 🎯 IGDB Match: 'Nightingale' (100%)
2026-06-26 18:09:29,560 - INFO - 📅 Fetching Basic Metadata: Godzilla Voxel Wars
2026-06-26 18:09:29,711 - INFO - 🎯 IGDB Match: 'Godzilla Voxel Wars' (100%)
2026-06-26 18:09:29,719 - INFO - 📅 Fetching Basic Metadata: Trine Classic Collection
2026-06-26 18:09:29,876 - INFO - 🎯 IGDB Match: 'Trine Classic Collection' (100%)
2026-06-26 18:09:29,883 - INFO - 📅 Fetching Basic Metadata: Poison Retro Set
2026-06-26 18:09:30,067 - INFO - 🎯 IGDB Match: 'Pixel Gun 3D: Poison Retro Set' (90%)
2026-06-26 18:09:30,073 - INFO - 📅 Fetching Basic Metadata: The Darkside Detective A Fumble in the Dark
2026-06-26 18:09:30,230 - INFO - 🎯 IGDB Match: 'The Darkside Detective: A Fumble in the Dark' (99%)
2026-06-26 18:09:30,236 - INFO - 📅 Fetching Basic Metadata: Return to Ash
2026-06-26 18:09:30,568 - INFO - 🎯 IGDB Match: 'Return to Ash' (100%)
2026-06-26 18:09:30,574 - INFO - 🏢 Publisher Search: STALCRAFT: X Starter Edition
2026-06-26 18:09:31,949 - INFO - 📅 Fetching Basic Metadata: STALCRAFT: X Starter Edition
2026-06-26 18:09:32,114 - INFO - 📅 Fetching Basic Metadata: Boxes: Lost Fragments
2026-06-26 18:09:32,282 - INFO - 🎯 IGDB Match: 'Boxes: Lost Fragments' (100%)
2026-06-26 18:09:32,287 - INFO - 📅 Fetching Basic Metadata: My Night Job
2026-06-26 18:09:32,600 - INFO - 🎯 IGDB Match: 'My Night Job' (100%)
2026-06-26 18:09:32,607 - INFO - 📅 Fetching Basic Metadata: Electrician Simulator
2026-06-26 18:09:32,903 - INFO - 🎯 IGDB Match: 'Electrician Simulator' (100%)
2026-06-26 18:09:32,909 - INFO - 🏢 Publisher Search: World of Warships — Epic Anniversary Tachibana Pack
2026-06-26 18:09:34,342 - INFO - 📅 Fetching Basic Metadata: World of Warships — Epic Anniversary Tachibana Pack
2026-06-26 18:09:34,551 - INFO - 📅 Fetching Basic Metadata: Hyper Echelon
2026-06-26 18:09:34,719 - INFO - 🎯 IGDB Match: 'Hyper Echelon' (100%)
2026-06-26 18:09:34,724 - INFO - 📅 Fetching Basic Metadata: Havendock
2026-06-26 18:09:34,878 - INFO - 🎯 IGDB Match: 'Havendock' (100%)
2026-06-26 18:09:34,883 - INFO - 📅 Fetching Basic Metadata: Clone Drone in the Danger Zone
2026-06-26 18:09:35,177 - INFO - 🎯 IGDB Match: 'Clone Drone in the Danger Zone' (100%)
2026-06-26 18:09:35,183 - INFO - 🏢 Publisher Search: TOMAK: Save the Earth Regeneration
2026-06-26 18:09:36,639 - INFO - 📅 Fetching Basic Metadata: TOMAK: Save the Earth Regeneration
2026-06-26 18:09:36,785 - INFO - 🎯 IGDB Match: 'Tomak: Save the Earth Regeneration' (100%)
2026-06-26 18:09:36,792 - INFO - 📅 Fetching Basic Metadata: Prop Sumo
2026-06-26 18:09:36,947 - INFO - 🎯 IGDB Match: 'Prop Sumo' (100%)
2026-06-26 18:09:36,953 - INFO - 📅 Fetching Basic Metadata: The Stone of Madness
2026-06-26 18:09:37,109 - INFO - 🎯 IGDB Match: 'The Stone of Madness' (100%)
2026-06-26 18:09:37,115 - INFO - 📅 Fetching Basic Metadata: Firestone Online Idle RPG
2026-06-26 18:09:37,272 - INFO - 🎯 IGDB Match: 'Firestone: Online Idle RPG' (98%)
2026-06-26 18:09:37,278 - INFO - 📅 Fetching Basic Metadata: Oddsparks: An Automation Adventure
2026-06-26 18:09:37,458 - INFO - 🎯 IGDB Match: 'Oddsparks: An Automation Adventure' (100%)
2026-06-26 18:09:37,465 - INFO - 📅 Fetching Basic Metadata: Trash Goblin
2026-06-26 18:09:37,633 - INFO - 🎯 IGDB Match: 'Trash Goblin' (100%)
2026-06-26 18:09:37,638 - INFO - 🏢 Publisher Search: The Telltale Batman Shadows Edition
2026-06-26 18:09:39,253 - INFO - 📅 Fetching Basic Metadata: The Telltale Batman Shadows Edition
2026-06-26 18:09:39,411 - INFO - 🎯 IGDB Match: 'Telltale Batman Shadows Edition' (95%)
2026-06-26 18:09:39,417 - INFO - 🏢 Publisher Search: Sunderfolk - Standard Edition
2026-06-26 18:09:40,820 - INFO - 📅 Fetching Basic Metadata: Sunderfolk - Standard Edition
2026-06-26 18:09:40,990 - INFO - 📅 Fetching Basic Metadata: Down in Bermuda
2026-06-26 18:09:41,144 - INFO - 🎯 IGDB Match: 'Down in Bermuda' (100%)
2026-06-26 18:09:41,150 - INFO - 📅 Fetching Basic Metadata: Tomb Raider I-III Remastered Starring Lara Croft
2026-06-26 18:09:41,314 - INFO - 📅 Fetching Basic Metadata: LONESTAR
2026-06-26 18:09:41,470 - INFO - 🎯 IGDB Match: 'LoneStar' (100%)
2026-06-26 18:09:41,475 - INFO - 📅 Fetching Basic Metadata: Calico
2026-06-26 18:09:41,637 - INFO - 🎯 IGDB Match: 'Calico' (100%)
2026-06-26 18:09:41,643 - INFO - 📅 Fetching Basic Metadata: Rogue Waters
2026-06-26 18:09:41,811 - INFO - 🎯 IGDB Match: 'Rogue Waters' (100%)
2026-06-26 18:09:41,817 - INFO - 📅 Fetching Basic Metadata: The Ouroboros King
2026-06-26 18:09:42,102 - INFO - 🎯 IGDB Match: 'The Ouroboros King' (100%)
2026-06-26 18:09:42,109 - INFO - 🏢 Publisher Search: Warhammer 40K Speed Freeks
2026-06-26 18:09:43,511 - INFO - 
--- Starting Data Quality Checks ---
2026-06-26 18:09:43,524 - INFO - --- Data Quality Checks Complete ---

2026-06-26 18:09:43,553 - INFO - | Metric | Statistics |
| :--- | :--- |
| 💰 **Total Market Value** | **$13,188.05** |
| 📦 **Total Games Collected** | 684 |
| 🏷️ **Average Retail Price** | $22.34 per game |
| 💎 **Most Expensive Title** | Civilization 6 Platinum Edition ($79.99) |
| 👑 **MVP Publisher** | Bethesda Softworks |
| 🏢 **Value Leaders** | 2K ($579.90), Bethesda Softworks ($544.80), Paradox Interactive ($409.89) |
| 📈 **Inflation-Adjusted Value** | $14,985.29 |
| 🎈 **Inflation Bonus** | **+$1,797.24** in purchasing power |
| 🗓️ **Peak Saving Month** | 🎄 **Seasonality Peak:** December is historically the best month, offering $3,388.17 in savings. |
| ⭐ **Average Score** | 76.8/100 |
| 💳 **Subscription Equivalent** | **$169.75 / mo** |
| 🎯 **Prestige Ratio** | **2.0%** (Strategic Hype) |
| 🏎️ **Lead Time Avg** | 441 Days to Sequel |

2026-06-26 18:09:43,554 - INFO - ✅ README.md updated.
2026-06-26 18:09:43,577 - INFO - Using categorical units to plot a list of strings that are all parsable as floats or dates. If these strings should be plotted as numbers, cast to the appropriate data type before plotting.
2026-06-26 18:09:43,578 - INFO - Using categorical units to plot a list of strings that are all parsable as floats or dates. If these strings should be plotted as numbers, cast to the appropriate data type before plotting.
2026-06-26 18:09:49,771 - INFO - 📈 All charts generated successfully.
