2026-06-14 17:56:55,068 - INFO - Failed to extract font properties from /usr/share/fonts/truetype/noto/NotoColorEmoji.ttf: Non-scalable fonts are not supported
2026-06-14 17:56:55,276 - INFO - generated new fontManager
2026-06-14 17:56:55,631 - INFO - ✅ Migration Successful!
2026-06-14 17:56:55,750 - INFO - No new games found.
2026-06-14 17:56:56,306 - INFO - 🔍 Found 604 games needing metadata. Starting IGDB + Steam + CheapShark enrichment...
2026-06-14 17:56:56,376 - INFO - 📅 Fetching Basic Metadata: LEGO Batman Trilogy
2026-06-14 17:56:56,822 - INFO - 🎯 IGDB Match: 'LEGO Batman Trilogy' (100%)
2026-06-14 17:56:56,849 - INFO - 📅 Fetching Basic Metadata: Antstream
2026-06-14 17:56:57,039 - INFO - 📅 Fetching Basic Metadata: The Drone Racing League Simulator
2026-06-14 17:56:57,301 - INFO - 🎯 IGDB Match: 'The Drone Racing League Simulator' (100%)
2026-06-14 17:56:57,309 - INFO - 📅 Fetching Basic Metadata: Dark Deity
2026-06-14 17:56:57,588 - INFO - 🎯 IGDB Match: 'Dark Deity' (100%)
2026-06-14 17:56:57,595 - INFO - 📅 Fetching Basic Metadata: RPG in a Box
2026-06-14 17:56:57,733 - INFO - 🎯 IGDB Match: 'RPG in a Box' (100%)
2026-06-14 17:56:57,740 - INFO - 📅 Fetching Basic Metadata: Fallout Classic Collection
2026-06-14 17:56:57,846 - INFO - 🎯 IGDB Match: 'Fallout Classic Collection' (100%)
2026-06-14 17:56:57,855 - INFO - 📅 Fetching Basic Metadata: Recipe for Disaster
2026-06-14 17:56:58,110 - INFO - 🎯 IGDB Match: 'Recipe For Disaster' (100%)
2026-06-14 17:56:58,117 - INFO - 📅 Fetching Basic Metadata: World of Warships — Starter Pack: Ishizuchi
2026-06-14 17:56:58,327 - INFO - 🎯 IGDB Match: 'World of Warships: Starter Pack - Ishizuchi' (98%)
2026-06-14 17:56:58,335 - INFO - 📅 Fetching Basic Metadata: Poker Club
2026-06-14 17:56:58,483 - INFO - 🎯 IGDB Match: 'Poker Club' (100%)
2026-06-14 17:56:58,490 - INFO - 📅 Fetching Basic Metadata: The Sims 4 The Daring Lifestyle Bundle
2026-06-14 17:56:58,604 - INFO - 🎯 IGDB Match: 'The Sims 4: The Daring Lifestyle Bundle' (99%)
2026-06-14 17:56:58,613 - INFO - 📅 Fetching Basic Metadata: Dodo Peak
2026-06-14 17:56:58,748 - INFO - 🎯 IGDB Match: 'Dodo Peak' (100%)
2026-06-14 17:56:58,755 - INFO - 📅 Fetching Basic Metadata: Spelldrifter
2026-06-14 17:56:58,873 - INFO - 🎯 IGDB Match: 'Spelldrifter' (100%)
2026-06-14 17:56:58,880 - INFO - 📅 Fetching Basic Metadata: Model Builder
2026-06-14 17:56:58,986 - INFO - 🎯 IGDB Match: 'Model Builder' (100%)
2026-06-14 17:56:58,993 - INFO - 📅 Fetching Basic Metadata: Godlike Burger
2026-06-14 17:56:59,295 - INFO - 🎯 IGDB Match: 'Godlike Burger' (100%)
2026-06-14 17:56:59,301 - INFO - 📅 Fetching Basic Metadata: Q.U.B.E. Ultimate Bundle
2026-06-14 17:56:59,578 - INFO - 🎯 IGDB Match: 'Q.U.B.E. Ultimate Bundle' (100%)
2026-06-14 17:56:59,586 - INFO - 📅 Fetching Basic Metadata: Jitsu Squad
2026-06-14 17:56:59,911 - INFO - 🎯 IGDB Match: 'Jitsu Squad' (100%)
2026-06-14 17:56:59,917 - INFO - 📅 Fetching Basic Metadata: Mighty Fight Federation
2026-06-14 17:57:00,031 - INFO - 🎯 IGDB Match: 'Mighty Fight Federation' (100%)
2026-06-14 17:57:00,042 - INFO - 📅 Fetching Basic Metadata: LOVE
2026-06-14 17:57:00,369 - INFO - 🎯 IGDB Match: 'Love Love Love' (90%)
2026-06-14 17:57:00,377 - INFO - 📅 Fetching Basic Metadata: Call of The Wild: The Angler
2026-06-14 17:57:00,499 - INFO - 🎯 IGDB Match: 'Call of the Wild: The Angler' (100%)
2026-06-14 17:57:00,508 - INFO - 📅 Fetching Basic Metadata: The Falconeer
2026-06-14 17:57:00,690 - INFO - 🎯 IGDB Match: 'The Falconeer: The Hunter' (90%)
2026-06-14 17:57:00,697 - INFO - 📅 Fetching Basic Metadata: Rawmen: Food Fighter Arena
2026-06-14 17:57:00,915 - INFO - 🎯 IGDB Match: 'Rawmen' (90%)
2026-06-14 17:57:00,921 - INFO - 📅 Fetching Basic Metadata: World of Warships – Starter Pack: Albany
2026-06-14 17:57:01,045 - INFO - 📅 Fetching Basic Metadata: Fallout Classic Edition
2026-06-14 17:57:01,165 - INFO - 📅 Fetching Basic Metadata: Outliver: Tribulation
2026-06-14 17:57:01,504 - INFO - 🎯 IGDB Match: 'Outliver: Tribulation' (100%)
2026-06-14 17:57:01,512 - INFO - 📅 Fetching Basic Metadata: Bus Simulator 21 Next Stop
2026-06-14 17:57:01,620 - INFO - 🎯 IGDB Match: 'Bus Simulator 21: Next Stop' (98%)
2026-06-14 17:57:01,629 - INFO - 📅 Fetching Basic Metadata: Turmoil
2026-06-14 17:57:01,874 - INFO - 🎯 IGDB Match: 'Turmoil' (100%)
2026-06-14 17:57:01,882 - INFO - 📅 Fetching Basic Metadata: World War Z Aftermath
2026-06-14 17:57:02,095 - INFO - 🎯 IGDB Match: 'World War Z: Aftermath' (98%)
2026-06-14 17:57:02,101 - INFO - 📅 Fetching Basic Metadata: World Of Warships – Anniversary Party Flavor
2026-06-14 17:57:02,250 - INFO - 📅 Fetching Basic Metadata: Neko Ghost, Jump!
2026-06-14 17:57:02,574 - INFO - 🎯 IGDB Match: 'Neko Ghost, Jump!' (100%)
2026-06-14 17:57:02,582 - INFO - 📅 Fetching Basic Metadata: Super Space Club
2026-06-14 17:57:02,889 - INFO - 🎯 IGDB Match: 'Super Space Club' (100%)
2026-06-14 17:57:02,896 - INFO - 📅 Fetching Basic Metadata: Touch Type Tale
2026-06-14 17:57:03,002 - INFO - 🎯 IGDB Match: 'Touch Type Tale' (100%)
2026-06-14 17:57:03,009 - INFO - 📅 Fetching Basic Metadata: Gigapocalypse
2026-06-14 17:57:03,126 - INFO - 🎯 IGDB Match: 'Gigapocalypse' (100%)
2026-06-14 17:57:03,134 - INFO - 📅 Fetching Basic Metadata: Legion TD2
2026-06-14 17:57:03,257 - INFO - 📅 Fetching Basic Metadata: Nightingale
2026-06-14 17:57:03,541 - INFO - 🎯 IGDB Match: 'Nightingale' (100%)
2026-06-14 17:57:03,549 - INFO - 📅 Fetching Basic Metadata: Godzilla Voxel Wars
2026-06-14 17:57:03,944 - INFO - 🎯 IGDB Match: 'Godzilla Voxel Wars' (100%)
2026-06-14 17:57:03,953 - INFO - 📅 Fetching Basic Metadata: Trine Classic Collection
2026-06-14 17:57:04,069 - INFO - 🎯 IGDB Match: 'Trine Classic Collection' (100%)
2026-06-14 17:57:04,077 - INFO - 📅 Fetching Basic Metadata: Poison Retro Set
2026-06-14 17:57:04,195 - INFO - 🎯 IGDB Match: 'Pixel Gun 3D: Poison Retro Set' (90%)
2026-06-14 17:57:04,201 - INFO - 📅 Fetching Basic Metadata: The Darkside Detective A Fumble in the Dark
2026-06-14 17:57:04,309 - INFO - 🎯 IGDB Match: 'The Darkside Detective: A Fumble in the Dark' (99%)
2026-06-14 17:57:04,315 - INFO - 📅 Fetching Basic Metadata: Return to Ash
2026-06-14 17:57:04,429 - INFO - 🎯 IGDB Match: 'Return to Ash' (100%)
2026-06-14 17:57:04,436 - INFO - 🏢 Publisher Search: STALCRAFT: X Starter Edition
2026-06-14 17:57:05,759 - INFO - 📅 Fetching Basic Metadata: STALCRAFT: X Starter Edition
2026-06-14 17:57:05,884 - INFO - 📅 Fetching Basic Metadata: Boxes: Lost Fragments
2026-06-14 17:57:06,087 - INFO - 🎯 IGDB Match: 'Boxes: Lost Fragments' (100%)
2026-06-14 17:57:06,093 - INFO - 📅 Fetching Basic Metadata: My Night Job
2026-06-14 17:57:06,209 - INFO - 🎯 IGDB Match: 'My Night Job' (100%)
2026-06-14 17:57:06,217 - INFO - 📅 Fetching Basic Metadata: Electrician Simulator
2026-06-14 17:57:06,337 - INFO - 🎯 IGDB Match: 'Electrician Simulator' (100%)
2026-06-14 17:57:06,344 - INFO - 🏢 Publisher Search: World of Warships — Epic Anniversary Tachibana Pack
2026-06-14 17:57:07,667 - INFO - 📅 Fetching Basic Metadata: World of Warships — Epic Anniversary Tachibana Pack
2026-06-14 17:57:07,834 - INFO - 📅 Fetching Basic Metadata: Hyper Echelon
2026-06-14 17:57:07,967 - INFO - 🎯 IGDB Match: 'Hyper Echelon' (100%)
2026-06-14 17:57:07,973 - INFO - 📅 Fetching Basic Metadata: Havendock
2026-06-14 17:57:08,114 - INFO - 🎯 IGDB Match: 'Havendock' (100%)
2026-06-14 17:57:08,120 - INFO - 📅 Fetching Basic Metadata: Clone Drone in the Danger Zone
2026-06-14 17:57:08,237 - INFO - 🎯 IGDB Match: 'Clone Drone in the Danger Zone' (100%)
2026-06-14 17:57:08,243 - INFO - 🏢 Publisher Search: TOMAK: Save the Earth Regeneration
2026-06-14 17:57:09,555 - INFO - 📅 Fetching Basic Metadata: TOMAK: Save the Earth Regeneration
2026-06-14 17:57:09,668 - INFO - 🎯 IGDB Match: 'Tomak: Save the Earth Regeneration' (100%)
2026-06-14 17:57:09,674 - INFO - 📅 Fetching Basic Metadata: Prop Sumo
2026-06-14 17:57:09,789 - INFO - 🎯 IGDB Match: 'Prop Sumo' (100%)
2026-06-14 17:57:09,795 - INFO - 📅 Fetching Basic Metadata: The Stone of Madness
2026-06-14 17:57:09,913 - INFO - 🎯 IGDB Match: 'The Stone of Madness' (100%)
2026-06-14 17:57:09,920 - INFO - 📅 Fetching Basic Metadata: Firestone Online Idle RPG
2026-06-14 17:57:10,131 - INFO - 🎯 IGDB Match: 'Firestone: Online Idle RPG' (98%)
2026-06-14 17:57:10,137 - INFO - 📅 Fetching Basic Metadata: Oddsparks: An Automation Adventure
2026-06-14 17:57:10,259 - INFO - 🎯 IGDB Match: 'Oddsparks: An Automation Adventure' (100%)
2026-06-14 17:57:10,266 - INFO - 📅 Fetching Basic Metadata: Trash Goblin
2026-06-14 17:57:10,386 - INFO - 🎯 IGDB Match: 'Trash Goblin' (100%)
2026-06-14 17:57:10,392 - INFO - 🏢 Publisher Search: The Telltale Batman Shadows Edition
2026-06-14 17:57:11,712 - INFO - 📅 Fetching Basic Metadata: The Telltale Batman Shadows Edition
2026-06-14 17:57:11,821 - INFO - 🎯 IGDB Match: 'Telltale Batman Shadows Edition' (95%)
2026-06-14 17:57:11,827 - INFO - 🏢 Publisher Search: Sunderfolk - Standard Edition
2026-06-14 17:57:13,186 - INFO - 📅 Fetching Basic Metadata: Sunderfolk - Standard Edition
2026-06-14 17:57:13,309 - INFO - 📅 Fetching Basic Metadata: Down in Bermuda
2026-06-14 17:57:13,421 - INFO - 🎯 IGDB Match: 'Down in Bermuda' (100%)
2026-06-14 17:57:13,427 - INFO - 📅 Fetching Basic Metadata: Tomb Raider I-III Remastered Starring Lara Croft
2026-06-14 17:57:13,541 - INFO - 📅 Fetching Basic Metadata: LONESTAR
2026-06-14 17:57:13,732 - INFO - 🎯 IGDB Match: 'LoneStar' (100%)
2026-06-14 17:57:13,739 - INFO - 📅 Fetching Basic Metadata: Calico
2026-06-14 17:57:13,856 - INFO - 🎯 IGDB Match: 'Calico' (100%)
2026-06-14 17:57:13,863 - INFO - 📅 Fetching Basic Metadata: Rogue Waters
2026-06-14 17:57:14,029 - INFO - 🎯 IGDB Match: 'Rogue Waters' (100%)
2026-06-14 17:57:14,038 - INFO - 📅 Fetching Basic Metadata: The Ouroboros King
2026-06-14 17:57:14,285 - INFO - 🎯 IGDB Match: 'The Ouroboros King' (100%)
2026-06-14 17:57:14,292 - INFO - 🏢 Publisher Search: Warhammer 40K Speed Freeks
2026-06-14 17:57:15,598 - INFO - 📅 Fetching Basic Metadata: Warhammer 40K Speed Freeks
2026-06-14 17:57:15,725 - INFO - 
--- Starting Data Quality Checks ---
2026-06-14 17:57:15,739 - INFO - --- Data Quality Checks Complete ---

2026-06-14 17:57:15,769 - INFO - | Metric | Statistics |
| :--- | :--- |
| 💰 **Total Market Value** | **$13,108.09** |
| 📦 **Total Games Collected** | 680 |
| 🏷️ **Average Retail Price** | $22.35 per game |
| 💎 **Most Expensive Title** | Civilization 6 Platinum Edition ($79.99) |
| 👑 **MVP Publisher** | Bethesda Softworks |
| 🏢 **Value Leaders** | 2K ($579.90), Bethesda Softworks ($544.80), Paradox Interactive ($409.89) |
| 📈 **Inflation-Adjusted Value** | $14,905.33 |
| 🎈 **Inflation Bonus** | **+$1,797.24** in purchasing power |
| 🗓️ **Peak Saving Month** | 🎄 **Seasonality Peak:** December is historically the best month, offering $3,388.17 in savings. |
| ⭐ **Average Score** | 76.8/100 |
| 💳 **Subscription Equivalent** | **$168.86 / mo** |
| 🎯 **Prestige Ratio** | **1.9%** (Strategic Hype) |
| 🏎️ **Lead Time Avg** | 447 Days to Sequel |

2026-06-14 17:57:15,770 - INFO - ✅ README.md updated.
2026-06-14 17:57:15,795 - INFO - Using categorical units to plot a list of strings that are all parsable as floats or dates. If these strings should be plotted as numbers, cast to the appropriate data type before plotting.
2026-06-14 17:57:15,796 - INFO - Using categorical units to plot a list of strings that are all parsable as floats or dates. If these strings should be plotted as numbers, cast to the appropriate data type before plotting.
2026-06-14 17:57:22,199 - INFO - 📈 All charts generated successfully.
