2026-07-16 17:46:03,064 - INFO - Failed to extract font properties from /usr/share/fonts/truetype/noto/NotoColorEmoji.ttf: Non-scalable fonts are not supported
2026-07-16 17:46:03,106 - INFO - generated new fontManager
2026-07-16 17:46:03,547 - INFO - ✅ Migration Successful!
2026-07-16 17:46:04,130 - INFO - Added 2 new games!
2026-07-16 17:46:04,481 - INFO - 🔍 Found 613 games needing metadata. Starting IGDB + Steam + CheapShark enrichment...
2026-07-16 17:46:04,602 - INFO - 📅 Fetching Basic Metadata: LEGO Batman Trilogy
2026-07-16 17:46:04,941 - INFO - 🎯 IGDB Match: 'LEGO Batman Trilogy' (100%)
2026-07-16 17:46:04,970 - INFO - 📅 Fetching Basic Metadata: Antstream
2026-07-16 17:46:05,118 - INFO - 📅 Fetching Basic Metadata: The Drone Racing League Simulator
2026-07-16 17:46:05,242 - INFO - 🎯 IGDB Match: 'The Drone Racing League Simulator' (100%)
2026-07-16 17:46:05,250 - INFO - 📅 Fetching Basic Metadata: Dark Deity
2026-07-16 17:46:05,392 - INFO - 🎯 IGDB Match: 'Dark Deity' (100%)
2026-07-16 17:46:05,398 - INFO - 📅 Fetching Basic Metadata: RPG in a Box
2026-07-16 17:46:05,543 - INFO - 🎯 IGDB Match: 'RPG in a Box' (100%)
2026-07-16 17:46:05,550 - INFO - 📅 Fetching Basic Metadata: Fallout Classic Collection
2026-07-16 17:46:05,690 - INFO - 🎯 IGDB Match: 'Fallout Classic Collection' (100%)
2026-07-16 17:46:05,699 - INFO - 📅 Fetching Basic Metadata: Recipe for Disaster
2026-07-16 17:46:05,774 - INFO - 🎯 IGDB Match: 'Recipe For Disaster' (100%)
2026-07-16 17:46:05,781 - INFO - 📅 Fetching Basic Metadata: World of Warships — Starter Pack: Ishizuchi
2026-07-16 17:46:05,855 - INFO - 🎯 IGDB Match: 'World of Warships: Starter Pack - Ishizuchi' (98%)
2026-07-16 17:46:05,862 - INFO - 📅 Fetching Basic Metadata: Poker Club
2026-07-16 17:46:06,041 - INFO - 🎯 IGDB Match: 'Poker Club' (100%)
2026-07-16 17:46:06,047 - INFO - 📅 Fetching Basic Metadata: The Sims 4 The Daring Lifestyle Bundle
2026-07-16 17:46:06,121 - INFO - 🎯 IGDB Match: 'The Sims 4: The Daring Lifestyle Bundle' (99%)
2026-07-16 17:46:06,129 - INFO - 📅 Fetching Basic Metadata: Dodo Peak
2026-07-16 17:46:06,249 - INFO - 🎯 IGDB Match: 'Dodo Peak' (100%)
2026-07-16 17:46:06,255 - INFO - 📅 Fetching Basic Metadata: Spelldrifter
2026-07-16 17:46:06,366 - INFO - 🎯 IGDB Match: 'Spelldrifter' (100%)
2026-07-16 17:46:06,373 - INFO - 📅 Fetching Basic Metadata: Model Builder
2026-07-16 17:46:06,463 - INFO - 🎯 IGDB Match: 'Model Builder' (100%)
2026-07-16 17:46:06,469 - INFO - 📅 Fetching Basic Metadata: Godlike Burger
2026-07-16 17:46:06,631 - INFO - 🎯 IGDB Match: 'Godlike Burger' (100%)
2026-07-16 17:46:06,637 - INFO - 📅 Fetching Basic Metadata: Q.U.B.E. Ultimate Bundle
2026-07-16 17:46:06,709 - INFO - 🎯 IGDB Match: 'Q.U.B.E. Ultimate Bundle' (100%)
2026-07-16 17:46:06,717 - INFO - 📅 Fetching Basic Metadata: Jitsu Squad
2026-07-16 17:46:06,873 - INFO - 🎯 IGDB Match: 'Jitsu Squad' (100%)
2026-07-16 17:46:06,879 - INFO - 📅 Fetching Basic Metadata: Mighty Fight Federation
2026-07-16 17:46:06,953 - INFO - 🎯 IGDB Match: 'Mighty Fight Federation' (100%)
2026-07-16 17:46:06,963 - INFO - 📅 Fetching Basic Metadata: LOVE
2026-07-16 17:46:07,132 - INFO - 🎯 IGDB Match: 'Love Love Love' (90%)
2026-07-16 17:46:07,139 - INFO - 📅 Fetching Basic Metadata: Call of The Wild: The Angler
2026-07-16 17:46:07,211 - INFO - 🎯 IGDB Match: 'Call of the Wild: The Angler' (100%)
2026-07-16 17:46:07,220 - INFO - 📅 Fetching Basic Metadata: The Falconeer
2026-07-16 17:46:07,347 - INFO - 🎯 IGDB Match: 'The Falconeer: The Hunter' (90%)
2026-07-16 17:46:07,354 - INFO - 📅 Fetching Basic Metadata: Rawmen: Food Fighter Arena
2026-07-16 17:46:07,413 - WARNING - IGDB Error for Rawmen: Food Fighter Arena: string indices must be integers, not 'str'
2026-07-16 17:46:07,419 - INFO - 📅 Fetching Basic Metadata: World of Warships – Starter Pack: Albany
2026-07-16 17:46:07,552 - INFO - 📅 Fetching Basic Metadata: Fallout Classic Edition
2026-07-16 17:46:07,630 - INFO - 📅 Fetching Basic Metadata: Outliver: Tribulation
2026-07-16 17:46:07,733 - INFO - 🎯 IGDB Match: 'Outliver: Tribulation' (100%)
2026-07-16 17:46:07,741 - INFO - 📅 Fetching Basic Metadata: Bus Simulator 21 Next Stop
2026-07-16 17:46:07,809 - WARNING - IGDB Error for Bus Simulator 21 Next Stop: string indices must be integers, not 'str'
2026-07-16 17:46:07,818 - INFO - 📅 Fetching Basic Metadata: Turmoil
2026-07-16 17:46:07,966 - INFO - 🎯 IGDB Match: 'Turmoil' (100%)
2026-07-16 17:46:07,973 - INFO - 📅 Fetching Basic Metadata: World War Z Aftermath
2026-07-16 17:46:08,036 - WARNING - IGDB Error for World War Z Aftermath: string indices must be integers, not 'str'
2026-07-16 17:46:08,042 - INFO - 📅 Fetching Basic Metadata: World Of Warships – Anniversary Party Flavor
2026-07-16 17:46:08,167 - WARNING - IGDB Error for World Of Warships – Anniversary Party Flavor: string indices must be integers, not 'str'
2026-07-16 17:46:08,173 - INFO - 📅 Fetching Basic Metadata: Neko Ghost, Jump!
2026-07-16 17:46:08,297 - WARNING - IGDB Error for Neko Ghost, Jump!: string indices must be integers, not 'str'
2026-07-16 17:46:08,304 - INFO - 📅 Fetching Basic Metadata: Super Space Club
2026-07-16 17:46:08,363 - WARNING - IGDB Error for Super Space Club: string indices must be integers, not 'str'
2026-07-16 17:46:08,369 - INFO - 📅 Fetching Basic Metadata: Touch Type Tale
2026-07-16 17:46:08,429 - WARNING - IGDB Error for Touch Type Tale: string indices must be integers, not 'str'
2026-07-16 17:46:08,436 - INFO - 📅 Fetching Basic Metadata: Gigapocalypse
2026-07-16 17:46:08,495 - WARNING - IGDB Error for Gigapocalypse: string indices must be integers, not 'str'
2026-07-16 17:46:08,503 - INFO - 📅 Fetching Basic Metadata: Legion TD2
2026-07-16 17:46:08,562 - WARNING - IGDB Error for Legion TD2: string indices must be integers, not 'str'
2026-07-16 17:46:08,570 - INFO - 📅 Fetching Basic Metadata: Nightingale
2026-07-16 17:46:08,635 - WARNING - IGDB Error for Nightingale: string indices must be integers, not 'str'
2026-07-16 17:46:08,642 - INFO - 📅 Fetching Basic Metadata: Godzilla Voxel Wars
2026-07-16 17:46:08,701 - WARNING - IGDB Error for Godzilla Voxel Wars: string indices must be integers, not 'str'
2026-07-16 17:46:08,709 - INFO - 📅 Fetching Basic Metadata: Trine Classic Collection
2026-07-16 17:46:08,771 - WARNING - IGDB Error for Trine Classic Collection: string indices must be integers, not 'str'
2026-07-16 17:46:08,778 - INFO - 📅 Fetching Basic Metadata: Poison Retro Set
2026-07-16 17:46:08,839 - WARNING - IGDB Error for Poison Retro Set: string indices must be integers, not 'str'
2026-07-16 17:46:08,845 - INFO - 📅 Fetching Basic Metadata: The Darkside Detective A Fumble in the Dark
2026-07-16 17:46:08,904 - WARNING - IGDB Error for The Darkside Detective A Fumble in the Dark: string indices must be integers, not 'str'
2026-07-16 17:46:08,911 - INFO - 📅 Fetching Basic Metadata: Return to Ash
2026-07-16 17:46:09,023 - WARNING - IGDB Error for Return to Ash: string indices must be integers, not 'str'
2026-07-16 17:46:09,029 - INFO - 🏢 Publisher Search: STALCRAFT: X Starter Edition
2026-07-16 17:46:10,387 - INFO - 📅 Fetching Basic Metadata: STALCRAFT: X Starter Edition
2026-07-16 17:46:10,470 - INFO - 📅 Fetching Basic Metadata: Boxes: Lost Fragments
2026-07-16 17:46:10,549 - INFO - 🎯 IGDB Match: 'Boxes: Lost Fragments' (100%)
2026-07-16 17:46:10,555 - INFO - 📅 Fetching Basic Metadata: My Night Job
2026-07-16 17:46:10,629 - INFO - 🎯 IGDB Match: 'My Night Job' (100%)
2026-07-16 17:46:10,636 - INFO - 📅 Fetching Basic Metadata: Electrician Simulator
2026-07-16 17:46:10,716 - INFO - 🎯 IGDB Match: 'Electrician Simulator' (100%)
2026-07-16 17:46:10,722 - INFO - 🏢 Publisher Search: World of Warships — Epic Anniversary Tachibana Pack
2026-07-16 17:46:12,143 - INFO - 📅 Fetching Basic Metadata: World of Warships — Epic Anniversary Tachibana Pack
2026-07-16 17:46:12,241 - INFO - 📅 Fetching Basic Metadata: Hyper Echelon
2026-07-16 17:46:12,325 - INFO - 🎯 IGDB Match: 'Hyper Echelon' (100%)
2026-07-16 17:46:12,332 - INFO - 📅 Fetching Basic Metadata: Havendock
2026-07-16 17:46:12,408 - INFO - 🎯 IGDB Match: 'Havendock' (100%)
2026-07-16 17:46:12,414 - INFO - 📅 Fetching Basic Metadata: Clone Drone in the Danger Zone
2026-07-16 17:46:12,512 - INFO - 🎯 IGDB Match: 'Clone Drone in the Danger Zone' (100%)
2026-07-16 17:46:12,518 - INFO - 🏢 Publisher Search: TOMAK: Save the Earth Regeneration
2026-07-16 17:46:13,831 - INFO - 📅 Fetching Basic Metadata: TOMAK: Save the Earth Regeneration
2026-07-16 17:46:13,904 - INFO - 🎯 IGDB Match: 'Tomak: Save the Earth Regeneration' (100%)
2026-07-16 17:46:13,911 - INFO - 📅 Fetching Basic Metadata: Prop Sumo
2026-07-16 17:46:13,990 - INFO - 🎯 IGDB Match: 'Prop Sumo' (100%)
2026-07-16 17:46:13,997 - INFO - 📅 Fetching Basic Metadata: The Stone of Madness
2026-07-16 17:46:14,127 - INFO - 🎯 IGDB Match: 'The Stone of Madness' (100%)
2026-07-16 17:46:14,133 - INFO - 📅 Fetching Basic Metadata: Firestone Online Idle RPG
2026-07-16 17:46:14,249 - INFO - 🎯 IGDB Match: 'Firestone: Online Idle RPG' (98%)
2026-07-16 17:46:14,255 - INFO - 📅 Fetching Basic Metadata: Oddsparks: An Automation Adventure
2026-07-16 17:46:14,451 - INFO - 🎯 IGDB Match: 'Oddsparks: An Automation Adventure' (100%)
2026-07-16 17:46:14,458 - INFO - 📅 Fetching Basic Metadata: Trash Goblin
2026-07-16 17:46:14,583 - INFO - 🎯 IGDB Match: 'Trash Goblin' (100%)
2026-07-16 17:46:14,589 - INFO - 🏢 Publisher Search: The Telltale Batman Shadows Edition
2026-07-16 17:46:15,886 - INFO - 📅 Fetching Basic Metadata: The Telltale Batman Shadows Edition
2026-07-16 17:46:16,029 - INFO - 🎯 IGDB Match: 'Telltale Batman Shadows Edition' (95%)
2026-07-16 17:46:16,035 - INFO - 🏢 Publisher Search: Sunderfolk - Standard Edition
2026-07-16 17:46:17,488 - INFO - 📅 Fetching Basic Metadata: Sunderfolk - Standard Edition
2026-07-16 17:46:17,573 - INFO - 📅 Fetching Basic Metadata: Down in Bermuda
2026-07-16 17:46:17,697 - INFO - 🎯 IGDB Match: 'Down in Bermuda' (100%)
2026-07-16 17:46:17,704 - INFO - 📅 Fetching Basic Metadata: Tomb Raider I-III Remastered Starring Lara Croft
2026-07-16 17:46:17,834 - INFO - 📅 Fetching Basic Metadata: LONESTAR
2026-07-16 17:46:17,955 - INFO - 🎯 IGDB Match: 'LoneStar' (100%)
2026-07-16 17:46:17,961 - INFO - 📅 Fetching Basic Metadata: Calico
2026-07-16 17:46:18,033 - INFO - 🎯 IGDB Match: 'Calico' (100%)
2026-07-16 17:46:18,039 - INFO - 📅 Fetching Basic Metadata: Rogue Waters
2026-07-16 17:46:18,200 - INFO - 🎯 IGDB Match: 'Rogue Waters' (100%)
2026-07-16 17:46:18,207 - INFO - 📅 Fetching Basic Metadata: The Ouroboros King
2026-07-16 17:46:18,335 - INFO - 🎯 IGDB Match: 'The Ouroboros King' (100%)
2026-07-16 17:46:18,340 - INFO - 🏢 Publisher Search: Warhammer 40K Speed Freeks
2026-07-16 17:46:19,713 - INFO - 📅 Fetching Basic Metadata: I Have No Mouth, and I Must Scream
2026-07-16 17:46:19,835 - INFO - 🎯 IGDB Match: 'I Have No Mouth, and I Must Scream' (100%)
2026-07-16 17:46:19,841 - INFO - 📅 Fetching Basic Metadata: Nova Lands
2026-07-16 17:46:19,967 - INFO - 🎯 IGDB Match: 'Nova Lands' (100%)
2026-07-16 17:46:19,973 - INFO - 📅 Fetching Basic Metadata: Tattoo Tycoon
2026-07-16 17:46:20,049 - INFO - 🎯 IGDB Match: 'Tattoo Tycoon' (100%)
2026-07-16 17:46:20,055 - INFO - 💰 Price Search: Luto
2026-07-16 17:46:21,503 - INFO - 🏢 Publisher Search: Luto
2026-07-16 17:46:22,972 - INFO - 📅 Fetching Basic Metadata: Luto
2026-07-16 17:46:23,094 - INFO - 🎯 IGDB Match: 'Luto' (100%)
2026-07-16 17:46:23,094 - INFO - 🔗 Searching Franchise Context: Luto
2026-07-16 17:46:23,448 - INFO - 📡 Fallback to IGDB for Luto
2026-07-16 17:46:23,531 - INFO - 💰 Price Search: Echo Generation: Midnight Edition
2026-07-16 17:46:24,981 - INFO - 🏢 Publisher Search: Echo Generation: Midnight Edition
2026-07-16 17:46:26,549 - INFO - 📅 Fetching Basic Metadata: Echo Generation: Midnight Edition
2026-07-16 17:46:26,706 - INFO - 🎯 IGDB Match: 'Echo Generation: Midnight Edition' (100%)
2026-07-16 17:46:26,706 - INFO - 🔗 Searching Franchise Context: Echo Generation: Midnight Edition
2026-07-16 17:46:26,861 - INFO - 📡 Fallback to IGDB for Echo Generation: Midnight Edition
2026-07-16 17:46:26,952 - INFO - 
--- Starting Data Quality Checks ---
2026-07-16 17:46:26,965 - INFO - --- Data Quality Checks Complete ---

2026-07-16 17:46:26,996 - INFO - | Metric | Statistics |
| :--- | :--- |
| 💰 **Total Market Value** | **$13,332.99** |
| 📦 **Total Games Collected** | 690 |
| 🏷️ **Average Retail Price** | $22.35 per game |
| 💎 **Most Expensive Title** | Civilization 6 Platinum Edition ($79.99) |
| 👑 **MVP Publisher** | Bethesda Softworks |
| 🏢 **Value Leaders** | 2K ($579.90), Bethesda Softworks ($544.80), Paradox Interactive ($409.89) |
| 📈 **Inflation-Adjusted Value** | $15,130.23 |
| 🎈 **Inflation Bonus** | **+$1,797.24** in purchasing power |
| 🗓️ **Peak Saving Month** | 🎄 **Seasonality Peak:** December is historically the best month, offering $3,388.17 in savings. |
| ⭐ **Average Score** | 76.9/100 |
| 💳 **Subscription Equivalent** | **$169.48 / mo** |
| 🎯 **Prestige Ratio** | **2.0%** (Strategic Hype) |
| 🏎️ **Lead Time Avg** | 441 Days to Sequel |

2026-07-16 17:46:26,996 - INFO - ✅ README.md updated.
2026-07-16 17:46:27,020 - INFO - Using categorical units to plot a list of strings that are all parsable as floats or dates. If these strings should be plotted as numbers, cast to the appropriate data type before plotting.
2026-07-16 17:46:27,021 - INFO - Using categorical units to plot a list of strings that are all parsable as floats or dates. If these strings should be plotted as numbers, cast to the appropriate data type before plotting.
2026-07-16 17:46:33,270 - INFO - 📈 All charts generated successfully.
