2026-07-17 17:38:10,772 - INFO - Failed to extract font properties from /usr/share/fonts/truetype/noto/NotoColorEmoji.ttf: Non-scalable fonts are not supported
2026-07-17 17:38:10,804 - INFO - generated new fontManager
2026-07-17 17:38:11,202 - INFO - ✅ Migration Successful!
2026-07-17 17:38:11,562 - INFO - No new games found.
2026-07-17 17:38:11,886 - INFO - 🔍 Found 613 games needing metadata. Starting IGDB + Steam + CheapShark enrichment...
2026-07-17 17:38:11,993 - INFO - 📅 Fetching Basic Metadata: LEGO Batman Trilogy
2026-07-17 17:38:12,175 - INFO - 🎯 IGDB Match: 'LEGO Batman Trilogy' (100%)
2026-07-17 17:38:12,204 - INFO - 📅 Fetching Basic Metadata: Antstream
2026-07-17 17:38:12,342 - INFO - 📅 Fetching Basic Metadata: The Drone Racing League Simulator
2026-07-17 17:38:12,431 - INFO - 🎯 IGDB Match: 'The Drone Racing League Simulator' (100%)
2026-07-17 17:38:12,440 - INFO - 📅 Fetching Basic Metadata: Dark Deity
2026-07-17 17:38:12,567 - INFO - 🎯 IGDB Match: 'Dark Deity' (100%)
2026-07-17 17:38:12,574 - INFO - 📅 Fetching Basic Metadata: RPG in a Box
2026-07-17 17:38:12,644 - INFO - 🎯 IGDB Match: 'RPG in a Box' (100%)
2026-07-17 17:38:12,651 - INFO - 📅 Fetching Basic Metadata: Fallout Classic Collection
2026-07-17 17:38:12,719 - INFO - 🎯 IGDB Match: 'Fallout Classic Collection' (100%)
2026-07-17 17:38:12,727 - INFO - 📅 Fetching Basic Metadata: Recipe for Disaster
2026-07-17 17:38:12,812 - INFO - 🎯 IGDB Match: 'Recipe For Disaster' (100%)
2026-07-17 17:38:12,819 - INFO - 📅 Fetching Basic Metadata: World of Warships — Starter Pack: Ishizuchi
2026-07-17 17:38:12,929 - INFO - 🎯 IGDB Match: 'World of Warships: Starter Pack - Ishizuchi' (98%)
2026-07-17 17:38:12,937 - INFO - 📅 Fetching Basic Metadata: Poker Club
2026-07-17 17:38:13,022 - INFO - 🎯 IGDB Match: 'Poker Club' (100%)
2026-07-17 17:38:13,029 - INFO - 📅 Fetching Basic Metadata: The Sims 4 The Daring Lifestyle Bundle
2026-07-17 17:38:13,140 - INFO - 🎯 IGDB Match: 'The Sims 4: The Daring Lifestyle Bundle' (99%)
2026-07-17 17:38:13,149 - INFO - 📅 Fetching Basic Metadata: Dodo Peak
2026-07-17 17:38:13,222 - INFO - 🎯 IGDB Match: 'Dodo Peak' (100%)
2026-07-17 17:38:13,229 - INFO - 📅 Fetching Basic Metadata: Spelldrifter
2026-07-17 17:38:13,297 - INFO - 🎯 IGDB Match: 'Spelldrifter' (100%)
2026-07-17 17:38:13,305 - INFO - 📅 Fetching Basic Metadata: Model Builder
2026-07-17 17:38:13,380 - INFO - 🎯 IGDB Match: 'Model Builder' (100%)
2026-07-17 17:38:13,387 - INFO - 📅 Fetching Basic Metadata: Godlike Burger
2026-07-17 17:38:13,461 - INFO - 🎯 IGDB Match: 'Godlike Burger' (100%)
2026-07-17 17:38:13,468 - INFO - 📅 Fetching Basic Metadata: Q.U.B.E. Ultimate Bundle
2026-07-17 17:38:13,538 - INFO - 🎯 IGDB Match: 'Q.U.B.E. Ultimate Bundle' (100%)
2026-07-17 17:38:13,546 - INFO - 📅 Fetching Basic Metadata: Jitsu Squad
2026-07-17 17:38:13,623 - INFO - 🎯 IGDB Match: 'Jitsu Squad' (100%)
2026-07-17 17:38:13,630 - INFO - 📅 Fetching Basic Metadata: Mighty Fight Federation
2026-07-17 17:38:13,808 - INFO - 🎯 IGDB Match: 'Mighty Fight Federation' (100%)
2026-07-17 17:38:13,818 - INFO - 📅 Fetching Basic Metadata: LOVE
2026-07-17 17:38:13,917 - INFO - 🎯 IGDB Match: 'Love Love Love' (90%)
2026-07-17 17:38:13,926 - INFO - 📅 Fetching Basic Metadata: Call of The Wild: The Angler
2026-07-17 17:38:14,002 - INFO - 🎯 IGDB Match: 'Call of the Wild: The Angler' (100%)
2026-07-17 17:38:14,011 - INFO - 📅 Fetching Basic Metadata: The Falconeer
2026-07-17 17:38:14,088 - WARNING - IGDB Error for The Falconeer: string indices must be integers, not 'str'
2026-07-17 17:38:14,096 - INFO - 📅 Fetching Basic Metadata: Rawmen: Food Fighter Arena
2026-07-17 17:38:14,175 - INFO - 🎯 IGDB Match: 'Rawmen' (90%)
2026-07-17 17:38:14,182 - INFO - 📅 Fetching Basic Metadata: World of Warships – Starter Pack: Albany
2026-07-17 17:38:14,296 - WARNING - IGDB Error for World of Warships – Starter Pack: Albany: string indices must be integers, not 'str'
2026-07-17 17:38:14,303 - INFO - 📅 Fetching Basic Metadata: Fallout Classic Edition
2026-07-17 17:38:14,357 - WARNING - IGDB Error for Fallout Classic Edition: string indices must be integers, not 'str'
2026-07-17 17:38:14,365 - INFO - 📅 Fetching Basic Metadata: Outliver: Tribulation
2026-07-17 17:38:14,420 - WARNING - IGDB Error for Outliver: Tribulation: string indices must be integers, not 'str'
2026-07-17 17:38:14,428 - INFO - 📅 Fetching Basic Metadata: Bus Simulator 21 Next Stop
2026-07-17 17:38:14,483 - WARNING - IGDB Error for Bus Simulator 21 Next Stop: string indices must be integers, not 'str'
2026-07-17 17:38:14,492 - INFO - 📅 Fetching Basic Metadata: Turmoil
2026-07-17 17:38:14,563 - WARNING - IGDB Error for Turmoil: string indices must be integers, not 'str'
2026-07-17 17:38:14,570 - INFO - 📅 Fetching Basic Metadata: World War Z Aftermath
2026-07-17 17:38:14,629 - WARNING - IGDB Error for World War Z Aftermath: string indices must be integers, not 'str'
2026-07-17 17:38:14,636 - INFO - 📅 Fetching Basic Metadata: World Of Warships – Anniversary Party Flavor
2026-07-17 17:38:14,691 - WARNING - IGDB Error for World Of Warships – Anniversary Party Flavor: string indices must be integers, not 'str'
2026-07-17 17:38:14,698 - INFO - 📅 Fetching Basic Metadata: Neko Ghost, Jump!
2026-07-17 17:38:14,752 - WARNING - IGDB Error for Neko Ghost, Jump!: string indices must be integers, not 'str'
2026-07-17 17:38:14,759 - INFO - 📅 Fetching Basic Metadata: Super Space Club
2026-07-17 17:38:14,812 - WARNING - IGDB Error for Super Space Club: string indices must be integers, not 'str'
2026-07-17 17:38:14,819 - INFO - 📅 Fetching Basic Metadata: Touch Type Tale
2026-07-17 17:38:14,875 - WARNING - IGDB Error for Touch Type Tale: string indices must be integers, not 'str'
2026-07-17 17:38:14,882 - INFO - 📅 Fetching Basic Metadata: Gigapocalypse
2026-07-17 17:38:14,937 - WARNING - IGDB Error for Gigapocalypse: string indices must be integers, not 'str'
2026-07-17 17:38:14,946 - INFO - 📅 Fetching Basic Metadata: Legion TD2
2026-07-17 17:38:15,002 - WARNING - IGDB Error for Legion TD2: string indices must be integers, not 'str'
2026-07-17 17:38:15,012 - INFO - 📅 Fetching Basic Metadata: Nightingale
2026-07-17 17:38:15,067 - WARNING - IGDB Error for Nightingale: string indices must be integers, not 'str'
2026-07-17 17:38:15,076 - INFO - 📅 Fetching Basic Metadata: Godzilla Voxel Wars
2026-07-17 17:38:15,137 - WARNING - IGDB Error for Godzilla Voxel Wars: string indices must be integers, not 'str'
2026-07-17 17:38:15,146 - INFO - 📅 Fetching Basic Metadata: Trine Classic Collection
2026-07-17 17:38:15,202 - WARNING - IGDB Error for Trine Classic Collection: string indices must be integers, not 'str'
2026-07-17 17:38:15,209 - INFO - 📅 Fetching Basic Metadata: Poison Retro Set
2026-07-17 17:38:15,269 - WARNING - IGDB Error for Poison Retro Set: string indices must be integers, not 'str'
2026-07-17 17:38:15,276 - INFO - 📅 Fetching Basic Metadata: The Darkside Detective A Fumble in the Dark
2026-07-17 17:38:15,332 - WARNING - IGDB Error for The Darkside Detective A Fumble in the Dark: string indices must be integers, not 'str'
2026-07-17 17:38:15,339 - INFO - 📅 Fetching Basic Metadata: Return to Ash
2026-07-17 17:38:15,395 - WARNING - IGDB Error for Return to Ash: string indices must be integers, not 'str'
2026-07-17 17:38:15,402 - INFO - 🏢 Publisher Search: STALCRAFT: X Starter Edition
2026-07-17 17:38:16,725 - INFO - 📅 Fetching Basic Metadata: STALCRAFT: X Starter Edition
2026-07-17 17:38:16,814 - INFO - 📅 Fetching Basic Metadata: Boxes: Lost Fragments
2026-07-17 17:38:16,880 - INFO - 🎯 IGDB Match: 'Boxes: Lost Fragments' (100%)
2026-07-17 17:38:16,887 - INFO - 📅 Fetching Basic Metadata: My Night Job
2026-07-17 17:38:16,968 - INFO - 🎯 IGDB Match: 'My Night Job' (100%)
2026-07-17 17:38:16,977 - INFO - 📅 Fetching Basic Metadata: Electrician Simulator
2026-07-17 17:38:17,055 - INFO - 🎯 IGDB Match: 'Electrician Simulator' (100%)
2026-07-17 17:38:17,094 - INFO - 🏢 Publisher Search: World of Warships — Epic Anniversary Tachibana Pack
2026-07-17 17:38:18,428 - INFO - 📅 Fetching Basic Metadata: World of Warships — Epic Anniversary Tachibana Pack
2026-07-17 17:38:18,523 - INFO - 📅 Fetching Basic Metadata: Hyper Echelon
2026-07-17 17:38:18,608 - INFO - 🎯 IGDB Match: 'Hyper Echelon' (100%)
2026-07-17 17:38:18,615 - INFO - 📅 Fetching Basic Metadata: Havendock
2026-07-17 17:38:18,699 - INFO - 🎯 IGDB Match: 'Havendock' (100%)
2026-07-17 17:38:18,705 - INFO - 📅 Fetching Basic Metadata: Clone Drone in the Danger Zone
2026-07-17 17:38:18,791 - INFO - 🎯 IGDB Match: 'Clone Drone in the Danger Zone' (100%)
2026-07-17 17:38:18,797 - INFO - 🏢 Publisher Search: TOMAK: Save the Earth Regeneration
2026-07-17 17:38:20,135 - INFO - 📅 Fetching Basic Metadata: TOMAK: Save the Earth Regeneration
2026-07-17 17:38:20,262 - INFO - 🎯 IGDB Match: 'Tomak: Save the Earth Regeneration' (100%)
2026-07-17 17:38:20,268 - INFO - 📅 Fetching Basic Metadata: Prop Sumo
2026-07-17 17:38:20,376 - INFO - 🎯 IGDB Match: 'Prop Sumo' (100%)
2026-07-17 17:38:20,383 - INFO - 📅 Fetching Basic Metadata: The Stone of Madness
2026-07-17 17:38:20,454 - INFO - 🎯 IGDB Match: 'The Stone of Madness' (100%)
2026-07-17 17:38:20,461 - INFO - 📅 Fetching Basic Metadata: Firestone Online Idle RPG
2026-07-17 17:38:20,573 - INFO - 🎯 IGDB Match: 'Firestone: Online Idle RPG' (98%)
2026-07-17 17:38:20,580 - INFO - 📅 Fetching Basic Metadata: Oddsparks: An Automation Adventure
2026-07-17 17:38:20,656 - INFO - 🎯 IGDB Match: 'Oddsparks: An Automation Adventure' (100%)
2026-07-17 17:38:20,663 - INFO - 📅 Fetching Basic Metadata: Trash Goblin
2026-07-17 17:38:20,733 - INFO - 🎯 IGDB Match: 'Trash Goblin' (100%)
2026-07-17 17:38:20,740 - INFO - 🏢 Publisher Search: The Telltale Batman Shadows Edition
2026-07-17 17:38:22,034 - INFO - 📅 Fetching Basic Metadata: The Telltale Batman Shadows Edition
2026-07-17 17:38:22,103 - INFO - 🎯 IGDB Match: 'Telltale Batman Shadows Edition' (95%)
2026-07-17 17:38:22,109 - INFO - 🏢 Publisher Search: Sunderfolk - Standard Edition
2026-07-17 17:38:23,392 - INFO - 📅 Fetching Basic Metadata: Sunderfolk - Standard Edition
2026-07-17 17:38:23,471 - INFO - 📅 Fetching Basic Metadata: Down in Bermuda
2026-07-17 17:38:23,541 - INFO - 🎯 IGDB Match: 'Down in Bermuda' (100%)
2026-07-17 17:38:23,547 - INFO - 📅 Fetching Basic Metadata: Tomb Raider I-III Remastered Starring Lara Croft
2026-07-17 17:38:23,623 - INFO - 📅 Fetching Basic Metadata: LONESTAR
2026-07-17 17:38:23,690 - INFO - 🎯 IGDB Match: 'LoneStar' (100%)
2026-07-17 17:38:23,696 - INFO - 📅 Fetching Basic Metadata: Calico
2026-07-17 17:38:23,768 - INFO - 🎯 IGDB Match: 'Calico' (100%)
2026-07-17 17:38:23,775 - INFO - 📅 Fetching Basic Metadata: Rogue Waters
2026-07-17 17:38:23,858 - INFO - 🎯 IGDB Match: 'Rogue Waters' (100%)
2026-07-17 17:38:23,865 - INFO - 📅 Fetching Basic Metadata: The Ouroboros King
2026-07-17 17:38:23,934 - INFO - 🎯 IGDB Match: 'The Ouroboros King' (100%)
2026-07-17 17:38:23,941 - INFO - 🏢 Publisher Search: Warhammer 40K Speed Freeks
2026-07-17 17:38:25,221 - INFO - 📅 Fetching Basic Metadata: I Have No Mouth, and I Must Scream
2026-07-17 17:38:25,328 - INFO - 🎯 IGDB Match: 'I Have No Mouth, and I Must Scream' (100%)
2026-07-17 17:38:25,335 - INFO - 📅 Fetching Basic Metadata: Nova Lands
2026-07-17 17:38:25,405 - INFO - 🎯 IGDB Match: 'Nova Lands' (100%)
2026-07-17 17:38:25,412 - INFO - 📅 Fetching Basic Metadata: Tattoo Tycoon
2026-07-17 17:38:25,492 - INFO - 🎯 IGDB Match: 'Tattoo Tycoon' (100%)
2026-07-17 17:38:25,499 - INFO - 📅 Fetching Basic Metadata: Echo Generation: Midnight Edition
2026-07-17 17:38:25,607 - INFO - 🎯 IGDB Match: 'Echo Generation: Midnight Edition' (100%)
2026-07-17 17:38:25,619 - INFO - 
--- Starting Data Quality Checks ---
2026-07-17 17:38:25,633 - INFO - --- Data Quality Checks Complete ---

2026-07-17 17:38:25,664 - INFO - | Metric | Statistics |
| :--- | :--- |
| 💰 **Total Market Value** | **$13,332.99** |
| 📦 **Total Games Collected** | 690 |
| 🏷️ **Average Retail Price** | $22.35 per game |
| 💎 **Most Expensive Title** | Civilization 6 Platinum Edition ($79.99) |
| 👑 **MVP Publisher** | Bethesda Softworks |
| 🏢 **Value Leaders** | 2K ($579.90), Bethesda Softworks ($544.80), Paradox Interactive ($409.89) |
| 📈 **Inflation-Adjusted Value** | $15,130.23 |
| 🎈 **Inflation Bonus** | **+$1,797.24** in purchasing power |
| 🗓️ **Peak Saving Month** | 🎄 **Seasonality Peak:** December is historically the best month, offering $3,388.17 in savings. |
| ⭐ **Average Score** | 76.9/100 |
| 💳 **Subscription Equivalent** | **$169.48 / mo** |
| 🎯 **Prestige Ratio** | **2.0%** (Strategic Hype) |
| 🏎️ **Lead Time Avg** | 441 Days to Sequel |

2026-07-17 17:38:25,665 - INFO - ✅ README.md updated.
2026-07-17 17:38:25,690 - INFO - Using categorical units to plot a list of strings that are all parsable as floats or dates. If these strings should be plotted as numbers, cast to the appropriate data type before plotting.
2026-07-17 17:38:25,691 - INFO - Using categorical units to plot a list of strings that are all parsable as floats or dates. If these strings should be plotted as numbers, cast to the appropriate data type before plotting.
2026-07-17 17:38:32,066 - INFO - 📈 All charts generated successfully.
