2026-07-02 18:13:01,228 - INFO - Failed to extract font properties from /usr/share/fonts/truetype/noto/NotoColorEmoji.ttf: Non-scalable fonts are not supported
2026-07-02 18:13:01,631 - INFO - generated new fontManager
2026-07-02 18:13:01,982 - INFO - ✅ Migration Successful!
2026-07-02 18:13:02,148 - INFO - Added 2 new games!
2026-07-02 18:13:02,743 - INFO - 🔍 Found 609 games needing metadata. Starting IGDB + Steam + CheapShark enrichment...
2026-07-02 18:13:02,828 - INFO - 📅 Fetching Basic Metadata: LEGO Batman Trilogy
2026-07-02 18:13:03,240 - INFO - 🎯 IGDB Match: 'LEGO Batman Trilogy' (100%)
2026-07-02 18:13:03,263 - INFO - 📅 Fetching Basic Metadata: Antstream
2026-07-02 18:13:03,562 - INFO - 📅 Fetching Basic Metadata: The Drone Racing League Simulator
2026-07-02 18:13:03,774 - INFO - 🎯 IGDB Match: 'The Drone Racing League Simulator' (100%)
2026-07-02 18:13:03,782 - INFO - 📅 Fetching Basic Metadata: Dark Deity
2026-07-02 18:13:04,016 - INFO - 🎯 IGDB Match: 'Dark Deity' (100%)
2026-07-02 18:13:04,023 - INFO - 📅 Fetching Basic Metadata: RPG in a Box
2026-07-02 18:13:04,292 - INFO - 🎯 IGDB Match: 'RPG in a Box' (100%)
2026-07-02 18:13:04,300 - INFO - 📅 Fetching Basic Metadata: Fallout Classic Collection
2026-07-02 18:13:04,432 - INFO - 🎯 IGDB Match: 'Fallout Classic Collection' (100%)
2026-07-02 18:13:04,440 - INFO - 📅 Fetching Basic Metadata: Recipe for Disaster
2026-07-02 18:13:04,716 - INFO - 🎯 IGDB Match: 'Recipe For Disaster' (100%)
2026-07-02 18:13:04,723 - INFO - 📅 Fetching Basic Metadata: World of Warships — Starter Pack: Ishizuchi
2026-07-02 18:13:04,984 - INFO - 🎯 IGDB Match: 'World of Warships: Starter Pack - Ishizuchi' (98%)
2026-07-02 18:13:04,992 - INFO - 📅 Fetching Basic Metadata: Poker Club
2026-07-02 18:13:05,177 - INFO - 🎯 IGDB Match: 'Poker Club' (100%)
2026-07-02 18:13:05,184 - INFO - 📅 Fetching Basic Metadata: The Sims 4 The Daring Lifestyle Bundle
2026-07-02 18:13:05,389 - INFO - 🎯 IGDB Match: 'The Sims 4: The Daring Lifestyle Bundle' (99%)
2026-07-02 18:13:05,398 - INFO - 📅 Fetching Basic Metadata: Dodo Peak
2026-07-02 18:13:05,556 - INFO - 🎯 IGDB Match: 'Dodo Peak' (100%)
2026-07-02 18:13:05,563 - INFO - 📅 Fetching Basic Metadata: Spelldrifter
2026-07-02 18:13:05,745 - INFO - 🎯 IGDB Match: 'Spelldrifter' (100%)
2026-07-02 18:13:05,752 - INFO - 📅 Fetching Basic Metadata: Model Builder
2026-07-02 18:13:05,965 - INFO - 🎯 IGDB Match: 'Model Builder' (100%)
2026-07-02 18:13:05,972 - INFO - 📅 Fetching Basic Metadata: Godlike Burger
2026-07-02 18:13:06,104 - INFO - 🎯 IGDB Match: 'Godlike Burger' (100%)
2026-07-02 18:13:06,111 - INFO - 📅 Fetching Basic Metadata: Q.U.B.E. Ultimate Bundle
2026-07-02 18:13:06,476 - INFO - 🎯 IGDB Match: 'Q.U.B.E. Ultimate Bundle' (100%)
2026-07-02 18:13:06,483 - INFO - 📅 Fetching Basic Metadata: Jitsu Squad
2026-07-02 18:13:06,614 - INFO - 🎯 IGDB Match: 'Jitsu Squad' (100%)
2026-07-02 18:13:06,621 - INFO - 📅 Fetching Basic Metadata: Mighty Fight Federation
2026-07-02 18:13:06,752 - INFO - 🎯 IGDB Match: 'Mighty Fight Federation' (100%)
2026-07-02 18:13:06,761 - INFO - 📅 Fetching Basic Metadata: LOVE
2026-07-02 18:13:07,002 - INFO - 🎯 IGDB Match: 'Love Love Love' (90%)
2026-07-02 18:13:07,010 - INFO - 📅 Fetching Basic Metadata: Call of The Wild: The Angler
2026-07-02 18:13:07,275 - INFO - 🎯 IGDB Match: 'Call of the Wild: The Angler' (100%)
2026-07-02 18:13:07,284 - INFO - 📅 Fetching Basic Metadata: The Falconeer
2026-07-02 18:13:07,453 - INFO - 🎯 IGDB Match: 'The Falconeer: The Hunter' (90%)
2026-07-02 18:13:07,461 - INFO - 📅 Fetching Basic Metadata: Rawmen: Food Fighter Arena
2026-07-02 18:13:07,824 - INFO - 🎯 IGDB Match: 'Rawmen' (90%)
2026-07-02 18:13:07,831 - INFO - 📅 Fetching Basic Metadata: World of Warships – Starter Pack: Albany
2026-07-02 18:13:08,147 - INFO - 📅 Fetching Basic Metadata: Fallout Classic Edition
2026-07-02 18:13:08,307 - INFO - 📅 Fetching Basic Metadata: Outliver: Tribulation
2026-07-02 18:13:08,503 - INFO - 🎯 IGDB Match: 'Outliver: Tribulation' (100%)
2026-07-02 18:13:08,511 - INFO - 📅 Fetching Basic Metadata: Bus Simulator 21 Next Stop
2026-07-02 18:13:08,759 - INFO - 🎯 IGDB Match: 'Bus Simulator 21: Next Stop' (98%)
2026-07-02 18:13:08,767 - INFO - 📅 Fetching Basic Metadata: Turmoil
2026-07-02 18:13:08,900 - INFO - 🎯 IGDB Match: 'Turmoil' (100%)
2026-07-02 18:13:08,908 - INFO - 📅 Fetching Basic Metadata: World War Z Aftermath
2026-07-02 18:13:09,095 - INFO - 🎯 IGDB Match: 'World War Z: Aftermath' (98%)
2026-07-02 18:13:09,102 - INFO - 📅 Fetching Basic Metadata: World Of Warships – Anniversary Party Flavor
2026-07-02 18:13:09,333 - INFO - 📅 Fetching Basic Metadata: Neko Ghost, Jump!
2026-07-02 18:13:09,463 - INFO - 🎯 IGDB Match: 'Neko Ghost, Jump!' (100%)
2026-07-02 18:13:09,471 - INFO - 📅 Fetching Basic Metadata: Super Space Club
2026-07-02 18:13:09,611 - INFO - 🎯 IGDB Match: 'Super Space Club' (100%)
2026-07-02 18:13:09,618 - INFO - 📅 Fetching Basic Metadata: Touch Type Tale
2026-07-02 18:13:09,753 - INFO - 🎯 IGDB Match: 'Touch Type Tale' (100%)
2026-07-02 18:13:09,760 - INFO - 📅 Fetching Basic Metadata: Gigapocalypse
2026-07-02 18:13:09,946 - INFO - 🎯 IGDB Match: 'Gigapocalypse' (100%)
2026-07-02 18:13:09,954 - INFO - 📅 Fetching Basic Metadata: Legion TD2
2026-07-02 18:13:10,091 - INFO - 📅 Fetching Basic Metadata: Nightingale
2026-07-02 18:13:10,362 - INFO - 🎯 IGDB Match: 'Nightingale' (100%)
2026-07-02 18:13:10,370 - INFO - 📅 Fetching Basic Metadata: Godzilla Voxel Wars
2026-07-02 18:13:10,503 - INFO - 🎯 IGDB Match: 'Godzilla Voxel Wars' (100%)
2026-07-02 18:13:10,512 - INFO - 📅 Fetching Basic Metadata: Trine Classic Collection
2026-07-02 18:13:10,700 - INFO - 🎯 IGDB Match: 'Trine Classic Collection' (100%)
2026-07-02 18:13:10,707 - INFO - 📅 Fetching Basic Metadata: Poison Retro Set
2026-07-02 18:13:10,845 - INFO - 🎯 IGDB Match: 'Pixel Gun 3D: Poison Retro Set' (90%)
2026-07-02 18:13:10,852 - INFO - 📅 Fetching Basic Metadata: The Darkside Detective A Fumble in the Dark
2026-07-02 18:13:11,216 - INFO - 🎯 IGDB Match: 'The Darkside Detective: A Fumble in the Dark' (99%)
2026-07-02 18:13:11,223 - INFO - 📅 Fetching Basic Metadata: Return to Ash
2026-07-02 18:13:11,414 - INFO - 🎯 IGDB Match: 'Return to Ash' (100%)
2026-07-02 18:13:11,421 - INFO - 🏢 Publisher Search: STALCRAFT: X Starter Edition
2026-07-02 18:13:12,837 - INFO - 📅 Fetching Basic Metadata: STALCRAFT: X Starter Edition
2026-07-02 18:13:13,100 - INFO - 📅 Fetching Basic Metadata: Boxes: Lost Fragments
2026-07-02 18:13:13,226 - INFO - 🎯 IGDB Match: 'Boxes: Lost Fragments' (100%)
2026-07-02 18:13:13,232 - INFO - 📅 Fetching Basic Metadata: My Night Job
2026-07-02 18:13:13,400 - INFO - 🎯 IGDB Match: 'My Night Job' (100%)
2026-07-02 18:13:13,407 - INFO - 📅 Fetching Basic Metadata: Electrician Simulator
2026-07-02 18:13:13,537 - INFO - 🎯 IGDB Match: 'Electrician Simulator' (100%)
2026-07-02 18:13:13,544 - INFO - 🏢 Publisher Search: World of Warships — Epic Anniversary Tachibana Pack
2026-07-02 18:13:14,919 - INFO - 📅 Fetching Basic Metadata: World of Warships — Epic Anniversary Tachibana Pack
2026-07-02 18:13:15,062 - INFO - 📅 Fetching Basic Metadata: Hyper Echelon
2026-07-02 18:13:15,204 - INFO - 🎯 IGDB Match: 'Hyper Echelon' (100%)
2026-07-02 18:13:15,211 - INFO - 📅 Fetching Basic Metadata: Havendock
2026-07-02 18:13:15,342 - INFO - 🎯 IGDB Match: 'Havendock' (100%)
2026-07-02 18:13:15,348 - INFO - 📅 Fetching Basic Metadata: Clone Drone in the Danger Zone
2026-07-02 18:13:15,727 - INFO - 🎯 IGDB Match: 'Clone Drone in the Danger Zone' (100%)
2026-07-02 18:13:15,734 - INFO - 🏢 Publisher Search: TOMAK: Save the Earth Regeneration
2026-07-02 18:13:17,143 - INFO - 📅 Fetching Basic Metadata: TOMAK: Save the Earth Regeneration
2026-07-02 18:13:17,307 - INFO - 🎯 IGDB Match: 'Tomak: Save the Earth Regeneration' (100%)
2026-07-02 18:13:17,313 - INFO - 📅 Fetching Basic Metadata: Prop Sumo
2026-07-02 18:13:17,531 - INFO - 🎯 IGDB Match: 'Prop Sumo' (100%)
2026-07-02 18:13:17,538 - INFO - 📅 Fetching Basic Metadata: The Stone of Madness
2026-07-02 18:13:17,671 - INFO - 🎯 IGDB Match: 'The Stone of Madness' (100%)
2026-07-02 18:13:17,678 - INFO - 📅 Fetching Basic Metadata: Firestone Online Idle RPG
2026-07-02 18:13:17,814 - INFO - 🎯 IGDB Match: 'Firestone: Online Idle RPG' (98%)
2026-07-02 18:13:17,820 - INFO - 📅 Fetching Basic Metadata: Oddsparks: An Automation Adventure
2026-07-02 18:13:17,996 - INFO - 🎯 IGDB Match: 'Oddsparks: An Automation Adventure' (100%)
2026-07-02 18:13:18,003 - INFO - 📅 Fetching Basic Metadata: Trash Goblin
2026-07-02 18:13:18,300 - INFO - 🎯 IGDB Match: 'Trash Goblin' (100%)
2026-07-02 18:13:18,307 - INFO - 🏢 Publisher Search: The Telltale Batman Shadows Edition
2026-07-02 18:13:19,644 - INFO - 📅 Fetching Basic Metadata: The Telltale Batman Shadows Edition
2026-07-02 18:13:19,777 - INFO - 🎯 IGDB Match: 'Telltale Batman Shadows Edition' (95%)
2026-07-02 18:13:19,784 - INFO - 🏢 Publisher Search: Sunderfolk - Standard Edition
2026-07-02 18:13:21,174 - INFO - 📅 Fetching Basic Metadata: Sunderfolk - Standard Edition
2026-07-02 18:13:21,314 - INFO - 📅 Fetching Basic Metadata: Down in Bermuda
2026-07-02 18:13:21,445 - INFO - 🎯 IGDB Match: 'Down in Bermuda' (100%)
2026-07-02 18:13:21,452 - INFO - 📅 Fetching Basic Metadata: Tomb Raider I-III Remastered Starring Lara Croft
2026-07-02 18:13:21,599 - INFO - 📅 Fetching Basic Metadata: LONESTAR
2026-07-02 18:13:21,843 - INFO - 🎯 IGDB Match: 'LoneStar' (100%)
2026-07-02 18:13:21,850 - INFO - 📅 Fetching Basic Metadata: Calico
2026-07-02 18:13:21,980 - INFO - 🎯 IGDB Match: 'Calico' (100%)
2026-07-02 18:13:21,987 - INFO - 📅 Fetching Basic Metadata: Rogue Waters
2026-07-02 18:13:22,130 - INFO - 🎯 IGDB Match: 'Rogue Waters' (100%)
2026-07-02 18:13:22,137 - INFO - 📅 Fetching Basic Metadata: The Ouroboros King
2026-07-02 18:13:22,327 - INFO - 🎯 IGDB Match: 'The Ouroboros King' (100%)
2026-07-02 18:13:22,333 - INFO - 🏢 Publisher Search: Warhammer 40K Speed Freeks
2026-07-02 18:13:23,705 - INFO - 💰 Price Search: River City Girls 2
2026-07-02 18:13:25,156 - INFO - 🏢 Publisher Search: River City Girls 2
2026-07-02 18:13:26,620 - INFO - 📅 Fetching Basic Metadata: River City Girls 2
2026-07-02 18:13:26,800 - INFO - 🎯 IGDB Match: 'River City Girls 2' (100%)
2026-07-02 18:13:26,800 - INFO - 🔗 Searching Franchise Context: River City Girls 2
2026-07-02 18:13:26,990 - INFO - ℹ️ No release found AFTER 2026-07-02 for River City Girls 2
2026-07-02 18:13:26,996 - INFO - 💰 Price Search: I Have No Mouth, and I Must Scream
2026-07-02 18:13:28,372 - INFO - 🏢 Publisher Search: I Have No Mouth, and I Must Scream
2026-07-02 18:13:29,979 - INFO - 📅 Fetching Basic Metadata: I Have No Mouth, and I Must Scream
2026-07-02 18:13:30,246 - INFO - 🎯 IGDB Match: 'I Have No Mouth, and I Must Scream' (100%)
2026-07-02 18:13:30,246 - INFO - 🔗 Searching Franchise Context: I Have No Mouth, and I Must Scream
2026-07-02 18:13:30,366 - INFO - 📡 Fallback to IGDB for I Have No Mouth, and I Must Scream
2026-07-02 18:13:30,508 - INFO - 
--- Starting Data Quality Checks ---
2026-07-02 18:13:30,520 - INFO - --- Data Quality Checks Complete ---

2026-07-02 18:13:30,548 - INFO - | Metric | Statistics |
| :--- | :--- |
| 💰 **Total Market Value** | **$13,238.03** |
| 📦 **Total Games Collected** | 686 |
| 🏷️ **Average Retail Price** | $22.34 per game |
| 💎 **Most Expensive Title** | Civilization 6 Platinum Edition ($79.99) |
| 👑 **MVP Publisher** | Bethesda Softworks |
| 🏢 **Value Leaders** | 2K ($579.90), Bethesda Softworks ($544.80), Paradox Interactive ($409.89) |
| 📈 **Inflation-Adjusted Value** | $15,035.27 |
| 🎈 **Inflation Bonus** | **+$1,797.24** in purchasing power |
| 🗓️ **Peak Saving Month** | 🎄 **Seasonality Peak:** December is historically the best month, offering $3,388.17 in savings. |
| ⭐ **Average Score** | 76.8/100 |
| 💳 **Subscription Equivalent** | **$168.44 / mo** |
| 🎯 **Prestige Ratio** | **2.0%** (Strategic Hype) |
| 🏎️ **Lead Time Avg** | 441 Days to Sequel |

2026-07-02 18:13:30,549 - INFO - ✅ README.md updated.
2026-07-02 18:13:30,573 - INFO - Using categorical units to plot a list of strings that are all parsable as floats or dates. If these strings should be plotted as numbers, cast to the appropriate data type before plotting.
2026-07-02 18:13:30,573 - INFO - Using categorical units to plot a list of strings that are all parsable as floats or dates. If these strings should be plotted as numbers, cast to the appropriate data type before plotting.
2026-07-02 18:13:36,398 - INFO - 📈 All charts generated successfully.
