2026-03-27 17:26:40,014 - INFO - Failed to extract font properties from /usr/share/fonts/truetype/noto/NotoColorEmoji.ttf: Can not load face (unknown file format; error code 0x2)
2026-03-27 17:26:40,967 - INFO - generated new fontManager
2026-03-27 17:26:41,346 - INFO - ✅ Migration Successful!
2026-03-27 17:26:41,486 - INFO - No new games found.
2026-03-27 17:26:42,079 - INFO - 🔍 Found 585 games needing metadata. Starting IGDB + Steam + CheapShark enrichment...
2026-03-27 17:26:42,196 - INFO - 📅 Fetching Basic Metadata: LEGO Batman Trilogy
2026-03-27 17:26:42,935 - INFO - 🎯 IGDB Match: 'LEGO Batman Trilogy' (100%)
2026-03-27 17:26:42,957 - INFO - 📅 Fetching Basic Metadata: Antstream
2026-03-27 17:26:43,126 - INFO - 📅 Fetching Basic Metadata: The Drone Racing League Simulator
2026-03-27 17:26:43,343 - INFO - 🎯 IGDB Match: 'The Drone Racing League Simulator' (100%)
2026-03-27 17:26:43,351 - INFO - 📅 Fetching Basic Metadata: Dark Deity
2026-03-27 17:26:43,547 - INFO - 🎯 IGDB Match: 'Dark Deity' (100%)
2026-03-27 17:26:43,554 - INFO - 📅 Fetching Basic Metadata: RPG in a Box
2026-03-27 17:26:43,750 - INFO - 🎯 IGDB Match: 'RPG in a Box' (100%)
2026-03-27 17:26:43,757 - INFO - 📅 Fetching Basic Metadata: Fallout Classic Collection
2026-03-27 17:26:43,910 - INFO - 🎯 IGDB Match: 'Fallout Classic Collection' (100%)
2026-03-27 17:26:43,917 - INFO - 📅 Fetching Basic Metadata: Recipe for Disaster
2026-03-27 17:26:44,611 - INFO - 🎯 IGDB Match: 'Recipe for Disaster' (100%)
2026-03-27 17:26:44,618 - INFO - 📅 Fetching Basic Metadata: World of Warships — Starter Pack: Ishizuchi
2026-03-27 17:26:44,774 - INFO - 🎯 IGDB Match: 'World of Warships: Starter Pack - Ishizuchi' (98%)
2026-03-27 17:26:44,781 - INFO - 📅 Fetching Basic Metadata: Poker Club
2026-03-27 17:26:44,967 - INFO - 🎯 IGDB Match: 'Poker Club' (100%)
2026-03-27 17:26:44,973 - INFO - 📅 Fetching Basic Metadata: The Sims 4 The Daring Lifestyle Bundle
2026-03-27 17:26:45,099 - INFO - 🎯 IGDB Match: 'The Sims 4: The Daring Lifestyle Bundle' (99%)
2026-03-27 17:26:45,108 - INFO - 📅 Fetching Basic Metadata: Dodo Peak
2026-03-27 17:26:47,794 - INFO - 🎯 IGDB Match: 'Dodo Peak' (100%)
2026-03-27 17:26:47,801 - INFO - 📅 Fetching Basic Metadata: Spelldrifter
2026-03-27 17:26:47,951 - INFO - 🎯 IGDB Match: 'Spelldrifter' (100%)
2026-03-27 17:26:47,957 - INFO - 📅 Fetching Basic Metadata: Model Builder
2026-03-27 17:26:48,126 - INFO - 🎯 IGDB Match: 'Model Builder' (100%)
2026-03-27 17:26:48,132 - INFO - 📅 Fetching Basic Metadata: Godlike Burger
2026-03-27 17:26:48,282 - INFO - 🎯 IGDB Match: 'Godlike Burger' (100%)
2026-03-27 17:26:48,288 - INFO - 📅 Fetching Basic Metadata: Q.U.B.E. Ultimate Bundle
2026-03-27 17:26:48,476 - INFO - 🎯 IGDB Match: 'Q.U.B.E. Ultimate Bundle' (100%)
2026-03-27 17:26:48,483 - INFO - 📅 Fetching Basic Metadata: Jitsu Squad
2026-03-27 17:26:48,655 - INFO - 🎯 IGDB Match: 'Jitsu Squad' (100%)
2026-03-27 17:26:48,661 - INFO - 📅 Fetching Basic Metadata: Mighty Fight Federation
2026-03-27 17:26:48,833 - INFO - 🎯 IGDB Match: 'Mighty Fight Federation' (100%)
2026-03-27 17:26:48,842 - INFO - 📅 Fetching Basic Metadata: LOVE
2026-03-27 17:26:49,168 - INFO - 🎯 IGDB Match: 'Love Love Love' (90%)
2026-03-27 17:26:49,176 - INFO - 📅 Fetching Basic Metadata: Call of The Wild: The Angler
2026-03-27 17:26:49,341 - INFO - 🎯 IGDB Match: 'Call of the Wild: The Angler' (100%)
2026-03-27 17:26:49,350 - INFO - 📅 Fetching Basic Metadata: The Falconeer
2026-03-27 17:26:49,484 - INFO - 🎯 IGDB Match: 'The Falconeer: The Hunter' (90%)
2026-03-27 17:26:49,491 - INFO - 📅 Fetching Basic Metadata: Rawmen: Food Fighter Arena
2026-03-27 17:26:49,621 - INFO - 🎯 IGDB Match: 'Rawmen' (90%)
2026-03-27 17:26:49,627 - INFO - 📅 Fetching Basic Metadata: World of Warships – Starter Pack: Albany
2026-03-27 17:26:49,756 - INFO - 📅 Fetching Basic Metadata: Fallout Classic Edition
2026-03-27 17:26:49,904 - INFO - 📅 Fetching Basic Metadata: Outliver: Tribulation
2026-03-27 17:26:50,423 - INFO - 🎯 IGDB Match: 'Outliver: Tribulation' (100%)
2026-03-27 17:26:50,430 - INFO - 📅 Fetching Basic Metadata: Bus Simulator 21 Next Stop
2026-03-27 17:26:50,551 - INFO - 🎯 IGDB Match: 'Bus Simulator 21: Next Stop' (98%)
2026-03-27 17:26:50,559 - INFO - 📅 Fetching Basic Metadata: Turmoil
2026-03-27 17:26:50,686 - INFO - 🎯 IGDB Match: 'Turmoil' (100%)
2026-03-27 17:26:50,693 - INFO - 📅 Fetching Basic Metadata: World War Z Aftermath
2026-03-27 17:26:50,818 - INFO - 🎯 IGDB Match: 'World War Z: Aftermath' (98%)
2026-03-27 17:26:50,825 - INFO - 📅 Fetching Basic Metadata: World Of Warships – Anniversary Party Flavor
2026-03-27 17:26:50,956 - INFO - 📅 Fetching Basic Metadata: Neko Ghost, Jump!
2026-03-27 17:26:51,120 - INFO - 🎯 IGDB Match: 'Neko Ghost, Jump!' (100%)
2026-03-27 17:26:51,127 - INFO - 📅 Fetching Basic Metadata: Super Space Club
2026-03-27 17:26:51,362 - INFO - 🎯 IGDB Match: 'Super Space Club' (100%)
2026-03-27 17:26:51,368 - INFO - 📅 Fetching Basic Metadata: Touch Type Tale
2026-03-27 17:26:51,495 - INFO - 🎯 IGDB Match: 'Touch Type Tale' (100%)
2026-03-27 17:26:51,501 - INFO - 📅 Fetching Basic Metadata: Gigapocalypse
2026-03-27 17:26:51,626 - INFO - 🎯 IGDB Match: 'Gigapocalypse' (100%)
2026-03-27 17:26:51,633 - INFO - 📅 Fetching Basic Metadata: Legion TD2
2026-03-27 17:26:51,784 - INFO - 📅 Fetching Basic Metadata: Nightingale
2026-03-27 17:26:51,917 - INFO - 🎯 IGDB Match: 'Nightingale' (100%)
2026-03-27 17:26:51,925 - INFO - 📅 Fetching Basic Metadata: Godzilla Voxel Wars
2026-03-27 17:26:52,048 - INFO - 🎯 IGDB Match: 'Godzilla Voxel Wars' (100%)
2026-03-27 17:26:52,056 - INFO - 📅 Fetching Basic Metadata: Trine Classic Collection
2026-03-27 17:26:52,235 - INFO - 🎯 IGDB Match: 'Trine Classic Collection' (100%)
2026-03-27 17:26:52,242 - INFO - 📅 Fetching Basic Metadata: Poison Retro Set
2026-03-27 17:26:52,369 - INFO - 🎯 IGDB Match: 'Pixel Gun 3D: Poison Retro Set' (90%)
2026-03-27 17:26:52,375 - INFO - 📅 Fetching Basic Metadata: The Darkside Detective A Fumble in the Dark
2026-03-27 17:26:52,498 - INFO - 🎯 IGDB Match: 'The Darkside Detective: A Fumble in the Dark' (99%)
2026-03-27 17:26:52,504 - INFO - 📅 Fetching Basic Metadata: Return to Ash
2026-03-27 17:26:52,631 - INFO - 🎯 IGDB Match: 'Return to Ash' (100%)
2026-03-27 17:26:52,637 - INFO - 🏢 Publisher Search: STALCRAFT: X Starter Edition
2026-03-27 17:26:54,091 - INFO - 📅 Fetching Basic Metadata: STALCRAFT: X Starter Edition
2026-03-27 17:26:54,219 - INFO - 📅 Fetching Basic Metadata: Boxes: Lost Fragments
2026-03-27 17:26:54,346 - INFO - 🎯 IGDB Match: 'Boxes: Lost Fragments' (100%)
2026-03-27 17:26:54,352 - INFO - 📅 Fetching Basic Metadata: My Night Job
2026-03-27 17:26:54,480 - INFO - 🎯 IGDB Match: 'My Night Job' (100%)
2026-03-27 17:26:54,488 - INFO - 📅 Fetching Basic Metadata: Electrician Simulator
2026-03-27 17:26:54,829 - INFO - 🎯 IGDB Match: 'Electrician Simulator' (100%)
2026-03-27 17:26:54,835 - INFO - 🏢 Publisher Search: World of Warships — Epic Anniversary Tachibana Pack
2026-03-27 17:26:56,191 - INFO - 📅 Fetching Basic Metadata: World of Warships — Epic Anniversary Tachibana Pack
2026-03-27 17:26:56,451 - INFO - 📅 Fetching Basic Metadata: Hyper Echelon
2026-03-27 17:26:56,601 - INFO - 🎯 IGDB Match: 'Hyper Echelon' (100%)
2026-03-27 17:26:56,608 - INFO - 📅 Fetching Basic Metadata: Havendock
2026-03-27 17:26:56,800 - INFO - 🎯 IGDB Match: 'Havendock' (100%)
2026-03-27 17:26:56,811 - INFO - 
--- Starting Data Quality Checks ---
2026-03-27 17:26:56,824 - INFO - --- Data Quality Checks Complete ---

2026-03-27 17:26:56,852 - INFO - | Metric | Statistics |
| :--- | :--- |
| 💰 **Total Market Value** | **$12,739.26** |
| 📦 **Total Games Collected** | 661 |
| 🏷️ **Average Retail Price** | $22.43 per game |
| 💎 **Most Expensive Title** | Civilization 6 Platinum Edition ($79.99) |
| 👑 **MVP Publisher** | Bethesda Softworks |
| 🏢 **Value Leaders** | 2K ($579.90), Bethesda Softworks ($544.80), Paradox Interactive ($409.89) |
| 📈 **Inflation-Adjusted Value** | $14,536.50 |
| 🎈 **Inflation Bonus** | **+$1,797.24** in purchasing power |
| 🗓️ **Peak Saving Month** | 🎄 **Seasonality Peak:** December is historically the best month, offering $3,388.17 in savings. |
| ⭐ **Average Score** | 76.7/100 |
| 💳 **Subscription Equivalent** | **$170.45 / mo** |
| 🎯 **Prestige Ratio** | **2.0%** (Strategic Hype) |
| 🏎️ **Lead Time Avg** | 447 Days to Sequel |

2026-03-27 17:26:56,853 - INFO - ✅ README.md updated.
2026-03-27 17:26:56,876 - INFO - Using categorical units to plot a list of strings that are all parsable as floats or dates. If these strings should be plotted as numbers, cast to the appropriate data type before plotting.
2026-03-27 17:26:56,877 - INFO - Using categorical units to plot a list of strings that are all parsable as floats or dates. If these strings should be plotted as numbers, cast to the appropriate data type before plotting.
2026-03-27 17:27:01,954 - INFO - 📈 All charts generated successfully.
