2026-05-13 18:23:09,902 - INFO - Failed to extract font properties from /usr/share/fonts/truetype/noto/NotoColorEmoji.ttf: Can not load face (unknown file format; error code 0x2)
2026-05-13 18:23:09,994 - INFO - generated new fontManager
2026-05-13 18:23:10,470 - INFO - ✅ Migration Successful!
2026-05-13 18:23:10,597 - INFO - No new games found.
2026-05-13 18:23:11,185 - INFO - 🔍 Found 594 games needing metadata. Starting IGDB + Steam + CheapShark enrichment...
2026-05-13 18:23:11,431 - INFO - 📅 Fetching Basic Metadata: LEGO Batman Trilogy
2026-05-13 18:23:11,741 - INFO - 🎯 IGDB Match: 'LEGO Batman Trilogy' (100%)
2026-05-13 18:23:11,770 - INFO - 📅 Fetching Basic Metadata: Antstream
2026-05-13 18:23:12,064 - INFO - 📅 Fetching Basic Metadata: The Drone Racing League Simulator
2026-05-13 18:23:12,232 - INFO - 🎯 IGDB Match: 'The Drone Racing League Simulator' (100%)
2026-05-13 18:23:12,240 - INFO - 📅 Fetching Basic Metadata: Dark Deity
2026-05-13 18:23:12,542 - INFO - 🎯 IGDB Match: 'Dark Deity' (100%)
2026-05-13 18:23:12,548 - INFO - 📅 Fetching Basic Metadata: RPG in a Box
2026-05-13 18:23:12,788 - INFO - 🎯 IGDB Match: 'RPG in a Box' (100%)
2026-05-13 18:23:12,795 - INFO - 📅 Fetching Basic Metadata: Fallout Classic Collection
2026-05-13 18:23:12,928 - INFO - 🎯 IGDB Match: 'Fallout Classic Collection' (100%)
2026-05-13 18:23:12,936 - INFO - 📅 Fetching Basic Metadata: Recipe for Disaster
2026-05-13 18:23:13,138 - INFO - 🎯 IGDB Match: 'Recipe For Disaster' (100%)
2026-05-13 18:23:13,145 - INFO - 📅 Fetching Basic Metadata: World of Warships — Starter Pack: Ishizuchi
2026-05-13 18:23:13,271 - INFO - 🎯 IGDB Match: 'World of Warships: Starter Pack - Ishizuchi' (98%)
2026-05-13 18:23:13,278 - INFO - 📅 Fetching Basic Metadata: Poker Club
2026-05-13 18:23:13,431 - INFO - 🎯 IGDB Match: 'Poker Club' (100%)
2026-05-13 18:23:13,437 - INFO - 📅 Fetching Basic Metadata: The Sims 4 The Daring Lifestyle Bundle
2026-05-13 18:23:13,581 - INFO - 🎯 IGDB Match: 'The Sims 4: The Daring Lifestyle Bundle' (99%)
2026-05-13 18:23:13,590 - INFO - 📅 Fetching Basic Metadata: Dodo Peak
2026-05-13 18:23:13,706 - INFO - 🎯 IGDB Match: 'Dodo Peak' (100%)
2026-05-13 18:23:13,713 - INFO - 📅 Fetching Basic Metadata: Spelldrifter
2026-05-13 18:23:13,902 - INFO - 🎯 IGDB Match: 'Spelldrifter' (100%)
2026-05-13 18:23:13,908 - INFO - 📅 Fetching Basic Metadata: Model Builder
2026-05-13 18:23:14,062 - INFO - 🎯 IGDB Match: 'Model Builder' (100%)
2026-05-13 18:23:14,068 - INFO - 📅 Fetching Basic Metadata: Godlike Burger
2026-05-13 18:23:14,364 - INFO - 🎯 IGDB Match: 'Godlike Burger' (100%)
2026-05-13 18:23:14,370 - INFO - 📅 Fetching Basic Metadata: Q.U.B.E. Ultimate Bundle
2026-05-13 18:23:14,506 - INFO - 🎯 IGDB Match: 'Q.U.B.E. Ultimate Bundle' (100%)
2026-05-13 18:23:14,514 - INFO - 📅 Fetching Basic Metadata: Jitsu Squad
2026-05-13 18:23:14,646 - INFO - 🎯 IGDB Match: 'Jitsu Squad' (100%)
2026-05-13 18:23:14,652 - INFO - 📅 Fetching Basic Metadata: Mighty Fight Federation
2026-05-13 18:23:14,798 - INFO - 🎯 IGDB Match: 'Mighty Fight Federation' (100%)
2026-05-13 18:23:14,808 - INFO - 📅 Fetching Basic Metadata: LOVE
2026-05-13 18:23:15,064 - INFO - 🎯 IGDB Match: 'Love Love Love' (90%)
2026-05-13 18:23:15,071 - INFO - 📅 Fetching Basic Metadata: Call of The Wild: The Angler
2026-05-13 18:23:15,204 - INFO - 🎯 IGDB Match: 'Call of the Wild: The Angler' (100%)
2026-05-13 18:23:15,213 - INFO - 📅 Fetching Basic Metadata: The Falconeer
2026-05-13 18:23:15,423 - INFO - 🎯 IGDB Match: 'The Falconeer: The Hunter' (90%)
2026-05-13 18:23:15,430 - INFO - 📅 Fetching Basic Metadata: Rawmen: Food Fighter Arena
2026-05-13 18:23:15,573 - INFO - 🎯 IGDB Match: 'Rawmen' (90%)
2026-05-13 18:23:15,579 - INFO - 📅 Fetching Basic Metadata: World of Warships – Starter Pack: Albany
2026-05-13 18:23:15,706 - INFO - 📅 Fetching Basic Metadata: Fallout Classic Edition
2026-05-13 18:23:15,852 - INFO - 📅 Fetching Basic Metadata: Outliver: Tribulation
2026-05-13 18:23:15,971 - INFO - 🎯 IGDB Match: 'Outliver: Tribulation' (100%)
2026-05-13 18:23:15,979 - INFO - 📅 Fetching Basic Metadata: Bus Simulator 21 Next Stop
2026-05-13 18:23:16,215 - INFO - 🎯 IGDB Match: 'Bus Simulator 21: Next Stop' (98%)
2026-05-13 18:23:16,223 - INFO - 📅 Fetching Basic Metadata: Turmoil
2026-05-13 18:23:16,328 - WARNING - IGDB Error for Turmoil: string indices must be integers, not 'str'
2026-05-13 18:23:16,335 - INFO - 📅 Fetching Basic Metadata: World War Z Aftermath
2026-05-13 18:23:16,458 - WARNING - IGDB Error for World War Z Aftermath: string indices must be integers, not 'str'
2026-05-13 18:23:16,464 - INFO - 📅 Fetching Basic Metadata: World Of Warships – Anniversary Party Flavor
2026-05-13 18:23:16,571 - WARNING - IGDB Error for World Of Warships – Anniversary Party Flavor: string indices must be integers, not 'str'
2026-05-13 18:23:16,577 - INFO - 📅 Fetching Basic Metadata: Neko Ghost, Jump!
2026-05-13 18:23:16,920 - WARNING - IGDB Error for Neko Ghost, Jump!: string indices must be integers, not 'str'
2026-05-13 18:23:16,928 - INFO - 📅 Fetching Basic Metadata: Super Space Club
2026-05-13 18:23:17,174 - INFO - 🎯 IGDB Match: 'Super Space Club' (100%)
2026-05-13 18:23:17,180 - INFO - 📅 Fetching Basic Metadata: Touch Type Tale
2026-05-13 18:23:17,332 - INFO - 🎯 IGDB Match: 'Touch Type Tale' (100%)
2026-05-13 18:23:17,338 - INFO - 📅 Fetching Basic Metadata: Gigapocalypse
2026-05-13 18:23:17,467 - INFO - 🎯 IGDB Match: 'Gigapocalypse' (100%)
2026-05-13 18:23:17,475 - INFO - 📅 Fetching Basic Metadata: Legion TD2
2026-05-13 18:23:17,606 - INFO - 📅 Fetching Basic Metadata: Nightingale
2026-05-13 18:23:17,735 - INFO - 🎯 IGDB Match: 'Nightingale' (100%)
2026-05-13 18:23:17,743 - INFO - 📅 Fetching Basic Metadata: Godzilla Voxel Wars
2026-05-13 18:23:17,866 - INFO - 🎯 IGDB Match: 'Godzilla Voxel Wars' (100%)
2026-05-13 18:23:17,874 - INFO - 📅 Fetching Basic Metadata: Trine Classic Collection
2026-05-13 18:23:18,023 - INFO - 🎯 IGDB Match: 'Trine Classic Collection' (100%)
2026-05-13 18:23:18,030 - INFO - 📅 Fetching Basic Metadata: Poison Retro Set
2026-05-13 18:23:18,155 - INFO - 🎯 IGDB Match: 'Pixel Gun 3D: Poison Retro Set' (90%)
2026-05-13 18:23:18,161 - INFO - 📅 Fetching Basic Metadata: The Darkside Detective A Fumble in the Dark
2026-05-13 18:23:18,334 - INFO - 🎯 IGDB Match: 'The Darkside Detective: A Fumble in the Dark' (99%)
2026-05-13 18:23:18,340 - INFO - 📅 Fetching Basic Metadata: Return to Ash
2026-05-13 18:23:18,485 - INFO - 🎯 IGDB Match: 'Return to Ash' (100%)
2026-05-13 18:23:18,490 - INFO - 🏢 Publisher Search: STALCRAFT: X Starter Edition
2026-05-13 18:23:19,929 - INFO - 📅 Fetching Basic Metadata: STALCRAFT: X Starter Edition
2026-05-13 18:23:20,154 - INFO - 📅 Fetching Basic Metadata: Boxes: Lost Fragments
2026-05-13 18:23:20,443 - INFO - 🎯 IGDB Match: 'Boxes: Lost Fragments' (100%)
2026-05-13 18:23:20,450 - INFO - 📅 Fetching Basic Metadata: My Night Job
2026-05-13 18:23:20,596 - INFO - 🎯 IGDB Match: 'My Night Job' (100%)
2026-05-13 18:23:20,603 - INFO - 📅 Fetching Basic Metadata: Electrician Simulator
2026-05-13 18:23:20,724 - INFO - 🎯 IGDB Match: 'Electrician Simulator' (100%)
2026-05-13 18:23:20,730 - INFO - 🏢 Publisher Search: World of Warships — Epic Anniversary Tachibana Pack
2026-05-13 18:23:22,081 - INFO - 📅 Fetching Basic Metadata: World of Warships — Epic Anniversary Tachibana Pack
2026-05-13 18:23:22,212 - INFO - 📅 Fetching Basic Metadata: Hyper Echelon
2026-05-13 18:23:22,398 - INFO - 🎯 IGDB Match: 'Hyper Echelon' (100%)
2026-05-13 18:23:22,404 - INFO - 📅 Fetching Basic Metadata: Havendock
2026-05-13 18:23:22,521 - INFO - 🎯 IGDB Match: 'Havendock' (100%)
2026-05-13 18:23:22,527 - INFO - 📅 Fetching Basic Metadata: Clone Drone in the Danger Zone
2026-05-13 18:23:22,647 - INFO - 🎯 IGDB Match: 'Clone Drone in the Danger Zone' (100%)
2026-05-13 18:23:22,653 - INFO - 🏢 Publisher Search: TOMAK: Save the Earth Regeneration
2026-05-13 18:23:24,025 - INFO - 📅 Fetching Basic Metadata: TOMAK: Save the Earth Regeneration
2026-05-13 18:23:24,324 - INFO - 🎯 IGDB Match: 'Tomak: Save the Earth Regeneration' (100%)
2026-05-13 18:23:24,330 - INFO - 📅 Fetching Basic Metadata: Prop Sumo
2026-05-13 18:23:24,603 - INFO - 🎯 IGDB Match: 'Prop Sumo' (100%)
2026-05-13 18:23:24,609 - INFO - 📅 Fetching Basic Metadata: The Stone of Madness
2026-05-13 18:23:24,728 - INFO - 🎯 IGDB Match: 'The Stone of Madness' (100%)
2026-05-13 18:23:24,734 - INFO - 📅 Fetching Basic Metadata: Firestone Online Idle RPG
2026-05-13 18:23:24,978 - INFO - 🎯 IGDB Match: 'Firestone: Online Idle RPG' (98%)
2026-05-13 18:23:24,984 - INFO - 📅 Fetching Basic Metadata: Oddsparks: An Automation Adventure
2026-05-13 18:23:25,311 - INFO - 🎯 IGDB Match: 'Oddsparks: An Automation Adventure' (100%)
2026-05-13 18:23:25,317 - INFO - 📅 Fetching Basic Metadata: Trash Goblin
2026-05-13 18:23:25,557 - INFO - 🎯 IGDB Match: 'Trash Goblin' (100%)
2026-05-13 18:23:25,567 - INFO - 
--- Starting Data Quality Checks ---
2026-05-13 18:23:25,581 - INFO - --- Data Quality Checks Complete ---

2026-05-13 18:23:25,613 - INFO - | Metric | Statistics |
| :--- | :--- |
| 💰 **Total Market Value** | **$12,893.18** |
| 📦 **Total Games Collected** | 670 |
| 🏷️ **Average Retail Price** | $22.36 per game |
| 💎 **Most Expensive Title** | Civilization 6 Platinum Edition ($79.99) |
| 👑 **MVP Publisher** | Bethesda Softworks |
| 🏢 **Value Leaders** | 2K ($579.90), Bethesda Softworks ($544.80), Paradox Interactive ($409.89) |
| 📈 **Inflation-Adjusted Value** | $14,690.42 |
| 🎈 **Inflation Bonus** | **+$1,797.24** in purchasing power |
| 🗓️ **Peak Saving Month** | 🎄 **Seasonality Peak:** December is historically the best month, offering $3,388.17 in savings. |
| ⭐ **Average Score** | 76.8/100 |
| 💳 **Subscription Equivalent** | **$168.35 / mo** |
| 🎯 **Prestige Ratio** | **1.9%** (Strategic Hype) |
| 🏎️ **Lead Time Avg** | 447 Days to Sequel |

2026-05-13 18:23:25,613 - INFO - ✅ README.md updated.
2026-05-13 18:23:25,637 - INFO - Using categorical units to plot a list of strings that are all parsable as floats or dates. If these strings should be plotted as numbers, cast to the appropriate data type before plotting.
2026-05-13 18:23:25,638 - INFO - Using categorical units to plot a list of strings that are all parsable as floats or dates. If these strings should be plotted as numbers, cast to the appropriate data type before plotting.
2026-05-13 18:23:31,264 - INFO - 📈 All charts generated successfully.
