2026-04-13 17:38:24,262 - INFO - Failed to extract font properties from /usr/share/fonts/truetype/noto/NotoColorEmoji.ttf: Can not load face (unknown file format; error code 0x2)
2026-04-13 17:38:24,399 - INFO - generated new fontManager
2026-04-13 17:38:24,855 - INFO - ✅ Migration Successful!
2026-04-13 17:38:25,499 - INFO - No new games found.
2026-04-13 17:38:25,820 - INFO - 🔍 Found 588 games needing metadata. Starting IGDB + Steam + CheapShark enrichment...
2026-04-13 17:38:25,922 - INFO - 📅 Fetching Basic Metadata: LEGO Batman Trilogy
2026-04-13 17:38:26,102 - INFO - 🎯 IGDB Match: 'LEGO Batman Trilogy' (100%)
2026-04-13 17:38:26,131 - INFO - 📅 Fetching Basic Metadata: Antstream
2026-04-13 17:38:26,278 - INFO - 📅 Fetching Basic Metadata: The Drone Racing League Simulator
2026-04-13 17:38:26,366 - INFO - 🎯 IGDB Match: 'The Drone Racing League Simulator' (100%)
2026-04-13 17:38:26,374 - INFO - 📅 Fetching Basic Metadata: Dark Deity
2026-04-13 17:38:26,489 - INFO - 🎯 IGDB Match: 'Dark Deity' (100%)
2026-04-13 17:38:26,496 - INFO - 📅 Fetching Basic Metadata: RPG in a Box
2026-04-13 17:38:26,620 - INFO - 🎯 IGDB Match: 'RPG in a Box' (100%)
2026-04-13 17:38:26,628 - INFO - 📅 Fetching Basic Metadata: Fallout Classic Collection
2026-04-13 17:38:26,719 - INFO - 🎯 IGDB Match: 'Fallout Classic Collection' (100%)
2026-04-13 17:38:26,728 - INFO - 📅 Fetching Basic Metadata: Recipe for Disaster
2026-04-13 17:38:26,834 - INFO - 🎯 IGDB Match: 'Recipe For Disaster' (100%)
2026-04-13 17:38:26,842 - INFO - 📅 Fetching Basic Metadata: World of Warships — Starter Pack: Ishizuchi
2026-04-13 17:38:27,001 - INFO - 🎯 IGDB Match: 'World of Warships: Starter Pack - Ishizuchi' (98%)
2026-04-13 17:38:27,008 - INFO - 📅 Fetching Basic Metadata: Poker Club
2026-04-13 17:38:27,130 - INFO - 🎯 IGDB Match: 'Poker Club' (100%)
2026-04-13 17:38:27,136 - INFO - 📅 Fetching Basic Metadata: The Sims 4 The Daring Lifestyle Bundle
2026-04-13 17:38:27,216 - INFO - 🎯 IGDB Match: 'The Sims 4: The Daring Lifestyle Bundle' (99%)
2026-04-13 17:38:27,224 - INFO - 📅 Fetching Basic Metadata: Dodo Peak
2026-04-13 17:38:27,323 - INFO - 🎯 IGDB Match: 'Dodo Peak' (100%)
2026-04-13 17:38:27,329 - INFO - 📅 Fetching Basic Metadata: Spelldrifter
2026-04-13 17:38:27,444 - INFO - 🎯 IGDB Match: 'Spelldrifter' (100%)
2026-04-13 17:38:27,450 - INFO - 📅 Fetching Basic Metadata: Model Builder
2026-04-13 17:38:27,580 - INFO - 🎯 IGDB Match: 'Model Builder' (100%)
2026-04-13 17:38:27,586 - INFO - 📅 Fetching Basic Metadata: Godlike Burger
2026-04-13 17:38:27,664 - INFO - 🎯 IGDB Match: 'Godlike Burger' (100%)
2026-04-13 17:38:27,670 - INFO - 📅 Fetching Basic Metadata: Q.U.B.E. Ultimate Bundle
2026-04-13 17:38:27,742 - INFO - 🎯 IGDB Match: 'Q.U.B.E. Ultimate Bundle' (100%)
2026-04-13 17:38:27,750 - INFO - 📅 Fetching Basic Metadata: Jitsu Squad
2026-04-13 17:38:27,867 - INFO - 🎯 IGDB Match: 'Jitsu Squad' (100%)
2026-04-13 17:38:27,873 - INFO - 📅 Fetching Basic Metadata: Mighty Fight Federation
2026-04-13 17:38:27,963 - INFO - 🎯 IGDB Match: 'Mighty Fight Federation' (100%)
2026-04-13 17:38:27,973 - INFO - 📅 Fetching Basic Metadata: LOVE
2026-04-13 17:38:28,097 - INFO - 🎯 IGDB Match: 'Love Love Love' (90%)
2026-04-13 17:38:28,105 - INFO - 📅 Fetching Basic Metadata: Call of The Wild: The Angler
2026-04-13 17:38:28,192 - INFO - 🎯 IGDB Match: 'Call of the Wild: The Angler' (100%)
2026-04-13 17:38:28,201 - INFO - 📅 Fetching Basic Metadata: The Falconeer
2026-04-13 17:38:28,328 - INFO - 🎯 IGDB Match: 'The Falconeer: The Hunter' (90%)
2026-04-13 17:38:28,335 - INFO - 📅 Fetching Basic Metadata: Rawmen: Food Fighter Arena
2026-04-13 17:38:28,409 - WARNING - IGDB Error for Rawmen: Food Fighter Arena: string indices must be integers, not 'str'
2026-04-13 17:38:28,416 - INFO - 📅 Fetching Basic Metadata: World of Warships – Starter Pack: Albany
2026-04-13 17:38:28,485 - WARNING - IGDB Error for World of Warships – Starter Pack: Albany: string indices must be integers, not 'str'
2026-04-13 17:38:28,492 - INFO - 📅 Fetching Basic Metadata: Fallout Classic Edition
2026-04-13 17:38:28,599 - INFO - 📅 Fetching Basic Metadata: Outliver: Tribulation
2026-04-13 17:38:28,661 - WARNING - IGDB Error for Outliver: Tribulation: string indices must be integers, not 'str'
2026-04-13 17:38:28,669 - INFO - 📅 Fetching Basic Metadata: Bus Simulator 21 Next Stop
2026-04-13 17:38:28,732 - WARNING - IGDB Error for Bus Simulator 21 Next Stop: string indices must be integers, not 'str'
2026-04-13 17:38:28,741 - INFO - 📅 Fetching Basic Metadata: Turmoil
2026-04-13 17:38:28,804 - WARNING - IGDB Error for Turmoil: string indices must be integers, not 'str'
2026-04-13 17:38:28,812 - INFO - 📅 Fetching Basic Metadata: World War Z Aftermath
2026-04-13 17:38:28,872 - WARNING - IGDB Error for World War Z Aftermath: string indices must be integers, not 'str'
2026-04-13 17:38:28,879 - INFO - 📅 Fetching Basic Metadata: World Of Warships – Anniversary Party Flavor
2026-04-13 17:38:28,938 - WARNING - IGDB Error for World Of Warships – Anniversary Party Flavor: string indices must be integers, not 'str'
2026-04-13 17:38:28,945 - INFO - 📅 Fetching Basic Metadata: Neko Ghost, Jump!
2026-04-13 17:38:29,046 - WARNING - IGDB Error for Neko Ghost, Jump!: string indices must be integers, not 'str'
2026-04-13 17:38:29,054 - INFO - 📅 Fetching Basic Metadata: Super Space Club
2026-04-13 17:38:29,157 - WARNING - IGDB Error for Super Space Club: string indices must be integers, not 'str'
2026-04-13 17:38:29,163 - INFO - 📅 Fetching Basic Metadata: Touch Type Tale
2026-04-13 17:38:29,236 - WARNING - IGDB Error for Touch Type Tale: string indices must be integers, not 'str'
2026-04-13 17:38:29,244 - INFO - 📅 Fetching Basic Metadata: Gigapocalypse
2026-04-13 17:38:29,303 - WARNING - IGDB Error for Gigapocalypse: string indices must be integers, not 'str'
2026-04-13 17:38:29,312 - INFO - 📅 Fetching Basic Metadata: Legion TD2
2026-04-13 17:38:29,412 - WARNING - IGDB Error for Legion TD2: string indices must be integers, not 'str'
2026-04-13 17:38:29,422 - INFO - 📅 Fetching Basic Metadata: Nightingale
2026-04-13 17:38:29,488 - WARNING - IGDB Error for Nightingale: string indices must be integers, not 'str'
2026-04-13 17:38:29,496 - INFO - 📅 Fetching Basic Metadata: Godzilla Voxel Wars
2026-04-13 17:38:29,584 - WARNING - IGDB Error for Godzilla Voxel Wars: string indices must be integers, not 'str'
2026-04-13 17:38:29,593 - INFO - 📅 Fetching Basic Metadata: Trine Classic Collection
2026-04-13 17:38:29,651 - WARNING - IGDB Error for Trine Classic Collection: string indices must be integers, not 'str'
2026-04-13 17:38:29,659 - INFO - 📅 Fetching Basic Metadata: Poison Retro Set
2026-04-13 17:38:29,717 - WARNING - IGDB Error for Poison Retro Set: string indices must be integers, not 'str'
2026-04-13 17:38:29,724 - INFO - 📅 Fetching Basic Metadata: The Darkside Detective A Fumble in the Dark
2026-04-13 17:38:29,823 - WARNING - IGDB Error for The Darkside Detective A Fumble in the Dark: string indices must be integers, not 'str'
2026-04-13 17:38:29,830 - INFO - 📅 Fetching Basic Metadata: Return to Ash
2026-04-13 17:38:29,892 - WARNING - IGDB Error for Return to Ash: string indices must be integers, not 'str'
2026-04-13 17:38:29,899 - INFO - 🏢 Publisher Search: STALCRAFT: X Starter Edition
2026-04-13 17:38:31,268 - INFO - 📅 Fetching Basic Metadata: STALCRAFT: X Starter Edition
2026-04-13 17:38:31,361 - INFO - 📅 Fetching Basic Metadata: Boxes: Lost Fragments
2026-04-13 17:38:31,443 - INFO - 🎯 IGDB Match: 'Boxes: Lost Fragments' (100%)
2026-04-13 17:38:31,450 - INFO - 📅 Fetching Basic Metadata: My Night Job
2026-04-13 17:38:31,564 - INFO - 🎯 IGDB Match: 'My Night Job' (100%)
2026-04-13 17:38:31,571 - INFO - 📅 Fetching Basic Metadata: Electrician Simulator
2026-04-13 17:38:31,647 - INFO - 🎯 IGDB Match: 'Electrician Simulator' (100%)
2026-04-13 17:38:31,653 - INFO - 🏢 Publisher Search: World of Warships — Epic Anniversary Tachibana Pack
2026-04-13 17:38:33,017 - INFO - 📅 Fetching Basic Metadata: World of Warships — Epic Anniversary Tachibana Pack
2026-04-13 17:38:33,097 - INFO - 📅 Fetching Basic Metadata: Hyper Echelon
2026-04-13 17:38:33,173 - INFO - 🎯 IGDB Match: 'Hyper Echelon' (100%)
2026-04-13 17:38:33,180 - INFO - 📅 Fetching Basic Metadata: Havendock
2026-04-13 17:38:33,303 - INFO - 🎯 IGDB Match: 'Havendock' (100%)
2026-04-13 17:38:33,309 - INFO - 📅 Fetching Basic Metadata: Clone Drone in the Danger Zone
2026-04-13 17:38:33,391 - INFO - 🎯 IGDB Match: 'Clone Drone in the Danger Zone' (100%)
2026-04-13 17:38:33,398 - INFO - 🏢 Publisher Search: TOMAK: Save the Earth Regeneration
2026-04-13 17:38:34,738 - INFO - 📅 Fetching Basic Metadata: TOMAK: Save the Earth Regeneration
2026-04-13 17:38:34,844 - INFO - 🎯 IGDB Match: 'Tomak: Save the Earth Regeneration' (100%)
2026-04-13 17:38:34,850 - INFO - 📅 Fetching Basic Metadata: Prop Sumo
2026-04-13 17:38:34,939 - INFO - 🎯 IGDB Match: 'Prop Sumo' (100%)
2026-04-13 17:38:34,950 - INFO - 
--- Starting Data Quality Checks ---
2026-04-13 17:38:34,964 - INFO - --- Data Quality Checks Complete ---

2026-04-13 17:38:34,993 - INFO - | Metric | Statistics |
| :--- | :--- |
| 💰 **Total Market Value** | **$12,778.23** |
| 📦 **Total Games Collected** | 664 |
| 🏷️ **Average Retail Price** | $22.39 per game |
| 💎 **Most Expensive Title** | Civilization 6 Platinum Edition ($79.99) |
| 👑 **MVP Publisher** | Bethesda Softworks |
| 🏢 **Value Leaders** | 2K ($579.90), Bethesda Softworks ($544.80), Paradox Interactive ($409.89) |
| 📈 **Inflation-Adjusted Value** | $14,575.47 |
| 🎈 **Inflation Bonus** | **+$1,797.24** in purchasing power |
| 🗓️ **Peak Saving Month** | 🎄 **Seasonality Peak:** December is historically the best month, offering $3,388.17 in savings. |
| ⭐ **Average Score** | 76.7/100 |
| 💳 **Subscription Equivalent** | **$168.95 / mo** |
| 🎯 **Prestige Ratio** | **2.0%** (Strategic Hype) |
| 🏎️ **Lead Time Avg** | 447 Days to Sequel |

2026-04-13 17:38:34,994 - INFO - ✅ README.md updated.
2026-04-13 17:38:35,018 - INFO - Using categorical units to plot a list of strings that are all parsable as floats or dates. If these strings should be plotted as numbers, cast to the appropriate data type before plotting.
2026-04-13 17:38:35,019 - INFO - Using categorical units to plot a list of strings that are all parsable as floats or dates. If these strings should be plotted as numbers, cast to the appropriate data type before plotting.
2026-04-13 17:38:40,676 - INFO - 📈 All charts generated successfully.
