2026-05-31 17:37:51,252 - INFO - Failed to extract font properties from /usr/share/fonts/truetype/noto/NotoColorEmoji.ttf: Can not load face (unknown file format; error code 0x2)
2026-05-31 17:37:51,395 - INFO - generated new fontManager
2026-05-31 17:37:51,722 - INFO - ✅ Migration Successful!
2026-05-31 17:37:51,847 - INFO - No new games found.
2026-05-31 17:37:52,420 - INFO - 🔍 Found 600 games needing metadata. Starting IGDB + Steam + CheapShark enrichment...
2026-05-31 17:37:52,503 - INFO - 📅 Fetching Basic Metadata: LEGO Batman Trilogy
2026-05-31 17:37:52,952 - INFO - 🎯 IGDB Match: 'LEGO Batman Trilogy' (100%)
2026-05-31 17:37:52,980 - INFO - 📅 Fetching Basic Metadata: Antstream
2026-05-31 17:37:53,189 - INFO - 📅 Fetching Basic Metadata: The Drone Racing League Simulator
2026-05-31 17:37:53,372 - INFO - 🎯 IGDB Match: 'The Drone Racing League Simulator' (100%)
2026-05-31 17:37:53,380 - INFO - 📅 Fetching Basic Metadata: Dark Deity
2026-05-31 17:37:53,662 - INFO - 🎯 IGDB Match: 'Dark Deity' (100%)
2026-05-31 17:37:53,669 - INFO - 📅 Fetching Basic Metadata: RPG in a Box
2026-05-31 17:37:53,873 - INFO - 🎯 IGDB Match: 'RPG in a Box' (100%)
2026-05-31 17:37:53,880 - INFO - 📅 Fetching Basic Metadata: Fallout Classic Collection
2026-05-31 17:37:54,113 - INFO - 🎯 IGDB Match: 'Fallout Classic Collection' (100%)
2026-05-31 17:37:54,122 - INFO - 📅 Fetching Basic Metadata: Recipe for Disaster
2026-05-31 17:37:54,364 - INFO - 🎯 IGDB Match: 'Recipe For Disaster' (100%)
2026-05-31 17:37:54,371 - INFO - 📅 Fetching Basic Metadata: World of Warships — Starter Pack: Ishizuchi
2026-05-31 17:37:54,552 - INFO - 🎯 IGDB Match: 'World of Warships: Starter Pack - Ishizuchi' (98%)
2026-05-31 17:37:54,559 - INFO - 📅 Fetching Basic Metadata: Poker Club
2026-05-31 17:37:54,660 - INFO - 🎯 IGDB Match: 'Poker Club' (100%)
2026-05-31 17:37:54,666 - INFO - 📅 Fetching Basic Metadata: The Sims 4 The Daring Lifestyle Bundle
2026-05-31 17:37:54,869 - INFO - 🎯 IGDB Match: 'The Sims 4: The Daring Lifestyle Bundle' (99%)
2026-05-31 17:37:54,877 - INFO - 📅 Fetching Basic Metadata: Dodo Peak
2026-05-31 17:37:54,989 - INFO - 🎯 IGDB Match: 'Dodo Peak' (100%)
2026-05-31 17:37:54,995 - INFO - 📅 Fetching Basic Metadata: Spelldrifter
2026-05-31 17:37:55,175 - INFO - 🎯 IGDB Match: 'Spelldrifter' (100%)
2026-05-31 17:37:55,182 - INFO - 📅 Fetching Basic Metadata: Model Builder
2026-05-31 17:37:55,408 - INFO - 🎯 IGDB Match: 'Model Builder' (100%)
2026-05-31 17:37:55,414 - INFO - 📅 Fetching Basic Metadata: Godlike Burger
2026-05-31 17:37:55,503 - INFO - 🎯 IGDB Match: 'Godlike Burger' (100%)
2026-05-31 17:37:55,510 - INFO - 📅 Fetching Basic Metadata: Q.U.B.E. Ultimate Bundle
2026-05-31 17:37:55,691 - INFO - 🎯 IGDB Match: 'Q.U.B.E. Ultimate Bundle' (100%)
2026-05-31 17:37:55,699 - INFO - 📅 Fetching Basic Metadata: Jitsu Squad
2026-05-31 17:37:55,876 - INFO - 🎯 IGDB Match: 'Jitsu Squad' (100%)
2026-05-31 17:37:55,883 - INFO - 📅 Fetching Basic Metadata: Mighty Fight Federation
2026-05-31 17:37:55,977 - INFO - 🎯 IGDB Match: 'Mighty Fight Federation' (100%)
2026-05-31 17:37:55,987 - INFO - 📅 Fetching Basic Metadata: LOVE
2026-05-31 17:37:56,108 - INFO - 🎯 IGDB Match: 'Love Love Love' (90%)
2026-05-31 17:37:56,116 - INFO - 📅 Fetching Basic Metadata: Call of The Wild: The Angler
2026-05-31 17:37:56,260 - INFO - 🎯 IGDB Match: 'Call of the Wild: The Angler' (100%)
2026-05-31 17:37:56,269 - INFO - 📅 Fetching Basic Metadata: The Falconeer
2026-05-31 17:37:56,362 - INFO - 🎯 IGDB Match: 'The Falconeer: The Hunter' (90%)
2026-05-31 17:37:56,369 - INFO - 📅 Fetching Basic Metadata: Rawmen: Food Fighter Arena
2026-05-31 17:37:56,460 - INFO - 🎯 IGDB Match: 'Rawmen' (90%)
2026-05-31 17:37:56,467 - INFO - 📅 Fetching Basic Metadata: World of Warships – Starter Pack: Albany
2026-05-31 17:37:56,570 - INFO - 📅 Fetching Basic Metadata: Fallout Classic Edition
2026-05-31 17:37:56,675 - INFO - 📅 Fetching Basic Metadata: Outliver: Tribulation
2026-05-31 17:37:56,766 - INFO - 🎯 IGDB Match: 'Outliver: Tribulation' (100%)
2026-05-31 17:37:56,774 - INFO - 📅 Fetching Basic Metadata: Bus Simulator 21 Next Stop
2026-05-31 17:37:56,955 - INFO - 🎯 IGDB Match: 'Bus Simulator 21: Next Stop' (98%)
2026-05-31 17:37:56,963 - INFO - 📅 Fetching Basic Metadata: Turmoil
2026-05-31 17:37:57,140 - INFO - 🎯 IGDB Match: 'Turmoil' (100%)
2026-05-31 17:37:57,147 - INFO - 📅 Fetching Basic Metadata: World War Z Aftermath
2026-05-31 17:37:57,241 - INFO - 🎯 IGDB Match: 'World War Z: Aftermath' (98%)
2026-05-31 17:37:57,248 - INFO - 📅 Fetching Basic Metadata: World Of Warships – Anniversary Party Flavor
2026-05-31 17:37:57,412 - WARNING - IGDB Error for World Of Warships – Anniversary Party Flavor: string indices must be integers, not 'str'
2026-05-31 17:37:57,419 - INFO - 📅 Fetching Basic Metadata: Neko Ghost, Jump!
2026-05-31 17:37:57,514 - WARNING - IGDB Error for Neko Ghost, Jump!: string indices must be integers, not 'str'
2026-05-31 17:37:57,521 - INFO - 📅 Fetching Basic Metadata: Super Space Club
2026-05-31 17:37:57,601 - WARNING - IGDB Error for Super Space Club: string indices must be integers, not 'str'
2026-05-31 17:37:57,608 - INFO - 📅 Fetching Basic Metadata: Touch Type Tale
2026-05-31 17:37:57,688 - WARNING - IGDB Error for Touch Type Tale: string indices must be integers, not 'str'
2026-05-31 17:37:57,695 - INFO - 📅 Fetching Basic Metadata: Gigapocalypse
2026-05-31 17:37:57,857 - WARNING - IGDB Error for Gigapocalypse: string indices must be integers, not 'str'
2026-05-31 17:37:57,865 - INFO - 📅 Fetching Basic Metadata: Legion TD2
2026-05-31 17:37:58,027 - WARNING - IGDB Error for Legion TD2: string indices must be integers, not 'str'
2026-05-31 17:37:58,036 - INFO - 📅 Fetching Basic Metadata: Nightingale
2026-05-31 17:37:58,201 - WARNING - IGDB Error for Nightingale: string indices must be integers, not 'str'
2026-05-31 17:37:58,209 - INFO - 📅 Fetching Basic Metadata: Godzilla Voxel Wars
2026-05-31 17:37:58,290 - WARNING - IGDB Error for Godzilla Voxel Wars: string indices must be integers, not 'str'
2026-05-31 17:37:58,299 - INFO - 📅 Fetching Basic Metadata: Trine Classic Collection
2026-05-31 17:37:58,378 - WARNING - IGDB Error for Trine Classic Collection: string indices must be integers, not 'str'
2026-05-31 17:37:58,386 - INFO - 📅 Fetching Basic Metadata: Poison Retro Set
2026-05-31 17:37:58,470 - WARNING - IGDB Error for Poison Retro Set: string indices must be integers, not 'str'
2026-05-31 17:37:58,476 - INFO - 📅 Fetching Basic Metadata: The Darkside Detective A Fumble in the Dark
2026-05-31 17:37:58,572 - INFO - 🎯 IGDB Match: 'The Darkside Detective: A Fumble in the Dark' (99%)
2026-05-31 17:37:58,578 - INFO - 📅 Fetching Basic Metadata: Return to Ash
2026-05-31 17:37:58,677 - INFO - 🎯 IGDB Match: 'Return to Ash' (100%)
2026-05-31 17:37:58,683 - INFO - 🏢 Publisher Search: STALCRAFT: X Starter Edition
2026-05-31 17:38:00,140 - INFO - 📅 Fetching Basic Metadata: STALCRAFT: X Starter Edition
2026-05-31 17:38:00,236 - INFO - 📅 Fetching Basic Metadata: Boxes: Lost Fragments
2026-05-31 17:38:00,420 - INFO - 🎯 IGDB Match: 'Boxes: Lost Fragments' (100%)
2026-05-31 17:38:00,426 - INFO - 📅 Fetching Basic Metadata: My Night Job
2026-05-31 17:38:00,518 - INFO - 🎯 IGDB Match: 'My Night Job' (100%)
2026-05-31 17:38:00,525 - INFO - 📅 Fetching Basic Metadata: Electrician Simulator
2026-05-31 17:38:00,615 - INFO - 🎯 IGDB Match: 'Electrician Simulator' (100%)
2026-05-31 17:38:00,621 - INFO - 🏢 Publisher Search: World of Warships — Epic Anniversary Tachibana Pack
2026-05-31 17:38:01,941 - INFO - 📅 Fetching Basic Metadata: World of Warships — Epic Anniversary Tachibana Pack
2026-05-31 17:38:02,038 - INFO - 📅 Fetching Basic Metadata: Hyper Echelon
2026-05-31 17:38:02,132 - INFO - 🎯 IGDB Match: 'Hyper Echelon' (100%)
2026-05-31 17:38:02,138 - INFO - 📅 Fetching Basic Metadata: Havendock
2026-05-31 17:38:02,316 - INFO - 🎯 IGDB Match: 'Havendock' (100%)
2026-05-31 17:38:02,322 - INFO - 📅 Fetching Basic Metadata: Clone Drone in the Danger Zone
2026-05-31 17:38:02,417 - INFO - 🎯 IGDB Match: 'Clone Drone in the Danger Zone' (100%)
2026-05-31 17:38:02,423 - INFO - 🏢 Publisher Search: TOMAK: Save the Earth Regeneration
2026-05-31 17:38:03,737 - INFO - 📅 Fetching Basic Metadata: TOMAK: Save the Earth Regeneration
2026-05-31 17:38:03,911 - INFO - 🎯 IGDB Match: 'Tomak: Save the Earth Regeneration' (100%)
2026-05-31 17:38:03,917 - INFO - 📅 Fetching Basic Metadata: Prop Sumo
2026-05-31 17:38:04,022 - INFO - 🎯 IGDB Match: 'Prop Sumo' (100%)
2026-05-31 17:38:04,028 - INFO - 📅 Fetching Basic Metadata: The Stone of Madness
2026-05-31 17:38:04,129 - INFO - 🎯 IGDB Match: 'The Stone of Madness' (100%)
2026-05-31 17:38:04,135 - INFO - 📅 Fetching Basic Metadata: Firestone Online Idle RPG
2026-05-31 17:38:04,227 - INFO - 🎯 IGDB Match: 'Firestone: Online Idle RPG' (98%)
2026-05-31 17:38:04,233 - INFO - 📅 Fetching Basic Metadata: Oddsparks: An Automation Adventure
2026-05-31 17:38:04,326 - INFO - 🎯 IGDB Match: 'Oddsparks: An Automation Adventure' (100%)
2026-05-31 17:38:04,332 - INFO - 📅 Fetching Basic Metadata: Trash Goblin
2026-05-31 17:38:04,511 - INFO - 🎯 IGDB Match: 'Trash Goblin' (100%)
2026-05-31 17:38:04,517 - INFO - 🏢 Publisher Search: The Telltale Batman Shadows Edition
2026-05-31 17:38:05,830 - INFO - 📅 Fetching Basic Metadata: The Telltale Batman Shadows Edition
2026-05-31 17:38:06,005 - INFO - 🎯 IGDB Match: 'Telltale Batman Shadows Edition' (95%)
2026-05-31 17:38:06,011 - INFO - 🏢 Publisher Search: Sunderfolk - Standard Edition
2026-05-31 17:38:07,347 - INFO - 📅 Fetching Basic Metadata: Sunderfolk - Standard Edition
2026-05-31 17:38:07,443 - INFO - 📅 Fetching Basic Metadata: Down in Bermuda
2026-05-31 17:38:07,620 - INFO - 🎯 IGDB Match: 'Down in Bermuda' (100%)
2026-05-31 17:38:07,626 - INFO - 📅 Fetching Basic Metadata: Tomb Raider I-III Remastered Starring Lara Croft
2026-05-31 17:38:07,813 - INFO - 📅 Fetching Basic Metadata: LONESTAR
2026-05-31 17:38:07,908 - INFO - 🎯 IGDB Match: 'LoneStar' (100%)
2026-05-31 17:38:07,914 - INFO - 📅 Fetching Basic Metadata: Calico
2026-05-31 17:38:08,096 - INFO - 🎯 IGDB Match: 'Calico' (100%)
2026-05-31 17:38:08,107 - INFO - 
--- Starting Data Quality Checks ---
2026-05-31 17:38:08,120 - INFO - --- Data Quality Checks Complete ---

2026-05-31 17:38:08,150 - INFO - | Metric | Statistics |
| :--- | :--- |
| 💰 **Total Market Value** | **$13,018.13** |
| 📦 **Total Games Collected** | 676 |
| 🏷️ **Average Retail Price** | $22.35 per game |
| 💎 **Most Expensive Title** | Civilization 6 Platinum Edition ($79.99) |
| 👑 **MVP Publisher** | Bethesda Softworks |
| 🏢 **Value Leaders** | 2K ($579.90), Bethesda Softworks ($544.80), Paradox Interactive ($409.89) |
| 📈 **Inflation-Adjusted Value** | $14,815.37 |
| 🎈 **Inflation Bonus** | **+$1,797.24** in purchasing power |
| 🗓️ **Peak Saving Month** | 🎄 **Seasonality Peak:** December is historically the best month, offering $3,388.17 in savings. |
| ⭐ **Average Score** | 76.8/100 |
| 💳 **Subscription Equivalent** | **$169.75 / mo** |
| 🎯 **Prestige Ratio** | **1.9%** (Strategic Hype) |
| 🏎️ **Lead Time Avg** | 447 Days to Sequel |

2026-05-31 17:38:08,150 - INFO - ✅ README.md updated.
2026-05-31 17:38:08,175 - INFO - Using categorical units to plot a list of strings that are all parsable as floats or dates. If these strings should be plotted as numbers, cast to the appropriate data type before plotting.
2026-05-31 17:38:08,176 - INFO - Using categorical units to plot a list of strings that are all parsable as floats or dates. If these strings should be plotted as numbers, cast to the appropriate data type before plotting.
2026-05-31 17:38:13,788 - INFO - 📈 All charts generated successfully.
