2026-05-08 17:52:01,208 - INFO - Failed to extract font properties from /usr/share/fonts/truetype/noto/NotoColorEmoji.ttf: Can not load face (unknown file format; error code 0x2)
2026-05-08 17:52:01,326 - INFO - generated new fontManager
2026-05-08 17:52:01,623 - INFO - ✅ Migration Successful!
2026-05-08 17:52:01,741 - INFO - No new games found.
2026-05-08 17:52:02,302 - INFO - 🔍 Found 594 games needing metadata. Starting IGDB + Steam + CheapShark enrichment...
2026-05-08 17:52:02,327 - INFO - 📅 Fetching Basic Metadata: LEGO Batman Trilogy
2026-05-08 17:52:02,611 - INFO - 🎯 IGDB Match: 'LEGO Batman Trilogy' (100%)
2026-05-08 17:52:02,639 - INFO - 📅 Fetching Basic Metadata: Antstream
2026-05-08 17:52:02,834 - INFO - 📅 Fetching Basic Metadata: The Drone Racing League Simulator
2026-05-08 17:52:02,938 - INFO - 🎯 IGDB Match: 'The Drone Racing League Simulator' (100%)
2026-05-08 17:52:02,946 - INFO - 📅 Fetching Basic Metadata: Dark Deity
2026-05-08 17:52:03,074 - INFO - 🎯 IGDB Match: 'Dark Deity' (100%)
2026-05-08 17:52:03,080 - INFO - 📅 Fetching Basic Metadata: RPG in a Box
2026-05-08 17:52:03,181 - INFO - 🎯 IGDB Match: 'RPG in a Box' (100%)
2026-05-08 17:52:03,188 - INFO - 📅 Fetching Basic Metadata: Fallout Classic Collection
2026-05-08 17:52:03,294 - INFO - 🎯 IGDB Match: 'Fallout Classic Collection' (100%)
2026-05-08 17:52:03,303 - INFO - 📅 Fetching Basic Metadata: Recipe for Disaster
2026-05-08 17:52:03,480 - INFO - 🎯 IGDB Match: 'Recipe For Disaster' (100%)
2026-05-08 17:52:03,486 - INFO - 📅 Fetching Basic Metadata: World of Warships — Starter Pack: Ishizuchi
2026-05-08 17:52:03,583 - INFO - 🎯 IGDB Match: 'World of Warships: Starter Pack - Ishizuchi' (98%)
2026-05-08 17:52:03,590 - INFO - 📅 Fetching Basic Metadata: Poker Club
2026-05-08 17:52:03,770 - INFO - 🎯 IGDB Match: 'Poker Club' (100%)
2026-05-08 17:52:03,776 - INFO - 📅 Fetching Basic Metadata: The Sims 4 The Daring Lifestyle Bundle
2026-05-08 17:52:03,921 - INFO - 🎯 IGDB Match: 'The Sims 4: The Daring Lifestyle Bundle' (99%)
2026-05-08 17:52:03,929 - INFO - 📅 Fetching Basic Metadata: Dodo Peak
2026-05-08 17:52:04,024 - INFO - 🎯 IGDB Match: 'Dodo Peak' (100%)
2026-05-08 17:52:04,031 - INFO - 📅 Fetching Basic Metadata: Spelldrifter
2026-05-08 17:52:04,180 - INFO - 🎯 IGDB Match: 'Spelldrifter' (100%)
2026-05-08 17:52:04,187 - INFO - 📅 Fetching Basic Metadata: Model Builder
2026-05-08 17:52:04,279 - INFO - 🎯 IGDB Match: 'Model Builder' (100%)
2026-05-08 17:52:04,285 - INFO - 📅 Fetching Basic Metadata: Godlike Burger
2026-05-08 17:52:04,411 - INFO - 🎯 IGDB Match: 'Godlike Burger' (100%)
2026-05-08 17:52:04,417 - INFO - 📅 Fetching Basic Metadata: Q.U.B.E. Ultimate Bundle
2026-05-08 17:52:04,568 - INFO - 🎯 IGDB Match: 'Q.U.B.E. Ultimate Bundle' (100%)
2026-05-08 17:52:04,575 - INFO - 📅 Fetching Basic Metadata: Jitsu Squad
2026-05-08 17:52:04,676 - INFO - 🎯 IGDB Match: 'Jitsu Squad' (100%)
2026-05-08 17:52:04,682 - INFO - 📅 Fetching Basic Metadata: Mighty Fight Federation
2026-05-08 17:52:04,866 - INFO - 🎯 IGDB Match: 'Mighty Fight Federation' (100%)
2026-05-08 17:52:04,875 - INFO - 📅 Fetching Basic Metadata: LOVE
2026-05-08 17:52:04,956 - WARNING - IGDB Error for LOVE: string indices must be integers, not 'str'
2026-05-08 17:52:04,964 - INFO - 📅 Fetching Basic Metadata: Call of The Wild: The Angler
2026-05-08 17:52:05,076 - INFO - 🎯 IGDB Match: 'Call of the Wild: The Angler' (100%)
2026-05-08 17:52:05,085 - INFO - 📅 Fetching Basic Metadata: The Falconeer
2026-05-08 17:52:05,185 - INFO - 🎯 IGDB Match: 'The Falconeer: The Hunter' (90%)
2026-05-08 17:52:05,191 - INFO - 📅 Fetching Basic Metadata: Rawmen: Food Fighter Arena
2026-05-08 17:52:05,289 - INFO - 🎯 IGDB Match: 'Rawmen' (90%)
2026-05-08 17:52:05,295 - INFO - 📅 Fetching Basic Metadata: World of Warships – Starter Pack: Albany
2026-05-08 17:52:05,375 - WARNING - IGDB Error for World of Warships – Starter Pack: Albany: string indices must be integers, not 'str'
2026-05-08 17:52:05,381 - INFO - 📅 Fetching Basic Metadata: Fallout Classic Edition
2026-05-08 17:52:05,464 - WARNING - IGDB Error for Fallout Classic Edition: string indices must be integers, not 'str'
2026-05-08 17:52:05,471 - INFO - 📅 Fetching Basic Metadata: Outliver: Tribulation
2026-05-08 17:52:05,552 - WARNING - IGDB Error for Outliver: Tribulation: string indices must be integers, not 'str'
2026-05-08 17:52:05,559 - INFO - 📅 Fetching Basic Metadata: Bus Simulator 21 Next Stop
2026-05-08 17:52:05,641 - WARNING - IGDB Error for Bus Simulator 21 Next Stop: string indices must be integers, not 'str'
2026-05-08 17:52:05,650 - INFO - 📅 Fetching Basic Metadata: Turmoil
2026-05-08 17:52:05,731 - WARNING - IGDB Error for Turmoil: string indices must be integers, not 'str'
2026-05-08 17:52:05,738 - INFO - 📅 Fetching Basic Metadata: World War Z Aftermath
2026-05-08 17:52:05,818 - WARNING - IGDB Error for World War Z Aftermath: string indices must be integers, not 'str'
2026-05-08 17:52:05,824 - INFO - 📅 Fetching Basic Metadata: World Of Warships – Anniversary Party Flavor
2026-05-08 17:52:05,961 - WARNING - IGDB Error for World Of Warships – Anniversary Party Flavor: string indices must be integers, not 'str'
2026-05-08 17:52:05,967 - INFO - 📅 Fetching Basic Metadata: Neko Ghost, Jump!
2026-05-08 17:52:06,048 - WARNING - IGDB Error for Neko Ghost, Jump!: string indices must be integers, not 'str'
2026-05-08 17:52:06,054 - INFO - 📅 Fetching Basic Metadata: Super Space Club
2026-05-08 17:52:06,162 - WARNING - IGDB Error for Super Space Club: string indices must be integers, not 'str'
2026-05-08 17:52:06,168 - INFO - 📅 Fetching Basic Metadata: Touch Type Tale
2026-05-08 17:52:06,260 - INFO - 🎯 IGDB Match: 'Touch Type Tale' (100%)
2026-05-08 17:52:06,266 - INFO - 📅 Fetching Basic Metadata: Gigapocalypse
2026-05-08 17:52:06,364 - INFO - 🎯 IGDB Match: 'Gigapocalypse' (100%)
2026-05-08 17:52:06,372 - INFO - 📅 Fetching Basic Metadata: Legion TD2
2026-05-08 17:52:06,543 - INFO - 📅 Fetching Basic Metadata: Nightingale
2026-05-08 17:52:06,661 - INFO - 🎯 IGDB Match: 'Nightingale' (100%)
2026-05-08 17:52:06,669 - INFO - 📅 Fetching Basic Metadata: Godzilla Voxel Wars
2026-05-08 17:52:06,845 - INFO - 🎯 IGDB Match: 'Godzilla Voxel Wars' (100%)
2026-05-08 17:52:06,853 - INFO - 📅 Fetching Basic Metadata: Trine Classic Collection
2026-05-08 17:52:07,038 - INFO - 🎯 IGDB Match: 'Trine Classic Collection' (100%)
2026-05-08 17:52:07,045 - INFO - 📅 Fetching Basic Metadata: Poison Retro Set
2026-05-08 17:52:07,148 - INFO - 🎯 IGDB Match: 'Pixel Gun 3D: Poison Retro Set' (90%)
2026-05-08 17:52:07,154 - INFO - 📅 Fetching Basic Metadata: The Darkside Detective A Fumble in the Dark
2026-05-08 17:52:07,247 - INFO - 🎯 IGDB Match: 'The Darkside Detective: A Fumble in the Dark' (99%)
2026-05-08 17:52:07,253 - INFO - 📅 Fetching Basic Metadata: Return to Ash
2026-05-08 17:52:07,448 - INFO - 🎯 IGDB Match: 'Return to Ash' (100%)
2026-05-08 17:52:07,453 - INFO - 🏢 Publisher Search: STALCRAFT: X Starter Edition
2026-05-08 17:52:08,786 - INFO - 📅 Fetching Basic Metadata: STALCRAFT: X Starter Edition
2026-05-08 17:52:08,941 - INFO - 📅 Fetching Basic Metadata: Boxes: Lost Fragments
2026-05-08 17:52:09,046 - INFO - 🎯 IGDB Match: 'Boxes: Lost Fragments' (100%)
2026-05-08 17:52:09,051 - INFO - 📅 Fetching Basic Metadata: My Night Job
2026-05-08 17:52:09,144 - INFO - 🎯 IGDB Match: 'My Night Job' (100%)
2026-05-08 17:52:09,151 - INFO - 📅 Fetching Basic Metadata: Electrician Simulator
2026-05-08 17:52:09,243 - INFO - 🎯 IGDB Match: 'Electrician Simulator' (100%)
2026-05-08 17:52:09,249 - INFO - 🏢 Publisher Search: World of Warships — Epic Anniversary Tachibana Pack
2026-05-08 17:52:10,594 - INFO - 📅 Fetching Basic Metadata: World of Warships — Epic Anniversary Tachibana Pack
2026-05-08 17:52:10,695 - INFO - 📅 Fetching Basic Metadata: Hyper Echelon
2026-05-08 17:52:10,790 - INFO - 🎯 IGDB Match: 'Hyper Echelon' (100%)
2026-05-08 17:52:10,796 - INFO - 📅 Fetching Basic Metadata: Havendock
2026-05-08 17:52:10,889 - INFO - 🎯 IGDB Match: 'Havendock' (100%)
2026-05-08 17:52:10,895 - INFO - 📅 Fetching Basic Metadata: Clone Drone in the Danger Zone
2026-05-08 17:52:11,022 - INFO - 🎯 IGDB Match: 'Clone Drone in the Danger Zone' (100%)
2026-05-08 17:52:11,028 - INFO - 🏢 Publisher Search: TOMAK: Save the Earth Regeneration
2026-05-08 17:52:12,446 - INFO - 📅 Fetching Basic Metadata: TOMAK: Save the Earth Regeneration
2026-05-08 17:52:12,635 - INFO - 🎯 IGDB Match: 'Tomak: Save the Earth Regeneration' (100%)
2026-05-08 17:52:12,641 - INFO - 📅 Fetching Basic Metadata: Prop Sumo
2026-05-08 17:52:12,824 - INFO - 🎯 IGDB Match: 'Prop Sumo' (100%)
2026-05-08 17:52:12,830 - INFO - 📅 Fetching Basic Metadata: The Stone of Madness
2026-05-08 17:52:12,927 - INFO - 🎯 IGDB Match: 'The Stone of Madness' (100%)
2026-05-08 17:52:12,933 - INFO - 📅 Fetching Basic Metadata: Firestone Online Idle RPG
2026-05-08 17:52:13,108 - INFO - 🎯 IGDB Match: 'Firestone: Online Idle RPG' (98%)
2026-05-08 17:52:13,115 - INFO - 📅 Fetching Basic Metadata: Oddsparks: An Automation Adventure
2026-05-08 17:52:13,291 - INFO - 🎯 IGDB Match: 'Oddsparks: An Automation Adventure' (100%)
2026-05-08 17:52:13,297 - INFO - 📅 Fetching Basic Metadata: Trash Goblin
2026-05-08 17:52:13,399 - INFO - 🎯 IGDB Match: 'Trash Goblin' (100%)
2026-05-08 17:52:13,409 - INFO - 
--- Starting Data Quality Checks ---
2026-05-08 17:52:13,422 - INFO - --- Data Quality Checks Complete ---

2026-05-08 17:52:13,452 - INFO - | Metric | Statistics |
| :--- | :--- |
| 💰 **Total Market Value** | **$12,893.18** |
| 📦 **Total Games Collected** | 670 |
| 🏷️ **Average Retail Price** | $22.36 per game |
| 💎 **Most Expensive Title** | Civilization 6 Platinum Edition ($79.99) |
| 👑 **MVP Publisher** | Bethesda Softworks |
| 🏢 **Value Leaders** | 2K ($579.90), Bethesda Softworks ($544.80), Paradox Interactive ($409.89) |
| 📈 **Inflation-Adjusted Value** | $14,690.42 |
| 🎈 **Inflation Bonus** | **+$1,797.24** in purchasing power |
| 🗓️ **Peak Saving Month** | 🎄 **Seasonality Peak:** December is historically the best month, offering $3,388.17 in savings. |
| ⭐ **Average Score** | 76.8/100 |
| 💳 **Subscription Equivalent** | **$168.35 / mo** |
| 🎯 **Prestige Ratio** | **1.9%** (Strategic Hype) |
| 🏎️ **Lead Time Avg** | 447 Days to Sequel |

2026-05-08 17:52:13,452 - INFO - ✅ README.md updated.
2026-05-08 17:52:13,476 - INFO - Using categorical units to plot a list of strings that are all parsable as floats or dates. If these strings should be plotted as numbers, cast to the appropriate data type before plotting.
2026-05-08 17:52:13,476 - INFO - Using categorical units to plot a list of strings that are all parsable as floats or dates. If these strings should be plotted as numbers, cast to the appropriate data type before plotting.
2026-05-08 17:52:19,092 - INFO - 📈 All charts generated successfully.
