2026-07-12 17:32:37,699 - INFO - Failed to extract font properties from /usr/share/fonts/truetype/noto/NotoColorEmoji.ttf: Non-scalable fonts are not supported
2026-07-12 17:32:37,872 - INFO - generated new fontManager
2026-07-12 17:32:38,235 - INFO - ✅ Migration Successful!
2026-07-12 17:32:38,427 - INFO - No new games found.
2026-07-12 17:32:38,977 - INFO - 🔍 Found 611 games needing metadata. Starting IGDB + Steam + CheapShark enrichment...
2026-07-12 17:32:39,073 - INFO - 📅 Fetching Basic Metadata: LEGO Batman Trilogy
2026-07-12 17:32:39,533 - INFO - 🎯 IGDB Match: 'LEGO Batman Trilogy' (100%)
2026-07-12 17:32:39,563 - INFO - 📅 Fetching Basic Metadata: Antstream
2026-07-12 17:32:39,889 - INFO - 📅 Fetching Basic Metadata: The Drone Racing League Simulator
2026-07-12 17:32:40,218 - INFO - 🎯 IGDB Match: 'The Drone Racing League Simulator' (100%)
2026-07-12 17:32:40,226 - INFO - 📅 Fetching Basic Metadata: Dark Deity
2026-07-12 17:32:40,498 - INFO - 🎯 IGDB Match: 'Dark Deity' (100%)
2026-07-12 17:32:40,505 - INFO - 📅 Fetching Basic Metadata: RPG in a Box
2026-07-12 17:32:40,843 - INFO - 🎯 IGDB Match: 'RPG in a Box' (100%)
2026-07-12 17:32:40,850 - INFO - 📅 Fetching Basic Metadata: Fallout Classic Collection
2026-07-12 17:32:40,994 - INFO - 🎯 IGDB Match: 'Fallout Classic Collection' (100%)
2026-07-12 17:32:41,003 - INFO - 📅 Fetching Basic Metadata: Recipe for Disaster
2026-07-12 17:32:41,160 - INFO - 🎯 IGDB Match: 'Recipe For Disaster' (100%)
2026-07-12 17:32:41,168 - INFO - 📅 Fetching Basic Metadata: World of Warships — Starter Pack: Ishizuchi
2026-07-12 17:32:41,327 - INFO - 🎯 IGDB Match: 'World of Warships: Starter Pack - Ishizuchi' (98%)
2026-07-12 17:32:41,334 - INFO - 📅 Fetching Basic Metadata: Poker Club
2026-07-12 17:32:41,584 - INFO - 🎯 IGDB Match: 'Poker Club' (100%)
2026-07-12 17:32:41,591 - INFO - 📅 Fetching Basic Metadata: The Sims 4 The Daring Lifestyle Bundle
2026-07-12 17:32:41,890 - INFO - 🎯 IGDB Match: 'The Sims 4: The Daring Lifestyle Bundle' (99%)
2026-07-12 17:32:41,899 - INFO - 📅 Fetching Basic Metadata: Dodo Peak
2026-07-12 17:32:42,165 - INFO - 🎯 IGDB Match: 'Dodo Peak' (100%)
2026-07-12 17:32:42,172 - INFO - 📅 Fetching Basic Metadata: Spelldrifter
2026-07-12 17:32:42,466 - INFO - 🎯 IGDB Match: 'Spelldrifter' (100%)
2026-07-12 17:32:42,473 - INFO - 📅 Fetching Basic Metadata: Model Builder
2026-07-12 17:32:42,784 - INFO - 🎯 IGDB Match: 'Model Builder' (100%)
2026-07-12 17:32:42,791 - INFO - 📅 Fetching Basic Metadata: Godlike Burger
2026-07-12 17:32:43,025 - INFO - 🎯 IGDB Match: 'Godlike Burger' (100%)
2026-07-12 17:32:43,035 - INFO - 📅 Fetching Basic Metadata: Q.U.B.E. Ultimate Bundle
2026-07-12 17:32:43,282 - INFO - 🎯 IGDB Match: 'Q.U.B.E. Ultimate Bundle' (100%)
2026-07-12 17:32:43,290 - INFO - 📅 Fetching Basic Metadata: Jitsu Squad
2026-07-12 17:32:43,525 - INFO - 🎯 IGDB Match: 'Jitsu Squad' (100%)
2026-07-12 17:32:43,532 - INFO - 📅 Fetching Basic Metadata: Mighty Fight Federation
2026-07-12 17:32:43,795 - INFO - 🎯 IGDB Match: 'Mighty Fight Federation' (100%)
2026-07-12 17:32:43,805 - INFO - 📅 Fetching Basic Metadata: LOVE
2026-07-12 17:32:43,946 - INFO - 🎯 IGDB Match: 'Love Love Love' (90%)
2026-07-12 17:32:43,958 - INFO - 📅 Fetching Basic Metadata: Call of The Wild: The Angler
2026-07-12 17:32:44,083 - INFO - 🎯 IGDB Match: 'Call of the Wild: The Angler' (100%)
2026-07-12 17:32:44,093 - INFO - 📅 Fetching Basic Metadata: The Falconeer
2026-07-12 17:32:44,435 - INFO - 🎯 IGDB Match: 'The Falconeer: The Hunter' (90%)
2026-07-12 17:32:44,442 - INFO - 📅 Fetching Basic Metadata: Rawmen: Food Fighter Arena
2026-07-12 17:32:44,684 - INFO - 🎯 IGDB Match: 'Rawmen' (90%)
2026-07-12 17:32:44,691 - INFO - 📅 Fetching Basic Metadata: World of Warships – Starter Pack: Albany
2026-07-12 17:32:44,858 - INFO - 📅 Fetching Basic Metadata: Fallout Classic Edition
2026-07-12 17:32:45,145 - INFO - 📅 Fetching Basic Metadata: Outliver: Tribulation
2026-07-12 17:32:45,398 - INFO - 🎯 IGDB Match: 'Outliver: Tribulation' (100%)
2026-07-12 17:32:45,406 - INFO - 📅 Fetching Basic Metadata: Bus Simulator 21 Next Stop
2026-07-12 17:32:45,609 - INFO - 🎯 IGDB Match: 'Bus Simulator 21: Next Stop' (98%)
2026-07-12 17:32:45,617 - INFO - 📅 Fetching Basic Metadata: Turmoil
2026-07-12 17:32:45,771 - INFO - 🎯 IGDB Match: 'Turmoil' (100%)
2026-07-12 17:32:45,779 - INFO - 📅 Fetching Basic Metadata: World War Z Aftermath
2026-07-12 17:32:45,987 - INFO - 🎯 IGDB Match: 'World War Z: Aftermath' (98%)
2026-07-12 17:32:45,994 - INFO - 📅 Fetching Basic Metadata: World Of Warships – Anniversary Party Flavor
2026-07-12 17:32:46,276 - INFO - 📅 Fetching Basic Metadata: Neko Ghost, Jump!
2026-07-12 17:32:46,391 - INFO - 🎯 IGDB Match: 'Neko Ghost, Jump!' (100%)
2026-07-12 17:32:46,399 - INFO - 📅 Fetching Basic Metadata: Super Space Club
2026-07-12 17:32:46,621 - INFO - 🎯 IGDB Match: 'Super Space Club' (100%)
2026-07-12 17:32:46,627 - INFO - 📅 Fetching Basic Metadata: Touch Type Tale
2026-07-12 17:32:46,765 - INFO - 🎯 IGDB Match: 'Touch Type Tale' (100%)
2026-07-12 17:32:46,772 - INFO - 📅 Fetching Basic Metadata: Gigapocalypse
2026-07-12 17:32:46,933 - INFO - 🎯 IGDB Match: 'Gigapocalypse' (100%)
2026-07-12 17:32:46,941 - INFO - 📅 Fetching Basic Metadata: Legion TD2
2026-07-12 17:32:47,280 - INFO - 📅 Fetching Basic Metadata: Nightingale
2026-07-12 17:32:47,627 - INFO - 🎯 IGDB Match: 'Nightingale' (100%)
2026-07-12 17:32:47,636 - INFO - 📅 Fetching Basic Metadata: Godzilla Voxel Wars
2026-07-12 17:32:47,741 - INFO - 🎯 IGDB Match: 'Godzilla Voxel Wars' (100%)
2026-07-12 17:32:47,749 - INFO - 📅 Fetching Basic Metadata: Trine Classic Collection
2026-07-12 17:32:47,868 - INFO - 🎯 IGDB Match: 'Trine Classic Collection' (100%)
2026-07-12 17:32:47,876 - INFO - 📅 Fetching Basic Metadata: Poison Retro Set
2026-07-12 17:32:47,989 - INFO - 🎯 IGDB Match: 'Pixel Gun 3D: Poison Retro Set' (90%)
2026-07-12 17:32:47,995 - INFO - 📅 Fetching Basic Metadata: The Darkside Detective A Fumble in the Dark
2026-07-12 17:32:48,269 - INFO - 🎯 IGDB Match: 'The Darkside Detective: A Fumble in the Dark' (99%)
2026-07-12 17:32:48,275 - INFO - 📅 Fetching Basic Metadata: Return to Ash
2026-07-12 17:32:48,431 - INFO - 🎯 IGDB Match: 'Return to Ash' (100%)
2026-07-12 17:32:48,438 - INFO - 🏢 Publisher Search: STALCRAFT: X Starter Edition
2026-07-12 17:32:49,767 - INFO - 📅 Fetching Basic Metadata: STALCRAFT: X Starter Edition
2026-07-12 17:32:49,891 - INFO - 📅 Fetching Basic Metadata: Boxes: Lost Fragments
2026-07-12 17:32:50,188 - INFO - 🎯 IGDB Match: 'Boxes: Lost Fragments' (100%)
2026-07-12 17:32:50,195 - INFO - 📅 Fetching Basic Metadata: My Night Job
2026-07-12 17:32:50,331 - INFO - 🎯 IGDB Match: 'My Night Job' (100%)
2026-07-12 17:32:50,338 - INFO - 📅 Fetching Basic Metadata: Electrician Simulator
2026-07-12 17:32:50,498 - INFO - 🎯 IGDB Match: 'Electrician Simulator' (100%)
2026-07-12 17:32:50,504 - INFO - 🏢 Publisher Search: World of Warships — Epic Anniversary Tachibana Pack
2026-07-12 17:32:51,901 - INFO - 📅 Fetching Basic Metadata: World of Warships — Epic Anniversary Tachibana Pack
2026-07-12 17:32:52,027 - INFO - 📅 Fetching Basic Metadata: Hyper Echelon
2026-07-12 17:32:52,246 - INFO - 🎯 IGDB Match: 'Hyper Echelon' (100%)
2026-07-12 17:32:52,252 - INFO - 📅 Fetching Basic Metadata: Havendock
2026-07-12 17:32:52,513 - INFO - 🎯 IGDB Match: 'Havendock' (100%)
2026-07-12 17:32:52,520 - INFO - 📅 Fetching Basic Metadata: Clone Drone in the Danger Zone
2026-07-12 17:32:52,767 - INFO - 🎯 IGDB Match: 'Clone Drone in the Danger Zone' (100%)
2026-07-12 17:32:52,773 - INFO - 🏢 Publisher Search: TOMAK: Save the Earth Regeneration
2026-07-12 17:32:54,110 - INFO - 📅 Fetching Basic Metadata: TOMAK: Save the Earth Regeneration
2026-07-12 17:32:54,221 - INFO - 🎯 IGDB Match: 'Tomak: Save the Earth Regeneration' (100%)
2026-07-12 17:32:54,228 - INFO - 📅 Fetching Basic Metadata: Prop Sumo
2026-07-12 17:32:54,342 - INFO - 🎯 IGDB Match: 'Prop Sumo' (100%)
2026-07-12 17:32:54,349 - INFO - 📅 Fetching Basic Metadata: The Stone of Madness
2026-07-12 17:32:54,503 - INFO - 🎯 IGDB Match: 'The Stone of Madness' (100%)
2026-07-12 17:32:54,509 - INFO - 📅 Fetching Basic Metadata: Firestone Online Idle RPG
2026-07-12 17:32:54,745 - INFO - 🎯 IGDB Match: 'Firestone: Online Idle RPG' (98%)
2026-07-12 17:32:54,751 - INFO - 📅 Fetching Basic Metadata: Oddsparks: An Automation Adventure
2026-07-12 17:32:54,886 - INFO - 🎯 IGDB Match: 'Oddsparks: An Automation Adventure' (100%)
2026-07-12 17:32:54,892 - INFO - 📅 Fetching Basic Metadata: Trash Goblin
2026-07-12 17:32:55,008 - INFO - 🎯 IGDB Match: 'Trash Goblin' (100%)
2026-07-12 17:32:55,015 - INFO - 🏢 Publisher Search: The Telltale Batman Shadows Edition
2026-07-12 17:32:56,338 - INFO - 📅 Fetching Basic Metadata: The Telltale Batman Shadows Edition
2026-07-12 17:32:56,455 - INFO - 🎯 IGDB Match: 'Telltale Batman Shadows Edition' (95%)
2026-07-12 17:32:56,462 - INFO - 🏢 Publisher Search: Sunderfolk - Standard Edition
2026-07-12 17:32:57,793 - INFO - 📅 Fetching Basic Metadata: Sunderfolk - Standard Edition
2026-07-12 17:32:58,126 - INFO - 📅 Fetching Basic Metadata: Down in Bermuda
2026-07-12 17:32:58,238 - INFO - 🎯 IGDB Match: 'Down in Bermuda' (100%)
2026-07-12 17:32:58,245 - INFO - 📅 Fetching Basic Metadata: Tomb Raider I-III Remastered Starring Lara Croft
2026-07-12 17:32:58,529 - INFO - 📅 Fetching Basic Metadata: LONESTAR
2026-07-12 17:32:58,704 - INFO - 🎯 IGDB Match: 'LoneStar' (100%)
2026-07-12 17:32:58,711 - INFO - 📅 Fetching Basic Metadata: Calico
2026-07-12 17:32:58,826 - INFO - 🎯 IGDB Match: 'Calico' (100%)
2026-07-12 17:32:58,832 - INFO - 📅 Fetching Basic Metadata: Rogue Waters
2026-07-12 17:32:59,054 - INFO - 🎯 IGDB Match: 'Rogue Waters' (100%)
2026-07-12 17:32:59,061 - INFO - 📅 Fetching Basic Metadata: The Ouroboros King
2026-07-12 17:32:59,364 - INFO - 🎯 IGDB Match: 'The Ouroboros King' (100%)
2026-07-12 17:32:59,370 - INFO - 🏢 Publisher Search: Warhammer 40K Speed Freeks
2026-07-12 17:33:00,723 - INFO - 📅 Fetching Basic Metadata: I Have No Mouth, and I Must Scream
2026-07-12 17:33:00,844 - INFO - 🎯 IGDB Match: 'I Have No Mouth, and I Must Scream' (100%)
2026-07-12 17:33:00,850 - INFO - 📅 Fetching Basic Metadata: Nova Lands
2026-07-12 17:33:01,030 - INFO - 🎯 IGDB Match: 'Nova Lands' (100%)
2026-07-12 17:33:01,037 - INFO - 📅 Fetching Basic Metadata: Tattoo Tycoon
2026-07-12 17:33:01,174 - INFO - 🎯 IGDB Match: 'Tattoo Tycoon' (100%)
2026-07-12 17:33:01,185 - INFO - 
--- Starting Data Quality Checks ---
2026-07-12 17:33:01,198 - INFO - --- Data Quality Checks Complete ---

2026-07-12 17:33:01,228 - INFO - | Metric | Statistics |
| :--- | :--- |
| 💰 **Total Market Value** | **$13,288.01** |
| 📦 **Total Games Collected** | 688 |
| 🏷️ **Average Retail Price** | $22.35 per game |
| 💎 **Most Expensive Title** | Civilization 6 Platinum Edition ($79.99) |
| 👑 **MVP Publisher** | Bethesda Softworks |
| 🏢 **Value Leaders** | 2K ($579.90), Bethesda Softworks ($544.80), Paradox Interactive ($409.89) |
| 📈 **Inflation-Adjusted Value** | $15,085.25 |
| 🎈 **Inflation Bonus** | **+$1,797.24** in purchasing power |
| 🗓️ **Peak Saving Month** | 🎄 **Seasonality Peak:** December is historically the best month, offering $3,388.17 in savings. |
| ⭐ **Average Score** | 76.8/100 |
| 💳 **Subscription Equivalent** | **$168.99 / mo** |
| 🎯 **Prestige Ratio** | **2.0%** (Strategic Hype) |
| 🏎️ **Lead Time Avg** | 441 Days to Sequel |

2026-07-12 17:33:01,228 - INFO - ✅ README.md updated.
2026-07-12 17:33:01,253 - INFO - Using categorical units to plot a list of strings that are all parsable as floats or dates. If these strings should be plotted as numbers, cast to the appropriate data type before plotting.
2026-07-12 17:33:01,254 - INFO - Using categorical units to plot a list of strings that are all parsable as floats or dates. If these strings should be plotted as numbers, cast to the appropriate data type before plotting.
2026-07-12 17:33:07,562 - INFO - 📈 All charts generated successfully.
