2026-05-20 18:39:49,065 - INFO - Failed to extract font properties from /usr/share/fonts/truetype/noto/NotoColorEmoji.ttf: Can not load face (unknown file format; error code 0x2)
2026-05-20 18:39:49,584 - INFO - generated new fontManager
2026-05-20 18:39:50,002 - INFO - ✅ Migration Successful!
2026-05-20 18:39:50,615 - INFO - No new games found.
2026-05-20 18:39:50,933 - INFO - 🔍 Found 596 games needing metadata. Starting IGDB + Steam + CheapShark enrichment...
2026-05-20 18:39:51,033 - INFO - 📅 Fetching Basic Metadata: LEGO Batman Trilogy
2026-05-20 18:39:51,214 - INFO - 🎯 IGDB Match: 'LEGO Batman Trilogy' (100%)
2026-05-20 18:39:51,243 - INFO - 📅 Fetching Basic Metadata: Antstream
2026-05-20 18:39:51,333 - INFO - 📅 Fetching Basic Metadata: The Drone Racing League Simulator
2026-05-20 18:39:51,411 - INFO - 🎯 IGDB Match: 'The Drone Racing League Simulator' (100%)
2026-05-20 18:39:51,421 - INFO - 📅 Fetching Basic Metadata: Dark Deity
2026-05-20 18:39:51,516 - INFO - 🎯 IGDB Match: 'Dark Deity' (100%)
2026-05-20 18:39:51,529 - INFO - 📅 Fetching Basic Metadata: RPG in a Box
2026-05-20 18:39:51,622 - INFO - 🎯 IGDB Match: 'RPG in a Box' (100%)
2026-05-20 18:39:51,630 - INFO - 📅 Fetching Basic Metadata: Fallout Classic Collection
2026-05-20 18:39:51,775 - INFO - 🎯 IGDB Match: 'Fallout Classic Collection' (100%)
2026-05-20 18:39:51,784 - INFO - 📅 Fetching Basic Metadata: Recipe for Disaster
2026-05-20 18:39:51,866 - INFO - 🎯 IGDB Match: 'Recipe For Disaster' (100%)
2026-05-20 18:39:51,873 - INFO - 📅 Fetching Basic Metadata: World of Warships — Starter Pack: Ishizuchi
2026-05-20 18:39:51,943 - INFO - 🎯 IGDB Match: 'World of Warships: Starter Pack - Ishizuchi' (98%)
2026-05-20 18:39:51,950 - INFO - 📅 Fetching Basic Metadata: Poker Club
2026-05-20 18:39:52,032 - INFO - 🎯 IGDB Match: 'Poker Club' (100%)
2026-05-20 18:39:52,038 - INFO - 📅 Fetching Basic Metadata: The Sims 4 The Daring Lifestyle Bundle
2026-05-20 18:39:52,109 - INFO - 🎯 IGDB Match: 'The Sims 4: The Daring Lifestyle Bundle' (99%)
2026-05-20 18:39:52,117 - INFO - 📅 Fetching Basic Metadata: Dodo Peak
2026-05-20 18:39:52,188 - INFO - 🎯 IGDB Match: 'Dodo Peak' (100%)
2026-05-20 18:39:52,194 - INFO - 📅 Fetching Basic Metadata: Spelldrifter
2026-05-20 18:39:52,285 - INFO - 🎯 IGDB Match: 'Spelldrifter' (100%)
2026-05-20 18:39:52,292 - INFO - 📅 Fetching Basic Metadata: Model Builder
2026-05-20 18:39:52,400 - INFO - 🎯 IGDB Match: 'Model Builder' (100%)
2026-05-20 18:39:52,406 - INFO - 📅 Fetching Basic Metadata: Godlike Burger
2026-05-20 18:39:52,613 - WARNING - IGDB Error for Godlike Burger: string indices must be integers, not 'str'
2026-05-20 18:39:52,619 - INFO - 📅 Fetching Basic Metadata: Q.U.B.E. Ultimate Bundle
2026-05-20 18:39:52,677 - WARNING - IGDB Error for Q.U.B.E. Ultimate Bundle: string indices must be integers, not 'str'
2026-05-20 18:39:52,684 - INFO - 📅 Fetching Basic Metadata: Jitsu Squad
2026-05-20 18:39:52,790 - INFO - 🎯 IGDB Match: 'Jitsu Squad' (100%)
2026-05-20 18:39:52,796 - INFO - 📅 Fetching Basic Metadata: Mighty Fight Federation
2026-05-20 18:39:52,881 - INFO - 🎯 IGDB Match: 'Mighty Fight Federation' (100%)
2026-05-20 18:39:52,892 - INFO - 📅 Fetching Basic Metadata: LOVE
2026-05-20 18:39:52,949 - WARNING - IGDB Error for LOVE: string indices must be integers, not 'str'
2026-05-20 18:39:52,957 - INFO - 📅 Fetching Basic Metadata: Call of The Wild: The Angler
2026-05-20 18:39:53,048 - INFO - 🎯 IGDB Match: 'Call of the Wild: The Angler' (100%)
2026-05-20 18:39:53,057 - INFO - 📅 Fetching Basic Metadata: The Falconeer
2026-05-20 18:39:53,128 - INFO - 🎯 IGDB Match: 'The Falconeer: The Hunter' (90%)
2026-05-20 18:39:53,135 - INFO - 📅 Fetching Basic Metadata: Rawmen: Food Fighter Arena
2026-05-20 18:39:53,278 - INFO - 🎯 IGDB Match: 'Rawmen' (90%)
2026-05-20 18:39:53,284 - INFO - 📅 Fetching Basic Metadata: World of Warships – Starter Pack: Albany
2026-05-20 18:39:53,357 - INFO - 📅 Fetching Basic Metadata: Fallout Classic Edition
2026-05-20 18:39:53,440 - INFO - 📅 Fetching Basic Metadata: Outliver: Tribulation
2026-05-20 18:39:53,508 - INFO - 🎯 IGDB Match: 'Outliver: Tribulation' (100%)
2026-05-20 18:39:53,516 - INFO - 📅 Fetching Basic Metadata: Bus Simulator 21 Next Stop
2026-05-20 18:39:53,586 - WARNING - IGDB Error for Bus Simulator 21 Next Stop: string indices must be integers, not 'str'
2026-05-20 18:39:53,594 - INFO - 📅 Fetching Basic Metadata: Turmoil
2026-05-20 18:39:53,650 - WARNING - IGDB Error for Turmoil: string indices must be integers, not 'str'
2026-05-20 18:39:53,657 - INFO - 📅 Fetching Basic Metadata: World War Z Aftermath
2026-05-20 18:39:53,714 - WARNING - IGDB Error for World War Z Aftermath: string indices must be integers, not 'str'
2026-05-20 18:39:53,721 - INFO - 📅 Fetching Basic Metadata: World Of Warships – Anniversary Party Flavor
2026-05-20 18:39:53,779 - WARNING - IGDB Error for World Of Warships – Anniversary Party Flavor: string indices must be integers, not 'str'
2026-05-20 18:39:53,785 - INFO - 📅 Fetching Basic Metadata: Neko Ghost, Jump!
2026-05-20 18:39:53,840 - WARNING - IGDB Error for Neko Ghost, Jump!: string indices must be integers, not 'str'
2026-05-20 18:39:53,847 - INFO - 📅 Fetching Basic Metadata: Super Space Club
2026-05-20 18:39:53,901 - WARNING - IGDB Error for Super Space Club: string indices must be integers, not 'str'
2026-05-20 18:39:53,907 - INFO - 📅 Fetching Basic Metadata: Touch Type Tale
2026-05-20 18:39:53,965 - WARNING - IGDB Error for Touch Type Tale: string indices must be integers, not 'str'
2026-05-20 18:39:53,971 - INFO - 📅 Fetching Basic Metadata: Gigapocalypse
2026-05-20 18:39:54,025 - WARNING - IGDB Error for Gigapocalypse: string indices must be integers, not 'str'
2026-05-20 18:39:54,033 - INFO - 📅 Fetching Basic Metadata: Legion TD2
2026-05-20 18:39:54,088 - WARNING - IGDB Error for Legion TD2: string indices must be integers, not 'str'
2026-05-20 18:39:54,096 - INFO - 📅 Fetching Basic Metadata: Nightingale
2026-05-20 18:39:54,151 - WARNING - IGDB Error for Nightingale: string indices must be integers, not 'str'
2026-05-20 18:39:54,158 - INFO - 📅 Fetching Basic Metadata: Godzilla Voxel Wars
2026-05-20 18:39:54,212 - WARNING - IGDB Error for Godzilla Voxel Wars: string indices must be integers, not 'str'
2026-05-20 18:39:54,220 - INFO - 📅 Fetching Basic Metadata: Trine Classic Collection
2026-05-20 18:39:54,273 - WARNING - IGDB Error for Trine Classic Collection: string indices must be integers, not 'str'
2026-05-20 18:39:54,280 - INFO - 📅 Fetching Basic Metadata: Poison Retro Set
2026-05-20 18:39:54,335 - WARNING - IGDB Error for Poison Retro Set: string indices must be integers, not 'str'
2026-05-20 18:39:54,341 - INFO - 📅 Fetching Basic Metadata: The Darkside Detective A Fumble in the Dark
2026-05-20 18:39:54,416 - WARNING - IGDB Error for The Darkside Detective A Fumble in the Dark: string indices must be integers, not 'str'
2026-05-20 18:39:54,423 - INFO - 📅 Fetching Basic Metadata: Return to Ash
2026-05-20 18:39:54,475 - WARNING - IGDB Error for Return to Ash: string indices must be integers, not 'str'
2026-05-20 18:39:54,481 - INFO - 🏢 Publisher Search: STALCRAFT: X Starter Edition
2026-05-20 18:39:55,851 - INFO - 📅 Fetching Basic Metadata: STALCRAFT: X Starter Edition
2026-05-20 18:39:55,931 - INFO - 📅 Fetching Basic Metadata: Boxes: Lost Fragments
2026-05-20 18:39:56,001 - INFO - 🎯 IGDB Match: 'Boxes: Lost Fragments' (100%)
2026-05-20 18:39:56,007 - INFO - 📅 Fetching Basic Metadata: My Night Job
2026-05-20 18:39:56,075 - INFO - 🎯 IGDB Match: 'My Night Job' (100%)
2026-05-20 18:39:56,082 - INFO - 📅 Fetching Basic Metadata: Electrician Simulator
2026-05-20 18:39:56,155 - INFO - 🎯 IGDB Match: 'Electrician Simulator' (100%)
2026-05-20 18:39:56,161 - INFO - 🏢 Publisher Search: World of Warships — Epic Anniversary Tachibana Pack
2026-05-20 18:39:57,496 - INFO - 📅 Fetching Basic Metadata: World of Warships — Epic Anniversary Tachibana Pack
2026-05-20 18:39:57,569 - INFO - 📅 Fetching Basic Metadata: Hyper Echelon
2026-05-20 18:39:57,636 - INFO - 🎯 IGDB Match: 'Hyper Echelon' (100%)
2026-05-20 18:39:57,642 - INFO - 📅 Fetching Basic Metadata: Havendock
2026-05-20 18:39:57,710 - INFO - 🎯 IGDB Match: 'Havendock' (100%)
2026-05-20 18:39:57,716 - INFO - 📅 Fetching Basic Metadata: Clone Drone in the Danger Zone
2026-05-20 18:39:57,782 - INFO - 🎯 IGDB Match: 'Clone Drone in the Danger Zone' (100%)
2026-05-20 18:39:57,788 - INFO - 🏢 Publisher Search: TOMAK: Save the Earth Regeneration
2026-05-20 18:39:59,180 - INFO - 📅 Fetching Basic Metadata: TOMAK: Save the Earth Regeneration
2026-05-20 18:39:59,249 - INFO - 🎯 IGDB Match: 'Tomak: Save the Earth Regeneration' (100%)
2026-05-20 18:39:59,255 - INFO - 📅 Fetching Basic Metadata: Prop Sumo
2026-05-20 18:39:59,408 - INFO - 🎯 IGDB Match: 'Prop Sumo' (100%)
2026-05-20 18:39:59,414 - INFO - 📅 Fetching Basic Metadata: The Stone of Madness
2026-05-20 18:39:59,484 - INFO - 🎯 IGDB Match: 'The Stone of Madness' (100%)
2026-05-20 18:39:59,490 - INFO - 📅 Fetching Basic Metadata: Firestone Online Idle RPG
2026-05-20 18:39:59,599 - INFO - 🎯 IGDB Match: 'Firestone: Online Idle RPG' (98%)
2026-05-20 18:39:59,605 - INFO - 📅 Fetching Basic Metadata: Oddsparks: An Automation Adventure
2026-05-20 18:39:59,710 - INFO - 🎯 IGDB Match: 'Oddsparks: An Automation Adventure' (100%)
2026-05-20 18:39:59,716 - INFO - 📅 Fetching Basic Metadata: Trash Goblin
2026-05-20 18:39:59,824 - INFO - 🎯 IGDB Match: 'Trash Goblin' (100%)
2026-05-20 18:39:59,831 - INFO - 🏢 Publisher Search: The Telltale Batman Shadows Edition
2026-05-20 18:40:01,158 - INFO - 📅 Fetching Basic Metadata: The Telltale Batman Shadows Edition
2026-05-20 18:40:01,228 - INFO - 🎯 IGDB Match: 'Telltale Batman Shadows Edition' (95%)
2026-05-20 18:40:01,234 - INFO - 🏢 Publisher Search: Sunderfolk - Standard Edition
2026-05-20 18:40:02,523 - INFO - 📅 Fetching Basic Metadata: Sunderfolk - Standard Edition
2026-05-20 18:40:02,603 - INFO - 
--- Starting Data Quality Checks ---
2026-05-20 18:40:02,616 - INFO - --- Data Quality Checks Complete ---

2026-05-20 18:40:02,646 - INFO - | Metric | Statistics |
| :--- | :--- |
| 💰 **Total Market Value** | **$12,943.17** |
| 📦 **Total Games Collected** | 672 |
| 🏷️ **Average Retail Price** | $22.37 per game |
| 💎 **Most Expensive Title** | Civilization 6 Platinum Edition ($79.99) |
| 👑 **MVP Publisher** | Bethesda Softworks |
| 🏢 **Value Leaders** | 2K ($579.90), Bethesda Softworks ($544.80), Paradox Interactive ($409.89) |
| 📈 **Inflation-Adjusted Value** | $14,740.41 |
| 🎈 **Inflation Bonus** | **+$1,797.24** in purchasing power |
| 🗓️ **Peak Saving Month** | 🎄 **Seasonality Peak:** December is historically the best month, offering $3,388.17 in savings. |
| ⭐ **Average Score** | 76.8/100 |
| 💳 **Subscription Equivalent** | **$168.91 / mo** |
| 🎯 **Prestige Ratio** | **1.9%** (Strategic Hype) |
| 🏎️ **Lead Time Avg** | 447 Days to Sequel |

2026-05-20 18:40:02,647 - INFO - ✅ README.md updated.
2026-05-20 18:40:02,672 - INFO - Using categorical units to plot a list of strings that are all parsable as floats or dates. If these strings should be plotted as numbers, cast to the appropriate data type before plotting.
2026-05-20 18:40:02,673 - INFO - Using categorical units to plot a list of strings that are all parsable as floats or dates. If these strings should be plotted as numbers, cast to the appropriate data type before plotting.
2026-05-20 18:40:08,282 - INFO - 📈 All charts generated successfully.
