2026-06-16 19:55:53,739 - INFO - Failed to extract font properties from /usr/share/fonts/truetype/noto/NotoColorEmoji.ttf: Non-scalable fonts are not supported
2026-06-16 19:55:53,766 - INFO - generated new fontManager
2026-06-16 19:55:54,376 - INFO - ✅ Migration Successful!
2026-06-16 19:55:55,054 - INFO - No new games found.
2026-06-16 19:55:55,662 - INFO - 🔍 Found 604 games needing metadata. Starting IGDB + Steam + CheapShark enrichment...
2026-06-16 19:55:55,815 - INFO - 📅 Fetching Basic Metadata: LEGO Batman Trilogy
2026-06-16 19:55:56,221 - INFO - 🎯 IGDB Match: 'LEGO Batman Trilogy' (100%)
2026-06-16 19:55:56,243 - INFO - 📅 Fetching Basic Metadata: Antstream
2026-06-16 19:55:56,438 - INFO - 📅 Fetching Basic Metadata: The Drone Racing League Simulator
2026-06-16 19:55:56,822 - INFO - 🎯 IGDB Match: 'The Drone Racing League Simulator' (100%)
2026-06-16 19:55:56,829 - INFO - 📅 Fetching Basic Metadata: Dark Deity
2026-06-16 19:55:57,106 - INFO - 🎯 IGDB Match: 'Dark Deity' (100%)
2026-06-16 19:55:57,113 - INFO - 📅 Fetching Basic Metadata: RPG in a Box
2026-06-16 19:55:57,309 - INFO - 🎯 IGDB Match: 'RPG in a Box' (100%)
2026-06-16 19:55:57,316 - INFO - 📅 Fetching Basic Metadata: Fallout Classic Collection
2026-06-16 19:55:57,580 - INFO - 🎯 IGDB Match: 'Fallout Classic Collection' (100%)
2026-06-16 19:55:57,588 - INFO - 📅 Fetching Basic Metadata: Recipe for Disaster
2026-06-16 19:55:57,782 - INFO - 🎯 IGDB Match: 'Recipe For Disaster' (100%)
2026-06-16 19:55:57,789 - INFO - 📅 Fetching Basic Metadata: World of Warships — Starter Pack: Ishizuchi
2026-06-16 19:55:58,216 - INFO - 🎯 IGDB Match: 'World of Warships: Starter Pack - Ishizuchi' (98%)
2026-06-16 19:55:58,223 - INFO - 📅 Fetching Basic Metadata: Poker Club
2026-06-16 19:55:58,424 - INFO - 🎯 IGDB Match: 'Poker Club' (100%)
2026-06-16 19:55:58,431 - INFO - 📅 Fetching Basic Metadata: The Sims 4 The Daring Lifestyle Bundle
2026-06-16 19:55:58,608 - INFO - 🎯 IGDB Match: 'The Sims 4: The Daring Lifestyle Bundle' (99%)
2026-06-16 19:55:58,616 - INFO - 📅 Fetching Basic Metadata: Dodo Peak
2026-06-16 19:55:58,827 - INFO - 🎯 IGDB Match: 'Dodo Peak' (100%)
2026-06-16 19:55:58,834 - INFO - 📅 Fetching Basic Metadata: Spelldrifter
2026-06-16 19:55:59,117 - INFO - 🎯 IGDB Match: 'Spelldrifter' (100%)
2026-06-16 19:55:59,124 - INFO - 📅 Fetching Basic Metadata: Model Builder
2026-06-16 19:55:59,251 - INFO - 🎯 IGDB Match: 'Model Builder' (100%)
2026-06-16 19:55:59,258 - INFO - 📅 Fetching Basic Metadata: Godlike Burger
2026-06-16 19:55:59,384 - INFO - 🎯 IGDB Match: 'Godlike Burger' (100%)
2026-06-16 19:55:59,390 - INFO - 📅 Fetching Basic Metadata: Q.U.B.E. Ultimate Bundle
2026-06-16 19:55:59,516 - INFO - 🎯 IGDB Match: 'Q.U.B.E. Ultimate Bundle' (100%)
2026-06-16 19:55:59,524 - INFO - 📅 Fetching Basic Metadata: Jitsu Squad
2026-06-16 19:55:59,727 - INFO - 🎯 IGDB Match: 'Jitsu Squad' (100%)
2026-06-16 19:55:59,733 - INFO - 📅 Fetching Basic Metadata: Mighty Fight Federation
2026-06-16 19:55:59,854 - INFO - 🎯 IGDB Match: 'Mighty Fight Federation' (100%)
2026-06-16 19:55:59,863 - INFO - 📅 Fetching Basic Metadata: LOVE
2026-06-16 19:56:00,015 - INFO - 🎯 IGDB Match: 'Love Love Love' (90%)
2026-06-16 19:56:00,023 - INFO - 📅 Fetching Basic Metadata: Call of The Wild: The Angler
2026-06-16 19:56:00,155 - INFO - 🎯 IGDB Match: 'Call of the Wild: The Angler' (100%)
2026-06-16 19:56:00,164 - INFO - 📅 Fetching Basic Metadata: The Falconeer
2026-06-16 19:56:00,297 - INFO - 🎯 IGDB Match: 'The Falconeer: The Hunter' (90%)
2026-06-16 19:56:00,304 - INFO - 📅 Fetching Basic Metadata: Rawmen: Food Fighter Arena
2026-06-16 19:56:00,428 - INFO - 🎯 IGDB Match: 'Rawmen' (90%)
2026-06-16 19:56:00,435 - INFO - 📅 Fetching Basic Metadata: World of Warships – Starter Pack: Albany
2026-06-16 19:56:00,671 - INFO - 📅 Fetching Basic Metadata: Fallout Classic Edition
2026-06-16 19:56:00,820 - INFO - 📅 Fetching Basic Metadata: Outliver: Tribulation
2026-06-16 19:56:00,948 - INFO - 🎯 IGDB Match: 'Outliver: Tribulation' (100%)
2026-06-16 19:56:00,955 - INFO - 📅 Fetching Basic Metadata: Bus Simulator 21 Next Stop
2026-06-16 19:56:01,160 - INFO - 🎯 IGDB Match: 'Bus Simulator 21: Next Stop' (98%)
2026-06-16 19:56:01,168 - INFO - 📅 Fetching Basic Metadata: Turmoil
2026-06-16 19:56:01,298 - INFO - 🎯 IGDB Match: 'Turmoil' (100%)
2026-06-16 19:56:01,306 - INFO - 📅 Fetching Basic Metadata: World War Z Aftermath
2026-06-16 19:56:01,558 - INFO - 🎯 IGDB Match: 'World War Z: Aftermath' (98%)
2026-06-16 19:56:01,565 - INFO - 📅 Fetching Basic Metadata: World Of Warships – Anniversary Party Flavor
2026-06-16 19:56:01,706 - INFO - 📅 Fetching Basic Metadata: Neko Ghost, Jump!
2026-06-16 19:56:01,985 - INFO - 🎯 IGDB Match: 'Neko Ghost, Jump!' (100%)
2026-06-16 19:56:01,992 - INFO - 📅 Fetching Basic Metadata: Super Space Club
2026-06-16 19:56:02,116 - INFO - 🎯 IGDB Match: 'Super Space Club' (100%)
2026-06-16 19:56:02,123 - INFO - 📅 Fetching Basic Metadata: Touch Type Tale
2026-06-16 19:56:02,247 - INFO - 🎯 IGDB Match: 'Touch Type Tale' (100%)
2026-06-16 19:56:02,254 - INFO - 📅 Fetching Basic Metadata: Gigapocalypse
2026-06-16 19:56:02,386 - INFO - 🎯 IGDB Match: 'Gigapocalypse' (100%)
2026-06-16 19:56:02,393 - INFO - 📅 Fetching Basic Metadata: Legion TD2
2026-06-16 19:56:02,530 - INFO - 📅 Fetching Basic Metadata: Nightingale
2026-06-16 19:56:02,653 - INFO - 🎯 IGDB Match: 'Nightingale' (100%)
2026-06-16 19:56:02,660 - INFO - 📅 Fetching Basic Metadata: Godzilla Voxel Wars
2026-06-16 19:56:02,790 - INFO - 🎯 IGDB Match: 'Godzilla Voxel Wars' (100%)
2026-06-16 19:56:02,798 - INFO - 📅 Fetching Basic Metadata: Trine Classic Collection
2026-06-16 19:56:02,945 - INFO - 🎯 IGDB Match: 'Trine Classic Collection' (100%)
2026-06-16 19:56:02,952 - INFO - 📅 Fetching Basic Metadata: Poison Retro Set
2026-06-16 19:56:03,074 - INFO - 🎯 IGDB Match: 'Pixel Gun 3D: Poison Retro Set' (90%)
2026-06-16 19:56:03,081 - INFO - 📅 Fetching Basic Metadata: The Darkside Detective A Fumble in the Dark
2026-06-16 19:56:03,196 - WARNING - IGDB Error for The Darkside Detective A Fumble in the Dark: string indices must be integers, not 'str'
2026-06-16 19:56:03,202 - INFO - 📅 Fetching Basic Metadata: Return to Ash
2026-06-16 19:56:03,316 - WARNING - IGDB Error for Return to Ash: string indices must be integers, not 'str'
2026-06-16 19:56:03,323 - INFO - 🏢 Publisher Search: STALCRAFT: X Starter Edition
2026-06-16 19:56:04,750 - INFO - 📅 Fetching Basic Metadata: STALCRAFT: X Starter Edition
2026-06-16 19:56:05,045 - INFO - 📅 Fetching Basic Metadata: Boxes: Lost Fragments
2026-06-16 19:56:05,235 - INFO - 🎯 IGDB Match: 'Boxes: Lost Fragments' (100%)
2026-06-16 19:56:05,241 - INFO - 📅 Fetching Basic Metadata: My Night Job
2026-06-16 19:56:05,498 - INFO - 🎯 IGDB Match: 'My Night Job' (100%)
2026-06-16 19:56:05,505 - INFO - 📅 Fetching Basic Metadata: Electrician Simulator
2026-06-16 19:56:05,640 - INFO - 🎯 IGDB Match: 'Electrician Simulator' (100%)
2026-06-16 19:56:05,646 - INFO - 🏢 Publisher Search: World of Warships — Epic Anniversary Tachibana Pack
2026-06-16 19:56:06,992 - INFO - 📅 Fetching Basic Metadata: World of Warships — Epic Anniversary Tachibana Pack
2026-06-16 19:56:07,146 - INFO - 📅 Fetching Basic Metadata: Hyper Echelon
2026-06-16 19:56:07,287 - INFO - 🎯 IGDB Match: 'Hyper Echelon' (100%)
2026-06-16 19:56:07,294 - INFO - 📅 Fetching Basic Metadata: Havendock
2026-06-16 19:56:07,422 - INFO - 🎯 IGDB Match: 'Havendock' (100%)
2026-06-16 19:56:07,428 - INFO - 📅 Fetching Basic Metadata: Clone Drone in the Danger Zone
2026-06-16 19:56:07,558 - INFO - 🎯 IGDB Match: 'Clone Drone in the Danger Zone' (100%)
2026-06-16 19:56:07,565 - INFO - 🏢 Publisher Search: TOMAK: Save the Earth Regeneration
2026-06-16 19:56:08,953 - INFO - 📅 Fetching Basic Metadata: TOMAK: Save the Earth Regeneration
2026-06-16 19:56:09,119 - INFO - 🎯 IGDB Match: 'Tomak: Save the Earth Regeneration' (100%)
2026-06-16 19:56:09,125 - INFO - 📅 Fetching Basic Metadata: Prop Sumo
2026-06-16 19:56:09,256 - INFO - 🎯 IGDB Match: 'Prop Sumo' (100%)
2026-06-16 19:56:09,262 - INFO - 📅 Fetching Basic Metadata: The Stone of Madness
2026-06-16 19:56:09,388 - INFO - 🎯 IGDB Match: 'The Stone of Madness' (100%)
2026-06-16 19:56:09,394 - INFO - 📅 Fetching Basic Metadata: Firestone Online Idle RPG
2026-06-16 19:56:09,529 - INFO - 🎯 IGDB Match: 'Firestone: Online Idle RPG' (98%)
2026-06-16 19:56:09,536 - INFO - 📅 Fetching Basic Metadata: Oddsparks: An Automation Adventure
2026-06-16 19:56:09,664 - INFO - 🎯 IGDB Match: 'Oddsparks: An Automation Adventure' (100%)
2026-06-16 19:56:09,670 - INFO - 📅 Fetching Basic Metadata: Trash Goblin
2026-06-16 19:56:09,802 - INFO - 🎯 IGDB Match: 'Trash Goblin' (100%)
2026-06-16 19:56:09,808 - INFO - 🏢 Publisher Search: The Telltale Batman Shadows Edition
2026-06-16 19:56:11,191 - INFO - 📅 Fetching Basic Metadata: The Telltale Batman Shadows Edition
2026-06-16 19:56:11,496 - INFO - 🎯 IGDB Match: 'Telltale Batman Shadows Edition' (95%)
2026-06-16 19:56:11,502 - INFO - 🏢 Publisher Search: Sunderfolk - Standard Edition
2026-06-16 19:56:12,852 - INFO - 📅 Fetching Basic Metadata: Sunderfolk - Standard Edition
2026-06-16 19:56:13,011 - INFO - 📅 Fetching Basic Metadata: Down in Bermuda
2026-06-16 19:56:13,139 - INFO - 🎯 IGDB Match: 'Down in Bermuda' (100%)
2026-06-16 19:56:13,146 - INFO - 📅 Fetching Basic Metadata: Tomb Raider I-III Remastered Starring Lara Croft
2026-06-16 19:56:13,277 - INFO - 📅 Fetching Basic Metadata: LONESTAR
2026-06-16 19:56:13,408 - INFO - 🎯 IGDB Match: 'LoneStar' (100%)
2026-06-16 19:56:13,415 - INFO - 📅 Fetching Basic Metadata: Calico
2026-06-16 19:56:13,538 - INFO - 🎯 IGDB Match: 'Calico' (100%)
2026-06-16 19:56:13,544 - INFO - 📅 Fetching Basic Metadata: Rogue Waters
2026-06-16 19:56:13,909 - INFO - 🎯 IGDB Match: 'Rogue Waters' (100%)
2026-06-16 19:56:13,916 - INFO - 📅 Fetching Basic Metadata: The Ouroboros King
2026-06-16 19:56:14,049 - INFO - 🎯 IGDB Match: 'The Ouroboros King' (100%)
2026-06-16 19:56:14,056 - INFO - 🏢 Publisher Search: Warhammer 40K Speed Freeks
2026-06-16 19:56:15,464 - INFO - 
--- Starting Data Quality Checks ---
2026-06-16 19:56:15,477 - INFO - --- Data Quality Checks Complete ---

2026-06-16 19:56:15,506 - INFO - | Metric | Statistics |
| :--- | :--- |
| 💰 **Total Market Value** | **$13,108.09** |
| 📦 **Total Games Collected** | 680 |
| 🏷️ **Average Retail Price** | $22.35 per game |
| 💎 **Most Expensive Title** | Civilization 6 Platinum Edition ($79.99) |
| 👑 **MVP Publisher** | Bethesda Softworks |
| 🏢 **Value Leaders** | 2K ($579.90), Bethesda Softworks ($544.80), Paradox Interactive ($409.89) |
| 📈 **Inflation-Adjusted Value** | $14,905.33 |
| 🎈 **Inflation Bonus** | **+$1,797.24** in purchasing power |
| 🗓️ **Peak Saving Month** | 🎄 **Seasonality Peak:** December is historically the best month, offering $3,388.17 in savings. |
| ⭐ **Average Score** | 76.8/100 |
| 💳 **Subscription Equivalent** | **$168.86 / mo** |
| 🎯 **Prestige Ratio** | **1.9%** (Strategic Hype) |
| 🏎️ **Lead Time Avg** | 447 Days to Sequel |

2026-06-16 19:56:15,506 - INFO - ✅ README.md updated.
2026-06-16 19:56:15,529 - INFO - Using categorical units to plot a list of strings that are all parsable as floats or dates. If these strings should be plotted as numbers, cast to the appropriate data type before plotting.
2026-06-16 19:56:15,530 - INFO - Using categorical units to plot a list of strings that are all parsable as floats or dates. If these strings should be plotted as numbers, cast to the appropriate data type before plotting.
2026-06-16 19:56:21,228 - INFO - 📈 All charts generated successfully.
