2026-03-13 17:06:10,883 - INFO - Failed to extract font properties from /usr/share/fonts/truetype/noto/NotoColorEmoji.ttf: Can not load face (unknown file format; error code 0x2)
2026-03-13 17:06:10,945 - INFO - generated new fontManager
2026-03-13 17:06:11,463 - INFO - ✅ Migration Successful!
2026-03-13 17:06:11,913 - INFO - No new games found.
2026-03-13 17:06:12,399 - INFO - 🔍 Found 581 games needing metadata. Starting IGDB + Steam + CheapShark enrichment...
2026-03-13 17:06:12,471 - INFO - 📅 Fetching Basic Metadata: LEGO Batman Trilogy
2026-03-13 17:06:12,820 - INFO - 🎯 IGDB Match: 'LEGO Batman Trilogy' (100%)
2026-03-13 17:06:12,848 - INFO - 📅 Fetching Basic Metadata: Antstream
2026-03-13 17:06:12,997 - INFO - 📅 Fetching Basic Metadata: The Drone Racing League Simulator
2026-03-13 17:06:13,117 - INFO - 🎯 IGDB Match: 'The Drone Racing League Simulator' (100%)
2026-03-13 17:06:13,125 - INFO - 📅 Fetching Basic Metadata: Dark Deity
2026-03-13 17:06:13,226 - INFO - 🎯 IGDB Match: 'Dark Deity' (100%)
2026-03-13 17:06:13,233 - INFO - 📅 Fetching Basic Metadata: RPG in a Box
2026-03-13 17:06:13,336 - INFO - 🎯 IGDB Match: 'RPG in a Box' (100%)
2026-03-13 17:06:13,343 - INFO - 📅 Fetching Basic Metadata: Fallout Classic Collection
2026-03-13 17:06:13,553 - INFO - 🎯 IGDB Match: 'Fallout Classic Collection' (100%)
2026-03-13 17:06:13,561 - INFO - 📅 Fetching Basic Metadata: Recipe for Disaster
2026-03-13 17:06:13,808 - INFO - 🎯 IGDB Match: 'Recipe for Disaster' (100%)
2026-03-13 17:06:13,815 - INFO - 📅 Fetching Basic Metadata: World of Warships — Starter Pack: Ishizuchi
2026-03-13 17:06:13,923 - INFO - 🎯 IGDB Match: 'World of Warships: Starter Pack - Ishizuchi' (98%)
2026-03-13 17:06:13,931 - INFO - 📅 Fetching Basic Metadata: Poker Club
2026-03-13 17:06:14,040 - INFO - 🎯 IGDB Match: 'Poker Club' (100%)
2026-03-13 17:06:14,046 - INFO - 📅 Fetching Basic Metadata: The Sims 4 The Daring Lifestyle Bundle
2026-03-13 17:06:14,167 - INFO - 🎯 IGDB Match: 'The Sims 4: The Daring Lifestyle Bundle' (99%)
2026-03-13 17:06:14,176 - INFO - 📅 Fetching Basic Metadata: Dodo Peak
2026-03-13 17:06:14,367 - INFO - 🎯 IGDB Match: 'Dodo Peak' (100%)
2026-03-13 17:06:14,374 - INFO - 📅 Fetching Basic Metadata: Spelldrifter
2026-03-13 17:06:14,480 - INFO - 🎯 IGDB Match: 'Spelldrifter' (100%)
2026-03-13 17:06:14,486 - INFO - 📅 Fetching Basic Metadata: Model Builder
2026-03-13 17:06:14,593 - INFO - 🎯 IGDB Match: 'Model Builder' (100%)
2026-03-13 17:06:14,599 - INFO - 📅 Fetching Basic Metadata: Godlike Burger
2026-03-13 17:06:14,702 - INFO - 🎯 IGDB Match: 'Godlike Burger' (100%)
2026-03-13 17:06:14,708 - INFO - 📅 Fetching Basic Metadata: Q.U.B.E. Ultimate Bundle
2026-03-13 17:06:14,815 - INFO - 🎯 IGDB Match: 'Q.U.B.E. Ultimate Bundle' (100%)
2026-03-13 17:06:14,823 - INFO - 📅 Fetching Basic Metadata: Jitsu Squad
2026-03-13 17:06:15,103 - INFO - 🎯 IGDB Match: 'Jitsu Squad' (100%)
2026-03-13 17:06:15,109 - INFO - 📅 Fetching Basic Metadata: Mighty Fight Federation
2026-03-13 17:06:15,283 - INFO - 🎯 IGDB Match: 'Mighty Fight Federation' (100%)
2026-03-13 17:06:15,292 - INFO - 📅 Fetching Basic Metadata: LOVE
2026-03-13 17:06:15,488 - INFO - 🎯 IGDB Match: 'Love Love Love' (90%)
2026-03-13 17:06:15,496 - INFO - 📅 Fetching Basic Metadata: Call of The Wild: The Angler
2026-03-13 17:06:15,694 - INFO - 🎯 IGDB Match: 'Call of the Wild: The Angler' (100%)
2026-03-13 17:06:15,703 - INFO - 📅 Fetching Basic Metadata: The Falconeer
2026-03-13 17:06:15,792 - WARNING - IGDB Error for The Falconeer: string indices must be integers, not 'str'
2026-03-13 17:06:15,799 - INFO - 📅 Fetching Basic Metadata: Rawmen: Food Fighter Arena
2026-03-13 17:06:15,896 - WARNING - IGDB Error for Rawmen: Food Fighter Arena: string indices must be integers, not 'str'
2026-03-13 17:06:15,903 - INFO - 📅 Fetching Basic Metadata: World of Warships – Starter Pack: Albany
2026-03-13 17:06:15,999 - WARNING - IGDB Error for World of Warships – Starter Pack: Albany: string indices must be integers, not 'str'
2026-03-13 17:06:16,006 - INFO - 📅 Fetching Basic Metadata: Fallout Classic Edition
2026-03-13 17:06:16,098 - WARNING - IGDB Error for Fallout Classic Edition: string indices must be integers, not 'str'
2026-03-13 17:06:16,106 - INFO - 📅 Fetching Basic Metadata: Outliver: Tribulation
2026-03-13 17:06:16,202 - WARNING - IGDB Error for Outliver: Tribulation: string indices must be integers, not 'str'
2026-03-13 17:06:16,210 - INFO - 📅 Fetching Basic Metadata: Bus Simulator 21 Next Stop
2026-03-13 17:06:16,405 - WARNING - IGDB Error for Bus Simulator 21 Next Stop: string indices must be integers, not 'str'
2026-03-13 17:06:16,413 - INFO - 📅 Fetching Basic Metadata: Turmoil
2026-03-13 17:06:16,524 - INFO - 🎯 IGDB Match: 'Turmoil' (100%)
2026-03-13 17:06:16,531 - INFO - 📅 Fetching Basic Metadata: World War Z Aftermath
2026-03-13 17:06:16,662 - INFO - 🎯 IGDB Match: 'World War Z: Aftermath' (98%)
2026-03-13 17:06:16,668 - INFO - 📅 Fetching Basic Metadata: World Of Warships – Anniversary Party Flavor
2026-03-13 17:06:16,812 - INFO - 📅 Fetching Basic Metadata: Neko Ghost, Jump!
2026-03-13 17:06:16,934 - INFO - 🎯 IGDB Match: 'Neko Ghost, Jump!' (100%)
2026-03-13 17:06:16,941 - INFO - 📅 Fetching Basic Metadata: Super Space Club
2026-03-13 17:06:17,045 - INFO - 🎯 IGDB Match: 'Super Space Club' (100%)
2026-03-13 17:06:17,052 - INFO - 📅 Fetching Basic Metadata: Touch Type Tale
2026-03-13 17:06:17,161 - INFO - 🎯 IGDB Match: 'Touch Type Tale' (100%)
2026-03-13 17:06:17,168 - INFO - 📅 Fetching Basic Metadata: Gigapocalypse
2026-03-13 17:06:17,324 - INFO - 🎯 IGDB Match: 'Gigapocalypse' (100%)
2026-03-13 17:06:17,332 - INFO - 📅 Fetching Basic Metadata: Legion TD2
2026-03-13 17:06:17,423 - WARNING - IGDB Error for Legion TD2: string indices must be integers, not 'str'
2026-03-13 17:06:17,432 - INFO - 📅 Fetching Basic Metadata: Nightingale
2026-03-13 17:06:17,521 - WARNING - IGDB Error for Nightingale: string indices must be integers, not 'str'
2026-03-13 17:06:17,529 - INFO - 📅 Fetching Basic Metadata: Godzilla Voxel Wars
2026-03-13 17:06:17,618 - WARNING - IGDB Error for Godzilla Voxel Wars: string indices must be integers, not 'str'
2026-03-13 17:06:17,627 - INFO - 📅 Fetching Basic Metadata: Trine Classic Collection
2026-03-13 17:06:17,741 - INFO - 🎯 IGDB Match: 'Trine Classic Collection' (100%)
2026-03-13 17:06:17,749 - INFO - 📅 Fetching Basic Metadata: Poison Retro Set
2026-03-13 17:06:17,840 - WARNING - IGDB Error for Poison Retro Set: string indices must be integers, not 'str'
2026-03-13 17:06:17,846 - INFO - 📅 Fetching Basic Metadata: The Darkside Detective A Fumble in the Dark
2026-03-13 17:06:17,937 - WARNING - IGDB Error for The Darkside Detective A Fumble in the Dark: string indices must be integers, not 'str'
2026-03-13 17:06:17,944 - INFO - 📅 Fetching Basic Metadata: Return to Ash
2026-03-13 17:06:18,075 - INFO - 🎯 IGDB Match: 'Return to Ash' (100%)
2026-03-13 17:06:18,081 - INFO - 🏢 Publisher Search: STALCRAFT: X Starter Edition
2026-03-13 17:06:19,636 - INFO - 📅 Fetching Basic Metadata: STALCRAFT: X Starter Edition
2026-03-13 17:06:19,747 - INFO - 📅 Fetching Basic Metadata: Boxes: Lost Fragments
2026-03-13 17:06:19,896 - INFO - 🎯 IGDB Match: 'Boxes: Lost Fragments' (100%)
2026-03-13 17:06:19,902 - INFO - 📅 Fetching Basic Metadata: My Night Job
2026-03-13 17:06:20,004 - INFO - 🎯 IGDB Match: 'My Night Job' (100%)
2026-03-13 17:06:20,015 - INFO - 
--- Starting Data Quality Checks ---
2026-03-13 17:06:20,028 - INFO - --- Data Quality Checks Complete ---

2026-03-13 17:06:20,057 - INFO - | Metric | Statistics |
| :--- | :--- |
| 💰 **Total Market Value** | **$12,663.29** |
| 📦 **Total Games Collected** | 657 |
| 🏷️ **Average Retail Price** | $22.46 per game |
| 💎 **Most Expensive Title** | Civilization 6 Platinum Edition ($79.99) |
| 👑 **MVP Publisher** | Bethesda Softworks |
| 🏢 **Value Leaders** | 2K ($579.90), Bethesda Softworks ($544.80), Paradox Interactive ($409.89) |
| 📈 **Inflation-Adjusted Value** | $14,460.53 |
| 🎈 **Inflation Bonus** | **+$1,797.24** in purchasing power |
| 🗓️ **Peak Saving Month** | 🎄 **Seasonality Peak:** December is historically the best month, offering $3,388.17 in savings. |
| ⭐ **Average Score** | 76.7/100 |
| 💳 **Subscription Equivalent** | **$169.57 / mo** |
| 🎯 **Prestige Ratio** | **2.0%** (Strategic Hype) |
| 🏎️ **Lead Time Avg** | 447 Days to Sequel |

2026-03-13 17:06:20,058 - INFO - ✅ README.md updated.
2026-03-13 17:06:20,081 - INFO - Using categorical units to plot a list of strings that are all parsable as floats or dates. If these strings should be plotted as numbers, cast to the appropriate data type before plotting.
2026-03-13 17:06:20,082 - INFO - Using categorical units to plot a list of strings that are all parsable as floats or dates. If these strings should be plotted as numbers, cast to the appropriate data type before plotting.
2026-03-13 17:06:25,728 - INFO - 📈 All charts generated successfully.
