2026-05-26 18:41:25,736 - INFO - Failed to extract font properties from /usr/share/fonts/truetype/noto/NotoColorEmoji.ttf: Can not load face (unknown file format; error code 0x2)
2026-05-26 18:41:25,815 - INFO - generated new fontManager
2026-05-26 18:41:26,161 - INFO - ✅ Migration Successful!
2026-05-26 18:41:26,356 - INFO - No new games found.
2026-05-26 18:41:26,945 - INFO - 🔍 Found 598 games needing metadata. Starting IGDB + Steam + CheapShark enrichment...
2026-05-26 18:41:27,024 - INFO - 📅 Fetching Basic Metadata: LEGO Batman Trilogy
2026-05-26 18:41:27,463 - INFO - 🎯 IGDB Match: 'LEGO Batman Trilogy' (100%)
2026-05-26 18:41:27,491 - INFO - 📅 Fetching Basic Metadata: Antstream
2026-05-26 18:41:27,734 - INFO - 📅 Fetching Basic Metadata: The Drone Racing League Simulator
2026-05-26 18:41:28,040 - INFO - 🎯 IGDB Match: 'The Drone Racing League Simulator' (100%)
2026-05-26 18:41:28,048 - INFO - 📅 Fetching Basic Metadata: Dark Deity
2026-05-26 18:41:28,255 - INFO - 🎯 IGDB Match: 'Dark Deity' (100%)
2026-05-26 18:41:28,261 - INFO - 📅 Fetching Basic Metadata: RPG in a Box
2026-05-26 18:41:28,592 - INFO - 🎯 IGDB Match: 'RPG in a Box' (100%)
2026-05-26 18:41:28,600 - INFO - 📅 Fetching Basic Metadata: Fallout Classic Collection
2026-05-26 18:41:28,774 - INFO - 🎯 IGDB Match: 'Fallout Classic Collection' (100%)
2026-05-26 18:41:28,782 - INFO - 📅 Fetching Basic Metadata: Recipe for Disaster
2026-05-26 18:41:28,975 - INFO - 🎯 IGDB Match: 'Recipe For Disaster' (100%)
2026-05-26 18:41:28,982 - INFO - 📅 Fetching Basic Metadata: World of Warships — Starter Pack: Ishizuchi
2026-05-26 18:41:29,102 - INFO - 🎯 IGDB Match: 'World of Warships: Starter Pack - Ishizuchi' (98%)
2026-05-26 18:41:29,110 - INFO - 📅 Fetching Basic Metadata: Poker Club
2026-05-26 18:41:29,437 - INFO - 🎯 IGDB Match: 'Poker Club' (100%)
2026-05-26 18:41:29,444 - INFO - 📅 Fetching Basic Metadata: The Sims 4 The Daring Lifestyle Bundle
2026-05-26 18:41:29,636 - INFO - 🎯 IGDB Match: 'The Sims 4: The Daring Lifestyle Bundle' (99%)
2026-05-26 18:41:29,645 - INFO - 📅 Fetching Basic Metadata: Dodo Peak
2026-05-26 18:41:29,976 - INFO - 🎯 IGDB Match: 'Dodo Peak' (100%)
2026-05-26 18:41:29,982 - INFO - 📅 Fetching Basic Metadata: Spelldrifter
2026-05-26 18:41:30,105 - INFO - 🎯 IGDB Match: 'Spelldrifter' (100%)
2026-05-26 18:41:30,112 - INFO - 📅 Fetching Basic Metadata: Model Builder
2026-05-26 18:41:30,229 - INFO - 🎯 IGDB Match: 'Model Builder' (100%)
2026-05-26 18:41:30,235 - INFO - 📅 Fetching Basic Metadata: Godlike Burger
2026-05-26 18:41:30,495 - INFO - 🎯 IGDB Match: 'Godlike Burger' (100%)
2026-05-26 18:41:30,501 - INFO - 📅 Fetching Basic Metadata: Q.U.B.E. Ultimate Bundle
2026-05-26 18:41:30,622 - INFO - 🎯 IGDB Match: 'Q.U.B.E. Ultimate Bundle' (100%)
2026-05-26 18:41:30,630 - INFO - 📅 Fetching Basic Metadata: Jitsu Squad
2026-05-26 18:41:31,040 - INFO - 🎯 IGDB Match: 'Jitsu Squad' (100%)
2026-05-26 18:41:31,047 - INFO - 📅 Fetching Basic Metadata: Mighty Fight Federation
2026-05-26 18:41:31,171 - INFO - 🎯 IGDB Match: 'Mighty Fight Federation' (100%)
2026-05-26 18:41:31,181 - INFO - 📅 Fetching Basic Metadata: LOVE
2026-05-26 18:41:31,360 - INFO - 🎯 IGDB Match: 'Love Love Love' (90%)
2026-05-26 18:41:31,368 - INFO - 📅 Fetching Basic Metadata: Call of The Wild: The Angler
2026-05-26 18:41:31,486 - INFO - 🎯 IGDB Match: 'Call of the Wild: The Angler' (100%)
2026-05-26 18:41:31,495 - INFO - 📅 Fetching Basic Metadata: The Falconeer
2026-05-26 18:41:31,722 - INFO - 🎯 IGDB Match: 'The Falconeer: The Hunter' (90%)
2026-05-26 18:41:31,729 - INFO - 📅 Fetching Basic Metadata: Rawmen: Food Fighter Arena
2026-05-26 18:41:31,905 - INFO - 🎯 IGDB Match: 'Rawmen' (90%)
2026-05-26 18:41:31,912 - INFO - 📅 Fetching Basic Metadata: World of Warships – Starter Pack: Albany
2026-05-26 18:41:32,083 - INFO - 📅 Fetching Basic Metadata: Fallout Classic Edition
2026-05-26 18:41:32,420 - INFO - 📅 Fetching Basic Metadata: Outliver: Tribulation
2026-05-26 18:41:32,567 - INFO - 🎯 IGDB Match: 'Outliver: Tribulation' (100%)
2026-05-26 18:41:32,575 - INFO - 📅 Fetching Basic Metadata: Bus Simulator 21 Next Stop
2026-05-26 18:41:32,733 - INFO - 🎯 IGDB Match: 'Bus Simulator 21: Next Stop' (98%)
2026-05-26 18:41:32,742 - INFO - 📅 Fetching Basic Metadata: Turmoil
2026-05-26 18:41:33,034 - INFO - 🎯 IGDB Match: 'Turmoil' (100%)
2026-05-26 18:41:33,041 - INFO - 📅 Fetching Basic Metadata: World War Z Aftermath
2026-05-26 18:41:33,237 - INFO - 🎯 IGDB Match: 'World War Z: Aftermath' (98%)
2026-05-26 18:41:33,244 - INFO - 📅 Fetching Basic Metadata: World Of Warships – Anniversary Party Flavor
2026-05-26 18:41:33,527 - INFO - 📅 Fetching Basic Metadata: Neko Ghost, Jump!
2026-05-26 18:41:33,647 - INFO - 🎯 IGDB Match: 'Neko Ghost, Jump!' (100%)
2026-05-26 18:41:33,654 - INFO - 📅 Fetching Basic Metadata: Super Space Club
2026-05-26 18:41:33,773 - INFO - 🎯 IGDB Match: 'Super Space Club' (100%)
2026-05-26 18:41:33,780 - INFO - 📅 Fetching Basic Metadata: Touch Type Tale
2026-05-26 18:41:33,951 - INFO - 🎯 IGDB Match: 'Touch Type Tale' (100%)
2026-05-26 18:41:33,958 - INFO - 📅 Fetching Basic Metadata: Gigapocalypse
2026-05-26 18:41:34,082 - INFO - 🎯 IGDB Match: 'Gigapocalypse' (100%)
2026-05-26 18:41:34,091 - INFO - 📅 Fetching Basic Metadata: Legion TD2
2026-05-26 18:41:34,205 - INFO - 📅 Fetching Basic Metadata: Nightingale
2026-05-26 18:41:34,332 - INFO - 🎯 IGDB Match: 'Nightingale' (100%)
2026-05-26 18:41:34,340 - INFO - 📅 Fetching Basic Metadata: Godzilla Voxel Wars
2026-05-26 18:41:34,452 - INFO - 🎯 IGDB Match: 'Godzilla Voxel Wars' (100%)
2026-05-26 18:41:34,461 - INFO - 📅 Fetching Basic Metadata: Trine Classic Collection
2026-05-26 18:41:34,580 - INFO - 🎯 IGDB Match: 'Trine Classic Collection' (100%)
2026-05-26 18:41:34,588 - INFO - 📅 Fetching Basic Metadata: Poison Retro Set
2026-05-26 18:41:34,703 - INFO - 🎯 IGDB Match: 'Pixel Gun 3D: Poison Retro Set' (90%)
2026-05-26 18:41:34,709 - INFO - 📅 Fetching Basic Metadata: The Darkside Detective A Fumble in the Dark
2026-05-26 18:41:34,831 - INFO - 🎯 IGDB Match: 'The Darkside Detective: A Fumble in the Dark' (99%)
2026-05-26 18:41:34,837 - INFO - 📅 Fetching Basic Metadata: Return to Ash
2026-05-26 18:41:35,057 - INFO - 🎯 IGDB Match: 'Return to Ash' (100%)
2026-05-26 18:41:35,063 - INFO - 🏢 Publisher Search: STALCRAFT: X Starter Edition
2026-05-26 18:41:36,492 - INFO - 📅 Fetching Basic Metadata: STALCRAFT: X Starter Edition
2026-05-26 18:41:36,756 - INFO - 📅 Fetching Basic Metadata: Boxes: Lost Fragments
2026-05-26 18:41:36,864 - INFO - 🎯 IGDB Match: 'Boxes: Lost Fragments' (100%)
2026-05-26 18:41:36,870 - INFO - 📅 Fetching Basic Metadata: My Night Job
2026-05-26 18:41:37,021 - INFO - 🎯 IGDB Match: 'My Night Job' (100%)
2026-05-26 18:41:37,029 - INFO - 📅 Fetching Basic Metadata: Electrician Simulator
2026-05-26 18:41:37,153 - INFO - 🎯 IGDB Match: 'Electrician Simulator' (100%)
2026-05-26 18:41:37,160 - INFO - 🏢 Publisher Search: World of Warships — Epic Anniversary Tachibana Pack
2026-05-26 18:41:38,513 - INFO - 📅 Fetching Basic Metadata: World of Warships — Epic Anniversary Tachibana Pack
2026-05-26 18:41:38,641 - INFO - 📅 Fetching Basic Metadata: Hyper Echelon
2026-05-26 18:41:38,907 - INFO - 🎯 IGDB Match: 'Hyper Echelon' (100%)
2026-05-26 18:41:38,913 - INFO - 📅 Fetching Basic Metadata: Havendock
2026-05-26 18:41:39,031 - INFO - 🎯 IGDB Match: 'Havendock' (100%)
2026-05-26 18:41:39,038 - INFO - 📅 Fetching Basic Metadata: Clone Drone in the Danger Zone
2026-05-26 18:41:39,153 - INFO - 🎯 IGDB Match: 'Clone Drone in the Danger Zone' (100%)
2026-05-26 18:41:39,160 - INFO - 🏢 Publisher Search: TOMAK: Save the Earth Regeneration
2026-05-26 18:41:40,596 - INFO - 📅 Fetching Basic Metadata: TOMAK: Save the Earth Regeneration
2026-05-26 18:41:40,707 - INFO - 🎯 IGDB Match: 'Tomak: Save the Earth Regeneration' (100%)
2026-05-26 18:41:40,714 - INFO - 📅 Fetching Basic Metadata: Prop Sumo
2026-05-26 18:41:40,826 - INFO - 🎯 IGDB Match: 'Prop Sumo' (100%)
2026-05-26 18:41:40,832 - INFO - 📅 Fetching Basic Metadata: The Stone of Madness
2026-05-26 18:41:40,968 - INFO - 🎯 IGDB Match: 'The Stone of Madness' (100%)
2026-05-26 18:41:40,974 - INFO - 📅 Fetching Basic Metadata: Firestone Online Idle RPG
2026-05-26 18:41:41,082 - INFO - 🎯 IGDB Match: 'Firestone: Online Idle RPG' (98%)
2026-05-26 18:41:41,088 - INFO - 📅 Fetching Basic Metadata: Oddsparks: An Automation Adventure
2026-05-26 18:41:41,244 - INFO - 🎯 IGDB Match: 'Oddsparks: An Automation Adventure' (100%)
2026-05-26 18:41:41,250 - INFO - 📅 Fetching Basic Metadata: Trash Goblin
2026-05-26 18:41:41,530 - INFO - 🎯 IGDB Match: 'Trash Goblin' (100%)
2026-05-26 18:41:41,536 - INFO - 🏢 Publisher Search: The Telltale Batman Shadows Edition
2026-05-26 18:41:42,920 - INFO - 📅 Fetching Basic Metadata: The Telltale Batman Shadows Edition
2026-05-26 18:41:43,044 - INFO - 🎯 IGDB Match: 'Telltale Batman Shadows Edition' (95%)
2026-05-26 18:41:43,051 - INFO - 🏢 Publisher Search: Sunderfolk - Standard Edition
2026-05-26 18:41:44,443 - INFO - 📅 Fetching Basic Metadata: Sunderfolk - Standard Edition
2026-05-26 18:41:44,592 - INFO - 📅 Fetching Basic Metadata: Down in Bermuda
2026-05-26 18:41:44,717 - INFO - 🎯 IGDB Match: 'Down in Bermuda' (100%)
2026-05-26 18:41:44,724 - INFO - 📅 Fetching Basic Metadata: Tomb Raider I-III Remastered Starring Lara Croft
2026-05-26 18:41:44,858 - INFO - 
--- Starting Data Quality Checks ---
2026-05-26 18:41:44,873 - INFO - --- Data Quality Checks Complete ---

2026-05-26 18:41:44,907 - INFO - | Metric | Statistics |
| :--- | :--- |
| 💰 **Total Market Value** | **$12,993.15** |
| 📦 **Total Games Collected** | 674 |
| 🏷️ **Average Retail Price** | $22.38 per game |
| 💎 **Most Expensive Title** | Civilization 6 Platinum Edition ($79.99) |
| 👑 **MVP Publisher** | Bethesda Softworks |
| 🏢 **Value Leaders** | 2K ($579.90), Bethesda Softworks ($544.80), Paradox Interactive ($409.89) |
| 📈 **Inflation-Adjusted Value** | $14,790.39 |
| 🎈 **Inflation Bonus** | **+$1,797.24** in purchasing power |
| 🗓️ **Peak Saving Month** | 🎄 **Seasonality Peak:** December is historically the best month, offering $3,388.17 in savings. |
| ⭐ **Average Score** | 76.8/100 |
| 💳 **Subscription Equivalent** | **$169.47 / mo** |
| 🎯 **Prestige Ratio** | **1.9%** (Strategic Hype) |
| 🏎️ **Lead Time Avg** | 447 Days to Sequel |

2026-05-26 18:41:44,907 - INFO - ✅ README.md updated.
2026-05-26 18:41:44,934 - INFO - Using categorical units to plot a list of strings that are all parsable as floats or dates. If these strings should be plotted as numbers, cast to the appropriate data type before plotting.
2026-05-26 18:41:44,935 - INFO - Using categorical units to plot a list of strings that are all parsable as floats or dates. If these strings should be plotted as numbers, cast to the appropriate data type before plotting.
2026-05-26 18:41:50,758 - INFO - 📈 All charts generated successfully.
