2026-05-03 17:24:26,136 - INFO - Failed to extract font properties from /usr/share/fonts/truetype/noto/NotoColorEmoji.ttf: Can not load face (unknown file format; error code 0x2)
2026-05-03 17:24:26,184 - INFO - generated new fontManager
2026-05-03 17:24:26,456 - INFO - ✅ Migration Successful!
2026-05-03 17:24:26,982 - INFO - No new games found.
2026-05-03 17:24:27,497 - INFO - 🔍 Found 592 games needing metadata. Starting IGDB + Steam + CheapShark enrichment...
2026-05-03 17:24:27,595 - INFO - 📅 Fetching Basic Metadata: LEGO Batman Trilogy
2026-05-03 17:24:27,908 - INFO - 🎯 IGDB Match: 'LEGO Batman Trilogy' (100%)
2026-05-03 17:24:27,932 - INFO - 📅 Fetching Basic Metadata: Antstream
2026-05-03 17:24:28,199 - INFO - 📅 Fetching Basic Metadata: The Drone Racing League Simulator
2026-05-03 17:24:28,432 - INFO - 🎯 IGDB Match: 'The Drone Racing League Simulator' (100%)
2026-05-03 17:24:28,439 - INFO - 📅 Fetching Basic Metadata: Dark Deity
2026-05-03 17:24:28,567 - INFO - 🎯 IGDB Match: 'Dark Deity' (100%)
2026-05-03 17:24:28,573 - INFO - 📅 Fetching Basic Metadata: RPG in a Box
2026-05-03 17:24:28,749 - INFO - 🎯 IGDB Match: 'RPG in a Box' (100%)
2026-05-03 17:24:28,756 - INFO - 📅 Fetching Basic Metadata: Fallout Classic Collection
2026-05-03 17:24:28,889 - INFO - 🎯 IGDB Match: 'Fallout Classic Collection' (100%)
2026-05-03 17:24:28,897 - INFO - 📅 Fetching Basic Metadata: Recipe for Disaster
2026-05-03 17:24:29,031 - INFO - 🎯 IGDB Match: 'Recipe For Disaster' (100%)
2026-05-03 17:24:29,037 - INFO - 📅 Fetching Basic Metadata: World of Warships — Starter Pack: Ishizuchi
2026-05-03 17:24:29,187 - INFO - 🎯 IGDB Match: 'World of Warships: Starter Pack - Ishizuchi' (98%)
2026-05-03 17:24:29,194 - INFO - 📅 Fetching Basic Metadata: Poker Club
2026-05-03 17:24:29,451 - INFO - 🎯 IGDB Match: 'Poker Club' (100%)
2026-05-03 17:24:29,457 - INFO - 📅 Fetching Basic Metadata: The Sims 4 The Daring Lifestyle Bundle
2026-05-03 17:24:29,618 - INFO - 🎯 IGDB Match: 'The Sims 4: The Daring Lifestyle Bundle' (99%)
2026-05-03 17:24:29,625 - INFO - 📅 Fetching Basic Metadata: Dodo Peak
2026-05-03 17:24:29,860 - INFO - 🎯 IGDB Match: 'Dodo Peak' (100%)
2026-05-03 17:24:29,866 - INFO - 📅 Fetching Basic Metadata: Spelldrifter
2026-05-03 17:24:30,026 - INFO - 🎯 IGDB Match: 'Spelldrifter' (100%)
2026-05-03 17:24:30,032 - INFO - 📅 Fetching Basic Metadata: Model Builder
2026-05-03 17:24:30,246 - INFO - 🎯 IGDB Match: 'Model Builder' (100%)
2026-05-03 17:24:30,252 - INFO - 📅 Fetching Basic Metadata: Godlike Burger
2026-05-03 17:24:30,377 - INFO - 🎯 IGDB Match: 'Godlike Burger' (100%)
2026-05-03 17:24:30,383 - INFO - 📅 Fetching Basic Metadata: Q.U.B.E. Ultimate Bundle
2026-05-03 17:24:30,544 - INFO - 🎯 IGDB Match: 'Q.U.B.E. Ultimate Bundle' (100%)
2026-05-03 17:24:30,551 - INFO - 📅 Fetching Basic Metadata: Jitsu Squad
2026-05-03 17:24:30,758 - INFO - 🎯 IGDB Match: 'Jitsu Squad' (100%)
2026-05-03 17:24:30,764 - INFO - 📅 Fetching Basic Metadata: Mighty Fight Federation
2026-05-03 17:24:30,887 - INFO - 🎯 IGDB Match: 'Mighty Fight Federation' (100%)
2026-05-03 17:24:30,896 - INFO - 📅 Fetching Basic Metadata: LOVE
2026-05-03 17:24:31,067 - INFO - 🎯 IGDB Match: 'Love Love Love' (90%)
2026-05-03 17:24:31,074 - INFO - 📅 Fetching Basic Metadata: Call of The Wild: The Angler
2026-05-03 17:24:31,243 - INFO - 🎯 IGDB Match: 'Call of the Wild: The Angler' (100%)
2026-05-03 17:24:31,252 - INFO - 📅 Fetching Basic Metadata: The Falconeer
2026-05-03 17:24:31,405 - INFO - 🎯 IGDB Match: 'The Falconeer: The Hunter' (90%)
2026-05-03 17:24:31,412 - INFO - 📅 Fetching Basic Metadata: Rawmen: Food Fighter Arena
2026-05-03 17:24:31,529 - INFO - 🎯 IGDB Match: 'Rawmen' (90%)
2026-05-03 17:24:31,535 - INFO - 📅 Fetching Basic Metadata: World of Warships – Starter Pack: Albany
2026-05-03 17:24:31,721 - INFO - 📅 Fetching Basic Metadata: Fallout Classic Edition
2026-05-03 17:24:31,851 - INFO - 📅 Fetching Basic Metadata: Outliver: Tribulation
2026-05-03 17:24:32,033 - INFO - 🎯 IGDB Match: 'Outliver: Tribulation' (100%)
2026-05-03 17:24:32,039 - INFO - 📅 Fetching Basic Metadata: Bus Simulator 21 Next Stop
2026-05-03 17:24:32,159 - INFO - 🎯 IGDB Match: 'Bus Simulator 21: Next Stop' (98%)
2026-05-03 17:24:32,166 - INFO - 📅 Fetching Basic Metadata: Turmoil
2026-05-03 17:24:32,293 - INFO - 🎯 IGDB Match: 'Turmoil' (100%)
2026-05-03 17:24:32,299 - INFO - 📅 Fetching Basic Metadata: World War Z Aftermath
2026-05-03 17:24:32,423 - INFO - 🎯 IGDB Match: 'World War Z: Aftermath' (98%)
2026-05-03 17:24:32,428 - INFO - 📅 Fetching Basic Metadata: World Of Warships – Anniversary Party Flavor
2026-05-03 17:24:32,571 - INFO - 📅 Fetching Basic Metadata: Neko Ghost, Jump!
2026-05-03 17:24:32,705 - INFO - 🎯 IGDB Match: 'Neko Ghost, Jump!' (100%)
2026-05-03 17:24:32,711 - INFO - 📅 Fetching Basic Metadata: Super Space Club
2026-05-03 17:24:32,861 - INFO - 🎯 IGDB Match: 'Super Space Club' (100%)
2026-05-03 17:24:32,867 - INFO - 📅 Fetching Basic Metadata: Touch Type Tale
2026-05-03 17:24:32,996 - INFO - 🎯 IGDB Match: 'Touch Type Tale' (100%)
2026-05-03 17:24:33,002 - INFO - 📅 Fetching Basic Metadata: Gigapocalypse
2026-05-03 17:24:33,111 - WARNING - IGDB Error for Gigapocalypse: string indices must be integers, not 'str'
2026-05-03 17:24:33,118 - INFO - 📅 Fetching Basic Metadata: Legion TD2
2026-05-03 17:24:33,223 - WARNING - IGDB Error for Legion TD2: string indices must be integers, not 'str'
2026-05-03 17:24:33,231 - INFO - 📅 Fetching Basic Metadata: Nightingale
2026-05-03 17:24:33,348 - WARNING - IGDB Error for Nightingale: string indices must be integers, not 'str'
2026-05-03 17:24:33,356 - INFO - 📅 Fetching Basic Metadata: Godzilla Voxel Wars
2026-05-03 17:24:33,458 - WARNING - IGDB Error for Godzilla Voxel Wars: string indices must be integers, not 'str'
2026-05-03 17:24:33,466 - INFO - 📅 Fetching Basic Metadata: Trine Classic Collection
2026-05-03 17:24:33,589 - WARNING - IGDB Error for Trine Classic Collection: string indices must be integers, not 'str'
2026-05-03 17:24:33,596 - INFO - 📅 Fetching Basic Metadata: Poison Retro Set
2026-05-03 17:24:33,713 - WARNING - IGDB Error for Poison Retro Set: string indices must be integers, not 'str'
2026-05-03 17:24:33,718 - INFO - 📅 Fetching Basic Metadata: The Darkside Detective A Fumble in the Dark
2026-05-03 17:24:33,891 - WARNING - IGDB Error for The Darkside Detective A Fumble in the Dark: string indices must be integers, not 'str'
2026-05-03 17:24:33,897 - INFO - 📅 Fetching Basic Metadata: Return to Ash
2026-05-03 17:24:34,075 - INFO - 🎯 IGDB Match: 'Return to Ash' (100%)
2026-05-03 17:24:34,081 - INFO - 🏢 Publisher Search: STALCRAFT: X Starter Edition
2026-05-03 17:24:35,492 - INFO - 📅 Fetching Basic Metadata: STALCRAFT: X Starter Edition
2026-05-03 17:24:35,629 - INFO - 📅 Fetching Basic Metadata: Boxes: Lost Fragments
2026-05-03 17:24:35,763 - INFO - 🎯 IGDB Match: 'Boxes: Lost Fragments' (100%)
2026-05-03 17:24:35,768 - INFO - 📅 Fetching Basic Metadata: My Night Job
2026-05-03 17:24:35,899 - INFO - 🎯 IGDB Match: 'My Night Job' (100%)
2026-05-03 17:24:35,905 - INFO - 📅 Fetching Basic Metadata: Electrician Simulator
2026-05-03 17:24:36,038 - INFO - 🎯 IGDB Match: 'Electrician Simulator' (100%)
2026-05-03 17:24:36,044 - INFO - 🏢 Publisher Search: World of Warships — Epic Anniversary Tachibana Pack
2026-05-03 17:24:37,413 - INFO - 📅 Fetching Basic Metadata: World of Warships — Epic Anniversary Tachibana Pack
2026-05-03 17:24:37,599 - INFO - 📅 Fetching Basic Metadata: Hyper Echelon
2026-05-03 17:24:37,732 - INFO - 🎯 IGDB Match: 'Hyper Echelon' (100%)
2026-05-03 17:24:37,738 - INFO - 📅 Fetching Basic Metadata: Havendock
2026-05-03 17:24:37,948 - INFO - 🎯 IGDB Match: 'Havendock' (100%)
2026-05-03 17:24:37,953 - INFO - 📅 Fetching Basic Metadata: Clone Drone in the Danger Zone
2026-05-03 17:24:38,072 - INFO - 🎯 IGDB Match: 'Clone Drone in the Danger Zone' (100%)
2026-05-03 17:24:38,078 - INFO - 🏢 Publisher Search: TOMAK: Save the Earth Regeneration
2026-05-03 17:24:39,511 - INFO - 📅 Fetching Basic Metadata: TOMAK: Save the Earth Regeneration
2026-05-03 17:24:39,722 - INFO - 🎯 IGDB Match: 'Tomak: Save the Earth Regeneration' (100%)
2026-05-03 17:24:39,728 - INFO - 📅 Fetching Basic Metadata: Prop Sumo
2026-05-03 17:24:39,845 - INFO - 🎯 IGDB Match: 'Prop Sumo' (100%)
2026-05-03 17:24:39,850 - INFO - 📅 Fetching Basic Metadata: The Stone of Madness
2026-05-03 17:24:39,968 - INFO - 🎯 IGDB Match: 'The Stone of Madness' (100%)
2026-05-03 17:24:39,974 - INFO - 📅 Fetching Basic Metadata: Firestone Online Idle RPG
2026-05-03 17:24:40,182 - INFO - 🎯 IGDB Match: 'Firestone: Online Idle RPG' (98%)
2026-05-03 17:24:40,188 - INFO - 📅 Fetching Basic Metadata: Oddsparks: An Automation Adventure
2026-05-03 17:24:40,323 - INFO - 🎯 IGDB Match: 'Oddsparks: An Automation Adventure' (100%)
2026-05-03 17:24:40,333 - INFO - 
--- Starting Data Quality Checks ---
2026-05-03 17:24:40,345 - INFO - --- Data Quality Checks Complete ---

2026-05-03 17:24:40,372 - INFO - | Metric | Statistics |
| :--- | :--- |
| 💰 **Total Market Value** | **$12,853.20** |
| 📦 **Total Games Collected** | 668 |
| 🏷️ **Average Retail Price** | $22.37 per game |
| 💎 **Most Expensive Title** | Civilization 6 Platinum Edition ($79.99) |
| 👑 **MVP Publisher** | Bethesda Softworks |
| 🏢 **Value Leaders** | 2K ($579.90), Bethesda Softworks ($544.80), Paradox Interactive ($409.89) |
| 📈 **Inflation-Adjusted Value** | $14,650.44 |
| 🎈 **Inflation Bonus** | **+$1,797.24** in purchasing power |
| 🗓️ **Peak Saving Month** | 🎄 **Seasonality Peak:** December is historically the best month, offering $3,388.17 in savings. |
| ⭐ **Average Score** | 76.8/100 |
| 💳 **Subscription Equivalent** | **$169.81 / mo** |
| 🎯 **Prestige Ratio** | **1.9%** (Strategic Hype) |
| 🏎️ **Lead Time Avg** | 447 Days to Sequel |

2026-05-03 17:24:40,372 - INFO - ✅ README.md updated.
2026-05-03 17:24:40,393 - INFO - Using categorical units to plot a list of strings that are all parsable as floats or dates. If these strings should be plotted as numbers, cast to the appropriate data type before plotting.
2026-05-03 17:24:40,394 - INFO - Using categorical units to plot a list of strings that are all parsable as floats or dates. If these strings should be plotted as numbers, cast to the appropriate data type before plotting.
2026-05-03 17:24:45,346 - INFO - 📈 All charts generated successfully.
