2026-05-23 17:33:39,782 - INFO - Failed to extract font properties from /usr/share/fonts/truetype/noto/NotoColorEmoji.ttf: Can not load face (unknown file format; error code 0x2)
2026-05-23 17:33:39,798 - INFO - generated new fontManager
2026-05-23 17:33:40,119 - INFO - ✅ Migration Successful!
2026-05-23 17:33:40,306 - INFO - No new games found.
2026-05-23 17:33:40,956 - INFO - 🔍 Found 598 games needing metadata. Starting IGDB + Steam + CheapShark enrichment...
2026-05-23 17:33:41,045 - INFO - 📅 Fetching Basic Metadata: LEGO Batman Trilogy
2026-05-23 17:33:41,496 - INFO - 🎯 IGDB Match: 'LEGO Batman Trilogy' (100%)
2026-05-23 17:33:41,518 - INFO - 📅 Fetching Basic Metadata: Antstream
2026-05-23 17:33:41,672 - INFO - 📅 Fetching Basic Metadata: The Drone Racing League Simulator
2026-05-23 17:33:41,827 - INFO - 🎯 IGDB Match: 'The Drone Racing League Simulator' (100%)
2026-05-23 17:33:41,834 - INFO - 📅 Fetching Basic Metadata: Dark Deity
2026-05-23 17:33:42,060 - INFO - 🎯 IGDB Match: 'Dark Deity' (100%)
2026-05-23 17:33:42,067 - INFO - 📅 Fetching Basic Metadata: RPG in a Box
2026-05-23 17:33:42,188 - INFO - 🎯 IGDB Match: 'RPG in a Box' (100%)
2026-05-23 17:33:42,195 - INFO - 📅 Fetching Basic Metadata: Fallout Classic Collection
2026-05-23 17:33:42,518 - INFO - 🎯 IGDB Match: 'Fallout Classic Collection' (100%)
2026-05-23 17:33:42,527 - INFO - 📅 Fetching Basic Metadata: Recipe for Disaster
2026-05-23 17:33:42,734 - INFO - 🎯 IGDB Match: 'Recipe For Disaster' (100%)
2026-05-23 17:33:42,740 - INFO - 📅 Fetching Basic Metadata: World of Warships — Starter Pack: Ishizuchi
2026-05-23 17:33:42,949 - INFO - 🎯 IGDB Match: 'World of Warships: Starter Pack - Ishizuchi' (98%)
2026-05-23 17:33:42,956 - INFO - 📅 Fetching Basic Metadata: Poker Club
2026-05-23 17:33:43,068 - INFO - 🎯 IGDB Match: 'Poker Club' (100%)
2026-05-23 17:33:43,075 - INFO - 📅 Fetching Basic Metadata: The Sims 4 The Daring Lifestyle Bundle
2026-05-23 17:33:43,192 - INFO - 🎯 IGDB Match: 'The Sims 4: The Daring Lifestyle Bundle' (99%)
2026-05-23 17:33:43,200 - INFO - 📅 Fetching Basic Metadata: Dodo Peak
2026-05-23 17:33:43,321 - INFO - 🎯 IGDB Match: 'Dodo Peak' (100%)
2026-05-23 17:33:43,327 - INFO - 📅 Fetching Basic Metadata: Spelldrifter
2026-05-23 17:33:43,448 - INFO - 🎯 IGDB Match: 'Spelldrifter' (100%)
2026-05-23 17:33:43,454 - INFO - 📅 Fetching Basic Metadata: Model Builder
2026-05-23 17:33:43,602 - INFO - 🎯 IGDB Match: 'Model Builder' (100%)
2026-05-23 17:33:43,609 - INFO - 📅 Fetching Basic Metadata: Godlike Burger
2026-05-23 17:33:43,886 - INFO - 🎯 IGDB Match: 'Godlike Burger' (100%)
2026-05-23 17:33:43,892 - INFO - 📅 Fetching Basic Metadata: Q.U.B.E. Ultimate Bundle
2026-05-23 17:33:44,165 - INFO - 🎯 IGDB Match: 'Q.U.B.E. Ultimate Bundle' (100%)
2026-05-23 17:33:44,172 - INFO - 📅 Fetching Basic Metadata: Jitsu Squad
2026-05-23 17:33:44,514 - INFO - 🎯 IGDB Match: 'Jitsu Squad' (100%)
2026-05-23 17:33:44,520 - INFO - 📅 Fetching Basic Metadata: Mighty Fight Federation
2026-05-23 17:33:44,634 - INFO - 🎯 IGDB Match: 'Mighty Fight Federation' (100%)
2026-05-23 17:33:44,643 - INFO - 📅 Fetching Basic Metadata: LOVE
2026-05-23 17:33:44,779 - INFO - 🎯 IGDB Match: 'Love Love Love' (90%)
2026-05-23 17:33:44,786 - INFO - 📅 Fetching Basic Metadata: Call of The Wild: The Angler
2026-05-23 17:33:45,148 - INFO - 🎯 IGDB Match: 'Call of the Wild: The Angler' (100%)
2026-05-23 17:33:45,156 - INFO - 📅 Fetching Basic Metadata: The Falconeer
2026-05-23 17:33:45,267 - INFO - 🎯 IGDB Match: 'The Falconeer: The Hunter' (90%)
2026-05-23 17:33:45,274 - INFO - 📅 Fetching Basic Metadata: Rawmen: Food Fighter Arena
2026-05-23 17:33:45,454 - INFO - 🎯 IGDB Match: 'Rawmen' (90%)
2026-05-23 17:33:45,461 - INFO - 📅 Fetching Basic Metadata: World of Warships – Starter Pack: Albany
2026-05-23 17:33:45,613 - INFO - 📅 Fetching Basic Metadata: Fallout Classic Edition
2026-05-23 17:33:45,871 - INFO - 📅 Fetching Basic Metadata: Outliver: Tribulation
2026-05-23 17:33:46,209 - INFO - 🎯 IGDB Match: 'Outliver: Tribulation' (100%)
2026-05-23 17:33:46,216 - INFO - 📅 Fetching Basic Metadata: Bus Simulator 21 Next Stop
2026-05-23 17:33:46,430 - INFO - 🎯 IGDB Match: 'Bus Simulator 21: Next Stop' (98%)
2026-05-23 17:33:46,438 - INFO - 📅 Fetching Basic Metadata: Turmoil
2026-05-23 17:33:46,694 - INFO - 🎯 IGDB Match: 'Turmoil' (100%)
2026-05-23 17:33:46,701 - INFO - 📅 Fetching Basic Metadata: World War Z Aftermath
2026-05-23 17:33:46,819 - INFO - 🎯 IGDB Match: 'World War Z: Aftermath' (98%)
2026-05-23 17:33:46,826 - INFO - 📅 Fetching Basic Metadata: World Of Warships – Anniversary Party Flavor
2026-05-23 17:33:46,961 - INFO - 📅 Fetching Basic Metadata: Neko Ghost, Jump!
2026-05-23 17:33:47,086 - INFO - 🎯 IGDB Match: 'Neko Ghost, Jump!' (100%)
2026-05-23 17:33:47,093 - INFO - 📅 Fetching Basic Metadata: Super Space Club
2026-05-23 17:33:47,250 - INFO - 🎯 IGDB Match: 'Super Space Club' (100%)
2026-05-23 17:33:47,256 - INFO - 📅 Fetching Basic Metadata: Touch Type Tale
2026-05-23 17:33:47,468 - INFO - 🎯 IGDB Match: 'Touch Type Tale' (100%)
2026-05-23 17:33:47,475 - INFO - 📅 Fetching Basic Metadata: Gigapocalypse
2026-05-23 17:33:47,687 - INFO - 🎯 IGDB Match: 'Gigapocalypse' (100%)
2026-05-23 17:33:47,695 - INFO - 📅 Fetching Basic Metadata: Legion TD2
2026-05-23 17:33:47,847 - INFO - 📅 Fetching Basic Metadata: Nightingale
2026-05-23 17:33:48,067 - INFO - 🎯 IGDB Match: 'Nightingale' (100%)
2026-05-23 17:33:48,075 - INFO - 📅 Fetching Basic Metadata: Godzilla Voxel Wars
2026-05-23 17:33:48,194 - INFO - 🎯 IGDB Match: 'Godzilla Voxel Wars' (100%)
2026-05-23 17:33:48,202 - INFO - 📅 Fetching Basic Metadata: Trine Classic Collection
2026-05-23 17:33:48,361 - INFO - 🎯 IGDB Match: 'Trine Classic Collection' (100%)
2026-05-23 17:33:48,368 - INFO - 📅 Fetching Basic Metadata: Poison Retro Set
2026-05-23 17:33:48,518 - INFO - 🎯 IGDB Match: 'Pixel Gun 3D: Poison Retro Set' (90%)
2026-05-23 17:33:48,525 - INFO - 📅 Fetching Basic Metadata: The Darkside Detective A Fumble in the Dark
2026-05-23 17:33:48,677 - INFO - 🎯 IGDB Match: 'The Darkside Detective: A Fumble in the Dark' (99%)
2026-05-23 17:33:48,683 - INFO - 📅 Fetching Basic Metadata: Return to Ash
2026-05-23 17:33:48,926 - INFO - 🎯 IGDB Match: 'Return to Ash' (100%)
2026-05-23 17:33:48,932 - INFO - 🏢 Publisher Search: STALCRAFT: X Starter Edition
2026-05-23 17:33:50,323 - INFO - 📅 Fetching Basic Metadata: STALCRAFT: X Starter Edition
2026-05-23 17:33:50,686 - INFO - 📅 Fetching Basic Metadata: Boxes: Lost Fragments
2026-05-23 17:33:51,022 - INFO - 🎯 IGDB Match: 'Boxes: Lost Fragments' (100%)
2026-05-23 17:33:51,028 - INFO - 📅 Fetching Basic Metadata: My Night Job
2026-05-23 17:33:51,137 - INFO - 🎯 IGDB Match: 'My Night Job' (100%)
2026-05-23 17:33:51,153 - INFO - 📅 Fetching Basic Metadata: Electrician Simulator
2026-05-23 17:33:51,409 - INFO - 🎯 IGDB Match: 'Electrician Simulator' (100%)
2026-05-23 17:33:51,415 - INFO - 🏢 Publisher Search: World of Warships — Epic Anniversary Tachibana Pack
2026-05-23 17:33:52,748 - INFO - 📅 Fetching Basic Metadata: World of Warships — Epic Anniversary Tachibana Pack
2026-05-23 17:33:52,976 - INFO - 📅 Fetching Basic Metadata: Hyper Echelon
2026-05-23 17:33:53,218 - INFO - 🎯 IGDB Match: 'Hyper Echelon' (100%)
2026-05-23 17:33:53,224 - INFO - 📅 Fetching Basic Metadata: Havendock
2026-05-23 17:33:53,499 - INFO - 🎯 IGDB Match: 'Havendock' (100%)
2026-05-23 17:33:53,505 - INFO - 📅 Fetching Basic Metadata: Clone Drone in the Danger Zone
2026-05-23 17:33:53,749 - INFO - 🎯 IGDB Match: 'Clone Drone in the Danger Zone' (100%)
2026-05-23 17:33:53,756 - INFO - 🏢 Publisher Search: TOMAK: Save the Earth Regeneration
2026-05-23 17:33:55,131 - INFO - 📅 Fetching Basic Metadata: TOMAK: Save the Earth Regeneration
2026-05-23 17:33:55,248 - INFO - 🎯 IGDB Match: 'Tomak: Save the Earth Regeneration' (100%)
2026-05-23 17:33:55,254 - INFO - 📅 Fetching Basic Metadata: Prop Sumo
2026-05-23 17:33:55,517 - INFO - 🎯 IGDB Match: 'Prop Sumo' (100%)
2026-05-23 17:33:55,524 - INFO - 📅 Fetching Basic Metadata: The Stone of Madness
2026-05-23 17:33:55,794 - INFO - 🎯 IGDB Match: 'The Stone of Madness' (100%)
2026-05-23 17:33:55,800 - INFO - 📅 Fetching Basic Metadata: Firestone Online Idle RPG
2026-05-23 17:33:55,944 - INFO - 🎯 IGDB Match: 'Firestone: Online Idle RPG' (98%)
2026-05-23 17:33:55,950 - INFO - 📅 Fetching Basic Metadata: Oddsparks: An Automation Adventure
2026-05-23 17:33:56,191 - INFO - 🎯 IGDB Match: 'Oddsparks: An Automation Adventure' (100%)
2026-05-23 17:33:56,198 - INFO - 📅 Fetching Basic Metadata: Trash Goblin
2026-05-23 17:33:56,322 - INFO - 🎯 IGDB Match: 'Trash Goblin' (100%)
2026-05-23 17:33:56,328 - INFO - 🏢 Publisher Search: The Telltale Batman Shadows Edition
2026-05-23 17:33:57,740 - INFO - 📅 Fetching Basic Metadata: The Telltale Batman Shadows Edition
2026-05-23 17:33:57,944 - INFO - 🎯 IGDB Match: 'Telltale Batman Shadows Edition' (95%)
2026-05-23 17:33:57,950 - INFO - 🏢 Publisher Search: Sunderfolk - Standard Edition
2026-05-23 17:33:59,273 - INFO - 📅 Fetching Basic Metadata: Sunderfolk - Standard Edition
2026-05-23 17:33:59,514 - INFO - 📅 Fetching Basic Metadata: Down in Bermuda
2026-05-23 17:33:59,729 - INFO - 🎯 IGDB Match: 'Down in Bermuda' (100%)
2026-05-23 17:33:59,735 - INFO - 📅 Fetching Basic Metadata: Tomb Raider I-III Remastered Starring Lara Croft
2026-05-23 17:33:59,856 - INFO - 
--- Starting Data Quality Checks ---
2026-05-23 17:33:59,869 - INFO - --- Data Quality Checks Complete ---

2026-05-23 17:33:59,899 - INFO - | Metric | Statistics |
| :--- | :--- |
| 💰 **Total Market Value** | **$12,993.15** |
| 📦 **Total Games Collected** | 674 |
| 🏷️ **Average Retail Price** | $22.38 per game |
| 💎 **Most Expensive Title** | Civilization 6 Platinum Edition ($79.99) |
| 👑 **MVP Publisher** | Bethesda Softworks |
| 🏢 **Value Leaders** | 2K ($579.90), Bethesda Softworks ($544.80), Paradox Interactive ($409.89) |
| 📈 **Inflation-Adjusted Value** | $14,790.39 |
| 🎈 **Inflation Bonus** | **+$1,797.24** in purchasing power |
| 🗓️ **Peak Saving Month** | 🎄 **Seasonality Peak:** December is historically the best month, offering $3,388.17 in savings. |
| ⭐ **Average Score** | 76.8/100 |
| 💳 **Subscription Equivalent** | **$169.47 / mo** |
| 🎯 **Prestige Ratio** | **1.9%** (Strategic Hype) |
| 🏎️ **Lead Time Avg** | 447 Days to Sequel |

2026-05-23 17:33:59,900 - INFO - ✅ README.md updated.
2026-05-23 17:33:59,924 - INFO - Using categorical units to plot a list of strings that are all parsable as floats or dates. If these strings should be plotted as numbers, cast to the appropriate data type before plotting.
2026-05-23 17:33:59,925 - INFO - Using categorical units to plot a list of strings that are all parsable as floats or dates. If these strings should be plotted as numbers, cast to the appropriate data type before plotting.
2026-05-23 17:34:05,106 - INFO - 📈 All charts generated successfully.
