2026-01-23 10:49:54,677 - INFO - No new games found.
2026-01-23 10:49:54,955 - INFO - No new games found.
2026-01-23 10:49:54,967 - INFO - Rows missing price: 0
2026-01-23 10:49:54,967 - INFO - No missing prices — nothing to fetch.
2026-01-23 10:49:54,967 - INFO - 
--- Starting Data Quality Checks ---
2026-01-23 10:49:54,968 - INFO - ✅ Success: All games have titles.
2026-01-23 10:49:54,971 - INFO - ✅ Success: No duplicate giveaway instances found.
2026-01-23 10:49:54,972 - WARNING - ⚠️  PRICE WARNING: 15 games have a price of $0.0 or None.
2026-01-23 10:49:54,972 - WARNING - Sample missing: ['3 out of 10: Season One', '3 out of 10: Season Two', 'Tiny Tina\x92s Assault on Dragon Keep: A Wonderlands One-Shot Adventure']
2026-01-23 10:49:54,975 - INFO - --- Data Quality Checks Complete ---

2026-01-23 10:49:54,979 - INFO - ✅ Update complete: Data scraped, enriched, and validated.
2026-01-23 10:49:54,980 - INFO - 
--- 📊 PORTFOLIO SUMMARY ---
Total Games Collected: 659
Total Market Value: $14,832.99
Average Game Price: $22.51
Most Valuable Game: Civilization 6 Platinum Edition ($79.99)
----------------------------
2026-01-23 10:49:54,986 - INFO - ✅ README.md updated with live stats.
2026-01-23 10:55:56,635 - INFO - No new games found.
2026-01-23 10:55:56,925 - INFO - No new games found.
2026-01-23 10:55:56,926 - INFO - Rows missing price: 0
2026-01-23 10:55:56,926 - INFO - No missing prices — nothing to fetch.
2026-01-23 10:55:56,926 - INFO - 
--- Starting Data Quality Checks ---
2026-01-23 10:55:56,927 - INFO - ✅ Success: All games have titles.
2026-01-23 10:55:56,928 - INFO - ✅ Success: No duplicate giveaway instances found.
2026-01-23 10:55:56,928 - WARNING - ⚠️  PRICE WARNING: 15 games have a price of $0.0 or None.
2026-01-23 10:55:56,928 - WARNING - Sample missing: ['3 out of 10: Season One', '3 out of 10: Season Two', 'Tiny Tina\x92s Assault on Dragon Keep: A Wonderlands One-Shot Adventure']
2026-01-23 10:55:56,932 - INFO - --- Data Quality Checks Complete ---

2026-01-23 10:55:56,935 - INFO - ✅ Update complete: Data scraped, enriched, and validated.
2026-01-23 10:55:56,935 - INFO - 
--- 📊 PORTFOLIO SUMMARY ---
Total Games Collected: 659
Total Market Value: $14,832.99
Average Game Price: $22.51
Most Valuable Game: Civilization 6 Platinum Edition ($79.99)
----------------------------
2026-01-23 10:55:56,940 - INFO - ✅ README.md updated with live stats.
2026-01-23 10:58:05,970 - INFO - No new games found.
2026-01-23 10:58:06,270 - INFO - No new games found.
2026-01-23 10:58:06,271 - INFO - Rows missing price: 0
2026-01-23 10:58:06,272 - INFO - No missing prices — nothing to fetch.
2026-01-23 10:58:06,272 - INFO - 
--- Starting Data Quality Checks ---
2026-01-23 10:58:06,272 - INFO - ✅ Success: All games have titles.
2026-01-23 10:58:06,273 - INFO - ✅ Success: No duplicate giveaway instances found.
2026-01-23 10:58:06,273 - WARNING - ⚠️  PRICE WARNING: 15 games have a price of $0.0 or None.
2026-01-23 10:58:06,273 - WARNING - Sample missing: ['3 out of 10: Season One', '3 out of 10: Season Two', 'Tiny Tina\x92s Assault on Dragon Keep: A Wonderlands One-Shot Adventure']
2026-01-23 10:58:06,276 - INFO - --- Data Quality Checks Complete ---

2026-01-23 10:58:06,279 - INFO - ✅ Update complete: Data scraped, enriched, and validated.
2026-01-23 10:58:06,279 - INFO - 
--- 📊 PORTFOLIO SUMMARY ---
Total Games Collected: 659
Total Market Value: $14,832.99
Average Game Price: $22.51
Most Valuable Game: Civilization 6 Platinum Edition ($79.99)
----------------------------
2026-01-23 10:58:06,280 - INFO - ✅ README.md updated with live stats.
2026-01-23 11:02:56,984 - INFO - No new games found.
2026-01-23 11:02:57,303 - INFO - No new games found.
2026-01-23 11:02:57,305 - INFO - Rows missing price: 0
2026-01-23 11:02:57,305 - INFO - No missing prices — nothing to fetch.
2026-01-23 11:02:57,305 - INFO - 
--- Starting Data Quality Checks ---
2026-01-23 11:02:57,306 - INFO - ✅ Success: All games have titles.
2026-01-23 11:02:57,307 - INFO - ✅ Success: No duplicate giveaway instances found.
2026-01-23 11:02:57,307 - WARNING - ⚠️  PRICE WARNING: 15 games have a price of $0.0 or None.
2026-01-23 11:02:57,308 - WARNING - Sample missing: ['3 out of 10: Season One', '3 out of 10: Season Two', 'Tiny Tina\x92s Assault on Dragon Keep: A Wonderlands One-Shot Adventure']
2026-01-23 11:02:57,311 - INFO - --- Data Quality Checks Complete ---

2026-01-23 11:02:57,314 - INFO - ✅ Update complete: Data scraped, enriched, and validated.
2026-01-23 11:02:57,314 - INFO - 
Total Games Collected: 659
Total Market Value: $14,832.99
Average Game Price: $22.51
Most Valuable Game: Civilization 6 Platinum Edition ($79.99)
----------------------------
2026-01-23 11:02:57,315 - INFO - ✅ README.md updated with live stats.
2026-01-23 11:05:53,502 - INFO - No new games found.
2026-01-23 11:05:53,789 - INFO - No new games found.
2026-01-23 11:05:53,791 - INFO - Rows missing price: 0
2026-01-23 11:05:53,791 - INFO - No missing prices — nothing to fetch.
2026-01-23 11:05:53,792 - INFO - 
--- Starting Data Quality Checks ---
2026-01-23 11:05:53,792 - INFO - ✅ Success: All games have titles.
2026-01-23 11:05:53,793 - INFO - ✅ Success: No duplicate giveaway instances found.
2026-01-23 11:05:53,793 - WARNING - ⚠️  PRICE WARNING: 15 games have a price of $0.0 or None.
2026-01-23 11:05:53,794 - WARNING - Sample missing: ['3 out of 10: Season One', '3 out of 10: Season Two', 'Tiny Tina\x92s Assault on Dragon Keep: A Wonderlands One-Shot Adventure']
2026-01-23 11:05:53,797 - INFO - --- Data Quality Checks Complete ---

2026-01-23 11:05:53,799 - INFO - ✅ Update complete: Data scraped, enriched, and validated.
2026-01-23 11:05:53,800 - INFO - 
Total Games Collected: 659
Total Market Value: $14,832.99
Average Game Price: $22.51
Most Valuable Game: Civilization 6 Platinum Edition ($79.99)
----------------------------
2026-01-23 11:05:53,800 - INFO - ✅ README.md updated with live stats.
2026-01-23 11:06:08,591 - INFO - No new games found.
2026-01-23 11:06:08,914 - INFO - No new games found.
2026-01-23 11:06:08,915 - INFO - Rows missing price: 0
2026-01-23 11:06:08,915 - INFO - No missing prices — nothing to fetch.
2026-01-23 11:06:08,915 - INFO - 
--- Starting Data Quality Checks ---
2026-01-23 11:06:08,916 - INFO - ✅ Success: All games have titles.
2026-01-23 11:06:08,917 - INFO - ✅ Success: No duplicate giveaway instances found.
2026-01-23 11:06:08,917 - WARNING - ⚠️  PRICE WARNING: 15 games have a price of $0.0 or None.
2026-01-23 11:06:08,918 - WARNING - Sample missing: ['3 out of 10: Season One', '3 out of 10: Season Two', 'Tiny Tina\x92s Assault on Dragon Keep: A Wonderlands One-Shot Adventure']
2026-01-23 11:06:08,922 - INFO - --- Data Quality Checks Complete ---

2026-01-23 11:06:08,928 - INFO - ✅ Update complete: Data scraped, enriched, and validated.
2026-01-23 11:06:08,928 - INFO - | Metric | Statistics |
| :--- | :--- |
| 💰 **Total Market Value** | $14,832.99 |
| 📦 **Total Games Collected** | 659 |
| 📉 **Average Game Price** | $22.51 |
| 🏆 **Most Valuable Game** | Civilization 6 Platinum Edition ($79.99) |
2026-01-23 11:06:08,929 - INFO - ✅ README.md updated with live stats.
2026-01-23 11:20:22,574 - INFO - No new games found.
2026-01-23 11:20:22,995 - INFO - No new games found.
2026-01-23 11:20:22,997 - INFO - Rows missing price: 0
2026-01-23 11:20:22,997 - INFO - No missing prices — nothing to fetch.
2026-01-23 11:20:22,997 - INFO - 
--- Starting Data Quality Checks ---
2026-01-23 11:20:22,998 - INFO - ✅ Success: All games have titles.
2026-01-23 11:20:22,999 - INFO - ✅ Success: No duplicate giveaway instances found.
2026-01-23 11:20:22,999 - WARNING - ⚠️  PRICE WARNING: 15 games have a price of $0.0 or None.
2026-01-23 11:20:23,000 - WARNING - Sample missing: ['3 out of 10: Season One', '3 out of 10: Season Two', 'Tiny Tina\x92s Assault on Dragon Keep: A Wonderlands One-Shot Adventure']
2026-01-23 11:20:23,003 - INFO - --- Data Quality Checks Complete ---

2026-01-23 11:20:23,006 - INFO - ✅ Update complete: Data scraped, enriched, and validated.
2026-01-23 11:20:23,007 - INFO - | Metric | Statistics |
| :--- | :--- |
| 💰 **Total Market Value** | $14,832.99 |
| 📦 **Total Games Collected** | 659 |
| 📉 **Average Game Price** | $22.51 |
| 🏆 **Most Valuable Game** | Civilization 6 Platinum Edition ($79.99) |
2026-01-23 11:20:23,007 - INFO - ✅ README.md updated with live stats.
2026-01-23 11:20:23,025 - ERROR - ❌ Failed to generate chart: 'utf-8' codec can't decode byte 0x92 in position 11974: invalid start byte
2026-01-23 11:21:21,035 - INFO - No new games found.
2026-01-23 11:21:21,322 - INFO - No new games found.
2026-01-23 11:21:21,323 - INFO - Rows missing price: 0
2026-01-23 11:21:21,324 - INFO - No missing prices — nothing to fetch.
2026-01-23 11:21:21,324 - INFO - 
--- Starting Data Quality Checks ---
2026-01-23 11:21:21,324 - INFO - ✅ Success: All games have titles.
2026-01-23 11:21:21,325 - INFO - ✅ Success: No duplicate giveaway instances found.
2026-01-23 11:21:21,326 - WARNING - ⚠️  PRICE WARNING: 15 games have a price of $0.0 or None.
2026-01-23 11:21:21,326 - WARNING - Sample missing: ['3 out of 10: Season One', '3 out of 10: Season Two', 'Tiny Tina\x92s Assault on Dragon Keep: A Wonderlands One-Shot Adventure']
2026-01-23 11:21:21,330 - INFO - --- Data Quality Checks Complete ---

2026-01-23 11:21:21,332 - INFO - ✅ Update complete: Data scraped, enriched, and validated.
2026-01-23 11:21:21,333 - INFO - | Metric | Statistics |
| :--- | :--- |
| 💰 **Total Market Value** | $14,832.99 |
| 📦 **Total Games Collected** | 659 |
| 📉 **Average Game Price** | $22.51 |
| 🏆 **Most Valuable Game** | Civilization 6 Platinum Edition ($79.99) |
2026-01-23 11:21:21,334 - INFO - ✅ README.md updated with live stats.
2026-01-23 11:21:21,343 - ERROR - ❌ Failed to generate chart: time data "28-12-2018" doesn't match format "%m-%d-%Y", at position 1. You might want to try:
    - passing `format` if your strings have a consistent format;
    - passing `format='ISO8601'` if your strings are all ISO8601 but not necessarily in exactly the same format;
    - passing `format='mixed'`, and the format will be inferred for each element individually. You might want to use `dayfirst` alongside this.
2026-01-23 11:22:40,031 - INFO - No new games found.
2026-01-23 11:22:40,315 - INFO - No new games found.
2026-01-23 11:22:40,317 - INFO - Rows missing price: 0
2026-01-23 11:22:40,317 - INFO - No missing prices — nothing to fetch.
2026-01-23 11:22:40,317 - INFO - 
--- Starting Data Quality Checks ---
2026-01-23 11:22:40,318 - INFO - ✅ Success: All games have titles.
2026-01-23 11:22:40,319 - INFO - ✅ Success: No duplicate giveaway instances found.
2026-01-23 11:22:40,319 - WARNING - ⚠️  PRICE WARNING: 15 games have a price of $0.0 or None.
2026-01-23 11:22:40,319 - WARNING - Sample missing: ['3 out of 10: Season One', '3 out of 10: Season Two', 'Tiny Tina\x92s Assault on Dragon Keep: A Wonderlands One-Shot Adventure']
2026-01-23 11:22:40,323 - INFO - --- Data Quality Checks Complete ---

2026-01-23 11:22:40,325 - INFO - ✅ Update complete: Data scraped, enriched, and validated.
2026-01-23 11:22:40,326 - INFO - | Metric | Statistics |
| :--- | :--- |
| 💰 **Total Market Value** | $14,832.99 |
| 📦 **Total Games Collected** | 659 |
| 📉 **Average Game Price** | $22.51 |
| 🏆 **Most Valuable Game** | Civilization 6 Platinum Edition ($79.99) |
2026-01-23 11:22:40,327 - INFO - ✅ README.md updated with live stats.
2026-01-23 11:22:40,733 - INFO - 📈 Savings chart generated successfully.
2026-01-23 11:30:41,992 - INFO - Added 1 new games!
2026-01-23 11:30:42,239 - INFO - No new games found.
2026-01-23 11:30:42,241 - INFO - Rows missing price: 1
2026-01-23 11:30:42,253 - INFO - Saved CSV with newly fetched prices.
2026-01-23 11:30:42,253 - INFO - 
--- Starting Data Quality Checks ---
2026-01-23 11:30:42,253 - INFO - ✅ Success: All games have titles.
2026-01-23 11:30:42,254 - INFO - ✅ Success: No duplicate giveaway instances found.
2026-01-23 11:30:42,254 - WARNING - ⚠️  PRICE WARNING: 15 games have a price of $0.0 or None.
2026-01-23 11:30:42,255 - WARNING - Sample missing: ['3 out of 10: Season One', '3 out of 10: Season Two', 'Tiny Tina\x92s Assault on Dragon Keep: A Wonderlands One-Shot Adventure']
2026-01-23 11:30:42,257 - INFO - --- Data Quality Checks Complete ---

2026-01-23 11:30:42,258 - INFO - ✅ Update complete: Data scraped, enriched, and validated.
2026-01-23 11:30:42,259 - INFO - | Metric | Statistics |
| :--- | :--- |
| 💰 **Total Market Value** | $14,832.99 |
| 📦 **Total Games Collected** | 659 |
| 📉 **Average Game Price** | $22.51 |
| 🏆 **Most Valuable Game** | Civilization 6 Platinum Edition ($79.99) |
2026-01-23 11:30:42,260 - INFO - ✅ README.md updated with live stats.
2026-01-23 11:30:42,526 - INFO - 📈 Savings chart generated successfully.
