2026-05-12 18:22:11,877 - INFO - Failed to extract font properties from /usr/share/fonts/truetype/noto/NotoColorEmoji.ttf: Can not load face (unknown file format; error code 0x2)
2026-05-12 18:22:12,059 - INFO - generated new fontManager
2026-05-12 18:22:12,608 - INFO - ✅ Migration Successful!
2026-05-12 18:22:12,832 - INFO - No new games found.
2026-05-12 18:22:13,400 - INFO - 🔍 Found 594 games needing metadata. Starting IGDB + Steam + CheapShark enrichment...
2026-05-12 18:22:13,891 - INFO - 📅 Fetching Basic Metadata: LEGO Batman Trilogy
2026-05-12 18:22:14,280 - INFO - 🎯 IGDB Match: 'LEGO Batman Trilogy' (100%)
2026-05-12 18:22:14,308 - INFO - 📅 Fetching Basic Metadata: Antstream
2026-05-12 18:22:14,531 - INFO - 📅 Fetching Basic Metadata: The Drone Racing League Simulator
2026-05-12 18:22:14,665 - INFO - 🎯 IGDB Match: 'The Drone Racing League Simulator' (100%)
2026-05-12 18:22:14,673 - INFO - 📅 Fetching Basic Metadata: Dark Deity
2026-05-12 18:22:14,865 - INFO - 🎯 IGDB Match: 'Dark Deity' (100%)
2026-05-12 18:22:14,871 - INFO - 📅 Fetching Basic Metadata: RPG in a Box
2026-05-12 18:22:15,082 - INFO - 🎯 IGDB Match: 'RPG in a Box' (100%)
2026-05-12 18:22:15,089 - INFO - 📅 Fetching Basic Metadata: Fallout Classic Collection
2026-05-12 18:22:15,253 - INFO - 🎯 IGDB Match: 'Fallout Classic Collection' (100%)
2026-05-12 18:22:15,262 - INFO - 📅 Fetching Basic Metadata: Recipe for Disaster
2026-05-12 18:22:15,396 - INFO - 🎯 IGDB Match: 'Recipe For Disaster' (100%)
2026-05-12 18:22:15,403 - INFO - 📅 Fetching Basic Metadata: World of Warships — Starter Pack: Ishizuchi
2026-05-12 18:22:15,594 - INFO - 🎯 IGDB Match: 'World of Warships: Starter Pack - Ishizuchi' (98%)
2026-05-12 18:22:15,601 - INFO - 📅 Fetching Basic Metadata: Poker Club
2026-05-12 18:22:15,745 - INFO - 🎯 IGDB Match: 'Poker Club' (100%)
2026-05-12 18:22:15,751 - INFO - 📅 Fetching Basic Metadata: The Sims 4 The Daring Lifestyle Bundle
2026-05-12 18:22:15,943 - INFO - 🎯 IGDB Match: 'The Sims 4: The Daring Lifestyle Bundle' (99%)
2026-05-12 18:22:15,951 - INFO - 📅 Fetching Basic Metadata: Dodo Peak
2026-05-12 18:22:16,084 - INFO - 🎯 IGDB Match: 'Dodo Peak' (100%)
2026-05-12 18:22:16,091 - INFO - 📅 Fetching Basic Metadata: Spelldrifter
2026-05-12 18:22:16,253 - INFO - 🎯 IGDB Match: 'Spelldrifter' (100%)
2026-05-12 18:22:16,260 - INFO - 📅 Fetching Basic Metadata: Model Builder
2026-05-12 18:22:16,482 - INFO - 🎯 IGDB Match: 'Model Builder' (100%)
2026-05-12 18:22:16,489 - INFO - 📅 Fetching Basic Metadata: Godlike Burger
2026-05-12 18:22:16,687 - INFO - 🎯 IGDB Match: 'Godlike Burger' (100%)
2026-05-12 18:22:16,693 - INFO - 📅 Fetching Basic Metadata: Q.U.B.E. Ultimate Bundle
2026-05-12 18:22:16,816 - INFO - 🎯 IGDB Match: 'Q.U.B.E. Ultimate Bundle' (100%)
2026-05-12 18:22:16,823 - INFO - 📅 Fetching Basic Metadata: Jitsu Squad
2026-05-12 18:22:17,018 - INFO - 🎯 IGDB Match: 'Jitsu Squad' (100%)
2026-05-12 18:22:17,025 - INFO - 📅 Fetching Basic Metadata: Mighty Fight Federation
2026-05-12 18:22:17,218 - INFO - 🎯 IGDB Match: 'Mighty Fight Federation' (100%)
2026-05-12 18:22:17,227 - INFO - 📅 Fetching Basic Metadata: LOVE
2026-05-12 18:22:17,553 - INFO - 🎯 IGDB Match: 'Love Love Love' (90%)
2026-05-12 18:22:17,561 - INFO - 📅 Fetching Basic Metadata: Call of The Wild: The Angler
2026-05-12 18:22:17,778 - INFO - 🎯 IGDB Match: 'Call of the Wild: The Angler' (100%)
2026-05-12 18:22:17,787 - INFO - 📅 Fetching Basic Metadata: The Falconeer
2026-05-12 18:22:18,033 - INFO - 🎯 IGDB Match: 'The Falconeer: The Hunter' (90%)
2026-05-12 18:22:18,040 - INFO - 📅 Fetching Basic Metadata: Rawmen: Food Fighter Arena
2026-05-12 18:22:18,160 - INFO - 🎯 IGDB Match: 'Rawmen' (90%)
2026-05-12 18:22:18,167 - INFO - 📅 Fetching Basic Metadata: World of Warships – Starter Pack: Albany
2026-05-12 18:22:18,292 - INFO - 📅 Fetching Basic Metadata: Fallout Classic Edition
2026-05-12 18:22:18,419 - INFO - 📅 Fetching Basic Metadata: Outliver: Tribulation
2026-05-12 18:22:18,535 - INFO - 🎯 IGDB Match: 'Outliver: Tribulation' (100%)
2026-05-12 18:22:18,543 - INFO - 📅 Fetching Basic Metadata: Bus Simulator 21 Next Stop
2026-05-12 18:22:18,748 - INFO - 🎯 IGDB Match: 'Bus Simulator 21: Next Stop' (98%)
2026-05-12 18:22:18,756 - INFO - 📅 Fetching Basic Metadata: Turmoil
2026-05-12 18:22:18,874 - INFO - 🎯 IGDB Match: 'Turmoil' (100%)
2026-05-12 18:22:18,881 - INFO - 📅 Fetching Basic Metadata: World War Z Aftermath
2026-05-12 18:22:19,001 - INFO - 🎯 IGDB Match: 'World War Z: Aftermath' (98%)
2026-05-12 18:22:19,007 - INFO - 📅 Fetching Basic Metadata: World Of Warships – Anniversary Party Flavor
2026-05-12 18:22:19,430 - INFO - 📅 Fetching Basic Metadata: Neko Ghost, Jump!
2026-05-12 18:22:19,566 - INFO - 🎯 IGDB Match: 'Neko Ghost, Jump!' (100%)
2026-05-12 18:22:19,573 - INFO - 📅 Fetching Basic Metadata: Super Space Club
2026-05-12 18:22:19,687 - INFO - 🎯 IGDB Match: 'Super Space Club' (100%)
2026-05-12 18:22:19,694 - INFO - 📅 Fetching Basic Metadata: Touch Type Tale
2026-05-12 18:22:19,810 - INFO - 🎯 IGDB Match: 'Touch Type Tale' (100%)
2026-05-12 18:22:19,817 - INFO - 📅 Fetching Basic Metadata: Gigapocalypse
2026-05-12 18:22:19,919 - WARNING - IGDB Error for Gigapocalypse: string indices must be integers, not 'str'
2026-05-12 18:22:19,928 - INFO - 📅 Fetching Basic Metadata: Legion TD2
2026-05-12 18:22:20,037 - WARNING - IGDB Error for Legion TD2: string indices must be integers, not 'str'
2026-05-12 18:22:20,046 - INFO - 📅 Fetching Basic Metadata: Nightingale
2026-05-12 18:22:20,221 - WARNING - IGDB Error for Nightingale: string indices must be integers, not 'str'
2026-05-12 18:22:20,229 - INFO - 📅 Fetching Basic Metadata: Godzilla Voxel Wars
2026-05-12 18:22:20,366 - INFO - 🎯 IGDB Match: 'Godzilla Voxel Wars' (100%)
2026-05-12 18:22:20,375 - INFO - 📅 Fetching Basic Metadata: Trine Classic Collection
2026-05-12 18:22:20,528 - WARNING - IGDB Error for Trine Classic Collection: string indices must be integers, not 'str'
2026-05-12 18:22:20,536 - INFO - 📅 Fetching Basic Metadata: Poison Retro Set
2026-05-12 18:22:20,637 - WARNING - IGDB Error for Poison Retro Set: string indices must be integers, not 'str'
2026-05-12 18:22:20,643 - INFO - 📅 Fetching Basic Metadata: The Darkside Detective A Fumble in the Dark
2026-05-12 18:22:20,770 - INFO - 🎯 IGDB Match: 'The Darkside Detective: A Fumble in the Dark' (99%)
2026-05-12 18:22:20,776 - INFO - 📅 Fetching Basic Metadata: Return to Ash
2026-05-12 18:22:20,889 - INFO - 🎯 IGDB Match: 'Return to Ash' (100%)
2026-05-12 18:22:20,895 - INFO - 🏢 Publisher Search: STALCRAFT: X Starter Edition
2026-05-12 18:22:22,523 - INFO - 📅 Fetching Basic Metadata: STALCRAFT: X Starter Edition
2026-05-12 18:22:22,651 - INFO - 📅 Fetching Basic Metadata: Boxes: Lost Fragments
2026-05-12 18:22:22,772 - INFO - 🎯 IGDB Match: 'Boxes: Lost Fragments' (100%)
2026-05-12 18:22:22,778 - INFO - 📅 Fetching Basic Metadata: My Night Job
2026-05-12 18:22:22,899 - INFO - 🎯 IGDB Match: 'My Night Job' (100%)
2026-05-12 18:22:22,905 - INFO - 📅 Fetching Basic Metadata: Electrician Simulator
2026-05-12 18:22:23,028 - INFO - 🎯 IGDB Match: 'Electrician Simulator' (100%)
2026-05-12 18:22:23,034 - INFO - 🏢 Publisher Search: World of Warships — Epic Anniversary Tachibana Pack
2026-05-12 18:22:24,371 - INFO - 📅 Fetching Basic Metadata: World of Warships — Epic Anniversary Tachibana Pack
2026-05-12 18:22:24,493 - INFO - 📅 Fetching Basic Metadata: Hyper Echelon
2026-05-12 18:22:24,743 - INFO - 🎯 IGDB Match: 'Hyper Echelon' (100%)
2026-05-12 18:22:24,749 - INFO - 📅 Fetching Basic Metadata: Havendock
2026-05-12 18:22:25,001 - INFO - 🎯 IGDB Match: 'Havendock' (100%)
2026-05-12 18:22:25,007 - INFO - 📅 Fetching Basic Metadata: Clone Drone in the Danger Zone
2026-05-12 18:22:25,146 - INFO - 🎯 IGDB Match: 'Clone Drone in the Danger Zone' (100%)
2026-05-12 18:22:25,152 - INFO - 🏢 Publisher Search: TOMAK: Save the Earth Regeneration
2026-05-12 18:22:26,531 - INFO - 📅 Fetching Basic Metadata: TOMAK: Save the Earth Regeneration
2026-05-12 18:22:26,784 - INFO - 🎯 IGDB Match: 'Tomak: Save the Earth Regeneration' (100%)
2026-05-12 18:22:26,790 - INFO - 📅 Fetching Basic Metadata: Prop Sumo
2026-05-12 18:22:27,094 - INFO - 🎯 IGDB Match: 'Prop Sumo' (100%)
2026-05-12 18:22:27,100 - INFO - 📅 Fetching Basic Metadata: The Stone of Madness
2026-05-12 18:22:27,222 - INFO - 🎯 IGDB Match: 'The Stone of Madness' (100%)
2026-05-12 18:22:27,228 - INFO - 📅 Fetching Basic Metadata: Firestone Online Idle RPG
2026-05-12 18:22:27,343 - INFO - 🎯 IGDB Match: 'Firestone: Online Idle RPG' (98%)
2026-05-12 18:22:27,349 - INFO - 📅 Fetching Basic Metadata: Oddsparks: An Automation Adventure
2026-05-12 18:22:27,468 - INFO - 🎯 IGDB Match: 'Oddsparks: An Automation Adventure' (100%)
2026-05-12 18:22:27,474 - INFO - 📅 Fetching Basic Metadata: Trash Goblin
2026-05-12 18:22:27,591 - INFO - 🎯 IGDB Match: 'Trash Goblin' (100%)
2026-05-12 18:22:27,602 - INFO - 
--- Starting Data Quality Checks ---
2026-05-12 18:22:27,615 - INFO - --- Data Quality Checks Complete ---

2026-05-12 18:22:27,645 - INFO - | Metric | Statistics |
| :--- | :--- |
| 💰 **Total Market Value** | **$12,893.18** |
| 📦 **Total Games Collected** | 670 |
| 🏷️ **Average Retail Price** | $22.36 per game |
| 💎 **Most Expensive Title** | Civilization 6 Platinum Edition ($79.99) |
| 👑 **MVP Publisher** | Bethesda Softworks |
| 🏢 **Value Leaders** | 2K ($579.90), Bethesda Softworks ($544.80), Paradox Interactive ($409.89) |
| 📈 **Inflation-Adjusted Value** | $14,690.42 |
| 🎈 **Inflation Bonus** | **+$1,797.24** in purchasing power |
| 🗓️ **Peak Saving Month** | 🎄 **Seasonality Peak:** December is historically the best month, offering $3,388.17 in savings. |
| ⭐ **Average Score** | 76.8/100 |
| 💳 **Subscription Equivalent** | **$168.35 / mo** |
| 🎯 **Prestige Ratio** | **1.9%** (Strategic Hype) |
| 🏎️ **Lead Time Avg** | 447 Days to Sequel |

2026-05-12 18:22:27,646 - INFO - ✅ README.md updated.
2026-05-12 18:22:27,670 - INFO - Using categorical units to plot a list of strings that are all parsable as floats or dates. If these strings should be plotted as numbers, cast to the appropriate data type before plotting.
2026-05-12 18:22:27,671 - INFO - Using categorical units to plot a list of strings that are all parsable as floats or dates. If these strings should be plotted as numbers, cast to the appropriate data type before plotting.
2026-05-12 18:22:33,357 - INFO - 📈 All charts generated successfully.
