2026-05-16 17:29:55,753 - INFO - Failed to extract font properties from /usr/share/fonts/truetype/noto/NotoColorEmoji.ttf: Can not load face (unknown file format; error code 0x2)
2026-05-16 17:29:55,780 - INFO - generated new fontManager
2026-05-16 17:29:56,119 - INFO - ✅ Migration Successful!
2026-05-16 17:29:56,239 - INFO - No new games found.
2026-05-16 17:29:56,640 - INFO - 🔍 Found 596 games needing metadata. Starting IGDB + Steam + CheapShark enrichment...
2026-05-16 17:29:56,742 - INFO - 📅 Fetching Basic Metadata: LEGO Batman Trilogy
2026-05-16 17:29:57,046 - INFO - 🎯 IGDB Match: 'LEGO Batman Trilogy' (100%)
2026-05-16 17:29:57,074 - INFO - 📅 Fetching Basic Metadata: Antstream
2026-05-16 17:29:57,241 - INFO - 📅 Fetching Basic Metadata: The Drone Racing League Simulator
2026-05-16 17:29:57,368 - INFO - 🎯 IGDB Match: 'The Drone Racing League Simulator' (100%)
2026-05-16 17:29:57,376 - INFO - 📅 Fetching Basic Metadata: Dark Deity
2026-05-16 17:29:57,504 - INFO - 🎯 IGDB Match: 'Dark Deity' (100%)
2026-05-16 17:29:57,510 - INFO - 📅 Fetching Basic Metadata: RPG in a Box
2026-05-16 17:29:57,652 - INFO - 🎯 IGDB Match: 'RPG in a Box' (100%)
2026-05-16 17:29:57,659 - INFO - 📅 Fetching Basic Metadata: Fallout Classic Collection
2026-05-16 17:29:57,832 - INFO - 🎯 IGDB Match: 'Fallout Classic Collection' (100%)
2026-05-16 17:29:57,841 - INFO - 📅 Fetching Basic Metadata: Recipe for Disaster
2026-05-16 17:29:57,940 - INFO - 🎯 IGDB Match: 'Recipe For Disaster' (100%)
2026-05-16 17:29:57,947 - INFO - 📅 Fetching Basic Metadata: World of Warships — Starter Pack: Ishizuchi
2026-05-16 17:29:58,091 - INFO - 🎯 IGDB Match: 'World of Warships: Starter Pack - Ishizuchi' (98%)
2026-05-16 17:29:58,099 - INFO - 📅 Fetching Basic Metadata: Poker Club
2026-05-16 17:29:58,212 - INFO - 🎯 IGDB Match: 'Poker Club' (100%)
2026-05-16 17:29:58,218 - INFO - 📅 Fetching Basic Metadata: The Sims 4 The Daring Lifestyle Bundle
2026-05-16 17:29:58,417 - INFO - 🎯 IGDB Match: 'The Sims 4: The Daring Lifestyle Bundle' (99%)
2026-05-16 17:29:58,426 - INFO - 📅 Fetching Basic Metadata: Dodo Peak
2026-05-16 17:29:58,516 - INFO - 🎯 IGDB Match: 'Dodo Peak' (100%)
2026-05-16 17:29:58,523 - INFO - 📅 Fetching Basic Metadata: Spelldrifter
2026-05-16 17:29:58,621 - INFO - 🎯 IGDB Match: 'Spelldrifter' (100%)
2026-05-16 17:29:58,628 - INFO - 📅 Fetching Basic Metadata: Model Builder
2026-05-16 17:29:58,749 - INFO - 🎯 IGDB Match: 'Model Builder' (100%)
2026-05-16 17:29:58,756 - INFO - 📅 Fetching Basic Metadata: Godlike Burger
2026-05-16 17:29:58,877 - INFO - 🎯 IGDB Match: 'Godlike Burger' (100%)
2026-05-16 17:29:58,883 - INFO - 📅 Fetching Basic Metadata: Q.U.B.E. Ultimate Bundle
2026-05-16 17:29:59,004 - INFO - 🎯 IGDB Match: 'Q.U.B.E. Ultimate Bundle' (100%)
2026-05-16 17:29:59,012 - INFO - 📅 Fetching Basic Metadata: Jitsu Squad
2026-05-16 17:29:59,147 - INFO - 🎯 IGDB Match: 'Jitsu Squad' (100%)
2026-05-16 17:29:59,153 - INFO - 📅 Fetching Basic Metadata: Mighty Fight Federation
2026-05-16 17:29:59,247 - INFO - 🎯 IGDB Match: 'Mighty Fight Federation' (100%)
2026-05-16 17:29:59,257 - INFO - 📅 Fetching Basic Metadata: LOVE
2026-05-16 17:29:59,415 - INFO - 🎯 IGDB Match: 'Love Love Love' (90%)
2026-05-16 17:29:59,423 - INFO - 📅 Fetching Basic Metadata: Call of The Wild: The Angler
2026-05-16 17:29:59,520 - INFO - 🎯 IGDB Match: 'Call of the Wild: The Angler' (100%)
2026-05-16 17:29:59,528 - INFO - 📅 Fetching Basic Metadata: The Falconeer
2026-05-16 17:29:59,607 - WARNING - IGDB Error for The Falconeer: string indices must be integers, not 'str'
2026-05-16 17:29:59,614 - INFO - 📅 Fetching Basic Metadata: Rawmen: Food Fighter Arena
2026-05-16 17:29:59,743 - WARNING - IGDB Error for Rawmen: Food Fighter Arena: string indices must be integers, not 'str'
2026-05-16 17:29:59,750 - INFO - 📅 Fetching Basic Metadata: World of Warships – Starter Pack: Albany
2026-05-16 17:29:59,829 - WARNING - IGDB Error for World of Warships – Starter Pack: Albany: string indices must be integers, not 'str'
2026-05-16 17:29:59,835 - INFO - 📅 Fetching Basic Metadata: Fallout Classic Edition
2026-05-16 17:29:59,916 - WARNING - IGDB Error for Fallout Classic Edition: string indices must be integers, not 'str'
2026-05-16 17:29:59,924 - INFO - 📅 Fetching Basic Metadata: Outliver: Tribulation
2026-05-16 17:30:00,071 - WARNING - IGDB Error for Outliver: Tribulation: string indices must be integers, not 'str'
2026-05-16 17:30:00,080 - INFO - 📅 Fetching Basic Metadata: Bus Simulator 21 Next Stop
2026-05-16 17:30:00,161 - WARNING - IGDB Error for Bus Simulator 21 Next Stop: string indices must be integers, not 'str'
2026-05-16 17:30:00,169 - INFO - 📅 Fetching Basic Metadata: Turmoil
2026-05-16 17:30:00,250 - WARNING - IGDB Error for Turmoil: string indices must be integers, not 'str'
2026-05-16 17:30:00,257 - INFO - 📅 Fetching Basic Metadata: World War Z Aftermath
2026-05-16 17:30:00,336 - WARNING - IGDB Error for World War Z Aftermath: string indices must be integers, not 'str'
2026-05-16 17:30:00,342 - INFO - 📅 Fetching Basic Metadata: World Of Warships – Anniversary Party Flavor
2026-05-16 17:30:00,429 - WARNING - IGDB Error for World Of Warships – Anniversary Party Flavor: string indices must be integers, not 'str'
2026-05-16 17:30:00,435 - INFO - 📅 Fetching Basic Metadata: Neko Ghost, Jump!
2026-05-16 17:30:00,515 - WARNING - IGDB Error for Neko Ghost, Jump!: string indices must be integers, not 'str'
2026-05-16 17:30:00,522 - INFO - 📅 Fetching Basic Metadata: Super Space Club
2026-05-16 17:30:00,603 - WARNING - IGDB Error for Super Space Club: string indices must be integers, not 'str'
2026-05-16 17:30:00,609 - INFO - 📅 Fetching Basic Metadata: Touch Type Tale
2026-05-16 17:30:00,693 - WARNING - IGDB Error for Touch Type Tale: string indices must be integers, not 'str'
2026-05-16 17:30:00,701 - INFO - 📅 Fetching Basic Metadata: Gigapocalypse
2026-05-16 17:30:00,809 - INFO - 🎯 IGDB Match: 'Gigapocalypse' (100%)
2026-05-16 17:30:00,817 - INFO - 📅 Fetching Basic Metadata: Legion TD2
2026-05-16 17:30:00,916 - INFO - 📅 Fetching Basic Metadata: Nightingale
2026-05-16 17:30:01,012 - INFO - 🎯 IGDB Match: 'Nightingale' (100%)
2026-05-16 17:30:01,019 - INFO - 📅 Fetching Basic Metadata: Godzilla Voxel Wars
2026-05-16 17:30:01,160 - INFO - 🎯 IGDB Match: 'Godzilla Voxel Wars' (100%)
2026-05-16 17:30:01,169 - INFO - 📅 Fetching Basic Metadata: Trine Classic Collection
2026-05-16 17:30:01,276 - INFO - 🎯 IGDB Match: 'Trine Classic Collection' (100%)
2026-05-16 17:30:01,284 - INFO - 📅 Fetching Basic Metadata: Poison Retro Set
2026-05-16 17:30:01,377 - INFO - 🎯 IGDB Match: 'Pixel Gun 3D: Poison Retro Set' (90%)
2026-05-16 17:30:01,383 - INFO - 📅 Fetching Basic Metadata: The Darkside Detective A Fumble in the Dark
2026-05-16 17:30:01,488 - INFO - 🎯 IGDB Match: 'The Darkside Detective: A Fumble in the Dark' (99%)
2026-05-16 17:30:01,494 - INFO - 📅 Fetching Basic Metadata: Return to Ash
2026-05-16 17:30:01,586 - INFO - 🎯 IGDB Match: 'Return to Ash' (100%)
2026-05-16 17:30:01,592 - INFO - 🏢 Publisher Search: STALCRAFT: X Starter Edition
2026-05-16 17:30:03,237 - INFO - 📅 Fetching Basic Metadata: STALCRAFT: X Starter Edition
2026-05-16 17:30:03,344 - INFO - 📅 Fetching Basic Metadata: Boxes: Lost Fragments
2026-05-16 17:30:03,435 - INFO - 🎯 IGDB Match: 'Boxes: Lost Fragments' (100%)
2026-05-16 17:30:03,441 - INFO - 📅 Fetching Basic Metadata: My Night Job
2026-05-16 17:30:03,535 - INFO - 🎯 IGDB Match: 'My Night Job' (100%)
2026-05-16 17:30:03,542 - INFO - 📅 Fetching Basic Metadata: Electrician Simulator
2026-05-16 17:30:03,643 - INFO - 🎯 IGDB Match: 'Electrician Simulator' (100%)
2026-05-16 17:30:03,649 - INFO - 🏢 Publisher Search: World of Warships — Epic Anniversary Tachibana Pack
2026-05-16 17:30:05,258 - INFO - 📅 Fetching Basic Metadata: World of Warships — Epic Anniversary Tachibana Pack
2026-05-16 17:30:05,404 - INFO - 📅 Fetching Basic Metadata: Hyper Echelon
2026-05-16 17:30:05,496 - INFO - 🎯 IGDB Match: 'Hyper Echelon' (100%)
2026-05-16 17:30:05,502 - INFO - 📅 Fetching Basic Metadata: Havendock
2026-05-16 17:30:05,595 - INFO - 🎯 IGDB Match: 'Havendock' (100%)
2026-05-16 17:30:05,601 - INFO - 📅 Fetching Basic Metadata: Clone Drone in the Danger Zone
2026-05-16 17:30:05,740 - INFO - 🎯 IGDB Match: 'Clone Drone in the Danger Zone' (100%)
2026-05-16 17:30:05,746 - INFO - 🏢 Publisher Search: TOMAK: Save the Earth Regeneration
2026-05-16 17:30:07,086 - INFO - 📅 Fetching Basic Metadata: TOMAK: Save the Earth Regeneration
2026-05-16 17:30:07,177 - INFO - 🎯 IGDB Match: 'Tomak: Save the Earth Regeneration' (100%)
2026-05-16 17:30:07,183 - INFO - 📅 Fetching Basic Metadata: Prop Sumo
2026-05-16 17:30:07,328 - INFO - 🎯 IGDB Match: 'Prop Sumo' (100%)
2026-05-16 17:30:07,333 - INFO - 📅 Fetching Basic Metadata: The Stone of Madness
2026-05-16 17:30:07,474 - INFO - 🎯 IGDB Match: 'The Stone of Madness' (100%)
2026-05-16 17:30:07,480 - INFO - 📅 Fetching Basic Metadata: Firestone Online Idle RPG
2026-05-16 17:30:07,571 - INFO - 🎯 IGDB Match: 'Firestone: Online Idle RPG' (98%)
2026-05-16 17:30:07,577 - INFO - 📅 Fetching Basic Metadata: Oddsparks: An Automation Adventure
2026-05-16 17:30:07,687 - INFO - 🎯 IGDB Match: 'Oddsparks: An Automation Adventure' (100%)
2026-05-16 17:30:07,692 - INFO - 📅 Fetching Basic Metadata: Trash Goblin
2026-05-16 17:30:07,797 - INFO - 🎯 IGDB Match: 'Trash Goblin' (100%)
2026-05-16 17:30:07,803 - INFO - 🏢 Publisher Search: The Telltale Batman Shadows Edition
2026-05-16 17:30:09,232 - INFO - 📅 Fetching Basic Metadata: The Telltale Batman Shadows Edition
2026-05-16 17:30:09,392 - INFO - 🎯 IGDB Match: 'Telltale Batman Shadows Edition' (95%)
2026-05-16 17:30:09,398 - INFO - 🏢 Publisher Search: Sunderfolk - Standard Edition
2026-05-16 17:30:10,794 - INFO - 📅 Fetching Basic Metadata: Sunderfolk - Standard Edition
2026-05-16 17:30:10,953 - INFO - 
--- Starting Data Quality Checks ---
2026-05-16 17:30:10,966 - INFO - --- Data Quality Checks Complete ---

2026-05-16 17:30:10,995 - INFO - | Metric | Statistics |
| :--- | :--- |
| 💰 **Total Market Value** | **$12,943.17** |
| 📦 **Total Games Collected** | 672 |
| 🏷️ **Average Retail Price** | $22.37 per game |
| 💎 **Most Expensive Title** | Civilization 6 Platinum Edition ($79.99) |
| 👑 **MVP Publisher** | Bethesda Softworks |
| 🏢 **Value Leaders** | 2K ($579.90), Bethesda Softworks ($544.80), Paradox Interactive ($409.89) |
| 📈 **Inflation-Adjusted Value** | $14,740.41 |
| 🎈 **Inflation Bonus** | **+$1,797.24** in purchasing power |
| 🗓️ **Peak Saving Month** | 🎄 **Seasonality Peak:** December is historically the best month, offering $3,388.17 in savings. |
| ⭐ **Average Score** | 76.8/100 |
| 💳 **Subscription Equivalent** | **$168.91 / mo** |
| 🎯 **Prestige Ratio** | **1.9%** (Strategic Hype) |
| 🏎️ **Lead Time Avg** | 447 Days to Sequel |

2026-05-16 17:30:10,995 - INFO - ✅ README.md updated.
2026-05-16 17:30:11,020 - INFO - Using categorical units to plot a list of strings that are all parsable as floats or dates. If these strings should be plotted as numbers, cast to the appropriate data type before plotting.
2026-05-16 17:30:11,021 - INFO - Using categorical units to plot a list of strings that are all parsable as floats or dates. If these strings should be plotted as numbers, cast to the appropriate data type before plotting.
2026-05-16 17:30:16,600 - INFO - 📈 All charts generated successfully.
