2026-07-09 18:16:34,416 - INFO - Failed to extract font properties from /usr/share/fonts/truetype/noto/NotoColorEmoji.ttf: Non-scalable fonts are not supported
2026-07-09 18:16:34,440 - INFO - generated new fontManager
2026-07-09 18:16:34,861 - INFO - ✅ Migration Successful!
2026-07-09 18:16:35,051 - INFO - Added 2 new games!
2026-07-09 18:16:35,674 - INFO - 🔍 Found 611 games needing metadata. Starting IGDB + Steam + CheapShark enrichment...
2026-07-09 18:16:35,764 - INFO - 📅 Fetching Basic Metadata: LEGO Batman Trilogy
2026-07-09 18:16:36,214 - INFO - 🎯 IGDB Match: 'LEGO Batman Trilogy' (100%)
2026-07-09 18:16:36,242 - INFO - 📅 Fetching Basic Metadata: Antstream
2026-07-09 18:16:36,527 - INFO - 📅 Fetching Basic Metadata: The Drone Racing League Simulator
2026-07-09 18:16:36,808 - INFO - 🎯 IGDB Match: 'The Drone Racing League Simulator' (100%)
2026-07-09 18:16:36,816 - INFO - 📅 Fetching Basic Metadata: Dark Deity
2026-07-09 18:16:37,241 - INFO - 🎯 IGDB Match: 'Dark Deity' (100%)
2026-07-09 18:16:37,248 - INFO - 📅 Fetching Basic Metadata: RPG in a Box
2026-07-09 18:16:37,455 - INFO - 🎯 IGDB Match: 'RPG in a Box' (100%)
2026-07-09 18:16:37,462 - INFO - 📅 Fetching Basic Metadata: Fallout Classic Collection
2026-07-09 18:16:37,581 - INFO - 🎯 IGDB Match: 'Fallout Classic Collection' (100%)
2026-07-09 18:16:37,590 - INFO - 📅 Fetching Basic Metadata: Recipe for Disaster
2026-07-09 18:16:37,722 - INFO - 🎯 IGDB Match: 'Recipe For Disaster' (100%)
2026-07-09 18:16:37,729 - INFO - 📅 Fetching Basic Metadata: World of Warships — Starter Pack: Ishizuchi
2026-07-09 18:16:37,842 - INFO - 🎯 IGDB Match: 'World of Warships: Starter Pack - Ishizuchi' (98%)
2026-07-09 18:16:37,849 - INFO - 📅 Fetching Basic Metadata: Poker Club
2026-07-09 18:16:37,969 - INFO - 🎯 IGDB Match: 'Poker Club' (100%)
2026-07-09 18:16:37,975 - INFO - 📅 Fetching Basic Metadata: The Sims 4 The Daring Lifestyle Bundle
2026-07-09 18:16:38,176 - INFO - 🎯 IGDB Match: 'The Sims 4: The Daring Lifestyle Bundle' (99%)
2026-07-09 18:16:38,185 - INFO - 📅 Fetching Basic Metadata: Dodo Peak
2026-07-09 18:16:38,335 - INFO - 🎯 IGDB Match: 'Dodo Peak' (100%)
2026-07-09 18:16:38,342 - INFO - 📅 Fetching Basic Metadata: Spelldrifter
2026-07-09 18:16:38,447 - INFO - 🎯 IGDB Match: 'Spelldrifter' (100%)
2026-07-09 18:16:38,453 - INFO - 📅 Fetching Basic Metadata: Model Builder
2026-07-09 18:16:38,565 - INFO - 🎯 IGDB Match: 'Model Builder' (100%)
2026-07-09 18:16:38,571 - INFO - 📅 Fetching Basic Metadata: Godlike Burger
2026-07-09 18:16:38,721 - INFO - 🎯 IGDB Match: 'Godlike Burger' (100%)
2026-07-09 18:16:38,727 - INFO - 📅 Fetching Basic Metadata: Q.U.B.E. Ultimate Bundle
2026-07-09 18:16:38,862 - INFO - 🎯 IGDB Match: 'Q.U.B.E. Ultimate Bundle' (100%)
2026-07-09 18:16:38,869 - INFO - 📅 Fetching Basic Metadata: Jitsu Squad
2026-07-09 18:16:39,130 - INFO - 🎯 IGDB Match: 'Jitsu Squad' (100%)
2026-07-09 18:16:39,136 - INFO - 📅 Fetching Basic Metadata: Mighty Fight Federation
2026-07-09 18:16:39,337 - INFO - 🎯 IGDB Match: 'Mighty Fight Federation' (100%)
2026-07-09 18:16:39,347 - INFO - 📅 Fetching Basic Metadata: LOVE
2026-07-09 18:16:39,516 - INFO - 🎯 IGDB Match: 'Love Love Love' (90%)
2026-07-09 18:16:39,523 - INFO - 📅 Fetching Basic Metadata: Call of The Wild: The Angler
2026-07-09 18:16:39,735 - INFO - 🎯 IGDB Match: 'Call of the Wild: The Angler' (100%)
2026-07-09 18:16:39,744 - INFO - 📅 Fetching Basic Metadata: The Falconeer
2026-07-09 18:16:39,866 - INFO - 🎯 IGDB Match: 'The Falconeer: The Hunter' (90%)
2026-07-09 18:16:39,873 - INFO - 📅 Fetching Basic Metadata: Rawmen: Food Fighter Arena
2026-07-09 18:16:40,241 - INFO - 🎯 IGDB Match: 'Rawmen' (90%)
2026-07-09 18:16:40,247 - INFO - 📅 Fetching Basic Metadata: World of Warships – Starter Pack: Albany
2026-07-09 18:16:40,361 - INFO - 📅 Fetching Basic Metadata: Fallout Classic Edition
2026-07-09 18:16:40,486 - INFO - 📅 Fetching Basic Metadata: Outliver: Tribulation
2026-07-09 18:16:40,744 - INFO - 🎯 IGDB Match: 'Outliver: Tribulation' (100%)
2026-07-09 18:16:40,751 - INFO - 📅 Fetching Basic Metadata: Bus Simulator 21 Next Stop
2026-07-09 18:16:40,978 - INFO - 🎯 IGDB Match: 'Bus Simulator 21: Next Stop' (98%)
2026-07-09 18:16:40,986 - INFO - 📅 Fetching Basic Metadata: Turmoil
2026-07-09 18:16:41,188 - INFO - 🎯 IGDB Match: 'Turmoil' (100%)
2026-07-09 18:16:41,195 - INFO - 📅 Fetching Basic Metadata: World War Z Aftermath
2026-07-09 18:16:41,317 - INFO - 🎯 IGDB Match: 'World War Z: Aftermath' (98%)
2026-07-09 18:16:41,324 - INFO - 📅 Fetching Basic Metadata: World Of Warships – Anniversary Party Flavor
2026-07-09 18:16:41,447 - INFO - 📅 Fetching Basic Metadata: Neko Ghost, Jump!
2026-07-09 18:16:41,659 - INFO - 🎯 IGDB Match: 'Neko Ghost, Jump!' (100%)
2026-07-09 18:16:41,666 - INFO - 📅 Fetching Basic Metadata: Super Space Club
2026-07-09 18:16:41,786 - INFO - 🎯 IGDB Match: 'Super Space Club' (100%)
2026-07-09 18:16:41,792 - INFO - 📅 Fetching Basic Metadata: Touch Type Tale
2026-07-09 18:16:41,904 - INFO - 🎯 IGDB Match: 'Touch Type Tale' (100%)
2026-07-09 18:16:41,910 - INFO - 📅 Fetching Basic Metadata: Gigapocalypse
2026-07-09 18:16:42,172 - INFO - 🎯 IGDB Match: 'Gigapocalypse' (100%)
2026-07-09 18:16:42,179 - INFO - 📅 Fetching Basic Metadata: Legion TD2
2026-07-09 18:16:42,461 - INFO - 📅 Fetching Basic Metadata: Nightingale
2026-07-09 18:16:42,606 - INFO - 🎯 IGDB Match: 'Nightingale' (100%)
2026-07-09 18:16:42,614 - INFO - 📅 Fetching Basic Metadata: Godzilla Voxel Wars
2026-07-09 18:16:42,856 - INFO - 🎯 IGDB Match: 'Godzilla Voxel Wars' (100%)
2026-07-09 18:16:42,864 - INFO - 📅 Fetching Basic Metadata: Trine Classic Collection
2026-07-09 18:16:43,014 - INFO - 🎯 IGDB Match: 'Trine Classic Collection' (100%)
2026-07-09 18:16:43,021 - INFO - 📅 Fetching Basic Metadata: Poison Retro Set
2026-07-09 18:16:43,154 - INFO - 🎯 IGDB Match: 'Pixel Gun 3D: Poison Retro Set' (90%)
2026-07-09 18:16:43,160 - INFO - 📅 Fetching Basic Metadata: The Darkside Detective A Fumble in the Dark
2026-07-09 18:16:43,266 - INFO - 🎯 IGDB Match: 'The Darkside Detective: A Fumble in the Dark' (99%)
2026-07-09 18:16:43,272 - INFO - 📅 Fetching Basic Metadata: Return to Ash
2026-07-09 18:16:43,494 - INFO - 🎯 IGDB Match: 'Return to Ash' (100%)
2026-07-09 18:16:43,500 - INFO - 🏢 Publisher Search: STALCRAFT: X Starter Edition
2026-07-09 18:16:44,854 - INFO - 📅 Fetching Basic Metadata: STALCRAFT: X Starter Edition
2026-07-09 18:16:44,968 - INFO - 📅 Fetching Basic Metadata: Boxes: Lost Fragments
2026-07-09 18:16:45,211 - INFO - 🎯 IGDB Match: 'Boxes: Lost Fragments' (100%)
2026-07-09 18:16:45,217 - INFO - 📅 Fetching Basic Metadata: My Night Job
2026-07-09 18:16:45,334 - INFO - 🎯 IGDB Match: 'My Night Job' (100%)
2026-07-09 18:16:45,340 - INFO - 📅 Fetching Basic Metadata: Electrician Simulator
2026-07-09 18:16:45,493 - INFO - 🎯 IGDB Match: 'Electrician Simulator' (100%)
2026-07-09 18:16:45,499 - INFO - 🏢 Publisher Search: World of Warships — Epic Anniversary Tachibana Pack
2026-07-09 18:16:46,893 - INFO - 📅 Fetching Basic Metadata: World of Warships — Epic Anniversary Tachibana Pack
2026-07-09 18:16:47,005 - INFO - 📅 Fetching Basic Metadata: Hyper Echelon
2026-07-09 18:16:47,122 - INFO - 🎯 IGDB Match: 'Hyper Echelon' (100%)
2026-07-09 18:16:47,128 - INFO - 📅 Fetching Basic Metadata: Havendock
2026-07-09 18:16:47,241 - INFO - 🎯 IGDB Match: 'Havendock' (100%)
2026-07-09 18:16:47,247 - INFO - 📅 Fetching Basic Metadata: Clone Drone in the Danger Zone
2026-07-09 18:16:47,409 - INFO - 🎯 IGDB Match: 'Clone Drone in the Danger Zone' (100%)
2026-07-09 18:16:47,415 - INFO - 🏢 Publisher Search: TOMAK: Save the Earth Regeneration
2026-07-09 18:16:48,771 - INFO - 📅 Fetching Basic Metadata: TOMAK: Save the Earth Regeneration
2026-07-09 18:16:48,875 - INFO - 🎯 IGDB Match: 'Tomak: Save the Earth Regeneration' (100%)
2026-07-09 18:16:48,881 - INFO - 📅 Fetching Basic Metadata: Prop Sumo
2026-07-09 18:16:48,995 - INFO - 🎯 IGDB Match: 'Prop Sumo' (100%)
2026-07-09 18:16:49,001 - INFO - 📅 Fetching Basic Metadata: The Stone of Madness
2026-07-09 18:16:49,136 - INFO - 🎯 IGDB Match: 'The Stone of Madness' (100%)
2026-07-09 18:16:49,142 - INFO - 📅 Fetching Basic Metadata: Firestone Online Idle RPG
2026-07-09 18:16:49,392 - INFO - 🎯 IGDB Match: 'Firestone: Online Idle RPG' (98%)
2026-07-09 18:16:49,398 - INFO - 📅 Fetching Basic Metadata: Oddsparks: An Automation Adventure
2026-07-09 18:16:49,514 - INFO - 🎯 IGDB Match: 'Oddsparks: An Automation Adventure' (100%)
2026-07-09 18:16:49,521 - INFO - 📅 Fetching Basic Metadata: Trash Goblin
2026-07-09 18:16:49,741 - INFO - 🎯 IGDB Match: 'Trash Goblin' (100%)
2026-07-09 18:16:49,747 - INFO - 🏢 Publisher Search: The Telltale Batman Shadows Edition
2026-07-09 18:16:51,147 - INFO - 📅 Fetching Basic Metadata: The Telltale Batman Shadows Edition
2026-07-09 18:16:51,264 - INFO - 🎯 IGDB Match: 'Telltale Batman Shadows Edition' (95%)
2026-07-09 18:16:51,270 - INFO - 🏢 Publisher Search: Sunderfolk - Standard Edition
2026-07-09 18:16:52,608 - INFO - 📅 Fetching Basic Metadata: Sunderfolk - Standard Edition
2026-07-09 18:16:52,722 - INFO - 📅 Fetching Basic Metadata: Down in Bermuda
2026-07-09 18:16:52,856 - INFO - 🎯 IGDB Match: 'Down in Bermuda' (100%)
2026-07-09 18:16:52,862 - INFO - 📅 Fetching Basic Metadata: Tomb Raider I-III Remastered Starring Lara Croft
2026-07-09 18:16:52,981 - INFO - 📅 Fetching Basic Metadata: LONESTAR
2026-07-09 18:16:53,163 - INFO - 🎯 IGDB Match: 'LoneStar' (100%)
2026-07-09 18:16:53,169 - INFO - 📅 Fetching Basic Metadata: Calico
2026-07-09 18:16:53,411 - INFO - 🎯 IGDB Match: 'Calico' (100%)
2026-07-09 18:16:53,417 - INFO - 📅 Fetching Basic Metadata: Rogue Waters
2026-07-09 18:16:53,542 - INFO - 🎯 IGDB Match: 'Rogue Waters' (100%)
2026-07-09 18:16:53,548 - INFO - 📅 Fetching Basic Metadata: The Ouroboros King
2026-07-09 18:16:53,785 - INFO - 🎯 IGDB Match: 'The Ouroboros King' (100%)
2026-07-09 18:16:53,790 - INFO - 🏢 Publisher Search: Warhammer 40K Speed Freeks
2026-07-09 18:16:55,185 - INFO - 📅 Fetching Basic Metadata: I Have No Mouth, and I Must Scream
2026-07-09 18:16:55,417 - INFO - 🎯 IGDB Match: 'I Have No Mouth, and I Must Scream' (100%)
2026-07-09 18:16:55,423 - INFO - 💰 Price Search: Nova Lands
2026-07-09 18:16:56,761 - INFO - 🏢 Publisher Search: Nova Lands
2026-07-09 18:16:58,417 - INFO - 📅 Fetching Basic Metadata: Nova Lands
2026-07-09 18:16:58,534 - INFO - 🎯 IGDB Match: 'Nova Lands' (100%)
2026-07-09 18:16:58,534 - INFO - 🔗 Searching Franchise Context: Nova Lands
2026-07-09 18:16:58,675 - INFO - 📡 Fallback to IGDB for Nova Lands
2026-07-09 18:16:58,788 - INFO - 💰 Price Search: Tattoo Tycoon
2026-07-09 18:17:00,146 - INFO - 🏢 Publisher Search: Tattoo Tycoon
2026-07-09 18:17:01,766 - INFO - 📅 Fetching Basic Metadata: Tattoo Tycoon
2026-07-09 18:17:02,264 - INFO - 🎯 IGDB Match: 'Tattoo Tycoon' (100%)
2026-07-09 18:17:02,264 - INFO - 🔗 Searching Franchise Context: Tattoo Tycoon
2026-07-09 18:17:02,321 - INFO - 📡 Fallback to IGDB for Tattoo Tycoon
2026-07-09 18:17:02,755 - INFO - 
--- Starting Data Quality Checks ---
2026-07-09 18:17:02,768 - INFO - --- Data Quality Checks Complete ---

2026-07-09 18:17:02,797 - INFO - | Metric | Statistics |
| :--- | :--- |
| 💰 **Total Market Value** | **$13,288.01** |
| 📦 **Total Games Collected** | 688 |
| 🏷️ **Average Retail Price** | $22.35 per game |
| 💎 **Most Expensive Title** | Civilization 6 Platinum Edition ($79.99) |
| 👑 **MVP Publisher** | Bethesda Softworks |
| 🏢 **Value Leaders** | 2K ($579.90), Bethesda Softworks ($544.80), Paradox Interactive ($409.89) |
| 📈 **Inflation-Adjusted Value** | $15,085.25 |
| 🎈 **Inflation Bonus** | **+$1,797.24** in purchasing power |
| 🗓️ **Peak Saving Month** | 🎄 **Seasonality Peak:** December is historically the best month, offering $3,388.17 in savings. |
| ⭐ **Average Score** | 76.8/100 |
| 💳 **Subscription Equivalent** | **$168.99 / mo** |
| 🎯 **Prestige Ratio** | **2.0%** (Strategic Hype) |
| 🏎️ **Lead Time Avg** | 441 Days to Sequel |

2026-07-09 18:17:02,798 - INFO - ✅ README.md updated.
2026-07-09 18:17:02,823 - INFO - Using categorical units to plot a list of strings that are all parsable as floats or dates. If these strings should be plotted as numbers, cast to the appropriate data type before plotting.
2026-07-09 18:17:02,824 - INFO - Using categorical units to plot a list of strings that are all parsable as floats or dates. If these strings should be plotted as numbers, cast to the appropriate data type before plotting.
2026-07-09 18:17:09,013 - INFO - 📈 All charts generated successfully.
