2026-07-22 17:48:49,479 - INFO - Failed to extract font properties from /usr/share/fonts/truetype/noto/NotoColorEmoji.ttf: Non-scalable fonts are not supported
2026-07-22 17:48:50,300 - INFO - generated new fontManager
2026-07-22 17:48:50,979 - INFO - ✅ Migration Successful!
2026-07-22 17:48:51,144 - INFO - No new games found.
2026-07-22 17:48:51,736 - INFO - 🔍 Found 613 games needing metadata. Starting IGDB + Steam + CheapShark enrichment...
2026-07-22 17:48:52,012 - INFO - 📅 Fetching Basic Metadata: LEGO Batman Trilogy
2026-07-22 17:48:52,407 - INFO - 🎯 IGDB Match: 'LEGO Batman Trilogy' (100%)
2026-07-22 17:48:52,429 - INFO - 📅 Fetching Basic Metadata: Antstream
2026-07-22 17:48:52,602 - INFO - 📅 Fetching Basic Metadata: The Drone Racing League Simulator
2026-07-22 17:48:52,830 - INFO - 🎯 IGDB Match: 'The Drone Racing League Simulator' (100%)
2026-07-22 17:48:52,838 - INFO - 📅 Fetching Basic Metadata: Dark Deity
2026-07-22 17:48:53,047 - INFO - 🎯 IGDB Match: 'Dark Deity' (100%)
2026-07-22 17:48:53,054 - INFO - 📅 Fetching Basic Metadata: RPG in a Box
2026-07-22 17:48:53,184 - INFO - 🎯 IGDB Match: 'RPG in a Box' (100%)
2026-07-22 17:48:53,192 - INFO - 📅 Fetching Basic Metadata: Fallout Classic Collection
2026-07-22 17:48:53,401 - INFO - 🎯 IGDB Match: 'Fallout Classic Collection' (100%)
2026-07-22 17:48:53,409 - INFO - 📅 Fetching Basic Metadata: Recipe for Disaster
2026-07-22 17:48:53,527 - INFO - 🎯 IGDB Match: 'Recipe For Disaster' (100%)
2026-07-22 17:48:53,534 - INFO - 📅 Fetching Basic Metadata: World of Warships — Starter Pack: Ishizuchi
2026-07-22 17:48:53,725 - INFO - 🎯 IGDB Match: 'World of Warships: Starter Pack - Ishizuchi' (98%)
2026-07-22 17:48:53,732 - INFO - 📅 Fetching Basic Metadata: Poker Club
2026-07-22 17:48:53,884 - INFO - 🎯 IGDB Match: 'Poker Club' (100%)
2026-07-22 17:48:53,890 - INFO - 📅 Fetching Basic Metadata: The Sims 4 The Daring Lifestyle Bundle
2026-07-22 17:48:54,014 - INFO - 🎯 IGDB Match: 'The Sims 4: The Daring Lifestyle Bundle' (99%)
2026-07-22 17:48:54,022 - INFO - 📅 Fetching Basic Metadata: Dodo Peak
2026-07-22 17:48:54,143 - INFO - 🎯 IGDB Match: 'Dodo Peak' (100%)
2026-07-22 17:48:54,149 - INFO - 📅 Fetching Basic Metadata: Spelldrifter
2026-07-22 17:48:54,509 - INFO - 🎯 IGDB Match: 'Spelldrifter' (100%)
2026-07-22 17:48:54,516 - INFO - 📅 Fetching Basic Metadata: Model Builder
2026-07-22 17:48:54,661 - INFO - 🎯 IGDB Match: 'Model Builder' (100%)
2026-07-22 17:48:54,667 - INFO - 📅 Fetching Basic Metadata: Godlike Burger
2026-07-22 17:48:54,942 - INFO - 🎯 IGDB Match: 'Godlike Burger' (100%)
2026-07-22 17:48:54,949 - INFO - 📅 Fetching Basic Metadata: Q.U.B.E. Ultimate Bundle
2026-07-22 17:48:55,279 - INFO - 🎯 IGDB Match: 'Q.U.B.E. Ultimate Bundle' (100%)
2026-07-22 17:48:55,287 - INFO - 📅 Fetching Basic Metadata: Jitsu Squad
2026-07-22 17:48:55,415 - INFO - 🎯 IGDB Match: 'Jitsu Squad' (100%)
2026-07-22 17:48:55,422 - INFO - 📅 Fetching Basic Metadata: Mighty Fight Federation
2026-07-22 17:48:55,540 - INFO - 🎯 IGDB Match: 'Mighty Fight Federation' (100%)
2026-07-22 17:48:55,550 - INFO - 📅 Fetching Basic Metadata: LOVE
2026-07-22 17:48:55,700 - INFO - 🎯 IGDB Match: 'Love Love Love' (90%)
2026-07-22 17:48:55,708 - INFO - 📅 Fetching Basic Metadata: Call of The Wild: The Angler
2026-07-22 17:48:55,899 - INFO - 🎯 IGDB Match: 'Call of the Wild: The Angler' (100%)
2026-07-22 17:48:55,907 - INFO - 📅 Fetching Basic Metadata: The Falconeer
2026-07-22 17:48:56,027 - INFO - 🎯 IGDB Match: 'The Falconeer: The Hunter' (90%)
2026-07-22 17:48:56,035 - INFO - 📅 Fetching Basic Metadata: Rawmen: Food Fighter Arena
2026-07-22 17:48:56,189 - INFO - 🎯 IGDB Match: 'Rawmen' (90%)
2026-07-22 17:48:56,196 - INFO - 📅 Fetching Basic Metadata: World of Warships – Starter Pack: Albany
2026-07-22 17:48:56,333 - INFO - 📅 Fetching Basic Metadata: Fallout Classic Edition
2026-07-22 17:48:56,475 - INFO - 📅 Fetching Basic Metadata: Outliver: Tribulation
2026-07-22 17:48:56,599 - INFO - 🎯 IGDB Match: 'Outliver: Tribulation' (100%)
2026-07-22 17:48:56,607 - INFO - 📅 Fetching Basic Metadata: Bus Simulator 21 Next Stop
2026-07-22 17:48:56,737 - INFO - 🎯 IGDB Match: 'Bus Simulator 21: Next Stop' (98%)
2026-07-22 17:48:56,745 - INFO - 📅 Fetching Basic Metadata: Turmoil
2026-07-22 17:48:56,868 - INFO - 🎯 IGDB Match: 'Turmoil' (100%)
2026-07-22 17:48:56,875 - INFO - 📅 Fetching Basic Metadata: World War Z Aftermath
2026-07-22 17:48:56,998 - INFO - 🎯 IGDB Match: 'World War Z: Aftermath' (98%)
2026-07-22 17:48:57,005 - INFO - 📅 Fetching Basic Metadata: World Of Warships – Anniversary Party Flavor
2026-07-22 17:48:57,132 - INFO - 📅 Fetching Basic Metadata: Neko Ghost, Jump!
2026-07-22 17:48:57,246 - INFO - 🎯 IGDB Match: 'Neko Ghost, Jump!' (100%)
2026-07-22 17:48:57,253 - INFO - 📅 Fetching Basic Metadata: Super Space Club
2026-07-22 17:48:57,465 - WARNING - IGDB Error for Super Space Club: string indices must be integers, not 'str'
2026-07-22 17:48:57,473 - INFO - 📅 Fetching Basic Metadata: Touch Type Tale
2026-07-22 17:48:57,583 - WARNING - IGDB Error for Touch Type Tale: string indices must be integers, not 'str'
2026-07-22 17:48:57,590 - INFO - 📅 Fetching Basic Metadata: Gigapocalypse
2026-07-22 17:48:57,859 - WARNING - IGDB Error for Gigapocalypse: string indices must be integers, not 'str'
2026-07-22 17:48:57,867 - INFO - 📅 Fetching Basic Metadata: Legion TD2
2026-07-22 17:48:58,011 - WARNING - IGDB Error for Legion TD2: string indices must be integers, not 'str'
2026-07-22 17:48:58,020 - INFO - 📅 Fetching Basic Metadata: Nightingale
2026-07-22 17:48:58,132 - WARNING - IGDB Error for Nightingale: string indices must be integers, not 'str'
2026-07-22 17:48:58,140 - INFO - 📅 Fetching Basic Metadata: Godzilla Voxel Wars
2026-07-22 17:48:58,301 - INFO - 🎯 IGDB Match: 'Godzilla Voxel Wars' (100%)
2026-07-22 17:48:58,309 - INFO - 📅 Fetching Basic Metadata: Trine Classic Collection
2026-07-22 17:48:58,411 - WARNING - IGDB Error for Trine Classic Collection: string indices must be integers, not 'str'
2026-07-22 17:48:58,419 - INFO - 📅 Fetching Basic Metadata: Poison Retro Set
2026-07-22 17:48:58,576 - INFO - 🎯 IGDB Match: 'Pixel Gun 3D: Poison Retro Set' (90%)
2026-07-22 17:48:58,583 - INFO - 📅 Fetching Basic Metadata: The Darkside Detective A Fumble in the Dark
2026-07-22 17:48:58,941 - INFO - 🎯 IGDB Match: 'The Darkside Detective: A Fumble in the Dark' (99%)
2026-07-22 17:48:58,948 - INFO - 📅 Fetching Basic Metadata: Return to Ash
2026-07-22 17:48:59,207 - INFO - 🎯 IGDB Match: 'Return to Ash' (100%)
2026-07-22 17:48:59,214 - INFO - 🏢 Publisher Search: STALCRAFT: X Starter Edition
2026-07-22 17:49:00,720 - INFO - 📅 Fetching Basic Metadata: STALCRAFT: X Starter Edition
2026-07-22 17:49:00,868 - INFO - 📅 Fetching Basic Metadata: Boxes: Lost Fragments
2026-07-22 17:49:00,985 - INFO - 🎯 IGDB Match: 'Boxes: Lost Fragments' (100%)
2026-07-22 17:49:00,991 - INFO - 📅 Fetching Basic Metadata: My Night Job
2026-07-22 17:49:01,110 - INFO - 🎯 IGDB Match: 'My Night Job' (100%)
2026-07-22 17:49:01,117 - INFO - 📅 Fetching Basic Metadata: Electrician Simulator
2026-07-22 17:49:01,408 - INFO - 🎯 IGDB Match: 'Electrician Simulator' (100%)
2026-07-22 17:49:01,415 - INFO - 🏢 Publisher Search: World of Warships — Epic Anniversary Tachibana Pack
2026-07-22 17:49:02,772 - INFO - 📅 Fetching Basic Metadata: World of Warships — Epic Anniversary Tachibana Pack
2026-07-22 17:49:02,902 - INFO - 📅 Fetching Basic Metadata: Hyper Echelon
2026-07-22 17:49:03,019 - INFO - 🎯 IGDB Match: 'Hyper Echelon' (100%)
2026-07-22 17:49:03,026 - INFO - 📅 Fetching Basic Metadata: Havendock
2026-07-22 17:49:03,150 - INFO - 🎯 IGDB Match: 'Havendock' (100%)
2026-07-22 17:49:03,156 - INFO - 📅 Fetching Basic Metadata: Clone Drone in the Danger Zone
2026-07-22 17:49:03,283 - INFO - 🎯 IGDB Match: 'Clone Drone in the Danger Zone' (100%)
2026-07-22 17:49:03,290 - INFO - 🏢 Publisher Search: TOMAK: Save the Earth Regeneration
2026-07-22 17:49:04,649 - INFO - 📅 Fetching Basic Metadata: TOMAK: Save the Earth Regeneration
2026-07-22 17:49:04,771 - INFO - 🎯 IGDB Match: 'Tomak: Save the Earth Regeneration' (100%)
2026-07-22 17:49:04,777 - INFO - 📅 Fetching Basic Metadata: Prop Sumo
2026-07-22 17:49:04,893 - INFO - 🎯 IGDB Match: 'Prop Sumo' (100%)
2026-07-22 17:49:04,900 - INFO - 📅 Fetching Basic Metadata: The Stone of Madness
2026-07-22 17:49:05,015 - INFO - 🎯 IGDB Match: 'The Stone of Madness' (100%)
2026-07-22 17:49:05,022 - INFO - 📅 Fetching Basic Metadata: Firestone Online Idle RPG
2026-07-22 17:49:05,276 - INFO - 🎯 IGDB Match: 'Firestone: Online Idle RPG' (98%)
2026-07-22 17:49:05,283 - INFO - 📅 Fetching Basic Metadata: Oddsparks: An Automation Adventure
2026-07-22 17:49:05,416 - INFO - 🎯 IGDB Match: 'Oddsparks: An Automation Adventure' (100%)
2026-07-22 17:49:05,423 - INFO - 📅 Fetching Basic Metadata: Trash Goblin
2026-07-22 17:49:05,556 - INFO - 🎯 IGDB Match: 'Trash Goblin' (100%)
2026-07-22 17:49:05,563 - INFO - 🏢 Publisher Search: The Telltale Batman Shadows Edition
2026-07-22 17:49:06,919 - INFO - 📅 Fetching Basic Metadata: The Telltale Batman Shadows Edition
2026-07-22 17:49:07,071 - INFO - 🎯 IGDB Match: 'Telltale Batman Shadows Edition' (95%)
2026-07-22 17:49:07,078 - INFO - 🏢 Publisher Search: Sunderfolk - Standard Edition
2026-07-22 17:49:08,442 - INFO - 📅 Fetching Basic Metadata: Sunderfolk - Standard Edition
2026-07-22 17:49:08,693 - INFO - 📅 Fetching Basic Metadata: Down in Bermuda
2026-07-22 17:49:08,813 - INFO - 🎯 IGDB Match: 'Down in Bermuda' (100%)
2026-07-22 17:49:08,819 - INFO - 📅 Fetching Basic Metadata: Tomb Raider I-III Remastered Starring Lara Croft
2026-07-22 17:49:09,070 - INFO - 📅 Fetching Basic Metadata: LONESTAR
2026-07-22 17:49:09,187 - INFO - 🎯 IGDB Match: 'LoneStar' (100%)
2026-07-22 17:49:09,193 - INFO - 📅 Fetching Basic Metadata: Calico
2026-07-22 17:49:09,453 - INFO - 🎯 IGDB Match: 'Calico' (100%)
2026-07-22 17:49:09,459 - INFO - 📅 Fetching Basic Metadata: Rogue Waters
2026-07-22 17:49:09,720 - INFO - 🎯 IGDB Match: 'Rogue Waters' (100%)
2026-07-22 17:49:09,726 - INFO - 📅 Fetching Basic Metadata: The Ouroboros King
2026-07-22 17:49:09,843 - INFO - 🎯 IGDB Match: 'The Ouroboros King' (100%)
2026-07-22 17:49:09,850 - INFO - 🏢 Publisher Search: Warhammer 40K Speed Freeks
2026-07-22 17:49:11,201 - INFO - 📅 Fetching Basic Metadata: I Have No Mouth, and I Must Scream
2026-07-22 17:49:11,323 - INFO - 🎯 IGDB Match: 'I Have No Mouth, and I Must Scream' (100%)
2026-07-22 17:49:11,330 - INFO - 📅 Fetching Basic Metadata: Nova Lands
2026-07-22 17:49:11,455 - INFO - 🎯 IGDB Match: 'Nova Lands' (100%)
2026-07-22 17:49:11,461 - INFO - 📅 Fetching Basic Metadata: Tattoo Tycoon
2026-07-22 17:49:11,581 - INFO - 🎯 IGDB Match: 'Tattoo Tycoon' (100%)
2026-07-22 17:49:11,587 - INFO - 📅 Fetching Basic Metadata: Echo Generation: Midnight Edition
2026-07-22 17:49:11,717 - INFO - 🎯 IGDB Match: 'Echo Generation: Midnight Edition' (100%)
2026-07-22 17:49:11,729 - INFO - 
--- Starting Data Quality Checks ---
2026-07-22 17:49:11,741 - INFO - --- Data Quality Checks Complete ---

2026-07-22 17:49:11,772 - INFO - | Metric | Statistics |
| :--- | :--- |
| 💰 **Total Market Value** | **$13,332.99** |
| 📦 **Total Games Collected** | 690 |
| 🏷️ **Average Retail Price** | $22.35 per game |
| 💎 **Most Expensive Title** | Civilization 6 Platinum Edition ($79.99) |
| 👑 **MVP Publisher** | Bethesda Softworks |
| 🏢 **Value Leaders** | 2K ($579.90), Bethesda Softworks ($544.80), Paradox Interactive ($409.89) |
| 📈 **Inflation-Adjusted Value** | $15,130.23 |
| 🎈 **Inflation Bonus** | **+$1,797.24** in purchasing power |
| 🗓️ **Peak Saving Month** | 🎄 **Seasonality Peak:** December is historically the best month, offering $3,388.17 in savings. |
| ⭐ **Average Score** | 76.9/100 |
| 💳 **Subscription Equivalent** | **$169.48 / mo** |
| 🎯 **Prestige Ratio** | **2.0%** (Strategic Hype) |
| 🏎️ **Lead Time Avg** | 441 Days to Sequel |

2026-07-22 17:49:11,772 - INFO - ✅ README.md updated.
2026-07-22 17:49:11,801 - INFO - Using categorical units to plot a list of strings that are all parsable as floats or dates. If these strings should be plotted as numbers, cast to the appropriate data type before plotting.
2026-07-22 17:49:11,802 - INFO - Using categorical units to plot a list of strings that are all parsable as floats or dates. If these strings should be plotted as numbers, cast to the appropriate data type before plotting.
2026-07-22 17:49:17,661 - INFO - 📈 All charts generated successfully.
