2026-07-03 17:56:37,576 - INFO - Failed to extract font properties from /usr/share/fonts/truetype/noto/NotoColorEmoji.ttf: Non-scalable fonts are not supported
2026-07-03 17:56:37,698 - INFO - generated new fontManager
2026-07-03 17:56:38,189 - INFO - ✅ Migration Successful!
2026-07-03 17:56:38,405 - INFO - No new games found.
2026-07-03 17:56:38,994 - INFO - 🔍 Found 609 games needing metadata. Starting IGDB + Steam + CheapShark enrichment...
2026-07-03 17:56:39,102 - INFO - 📅 Fetching Basic Metadata: LEGO Batman Trilogy
2026-07-03 17:56:39,516 - INFO - 🎯 IGDB Match: 'LEGO Batman Trilogy' (100%)
2026-07-03 17:56:39,545 - INFO - 📅 Fetching Basic Metadata: Antstream
2026-07-03 17:56:39,768 - INFO - 📅 Fetching Basic Metadata: The Drone Racing League Simulator
2026-07-03 17:56:39,989 - INFO - 🎯 IGDB Match: 'The Drone Racing League Simulator' (100%)
2026-07-03 17:56:39,997 - INFO - 📅 Fetching Basic Metadata: Dark Deity
2026-07-03 17:56:40,391 - INFO - 🎯 IGDB Match: 'Dark Deity' (100%)
2026-07-03 17:56:40,398 - INFO - 📅 Fetching Basic Metadata: RPG in a Box
2026-07-03 17:56:40,662 - INFO - 🎯 IGDB Match: 'RPG in a Box' (100%)
2026-07-03 17:56:40,669 - INFO - 📅 Fetching Basic Metadata: Fallout Classic Collection
2026-07-03 17:56:40,804 - INFO - 🎯 IGDB Match: 'Fallout Classic Collection' (100%)
2026-07-03 17:56:40,813 - INFO - 📅 Fetching Basic Metadata: Recipe for Disaster
2026-07-03 17:56:40,954 - INFO - 🎯 IGDB Match: 'Recipe For Disaster' (100%)
2026-07-03 17:56:40,961 - INFO - 📅 Fetching Basic Metadata: World of Warships — Starter Pack: Ishizuchi
2026-07-03 17:56:41,150 - INFO - 🎯 IGDB Match: 'World of Warships: Starter Pack - Ishizuchi' (98%)
2026-07-03 17:56:41,157 - INFO - 📅 Fetching Basic Metadata: Poker Club
2026-07-03 17:56:41,409 - INFO - 🎯 IGDB Match: 'Poker Club' (100%)
2026-07-03 17:56:41,416 - INFO - 📅 Fetching Basic Metadata: The Sims 4 The Daring Lifestyle Bundle
2026-07-03 17:56:41,546 - INFO - 🎯 IGDB Match: 'The Sims 4: The Daring Lifestyle Bundle' (99%)
2026-07-03 17:56:41,555 - INFO - 📅 Fetching Basic Metadata: Dodo Peak
2026-07-03 17:56:41,693 - INFO - 🎯 IGDB Match: 'Dodo Peak' (100%)
2026-07-03 17:56:41,700 - INFO - 📅 Fetching Basic Metadata: Spelldrifter
2026-07-03 17:56:41,946 - INFO - 🎯 IGDB Match: 'Spelldrifter' (100%)
2026-07-03 17:56:41,952 - INFO - 📅 Fetching Basic Metadata: Model Builder
2026-07-03 17:56:42,067 - INFO - 🎯 IGDB Match: 'Model Builder' (100%)
2026-07-03 17:56:42,073 - INFO - 📅 Fetching Basic Metadata: Godlike Burger
2026-07-03 17:56:42,277 - INFO - 🎯 IGDB Match: 'Godlike Burger' (100%)
2026-07-03 17:56:42,284 - INFO - 📅 Fetching Basic Metadata: Q.U.B.E. Ultimate Bundle
2026-07-03 17:56:42,565 - INFO - 🎯 IGDB Match: 'Q.U.B.E. Ultimate Bundle' (100%)
2026-07-03 17:56:42,573 - INFO - 📅 Fetching Basic Metadata: Jitsu Squad
2026-07-03 17:56:42,680 - INFO - 🎯 IGDB Match: 'Jitsu Squad' (100%)
2026-07-03 17:56:42,687 - INFO - 📅 Fetching Basic Metadata: Mighty Fight Federation
2026-07-03 17:56:42,824 - INFO - 🎯 IGDB Match: 'Mighty Fight Federation' (100%)
2026-07-03 17:56:42,834 - INFO - 📅 Fetching Basic Metadata: LOVE
2026-07-03 17:56:43,021 - INFO - 🎯 IGDB Match: 'Love Love Love' (90%)
2026-07-03 17:56:43,028 - INFO - 📅 Fetching Basic Metadata: Call of The Wild: The Angler
2026-07-03 17:56:43,286 - INFO - 🎯 IGDB Match: 'Call of the Wild: The Angler' (100%)
2026-07-03 17:56:43,295 - INFO - 📅 Fetching Basic Metadata: The Falconeer
2026-07-03 17:56:43,416 - INFO - 🎯 IGDB Match: 'The Falconeer: The Hunter' (90%)
2026-07-03 17:56:43,423 - INFO - 📅 Fetching Basic Metadata: Rawmen: Food Fighter Arena
2026-07-03 17:56:43,564 - INFO - 🎯 IGDB Match: 'Rawmen' (90%)
2026-07-03 17:56:43,570 - INFO - 📅 Fetching Basic Metadata: World of Warships – Starter Pack: Albany
2026-07-03 17:56:43,741 - INFO - 📅 Fetching Basic Metadata: Fallout Classic Edition
2026-07-03 17:56:43,864 - INFO - 📅 Fetching Basic Metadata: Outliver: Tribulation
2026-07-03 17:56:44,101 - INFO - 🎯 IGDB Match: 'Outliver: Tribulation' (100%)
2026-07-03 17:56:44,109 - INFO - 📅 Fetching Basic Metadata: Bus Simulator 21 Next Stop
2026-07-03 17:56:44,233 - INFO - 🎯 IGDB Match: 'Bus Simulator 21: Next Stop' (98%)
2026-07-03 17:56:44,241 - INFO - 📅 Fetching Basic Metadata: Turmoil
2026-07-03 17:56:44,357 - INFO - 🎯 IGDB Match: 'Turmoil' (100%)
2026-07-03 17:56:44,364 - INFO - 📅 Fetching Basic Metadata: World War Z Aftermath
2026-07-03 17:56:44,486 - INFO - 🎯 IGDB Match: 'World War Z: Aftermath' (98%)
2026-07-03 17:56:44,492 - INFO - 📅 Fetching Basic Metadata: World Of Warships – Anniversary Party Flavor
2026-07-03 17:56:44,615 - INFO - 📅 Fetching Basic Metadata: Neko Ghost, Jump!
2026-07-03 17:56:44,745 - INFO - 🎯 IGDB Match: 'Neko Ghost, Jump!' (100%)
2026-07-03 17:56:44,752 - INFO - 📅 Fetching Basic Metadata: Super Space Club
2026-07-03 17:56:44,866 - INFO - 🎯 IGDB Match: 'Super Space Club' (100%)
2026-07-03 17:56:44,872 - INFO - 📅 Fetching Basic Metadata: Touch Type Tale
2026-07-03 17:56:45,082 - INFO - 🎯 IGDB Match: 'Touch Type Tale' (100%)
2026-07-03 17:56:45,089 - INFO - 📅 Fetching Basic Metadata: Gigapocalypse
2026-07-03 17:56:45,210 - INFO - 🎯 IGDB Match: 'Gigapocalypse' (100%)
2026-07-03 17:56:45,218 - INFO - 📅 Fetching Basic Metadata: Legion TD2
2026-07-03 17:56:45,375 - INFO - 📅 Fetching Basic Metadata: Nightingale
2026-07-03 17:56:45,495 - INFO - 🎯 IGDB Match: 'Nightingale' (100%)
2026-07-03 17:56:45,502 - INFO - 📅 Fetching Basic Metadata: Godzilla Voxel Wars
2026-07-03 17:56:45,606 - WARNING - IGDB Error for Godzilla Voxel Wars: string indices must be integers, not 'str'
2026-07-03 17:56:45,614 - INFO - 📅 Fetching Basic Metadata: Trine Classic Collection
2026-07-03 17:56:45,799 - WARNING - IGDB Error for Trine Classic Collection: string indices must be integers, not 'str'
2026-07-03 17:56:45,806 - INFO - 📅 Fetching Basic Metadata: Poison Retro Set
2026-07-03 17:56:46,053 - WARNING - IGDB Error for Poison Retro Set: string indices must be integers, not 'str'
2026-07-03 17:56:46,060 - INFO - 📅 Fetching Basic Metadata: The Darkside Detective A Fumble in the Dark
2026-07-03 17:56:46,165 - WARNING - IGDB Error for The Darkside Detective A Fumble in the Dark: string indices must be integers, not 'str'
2026-07-03 17:56:46,172 - INFO - 📅 Fetching Basic Metadata: Return to Ash
2026-07-03 17:56:46,286 - INFO - 🎯 IGDB Match: 'Return to Ash' (100%)
2026-07-03 17:56:46,292 - INFO - 🏢 Publisher Search: STALCRAFT: X Starter Edition
2026-07-03 17:56:47,644 - INFO - 📅 Fetching Basic Metadata: STALCRAFT: X Starter Edition
2026-07-03 17:56:47,986 - INFO - 📅 Fetching Basic Metadata: Boxes: Lost Fragments
2026-07-03 17:56:48,107 - INFO - 🎯 IGDB Match: 'Boxes: Lost Fragments' (100%)
2026-07-03 17:56:48,114 - INFO - 📅 Fetching Basic Metadata: My Night Job
2026-07-03 17:56:48,225 - INFO - 🎯 IGDB Match: 'My Night Job' (100%)
2026-07-03 17:56:48,231 - INFO - 📅 Fetching Basic Metadata: Electrician Simulator
2026-07-03 17:56:48,349 - INFO - 🎯 IGDB Match: 'Electrician Simulator' (100%)
2026-07-03 17:56:48,355 - INFO - 🏢 Publisher Search: World of Warships — Epic Anniversary Tachibana Pack
2026-07-03 17:56:49,688 - INFO - 📅 Fetching Basic Metadata: World of Warships — Epic Anniversary Tachibana Pack
2026-07-03 17:56:49,811 - INFO - 📅 Fetching Basic Metadata: Hyper Echelon
2026-07-03 17:56:49,988 - INFO - 🎯 IGDB Match: 'Hyper Echelon' (100%)
2026-07-03 17:56:49,994 - INFO - 📅 Fetching Basic Metadata: Havendock
2026-07-03 17:56:50,107 - INFO - 🎯 IGDB Match: 'Havendock' (100%)
2026-07-03 17:56:50,113 - INFO - 📅 Fetching Basic Metadata: Clone Drone in the Danger Zone
2026-07-03 17:56:50,223 - INFO - 🎯 IGDB Match: 'Clone Drone in the Danger Zone' (100%)
2026-07-03 17:56:50,229 - INFO - 🏢 Publisher Search: TOMAK: Save the Earth Regeneration
2026-07-03 17:56:51,557 - INFO - 📅 Fetching Basic Metadata: TOMAK: Save the Earth Regeneration
2026-07-03 17:56:51,669 - INFO - 🎯 IGDB Match: 'Tomak: Save the Earth Regeneration' (100%)
2026-07-03 17:56:51,676 - INFO - 📅 Fetching Basic Metadata: Prop Sumo
2026-07-03 17:56:51,789 - INFO - 🎯 IGDB Match: 'Prop Sumo' (100%)
2026-07-03 17:56:51,795 - INFO - 📅 Fetching Basic Metadata: The Stone of Madness
2026-07-03 17:56:51,911 - INFO - 🎯 IGDB Match: 'The Stone of Madness' (100%)
2026-07-03 17:56:51,917 - INFO - 📅 Fetching Basic Metadata: Firestone Online Idle RPG
2026-07-03 17:56:52,027 - INFO - 🎯 IGDB Match: 'Firestone: Online Idle RPG' (98%)
2026-07-03 17:56:52,033 - INFO - 📅 Fetching Basic Metadata: Oddsparks: An Automation Adventure
2026-07-03 17:56:52,147 - INFO - 🎯 IGDB Match: 'Oddsparks: An Automation Adventure' (100%)
2026-07-03 17:56:52,154 - INFO - 📅 Fetching Basic Metadata: Trash Goblin
2026-07-03 17:56:52,264 - INFO - 🎯 IGDB Match: 'Trash Goblin' (100%)
2026-07-03 17:56:52,270 - INFO - 🏢 Publisher Search: The Telltale Batman Shadows Edition
2026-07-03 17:56:53,627 - INFO - 📅 Fetching Basic Metadata: The Telltale Batman Shadows Edition
2026-07-03 17:56:53,771 - INFO - 🎯 IGDB Match: 'Telltale Batman Shadows Edition' (95%)
2026-07-03 17:56:53,778 - INFO - 🏢 Publisher Search: Sunderfolk - Standard Edition
2026-07-03 17:56:55,116 - INFO - 📅 Fetching Basic Metadata: Sunderfolk - Standard Edition
2026-07-03 17:56:55,253 - INFO - 📅 Fetching Basic Metadata: Down in Bermuda
2026-07-03 17:56:55,423 - INFO - 🎯 IGDB Match: 'Down in Bermuda' (100%)
2026-07-03 17:56:55,429 - INFO - 📅 Fetching Basic Metadata: Tomb Raider I-III Remastered Starring Lara Croft
2026-07-03 17:56:55,556 - INFO - 📅 Fetching Basic Metadata: LONESTAR
2026-07-03 17:56:55,675 - INFO - 🎯 IGDB Match: 'LoneStar' (100%)
2026-07-03 17:56:55,681 - INFO - 📅 Fetching Basic Metadata: Calico
2026-07-03 17:56:55,798 - INFO - 🎯 IGDB Match: 'Calico' (100%)
2026-07-03 17:56:55,804 - INFO - 📅 Fetching Basic Metadata: Rogue Waters
2026-07-03 17:56:56,061 - INFO - 🎯 IGDB Match: 'Rogue Waters' (100%)
2026-07-03 17:56:56,067 - INFO - 📅 Fetching Basic Metadata: The Ouroboros King
2026-07-03 17:56:56,303 - INFO - 🎯 IGDB Match: 'The Ouroboros King' (100%)
2026-07-03 17:56:56,309 - INFO - 🏢 Publisher Search: Warhammer 40K Speed Freeks
2026-07-03 17:56:57,628 - INFO - 📅 Fetching Basic Metadata: I Have No Mouth, and I Must Scream
2026-07-03 17:56:57,740 - INFO - 🎯 IGDB Match: 'I Have No Mouth, and I Must Scream' (100%)
2026-07-03 17:56:57,751 - INFO - 
--- Starting Data Quality Checks ---
2026-07-03 17:56:57,764 - INFO - --- Data Quality Checks Complete ---

2026-07-03 17:56:57,794 - INFO - | Metric | Statistics |
| :--- | :--- |
| 💰 **Total Market Value** | **$13,238.03** |
| 📦 **Total Games Collected** | 686 |
| 🏷️ **Average Retail Price** | $22.34 per game |
| 💎 **Most Expensive Title** | Civilization 6 Platinum Edition ($79.99) |
| 👑 **MVP Publisher** | Bethesda Softworks |
| 🏢 **Value Leaders** | 2K ($579.90), Bethesda Softworks ($544.80), Paradox Interactive ($409.89) |
| 📈 **Inflation-Adjusted Value** | $15,035.27 |
| 🎈 **Inflation Bonus** | **+$1,797.24** in purchasing power |
| 🗓️ **Peak Saving Month** | 🎄 **Seasonality Peak:** December is historically the best month, offering $3,388.17 in savings. |
| ⭐ **Average Score** | 76.8/100 |
| 💳 **Subscription Equivalent** | **$168.44 / mo** |
| 🎯 **Prestige Ratio** | **2.0%** (Strategic Hype) |
| 🏎️ **Lead Time Avg** | 441 Days to Sequel |

2026-07-03 17:56:57,795 - INFO - ✅ README.md updated.
2026-07-03 17:56:57,819 - INFO - Using categorical units to plot a list of strings that are all parsable as floats or dates. If these strings should be plotted as numbers, cast to the appropriate data type before plotting.
2026-07-03 17:56:57,819 - INFO - Using categorical units to plot a list of strings that are all parsable as floats or dates. If these strings should be plotted as numbers, cast to the appropriate data type before plotting.
2026-07-03 17:57:04,112 - INFO - 📈 All charts generated successfully.
