2026-05-24 17:31:19,353 - INFO - Failed to extract font properties from /usr/share/fonts/truetype/noto/NotoColorEmoji.ttf: Can not load face (unknown file format; error code 0x2)
2026-05-24 17:31:19,432 - INFO - generated new fontManager
2026-05-24 17:31:19,779 - INFO - ✅ Migration Successful!
2026-05-24 17:31:19,971 - INFO - No new games found.
2026-05-24 17:31:20,615 - INFO - 🔍 Found 598 games needing metadata. Starting IGDB + Steam + CheapShark enrichment...
2026-05-24 17:31:20,701 - INFO - 📅 Fetching Basic Metadata: LEGO Batman Trilogy
2026-05-24 17:31:21,034 - INFO - 🎯 IGDB Match: 'LEGO Batman Trilogy' (100%)
2026-05-24 17:31:21,056 - INFO - 📅 Fetching Basic Metadata: Antstream
2026-05-24 17:31:21,439 - INFO - 📅 Fetching Basic Metadata: The Drone Racing League Simulator
2026-05-24 17:31:21,649 - INFO - 🎯 IGDB Match: 'The Drone Racing League Simulator' (100%)
2026-05-24 17:31:21,656 - INFO - 📅 Fetching Basic Metadata: Dark Deity
2026-05-24 17:31:22,047 - INFO - 🎯 IGDB Match: 'Dark Deity' (100%)
2026-05-24 17:31:22,053 - INFO - 📅 Fetching Basic Metadata: RPG in a Box
2026-05-24 17:31:22,211 - INFO - 🎯 IGDB Match: 'RPG in a Box' (100%)
2026-05-24 17:31:22,218 - INFO - 📅 Fetching Basic Metadata: Fallout Classic Collection
2026-05-24 17:31:22,564 - INFO - 🎯 IGDB Match: 'Fallout Classic Collection' (100%)
2026-05-24 17:31:22,573 - INFO - 📅 Fetching Basic Metadata: Recipe for Disaster
2026-05-24 17:31:22,853 - INFO - 🎯 IGDB Match: 'Recipe For Disaster' (100%)
2026-05-24 17:31:22,860 - INFO - 📅 Fetching Basic Metadata: World of Warships — Starter Pack: Ishizuchi
2026-05-24 17:31:23,095 - INFO - 🎯 IGDB Match: 'World of Warships: Starter Pack - Ishizuchi' (98%)
2026-05-24 17:31:23,102 - INFO - 📅 Fetching Basic Metadata: Poker Club
2026-05-24 17:31:23,379 - INFO - 🎯 IGDB Match: 'Poker Club' (100%)
2026-05-24 17:31:23,385 - INFO - 📅 Fetching Basic Metadata: The Sims 4 The Daring Lifestyle Bundle
2026-05-24 17:31:23,636 - INFO - 🎯 IGDB Match: 'The Sims 4: The Daring Lifestyle Bundle' (99%)
2026-05-24 17:31:23,644 - INFO - 📅 Fetching Basic Metadata: Dodo Peak
2026-05-24 17:31:23,765 - INFO - 🎯 IGDB Match: 'Dodo Peak' (100%)
2026-05-24 17:31:23,771 - INFO - 📅 Fetching Basic Metadata: Spelldrifter
2026-05-24 17:31:24,013 - INFO - 🎯 IGDB Match: 'Spelldrifter' (100%)
2026-05-24 17:31:24,019 - INFO - 📅 Fetching Basic Metadata: Model Builder
2026-05-24 17:31:24,369 - INFO - 🎯 IGDB Match: 'Model Builder' (100%)
2026-05-24 17:31:24,376 - INFO - 📅 Fetching Basic Metadata: Godlike Burger
2026-05-24 17:31:24,627 - INFO - 🎯 IGDB Match: 'Godlike Burger' (100%)
2026-05-24 17:31:24,633 - INFO - 📅 Fetching Basic Metadata: Q.U.B.E. Ultimate Bundle
2026-05-24 17:31:24,902 - INFO - 🎯 IGDB Match: 'Q.U.B.E. Ultimate Bundle' (100%)
2026-05-24 17:31:24,909 - INFO - 📅 Fetching Basic Metadata: Jitsu Squad
2026-05-24 17:31:25,125 - INFO - 🎯 IGDB Match: 'Jitsu Squad' (100%)
2026-05-24 17:31:25,132 - INFO - 📅 Fetching Basic Metadata: Mighty Fight Federation
2026-05-24 17:31:25,511 - INFO - 🎯 IGDB Match: 'Mighty Fight Federation' (100%)
2026-05-24 17:31:25,520 - INFO - 📅 Fetching Basic Metadata: LOVE
2026-05-24 17:31:25,750 - INFO - 🎯 IGDB Match: 'Love Love Love' (90%)
2026-05-24 17:31:25,757 - INFO - 📅 Fetching Basic Metadata: Call of The Wild: The Angler
2026-05-24 17:31:25,886 - INFO - 🎯 IGDB Match: 'Call of the Wild: The Angler' (100%)
2026-05-24 17:31:25,894 - INFO - 📅 Fetching Basic Metadata: The Falconeer
2026-05-24 17:31:26,102 - INFO - 🎯 IGDB Match: 'The Falconeer: The Hunter' (90%)
2026-05-24 17:31:26,109 - INFO - 📅 Fetching Basic Metadata: Rawmen: Food Fighter Arena
2026-05-24 17:31:26,415 - INFO - 🎯 IGDB Match: 'Rawmen' (90%)
2026-05-24 17:31:26,422 - INFO - 📅 Fetching Basic Metadata: World of Warships – Starter Pack: Albany
2026-05-24 17:31:26,709 - INFO - 📅 Fetching Basic Metadata: Fallout Classic Edition
2026-05-24 17:31:26,842 - INFO - 📅 Fetching Basic Metadata: Outliver: Tribulation
2026-05-24 17:31:26,981 - INFO - 🎯 IGDB Match: 'Outliver: Tribulation' (100%)
2026-05-24 17:31:26,988 - INFO - 📅 Fetching Basic Metadata: Bus Simulator 21 Next Stop
2026-05-24 17:31:27,239 - INFO - 🎯 IGDB Match: 'Bus Simulator 21: Next Stop' (98%)
2026-05-24 17:31:27,248 - INFO - 📅 Fetching Basic Metadata: Turmoil
2026-05-24 17:31:27,403 - INFO - 🎯 IGDB Match: 'Turmoil' (100%)
2026-05-24 17:31:27,411 - INFO - 📅 Fetching Basic Metadata: World War Z Aftermath
2026-05-24 17:31:27,643 - INFO - 🎯 IGDB Match: 'World War Z: Aftermath' (98%)
2026-05-24 17:31:27,650 - INFO - 📅 Fetching Basic Metadata: World Of Warships – Anniversary Party Flavor
2026-05-24 17:31:27,781 - INFO - 📅 Fetching Basic Metadata: Neko Ghost, Jump!
2026-05-24 17:31:27,908 - INFO - 🎯 IGDB Match: 'Neko Ghost, Jump!' (100%)
2026-05-24 17:31:27,915 - INFO - 📅 Fetching Basic Metadata: Super Space Club
2026-05-24 17:31:28,117 - INFO - 🎯 IGDB Match: 'Super Space Club' (100%)
2026-05-24 17:31:28,123 - INFO - 📅 Fetching Basic Metadata: Touch Type Tale
2026-05-24 17:31:28,331 - INFO - 🎯 IGDB Match: 'Touch Type Tale' (100%)
2026-05-24 17:31:28,338 - INFO - 📅 Fetching Basic Metadata: Gigapocalypse
2026-05-24 17:31:28,457 - INFO - 🎯 IGDB Match: 'Gigapocalypse' (100%)
2026-05-24 17:31:28,465 - INFO - 📅 Fetching Basic Metadata: Legion TD2
2026-05-24 17:31:28,596 - INFO - 📅 Fetching Basic Metadata: Nightingale
2026-05-24 17:31:28,723 - INFO - 🎯 IGDB Match: 'Nightingale' (100%)
2026-05-24 17:31:28,731 - INFO - 📅 Fetching Basic Metadata: Godzilla Voxel Wars
2026-05-24 17:31:28,871 - INFO - 🎯 IGDB Match: 'Godzilla Voxel Wars' (100%)
2026-05-24 17:31:28,879 - INFO - 📅 Fetching Basic Metadata: Trine Classic Collection
2026-05-24 17:31:28,998 - INFO - 🎯 IGDB Match: 'Trine Classic Collection' (100%)
2026-05-24 17:31:29,005 - INFO - 📅 Fetching Basic Metadata: Poison Retro Set
2026-05-24 17:31:29,138 - INFO - 🎯 IGDB Match: 'Pixel Gun 3D: Poison Retro Set' (90%)
2026-05-24 17:31:29,144 - INFO - 📅 Fetching Basic Metadata: The Darkside Detective A Fumble in the Dark
2026-05-24 17:31:29,300 - INFO - 🎯 IGDB Match: 'The Darkside Detective: A Fumble in the Dark' (99%)
2026-05-24 17:31:29,307 - INFO - 📅 Fetching Basic Metadata: Return to Ash
2026-05-24 17:31:29,562 - INFO - 🎯 IGDB Match: 'Return to Ash' (100%)
2026-05-24 17:31:29,568 - INFO - 🏢 Publisher Search: STALCRAFT: X Starter Edition
2026-05-24 17:31:31,152 - INFO - 📅 Fetching Basic Metadata: STALCRAFT: X Starter Edition
2026-05-24 17:31:31,361 - INFO - 📅 Fetching Basic Metadata: Boxes: Lost Fragments
2026-05-24 17:31:31,530 - INFO - 🎯 IGDB Match: 'Boxes: Lost Fragments' (100%)
2026-05-24 17:31:31,537 - INFO - 📅 Fetching Basic Metadata: My Night Job
2026-05-24 17:31:31,686 - INFO - 🎯 IGDB Match: 'My Night Job' (100%)
2026-05-24 17:31:31,693 - INFO - 📅 Fetching Basic Metadata: Electrician Simulator
2026-05-24 17:31:31,943 - INFO - 🎯 IGDB Match: 'Electrician Simulator' (100%)
2026-05-24 17:31:31,950 - INFO - 🏢 Publisher Search: World of Warships — Epic Anniversary Tachibana Pack
2026-05-24 17:31:33,359 - INFO - 📅 Fetching Basic Metadata: World of Warships — Epic Anniversary Tachibana Pack
2026-05-24 17:31:33,490 - INFO - 📅 Fetching Basic Metadata: Hyper Echelon
2026-05-24 17:31:33,794 - INFO - 🎯 IGDB Match: 'Hyper Echelon' (100%)
2026-05-24 17:31:33,801 - INFO - 📅 Fetching Basic Metadata: Havendock
2026-05-24 17:31:33,942 - INFO - 🎯 IGDB Match: 'Havendock' (100%)
2026-05-24 17:31:33,948 - INFO - 📅 Fetching Basic Metadata: Clone Drone in the Danger Zone
2026-05-24 17:31:34,093 - INFO - 🎯 IGDB Match: 'Clone Drone in the Danger Zone' (100%)
2026-05-24 17:31:34,099 - INFO - 🏢 Publisher Search: TOMAK: Save the Earth Regeneration
2026-05-24 17:31:35,563 - INFO - 📅 Fetching Basic Metadata: TOMAK: Save the Earth Regeneration
2026-05-24 17:31:35,809 - INFO - 🎯 IGDB Match: 'Tomak: Save the Earth Regeneration' (100%)
2026-05-24 17:31:35,815 - INFO - 📅 Fetching Basic Metadata: Prop Sumo
2026-05-24 17:31:35,939 - INFO - 🎯 IGDB Match: 'Prop Sumo' (100%)
2026-05-24 17:31:35,945 - INFO - 📅 Fetching Basic Metadata: The Stone of Madness
2026-05-24 17:31:36,216 - INFO - 🎯 IGDB Match: 'The Stone of Madness' (100%)
2026-05-24 17:31:36,223 - INFO - 📅 Fetching Basic Metadata: Firestone Online Idle RPG
2026-05-24 17:31:36,353 - INFO - 🎯 IGDB Match: 'Firestone: Online Idle RPG' (98%)
2026-05-24 17:31:36,359 - INFO - 📅 Fetching Basic Metadata: Oddsparks: An Automation Adventure
2026-05-24 17:31:36,510 - INFO - 🎯 IGDB Match: 'Oddsparks: An Automation Adventure' (100%)
2026-05-24 17:31:36,517 - INFO - 📅 Fetching Basic Metadata: Trash Goblin
2026-05-24 17:31:36,729 - INFO - 🎯 IGDB Match: 'Trash Goblin' (100%)
2026-05-24 17:31:36,735 - INFO - 🏢 Publisher Search: The Telltale Batman Shadows Edition
2026-05-24 17:31:38,150 - INFO - 📅 Fetching Basic Metadata: The Telltale Batman Shadows Edition
2026-05-24 17:31:38,407 - INFO - 🎯 IGDB Match: 'Telltale Batman Shadows Edition' (95%)
2026-05-24 17:31:38,413 - INFO - 🏢 Publisher Search: Sunderfolk - Standard Edition
2026-05-24 17:31:40,044 - INFO - 📅 Fetching Basic Metadata: Sunderfolk - Standard Edition
2026-05-24 17:31:40,302 - INFO - 📅 Fetching Basic Metadata: Down in Bermuda
2026-05-24 17:31:40,548 - INFO - 🎯 IGDB Match: 'Down in Bermuda' (100%)
2026-05-24 17:31:40,554 - INFO - 📅 Fetching Basic Metadata: Tomb Raider I-III Remastered Starring Lara Croft
2026-05-24 17:31:40,834 - INFO - 
--- Starting Data Quality Checks ---
2026-05-24 17:31:40,847 - INFO - --- Data Quality Checks Complete ---

2026-05-24 17:31:40,875 - INFO - | Metric | Statistics |
| :--- | :--- |
| 💰 **Total Market Value** | **$12,993.15** |
| 📦 **Total Games Collected** | 674 |
| 🏷️ **Average Retail Price** | $22.38 per game |
| 💎 **Most Expensive Title** | Civilization 6 Platinum Edition ($79.99) |
| 👑 **MVP Publisher** | Bethesda Softworks |
| 🏢 **Value Leaders** | 2K ($579.90), Bethesda Softworks ($544.80), Paradox Interactive ($409.89) |
| 📈 **Inflation-Adjusted Value** | $14,790.39 |
| 🎈 **Inflation Bonus** | **+$1,797.24** in purchasing power |
| 🗓️ **Peak Saving Month** | 🎄 **Seasonality Peak:** December is historically the best month, offering $3,388.17 in savings. |
| ⭐ **Average Score** | 76.8/100 |
| 💳 **Subscription Equivalent** | **$169.47 / mo** |
| 🎯 **Prestige Ratio** | **1.9%** (Strategic Hype) |
| 🏎️ **Lead Time Avg** | 447 Days to Sequel |

2026-05-24 17:31:40,876 - INFO - ✅ README.md updated.
2026-05-24 17:31:40,899 - INFO - Using categorical units to plot a list of strings that are all parsable as floats or dates. If these strings should be plotted as numbers, cast to the appropriate data type before plotting.
2026-05-24 17:31:40,900 - INFO - Using categorical units to plot a list of strings that are all parsable as floats or dates. If these strings should be plotted as numbers, cast to the appropriate data type before plotting.
2026-05-24 17:31:45,954 - INFO - 📈 All charts generated successfully.
