2026-06-22 19:53:52,997 - INFO - Failed to extract font properties from /usr/share/fonts/truetype/noto/NotoColorEmoji.ttf: Non-scalable fonts are not supported
2026-06-22 19:53:53,209 - INFO - generated new fontManager
2026-06-22 19:53:53,615 - INFO - ✅ Migration Successful!
2026-06-22 19:53:54,076 - INFO - No new games found.
2026-06-22 19:53:54,582 - INFO - 🔍 Found 605 games needing metadata. Starting IGDB + Steam + CheapShark enrichment...
2026-06-22 19:53:54,683 - INFO - 📅 Fetching Basic Metadata: LEGO Batman Trilogy
2026-06-22 19:53:55,067 - INFO - 🎯 IGDB Match: 'LEGO Batman Trilogy' (100%)
2026-06-22 19:53:55,093 - INFO - 📅 Fetching Basic Metadata: Antstream
2026-06-22 19:53:55,230 - INFO - 📅 Fetching Basic Metadata: The Drone Racing League Simulator
2026-06-22 19:53:55,503 - INFO - 🎯 IGDB Match: 'The Drone Racing League Simulator' (100%)
2026-06-22 19:53:55,512 - INFO - 📅 Fetching Basic Metadata: Dark Deity
2026-06-22 19:53:55,695 - INFO - 🎯 IGDB Match: 'Dark Deity' (100%)
2026-06-22 19:53:55,702 - INFO - 📅 Fetching Basic Metadata: RPG in a Box
2026-06-22 19:53:55,880 - INFO - 🎯 IGDB Match: 'RPG in a Box' (100%)
2026-06-22 19:53:55,887 - INFO - 📅 Fetching Basic Metadata: Fallout Classic Collection
2026-06-22 19:53:56,238 - INFO - 🎯 IGDB Match: 'Fallout Classic Collection' (100%)
2026-06-22 19:53:56,245 - INFO - 📅 Fetching Basic Metadata: Recipe for Disaster
2026-06-22 19:53:56,471 - INFO - 🎯 IGDB Match: 'Recipe For Disaster' (100%)
2026-06-22 19:53:56,477 - INFO - 📅 Fetching Basic Metadata: World of Warships — Starter Pack: Ishizuchi
2026-06-22 19:53:56,663 - INFO - 🎯 IGDB Match: 'World of Warships: Starter Pack - Ishizuchi' (98%)
2026-06-22 19:53:56,671 - INFO - 📅 Fetching Basic Metadata: Poker Club
2026-06-22 19:53:56,802 - INFO - 🎯 IGDB Match: 'Poker Club' (100%)
2026-06-22 19:53:56,808 - INFO - 📅 Fetching Basic Metadata: The Sims 4 The Daring Lifestyle Bundle
2026-06-22 19:53:56,935 - INFO - 🎯 IGDB Match: 'The Sims 4: The Daring Lifestyle Bundle' (99%)
2026-06-22 19:53:56,943 - INFO - 📅 Fetching Basic Metadata: Dodo Peak
2026-06-22 19:53:57,070 - INFO - 🎯 IGDB Match: 'Dodo Peak' (100%)
2026-06-22 19:53:57,076 - INFO - 📅 Fetching Basic Metadata: Spelldrifter
2026-06-22 19:53:57,194 - INFO - 🎯 IGDB Match: 'Spelldrifter' (100%)
2026-06-22 19:53:57,201 - INFO - 📅 Fetching Basic Metadata: Model Builder
2026-06-22 19:53:57,331 - INFO - 🎯 IGDB Match: 'Model Builder' (100%)
2026-06-22 19:53:57,338 - INFO - 📅 Fetching Basic Metadata: Godlike Burger
2026-06-22 19:53:57,537 - INFO - 🎯 IGDB Match: 'Godlike Burger' (100%)
2026-06-22 19:53:57,543 - INFO - 📅 Fetching Basic Metadata: Q.U.B.E. Ultimate Bundle
2026-06-22 19:53:57,734 - INFO - 🎯 IGDB Match: 'Q.U.B.E. Ultimate Bundle' (100%)
2026-06-22 19:53:57,742 - INFO - 📅 Fetching Basic Metadata: Jitsu Squad
2026-06-22 19:53:57,887 - INFO - 🎯 IGDB Match: 'Jitsu Squad' (100%)
2026-06-22 19:53:57,894 - INFO - 📅 Fetching Basic Metadata: Mighty Fight Federation
2026-06-22 19:53:58,172 - INFO - 🎯 IGDB Match: 'Mighty Fight Federation' (100%)
2026-06-22 19:53:58,182 - INFO - 📅 Fetching Basic Metadata: LOVE
2026-06-22 19:53:58,327 - INFO - 🎯 IGDB Match: 'Love Love Love' (90%)
2026-06-22 19:53:58,336 - INFO - 📅 Fetching Basic Metadata: Call of The Wild: The Angler
2026-06-22 19:53:58,455 - INFO - 🎯 IGDB Match: 'Call of the Wild: The Angler' (100%)
2026-06-22 19:53:58,464 - INFO - 📅 Fetching Basic Metadata: The Falconeer
2026-06-22 19:53:58,707 - INFO - 🎯 IGDB Match: 'The Falconeer: The Hunter' (90%)
2026-06-22 19:53:58,714 - INFO - 📅 Fetching Basic Metadata: Rawmen: Food Fighter Arena
2026-06-22 19:53:58,912 - INFO - 🎯 IGDB Match: 'Rawmen' (90%)
2026-06-22 19:53:58,919 - INFO - 📅 Fetching Basic Metadata: World of Warships – Starter Pack: Albany
2026-06-22 19:53:59,051 - INFO - 📅 Fetching Basic Metadata: Fallout Classic Edition
2026-06-22 19:53:59,194 - INFO - 📅 Fetching Basic Metadata: Outliver: Tribulation
2026-06-22 19:53:59,325 - INFO - 🎯 IGDB Match: 'Outliver: Tribulation' (100%)
2026-06-22 19:53:59,332 - INFO - 📅 Fetching Basic Metadata: Bus Simulator 21 Next Stop
2026-06-22 19:53:59,460 - INFO - 🎯 IGDB Match: 'Bus Simulator 21: Next Stop' (98%)
2026-06-22 19:53:59,469 - INFO - 📅 Fetching Basic Metadata: Turmoil
2026-06-22 19:53:59,589 - INFO - 🎯 IGDB Match: 'Turmoil' (100%)
2026-06-22 19:53:59,597 - INFO - 📅 Fetching Basic Metadata: World War Z Aftermath
2026-06-22 19:53:59,720 - INFO - 🎯 IGDB Match: 'World War Z: Aftermath' (98%)
2026-06-22 19:53:59,726 - INFO - 📅 Fetching Basic Metadata: World Of Warships – Anniversary Party Flavor
2026-06-22 19:53:59,861 - INFO - 📅 Fetching Basic Metadata: Neko Ghost, Jump!
2026-06-22 19:53:59,981 - INFO - 🎯 IGDB Match: 'Neko Ghost, Jump!' (100%)
2026-06-22 19:53:59,987 - INFO - 📅 Fetching Basic Metadata: Super Space Club
2026-06-22 19:54:00,112 - INFO - 🎯 IGDB Match: 'Super Space Club' (100%)
2026-06-22 19:54:00,118 - INFO - 📅 Fetching Basic Metadata: Touch Type Tale
2026-06-22 19:54:00,253 - WARNING - IGDB Error for Touch Type Tale: string indices must be integers, not 'str'
2026-06-22 19:54:00,259 - INFO - 📅 Fetching Basic Metadata: Gigapocalypse
2026-06-22 19:54:00,366 - WARNING - IGDB Error for Gigapocalypse: string indices must be integers, not 'str'
2026-06-22 19:54:00,374 - INFO - 📅 Fetching Basic Metadata: Legion TD2
2026-06-22 19:54:00,487 - WARNING - IGDB Error for Legion TD2: string indices must be integers, not 'str'
2026-06-22 19:54:00,495 - INFO - 📅 Fetching Basic Metadata: Nightingale
2026-06-22 19:54:00,671 - WARNING - IGDB Error for Nightingale: string indices must be integers, not 'str'
2026-06-22 19:54:00,680 - INFO - 📅 Fetching Basic Metadata: Godzilla Voxel Wars
2026-06-22 19:54:00,866 - WARNING - IGDB Error for Godzilla Voxel Wars: string indices must be integers, not 'str'
2026-06-22 19:54:00,876 - INFO - 📅 Fetching Basic Metadata: Trine Classic Collection
2026-06-22 19:54:01,075 - INFO - 🎯 IGDB Match: 'Trine Classic Collection' (100%)
2026-06-22 19:54:01,083 - INFO - 📅 Fetching Basic Metadata: Poison Retro Set
2026-06-22 19:54:01,201 - WARNING - IGDB Error for Poison Retro Set: string indices must be integers, not 'str'
2026-06-22 19:54:01,207 - INFO - 📅 Fetching Basic Metadata: The Darkside Detective A Fumble in the Dark
2026-06-22 19:54:01,334 - INFO - 🎯 IGDB Match: 'The Darkside Detective: A Fumble in the Dark' (99%)
2026-06-22 19:54:01,342 - INFO - 📅 Fetching Basic Metadata: Return to Ash
2026-06-22 19:54:01,463 - INFO - 🎯 IGDB Match: 'Return to Ash' (100%)
2026-06-22 19:54:01,470 - INFO - 🏢 Publisher Search: STALCRAFT: X Starter Edition
2026-06-22 19:54:02,980 - INFO - 📅 Fetching Basic Metadata: STALCRAFT: X Starter Edition
2026-06-22 19:54:03,106 - INFO - 📅 Fetching Basic Metadata: Boxes: Lost Fragments
2026-06-22 19:54:03,221 - INFO - 🎯 IGDB Match: 'Boxes: Lost Fragments' (100%)
2026-06-22 19:54:03,227 - INFO - 📅 Fetching Basic Metadata: My Night Job
2026-06-22 19:54:03,468 - INFO - 🎯 IGDB Match: 'My Night Job' (100%)
2026-06-22 19:54:03,476 - INFO - 📅 Fetching Basic Metadata: Electrician Simulator
2026-06-22 19:54:03,595 - INFO - 🎯 IGDB Match: 'Electrician Simulator' (100%)
2026-06-22 19:54:03,601 - INFO - 🏢 Publisher Search: World of Warships — Epic Anniversary Tachibana Pack
2026-06-22 19:54:05,040 - INFO - 📅 Fetching Basic Metadata: World of Warships — Epic Anniversary Tachibana Pack
2026-06-22 19:54:05,214 - INFO - 📅 Fetching Basic Metadata: Hyper Echelon
2026-06-22 19:54:05,332 - INFO - 🎯 IGDB Match: 'Hyper Echelon' (100%)
2026-06-22 19:54:05,338 - INFO - 📅 Fetching Basic Metadata: Havendock
2026-06-22 19:54:05,550 - INFO - 🎯 IGDB Match: 'Havendock' (100%)
2026-06-22 19:54:05,556 - INFO - 📅 Fetching Basic Metadata: Clone Drone in the Danger Zone
2026-06-22 19:54:05,766 - INFO - 🎯 IGDB Match: 'Clone Drone in the Danger Zone' (100%)
2026-06-22 19:54:05,777 - INFO - 🏢 Publisher Search: TOMAK: Save the Earth Regeneration
2026-06-22 19:54:07,251 - INFO - 📅 Fetching Basic Metadata: TOMAK: Save the Earth Regeneration
2026-06-22 19:54:07,516 - INFO - 🎯 IGDB Match: 'Tomak: Save the Earth Regeneration' (100%)
2026-06-22 19:54:07,523 - INFO - 📅 Fetching Basic Metadata: Prop Sumo
2026-06-22 19:54:07,760 - INFO - 🎯 IGDB Match: 'Prop Sumo' (100%)
2026-06-22 19:54:07,767 - INFO - 📅 Fetching Basic Metadata: The Stone of Madness
2026-06-22 19:54:08,005 - INFO - 🎯 IGDB Match: 'The Stone of Madness' (100%)
2026-06-22 19:54:08,012 - INFO - 📅 Fetching Basic Metadata: Firestone Online Idle RPG
2026-06-22 19:54:08,186 - INFO - 🎯 IGDB Match: 'Firestone: Online Idle RPG' (98%)
2026-06-22 19:54:08,193 - INFO - 📅 Fetching Basic Metadata: Oddsparks: An Automation Adventure
2026-06-22 19:54:08,319 - INFO - 🎯 IGDB Match: 'Oddsparks: An Automation Adventure' (100%)
2026-06-22 19:54:08,325 - INFO - 📅 Fetching Basic Metadata: Trash Goblin
2026-06-22 19:54:08,449 - INFO - 🎯 IGDB Match: 'Trash Goblin' (100%)
2026-06-22 19:54:08,455 - INFO - 🏢 Publisher Search: The Telltale Batman Shadows Edition
2026-06-22 19:54:09,802 - INFO - 📅 Fetching Basic Metadata: The Telltale Batman Shadows Edition
2026-06-22 19:54:09,936 - INFO - 🎯 IGDB Match: 'Telltale Batman Shadows Edition' (95%)
2026-06-22 19:54:09,943 - INFO - 🏢 Publisher Search: Sunderfolk - Standard Edition
2026-06-22 19:54:11,341 - INFO - 📅 Fetching Basic Metadata: Sunderfolk - Standard Edition
2026-06-22 19:54:11,465 - INFO - 📅 Fetching Basic Metadata: Down in Bermuda
2026-06-22 19:54:11,610 - INFO - 🎯 IGDB Match: 'Down in Bermuda' (100%)
2026-06-22 19:54:11,616 - INFO - 📅 Fetching Basic Metadata: Tomb Raider I-III Remastered Starring Lara Croft
2026-06-22 19:54:11,763 - INFO - 📅 Fetching Basic Metadata: LONESTAR
2026-06-22 19:54:11,966 - INFO - 🎯 IGDB Match: 'LoneStar' (100%)
2026-06-22 19:54:11,973 - INFO - 📅 Fetching Basic Metadata: Calico
2026-06-22 19:54:12,091 - INFO - 🎯 IGDB Match: 'Calico' (100%)
2026-06-22 19:54:12,098 - INFO - 📅 Fetching Basic Metadata: Rogue Waters
2026-06-22 19:54:12,219 - INFO - 🎯 IGDB Match: 'Rogue Waters' (100%)
2026-06-22 19:54:12,226 - INFO - 📅 Fetching Basic Metadata: The Ouroboros King
2026-06-22 19:54:12,360 - INFO - 🎯 IGDB Match: 'The Ouroboros King' (100%)
2026-06-22 19:54:12,367 - INFO - 🏢 Publisher Search: Warhammer 40K Speed Freeks
2026-06-22 19:54:13,844 - INFO - 
--- Starting Data Quality Checks ---
2026-06-22 19:54:13,857 - INFO - --- Data Quality Checks Complete ---

2026-06-22 19:54:13,885 - INFO - | Metric | Statistics |
| :--- | :--- |
| 💰 **Total Market Value** | **$13,148.07** |
| 📦 **Total Games Collected** | 682 |
| 🏷️ **Average Retail Price** | $22.34 per game |
| 💎 **Most Expensive Title** | Civilization 6 Platinum Edition ($79.99) |
| 👑 **MVP Publisher** | Bethesda Softworks |
| 🏢 **Value Leaders** | 2K ($579.90), Bethesda Softworks ($544.80), Paradox Interactive ($409.89) |
| 📈 **Inflation-Adjusted Value** | $14,945.31 |
| 🎈 **Inflation Bonus** | **+$1,797.24** in purchasing power |
| 🗓️ **Peak Saving Month** | 🎄 **Seasonality Peak:** December is historically the best month, offering $3,388.17 in savings. |
| ⭐ **Average Score** | 76.8/100 |
| 💳 **Subscription Equivalent** | **$169.31 / mo** |
| 🎯 **Prestige Ratio** | **2.1%** (Strategic Hype) |
| 🏎️ **Lead Time Avg** | 441 Days to Sequel |

2026-06-22 19:54:13,885 - INFO - ✅ README.md updated.
2026-06-22 19:54:13,908 - INFO - Using categorical units to plot a list of strings that are all parsable as floats or dates. If these strings should be plotted as numbers, cast to the appropriate data type before plotting.
2026-06-22 19:54:13,908 - INFO - Using categorical units to plot a list of strings that are all parsable as floats or dates. If these strings should be plotted as numbers, cast to the appropriate data type before plotting.
2026-06-22 19:54:19,600 - INFO - 📈 All charts generated successfully.
