2026-07-15 17:46:46,543 - INFO - Failed to extract font properties from /usr/share/fonts/truetype/noto/NotoColorEmoji.ttf: Non-scalable fonts are not supported
2026-07-15 17:46:46,565 - INFO - generated new fontManager
2026-07-15 17:46:46,968 - INFO - ✅ Migration Successful!
2026-07-15 17:46:47,248 - INFO - No new games found.
2026-07-15 17:46:47,770 - INFO - 🔍 Found 611 games needing metadata. Starting IGDB + Steam + CheapShark enrichment...
2026-07-15 17:46:47,840 - INFO - 📅 Fetching Basic Metadata: LEGO Batman Trilogy
2026-07-15 17:46:48,116 - INFO - 🎯 IGDB Match: 'LEGO Batman Trilogy' (100%)
2026-07-15 17:46:48,143 - INFO - 📅 Fetching Basic Metadata: Antstream
2026-07-15 17:46:48,311 - INFO - 📅 Fetching Basic Metadata: The Drone Racing League Simulator
2026-07-15 17:46:48,523 - INFO - 🎯 IGDB Match: 'The Drone Racing League Simulator' (100%)
2026-07-15 17:46:48,531 - INFO - 📅 Fetching Basic Metadata: Dark Deity
2026-07-15 17:46:48,736 - INFO - 🎯 IGDB Match: 'Dark Deity' (100%)
2026-07-15 17:46:48,743 - INFO - 📅 Fetching Basic Metadata: RPG in a Box
2026-07-15 17:46:48,977 - INFO - 🎯 IGDB Match: 'RPG in a Box' (100%)
2026-07-15 17:46:48,984 - INFO - 📅 Fetching Basic Metadata: Fallout Classic Collection
2026-07-15 17:46:49,278 - INFO - 🎯 IGDB Match: 'Fallout Classic Collection' (100%)
2026-07-15 17:46:49,287 - INFO - 📅 Fetching Basic Metadata: Recipe for Disaster
2026-07-15 17:46:49,527 - INFO - 🎯 IGDB Match: 'Recipe For Disaster' (100%)
2026-07-15 17:46:49,535 - INFO - 📅 Fetching Basic Metadata: World of Warships — Starter Pack: Ishizuchi
2026-07-15 17:46:49,638 - INFO - 🎯 IGDB Match: 'World of Warships: Starter Pack - Ishizuchi' (98%)
2026-07-15 17:46:49,646 - INFO - 📅 Fetching Basic Metadata: Poker Club
2026-07-15 17:46:49,748 - INFO - 🎯 IGDB Match: 'Poker Club' (100%)
2026-07-15 17:46:49,755 - INFO - 📅 Fetching Basic Metadata: The Sims 4 The Daring Lifestyle Bundle
2026-07-15 17:46:49,906 - INFO - 🎯 IGDB Match: 'The Sims 4: The Daring Lifestyle Bundle' (99%)
2026-07-15 17:46:49,915 - INFO - 📅 Fetching Basic Metadata: Dodo Peak
2026-07-15 17:46:50,022 - INFO - 🎯 IGDB Match: 'Dodo Peak' (100%)
2026-07-15 17:46:50,028 - INFO - 📅 Fetching Basic Metadata: Spelldrifter
2026-07-15 17:46:50,217 - INFO - 🎯 IGDB Match: 'Spelldrifter' (100%)
2026-07-15 17:46:50,223 - INFO - 📅 Fetching Basic Metadata: Model Builder
2026-07-15 17:46:50,417 - INFO - 🎯 IGDB Match: 'Model Builder' (100%)
2026-07-15 17:46:50,424 - INFO - 📅 Fetching Basic Metadata: Godlike Burger
2026-07-15 17:46:50,731 - INFO - 🎯 IGDB Match: 'Godlike Burger' (100%)
2026-07-15 17:46:50,738 - INFO - 📅 Fetching Basic Metadata: Q.U.B.E. Ultimate Bundle
2026-07-15 17:46:50,901 - INFO - 🎯 IGDB Match: 'Q.U.B.E. Ultimate Bundle' (100%)
2026-07-15 17:46:50,909 - INFO - 📅 Fetching Basic Metadata: Jitsu Squad
2026-07-15 17:46:51,095 - INFO - 🎯 IGDB Match: 'Jitsu Squad' (100%)
2026-07-15 17:46:51,101 - INFO - 📅 Fetching Basic Metadata: Mighty Fight Federation
2026-07-15 17:46:51,206 - INFO - 🎯 IGDB Match: 'Mighty Fight Federation' (100%)
2026-07-15 17:46:51,216 - INFO - 📅 Fetching Basic Metadata: LOVE
2026-07-15 17:46:51,355 - INFO - 🎯 IGDB Match: 'Love Love Love' (90%)
2026-07-15 17:46:51,362 - INFO - 📅 Fetching Basic Metadata: Call of The Wild: The Angler
2026-07-15 17:46:51,488 - INFO - 🎯 IGDB Match: 'Call of the Wild: The Angler' (100%)
2026-07-15 17:46:51,496 - INFO - 📅 Fetching Basic Metadata: The Falconeer
2026-07-15 17:46:51,594 - INFO - 🎯 IGDB Match: 'The Falconeer: The Hunter' (90%)
2026-07-15 17:46:51,602 - INFO - 📅 Fetching Basic Metadata: Rawmen: Food Fighter Arena
2026-07-15 17:46:51,828 - INFO - 🎯 IGDB Match: 'Rawmen' (90%)
2026-07-15 17:46:51,834 - INFO - 📅 Fetching Basic Metadata: World of Warships – Starter Pack: Albany
2026-07-15 17:46:51,941 - INFO - 📅 Fetching Basic Metadata: Fallout Classic Edition
2026-07-15 17:46:52,100 - INFO - 📅 Fetching Basic Metadata: Outliver: Tribulation
2026-07-15 17:46:52,201 - INFO - 🎯 IGDB Match: 'Outliver: Tribulation' (100%)
2026-07-15 17:46:52,209 - INFO - 📅 Fetching Basic Metadata: Bus Simulator 21 Next Stop
2026-07-15 17:46:52,309 - INFO - 🎯 IGDB Match: 'Bus Simulator 21: Next Stop' (98%)
2026-07-15 17:46:52,317 - INFO - 📅 Fetching Basic Metadata: Turmoil
2026-07-15 17:46:52,417 - INFO - 🎯 IGDB Match: 'Turmoil' (100%)
2026-07-15 17:46:52,424 - INFO - 📅 Fetching Basic Metadata: World War Z Aftermath
2026-07-15 17:46:52,521 - INFO - 🎯 IGDB Match: 'World War Z: Aftermath' (98%)
2026-07-15 17:46:52,528 - INFO - 📅 Fetching Basic Metadata: World Of Warships – Anniversary Party Flavor
2026-07-15 17:46:52,631 - INFO - 📅 Fetching Basic Metadata: Neko Ghost, Jump!
2026-07-15 17:46:52,724 - INFO - 🎯 IGDB Match: 'Neko Ghost, Jump!' (100%)
2026-07-15 17:46:52,731 - INFO - 📅 Fetching Basic Metadata: Super Space Club
2026-07-15 17:46:52,831 - INFO - 🎯 IGDB Match: 'Super Space Club' (100%)
2026-07-15 17:46:52,838 - INFO - 📅 Fetching Basic Metadata: Touch Type Tale
2026-07-15 17:46:53,021 - INFO - 🎯 IGDB Match: 'Touch Type Tale' (100%)
2026-07-15 17:46:53,028 - INFO - 📅 Fetching Basic Metadata: Gigapocalypse
2026-07-15 17:46:53,124 - INFO - 🎯 IGDB Match: 'Gigapocalypse' (100%)
2026-07-15 17:46:53,132 - INFO - 📅 Fetching Basic Metadata: Legion TD2
2026-07-15 17:46:53,245 - INFO - 📅 Fetching Basic Metadata: Nightingale
2026-07-15 17:46:53,334 - WARNING - IGDB Error for Nightingale: string indices must be integers, not 'str'
2026-07-15 17:46:53,342 - INFO - 📅 Fetching Basic Metadata: Godzilla Voxel Wars
2026-07-15 17:46:53,425 - WARNING - IGDB Error for Godzilla Voxel Wars: string indices must be integers, not 'str'
2026-07-15 17:46:53,433 - INFO - 📅 Fetching Basic Metadata: Trine Classic Collection
2026-07-15 17:46:53,603 - WARNING - IGDB Error for Trine Classic Collection: string indices must be integers, not 'str'
2026-07-15 17:46:53,611 - INFO - 📅 Fetching Basic Metadata: Poison Retro Set
2026-07-15 17:46:53,814 - WARNING - IGDB Error for Poison Retro Set: string indices must be integers, not 'str'
2026-07-15 17:46:53,822 - INFO - 📅 Fetching Basic Metadata: The Darkside Detective A Fumble in the Dark
2026-07-15 17:46:53,921 - WARNING - IGDB Error for The Darkside Detective A Fumble in the Dark: string indices must be integers, not 'str'
2026-07-15 17:46:53,928 - INFO - 📅 Fetching Basic Metadata: Return to Ash
2026-07-15 17:46:54,102 - WARNING - IGDB Error for Return to Ash: string indices must be integers, not 'str'
2026-07-15 17:46:54,108 - INFO - 🏢 Publisher Search: STALCRAFT: X Starter Edition
2026-07-15 17:46:55,557 - INFO - 📅 Fetching Basic Metadata: STALCRAFT: X Starter Edition
2026-07-15 17:46:55,748 - INFO - 📅 Fetching Basic Metadata: Boxes: Lost Fragments
2026-07-15 17:46:55,846 - INFO - 🎯 IGDB Match: 'Boxes: Lost Fragments' (100%)
2026-07-15 17:46:55,853 - INFO - 📅 Fetching Basic Metadata: My Night Job
2026-07-15 17:46:55,948 - INFO - 🎯 IGDB Match: 'My Night Job' (100%)
2026-07-15 17:46:55,955 - INFO - 📅 Fetching Basic Metadata: Electrician Simulator
2026-07-15 17:46:56,049 - INFO - 🎯 IGDB Match: 'Electrician Simulator' (100%)
2026-07-15 17:46:56,056 - INFO - 🏢 Publisher Search: World of Warships — Epic Anniversary Tachibana Pack
2026-07-15 17:46:57,523 - INFO - 📅 Fetching Basic Metadata: World of Warships — Epic Anniversary Tachibana Pack
2026-07-15 17:46:57,628 - INFO - 📅 Fetching Basic Metadata: Hyper Echelon
2026-07-15 17:46:57,729 - INFO - 🎯 IGDB Match: 'Hyper Echelon' (100%)
2026-07-15 17:46:57,736 - INFO - 📅 Fetching Basic Metadata: Havendock
2026-07-15 17:46:57,918 - INFO - 🎯 IGDB Match: 'Havendock' (100%)
2026-07-15 17:46:57,925 - INFO - 📅 Fetching Basic Metadata: Clone Drone in the Danger Zone
2026-07-15 17:46:58,023 - INFO - 🎯 IGDB Match: 'Clone Drone in the Danger Zone' (100%)
2026-07-15 17:46:58,030 - INFO - 🏢 Publisher Search: TOMAK: Save the Earth Regeneration
2026-07-15 17:46:59,538 - INFO - 📅 Fetching Basic Metadata: TOMAK: Save the Earth Regeneration
2026-07-15 17:46:59,635 - INFO - 🎯 IGDB Match: 'Tomak: Save the Earth Regeneration' (100%)
2026-07-15 17:46:59,641 - INFO - 📅 Fetching Basic Metadata: Prop Sumo
2026-07-15 17:46:59,843 - INFO - 🎯 IGDB Match: 'Prop Sumo' (100%)
2026-07-15 17:46:59,849 - INFO - 📅 Fetching Basic Metadata: The Stone of Madness
2026-07-15 17:47:00,036 - INFO - 🎯 IGDB Match: 'The Stone of Madness' (100%)
2026-07-15 17:47:00,043 - INFO - 📅 Fetching Basic Metadata: Firestone Online Idle RPG
2026-07-15 17:47:00,143 - INFO - 🎯 IGDB Match: 'Firestone: Online Idle RPG' (98%)
2026-07-15 17:47:00,149 - INFO - 📅 Fetching Basic Metadata: Oddsparks: An Automation Adventure
2026-07-15 17:47:00,342 - INFO - 🎯 IGDB Match: 'Oddsparks: An Automation Adventure' (100%)
2026-07-15 17:47:00,349 - INFO - 📅 Fetching Basic Metadata: Trash Goblin
2026-07-15 17:47:00,532 - INFO - 🎯 IGDB Match: 'Trash Goblin' (100%)
2026-07-15 17:47:00,538 - INFO - 🏢 Publisher Search: The Telltale Batman Shadows Edition
2026-07-15 17:47:02,003 - INFO - 📅 Fetching Basic Metadata: The Telltale Batman Shadows Edition
2026-07-15 17:47:02,099 - INFO - 🎯 IGDB Match: 'Telltale Batman Shadows Edition' (95%)
2026-07-15 17:47:02,106 - INFO - 🏢 Publisher Search: Sunderfolk - Standard Edition
2026-07-15 17:47:03,614 - INFO - 📅 Fetching Basic Metadata: Sunderfolk - Standard Edition
2026-07-15 17:47:03,804 - INFO - 📅 Fetching Basic Metadata: Down in Bermuda
2026-07-15 17:47:03,993 - INFO - 🎯 IGDB Match: 'Down in Bermuda' (100%)
2026-07-15 17:47:03,999 - INFO - 📅 Fetching Basic Metadata: Tomb Raider I-III Remastered Starring Lara Croft
2026-07-15 17:47:04,214 - INFO - 📅 Fetching Basic Metadata: LONESTAR
2026-07-15 17:47:04,427 - INFO - 🎯 IGDB Match: 'LoneStar' (100%)
2026-07-15 17:47:04,434 - INFO - 📅 Fetching Basic Metadata: Calico
2026-07-15 17:47:04,533 - INFO - 🎯 IGDB Match: 'Calico' (100%)
2026-07-15 17:47:04,540 - INFO - 📅 Fetching Basic Metadata: Rogue Waters
2026-07-15 17:47:04,726 - INFO - 🎯 IGDB Match: 'Rogue Waters' (100%)
2026-07-15 17:47:04,733 - INFO - 📅 Fetching Basic Metadata: The Ouroboros King
2026-07-15 17:47:04,830 - INFO - 🎯 IGDB Match: 'The Ouroboros King' (100%)
2026-07-15 17:47:04,836 - INFO - 🏢 Publisher Search: Warhammer 40K Speed Freeks
2026-07-15 17:47:06,310 - INFO - 📅 Fetching Basic Metadata: I Have No Mouth, and I Must Scream
2026-07-15 17:47:06,408 - INFO - 🎯 IGDB Match: 'I Have No Mouth, and I Must Scream' (100%)
2026-07-15 17:47:06,415 - INFO - 📅 Fetching Basic Metadata: Nova Lands
2026-07-15 17:47:06,510 - INFO - 🎯 IGDB Match: 'Nova Lands' (100%)
2026-07-15 17:47:06,517 - INFO - 📅 Fetching Basic Metadata: Tattoo Tycoon
2026-07-15 17:47:06,613 - INFO - 🎯 IGDB Match: 'Tattoo Tycoon' (100%)
2026-07-15 17:47:06,625 - INFO - 
--- Starting Data Quality Checks ---
2026-07-15 17:47:06,638 - INFO - --- Data Quality Checks Complete ---

2026-07-15 17:47:06,668 - INFO - | Metric | Statistics |
| :--- | :--- |
| 💰 **Total Market Value** | **$13,288.01** |
| 📦 **Total Games Collected** | 688 |
| 🏷️ **Average Retail Price** | $22.35 per game |
| 💎 **Most Expensive Title** | Civilization 6 Platinum Edition ($79.99) |
| 👑 **MVP Publisher** | Bethesda Softworks |
| 🏢 **Value Leaders** | 2K ($579.90), Bethesda Softworks ($544.80), Paradox Interactive ($409.89) |
| 📈 **Inflation-Adjusted Value** | $15,085.25 |
| 🎈 **Inflation Bonus** | **+$1,797.24** in purchasing power |
| 🗓️ **Peak Saving Month** | 🎄 **Seasonality Peak:** December is historically the best month, offering $3,388.17 in savings. |
| ⭐ **Average Score** | 76.8/100 |
| 💳 **Subscription Equivalent** | **$168.99 / mo** |
| 🎯 **Prestige Ratio** | **2.0%** (Strategic Hype) |
| 🏎️ **Lead Time Avg** | 441 Days to Sequel |

2026-07-15 17:47:06,668 - INFO - ✅ README.md updated.
2026-07-15 17:47:06,692 - INFO - Using categorical units to plot a list of strings that are all parsable as floats or dates. If these strings should be plotted as numbers, cast to the appropriate data type before plotting.
2026-07-15 17:47:06,693 - INFO - Using categorical units to plot a list of strings that are all parsable as floats or dates. If these strings should be plotted as numbers, cast to the appropriate data type before plotting.
2026-07-15 17:47:12,552 - INFO - 📈 All charts generated successfully.
