2026-02-26 17:35:47,906 - INFO - Failed to extract font properties from /usr/share/fonts/truetype/noto/NotoColorEmoji.ttf: Can not load face (unknown file format; error code 0x2)
2026-02-26 17:35:47,950 - INFO - generated new fontManager
2026-02-26 17:35:48,318 - INFO - ✅ Migration Successful!
2026-02-26 17:35:48,485 - INFO - Added 2 new games!
2026-02-26 17:35:48,968 - INFO - 🔍 Found 577 games needing metadata. Starting IGDB + Steam + CheapShark enrichment...
2026-02-26 17:35:49,087 - INFO - 📅 Fetching Basic Metadata: LEGO Batman Trilogy
2026-02-26 17:35:49,518 - INFO - 🎯 IGDB Match: 'LEGO Batman Trilogy' (100%)
2026-02-26 17:35:49,543 - INFO - 📅 Fetching Basic Metadata: Antstream
2026-02-26 17:35:49,781 - INFO - 📅 Fetching Basic Metadata: The Drone Racing League Simulator
2026-02-26 17:35:49,950 - INFO - 🎯 IGDB Match: 'The Drone Racing League Simulator' (100%)
2026-02-26 17:35:49,957 - INFO - 📅 Fetching Basic Metadata: Dark Deity
2026-02-26 17:35:50,247 - INFO - 🎯 IGDB Match: 'Dark Deity' (100%)
2026-02-26 17:35:50,253 - INFO - 📅 Fetching Basic Metadata: RPG in a Box
2026-02-26 17:35:50,473 - INFO - 🎯 IGDB Match: 'RPG in a Box' (100%)
2026-02-26 17:35:50,479 - INFO - 📅 Fetching Basic Metadata: Fallout Classic Collection
2026-02-26 17:35:50,751 - INFO - 🎯 IGDB Match: 'Fallout Classic Collection' (100%)
2026-02-26 17:35:50,759 - INFO - 📅 Fetching Basic Metadata: Recipe for Disaster
2026-02-26 17:35:51,019 - INFO - 🎯 IGDB Match: 'Recipe for Disaster' (100%)
2026-02-26 17:35:51,025 - INFO - 📅 Fetching Basic Metadata: World of Warships — Starter Pack: Ishizuchi
2026-02-26 17:35:51,205 - INFO - 🎯 IGDB Match: 'World of Warships: Starter Pack - Ishizuchi' (98%)
2026-02-26 17:35:51,212 - INFO - 📅 Fetching Basic Metadata: Poker Club
2026-02-26 17:35:51,412 - INFO - 🎯 IGDB Match: 'Poker Club' (100%)
2026-02-26 17:35:51,418 - INFO - 📅 Fetching Basic Metadata: The Sims 4 The Daring Lifestyle Bundle
2026-02-26 17:35:51,616 - INFO - 🎯 IGDB Match: 'The Sims 4: The Daring Lifestyle Bundle' (99%)
2026-02-26 17:35:51,624 - INFO - 📅 Fetching Basic Metadata: Dodo Peak
2026-02-26 17:35:51,784 - INFO - 🎯 IGDB Match: 'Dodo Peak' (100%)
2026-02-26 17:35:51,790 - INFO - 📅 Fetching Basic Metadata: Spelldrifter
2026-02-26 17:35:51,948 - INFO - 🎯 IGDB Match: 'Spelldrifter' (100%)
2026-02-26 17:35:51,954 - INFO - 📅 Fetching Basic Metadata: Model Builder
2026-02-26 17:35:52,124 - INFO - 🎯 IGDB Match: 'Model Builder' (100%)
2026-02-26 17:35:52,130 - INFO - 📅 Fetching Basic Metadata: Godlike Burger
2026-02-26 17:35:52,297 - INFO - 🎯 IGDB Match: 'Godlike Burger' (100%)
2026-02-26 17:35:52,303 - INFO - 📅 Fetching Basic Metadata: Q.U.B.E. Ultimate Bundle
2026-02-26 17:35:52,472 - INFO - 🎯 IGDB Match: 'Q.U.B.E. Ultimate Bundle' (100%)
2026-02-26 17:35:52,479 - INFO - 📅 Fetching Basic Metadata: Jitsu Squad
2026-02-26 17:35:52,747 - INFO - 🎯 IGDB Match: 'Jitsu Squad' (100%)
2026-02-26 17:35:52,753 - INFO - 📅 Fetching Basic Metadata: Mighty Fight Federation
2026-02-26 17:35:52,924 - INFO - 🎯 IGDB Match: 'Mighty Fight Federation' (100%)
2026-02-26 17:35:52,933 - INFO - 📅 Fetching Basic Metadata: LOVE
2026-02-26 17:35:53,152 - INFO - 🎯 IGDB Match: 'Love Love Love' (90%)
2026-02-26 17:35:53,159 - INFO - 📅 Fetching Basic Metadata: Call of The Wild: The Angler
2026-02-26 17:35:53,319 - INFO - 🎯 IGDB Match: 'Call of the Wild: The Angler' (100%)
2026-02-26 17:35:53,327 - INFO - 📅 Fetching Basic Metadata: The Falconeer
2026-02-26 17:35:53,501 - INFO - 🎯 IGDB Match: 'The Falconeer: The Hunter' (90%)
2026-02-26 17:35:53,507 - INFO - 📅 Fetching Basic Metadata: Rawmen: Food Fighter Arena
2026-02-26 17:35:53,679 - INFO - 🎯 IGDB Match: 'Rawmen' (90%)
2026-02-26 17:35:53,685 - INFO - 📅 Fetching Basic Metadata: World of Warships – Starter Pack: Albany
2026-02-26 17:35:53,918 - INFO - 📅 Fetching Basic Metadata: Fallout Classic Edition
2026-02-26 17:35:54,141 - INFO - 📅 Fetching Basic Metadata: Outliver: Tribulation
2026-02-26 17:35:54,316 - INFO - 🎯 IGDB Match: 'Outliver: Tribulation' (100%)
2026-02-26 17:35:54,324 - INFO - 📅 Fetching Basic Metadata: Bus Simulator 21 Next Stop
2026-02-26 17:35:54,572 - INFO - 🎯 IGDB Match: 'Bus Simulator 21: Next Stop' (98%)
2026-02-26 17:35:54,579 - INFO - 📅 Fetching Basic Metadata: Turmoil
2026-02-26 17:35:54,748 - INFO - 🎯 IGDB Match: 'Turmoil' (100%)
2026-02-26 17:35:54,755 - INFO - 📅 Fetching Basic Metadata: World War Z Aftermath
2026-02-26 17:35:54,944 - INFO - 🎯 IGDB Match: 'World War Z: Aftermath' (98%)
2026-02-26 17:35:54,950 - INFO - 📅 Fetching Basic Metadata: World Of Warships – Anniversary Party Flavor
2026-02-26 17:35:55,130 - INFO - 📅 Fetching Basic Metadata: Neko Ghost, Jump!
2026-02-26 17:35:55,322 - INFO - 🎯 IGDB Match: 'Neko Ghost, Jump!' (100%)
2026-02-26 17:35:55,329 - INFO - 📅 Fetching Basic Metadata: Super Space Club
2026-02-26 17:35:55,517 - INFO - 🎯 IGDB Match: 'Super Space Club' (100%)
2026-02-26 17:35:55,523 - INFO - 📅 Fetching Basic Metadata: Touch Type Tale
2026-02-26 17:35:55,725 - INFO - 🎯 IGDB Match: 'Touch Type Tale' (100%)
2026-02-26 17:35:55,731 - INFO - 📅 Fetching Basic Metadata: Gigapocalypse
2026-02-26 17:35:55,889 - INFO - 🎯 IGDB Match: 'Gigapocalypse' (100%)
2026-02-26 17:35:55,896 - INFO - 📅 Fetching Basic Metadata: Legion TD2
2026-02-26 17:35:56,081 - INFO - 📅 Fetching Basic Metadata: Nightingale
2026-02-26 17:35:56,249 - INFO - 🎯 IGDB Match: 'Nightingale' (100%)
2026-02-26 17:35:56,256 - INFO - 📅 Fetching Basic Metadata: Godzilla Voxel Wars
2026-02-26 17:35:56,424 - INFO - 🎯 IGDB Match: 'Godzilla Voxel Wars' (100%)
2026-02-26 17:35:56,432 - INFO - 📅 Fetching Basic Metadata: Trine Classic Collection
2026-02-26 17:35:56,603 - INFO - 🎯 IGDB Match: 'Trine Classic Collection' (100%)
2026-02-26 17:35:56,609 - INFO - 📅 Fetching Basic Metadata: Poison Retro Set
2026-02-26 17:35:56,814 - INFO - 🎯 IGDB Match: 'Pixel Gun 3D: Poison Retro Set' (90%)
2026-02-26 17:35:56,820 - INFO - 📅 Fetching Basic Metadata: The Darkside Detective A Fumble in the Dark
2026-02-26 17:35:56,964 - WARNING - IGDB Error for The Darkside Detective A Fumble in the Dark: string indices must be integers, not 'str'
2026-02-26 17:35:56,970 - INFO - 📅 Fetching Basic Metadata: Return to Ash
2026-02-26 17:35:57,114 - WARNING - IGDB Error for Return to Ash: string indices must be integers, not 'str'
2026-02-26 17:35:57,120 - INFO - 🏢 Publisher Search: STALCRAFT: X Starter Edition
2026-02-26 17:35:58,455 - INFO - 📅 Fetching Basic Metadata: STALCRAFT: X Starter Edition
2026-02-26 17:35:58,628 - INFO - 💰 Price Search: Boxes: Lost Fragments
2026-02-26 17:35:59,946 - INFO - 🏢 Publisher Search: Boxes: Lost Fragments
2026-02-26 17:36:01,407 - INFO - 📅 Fetching Basic Metadata: Boxes: Lost Fragments
2026-02-26 17:36:01,575 - INFO - 🎯 IGDB Match: 'Boxes: Lost Fragments' (100%)
2026-02-26 17:36:01,575 - INFO - 🔗 Searching Franchise Context: Boxes: Lost Fragments
2026-02-26 17:36:01,847 - INFO - 📡 Fallback to IGDB for Boxes: Lost Fragments
2026-02-26 17:36:02,050 - INFO - 💰 Price Search: My Night Job
2026-02-26 17:36:03,366 - INFO - 🏢 Publisher Search: My Night Job
2026-02-26 17:36:04,820 - INFO - 📅 Fetching Basic Metadata: My Night Job
2026-02-26 17:36:04,973 - INFO - 🎯 IGDB Match: 'My Night Job' (100%)
2026-02-26 17:36:04,973 - INFO - 🔗 Searching Franchise Context: My Night Job
2026-02-26 17:36:05,266 - INFO - 📡 Fallback to IGDB for My Night Job
2026-02-26 17:36:05,432 - INFO - 
--- Starting Data Quality Checks ---
2026-02-26 17:36:05,445 - INFO - --- Data Quality Checks Complete ---

2026-02-26 17:36:05,473 - INFO - | Metric | Statistics |
| :--- | :--- |
| 💰 **Total Market Value** | **$12,603.32** |
| 📦 **Total Games Collected** | 653 |
| 🏷️ **Average Retail Price** | $22.48 per game |
| 💎 **Most Expensive Title** | Civilization 6 Platinum Edition ($79.99) |
| 👑 **MVP Publisher** | Bethesda Softworks |
| 🏢 **Value Leaders** | 2K ($579.90), Bethesda Softworks ($544.80), Paradox Interactive ($409.89) |
| 📈 **Inflation-Adjusted Value** | $14,400.56 |
| 🎈 **Inflation Bonus** | **+$1,797.24** in purchasing power |
| 🗓️ **Peak Saving Month** | 🎄 **Seasonality Peak:** December is historically the best month, offering $3,388.17 in savings. |
| ⭐ **Average Score** | 76.7/100 |
| 💳 **Subscription Equivalent** | **$170.71 / mo** |
| 🎯 **Prestige Ratio** | **2.0%** (Strategic Hype) |
| 🏎️ **Lead Time Avg** | 447 Days to Sequel |

2026-02-26 17:36:05,474 - INFO - ✅ README.md updated.
2026-02-26 17:36:05,496 - INFO - Using categorical units to plot a list of strings that are all parsable as floats or dates. If these strings should be plotted as numbers, cast to the appropriate data type before plotting.
2026-02-26 17:36:05,497 - INFO - Using categorical units to plot a list of strings that are all parsable as floats or dates. If these strings should be plotted as numbers, cast to the appropriate data type before plotting.
2026-02-26 17:36:10,642 - INFO - 📈 All charts generated successfully.
