2026-06-08 18:41:44,624 - INFO - Failed to extract font properties from /usr/share/fonts/truetype/noto/NotoColorEmoji.ttf: Can not load face (unknown file format; error code 0x2)
2026-06-08 18:41:44,646 - INFO - generated new fontManager
2026-06-08 18:41:45,005 - INFO - ✅ Migration Successful!
2026-06-08 18:41:45,186 - INFO - No new games found.
2026-06-08 18:41:45,832 - INFO - 🔍 Found 602 games needing metadata. Starting IGDB + Steam + CheapShark enrichment...
2026-06-08 18:41:45,969 - INFO - 📅 Fetching Basic Metadata: LEGO Batman Trilogy
2026-06-08 18:41:46,377 - INFO - 🎯 IGDB Match: 'LEGO Batman Trilogy' (100%)
2026-06-08 18:41:46,405 - INFO - 📅 Fetching Basic Metadata: Antstream
2026-06-08 18:41:46,585 - INFO - 📅 Fetching Basic Metadata: The Drone Racing League Simulator
2026-06-08 18:41:46,790 - INFO - 🎯 IGDB Match: 'The Drone Racing League Simulator' (100%)
2026-06-08 18:41:46,798 - INFO - 📅 Fetching Basic Metadata: Dark Deity
2026-06-08 18:41:47,108 - INFO - 🎯 IGDB Match: 'Dark Deity' (100%)
2026-06-08 18:41:47,115 - INFO - 📅 Fetching Basic Metadata: RPG in a Box
2026-06-08 18:41:47,243 - INFO - 🎯 IGDB Match: 'RPG in a Box' (100%)
2026-06-08 18:41:47,250 - INFO - 📅 Fetching Basic Metadata: Fallout Classic Collection
2026-06-08 18:41:47,392 - INFO - 🎯 IGDB Match: 'Fallout Classic Collection' (100%)
2026-06-08 18:41:47,400 - INFO - 📅 Fetching Basic Metadata: Recipe for Disaster
2026-06-08 18:41:47,522 - INFO - 🎯 IGDB Match: 'Recipe For Disaster' (100%)
2026-06-08 18:41:47,530 - INFO - 📅 Fetching Basic Metadata: World of Warships — Starter Pack: Ishizuchi
2026-06-08 18:41:47,805 - INFO - 🎯 IGDB Match: 'World of Warships: Starter Pack - Ishizuchi' (98%)
2026-06-08 18:41:47,814 - INFO - 📅 Fetching Basic Metadata: Poker Club
2026-06-08 18:41:48,083 - INFO - 🎯 IGDB Match: 'Poker Club' (100%)
2026-06-08 18:41:48,091 - INFO - 📅 Fetching Basic Metadata: The Sims 4 The Daring Lifestyle Bundle
2026-06-08 18:41:48,444 - INFO - 🎯 IGDB Match: 'The Sims 4: The Daring Lifestyle Bundle' (99%)
2026-06-08 18:41:48,454 - INFO - 📅 Fetching Basic Metadata: Dodo Peak
2026-06-08 18:41:48,699 - INFO - 🎯 IGDB Match: 'Dodo Peak' (100%)
2026-06-08 18:41:48,706 - INFO - 📅 Fetching Basic Metadata: Spelldrifter
2026-06-08 18:41:48,989 - INFO - 🎯 IGDB Match: 'Spelldrifter' (100%)
2026-06-08 18:41:48,997 - INFO - 📅 Fetching Basic Metadata: Model Builder
2026-06-08 18:41:49,246 - INFO - 🎯 IGDB Match: 'Model Builder' (100%)
2026-06-08 18:41:49,253 - INFO - 📅 Fetching Basic Metadata: Godlike Burger
2026-06-08 18:41:49,375 - INFO - 🎯 IGDB Match: 'Godlike Burger' (100%)
2026-06-08 18:41:49,382 - INFO - 📅 Fetching Basic Metadata: Q.U.B.E. Ultimate Bundle
2026-06-08 18:41:49,654 - INFO - 🎯 IGDB Match: 'Q.U.B.E. Ultimate Bundle' (100%)
2026-06-08 18:41:49,663 - INFO - 📅 Fetching Basic Metadata: Jitsu Squad
2026-06-08 18:41:49,778 - INFO - 🎯 IGDB Match: 'Jitsu Squad' (100%)
2026-06-08 18:41:49,784 - INFO - 📅 Fetching Basic Metadata: Mighty Fight Federation
2026-06-08 18:41:49,996 - INFO - 🎯 IGDB Match: 'Mighty Fight Federation' (100%)
2026-06-08 18:41:50,007 - INFO - 📅 Fetching Basic Metadata: LOVE
2026-06-08 18:41:50,308 - INFO - 🎯 IGDB Match: 'Love Love Love' (90%)
2026-06-08 18:41:50,316 - INFO - 📅 Fetching Basic Metadata: Call of The Wild: The Angler
2026-06-08 18:41:50,532 - INFO - 🎯 IGDB Match: 'Call of the Wild: The Angler' (100%)
2026-06-08 18:41:50,542 - INFO - 📅 Fetching Basic Metadata: The Falconeer
2026-06-08 18:41:50,662 - INFO - 🎯 IGDB Match: 'The Falconeer: The Hunter' (90%)
2026-06-08 18:41:50,668 - INFO - 📅 Fetching Basic Metadata: Rawmen: Food Fighter Arena
2026-06-08 18:41:50,854 - INFO - 🎯 IGDB Match: 'Rawmen' (90%)
2026-06-08 18:41:50,863 - INFO - 📅 Fetching Basic Metadata: World of Warships – Starter Pack: Albany
2026-06-08 18:41:51,206 - INFO - 📅 Fetching Basic Metadata: Fallout Classic Edition
2026-06-08 18:41:51,335 - INFO - 📅 Fetching Basic Metadata: Outliver: Tribulation
2026-06-08 18:41:51,631 - INFO - 🎯 IGDB Match: 'Outliver: Tribulation' (100%)
2026-06-08 18:41:51,639 - INFO - 📅 Fetching Basic Metadata: Bus Simulator 21 Next Stop
2026-06-08 18:41:51,759 - INFO - 🎯 IGDB Match: 'Bus Simulator 21: Next Stop' (98%)
2026-06-08 18:41:51,769 - INFO - 📅 Fetching Basic Metadata: Turmoil
2026-06-08 18:41:51,930 - INFO - 🎯 IGDB Match: 'Turmoil' (100%)
2026-06-08 18:41:51,939 - INFO - 📅 Fetching Basic Metadata: World War Z Aftermath
2026-06-08 18:41:52,054 - INFO - 🎯 IGDB Match: 'World War Z: Aftermath' (98%)
2026-06-08 18:41:52,062 - INFO - 📅 Fetching Basic Metadata: World Of Warships – Anniversary Party Flavor
2026-06-08 18:41:52,242 - INFO - 📅 Fetching Basic Metadata: Neko Ghost, Jump!
2026-06-08 18:41:52,368 - INFO - 🎯 IGDB Match: 'Neko Ghost, Jump!' (100%)
2026-06-08 18:41:52,376 - INFO - 📅 Fetching Basic Metadata: Super Space Club
2026-06-08 18:41:52,609 - INFO - 🎯 IGDB Match: 'Super Space Club' (100%)
2026-06-08 18:41:52,616 - INFO - 📅 Fetching Basic Metadata: Touch Type Tale
2026-06-08 18:41:52,782 - INFO - 🎯 IGDB Match: 'Touch Type Tale' (100%)
2026-06-08 18:41:52,789 - INFO - 📅 Fetching Basic Metadata: Gigapocalypse
2026-06-08 18:41:52,910 - INFO - 🎯 IGDB Match: 'Gigapocalypse' (100%)
2026-06-08 18:41:52,921 - INFO - 📅 Fetching Basic Metadata: Legion TD2
2026-06-08 18:41:53,166 - INFO - 📅 Fetching Basic Metadata: Nightingale
2026-06-08 18:41:53,283 - INFO - 🎯 IGDB Match: 'Nightingale' (100%)
2026-06-08 18:41:53,292 - INFO - 📅 Fetching Basic Metadata: Godzilla Voxel Wars
2026-06-08 18:41:53,548 - INFO - 🎯 IGDB Match: 'Godzilla Voxel Wars' (100%)
2026-06-08 18:41:53,556 - INFO - 📅 Fetching Basic Metadata: Trine Classic Collection
2026-06-08 18:41:53,746 - INFO - 🎯 IGDB Match: 'Trine Classic Collection' (100%)
2026-06-08 18:41:53,754 - INFO - 📅 Fetching Basic Metadata: Poison Retro Set
2026-06-08 18:41:53,896 - INFO - 🎯 IGDB Match: 'Pixel Gun 3D: Poison Retro Set' (90%)
2026-06-08 18:41:53,902 - INFO - 📅 Fetching Basic Metadata: The Darkside Detective A Fumble in the Dark
2026-06-08 18:41:54,029 - INFO - 🎯 IGDB Match: 'The Darkside Detective: A Fumble in the Dark' (99%)
2026-06-08 18:41:54,037 - INFO - 📅 Fetching Basic Metadata: Return to Ash
2026-06-08 18:41:54,161 - INFO - 🎯 IGDB Match: 'Return to Ash' (100%)
2026-06-08 18:41:54,168 - INFO - 🏢 Publisher Search: STALCRAFT: X Starter Edition
2026-06-08 18:41:55,651 - INFO - 📅 Fetching Basic Metadata: STALCRAFT: X Starter Edition
2026-06-08 18:41:55,914 - INFO - 📅 Fetching Basic Metadata: Boxes: Lost Fragments
2026-06-08 18:41:56,169 - INFO - 🎯 IGDB Match: 'Boxes: Lost Fragments' (100%)
2026-06-08 18:41:56,175 - INFO - 📅 Fetching Basic Metadata: My Night Job
2026-06-08 18:41:56,299 - INFO - 🎯 IGDB Match: 'My Night Job' (100%)
2026-06-08 18:41:56,307 - INFO - 📅 Fetching Basic Metadata: Electrician Simulator
2026-06-08 18:41:56,512 - INFO - 🎯 IGDB Match: 'Electrician Simulator' (100%)
2026-06-08 18:41:56,519 - INFO - 🏢 Publisher Search: World of Warships — Epic Anniversary Tachibana Pack
2026-06-08 18:41:57,869 - INFO - 📅 Fetching Basic Metadata: World of Warships — Epic Anniversary Tachibana Pack
2026-06-08 18:41:57,991 - INFO - 📅 Fetching Basic Metadata: Hyper Echelon
2026-06-08 18:41:58,254 - INFO - 🎯 IGDB Match: 'Hyper Echelon' (100%)
2026-06-08 18:41:58,260 - INFO - 📅 Fetching Basic Metadata: Havendock
2026-06-08 18:41:58,386 - INFO - 🎯 IGDB Match: 'Havendock' (100%)
2026-06-08 18:41:58,392 - INFO - 📅 Fetching Basic Metadata: Clone Drone in the Danger Zone
2026-06-08 18:41:58,681 - INFO - 🎯 IGDB Match: 'Clone Drone in the Danger Zone' (100%)
2026-06-08 18:41:58,689 - INFO - 🏢 Publisher Search: TOMAK: Save the Earth Regeneration
2026-06-08 18:42:00,107 - INFO - 📅 Fetching Basic Metadata: TOMAK: Save the Earth Regeneration
2026-06-08 18:42:00,315 - INFO - 🎯 IGDB Match: 'Tomak: Save the Earth Regeneration' (100%)
2026-06-08 18:42:00,322 - INFO - 📅 Fetching Basic Metadata: Prop Sumo
2026-06-08 18:42:00,444 - INFO - 🎯 IGDB Match: 'Prop Sumo' (100%)
2026-06-08 18:42:00,450 - INFO - 📅 Fetching Basic Metadata: The Stone of Madness
2026-06-08 18:42:00,568 - INFO - 🎯 IGDB Match: 'The Stone of Madness' (100%)
2026-06-08 18:42:00,575 - INFO - 📅 Fetching Basic Metadata: Firestone Online Idle RPG
2026-06-08 18:42:00,812 - INFO - 🎯 IGDB Match: 'Firestone: Online Idle RPG' (98%)
2026-06-08 18:42:00,819 - INFO - 📅 Fetching Basic Metadata: Oddsparks: An Automation Adventure
2026-06-08 18:42:01,077 - INFO - 🎯 IGDB Match: 'Oddsparks: An Automation Adventure' (100%)
2026-06-08 18:42:01,084 - INFO - 📅 Fetching Basic Metadata: Trash Goblin
2026-06-08 18:42:01,347 - INFO - 🎯 IGDB Match: 'Trash Goblin' (100%)
2026-06-08 18:42:01,353 - INFO - 🏢 Publisher Search: The Telltale Batman Shadows Edition
2026-06-08 18:42:02,742 - INFO - 📅 Fetching Basic Metadata: The Telltale Batman Shadows Edition
2026-06-08 18:42:02,999 - INFO - 🎯 IGDB Match: 'Telltale Batman Shadows Edition' (95%)
2026-06-08 18:42:03,006 - INFO - 🏢 Publisher Search: Sunderfolk - Standard Edition
2026-06-08 18:42:04,390 - INFO - 📅 Fetching Basic Metadata: Sunderfolk - Standard Edition
2026-06-08 18:42:04,515 - INFO - 📅 Fetching Basic Metadata: Down in Bermuda
2026-06-08 18:42:04,707 - INFO - 🎯 IGDB Match: 'Down in Bermuda' (100%)
2026-06-08 18:42:04,716 - INFO - 📅 Fetching Basic Metadata: Tomb Raider I-III Remastered Starring Lara Croft
2026-06-08 18:42:04,843 - INFO - 📅 Fetching Basic Metadata: LONESTAR
2026-06-08 18:42:04,970 - INFO - 🎯 IGDB Match: 'LoneStar' (100%)
2026-06-08 18:42:04,977 - INFO - 📅 Fetching Basic Metadata: Calico
2026-06-08 18:42:05,152 - INFO - 🎯 IGDB Match: 'Calico' (100%)
2026-06-08 18:42:05,159 - INFO - 📅 Fetching Basic Metadata: Rogue Waters
2026-06-08 18:42:05,364 - INFO - 🎯 IGDB Match: 'Rogue Waters' (100%)
2026-06-08 18:42:05,375 - INFO - 
--- Starting Data Quality Checks ---
2026-06-08 18:42:05,388 - INFO - --- Data Quality Checks Complete ---

2026-06-08 18:42:05,418 - INFO - | Metric | Statistics |
| :--- | :--- |
| 💰 **Total Market Value** | **$13,078.11** |
| 📦 **Total Games Collected** | 678 |
| 🏷️ **Average Retail Price** | $22.37 per game |
| 💎 **Most Expensive Title** | Civilization 6 Platinum Edition ($79.99) |
| 👑 **MVP Publisher** | Bethesda Softworks |
| 🏢 **Value Leaders** | 2K ($579.90), Bethesda Softworks ($544.80), Paradox Interactive ($409.89) |
| 📈 **Inflation-Adjusted Value** | $14,875.35 |
| 🎈 **Inflation Bonus** | **+$1,797.24** in purchasing power |
| 🗓️ **Peak Saving Month** | 🎄 **Seasonality Peak:** December is historically the best month, offering $3,388.17 in savings. |
| ⭐ **Average Score** | 76.8/100 |
| 💳 **Subscription Equivalent** | **$168.53 / mo** |
| 🎯 **Prestige Ratio** | **1.9%** (Strategic Hype) |
| 🏎️ **Lead Time Avg** | 447 Days to Sequel |

2026-06-08 18:42:05,419 - INFO - ✅ README.md updated.
2026-06-08 18:42:05,444 - INFO - Using categorical units to plot a list of strings that are all parsable as floats or dates. If these strings should be plotted as numbers, cast to the appropriate data type before plotting.
2026-06-08 18:42:05,445 - INFO - Using categorical units to plot a list of strings that are all parsable as floats or dates. If these strings should be plotted as numbers, cast to the appropriate data type before plotting.
2026-06-08 18:42:11,119 - INFO - 📈 All charts generated successfully.
