2026-04-02 17:24:13,720 - INFO - Failed to extract font properties from /usr/share/fonts/truetype/noto/NotoColorEmoji.ttf: Can not load face (unknown file format; error code 0x2)
2026-04-02 17:24:13,846 - INFO - generated new fontManager
2026-04-02 17:24:14,150 - INFO - ✅ Migration Successful!
2026-04-02 17:24:14,411 - INFO - Added 2 new games!
2026-04-02 17:24:14,895 - INFO - 🔍 Found 587 games needing metadata. Starting IGDB + Steam + CheapShark enrichment...
2026-04-02 17:24:14,934 - INFO - 📅 Fetching Basic Metadata: LEGO Batman Trilogy
2026-04-02 17:24:15,290 - INFO - 🎯 IGDB Match: 'LEGO Batman Trilogy' (100%)
2026-04-02 17:24:15,319 - INFO - 📅 Fetching Basic Metadata: Antstream
2026-04-02 17:24:15,506 - INFO - 📅 Fetching Basic Metadata: The Drone Racing League Simulator
2026-04-02 17:24:15,759 - INFO - 🎯 IGDB Match: 'The Drone Racing League Simulator' (100%)
2026-04-02 17:24:15,766 - INFO - 📅 Fetching Basic Metadata: Dark Deity
2026-04-02 17:24:15,976 - INFO - 🎯 IGDB Match: 'Dark Deity' (100%)
2026-04-02 17:24:15,982 - INFO - 📅 Fetching Basic Metadata: RPG in a Box
2026-04-02 17:24:16,113 - INFO - 🎯 IGDB Match: 'RPG in a Box' (100%)
2026-04-02 17:24:16,120 - INFO - 📅 Fetching Basic Metadata: Fallout Classic Collection
2026-04-02 17:24:16,301 - INFO - 🎯 IGDB Match: 'Fallout Classic Collection' (100%)
2026-04-02 17:24:16,308 - INFO - 📅 Fetching Basic Metadata: Recipe for Disaster
2026-04-02 17:24:16,568 - INFO - 🎯 IGDB Match: 'Recipe for Disaster' (100%)
2026-04-02 17:24:16,575 - INFO - 📅 Fetching Basic Metadata: World of Warships — Starter Pack: Ishizuchi
2026-04-02 17:24:16,758 - INFO - 🎯 IGDB Match: 'World of Warships: Starter Pack - Ishizuchi' (98%)
2026-04-02 17:24:16,765 - INFO - 📅 Fetching Basic Metadata: Poker Club
2026-04-02 17:24:16,947 - INFO - 🎯 IGDB Match: 'Poker Club' (100%)
2026-04-02 17:24:16,954 - INFO - 📅 Fetching Basic Metadata: The Sims 4 The Daring Lifestyle Bundle
2026-04-02 17:24:17,137 - INFO - 🎯 IGDB Match: 'The Sims 4: The Daring Lifestyle Bundle' (99%)
2026-04-02 17:24:17,145 - INFO - 📅 Fetching Basic Metadata: Dodo Peak
2026-04-02 17:24:17,366 - INFO - 🎯 IGDB Match: 'Dodo Peak' (100%)
2026-04-02 17:24:17,373 - INFO - 📅 Fetching Basic Metadata: Spelldrifter
2026-04-02 17:24:17,569 - INFO - 🎯 IGDB Match: 'Spelldrifter' (100%)
2026-04-02 17:24:17,575 - INFO - 📅 Fetching Basic Metadata: Model Builder
2026-04-02 17:24:17,768 - INFO - 🎯 IGDB Match: 'Model Builder' (100%)
2026-04-02 17:24:17,774 - INFO - 📅 Fetching Basic Metadata: Godlike Burger
2026-04-02 17:24:17,910 - INFO - 🎯 IGDB Match: 'Godlike Burger' (100%)
2026-04-02 17:24:17,916 - INFO - 📅 Fetching Basic Metadata: Q.U.B.E. Ultimate Bundle
2026-04-02 17:24:18,036 - INFO - 🎯 IGDB Match: 'Q.U.B.E. Ultimate Bundle' (100%)
2026-04-02 17:24:18,043 - INFO - 📅 Fetching Basic Metadata: Jitsu Squad
2026-04-02 17:24:18,165 - INFO - 🎯 IGDB Match: 'Jitsu Squad' (100%)
2026-04-02 17:24:18,171 - INFO - 📅 Fetching Basic Metadata: Mighty Fight Federation
2026-04-02 17:24:18,291 - INFO - 🎯 IGDB Match: 'Mighty Fight Federation' (100%)
2026-04-02 17:24:18,300 - INFO - 📅 Fetching Basic Metadata: LOVE
2026-04-02 17:24:18,513 - INFO - 🎯 IGDB Match: 'Love Love Love' (90%)
2026-04-02 17:24:18,520 - INFO - 📅 Fetching Basic Metadata: Call of The Wild: The Angler
2026-04-02 17:24:18,742 - INFO - 🎯 IGDB Match: 'Call of the Wild: The Angler' (100%)
2026-04-02 17:24:18,750 - INFO - 📅 Fetching Basic Metadata: The Falconeer
2026-04-02 17:24:18,906 - INFO - 🎯 IGDB Match: 'The Falconeer: The Hunter' (90%)
2026-04-02 17:24:18,913 - INFO - 📅 Fetching Basic Metadata: Rawmen: Food Fighter Arena
2026-04-02 17:24:19,051 - INFO - 🎯 IGDB Match: 'Rawmen' (90%)
2026-04-02 17:24:19,057 - INFO - 📅 Fetching Basic Metadata: World of Warships – Starter Pack: Albany
2026-04-02 17:24:19,192 - INFO - 📅 Fetching Basic Metadata: Fallout Classic Edition
2026-04-02 17:24:19,328 - INFO - 📅 Fetching Basic Metadata: Outliver: Tribulation
2026-04-02 17:24:19,487 - INFO - 🎯 IGDB Match: 'Outliver: Tribulation' (100%)
2026-04-02 17:24:19,494 - INFO - 📅 Fetching Basic Metadata: Bus Simulator 21 Next Stop
2026-04-02 17:24:19,623 - INFO - 🎯 IGDB Match: 'Bus Simulator 21: Next Stop' (98%)
2026-04-02 17:24:19,631 - INFO - 📅 Fetching Basic Metadata: Turmoil
2026-04-02 17:24:19,758 - INFO - 🎯 IGDB Match: 'Turmoil' (100%)
2026-04-02 17:24:19,765 - INFO - 📅 Fetching Basic Metadata: World War Z Aftermath
2026-04-02 17:24:19,871 - WARNING - IGDB Error for World War Z Aftermath: string indices must be integers, not 'str'
2026-04-02 17:24:19,878 - INFO - 📅 Fetching Basic Metadata: World Of Warships – Anniversary Party Flavor
2026-04-02 17:24:20,127 - WARNING - IGDB Error for World Of Warships – Anniversary Party Flavor: string indices must be integers, not 'str'
2026-04-02 17:24:20,133 - INFO - 📅 Fetching Basic Metadata: Neko Ghost, Jump!
2026-04-02 17:24:20,254 - WARNING - IGDB Error for Neko Ghost, Jump!: string indices must be integers, not 'str'
2026-04-02 17:24:20,261 - INFO - 📅 Fetching Basic Metadata: Super Space Club
2026-04-02 17:24:20,376 - WARNING - IGDB Error for Super Space Club: string indices must be integers, not 'str'
2026-04-02 17:24:20,382 - INFO - 📅 Fetching Basic Metadata: Touch Type Tale
2026-04-02 17:24:20,500 - WARNING - IGDB Error for Touch Type Tale: string indices must be integers, not 'str'
2026-04-02 17:24:20,507 - INFO - 📅 Fetching Basic Metadata: Gigapocalypse
2026-04-02 17:24:20,628 - WARNING - IGDB Error for Gigapocalypse: string indices must be integers, not 'str'
2026-04-02 17:24:20,636 - INFO - 📅 Fetching Basic Metadata: Legion TD2
2026-04-02 17:24:20,845 - INFO - 📅 Fetching Basic Metadata: Nightingale
2026-04-02 17:24:21,020 - INFO - 🎯 IGDB Match: 'Nightingale' (100%)
2026-04-02 17:24:21,027 - INFO - 📅 Fetching Basic Metadata: Godzilla Voxel Wars
2026-04-02 17:24:21,144 - INFO - 🎯 IGDB Match: 'Godzilla Voxel Wars' (100%)
2026-04-02 17:24:21,152 - INFO - 📅 Fetching Basic Metadata: Trine Classic Collection
2026-04-02 17:24:21,274 - INFO - 🎯 IGDB Match: 'Trine Classic Collection' (100%)
2026-04-02 17:24:21,281 - INFO - 📅 Fetching Basic Metadata: Poison Retro Set
2026-04-02 17:24:21,449 - INFO - 🎯 IGDB Match: 'Pixel Gun 3D: Poison Retro Set' (90%)
2026-04-02 17:24:21,454 - INFO - 📅 Fetching Basic Metadata: The Darkside Detective A Fumble in the Dark
2026-04-02 17:24:21,584 - INFO - 🎯 IGDB Match: 'The Darkside Detective: A Fumble in the Dark' (99%)
2026-04-02 17:24:21,590 - INFO - 📅 Fetching Basic Metadata: Return to Ash
2026-04-02 17:24:21,709 - INFO - 🎯 IGDB Match: 'Return to Ash' (100%)
2026-04-02 17:24:21,715 - INFO - 🏢 Publisher Search: STALCRAFT: X Starter Edition
2026-04-02 17:24:23,240 - INFO - 📅 Fetching Basic Metadata: STALCRAFT: X Starter Edition
2026-04-02 17:24:23,486 - INFO - 📅 Fetching Basic Metadata: Boxes: Lost Fragments
2026-04-02 17:24:23,608 - INFO - 🎯 IGDB Match: 'Boxes: Lost Fragments' (100%)
2026-04-02 17:24:23,613 - INFO - 📅 Fetching Basic Metadata: My Night Job
2026-04-02 17:24:23,772 - INFO - 🎯 IGDB Match: 'My Night Job' (100%)
2026-04-02 17:24:23,778 - INFO - 📅 Fetching Basic Metadata: Electrician Simulator
2026-04-02 17:24:23,897 - INFO - 🎯 IGDB Match: 'Electrician Simulator' (100%)
2026-04-02 17:24:23,903 - INFO - 🏢 Publisher Search: World of Warships — Epic Anniversary Tachibana Pack
2026-04-02 17:24:25,410 - INFO - 📅 Fetching Basic Metadata: World of Warships — Epic Anniversary Tachibana Pack
2026-04-02 17:24:25,574 - INFO - 📅 Fetching Basic Metadata: Hyper Echelon
2026-04-02 17:24:25,876 - INFO - 🎯 IGDB Match: 'Hyper Echelon' (100%)
2026-04-02 17:24:25,881 - INFO - 📅 Fetching Basic Metadata: Havendock
2026-04-02 17:24:26,068 - INFO - 🎯 IGDB Match: 'Havendock' (100%)
2026-04-02 17:24:26,074 - INFO - 💰 Price Search: Clone Drone in the Danger Zone
2026-04-02 17:24:27,497 - INFO - 🏢 Publisher Search: Clone Drone in the Danger Zone
2026-04-02 17:24:29,013 - INFO - 📅 Fetching Basic Metadata: Clone Drone in the Danger Zone
2026-04-02 17:24:29,219 - INFO - 🎯 IGDB Match: 'Clone Drone in the Danger Zone' (100%)
2026-04-02 17:24:29,219 - INFO - 🔗 Searching Franchise Context: Clone Drone in the Danger Zone
2026-04-02 17:24:39,314 - WARNING - 🌐 Wikidata SPARQL precision lookup failed for Clone Drone in the Danger Zone: HTTPSConnectionPool(host='query.wikidata.org', port=443): Read timed out. (read timeout=10)
2026-04-02 17:24:39,314 - INFO - 📡 Fallback to IGDB for Clone Drone in the Danger Zone
2026-04-02 17:24:39,467 - INFO - 💰 Price Search: TOMAK: Save the Earth Regeneration
2026-04-02 17:24:40,793 - INFO - 🏢 Publisher Search: TOMAK: Save the Earth Regeneration
2026-04-02 17:24:42,176 - INFO - 📅 Fetching Basic Metadata: TOMAK: Save the Earth Regeneration
2026-04-02 17:24:42,301 - INFO - 🎯 IGDB Match: 'Tomak: Save the Earth Regeneration' (100%)
2026-04-02 17:24:42,301 - INFO - 🔗 Searching Franchise Context: TOMAK: Save the Earth Regeneration
2026-04-02 17:24:42,440 - INFO - 📡 Fallback to IGDB for TOMAK: Save the Earth Regeneration
2026-04-02 17:24:42,576 - INFO - 
--- Starting Data Quality Checks ---
2026-04-02 17:24:42,589 - INFO - --- Data Quality Checks Complete ---

2026-04-02 17:24:42,619 - INFO - | Metric | Statistics |
| :--- | :--- |
| 💰 **Total Market Value** | **$12,768.24** |
| 📦 **Total Games Collected** | 663 |
| 🏷️ **Average Retail Price** | $22.41 per game |
| 💎 **Most Expensive Title** | Civilization 6 Platinum Edition ($79.99) |
| 👑 **MVP Publisher** | Bethesda Softworks |
| 🏢 **Value Leaders** | 2K ($579.90), Bethesda Softworks ($544.80), Paradox Interactive ($409.89) |
| 📈 **Inflation-Adjusted Value** | $14,565.48 |
| 🎈 **Inflation Bonus** | **+$1,797.24** in purchasing power |
| 🗓️ **Peak Saving Month** | 🎄 **Seasonality Peak:** December is historically the best month, offering $3,388.17 in savings. |
| ⭐ **Average Score** | 76.7/100 |
| 💳 **Subscription Equivalent** | **$168.84 / mo** |
| 🎯 **Prestige Ratio** | **2.0%** (Strategic Hype) |
| 🏎️ **Lead Time Avg** | 447 Days to Sequel |

2026-04-02 17:24:42,619 - INFO - ✅ README.md updated.
2026-04-02 17:24:42,644 - INFO - Using categorical units to plot a list of strings that are all parsable as floats or dates. If these strings should be plotted as numbers, cast to the appropriate data type before plotting.
2026-04-02 17:24:42,645 - INFO - Using categorical units to plot a list of strings that are all parsable as floats or dates. If these strings should be plotted as numbers, cast to the appropriate data type before plotting.
2026-04-02 17:24:48,095 - INFO - 📈 All charts generated successfully.
