2026-07-07 18:29:06,675 - INFO - Failed to extract font properties from /usr/share/fonts/truetype/noto/NotoColorEmoji.ttf: Non-scalable fonts are not supported
2026-07-07 18:29:06,793 - INFO - generated new fontManager
2026-07-07 18:29:07,344 - INFO - ✅ Migration Successful!
2026-07-07 18:29:08,239 - INFO - No new games found.
2026-07-07 18:29:08,552 - INFO - 🔍 Found 609 games needing metadata. Starting IGDB + Steam + CheapShark enrichment...
2026-07-07 18:29:08,745 - INFO - 📅 Fetching Basic Metadata: LEGO Batman Trilogy
2026-07-07 18:29:08,969 - INFO - 🎯 IGDB Match: 'LEGO Batman Trilogy' (100%)
2026-07-07 18:29:08,999 - INFO - 📅 Fetching Basic Metadata: Antstream
2026-07-07 18:29:09,105 - INFO - 📅 Fetching Basic Metadata: The Drone Racing League Simulator
2026-07-07 18:29:09,215 - INFO - 🎯 IGDB Match: 'The Drone Racing League Simulator' (100%)
2026-07-07 18:29:09,224 - INFO - 📅 Fetching Basic Metadata: Dark Deity
2026-07-07 18:29:09,366 - INFO - 🎯 IGDB Match: 'Dark Deity' (100%)
2026-07-07 18:29:09,373 - INFO - 📅 Fetching Basic Metadata: RPG in a Box
2026-07-07 18:29:09,499 - INFO - 🎯 IGDB Match: 'RPG in a Box' (100%)
2026-07-07 18:29:09,507 - INFO - 📅 Fetching Basic Metadata: Fallout Classic Collection
2026-07-07 18:29:09,593 - INFO - 🎯 IGDB Match: 'Fallout Classic Collection' (100%)
2026-07-07 18:29:09,602 - INFO - 📅 Fetching Basic Metadata: Recipe for Disaster
2026-07-07 18:29:09,704 - INFO - 🎯 IGDB Match: 'Recipe For Disaster' (100%)
2026-07-07 18:29:09,711 - INFO - 📅 Fetching Basic Metadata: World of Warships — Starter Pack: Ishizuchi
2026-07-07 18:29:09,808 - INFO - 🎯 IGDB Match: 'World of Warships: Starter Pack - Ishizuchi' (98%)
2026-07-07 18:29:09,816 - INFO - 📅 Fetching Basic Metadata: Poker Club
2026-07-07 18:29:09,902 - INFO - 🎯 IGDB Match: 'Poker Club' (100%)
2026-07-07 18:29:09,908 - INFO - 📅 Fetching Basic Metadata: The Sims 4 The Daring Lifestyle Bundle
2026-07-07 18:29:09,994 - INFO - 🎯 IGDB Match: 'The Sims 4: The Daring Lifestyle Bundle' (99%)
2026-07-07 18:29:10,003 - INFO - 📅 Fetching Basic Metadata: Dodo Peak
2026-07-07 18:29:10,123 - INFO - 🎯 IGDB Match: 'Dodo Peak' (100%)
2026-07-07 18:29:10,130 - INFO - 📅 Fetching Basic Metadata: Spelldrifter
2026-07-07 18:29:10,236 - INFO - 🎯 IGDB Match: 'Spelldrifter' (100%)
2026-07-07 18:29:10,243 - INFO - 📅 Fetching Basic Metadata: Model Builder
2026-07-07 18:29:10,313 - INFO - 🎯 IGDB Match: 'Model Builder' (100%)
2026-07-07 18:29:10,320 - INFO - 📅 Fetching Basic Metadata: Godlike Burger
2026-07-07 18:29:10,522 - INFO - 🎯 IGDB Match: 'Godlike Burger' (100%)
2026-07-07 18:29:10,529 - INFO - 📅 Fetching Basic Metadata: Q.U.B.E. Ultimate Bundle
2026-07-07 18:29:10,627 - INFO - 🎯 IGDB Match: 'Q.U.B.E. Ultimate Bundle' (100%)
2026-07-07 18:29:10,635 - INFO - 📅 Fetching Basic Metadata: Jitsu Squad
2026-07-07 18:29:10,720 - INFO - 🎯 IGDB Match: 'Jitsu Squad' (100%)
2026-07-07 18:29:10,726 - INFO - 📅 Fetching Basic Metadata: Mighty Fight Federation
2026-07-07 18:29:10,822 - INFO - 🎯 IGDB Match: 'Mighty Fight Federation' (100%)
2026-07-07 18:29:10,833 - INFO - 📅 Fetching Basic Metadata: LOVE
2026-07-07 18:29:10,938 - INFO - 🎯 IGDB Match: 'Love Love Love' (90%)
2026-07-07 18:29:10,946 - INFO - 📅 Fetching Basic Metadata: Call of The Wild: The Angler
2026-07-07 18:29:11,006 - WARNING - IGDB Error for Call of The Wild: The Angler: string indices must be integers, not 'str'
2026-07-07 18:29:11,016 - INFO - 📅 Fetching Basic Metadata: The Falconeer
2026-07-07 18:29:11,081 - WARNING - IGDB Error for The Falconeer: string indices must be integers, not 'str'
2026-07-07 18:29:11,089 - INFO - 📅 Fetching Basic Metadata: Rawmen: Food Fighter Arena
2026-07-07 18:29:11,166 - WARNING - IGDB Error for Rawmen: Food Fighter Arena: string indices must be integers, not 'str'
2026-07-07 18:29:11,173 - INFO - 📅 Fetching Basic Metadata: World of Warships – Starter Pack: Albany
2026-07-07 18:29:11,228 - WARNING - IGDB Error for World of Warships – Starter Pack: Albany: string indices must be integers, not 'str'
2026-07-07 18:29:11,236 - INFO - 📅 Fetching Basic Metadata: Fallout Classic Edition
2026-07-07 18:29:11,294 - WARNING - IGDB Error for Fallout Classic Edition: string indices must be integers, not 'str'
2026-07-07 18:29:11,303 - INFO - 📅 Fetching Basic Metadata: Outliver: Tribulation
2026-07-07 18:29:11,361 - WARNING - IGDB Error for Outliver: Tribulation: string indices must be integers, not 'str'
2026-07-07 18:29:11,369 - INFO - 📅 Fetching Basic Metadata: Bus Simulator 21 Next Stop
2026-07-07 18:29:11,528 - WARNING - IGDB Error for Bus Simulator 21 Next Stop: string indices must be integers, not 'str'
2026-07-07 18:29:11,537 - INFO - 📅 Fetching Basic Metadata: Turmoil
2026-07-07 18:29:11,593 - WARNING - IGDB Error for Turmoil: string indices must be integers, not 'str'
2026-07-07 18:29:11,601 - INFO - 📅 Fetching Basic Metadata: World War Z Aftermath
2026-07-07 18:29:11,658 - WARNING - IGDB Error for World War Z Aftermath: string indices must be integers, not 'str'
2026-07-07 18:29:11,665 - INFO - 📅 Fetching Basic Metadata: World Of Warships – Anniversary Party Flavor
2026-07-07 18:29:11,727 - WARNING - IGDB Error for World Of Warships – Anniversary Party Flavor: string indices must be integers, not 'str'
2026-07-07 18:29:11,734 - INFO - 📅 Fetching Basic Metadata: Neko Ghost, Jump!
2026-07-07 18:29:11,829 - WARNING - IGDB Error for Neko Ghost, Jump!: string indices must be integers, not 'str'
2026-07-07 18:29:11,837 - INFO - 📅 Fetching Basic Metadata: Super Space Club
2026-07-07 18:29:11,908 - WARNING - IGDB Error for Super Space Club: string indices must be integers, not 'str'
2026-07-07 18:29:11,915 - INFO - 📅 Fetching Basic Metadata: Touch Type Tale
2026-07-07 18:29:11,972 - WARNING - IGDB Error for Touch Type Tale: string indices must be integers, not 'str'
2026-07-07 18:29:11,980 - INFO - 📅 Fetching Basic Metadata: Gigapocalypse
2026-07-07 18:29:12,038 - WARNING - IGDB Error for Gigapocalypse: string indices must be integers, not 'str'
2026-07-07 18:29:12,047 - INFO - 📅 Fetching Basic Metadata: Legion TD2
2026-07-07 18:29:12,122 - INFO - 📅 Fetching Basic Metadata: Nightingale
2026-07-07 18:29:12,206 - INFO - 🎯 IGDB Match: 'Nightingale' (100%)
2026-07-07 18:29:12,215 - INFO - 📅 Fetching Basic Metadata: Godzilla Voxel Wars
2026-07-07 18:29:12,325 - INFO - 🎯 IGDB Match: 'Godzilla Voxel Wars' (100%)
2026-07-07 18:29:12,334 - INFO - 📅 Fetching Basic Metadata: Trine Classic Collection
2026-07-07 18:29:12,431 - INFO - 🎯 IGDB Match: 'Trine Classic Collection' (100%)
2026-07-07 18:29:12,439 - INFO - 📅 Fetching Basic Metadata: Poison Retro Set
2026-07-07 18:29:12,511 - INFO - 🎯 IGDB Match: 'Pixel Gun 3D: Poison Retro Set' (90%)
2026-07-07 18:29:12,517 - INFO - 📅 Fetching Basic Metadata: The Darkside Detective A Fumble in the Dark
2026-07-07 18:29:12,589 - INFO - 🎯 IGDB Match: 'The Darkside Detective: A Fumble in the Dark' (99%)
2026-07-07 18:29:12,596 - INFO - 📅 Fetching Basic Metadata: Return to Ash
2026-07-07 18:29:12,882 - WARNING - IGDB Error for Return to Ash: string indices must be integers, not 'str'
2026-07-07 18:29:12,889 - INFO - 🏢 Publisher Search: STALCRAFT: X Starter Edition
2026-07-07 18:29:14,269 - INFO - 📅 Fetching Basic Metadata: STALCRAFT: X Starter Edition
2026-07-07 18:29:14,354 - INFO - 📅 Fetching Basic Metadata: Boxes: Lost Fragments
2026-07-07 18:29:14,426 - INFO - 🎯 IGDB Match: 'Boxes: Lost Fragments' (100%)
2026-07-07 18:29:14,433 - INFO - 📅 Fetching Basic Metadata: My Night Job
2026-07-07 18:29:14,498 - INFO - 🎯 IGDB Match: 'My Night Job' (100%)
2026-07-07 18:29:14,505 - INFO - 📅 Fetching Basic Metadata: Electrician Simulator
2026-07-07 18:29:14,599 - INFO - 🎯 IGDB Match: 'Electrician Simulator' (100%)
2026-07-07 18:29:14,606 - INFO - 🏢 Publisher Search: World of Warships — Epic Anniversary Tachibana Pack
2026-07-07 18:29:15,960 - INFO - 📅 Fetching Basic Metadata: World of Warships — Epic Anniversary Tachibana Pack
2026-07-07 18:29:16,045 - INFO - 📅 Fetching Basic Metadata: Hyper Echelon
2026-07-07 18:29:16,152 - INFO - 🎯 IGDB Match: 'Hyper Echelon' (100%)
2026-07-07 18:29:16,159 - INFO - 📅 Fetching Basic Metadata: Havendock
2026-07-07 18:29:16,228 - INFO - 🎯 IGDB Match: 'Havendock' (100%)
2026-07-07 18:29:16,235 - INFO - 📅 Fetching Basic Metadata: Clone Drone in the Danger Zone
2026-07-07 18:29:16,308 - INFO - 🎯 IGDB Match: 'Clone Drone in the Danger Zone' (100%)
2026-07-07 18:29:16,314 - INFO - 🏢 Publisher Search: TOMAK: Save the Earth Regeneration
2026-07-07 18:29:17,601 - INFO - 📅 Fetching Basic Metadata: TOMAK: Save the Earth Regeneration
2026-07-07 18:29:17,672 - INFO - 🎯 IGDB Match: 'Tomak: Save the Earth Regeneration' (100%)
2026-07-07 18:29:17,678 - INFO - 📅 Fetching Basic Metadata: Prop Sumo
2026-07-07 18:29:17,748 - INFO - 🎯 IGDB Match: 'Prop Sumo' (100%)
2026-07-07 18:29:17,755 - INFO - 📅 Fetching Basic Metadata: The Stone of Madness
2026-07-07 18:29:17,887 - INFO - 🎯 IGDB Match: 'The Stone of Madness' (100%)
2026-07-07 18:29:17,894 - INFO - 📅 Fetching Basic Metadata: Firestone Online Idle RPG
2026-07-07 18:29:17,966 - INFO - 🎯 IGDB Match: 'Firestone: Online Idle RPG' (98%)
2026-07-07 18:29:17,972 - INFO - 📅 Fetching Basic Metadata: Oddsparks: An Automation Adventure
2026-07-07 18:29:18,043 - INFO - 🎯 IGDB Match: 'Oddsparks: An Automation Adventure' (100%)
2026-07-07 18:29:18,050 - INFO - 📅 Fetching Basic Metadata: Trash Goblin
2026-07-07 18:29:18,118 - INFO - 🎯 IGDB Match: 'Trash Goblin' (100%)
2026-07-07 18:29:18,125 - INFO - 🏢 Publisher Search: The Telltale Batman Shadows Edition
2026-07-07 18:29:19,508 - INFO - 📅 Fetching Basic Metadata: The Telltale Batman Shadows Edition
2026-07-07 18:29:19,576 - INFO - 🎯 IGDB Match: 'Telltale Batman Shadows Edition' (95%)
2026-07-07 18:29:19,583 - INFO - 🏢 Publisher Search: Sunderfolk - Standard Edition
2026-07-07 18:29:20,873 - INFO - 📅 Fetching Basic Metadata: Sunderfolk - Standard Edition
2026-07-07 18:29:20,951 - INFO - 📅 Fetching Basic Metadata: Down in Bermuda
2026-07-07 18:29:21,850 - INFO - 🎯 IGDB Match: 'Down in Bermuda' (100%)
2026-07-07 18:29:21,856 - INFO - 📅 Fetching Basic Metadata: Tomb Raider I-III Remastered Starring Lara Croft
2026-07-07 18:29:21,931 - INFO - 📅 Fetching Basic Metadata: LONESTAR
2026-07-07 18:29:22,006 - INFO - 🎯 IGDB Match: 'LoneStar' (100%)
2026-07-07 18:29:22,012 - INFO - 📅 Fetching Basic Metadata: Calico
2026-07-07 18:29:22,083 - INFO - 🎯 IGDB Match: 'Calico' (100%)
2026-07-07 18:29:22,089 - INFO - 📅 Fetching Basic Metadata: Rogue Waters
2026-07-07 18:29:22,156 - INFO - 🎯 IGDB Match: 'Rogue Waters' (100%)
2026-07-07 18:29:22,163 - INFO - 📅 Fetching Basic Metadata: The Ouroboros King
2026-07-07 18:29:22,228 - INFO - 🎯 IGDB Match: 'The Ouroboros King' (100%)
2026-07-07 18:29:22,235 - INFO - 🏢 Publisher Search: Warhammer 40K Speed Freeks
2026-07-07 18:29:23,581 - INFO - 📅 Fetching Basic Metadata: I Have No Mouth, and I Must Scream
2026-07-07 18:29:23,651 - INFO - 🎯 IGDB Match: 'I Have No Mouth, and I Must Scream' (100%)
2026-07-07 18:29:23,663 - INFO - 
--- Starting Data Quality Checks ---
2026-07-07 18:29:23,677 - INFO - --- Data Quality Checks Complete ---

2026-07-07 18:29:23,710 - INFO - | Metric | Statistics |
| :--- | :--- |
| 💰 **Total Market Value** | **$13,238.03** |
| 📦 **Total Games Collected** | 686 |
| 🏷️ **Average Retail Price** | $22.34 per game |
| 💎 **Most Expensive Title** | Civilization 6 Platinum Edition ($79.99) |
| 👑 **MVP Publisher** | Bethesda Softworks |
| 🏢 **Value Leaders** | 2K ($579.90), Bethesda Softworks ($544.80), Paradox Interactive ($409.89) |
| 📈 **Inflation-Adjusted Value** | $15,035.27 |
| 🎈 **Inflation Bonus** | **+$1,797.24** in purchasing power |
| 🗓️ **Peak Saving Month** | 🎄 **Seasonality Peak:** December is historically the best month, offering $3,388.17 in savings. |
| ⭐ **Average Score** | 76.8/100 |
| 💳 **Subscription Equivalent** | **$168.44 / mo** |
| 🎯 **Prestige Ratio** | **2.0%** (Strategic Hype) |
| 🏎️ **Lead Time Avg** | 441 Days to Sequel |

2026-07-07 18:29:23,711 - INFO - ✅ README.md updated.
2026-07-07 18:29:23,737 - INFO - Using categorical units to plot a list of strings that are all parsable as floats or dates. If these strings should be plotted as numbers, cast to the appropriate data type before plotting.
2026-07-07 18:29:23,738 - INFO - Using categorical units to plot a list of strings that are all parsable as floats or dates. If these strings should be plotted as numbers, cast to the appropriate data type before plotting.
2026-07-07 18:29:30,329 - INFO - 📈 All charts generated successfully.
