2026-03-24 17:31:16,462 - INFO - Failed to extract font properties from /usr/share/fonts/truetype/noto/NotoColorEmoji.ttf: Can not load face (unknown file format; error code 0x2)
2026-03-24 17:31:17,284 - INFO - generated new fontManager
2026-03-24 17:31:17,634 - INFO - ✅ Migration Successful!
2026-03-24 17:31:17,795 - INFO - No new games found.
2026-03-24 17:31:18,430 - INFO - 🔍 Found 583 games needing metadata. Starting IGDB + Steam + CheapShark enrichment...
2026-03-24 17:31:18,505 - INFO - 📅 Fetching Basic Metadata: LEGO Batman Trilogy
2026-03-24 17:31:19,124 - INFO - 🎯 IGDB Match: 'LEGO Batman Trilogy' (100%)
2026-03-24 17:31:19,152 - INFO - 📅 Fetching Basic Metadata: Antstream
2026-03-24 17:31:19,417 - INFO - 📅 Fetching Basic Metadata: The Drone Racing League Simulator
2026-03-24 17:31:19,767 - INFO - 🎯 IGDB Match: 'The Drone Racing League Simulator' (100%)
2026-03-24 17:31:19,775 - INFO - 📅 Fetching Basic Metadata: Dark Deity
2026-03-24 17:31:20,069 - INFO - 🎯 IGDB Match: 'Dark Deity' (100%)
2026-03-24 17:31:20,075 - INFO - 📅 Fetching Basic Metadata: RPG in a Box
2026-03-24 17:31:20,449 - INFO - 🎯 IGDB Match: 'RPG in a Box' (100%)
2026-03-24 17:31:20,456 - INFO - 📅 Fetching Basic Metadata: Fallout Classic Collection
2026-03-24 17:31:20,856 - INFO - 🎯 IGDB Match: 'Fallout Classic Collection' (100%)
2026-03-24 17:31:20,865 - INFO - 📅 Fetching Basic Metadata: Recipe for Disaster
2026-03-24 17:31:21,135 - INFO - 🎯 IGDB Match: 'Recipe for Disaster' (100%)
2026-03-24 17:31:21,142 - INFO - 📅 Fetching Basic Metadata: World of Warships — Starter Pack: Ishizuchi
2026-03-24 17:31:21,321 - INFO - 🎯 IGDB Match: 'World of Warships: Starter Pack - Ishizuchi' (98%)
2026-03-24 17:31:21,328 - INFO - 📅 Fetching Basic Metadata: Poker Club
2026-03-24 17:31:21,610 - INFO - 🎯 IGDB Match: 'Poker Club' (100%)
2026-03-24 17:31:21,617 - INFO - 📅 Fetching Basic Metadata: The Sims 4 The Daring Lifestyle Bundle
2026-03-24 17:31:21,879 - INFO - 🎯 IGDB Match: 'The Sims 4: The Daring Lifestyle Bundle' (99%)
2026-03-24 17:31:21,888 - INFO - 📅 Fetching Basic Metadata: Dodo Peak
2026-03-24 17:31:22,375 - INFO - 🎯 IGDB Match: 'Dodo Peak' (100%)
2026-03-24 17:31:22,382 - INFO - 📅 Fetching Basic Metadata: Spelldrifter
2026-03-24 17:31:22,591 - INFO - 🎯 IGDB Match: 'Spelldrifter' (100%)
2026-03-24 17:31:22,598 - INFO - 📅 Fetching Basic Metadata: Model Builder
2026-03-24 17:31:22,864 - INFO - 🎯 IGDB Match: 'Model Builder' (100%)
2026-03-24 17:31:22,870 - INFO - 📅 Fetching Basic Metadata: Godlike Burger
2026-03-24 17:31:23,145 - INFO - 🎯 IGDB Match: 'Godlike Burger' (100%)
2026-03-24 17:31:23,152 - INFO - 📅 Fetching Basic Metadata: Q.U.B.E. Ultimate Bundle
2026-03-24 17:31:23,409 - INFO - 🎯 IGDB Match: 'Q.U.B.E. Ultimate Bundle' (100%)
2026-03-24 17:31:23,416 - INFO - 📅 Fetching Basic Metadata: Jitsu Squad
2026-03-24 17:31:23,720 - INFO - 🎯 IGDB Match: 'Jitsu Squad' (100%)
2026-03-24 17:31:23,727 - INFO - 📅 Fetching Basic Metadata: Mighty Fight Federation
2026-03-24 17:31:24,065 - INFO - 🎯 IGDB Match: 'Mighty Fight Federation' (100%)
2026-03-24 17:31:24,075 - INFO - 📅 Fetching Basic Metadata: LOVE
2026-03-24 17:31:24,262 - INFO - 🎯 IGDB Match: 'Love Love Love' (90%)
2026-03-24 17:31:24,270 - INFO - 📅 Fetching Basic Metadata: Call of The Wild: The Angler
2026-03-24 17:31:24,474 - INFO - 🎯 IGDB Match: 'Call of the Wild: The Angler' (100%)
2026-03-24 17:31:24,483 - INFO - 📅 Fetching Basic Metadata: The Falconeer
2026-03-24 17:31:24,742 - INFO - 🎯 IGDB Match: 'The Falconeer: The Hunter' (90%)
2026-03-24 17:31:24,749 - INFO - 📅 Fetching Basic Metadata: Rawmen: Food Fighter Arena
2026-03-24 17:31:24,896 - INFO - 🎯 IGDB Match: 'Rawmen' (90%)
2026-03-24 17:31:24,903 - INFO - 📅 Fetching Basic Metadata: World of Warships – Starter Pack: Albany
2026-03-24 17:31:25,058 - INFO - 📅 Fetching Basic Metadata: Fallout Classic Edition
2026-03-24 17:31:25,207 - INFO - 📅 Fetching Basic Metadata: Outliver: Tribulation
2026-03-24 17:31:25,505 - INFO - 🎯 IGDB Match: 'Outliver: Tribulation' (100%)
2026-03-24 17:31:25,513 - INFO - 📅 Fetching Basic Metadata: Bus Simulator 21 Next Stop
2026-03-24 17:31:25,654 - INFO - 🎯 IGDB Match: 'Bus Simulator 21: Next Stop' (98%)
2026-03-24 17:31:25,662 - INFO - 📅 Fetching Basic Metadata: Turmoil
2026-03-24 17:31:25,803 - INFO - 🎯 IGDB Match: 'Turmoil' (100%)
2026-03-24 17:31:25,810 - INFO - 📅 Fetching Basic Metadata: World War Z Aftermath
2026-03-24 17:31:26,068 - INFO - 🎯 IGDB Match: 'World War Z: Aftermath' (98%)
2026-03-24 17:31:26,074 - INFO - 📅 Fetching Basic Metadata: World Of Warships – Anniversary Party Flavor
2026-03-24 17:31:26,346 - INFO - 📅 Fetching Basic Metadata: Neko Ghost, Jump!
2026-03-24 17:31:26,597 - INFO - 🎯 IGDB Match: 'Neko Ghost, Jump!' (100%)
2026-03-24 17:31:26,604 - INFO - 📅 Fetching Basic Metadata: Super Space Club
2026-03-24 17:31:26,847 - INFO - 🎯 IGDB Match: 'Super Space Club' (100%)
2026-03-24 17:31:26,853 - INFO - 📅 Fetching Basic Metadata: Touch Type Tale
2026-03-24 17:31:27,104 - INFO - 🎯 IGDB Match: 'Touch Type Tale' (100%)
2026-03-24 17:31:27,110 - INFO - 📅 Fetching Basic Metadata: Gigapocalypse
2026-03-24 17:31:27,327 - INFO - 🎯 IGDB Match: 'Gigapocalypse' (100%)
2026-03-24 17:31:27,335 - INFO - 📅 Fetching Basic Metadata: Legion TD2
2026-03-24 17:31:27,477 - INFO - 📅 Fetching Basic Metadata: Nightingale
2026-03-24 17:31:27,766 - INFO - 🎯 IGDB Match: 'Nightingale' (100%)
2026-03-24 17:31:27,773 - INFO - 📅 Fetching Basic Metadata: Godzilla Voxel Wars
2026-03-24 17:31:28,059 - INFO - 🎯 IGDB Match: 'Godzilla Voxel Wars' (100%)
2026-03-24 17:31:28,067 - INFO - 📅 Fetching Basic Metadata: Trine Classic Collection
2026-03-24 17:31:28,216 - INFO - 🎯 IGDB Match: 'Trine Classic Collection' (100%)
2026-03-24 17:31:28,223 - INFO - 📅 Fetching Basic Metadata: Poison Retro Set
2026-03-24 17:31:28,477 - INFO - 🎯 IGDB Match: 'Pixel Gun 3D: Poison Retro Set' (90%)
2026-03-24 17:31:28,483 - INFO - 📅 Fetching Basic Metadata: The Darkside Detective A Fumble in the Dark
2026-03-24 17:31:28,622 - INFO - 🎯 IGDB Match: 'The Darkside Detective: A Fumble in the Dark' (99%)
2026-03-24 17:31:28,628 - INFO - 📅 Fetching Basic Metadata: Return to Ash
2026-03-24 17:31:28,766 - INFO - 🎯 IGDB Match: 'Return to Ash' (100%)
2026-03-24 17:31:28,772 - INFO - 🏢 Publisher Search: STALCRAFT: X Starter Edition
2026-03-24 17:31:30,222 - INFO - 📅 Fetching Basic Metadata: STALCRAFT: X Starter Edition
2026-03-24 17:31:30,367 - INFO - 📅 Fetching Basic Metadata: Boxes: Lost Fragments
2026-03-24 17:31:30,508 - INFO - 🎯 IGDB Match: 'Boxes: Lost Fragments' (100%)
2026-03-24 17:31:30,514 - INFO - 📅 Fetching Basic Metadata: My Night Job
2026-03-24 17:31:30,702 - INFO - 🎯 IGDB Match: 'My Night Job' (100%)
2026-03-24 17:31:30,709 - INFO - 📅 Fetching Basic Metadata: Electrician Simulator
2026-03-24 17:31:31,006 - INFO - 🎯 IGDB Match: 'Electrician Simulator' (100%)
2026-03-24 17:31:31,013 - INFO - 🏢 Publisher Search: World of Warships — Epic Anniversary Tachibana Pack
2026-03-24 17:31:32,386 - INFO - 📅 Fetching Basic Metadata: World of Warships — Epic Anniversary Tachibana Pack
2026-03-24 17:31:32,696 - INFO - 
--- Starting Data Quality Checks ---
2026-03-24 17:31:32,709 - INFO - --- Data Quality Checks Complete ---

2026-03-24 17:31:32,739 - INFO - | Metric | Statistics |
| :--- | :--- |
| 💰 **Total Market Value** | **$12,706.28** |
| 📦 **Total Games Collected** | 659 |
| 🏷️ **Average Retail Price** | $22.45 per game |
| 💎 **Most Expensive Title** | Civilization 6 Platinum Edition ($79.99) |
| 👑 **MVP Publisher** | Bethesda Softworks |
| 🏢 **Value Leaders** | 2K ($579.90), Bethesda Softworks ($544.80), Paradox Interactive ($409.89) |
| 📈 **Inflation-Adjusted Value** | $14,503.52 |
| 🎈 **Inflation Bonus** | **+$1,797.24** in purchasing power |
| 🗓️ **Peak Saving Month** | 🎄 **Seasonality Peak:** December is historically the best month, offering $3,388.17 in savings. |
| ⭐ **Average Score** | 76.7/100 |
| 💳 **Subscription Equivalent** | **$170.07 / mo** |
| 🎯 **Prestige Ratio** | **2.0%** (Strategic Hype) |
| 🏎️ **Lead Time Avg** | 447 Days to Sequel |

2026-03-24 17:31:32,740 - INFO - ✅ README.md updated.
2026-03-24 17:31:32,764 - INFO - Using categorical units to plot a list of strings that are all parsable as floats or dates. If these strings should be plotted as numbers, cast to the appropriate data type before plotting.
2026-03-24 17:31:32,765 - INFO - Using categorical units to plot a list of strings that are all parsable as floats or dates. If these strings should be plotted as numbers, cast to the appropriate data type before plotting.
2026-03-24 17:31:38,445 - INFO - 📈 All charts generated successfully.
