2026-06-10 19:10:39,856 - INFO - Failed to extract font properties from /usr/share/fonts/truetype/noto/NotoColorEmoji.ttf: Can not load face (unknown file format; error code 0x2)
2026-06-10 19:10:39,877 - INFO - generated new fontManager
2026-06-10 19:10:40,293 - INFO - ✅ Migration Successful!
2026-06-10 19:10:40,968 - INFO - No new games found.
2026-06-10 19:10:41,533 - INFO - 🔍 Found 602 games needing metadata. Starting IGDB + Steam + CheapShark enrichment...
2026-06-10 19:10:41,559 - INFO - 📅 Fetching Basic Metadata: LEGO Batman Trilogy
2026-06-10 19:10:41,800 - INFO - 🎯 IGDB Match: 'LEGO Batman Trilogy' (100%)
2026-06-10 19:10:41,828 - INFO - 📅 Fetching Basic Metadata: Antstream
2026-06-10 19:10:41,969 - INFO - 📅 Fetching Basic Metadata: The Drone Racing League Simulator
2026-06-10 19:10:42,338 - INFO - 🎯 IGDB Match: 'The Drone Racing League Simulator' (100%)
2026-06-10 19:10:42,347 - INFO - 📅 Fetching Basic Metadata: Dark Deity
2026-06-10 19:10:45,798 - INFO - 🎯 IGDB Match: 'Dark Deity' (100%)
2026-06-10 19:10:45,805 - INFO - 📅 Fetching Basic Metadata: RPG in a Box
2026-06-10 19:10:45,996 - INFO - 🎯 IGDB Match: 'RPG in a Box' (100%)
2026-06-10 19:10:46,004 - INFO - 📅 Fetching Basic Metadata: Fallout Classic Collection
2026-06-10 19:10:46,147 - INFO - 🎯 IGDB Match: 'Fallout Classic Collection' (100%)
2026-06-10 19:10:46,156 - INFO - 📅 Fetching Basic Metadata: Recipe for Disaster
2026-06-10 19:10:46,356 - INFO - 🎯 IGDB Match: 'Recipe For Disaster' (100%)
2026-06-10 19:10:46,364 - INFO - 📅 Fetching Basic Metadata: World of Warships — Starter Pack: Ishizuchi
2026-06-10 19:10:46,480 - INFO - 🎯 IGDB Match: 'World of Warships: Starter Pack - Ishizuchi' (98%)
2026-06-10 19:10:46,488 - INFO - 📅 Fetching Basic Metadata: Poker Club
2026-06-10 19:10:46,676 - INFO - 🎯 IGDB Match: 'Poker Club' (100%)
2026-06-10 19:10:46,683 - INFO - 📅 Fetching Basic Metadata: The Sims 4 The Daring Lifestyle Bundle
2026-06-10 19:10:46,902 - INFO - 🎯 IGDB Match: 'The Sims 4: The Daring Lifestyle Bundle' (99%)
2026-06-10 19:10:46,910 - INFO - 📅 Fetching Basic Metadata: Dodo Peak
2026-06-10 19:10:47,085 - INFO - 🎯 IGDB Match: 'Dodo Peak' (100%)
2026-06-10 19:10:47,092 - INFO - 📅 Fetching Basic Metadata: Spelldrifter
2026-06-10 19:10:47,231 - INFO - 🎯 IGDB Match: 'Spelldrifter' (100%)
2026-06-10 19:10:47,237 - INFO - 📅 Fetching Basic Metadata: Model Builder
2026-06-10 19:10:47,338 - INFO - 🎯 IGDB Match: 'Model Builder' (100%)
2026-06-10 19:10:47,344 - INFO - 📅 Fetching Basic Metadata: Godlike Burger
2026-06-10 19:10:47,523 - INFO - 🎯 IGDB Match: 'Godlike Burger' (100%)
2026-06-10 19:10:47,529 - INFO - 📅 Fetching Basic Metadata: Q.U.B.E. Ultimate Bundle
2026-06-10 19:10:47,624 - INFO - 🎯 IGDB Match: 'Q.U.B.E. Ultimate Bundle' (100%)
2026-06-10 19:10:47,631 - INFO - 📅 Fetching Basic Metadata: Jitsu Squad
2026-06-10 19:10:47,836 - INFO - 🎯 IGDB Match: 'Jitsu Squad' (100%)
2026-06-10 19:10:47,842 - INFO - 📅 Fetching Basic Metadata: Mighty Fight Federation
2026-06-10 19:10:48,040 - INFO - 🎯 IGDB Match: 'Mighty Fight Federation' (100%)
2026-06-10 19:10:48,050 - INFO - 📅 Fetching Basic Metadata: LOVE
2026-06-10 19:10:48,228 - INFO - 🎯 IGDB Match: 'Love Love Love' (90%)
2026-06-10 19:10:48,236 - INFO - 📅 Fetching Basic Metadata: Call of The Wild: The Angler
2026-06-10 19:10:48,361 - INFO - 🎯 IGDB Match: 'Call of the Wild: The Angler' (100%)
2026-06-10 19:10:48,370 - INFO - 📅 Fetching Basic Metadata: The Falconeer
2026-06-10 19:10:48,471 - INFO - 🎯 IGDB Match: 'The Falconeer: The Hunter' (90%)
2026-06-10 19:10:48,478 - INFO - 📅 Fetching Basic Metadata: Rawmen: Food Fighter Arena
2026-06-10 19:10:48,637 - INFO - 🎯 IGDB Match: 'Rawmen' (90%)
2026-06-10 19:10:48,643 - INFO - 📅 Fetching Basic Metadata: World of Warships – Starter Pack: Albany
2026-06-10 19:10:48,875 - INFO - 📅 Fetching Basic Metadata: Fallout Classic Edition
2026-06-10 19:10:48,980 - INFO - 📅 Fetching Basic Metadata: Outliver: Tribulation
2026-06-10 19:10:49,073 - INFO - 🎯 IGDB Match: 'Outliver: Tribulation' (100%)
2026-06-10 19:10:49,081 - INFO - 📅 Fetching Basic Metadata: Bus Simulator 21 Next Stop
2026-06-10 19:10:49,248 - INFO - 🎯 IGDB Match: 'Bus Simulator 21: Next Stop' (98%)
2026-06-10 19:10:49,257 - INFO - 📅 Fetching Basic Metadata: Turmoil
2026-06-10 19:10:49,434 - INFO - 🎯 IGDB Match: 'Turmoil' (100%)
2026-06-10 19:10:49,442 - INFO - 📅 Fetching Basic Metadata: World War Z Aftermath
2026-06-10 19:10:49,546 - INFO - 🎯 IGDB Match: 'World War Z: Aftermath' (98%)
2026-06-10 19:10:49,553 - INFO - 📅 Fetching Basic Metadata: World Of Warships – Anniversary Party Flavor
2026-06-10 19:10:49,657 - INFO - 📅 Fetching Basic Metadata: Neko Ghost, Jump!
2026-06-10 19:10:49,842 - INFO - 🎯 IGDB Match: 'Neko Ghost, Jump!' (100%)
2026-06-10 19:10:49,850 - INFO - 📅 Fetching Basic Metadata: Super Space Club
2026-06-10 19:10:49,947 - INFO - 🎯 IGDB Match: 'Super Space Club' (100%)
2026-06-10 19:10:49,954 - INFO - 📅 Fetching Basic Metadata: Touch Type Tale
2026-06-10 19:10:50,160 - INFO - 🎯 IGDB Match: 'Touch Type Tale' (100%)
2026-06-10 19:10:50,166 - INFO - 📅 Fetching Basic Metadata: Gigapocalypse
2026-06-10 19:10:50,266 - INFO - 🎯 IGDB Match: 'Gigapocalypse' (100%)
2026-06-10 19:10:50,274 - INFO - 📅 Fetching Basic Metadata: Legion TD2
2026-06-10 19:10:50,379 - INFO - 📅 Fetching Basic Metadata: Nightingale
2026-06-10 19:10:50,556 - INFO - 🎯 IGDB Match: 'Nightingale' (100%)
2026-06-10 19:10:50,564 - INFO - 📅 Fetching Basic Metadata: Godzilla Voxel Wars
2026-06-10 19:10:50,656 - INFO - 🎯 IGDB Match: 'Godzilla Voxel Wars' (100%)
2026-06-10 19:10:50,664 - INFO - 📅 Fetching Basic Metadata: Trine Classic Collection
2026-06-10 19:10:50,756 - INFO - 🎯 IGDB Match: 'Trine Classic Collection' (100%)
2026-06-10 19:10:50,763 - INFO - 📅 Fetching Basic Metadata: Poison Retro Set
2026-06-10 19:10:50,937 - INFO - 🎯 IGDB Match: 'Pixel Gun 3D: Poison Retro Set' (90%)
2026-06-10 19:10:50,944 - INFO - 📅 Fetching Basic Metadata: The Darkside Detective A Fumble in the Dark
2026-06-10 19:10:51,045 - INFO - 🎯 IGDB Match: 'The Darkside Detective: A Fumble in the Dark' (99%)
2026-06-10 19:10:51,051 - INFO - 📅 Fetching Basic Metadata: Return to Ash
2026-06-10 19:10:51,153 - INFO - 🎯 IGDB Match: 'Return to Ash' (100%)
2026-06-10 19:10:51,159 - INFO - 🏢 Publisher Search: STALCRAFT: X Starter Edition
2026-06-10 19:10:52,630 - INFO - 📅 Fetching Basic Metadata: STALCRAFT: X Starter Edition
2026-06-10 19:10:52,842 - INFO - 📅 Fetching Basic Metadata: Boxes: Lost Fragments
2026-06-10 19:10:55,760 - INFO - 🎯 IGDB Match: 'Boxes: Lost Fragments' (100%)
2026-06-10 19:10:55,766 - INFO - 📅 Fetching Basic Metadata: My Night Job
2026-06-10 19:10:55,942 - INFO - 🎯 IGDB Match: 'My Night Job' (100%)
2026-06-10 19:10:55,949 - INFO - 📅 Fetching Basic Metadata: Electrician Simulator
2026-06-10 19:10:56,130 - INFO - 🎯 IGDB Match: 'Electrician Simulator' (100%)
2026-06-10 19:10:56,136 - INFO - 🏢 Publisher Search: World of Warships — Epic Anniversary Tachibana Pack
2026-06-10 19:10:57,552 - INFO - 📅 Fetching Basic Metadata: World of Warships — Epic Anniversary Tachibana Pack
2026-06-10 19:10:57,653 - INFO - 📅 Fetching Basic Metadata: Hyper Echelon
2026-06-10 19:10:57,752 - INFO - 🎯 IGDB Match: 'Hyper Echelon' (100%)
2026-06-10 19:10:57,758 - INFO - 📅 Fetching Basic Metadata: Havendock
2026-06-10 19:10:57,851 - INFO - 🎯 IGDB Match: 'Havendock' (100%)
2026-06-10 19:10:57,858 - INFO - 📅 Fetching Basic Metadata: Clone Drone in the Danger Zone
2026-06-10 19:10:58,038 - INFO - 🎯 IGDB Match: 'Clone Drone in the Danger Zone' (100%)
2026-06-10 19:10:58,044 - INFO - 🏢 Publisher Search: TOMAK: Save the Earth Regeneration
2026-06-10 19:10:59,585 - INFO - 📅 Fetching Basic Metadata: TOMAK: Save the Earth Regeneration
2026-06-10 19:10:59,682 - INFO - 🎯 IGDB Match: 'Tomak: Save the Earth Regeneration' (100%)
2026-06-10 19:10:59,689 - INFO - 📅 Fetching Basic Metadata: Prop Sumo
2026-06-10 19:10:59,829 - INFO - 🎯 IGDB Match: 'Prop Sumo' (100%)
2026-06-10 19:10:59,835 - INFO - 📅 Fetching Basic Metadata: The Stone of Madness
2026-06-10 19:10:59,927 - INFO - 🎯 IGDB Match: 'The Stone of Madness' (100%)
2026-06-10 19:10:59,934 - INFO - 📅 Fetching Basic Metadata: Firestone Online Idle RPG
2026-06-10 19:11:00,035 - INFO - 🎯 IGDB Match: 'Firestone: Online Idle RPG' (98%)
2026-06-10 19:11:00,041 - INFO - 📅 Fetching Basic Metadata: Oddsparks: An Automation Adventure
2026-06-10 19:11:00,216 - INFO - 🎯 IGDB Match: 'Oddsparks: An Automation Adventure' (100%)
2026-06-10 19:11:00,223 - INFO - 📅 Fetching Basic Metadata: Trash Goblin
2026-06-10 19:11:00,319 - INFO - 🎯 IGDB Match: 'Trash Goblin' (100%)
2026-06-10 19:11:00,325 - INFO - 🏢 Publisher Search: The Telltale Batman Shadows Edition
2026-06-10 19:11:02,008 - INFO - 📅 Fetching Basic Metadata: The Telltale Batman Shadows Edition
2026-06-10 19:11:02,189 - INFO - 🎯 IGDB Match: 'Telltale Batman Shadows Edition' (95%)
2026-06-10 19:11:02,196 - INFO - 🏢 Publisher Search: Sunderfolk - Standard Edition
2026-06-10 19:11:03,614 - INFO - 📅 Fetching Basic Metadata: Sunderfolk - Standard Edition
2026-06-10 19:11:03,801 - INFO - 📅 Fetching Basic Metadata: Down in Bermuda
2026-06-10 19:11:03,912 - INFO - 🎯 IGDB Match: 'Down in Bermuda' (100%)
2026-06-10 19:11:03,918 - INFO - 📅 Fetching Basic Metadata: Tomb Raider I-III Remastered Starring Lara Croft
2026-06-10 19:11:04,135 - INFO - 📅 Fetching Basic Metadata: LONESTAR
2026-06-10 19:11:04,250 - INFO - 🎯 IGDB Match: 'LoneStar' (100%)
2026-06-10 19:11:04,257 - INFO - 📅 Fetching Basic Metadata: Calico
2026-06-10 19:11:04,379 - INFO - 🎯 IGDB Match: 'Calico' (100%)
2026-06-10 19:11:04,385 - INFO - 📅 Fetching Basic Metadata: Rogue Waters
2026-06-10 19:11:04,482 - INFO - 🎯 IGDB Match: 'Rogue Waters' (100%)
2026-06-10 19:11:04,494 - INFO - 
--- Starting Data Quality Checks ---
2026-06-10 19:11:04,507 - INFO - --- Data Quality Checks Complete ---

2026-06-10 19:11:04,537 - INFO - | Metric | Statistics |
| :--- | :--- |
| 💰 **Total Market Value** | **$13,078.11** |
| 📦 **Total Games Collected** | 678 |
| 🏷️ **Average Retail Price** | $22.37 per game |
| 💎 **Most Expensive Title** | Civilization 6 Platinum Edition ($79.99) |
| 👑 **MVP Publisher** | Bethesda Softworks |
| 🏢 **Value Leaders** | 2K ($579.90), Bethesda Softworks ($544.80), Paradox Interactive ($409.89) |
| 📈 **Inflation-Adjusted Value** | $14,875.35 |
| 🎈 **Inflation Bonus** | **+$1,797.24** in purchasing power |
| 🗓️ **Peak Saving Month** | 🎄 **Seasonality Peak:** December is historically the best month, offering $3,388.17 in savings. |
| ⭐ **Average Score** | 76.8/100 |
| 💳 **Subscription Equivalent** | **$168.53 / mo** |
| 🎯 **Prestige Ratio** | **1.9%** (Strategic Hype) |
| 🏎️ **Lead Time Avg** | 447 Days to Sequel |

2026-06-10 19:11:04,537 - INFO - ✅ README.md updated.
2026-06-10 19:11:04,562 - INFO - Using categorical units to plot a list of strings that are all parsable as floats or dates. If these strings should be plotted as numbers, cast to the appropriate data type before plotting.
2026-06-10 19:11:04,563 - INFO - Using categorical units to plot a list of strings that are all parsable as floats or dates. If these strings should be plotted as numbers, cast to the appropriate data type before plotting.
2026-06-10 19:11:10,242 - INFO - 📈 All charts generated successfully.
