2026-03-15 16:56:42,104 - INFO - Failed to extract font properties from /usr/share/fonts/truetype/noto/NotoColorEmoji.ttf: Can not load face (unknown file format; error code 0x2)
2026-03-15 16:56:42,454 - INFO - generated new fontManager
2026-03-15 16:56:42,790 - INFO - ✅ Migration Successful!
2026-03-15 16:56:43,215 - INFO - No new games found.
2026-03-15 16:56:43,927 - INFO - 🔍 Found 581 games needing metadata. Starting IGDB + Steam + CheapShark enrichment...
2026-03-15 16:56:44,043 - INFO - 📅 Fetching Basic Metadata: LEGO Batman Trilogy
2026-03-15 16:56:44,430 - INFO - 🎯 IGDB Match: 'LEGO Batman Trilogy' (100%)
2026-03-15 16:56:44,458 - INFO - 📅 Fetching Basic Metadata: Antstream
2026-03-15 16:56:44,708 - INFO - 📅 Fetching Basic Metadata: The Drone Racing League Simulator
2026-03-15 16:56:45,046 - INFO - 🎯 IGDB Match: 'The Drone Racing League Simulator' (100%)
2026-03-15 16:56:45,054 - INFO - 📅 Fetching Basic Metadata: Dark Deity
2026-03-15 16:56:45,290 - INFO - 🎯 IGDB Match: 'Dark Deity' (100%)
2026-03-15 16:56:45,297 - INFO - 📅 Fetching Basic Metadata: RPG in a Box
2026-03-15 16:56:45,461 - INFO - 🎯 IGDB Match: 'RPG in a Box' (100%)
2026-03-15 16:56:45,468 - INFO - 📅 Fetching Basic Metadata: Fallout Classic Collection
2026-03-15 16:56:45,655 - INFO - 🎯 IGDB Match: 'Fallout Classic Collection' (100%)
2026-03-15 16:56:45,663 - INFO - 📅 Fetching Basic Metadata: Recipe for Disaster
2026-03-15 16:56:45,823 - INFO - 🎯 IGDB Match: 'Recipe for Disaster' (100%)
2026-03-15 16:56:45,829 - INFO - 📅 Fetching Basic Metadata: World of Warships — Starter Pack: Ishizuchi
2026-03-15 16:56:46,006 - INFO - 🎯 IGDB Match: 'World of Warships: Starter Pack - Ishizuchi' (98%)
2026-03-15 16:56:46,013 - INFO - 📅 Fetching Basic Metadata: Poker Club
2026-03-15 16:56:46,217 - INFO - 🎯 IGDB Match: 'Poker Club' (100%)
2026-03-15 16:56:46,223 - INFO - 📅 Fetching Basic Metadata: The Sims 4 The Daring Lifestyle Bundle
2026-03-15 16:56:46,399 - INFO - 🎯 IGDB Match: 'The Sims 4: The Daring Lifestyle Bundle' (99%)
2026-03-15 16:56:46,407 - INFO - 📅 Fetching Basic Metadata: Dodo Peak
2026-03-15 16:56:46,573 - INFO - 🎯 IGDB Match: 'Dodo Peak' (100%)
2026-03-15 16:56:46,579 - INFO - 📅 Fetching Basic Metadata: Spelldrifter
2026-03-15 16:56:46,736 - INFO - 🎯 IGDB Match: 'Spelldrifter' (100%)
2026-03-15 16:56:46,743 - INFO - 📅 Fetching Basic Metadata: Model Builder
2026-03-15 16:56:47,046 - INFO - 🎯 IGDB Match: 'Model Builder' (100%)
2026-03-15 16:56:47,052 - INFO - 📅 Fetching Basic Metadata: Godlike Burger
2026-03-15 16:56:47,206 - INFO - 🎯 IGDB Match: 'Godlike Burger' (100%)
2026-03-15 16:56:47,212 - INFO - 📅 Fetching Basic Metadata: Q.U.B.E. Ultimate Bundle
2026-03-15 16:56:47,355 - INFO - 🎯 IGDB Match: 'Q.U.B.E. Ultimate Bundle' (100%)
2026-03-15 16:56:47,363 - INFO - 📅 Fetching Basic Metadata: Jitsu Squad
2026-03-15 16:56:47,596 - INFO - 🎯 IGDB Match: 'Jitsu Squad' (100%)
2026-03-15 16:56:47,602 - INFO - 📅 Fetching Basic Metadata: Mighty Fight Federation
2026-03-15 16:56:47,884 - INFO - 🎯 IGDB Match: 'Mighty Fight Federation' (100%)
2026-03-15 16:56:47,893 - INFO - 📅 Fetching Basic Metadata: LOVE
2026-03-15 16:56:48,349 - INFO - 🎯 IGDB Match: 'Love Love Love' (90%)
2026-03-15 16:56:48,357 - INFO - 📅 Fetching Basic Metadata: Call of The Wild: The Angler
2026-03-15 16:56:48,516 - INFO - 🎯 IGDB Match: 'Call of the Wild: The Angler' (100%)
2026-03-15 16:56:48,525 - INFO - 📅 Fetching Basic Metadata: The Falconeer
2026-03-15 16:56:48,677 - INFO - 🎯 IGDB Match: 'The Falconeer: The Hunter' (90%)
2026-03-15 16:56:48,684 - INFO - 📅 Fetching Basic Metadata: Rawmen: Food Fighter Arena
2026-03-15 16:56:48,891 - INFO - 🎯 IGDB Match: 'Rawmen' (90%)
2026-03-15 16:56:48,897 - INFO - 📅 Fetching Basic Metadata: World of Warships – Starter Pack: Albany
2026-03-15 16:56:49,065 - INFO - 📅 Fetching Basic Metadata: Fallout Classic Edition
2026-03-15 16:56:49,305 - INFO - 📅 Fetching Basic Metadata: Outliver: Tribulation
2026-03-15 16:56:49,486 - INFO - 🎯 IGDB Match: 'Outliver: Tribulation' (100%)
2026-03-15 16:56:49,494 - INFO - 📅 Fetching Basic Metadata: Bus Simulator 21 Next Stop
2026-03-15 16:56:49,678 - INFO - 🎯 IGDB Match: 'Bus Simulator 21: Next Stop' (98%)
2026-03-15 16:56:49,687 - INFO - 📅 Fetching Basic Metadata: Turmoil
2026-03-15 16:56:49,868 - INFO - 🎯 IGDB Match: 'Turmoil' (100%)
2026-03-15 16:56:49,876 - INFO - 📅 Fetching Basic Metadata: World War Z Aftermath
2026-03-15 16:56:50,017 - INFO - 🎯 IGDB Match: 'World War Z: Aftermath' (98%)
2026-03-15 16:56:50,023 - INFO - 📅 Fetching Basic Metadata: World Of Warships – Anniversary Party Flavor
2026-03-15 16:56:50,232 - INFO - 📅 Fetching Basic Metadata: Neko Ghost, Jump!
2026-03-15 16:56:50,450 - INFO - 🎯 IGDB Match: 'Neko Ghost, Jump!' (100%)
2026-03-15 16:56:50,457 - INFO - 📅 Fetching Basic Metadata: Super Space Club
2026-03-15 16:56:50,596 - INFO - 🎯 IGDB Match: 'Super Space Club' (100%)
2026-03-15 16:56:50,602 - INFO - 📅 Fetching Basic Metadata: Touch Type Tale
2026-03-15 16:56:50,723 - INFO - 🎯 IGDB Match: 'Touch Type Tale' (100%)
2026-03-15 16:56:50,730 - INFO - 📅 Fetching Basic Metadata: Gigapocalypse
2026-03-15 16:56:50,898 - INFO - 🎯 IGDB Match: 'Gigapocalypse' (100%)
2026-03-15 16:56:50,907 - INFO - 📅 Fetching Basic Metadata: Legion TD2
2026-03-15 16:56:51,133 - INFO - 📅 Fetching Basic Metadata: Nightingale
2026-03-15 16:56:51,294 - INFO - 🎯 IGDB Match: 'Nightingale' (100%)
2026-03-15 16:56:51,302 - INFO - 📅 Fetching Basic Metadata: Godzilla Voxel Wars
2026-03-15 16:56:51,437 - INFO - 🎯 IGDB Match: 'Godzilla Voxel Wars' (100%)
2026-03-15 16:56:51,445 - INFO - 📅 Fetching Basic Metadata: Trine Classic Collection
2026-03-15 16:56:51,659 - INFO - 🎯 IGDB Match: 'Trine Classic Collection' (100%)
2026-03-15 16:56:51,666 - INFO - 📅 Fetching Basic Metadata: Poison Retro Set
2026-03-15 16:56:51,937 - INFO - 🎯 IGDB Match: 'Pixel Gun 3D: Poison Retro Set' (90%)
2026-03-15 16:56:51,943 - INFO - 📅 Fetching Basic Metadata: The Darkside Detective A Fumble in the Dark
2026-03-15 16:56:52,109 - INFO - 🎯 IGDB Match: 'The Darkside Detective: A Fumble in the Dark' (99%)
2026-03-15 16:56:52,115 - INFO - 📅 Fetching Basic Metadata: Return to Ash
2026-03-15 16:56:52,275 - INFO - 🎯 IGDB Match: 'Return to Ash' (100%)
2026-03-15 16:56:52,281 - INFO - 🏢 Publisher Search: STALCRAFT: X Starter Edition
2026-03-15 16:56:53,936 - INFO - 📅 Fetching Basic Metadata: STALCRAFT: X Starter Edition
2026-03-15 16:56:54,122 - INFO - 📅 Fetching Basic Metadata: Boxes: Lost Fragments
2026-03-15 16:56:54,261 - INFO - 🎯 IGDB Match: 'Boxes: Lost Fragments' (100%)
2026-03-15 16:56:54,267 - INFO - 📅 Fetching Basic Metadata: My Night Job
2026-03-15 16:56:54,385 - INFO - 🎯 IGDB Match: 'My Night Job' (100%)
2026-03-15 16:56:54,397 - INFO - 
--- Starting Data Quality Checks ---
2026-03-15 16:56:54,410 - INFO - --- Data Quality Checks Complete ---

2026-03-15 16:56:54,439 - INFO - | Metric | Statistics |
| :--- | :--- |
| 💰 **Total Market Value** | **$12,663.29** |
| 📦 **Total Games Collected** | 657 |
| 🏷️ **Average Retail Price** | $22.46 per game |
| 💎 **Most Expensive Title** | Civilization 6 Platinum Edition ($79.99) |
| 👑 **MVP Publisher** | Bethesda Softworks |
| 🏢 **Value Leaders** | 2K ($579.90), Bethesda Softworks ($544.80), Paradox Interactive ($409.89) |
| 📈 **Inflation-Adjusted Value** | $14,460.53 |
| 🎈 **Inflation Bonus** | **+$1,797.24** in purchasing power |
| 🗓️ **Peak Saving Month** | 🎄 **Seasonality Peak:** December is historically the best month, offering $3,388.17 in savings. |
| ⭐ **Average Score** | 76.7/100 |
| 💳 **Subscription Equivalent** | **$169.57 / mo** |
| 🎯 **Prestige Ratio** | **2.0%** (Strategic Hype) |
| 🏎️ **Lead Time Avg** | 447 Days to Sequel |

2026-03-15 16:56:54,440 - INFO - ✅ README.md updated.
2026-03-15 16:56:54,464 - INFO - Using categorical units to plot a list of strings that are all parsable as floats or dates. If these strings should be plotted as numbers, cast to the appropriate data type before plotting.
2026-03-15 16:56:54,465 - INFO - Using categorical units to plot a list of strings that are all parsable as floats or dates. If these strings should be plotted as numbers, cast to the appropriate data type before plotting.
2026-03-15 16:57:00,123 - INFO - 📈 All charts generated successfully.
