2026-07-10 18:07:29,748 - INFO - Failed to extract font properties from /usr/share/fonts/truetype/noto/NotoColorEmoji.ttf: Non-scalable fonts are not supported
2026-07-10 18:07:29,777 - INFO - generated new fontManager
2026-07-10 18:07:30,004 - INFO - ✅ Migration Successful!
2026-07-10 18:07:30,120 - INFO - No new games found.
2026-07-10 18:07:30,663 - INFO - 🔍 Found 611 games needing metadata. Starting IGDB + Steam + CheapShark enrichment...
2026-07-10 18:07:30,684 - INFO - 📅 Fetching Basic Metadata: LEGO Batman Trilogy
2026-07-10 18:07:31,094 - INFO - 🎯 IGDB Match: 'LEGO Batman Trilogy' (100%)
2026-07-10 18:07:31,112 - INFO - 📅 Fetching Basic Metadata: Antstream
2026-07-10 18:07:31,250 - INFO - 📅 Fetching Basic Metadata: The Drone Racing League Simulator
2026-07-10 18:07:31,507 - INFO - 🎯 IGDB Match: 'The Drone Racing League Simulator' (100%)
2026-07-10 18:07:31,513 - INFO - 📅 Fetching Basic Metadata: Dark Deity
2026-07-10 18:07:31,689 - INFO - 🎯 IGDB Match: 'Dark Deity' (100%)
2026-07-10 18:07:31,694 - INFO - 📅 Fetching Basic Metadata: RPG in a Box
2026-07-10 18:07:31,870 - INFO - 🎯 IGDB Match: 'RPG in a Box' (100%)
2026-07-10 18:07:31,875 - INFO - 📅 Fetching Basic Metadata: Fallout Classic Collection
2026-07-10 18:07:31,976 - INFO - 🎯 IGDB Match: 'Fallout Classic Collection' (100%)
2026-07-10 18:07:31,982 - INFO - 📅 Fetching Basic Metadata: Recipe for Disaster
2026-07-10 18:07:32,336 - INFO - 🎯 IGDB Match: 'Recipe For Disaster' (100%)
2026-07-10 18:07:32,341 - INFO - 📅 Fetching Basic Metadata: World of Warships — Starter Pack: Ishizuchi
2026-07-10 18:07:32,516 - INFO - 🎯 IGDB Match: 'World of Warships: Starter Pack - Ishizuchi' (98%)
2026-07-10 18:07:32,522 - INFO - 📅 Fetching Basic Metadata: Poker Club
2026-07-10 18:07:32,752 - INFO - 🎯 IGDB Match: 'Poker Club' (100%)
2026-07-10 18:07:32,758 - INFO - 📅 Fetching Basic Metadata: The Sims 4 The Daring Lifestyle Bundle
2026-07-10 18:07:32,935 - INFO - 🎯 IGDB Match: 'The Sims 4: The Daring Lifestyle Bundle' (99%)
2026-07-10 18:07:32,941 - INFO - 📅 Fetching Basic Metadata: Dodo Peak
2026-07-10 18:07:33,034 - INFO - 🎯 IGDB Match: 'Dodo Peak' (100%)
2026-07-10 18:07:33,039 - INFO - 📅 Fetching Basic Metadata: Spelldrifter
2026-07-10 18:07:33,301 - INFO - 🎯 IGDB Match: 'Spelldrifter' (100%)
2026-07-10 18:07:33,306 - INFO - 📅 Fetching Basic Metadata: Model Builder
2026-07-10 18:07:33,397 - INFO - 🎯 IGDB Match: 'Model Builder' (100%)
2026-07-10 18:07:33,402 - INFO - 📅 Fetching Basic Metadata: Godlike Burger
2026-07-10 18:07:33,634 - INFO - 🎯 IGDB Match: 'Godlike Burger' (100%)
2026-07-10 18:07:33,640 - INFO - 📅 Fetching Basic Metadata: Q.U.B.E. Ultimate Bundle
2026-07-10 18:07:33,740 - INFO - 🎯 IGDB Match: 'Q.U.B.E. Ultimate Bundle' (100%)
2026-07-10 18:07:33,746 - INFO - 📅 Fetching Basic Metadata: Jitsu Squad
2026-07-10 18:07:33,915 - INFO - 🎯 IGDB Match: 'Jitsu Squad' (100%)
2026-07-10 18:07:33,920 - INFO - 📅 Fetching Basic Metadata: Mighty Fight Federation
2026-07-10 18:07:34,067 - INFO - 🎯 IGDB Match: 'Mighty Fight Federation' (100%)
2026-07-10 18:07:34,074 - INFO - 📅 Fetching Basic Metadata: LOVE
2026-07-10 18:07:34,275 - INFO - 🎯 IGDB Match: 'Love Love Love' (90%)
2026-07-10 18:07:34,282 - INFO - 📅 Fetching Basic Metadata: Call of The Wild: The Angler
2026-07-10 18:07:34,371 - INFO - 🎯 IGDB Match: 'Call of the Wild: The Angler' (100%)
2026-07-10 18:07:34,377 - INFO - 📅 Fetching Basic Metadata: The Falconeer
2026-07-10 18:07:34,466 - INFO - 🎯 IGDB Match: 'The Falconeer: The Hunter' (90%)
2026-07-10 18:07:34,472 - INFO - 📅 Fetching Basic Metadata: Rawmen: Food Fighter Arena
2026-07-10 18:07:34,643 - INFO - 🎯 IGDB Match: 'Rawmen' (90%)
2026-07-10 18:07:34,651 - INFO - 📅 Fetching Basic Metadata: World of Warships – Starter Pack: Albany
2026-07-10 18:07:34,749 - INFO - 📅 Fetching Basic Metadata: Fallout Classic Edition
2026-07-10 18:07:34,847 - INFO - 📅 Fetching Basic Metadata: Outliver: Tribulation
2026-07-10 18:07:34,940 - INFO - 🎯 IGDB Match: 'Outliver: Tribulation' (100%)
2026-07-10 18:07:34,946 - INFO - 📅 Fetching Basic Metadata: Bus Simulator 21 Next Stop
2026-07-10 18:07:35,120 - INFO - 🎯 IGDB Match: 'Bus Simulator 21: Next Stop' (98%)
2026-07-10 18:07:35,126 - INFO - 📅 Fetching Basic Metadata: Turmoil
2026-07-10 18:07:35,300 - INFO - 🎯 IGDB Match: 'Turmoil' (100%)
2026-07-10 18:07:35,306 - INFO - 📅 Fetching Basic Metadata: World War Z Aftermath
2026-07-10 18:07:35,395 - INFO - 🎯 IGDB Match: 'World War Z: Aftermath' (98%)
2026-07-10 18:07:35,400 - INFO - 📅 Fetching Basic Metadata: World Of Warships – Anniversary Party Flavor
2026-07-10 18:07:35,502 - INFO - 📅 Fetching Basic Metadata: Neko Ghost, Jump!
2026-07-10 18:07:35,662 - WARNING - IGDB Error for Neko Ghost, Jump!: string indices must be integers, not 'str'
2026-07-10 18:07:35,668 - INFO - 📅 Fetching Basic Metadata: Super Space Club
2026-07-10 18:07:35,745 - WARNING - IGDB Error for Super Space Club: string indices must be integers, not 'str'
2026-07-10 18:07:35,751 - INFO - 📅 Fetching Basic Metadata: Touch Type Tale
2026-07-10 18:07:35,828 - WARNING - IGDB Error for Touch Type Tale: string indices must be integers, not 'str'
2026-07-10 18:07:35,833 - INFO - 📅 Fetching Basic Metadata: Gigapocalypse
2026-07-10 18:07:35,910 - WARNING - IGDB Error for Gigapocalypse: string indices must be integers, not 'str'
2026-07-10 18:07:35,917 - INFO - 📅 Fetching Basic Metadata: Legion TD2
2026-07-10 18:07:36,000 - WARNING - IGDB Error for Legion TD2: string indices must be integers, not 'str'
2026-07-10 18:07:36,007 - INFO - 📅 Fetching Basic Metadata: Nightingale
2026-07-10 18:07:36,081 - WARNING - IGDB Error for Nightingale: string indices must be integers, not 'str'
2026-07-10 18:07:36,088 - INFO - 📅 Fetching Basic Metadata: Godzilla Voxel Wars
2026-07-10 18:07:36,163 - WARNING - IGDB Error for Godzilla Voxel Wars: string indices must be integers, not 'str'
2026-07-10 18:07:36,170 - INFO - 📅 Fetching Basic Metadata: Trine Classic Collection
2026-07-10 18:07:36,247 - WARNING - IGDB Error for Trine Classic Collection: string indices must be integers, not 'str'
2026-07-10 18:07:36,253 - INFO - 📅 Fetching Basic Metadata: Poison Retro Set
2026-07-10 18:07:36,330 - WARNING - IGDB Error for Poison Retro Set: string indices must be integers, not 'str'
2026-07-10 18:07:36,335 - INFO - 📅 Fetching Basic Metadata: The Darkside Detective A Fumble in the Dark
2026-07-10 18:07:36,415 - WARNING - IGDB Error for The Darkside Detective A Fumble in the Dark: string indices must be integers, not 'str'
2026-07-10 18:07:36,420 - INFO - 📅 Fetching Basic Metadata: Return to Ash
2026-07-10 18:07:36,500 - WARNING - IGDB Error for Return to Ash: string indices must be integers, not 'str'
2026-07-10 18:07:36,505 - INFO - 🏢 Publisher Search: STALCRAFT: X Starter Edition
2026-07-10 18:07:37,837 - INFO - 📅 Fetching Basic Metadata: STALCRAFT: X Starter Edition
2026-07-10 18:07:37,967 - INFO - 📅 Fetching Basic Metadata: Boxes: Lost Fragments
2026-07-10 18:07:38,080 - INFO - 🎯 IGDB Match: 'Boxes: Lost Fragments' (100%)
2026-07-10 18:07:38,085 - INFO - 📅 Fetching Basic Metadata: My Night Job
2026-07-10 18:07:38,172 - INFO - 🎯 IGDB Match: 'My Night Job' (100%)
2026-07-10 18:07:38,178 - INFO - 📅 Fetching Basic Metadata: Electrician Simulator
2026-07-10 18:07:38,353 - INFO - 🎯 IGDB Match: 'Electrician Simulator' (100%)
2026-07-10 18:07:38,358 - INFO - 🏢 Publisher Search: World of Warships — Epic Anniversary Tachibana Pack
2026-07-10 18:07:39,678 - INFO - 📅 Fetching Basic Metadata: World of Warships — Epic Anniversary Tachibana Pack
2026-07-10 18:07:39,777 - INFO - 📅 Fetching Basic Metadata: Hyper Echelon
2026-07-10 18:07:39,952 - INFO - 🎯 IGDB Match: 'Hyper Echelon' (100%)
2026-07-10 18:07:39,958 - INFO - 📅 Fetching Basic Metadata: Havendock
2026-07-10 18:07:40,050 - INFO - 🎯 IGDB Match: 'Havendock' (100%)
2026-07-10 18:07:40,056 - INFO - 📅 Fetching Basic Metadata: Clone Drone in the Danger Zone
2026-07-10 18:07:40,144 - INFO - 🎯 IGDB Match: 'Clone Drone in the Danger Zone' (100%)
2026-07-10 18:07:40,149 - INFO - 🏢 Publisher Search: TOMAK: Save the Earth Regeneration
2026-07-10 18:07:41,467 - INFO - 📅 Fetching Basic Metadata: TOMAK: Save the Earth Regeneration
2026-07-10 18:07:41,553 - INFO - 🎯 IGDB Match: 'Tomak: Save the Earth Regeneration' (100%)
2026-07-10 18:07:41,567 - INFO - 📅 Fetching Basic Metadata: Prop Sumo
2026-07-10 18:07:41,736 - INFO - 🎯 IGDB Match: 'Prop Sumo' (100%)
2026-07-10 18:07:41,741 - INFO - 📅 Fetching Basic Metadata: The Stone of Madness
2026-07-10 18:07:41,915 - INFO - 🎯 IGDB Match: 'The Stone of Madness' (100%)
2026-07-10 18:07:41,920 - INFO - 📅 Fetching Basic Metadata: Firestone Online Idle RPG
2026-07-10 18:07:42,104 - INFO - 🎯 IGDB Match: 'Firestone: Online Idle RPG' (98%)
2026-07-10 18:07:42,110 - INFO - 📅 Fetching Basic Metadata: Oddsparks: An Automation Adventure
2026-07-10 18:07:42,196 - INFO - 🎯 IGDB Match: 'Oddsparks: An Automation Adventure' (100%)
2026-07-10 18:07:42,202 - INFO - 📅 Fetching Basic Metadata: Trash Goblin
2026-07-10 18:07:42,292 - INFO - 🎯 IGDB Match: 'Trash Goblin' (100%)
2026-07-10 18:07:42,298 - INFO - 🏢 Publisher Search: The Telltale Batman Shadows Edition
2026-07-10 18:07:43,614 - INFO - 📅 Fetching Basic Metadata: The Telltale Batman Shadows Edition
2026-07-10 18:07:43,787 - INFO - 🎯 IGDB Match: 'Telltale Batman Shadows Edition' (95%)
2026-07-10 18:07:43,792 - INFO - 🏢 Publisher Search: Sunderfolk - Standard Edition
2026-07-10 18:07:45,097 - INFO - 📅 Fetching Basic Metadata: Sunderfolk - Standard Edition
2026-07-10 18:07:45,286 - INFO - 📅 Fetching Basic Metadata: Down in Bermuda
2026-07-10 18:07:45,466 - INFO - 🎯 IGDB Match: 'Down in Bermuda' (100%)
2026-07-10 18:07:45,514 - INFO - 📅 Fetching Basic Metadata: Tomb Raider I-III Remastered Starring Lara Croft
2026-07-10 18:07:45,755 - INFO - 📅 Fetching Basic Metadata: LONESTAR
2026-07-10 18:07:45,927 - INFO - 🎯 IGDB Match: 'LoneStar' (100%)
2026-07-10 18:07:45,932 - INFO - 📅 Fetching Basic Metadata: Calico
2026-07-10 18:07:46,138 - INFO - 🎯 IGDB Match: 'Calico' (100%)
2026-07-10 18:07:46,144 - INFO - 📅 Fetching Basic Metadata: Rogue Waters
2026-07-10 18:07:46,318 - INFO - 🎯 IGDB Match: 'Rogue Waters' (100%)
2026-07-10 18:07:46,324 - INFO - 📅 Fetching Basic Metadata: The Ouroboros King
2026-07-10 18:07:46,502 - INFO - 🎯 IGDB Match: 'The Ouroboros King' (100%)
2026-07-10 18:07:46,507 - INFO - 🏢 Publisher Search: Warhammer 40K Speed Freeks
2026-07-10 18:07:47,825 - INFO - 📅 Fetching Basic Metadata: I Have No Mouth, and I Must Scream
2026-07-10 18:07:48,006 - INFO - 🎯 IGDB Match: 'I Have No Mouth, and I Must Scream' (100%)
2026-07-10 18:07:48,011 - INFO - 📅 Fetching Basic Metadata: Nova Lands
2026-07-10 18:07:48,098 - INFO - 🎯 IGDB Match: 'Nova Lands' (100%)
2026-07-10 18:07:48,103 - INFO - 📅 Fetching Basic Metadata: Tattoo Tycoon
2026-07-10 18:07:48,211 - INFO - 🎯 IGDB Match: 'Tattoo Tycoon' (100%)
2026-07-10 18:07:48,220 - INFO - 
--- Starting Data Quality Checks ---
2026-07-10 18:07:48,230 - INFO - --- Data Quality Checks Complete ---

2026-07-10 18:07:48,252 - INFO - | Metric | Statistics |
| :--- | :--- |
| 💰 **Total Market Value** | **$13,288.01** |
| 📦 **Total Games Collected** | 688 |
| 🏷️ **Average Retail Price** | $22.35 per game |
| 💎 **Most Expensive Title** | Civilization 6 Platinum Edition ($79.99) |
| 👑 **MVP Publisher** | Bethesda Softworks |
| 🏢 **Value Leaders** | 2K ($579.90), Bethesda Softworks ($544.80), Paradox Interactive ($409.89) |
| 📈 **Inflation-Adjusted Value** | $15,085.25 |
| 🎈 **Inflation Bonus** | **+$1,797.24** in purchasing power |
| 🗓️ **Peak Saving Month** | 🎄 **Seasonality Peak:** December is historically the best month, offering $3,388.17 in savings. |
| ⭐ **Average Score** | 76.8/100 |
| 💳 **Subscription Equivalent** | **$168.99 / mo** |
| 🎯 **Prestige Ratio** | **2.0%** (Strategic Hype) |
| 🏎️ **Lead Time Avg** | 441 Days to Sequel |

2026-07-10 18:07:48,252 - INFO - ✅ README.md updated.
2026-07-10 18:07:48,270 - INFO - Using categorical units to plot a list of strings that are all parsable as floats or dates. If these strings should be plotted as numbers, cast to the appropriate data type before plotting.
2026-07-10 18:07:48,271 - INFO - Using categorical units to plot a list of strings that are all parsable as floats or dates. If these strings should be plotted as numbers, cast to the appropriate data type before plotting.
2026-07-10 18:07:52,744 - INFO - 📈 All charts generated successfully.
