2026-04-22 17:32:38,216 - INFO - Failed to extract font properties from /usr/share/fonts/truetype/noto/NotoColorEmoji.ttf: Can not load face (unknown file format; error code 0x2)
2026-04-22 17:32:38,317 - INFO - generated new fontManager
2026-04-22 17:32:38,837 - INFO - ✅ Migration Successful!
2026-04-22 17:32:39,024 - INFO - No new games found.
2026-04-22 17:32:39,673 - INFO - 🔍 Found 589 games needing metadata. Starting IGDB + Steam + CheapShark enrichment...
2026-04-22 17:32:39,862 - INFO - 📅 Fetching Basic Metadata: LEGO Batman Trilogy
2026-04-22 17:32:40,276 - INFO - 🎯 IGDB Match: 'LEGO Batman Trilogy' (100%)
2026-04-22 17:32:40,303 - INFO - 📅 Fetching Basic Metadata: Antstream
2026-04-22 17:32:40,583 - INFO - 📅 Fetching Basic Metadata: The Drone Racing League Simulator
2026-04-22 17:32:40,738 - INFO - 🎯 IGDB Match: 'The Drone Racing League Simulator' (100%)
2026-04-22 17:32:40,746 - INFO - 📅 Fetching Basic Metadata: Dark Deity
2026-04-22 17:32:40,886 - INFO - 🎯 IGDB Match: 'Dark Deity' (100%)
2026-04-22 17:32:40,892 - INFO - 📅 Fetching Basic Metadata: RPG in a Box
2026-04-22 17:32:41,039 - INFO - 🎯 IGDB Match: 'RPG in a Box' (100%)
2026-04-22 17:32:41,046 - INFO - 📅 Fetching Basic Metadata: Fallout Classic Collection
2026-04-22 17:32:41,243 - INFO - 🎯 IGDB Match: 'Fallout Classic Collection' (100%)
2026-04-22 17:32:41,251 - INFO - 📅 Fetching Basic Metadata: Recipe for Disaster
2026-04-22 17:32:41,381 - INFO - 🎯 IGDB Match: 'Recipe For Disaster' (100%)
2026-04-22 17:32:41,388 - INFO - 📅 Fetching Basic Metadata: World of Warships — Starter Pack: Ishizuchi
2026-04-22 17:32:41,545 - INFO - 🎯 IGDB Match: 'World of Warships: Starter Pack - Ishizuchi' (98%)
2026-04-22 17:32:41,552 - INFO - 📅 Fetching Basic Metadata: Poker Club
2026-04-22 17:32:41,676 - INFO - 🎯 IGDB Match: 'Poker Club' (100%)
2026-04-22 17:32:41,681 - INFO - 📅 Fetching Basic Metadata: The Sims 4 The Daring Lifestyle Bundle
2026-04-22 17:32:41,803 - INFO - 🎯 IGDB Match: 'The Sims 4: The Daring Lifestyle Bundle' (99%)
2026-04-22 17:32:41,811 - INFO - 📅 Fetching Basic Metadata: Dodo Peak
2026-04-22 17:32:41,931 - INFO - 🎯 IGDB Match: 'Dodo Peak' (100%)
2026-04-22 17:32:41,937 - INFO - 📅 Fetching Basic Metadata: Spelldrifter
2026-04-22 17:32:42,061 - INFO - 🎯 IGDB Match: 'Spelldrifter' (100%)
2026-04-22 17:32:42,067 - INFO - 📅 Fetching Basic Metadata: Model Builder
2026-04-22 17:32:42,265 - INFO - 🎯 IGDB Match: 'Model Builder' (100%)
2026-04-22 17:32:42,271 - INFO - 📅 Fetching Basic Metadata: Godlike Burger
2026-04-22 17:32:42,452 - INFO - 🎯 IGDB Match: 'Godlike Burger' (100%)
2026-04-22 17:32:42,458 - INFO - 📅 Fetching Basic Metadata: Q.U.B.E. Ultimate Bundle
2026-04-22 17:32:42,627 - INFO - 🎯 IGDB Match: 'Q.U.B.E. Ultimate Bundle' (100%)
2026-04-22 17:32:42,634 - INFO - 📅 Fetching Basic Metadata: Jitsu Squad
2026-04-22 17:32:42,797 - INFO - 🎯 IGDB Match: 'Jitsu Squad' (100%)
2026-04-22 17:32:42,803 - INFO - 📅 Fetching Basic Metadata: Mighty Fight Federation
2026-04-22 17:32:42,975 - INFO - 🎯 IGDB Match: 'Mighty Fight Federation' (100%)
2026-04-22 17:32:42,984 - INFO - 📅 Fetching Basic Metadata: LOVE
2026-04-22 17:32:43,145 - INFO - 🎯 IGDB Match: 'Love Love Love' (90%)
2026-04-22 17:32:43,152 - INFO - 📅 Fetching Basic Metadata: Call of The Wild: The Angler
2026-04-22 17:32:43,326 - INFO - 🎯 IGDB Match: 'Call of the Wild: The Angler' (100%)
2026-04-22 17:32:43,334 - INFO - 📅 Fetching Basic Metadata: The Falconeer
2026-04-22 17:32:43,506 - INFO - 🎯 IGDB Match: 'The Falconeer: The Hunter' (90%)
2026-04-22 17:32:43,513 - INFO - 📅 Fetching Basic Metadata: Rawmen: Food Fighter Arena
2026-04-22 17:32:43,656 - INFO - 🎯 IGDB Match: 'Rawmen' (90%)
2026-04-22 17:32:43,662 - INFO - 📅 Fetching Basic Metadata: World of Warships – Starter Pack: Albany
2026-04-22 17:32:43,833 - INFO - 📅 Fetching Basic Metadata: Fallout Classic Edition
2026-04-22 17:32:44,011 - INFO - 📅 Fetching Basic Metadata: Outliver: Tribulation
2026-04-22 17:32:44,172 - INFO - 🎯 IGDB Match: 'Outliver: Tribulation' (100%)
2026-04-22 17:32:44,179 - INFO - 📅 Fetching Basic Metadata: Bus Simulator 21 Next Stop
2026-04-22 17:32:44,367 - WARNING - IGDB Error for Bus Simulator 21 Next Stop: string indices must be integers, not 'str'
2026-04-22 17:32:44,374 - INFO - 📅 Fetching Basic Metadata: Turmoil
2026-04-22 17:32:44,513 - INFO - 🎯 IGDB Match: 'Turmoil' (100%)
2026-04-22 17:32:44,520 - INFO - 📅 Fetching Basic Metadata: World War Z Aftermath
2026-04-22 17:32:44,627 - WARNING - IGDB Error for World War Z Aftermath: string indices must be integers, not 'str'
2026-04-22 17:32:44,633 - INFO - 📅 Fetching Basic Metadata: World Of Warships – Anniversary Party Flavor
2026-04-22 17:32:44,759 - INFO - 📅 Fetching Basic Metadata: Neko Ghost, Jump!
2026-04-22 17:32:44,888 - WARNING - IGDB Error for Neko Ghost, Jump!: string indices must be integers, not 'str'
2026-04-22 17:32:44,895 - INFO - 📅 Fetching Basic Metadata: Super Space Club
2026-04-22 17:32:45,008 - WARNING - IGDB Error for Super Space Club: string indices must be integers, not 'str'
2026-04-22 17:32:45,014 - INFO - 📅 Fetching Basic Metadata: Touch Type Tale
2026-04-22 17:32:45,126 - WARNING - IGDB Error for Touch Type Tale: string indices must be integers, not 'str'
2026-04-22 17:32:45,132 - INFO - 📅 Fetching Basic Metadata: Gigapocalypse
2026-04-22 17:32:45,276 - WARNING - IGDB Error for Gigapocalypse: string indices must be integers, not 'str'
2026-04-22 17:32:45,283 - INFO - 📅 Fetching Basic Metadata: Legion TD2
2026-04-22 17:32:45,403 - WARNING - IGDB Error for Legion TD2: string indices must be integers, not 'str'
2026-04-22 17:32:45,412 - INFO - 📅 Fetching Basic Metadata: Nightingale
2026-04-22 17:32:45,745 - INFO - 🎯 IGDB Match: 'Nightingale' (100%)
2026-04-22 17:32:45,753 - INFO - 📅 Fetching Basic Metadata: Godzilla Voxel Wars
2026-04-22 17:32:46,338 - INFO - 🎯 IGDB Match: 'Godzilla Voxel Wars' (100%)
2026-04-22 17:32:46,346 - INFO - 📅 Fetching Basic Metadata: Trine Classic Collection
2026-04-22 17:32:46,471 - INFO - 🎯 IGDB Match: 'Trine Classic Collection' (100%)
2026-04-22 17:32:46,479 - INFO - 📅 Fetching Basic Metadata: Poison Retro Set
2026-04-22 17:32:46,600 - INFO - 🎯 IGDB Match: 'Pixel Gun 3D: Poison Retro Set' (90%)
2026-04-22 17:32:46,606 - INFO - 📅 Fetching Basic Metadata: The Darkside Detective A Fumble in the Dark
2026-04-22 17:32:46,727 - INFO - 🎯 IGDB Match: 'The Darkside Detective: A Fumble in the Dark' (99%)
2026-04-22 17:32:46,733 - INFO - 📅 Fetching Basic Metadata: Return to Ash
2026-04-22 17:32:46,852 - INFO - 🎯 IGDB Match: 'Return to Ash' (100%)
2026-04-22 17:32:46,858 - INFO - 🏢 Publisher Search: STALCRAFT: X Starter Edition
2026-04-22 17:32:48,242 - INFO - 📅 Fetching Basic Metadata: STALCRAFT: X Starter Edition
2026-04-22 17:32:48,407 - INFO - 📅 Fetching Basic Metadata: Boxes: Lost Fragments
2026-04-22 17:32:48,609 - INFO - 🎯 IGDB Match: 'Boxes: Lost Fragments' (100%)
2026-04-22 17:32:48,615 - INFO - 📅 Fetching Basic Metadata: My Night Job
2026-04-22 17:32:48,858 - INFO - 🎯 IGDB Match: 'My Night Job' (100%)
2026-04-22 17:32:48,864 - INFO - 📅 Fetching Basic Metadata: Electrician Simulator
2026-04-22 17:32:49,027 - INFO - 🎯 IGDB Match: 'Electrician Simulator' (100%)
2026-04-22 17:32:49,033 - INFO - 🏢 Publisher Search: World of Warships — Epic Anniversary Tachibana Pack
2026-04-22 17:32:50,374 - INFO - 📅 Fetching Basic Metadata: World of Warships — Epic Anniversary Tachibana Pack
2026-04-22 17:32:50,542 - INFO - 📅 Fetching Basic Metadata: Hyper Echelon
2026-04-22 17:32:50,690 - INFO - 🎯 IGDB Match: 'Hyper Echelon' (100%)
2026-04-22 17:32:50,696 - INFO - 📅 Fetching Basic Metadata: Havendock
2026-04-22 17:32:50,832 - INFO - 🎯 IGDB Match: 'Havendock' (100%)
2026-04-22 17:32:50,838 - INFO - 📅 Fetching Basic Metadata: Clone Drone in the Danger Zone
2026-04-22 17:32:50,965 - INFO - 🎯 IGDB Match: 'Clone Drone in the Danger Zone' (100%)
2026-04-22 17:32:50,971 - INFO - 🏢 Publisher Search: TOMAK: Save the Earth Regeneration
2026-04-22 17:32:52,306 - INFO - 📅 Fetching Basic Metadata: TOMAK: Save the Earth Regeneration
2026-04-22 17:32:52,422 - INFO - 🎯 IGDB Match: 'Tomak: Save the Earth Regeneration' (100%)
2026-04-22 17:32:52,428 - INFO - 📅 Fetching Basic Metadata: Prop Sumo
2026-04-22 17:32:52,550 - INFO - 🎯 IGDB Match: 'Prop Sumo' (100%)
2026-04-22 17:32:52,556 - INFO - 📅 Fetching Basic Metadata: The Stone of Madness
2026-04-22 17:32:52,685 - INFO - 🎯 IGDB Match: 'The Stone of Madness' (100%)
2026-04-22 17:32:52,695 - INFO - 
--- Starting Data Quality Checks ---
2026-04-22 17:32:52,708 - INFO - --- Data Quality Checks Complete ---

2026-04-22 17:32:52,737 - INFO - | Metric | Statistics |
| :--- | :--- |
| 💰 **Total Market Value** | **$12,808.22** |
| 📦 **Total Games Collected** | 665 |
| 🏷️ **Average Retail Price** | $22.40 per game |
| 💎 **Most Expensive Title** | Civilization 6 Platinum Edition ($79.99) |
| 👑 **MVP Publisher** | Bethesda Softworks |
| 🏢 **Value Leaders** | 2K ($579.90), Bethesda Softworks ($544.80), Paradox Interactive ($409.89) |
| 📈 **Inflation-Adjusted Value** | $14,605.46 |
| 🎈 **Inflation Bonus** | **+$1,797.24** in purchasing power |
| 🗓️ **Peak Saving Month** | 🎄 **Seasonality Peak:** December is historically the best month, offering $3,388.17 in savings. |
| ⭐ **Average Score** | 76.7/100 |
| 💳 **Subscription Equivalent** | **$169.29 / mo** |
| 🎯 **Prestige Ratio** | **2.0%** (Strategic Hype) |
| 🏎️ **Lead Time Avg** | 447 Days to Sequel |

2026-04-22 17:32:52,737 - INFO - ✅ README.md updated.
2026-04-22 17:32:52,761 - INFO - Using categorical units to plot a list of strings that are all parsable as floats or dates. If these strings should be plotted as numbers, cast to the appropriate data type before plotting.
2026-04-22 17:32:52,762 - INFO - Using categorical units to plot a list of strings that are all parsable as floats or dates. If these strings should be plotted as numbers, cast to the appropriate data type before plotting.
2026-04-22 17:32:58,337 - INFO - 📈 All charts generated successfully.
