2026-06-29 18:29:11,253 - INFO - Failed to extract font properties from /usr/share/fonts/truetype/noto/NotoColorEmoji.ttf: Non-scalable fonts are not supported
2026-06-29 18:29:11,627 - INFO - generated new fontManager
2026-06-29 18:29:11,943 - INFO - ✅ Migration Successful!
2026-06-29 18:29:12,656 - INFO - No new games found.
2026-06-29 18:29:13,080 - INFO - 🔍 Found 607 games needing metadata. Starting IGDB + Steam + CheapShark enrichment...
2026-06-29 18:29:13,108 - INFO - 📅 Fetching Basic Metadata: LEGO Batman Trilogy
2026-06-29 18:29:13,354 - INFO - 🎯 IGDB Match: 'LEGO Batman Trilogy' (100%)
2026-06-29 18:29:13,383 - INFO - 📅 Fetching Basic Metadata: Antstream
2026-06-29 18:29:13,536 - INFO - 📅 Fetching Basic Metadata: The Drone Racing League Simulator
2026-06-29 18:29:13,715 - INFO - 🎯 IGDB Match: 'The Drone Racing League Simulator' (100%)
2026-06-29 18:29:13,724 - INFO - 📅 Fetching Basic Metadata: Dark Deity
2026-06-29 18:29:13,903 - INFO - 🎯 IGDB Match: 'Dark Deity' (100%)
2026-06-29 18:29:13,910 - INFO - 📅 Fetching Basic Metadata: RPG in a Box
2026-06-29 18:29:14,003 - INFO - 🎯 IGDB Match: 'RPG in a Box' (100%)
2026-06-29 18:29:14,010 - INFO - 📅 Fetching Basic Metadata: Fallout Classic Collection
2026-06-29 18:29:14,120 - INFO - 🎯 IGDB Match: 'Fallout Classic Collection' (100%)
2026-06-29 18:29:14,129 - INFO - 📅 Fetching Basic Metadata: Recipe for Disaster
2026-06-29 18:29:14,269 - INFO - 🎯 IGDB Match: 'Recipe For Disaster' (100%)
2026-06-29 18:29:14,276 - INFO - 📅 Fetching Basic Metadata: World of Warships — Starter Pack: Ishizuchi
2026-06-29 18:29:14,369 - INFO - 🎯 IGDB Match: 'World of Warships: Starter Pack - Ishizuchi' (98%)
2026-06-29 18:29:14,377 - INFO - 📅 Fetching Basic Metadata: Poker Club
2026-06-29 18:29:14,484 - INFO - 🎯 IGDB Match: 'Poker Club' (100%)
2026-06-29 18:29:14,490 - INFO - 📅 Fetching Basic Metadata: The Sims 4 The Daring Lifestyle Bundle
2026-06-29 18:29:14,626 - INFO - 🎯 IGDB Match: 'The Sims 4: The Daring Lifestyle Bundle' (99%)
2026-06-29 18:29:14,635 - INFO - 📅 Fetching Basic Metadata: Dodo Peak
2026-06-29 18:29:14,780 - INFO - 🎯 IGDB Match: 'Dodo Peak' (100%)
2026-06-29 18:29:14,786 - INFO - 📅 Fetching Basic Metadata: Spelldrifter
2026-06-29 18:29:14,910 - INFO - 🎯 IGDB Match: 'Spelldrifter' (100%)
2026-06-29 18:29:14,917 - INFO - 📅 Fetching Basic Metadata: Model Builder
2026-06-29 18:29:15,028 - INFO - 🎯 IGDB Match: 'Model Builder' (100%)
2026-06-29 18:29:15,035 - INFO - 📅 Fetching Basic Metadata: Godlike Burger
2026-06-29 18:29:15,184 - INFO - 🎯 IGDB Match: 'Godlike Burger' (100%)
2026-06-29 18:29:15,191 - INFO - 📅 Fetching Basic Metadata: Q.U.B.E. Ultimate Bundle
2026-06-29 18:29:15,318 - INFO - 🎯 IGDB Match: 'Q.U.B.E. Ultimate Bundle' (100%)
2026-06-29 18:29:15,326 - INFO - 📅 Fetching Basic Metadata: Jitsu Squad
2026-06-29 18:29:15,450 - INFO - 🎯 IGDB Match: 'Jitsu Squad' (100%)
2026-06-29 18:29:15,457 - INFO - 📅 Fetching Basic Metadata: Mighty Fight Federation
2026-06-29 18:29:15,542 - WARNING - IGDB Error for Mighty Fight Federation: string indices must be integers, not 'str'
2026-06-29 18:29:15,553 - INFO - 📅 Fetching Basic Metadata: LOVE
2026-06-29 18:29:15,677 - INFO - 🎯 IGDB Match: 'Love Love Love' (90%)
2026-06-29 18:29:15,686 - INFO - 📅 Fetching Basic Metadata: Call of The Wild: The Angler
2026-06-29 18:29:15,808 - INFO - 🎯 IGDB Match: 'Call of the Wild: The Angler' (100%)
2026-06-29 18:29:15,818 - INFO - 📅 Fetching Basic Metadata: The Falconeer
2026-06-29 18:29:15,915 - INFO - 🎯 IGDB Match: 'The Falconeer: The Hunter' (90%)
2026-06-29 18:29:15,922 - INFO - 📅 Fetching Basic Metadata: Rawmen: Food Fighter Arena
2026-06-29 18:29:16,037 - INFO - 🎯 IGDB Match: 'Rawmen' (90%)
2026-06-29 18:29:16,044 - INFO - 📅 Fetching Basic Metadata: World of Warships – Starter Pack: Albany
2026-06-29 18:29:16,155 - INFO - 📅 Fetching Basic Metadata: Fallout Classic Edition
2026-06-29 18:29:16,239 - WARNING - IGDB Error for Fallout Classic Edition: string indices must be integers, not 'str'
2026-06-29 18:29:16,247 - INFO - 📅 Fetching Basic Metadata: Outliver: Tribulation
2026-06-29 18:29:16,328 - WARNING - IGDB Error for Outliver: Tribulation: string indices must be integers, not 'str'
2026-06-29 18:29:16,336 - INFO - 📅 Fetching Basic Metadata: Bus Simulator 21 Next Stop
2026-06-29 18:29:16,437 - INFO - 🎯 IGDB Match: 'Bus Simulator 21: Next Stop' (98%)
2026-06-29 18:29:16,445 - INFO - 📅 Fetching Basic Metadata: Turmoil
2026-06-29 18:29:16,537 - WARNING - IGDB Error for Turmoil: string indices must be integers, not 'str'
2026-06-29 18:29:16,545 - INFO - 📅 Fetching Basic Metadata: World War Z Aftermath
2026-06-29 18:29:16,653 - INFO - 🎯 IGDB Match: 'World War Z: Aftermath' (98%)
2026-06-29 18:29:16,660 - INFO - 📅 Fetching Basic Metadata: World Of Warships – Anniversary Party Flavor
2026-06-29 18:29:16,741 - WARNING - IGDB Error for World Of Warships – Anniversary Party Flavor: string indices must be integers, not 'str'
2026-06-29 18:29:16,748 - INFO - 📅 Fetching Basic Metadata: Neko Ghost, Jump!
2026-06-29 18:29:16,829 - WARNING - IGDB Error for Neko Ghost, Jump!: string indices must be integers, not 'str'
2026-06-29 18:29:16,836 - INFO - 📅 Fetching Basic Metadata: Super Space Club
2026-06-29 18:29:16,918 - WARNING - IGDB Error for Super Space Club: string indices must be integers, not 'str'
2026-06-29 18:29:16,925 - INFO - 📅 Fetching Basic Metadata: Touch Type Tale
2026-06-29 18:29:17,005 - WARNING - IGDB Error for Touch Type Tale: string indices must be integers, not 'str'
2026-06-29 18:29:17,011 - INFO - 📅 Fetching Basic Metadata: Gigapocalypse
2026-06-29 18:29:17,092 - WARNING - IGDB Error for Gigapocalypse: string indices must be integers, not 'str'
2026-06-29 18:29:17,101 - INFO - 📅 Fetching Basic Metadata: Legion TD2
2026-06-29 18:29:17,230 - WARNING - IGDB Error for Legion TD2: string indices must be integers, not 'str'
2026-06-29 18:29:17,240 - INFO - 📅 Fetching Basic Metadata: Nightingale
2026-06-29 18:29:17,319 - WARNING - IGDB Error for Nightingale: string indices must be integers, not 'str'
2026-06-29 18:29:17,327 - INFO - 📅 Fetching Basic Metadata: Godzilla Voxel Wars
2026-06-29 18:29:17,406 - WARNING - IGDB Error for Godzilla Voxel Wars: string indices must be integers, not 'str'
2026-06-29 18:29:17,415 - INFO - 📅 Fetching Basic Metadata: Trine Classic Collection
2026-06-29 18:29:17,503 - WARNING - IGDB Error for Trine Classic Collection: string indices must be integers, not 'str'
2026-06-29 18:29:17,511 - INFO - 📅 Fetching Basic Metadata: Poison Retro Set
2026-06-29 18:29:17,593 - WARNING - IGDB Error for Poison Retro Set: string indices must be integers, not 'str'
2026-06-29 18:29:17,600 - INFO - 📅 Fetching Basic Metadata: The Darkside Detective A Fumble in the Dark
2026-06-29 18:29:17,682 - WARNING - IGDB Error for The Darkside Detective A Fumble in the Dark: string indices must be integers, not 'str'
2026-06-29 18:29:17,688 - INFO - 📅 Fetching Basic Metadata: Return to Ash
2026-06-29 18:29:17,777 - WARNING - IGDB Error for Return to Ash: string indices must be integers, not 'str'
2026-06-29 18:29:17,784 - INFO - 🏢 Publisher Search: STALCRAFT: X Starter Edition
2026-06-29 18:29:19,143 - INFO - 📅 Fetching Basic Metadata: STALCRAFT: X Starter Edition
2026-06-29 18:29:19,250 - INFO - 📅 Fetching Basic Metadata: Boxes: Lost Fragments
2026-06-29 18:29:19,351 - INFO - 🎯 IGDB Match: 'Boxes: Lost Fragments' (100%)
2026-06-29 18:29:19,358 - INFO - 📅 Fetching Basic Metadata: My Night Job
2026-06-29 18:29:19,458 - INFO - 🎯 IGDB Match: 'My Night Job' (100%)
2026-06-29 18:29:19,465 - INFO - 📅 Fetching Basic Metadata: Electrician Simulator
2026-06-29 18:29:19,562 - INFO - 🎯 IGDB Match: 'Electrician Simulator' (100%)
2026-06-29 18:29:19,568 - INFO - 🏢 Publisher Search: World of Warships — Epic Anniversary Tachibana Pack
2026-06-29 18:29:20,944 - INFO - 📅 Fetching Basic Metadata: World of Warships — Epic Anniversary Tachibana Pack
2026-06-29 18:29:21,063 - INFO - 📅 Fetching Basic Metadata: Hyper Echelon
2026-06-29 18:29:21,160 - INFO - 🎯 IGDB Match: 'Hyper Echelon' (100%)
2026-06-29 18:29:21,166 - INFO - 📅 Fetching Basic Metadata: Havendock
2026-06-29 18:29:21,266 - INFO - 🎯 IGDB Match: 'Havendock' (100%)
2026-06-29 18:29:21,272 - INFO - 📅 Fetching Basic Metadata: Clone Drone in the Danger Zone
2026-06-29 18:29:21,367 - INFO - 🎯 IGDB Match: 'Clone Drone in the Danger Zone' (100%)
2026-06-29 18:29:21,373 - INFO - 🏢 Publisher Search: TOMAK: Save the Earth Regeneration
2026-06-29 18:29:22,709 - INFO - 📅 Fetching Basic Metadata: TOMAK: Save the Earth Regeneration
2026-06-29 18:29:22,803 - INFO - 🎯 IGDB Match: 'Tomak: Save the Earth Regeneration' (100%)
2026-06-29 18:29:22,809 - INFO - 📅 Fetching Basic Metadata: Prop Sumo
2026-06-29 18:29:22,905 - INFO - 🎯 IGDB Match: 'Prop Sumo' (100%)
2026-06-29 18:29:22,911 - INFO - 📅 Fetching Basic Metadata: The Stone of Madness
2026-06-29 18:29:23,001 - INFO - 🎯 IGDB Match: 'The Stone of Madness' (100%)
2026-06-29 18:29:23,008 - INFO - 📅 Fetching Basic Metadata: Firestone Online Idle RPG
2026-06-29 18:29:23,110 - INFO - 🎯 IGDB Match: 'Firestone: Online Idle RPG' (98%)
2026-06-29 18:29:23,116 - INFO - 📅 Fetching Basic Metadata: Oddsparks: An Automation Adventure
2026-06-29 18:29:23,211 - INFO - 🎯 IGDB Match: 'Oddsparks: An Automation Adventure' (100%)
2026-06-29 18:29:23,217 - INFO - 📅 Fetching Basic Metadata: Trash Goblin
2026-06-29 18:29:23,313 - INFO - 🎯 IGDB Match: 'Trash Goblin' (100%)
2026-06-29 18:29:23,320 - INFO - 🏢 Publisher Search: The Telltale Batman Shadows Edition
2026-06-29 18:29:24,657 - INFO - 📅 Fetching Basic Metadata: The Telltale Batman Shadows Edition
2026-06-29 18:29:24,752 - INFO - 🎯 IGDB Match: 'Telltale Batman Shadows Edition' (95%)
2026-06-29 18:29:24,758 - INFO - 🏢 Publisher Search: Sunderfolk - Standard Edition
2026-06-29 18:29:26,289 - INFO - 📅 Fetching Basic Metadata: Sunderfolk - Standard Edition
2026-06-29 18:29:26,386 - INFO - 📅 Fetching Basic Metadata: Down in Bermuda
2026-06-29 18:29:26,498 - INFO - 🎯 IGDB Match: 'Down in Bermuda' (100%)
2026-06-29 18:29:26,504 - INFO - 📅 Fetching Basic Metadata: Tomb Raider I-III Remastered Starring Lara Croft
2026-06-29 18:29:26,659 - INFO - 📅 Fetching Basic Metadata: LONESTAR
2026-06-29 18:29:26,839 - INFO - 🎯 IGDB Match: 'LoneStar' (100%)
2026-06-29 18:29:26,846 - INFO - 📅 Fetching Basic Metadata: Calico
2026-06-29 18:29:26,940 - INFO - 🎯 IGDB Match: 'Calico' (100%)
2026-06-29 18:29:26,946 - INFO - 📅 Fetching Basic Metadata: Rogue Waters
2026-06-29 18:29:27,124 - INFO - 🎯 IGDB Match: 'Rogue Waters' (100%)
2026-06-29 18:29:27,130 - INFO - 📅 Fetching Basic Metadata: The Ouroboros King
2026-06-29 18:29:27,281 - INFO - 🎯 IGDB Match: 'The Ouroboros King' (100%)
2026-06-29 18:29:27,287 - INFO - 🏢 Publisher Search: Warhammer 40K Speed Freeks
2026-06-29 18:29:28,637 - INFO - 
--- Starting Data Quality Checks ---
2026-06-29 18:29:28,650 - INFO - --- Data Quality Checks Complete ---

2026-06-29 18:29:28,680 - INFO - | Metric | Statistics |
| :--- | :--- |
| 💰 **Total Market Value** | **$13,188.05** |
| 📦 **Total Games Collected** | 684 |
| 🏷️ **Average Retail Price** | $22.34 per game |
| 💎 **Most Expensive Title** | Civilization 6 Platinum Edition ($79.99) |
| 👑 **MVP Publisher** | Bethesda Softworks |
| 🏢 **Value Leaders** | 2K ($579.90), Bethesda Softworks ($544.80), Paradox Interactive ($409.89) |
| 📈 **Inflation-Adjusted Value** | $14,985.29 |
| 🎈 **Inflation Bonus** | **+$1,797.24** in purchasing power |
| 🗓️ **Peak Saving Month** | 🎄 **Seasonality Peak:** December is historically the best month, offering $3,388.17 in savings. |
| ⭐ **Average Score** | 76.8/100 |
| 💳 **Subscription Equivalent** | **$169.75 / mo** |
| 🎯 **Prestige Ratio** | **2.0%** (Strategic Hype) |
| 🏎️ **Lead Time Avg** | 441 Days to Sequel |

2026-06-29 18:29:28,680 - INFO - ✅ README.md updated.
2026-06-29 18:29:28,704 - INFO - Using categorical units to plot a list of strings that are all parsable as floats or dates. If these strings should be plotted as numbers, cast to the appropriate data type before plotting.
2026-06-29 18:29:28,705 - INFO - Using categorical units to plot a list of strings that are all parsable as floats or dates. If these strings should be plotted as numbers, cast to the appropriate data type before plotting.
2026-06-29 18:29:35,002 - INFO - 📈 All charts generated successfully.
