2026-05-18 18:18:06,550 - INFO - Failed to extract font properties from /usr/share/fonts/truetype/noto/NotoColorEmoji.ttf: Can not load face (unknown file format; error code 0x2)
2026-05-18 18:18:06,560 - INFO - generated new fontManager
2026-05-18 18:18:06,868 - INFO - ✅ Migration Successful!
2026-05-18 18:18:07,294 - INFO - No new games found.
2026-05-18 18:18:07,687 - INFO - 🔍 Found 596 games needing metadata. Starting IGDB + Steam + CheapShark enrichment...
2026-05-18 18:18:07,753 - INFO - 📅 Fetching Basic Metadata: LEGO Batman Trilogy
2026-05-18 18:18:08,083 - INFO - 🎯 IGDB Match: 'LEGO Batman Trilogy' (100%)
2026-05-18 18:18:08,105 - INFO - 📅 Fetching Basic Metadata: Antstream
2026-05-18 18:18:08,332 - INFO - 📅 Fetching Basic Metadata: The Drone Racing League Simulator
2026-05-18 18:18:08,545 - INFO - 🎯 IGDB Match: 'The Drone Racing League Simulator' (100%)
2026-05-18 18:18:08,556 - INFO - 📅 Fetching Basic Metadata: Dark Deity
2026-05-18 18:18:08,706 - INFO - 🎯 IGDB Match: 'Dark Deity' (100%)
2026-05-18 18:18:08,713 - INFO - 📅 Fetching Basic Metadata: RPG in a Box
2026-05-18 18:18:08,906 - INFO - 🎯 IGDB Match: 'RPG in a Box' (100%)
2026-05-18 18:18:08,913 - INFO - 📅 Fetching Basic Metadata: Fallout Classic Collection
2026-05-18 18:18:09,106 - INFO - 🎯 IGDB Match: 'Fallout Classic Collection' (100%)
2026-05-18 18:18:09,114 - INFO - 📅 Fetching Basic Metadata: Recipe for Disaster
2026-05-18 18:18:09,377 - INFO - 🎯 IGDB Match: 'Recipe For Disaster' (100%)
2026-05-18 18:18:09,383 - INFO - 📅 Fetching Basic Metadata: World of Warships — Starter Pack: Ishizuchi
2026-05-18 18:18:09,607 - INFO - 🎯 IGDB Match: 'World of Warships: Starter Pack - Ishizuchi' (98%)
2026-05-18 18:18:09,614 - INFO - 📅 Fetching Basic Metadata: Poker Club
2026-05-18 18:18:09,762 - INFO - 🎯 IGDB Match: 'Poker Club' (100%)
2026-05-18 18:18:09,768 - INFO - 📅 Fetching Basic Metadata: The Sims 4 The Daring Lifestyle Bundle
2026-05-18 18:18:09,909 - INFO - 🎯 IGDB Match: 'The Sims 4: The Daring Lifestyle Bundle' (99%)
2026-05-18 18:18:09,918 - INFO - 📅 Fetching Basic Metadata: Dodo Peak
2026-05-18 18:18:10,065 - INFO - 🎯 IGDB Match: 'Dodo Peak' (100%)
2026-05-18 18:18:10,072 - INFO - 📅 Fetching Basic Metadata: Spelldrifter
2026-05-18 18:18:10,205 - INFO - 🎯 IGDB Match: 'Spelldrifter' (100%)
2026-05-18 18:18:10,211 - INFO - 📅 Fetching Basic Metadata: Model Builder
2026-05-18 18:18:10,349 - INFO - 🎯 IGDB Match: 'Model Builder' (100%)
2026-05-18 18:18:10,355 - INFO - 📅 Fetching Basic Metadata: Godlike Burger
2026-05-18 18:18:10,546 - INFO - 🎯 IGDB Match: 'Godlike Burger' (100%)
2026-05-18 18:18:10,552 - INFO - 📅 Fetching Basic Metadata: Q.U.B.E. Ultimate Bundle
2026-05-18 18:18:10,691 - INFO - 🎯 IGDB Match: 'Q.U.B.E. Ultimate Bundle' (100%)
2026-05-18 18:18:10,698 - INFO - 📅 Fetching Basic Metadata: Jitsu Squad
2026-05-18 18:18:10,831 - INFO - 🎯 IGDB Match: 'Jitsu Squad' (100%)
2026-05-18 18:18:10,837 - INFO - 📅 Fetching Basic Metadata: Mighty Fight Federation
2026-05-18 18:18:10,989 - INFO - 🎯 IGDB Match: 'Mighty Fight Federation' (100%)
2026-05-18 18:18:10,998 - INFO - 📅 Fetching Basic Metadata: LOVE
2026-05-18 18:18:11,164 - INFO - 🎯 IGDB Match: 'Love Love Love' (90%)
2026-05-18 18:18:11,172 - INFO - 📅 Fetching Basic Metadata: Call of The Wild: The Angler
2026-05-18 18:18:11,314 - INFO - 🎯 IGDB Match: 'Call of the Wild: The Angler' (100%)
2026-05-18 18:18:11,323 - INFO - 📅 Fetching Basic Metadata: The Falconeer
2026-05-18 18:18:11,461 - INFO - 🎯 IGDB Match: 'The Falconeer: The Hunter' (90%)
2026-05-18 18:18:11,468 - INFO - 📅 Fetching Basic Metadata: Rawmen: Food Fighter Arena
2026-05-18 18:18:11,682 - INFO - 🎯 IGDB Match: 'Rawmen' (90%)
2026-05-18 18:18:11,689 - INFO - 📅 Fetching Basic Metadata: World of Warships – Starter Pack: Albany
2026-05-18 18:18:11,843 - INFO - 📅 Fetching Basic Metadata: Fallout Classic Edition
2026-05-18 18:18:11,984 - INFO - 📅 Fetching Basic Metadata: Outliver: Tribulation
2026-05-18 18:18:12,118 - INFO - 🎯 IGDB Match: 'Outliver: Tribulation' (100%)
2026-05-18 18:18:12,126 - INFO - 📅 Fetching Basic Metadata: Bus Simulator 21 Next Stop
2026-05-18 18:18:12,266 - INFO - 🎯 IGDB Match: 'Bus Simulator 21: Next Stop' (98%)
2026-05-18 18:18:12,274 - INFO - 📅 Fetching Basic Metadata: Turmoil
2026-05-18 18:18:12,467 - WARNING - IGDB Error for Turmoil: string indices must be integers, not 'str'
2026-05-18 18:18:12,474 - INFO - 📅 Fetching Basic Metadata: World War Z Aftermath
2026-05-18 18:18:12,594 - WARNING - IGDB Error for World War Z Aftermath: string indices must be integers, not 'str'
2026-05-18 18:18:12,601 - INFO - 📅 Fetching Basic Metadata: World Of Warships – Anniversary Party Flavor
2026-05-18 18:18:12,750 - INFO - 📅 Fetching Basic Metadata: Neko Ghost, Jump!
2026-05-18 18:18:12,890 - INFO - 🎯 IGDB Match: 'Neko Ghost, Jump!' (100%)
2026-05-18 18:18:12,897 - INFO - 📅 Fetching Basic Metadata: Super Space Club
2026-05-18 18:18:13,134 - INFO - 🎯 IGDB Match: 'Super Space Club' (100%)
2026-05-18 18:18:13,140 - INFO - 📅 Fetching Basic Metadata: Touch Type Tale
2026-05-18 18:18:13,274 - INFO - 🎯 IGDB Match: 'Touch Type Tale' (100%)
2026-05-18 18:18:13,281 - INFO - 📅 Fetching Basic Metadata: Gigapocalypse
2026-05-18 18:18:13,413 - INFO - 🎯 IGDB Match: 'Gigapocalypse' (100%)
2026-05-18 18:18:13,421 - INFO - 📅 Fetching Basic Metadata: Legion TD2
2026-05-18 18:18:13,539 - WARNING - IGDB Error for Legion TD2: string indices must be integers, not 'str'
2026-05-18 18:18:13,548 - INFO - 📅 Fetching Basic Metadata: Nightingale
2026-05-18 18:18:13,684 - INFO - 🎯 IGDB Match: 'Nightingale' (100%)
2026-05-18 18:18:13,691 - INFO - 📅 Fetching Basic Metadata: Godzilla Voxel Wars
2026-05-18 18:18:13,827 - INFO - 🎯 IGDB Match: 'Godzilla Voxel Wars' (100%)
2026-05-18 18:18:13,835 - INFO - 📅 Fetching Basic Metadata: Trine Classic Collection
2026-05-18 18:18:13,982 - INFO - 🎯 IGDB Match: 'Trine Classic Collection' (100%)
2026-05-18 18:18:13,989 - INFO - 📅 Fetching Basic Metadata: Poison Retro Set
2026-05-18 18:18:14,199 - INFO - 🎯 IGDB Match: 'Pixel Gun 3D: Poison Retro Set' (90%)
2026-05-18 18:18:14,206 - INFO - 📅 Fetching Basic Metadata: The Darkside Detective A Fumble in the Dark
2026-05-18 18:18:14,415 - INFO - 🎯 IGDB Match: 'The Darkside Detective: A Fumble in the Dark' (99%)
2026-05-18 18:18:14,421 - INFO - 📅 Fetching Basic Metadata: Return to Ash
2026-05-18 18:18:14,541 - WARNING - IGDB Error for Return to Ash: string indices must be integers, not 'str'
2026-05-18 18:18:14,547 - INFO - 🏢 Publisher Search: STALCRAFT: X Starter Edition
2026-05-18 18:18:15,978 - INFO - 📅 Fetching Basic Metadata: STALCRAFT: X Starter Edition
2026-05-18 18:18:16,127 - INFO - 📅 Fetching Basic Metadata: Boxes: Lost Fragments
2026-05-18 18:18:16,261 - INFO - 🎯 IGDB Match: 'Boxes: Lost Fragments' (100%)
2026-05-18 18:18:16,267 - INFO - 📅 Fetching Basic Metadata: My Night Job
2026-05-18 18:18:16,423 - INFO - 🎯 IGDB Match: 'My Night Job' (100%)
2026-05-18 18:18:16,430 - INFO - 📅 Fetching Basic Metadata: Electrician Simulator
2026-05-18 18:18:16,654 - INFO - 🎯 IGDB Match: 'Electrician Simulator' (100%)
2026-05-18 18:18:16,660 - INFO - 🏢 Publisher Search: World of Warships — Epic Anniversary Tachibana Pack
2026-05-18 18:18:18,062 - INFO - 📅 Fetching Basic Metadata: World of Warships — Epic Anniversary Tachibana Pack
2026-05-18 18:18:18,233 - INFO - 📅 Fetching Basic Metadata: Hyper Echelon
2026-05-18 18:18:18,372 - INFO - 🎯 IGDB Match: 'Hyper Echelon' (100%)
2026-05-18 18:18:18,378 - INFO - 📅 Fetching Basic Metadata: Havendock
2026-05-18 18:18:18,521 - INFO - 🎯 IGDB Match: 'Havendock' (100%)
2026-05-18 18:18:18,528 - INFO - 📅 Fetching Basic Metadata: Clone Drone in the Danger Zone
2026-05-18 18:18:18,668 - INFO - 🎯 IGDB Match: 'Clone Drone in the Danger Zone' (100%)
2026-05-18 18:18:18,674 - INFO - 🏢 Publisher Search: TOMAK: Save the Earth Regeneration
2026-05-18 18:18:20,031 - INFO - 📅 Fetching Basic Metadata: TOMAK: Save the Earth Regeneration
2026-05-18 18:18:20,167 - INFO - 🎯 IGDB Match: 'Tomak: Save the Earth Regeneration' (100%)
2026-05-18 18:18:20,173 - INFO - 📅 Fetching Basic Metadata: Prop Sumo
2026-05-18 18:18:20,330 - INFO - 🎯 IGDB Match: 'Prop Sumo' (100%)
2026-05-18 18:18:20,336 - INFO - 📅 Fetching Basic Metadata: The Stone of Madness
2026-05-18 18:18:20,581 - INFO - 🎯 IGDB Match: 'The Stone of Madness' (100%)
2026-05-18 18:18:20,587 - INFO - 📅 Fetching Basic Metadata: Firestone Online Idle RPG
2026-05-18 18:18:20,721 - INFO - 🎯 IGDB Match: 'Firestone: Online Idle RPG' (98%)
2026-05-18 18:18:20,727 - INFO - 📅 Fetching Basic Metadata: Oddsparks: An Automation Adventure
2026-05-18 18:18:20,875 - INFO - 🎯 IGDB Match: 'Oddsparks: An Automation Adventure' (100%)
2026-05-18 18:18:20,882 - INFO - 📅 Fetching Basic Metadata: Trash Goblin
2026-05-18 18:18:21,020 - INFO - 🎯 IGDB Match: 'Trash Goblin' (100%)
2026-05-18 18:18:21,026 - INFO - 🏢 Publisher Search: The Telltale Batman Shadows Edition
2026-05-18 18:18:22,461 - INFO - 📅 Fetching Basic Metadata: The Telltale Batman Shadows Edition
2026-05-18 18:18:22,649 - INFO - 🎯 IGDB Match: 'Telltale Batman Shadows Edition' (95%)
2026-05-18 18:18:22,655 - INFO - 🏢 Publisher Search: Sunderfolk - Standard Edition
2026-05-18 18:18:24,039 - INFO - 📅 Fetching Basic Metadata: Sunderfolk - Standard Edition
2026-05-18 18:18:24,185 - INFO - 
--- Starting Data Quality Checks ---
2026-05-18 18:18:24,198 - INFO - --- Data Quality Checks Complete ---

2026-05-18 18:18:24,226 - INFO - | Metric | Statistics |
| :--- | :--- |
| 💰 **Total Market Value** | **$12,943.17** |
| 📦 **Total Games Collected** | 672 |
| 🏷️ **Average Retail Price** | $22.37 per game |
| 💎 **Most Expensive Title** | Civilization 6 Platinum Edition ($79.99) |
| 👑 **MVP Publisher** | Bethesda Softworks |
| 🏢 **Value Leaders** | 2K ($579.90), Bethesda Softworks ($544.80), Paradox Interactive ($409.89) |
| 📈 **Inflation-Adjusted Value** | $14,740.41 |
| 🎈 **Inflation Bonus** | **+$1,797.24** in purchasing power |
| 🗓️ **Peak Saving Month** | 🎄 **Seasonality Peak:** December is historically the best month, offering $3,388.17 in savings. |
| ⭐ **Average Score** | 76.8/100 |
| 💳 **Subscription Equivalent** | **$168.91 / mo** |
| 🎯 **Prestige Ratio** | **1.9%** (Strategic Hype) |
| 🏎️ **Lead Time Avg** | 447 Days to Sequel |

2026-05-18 18:18:24,227 - INFO - ✅ README.md updated.
2026-05-18 18:18:24,250 - INFO - Using categorical units to plot a list of strings that are all parsable as floats or dates. If these strings should be plotted as numbers, cast to the appropriate data type before plotting.
2026-05-18 18:18:24,250 - INFO - Using categorical units to plot a list of strings that are all parsable as floats or dates. If these strings should be plotted as numbers, cast to the appropriate data type before plotting.
2026-05-18 18:18:29,390 - INFO - 📈 All charts generated successfully.
