2026-07-21 17:52:55,803 - INFO - Failed to extract font properties from /usr/share/fonts/truetype/noto/NotoColorEmoji.ttf: Non-scalable fonts are not supported
2026-07-21 17:52:55,986 - INFO - generated new fontManager
2026-07-21 17:52:56,479 - INFO - ✅ Migration Successful!
2026-07-21 17:52:56,554 - INFO - No new games found.
2026-07-21 17:52:57,213 - INFO - 🔍 Found 613 games needing metadata. Starting IGDB + Steam + CheapShark enrichment...
2026-07-21 17:52:57,328 - INFO - 📅 Fetching Basic Metadata: LEGO Batman Trilogy
2026-07-21 17:52:57,696 - INFO - 🎯 IGDB Match: 'LEGO Batman Trilogy' (100%)
2026-07-21 17:52:57,719 - INFO - 📅 Fetching Basic Metadata: Antstream
2026-07-21 17:52:57,961 - INFO - 📅 Fetching Basic Metadata: The Drone Racing League Simulator
2026-07-21 17:53:02,926 - INFO - 🎯 IGDB Match: 'The Drone Racing League Simulator' (100%)
2026-07-21 17:53:02,933 - INFO - 📅 Fetching Basic Metadata: Dark Deity
2026-07-21 17:53:03,228 - INFO - 🎯 IGDB Match: 'Dark Deity' (100%)
2026-07-21 17:53:03,235 - INFO - 📅 Fetching Basic Metadata: RPG in a Box
2026-07-21 17:53:03,454 - INFO - 🎯 IGDB Match: 'RPG in a Box' (100%)
2026-07-21 17:53:03,461 - INFO - 📅 Fetching Basic Metadata: Fallout Classic Collection
2026-07-21 17:53:03,667 - INFO - 🎯 IGDB Match: 'Fallout Classic Collection' (100%)
2026-07-21 17:53:03,675 - INFO - 📅 Fetching Basic Metadata: Recipe for Disaster
2026-07-21 17:53:03,807 - INFO - 🎯 IGDB Match: 'Recipe For Disaster' (100%)
2026-07-21 17:53:03,814 - INFO - 📅 Fetching Basic Metadata: World of Warships — Starter Pack: Ishizuchi
2026-07-21 17:53:03,925 - INFO - 🎯 IGDB Match: 'World of Warships: Starter Pack - Ishizuchi' (98%)
2026-07-21 17:53:03,932 - INFO - 📅 Fetching Basic Metadata: Poker Club
2026-07-21 17:53:04,246 - INFO - 🎯 IGDB Match: 'Poker Club' (100%)
2026-07-21 17:53:04,252 - INFO - 📅 Fetching Basic Metadata: The Sims 4 The Daring Lifestyle Bundle
2026-07-21 17:53:04,473 - INFO - 🎯 IGDB Match: 'The Sims 4: The Daring Lifestyle Bundle' (99%)
2026-07-21 17:53:04,481 - INFO - 📅 Fetching Basic Metadata: Dodo Peak
2026-07-21 17:53:04,728 - INFO - 🎯 IGDB Match: 'Dodo Peak' (100%)
2026-07-21 17:53:04,735 - INFO - 📅 Fetching Basic Metadata: Spelldrifter
2026-07-21 17:53:04,849 - INFO - 🎯 IGDB Match: 'Spelldrifter' (100%)
2026-07-21 17:53:04,855 - INFO - 📅 Fetching Basic Metadata: Model Builder
2026-07-21 17:53:04,976 - INFO - 🎯 IGDB Match: 'Model Builder' (100%)
2026-07-21 17:53:04,983 - INFO - 📅 Fetching Basic Metadata: Godlike Burger
2026-07-21 17:53:05,100 - INFO - 🎯 IGDB Match: 'Godlike Burger' (100%)
2026-07-21 17:53:05,107 - INFO - 📅 Fetching Basic Metadata: Q.U.B.E. Ultimate Bundle
2026-07-21 17:53:05,329 - INFO - 🎯 IGDB Match: 'Q.U.B.E. Ultimate Bundle' (100%)
2026-07-21 17:53:05,336 - INFO - 📅 Fetching Basic Metadata: Jitsu Squad
2026-07-21 17:53:05,544 - INFO - 🎯 IGDB Match: 'Jitsu Squad' (100%)
2026-07-21 17:53:05,551 - INFO - 📅 Fetching Basic Metadata: Mighty Fight Federation
2026-07-21 17:53:05,702 - INFO - 🎯 IGDB Match: 'Mighty Fight Federation' (100%)
2026-07-21 17:53:05,711 - INFO - 📅 Fetching Basic Metadata: LOVE
2026-07-21 17:53:05,922 - INFO - 🎯 IGDB Match: 'Love Love Love' (90%)
2026-07-21 17:53:05,930 - INFO - 📅 Fetching Basic Metadata: Call of The Wild: The Angler
2026-07-21 17:53:06,149 - INFO - 🎯 IGDB Match: 'Call of the Wild: The Angler' (100%)
2026-07-21 17:53:06,157 - INFO - 📅 Fetching Basic Metadata: The Falconeer
2026-07-21 17:53:06,405 - INFO - 🎯 IGDB Match: 'The Falconeer: The Hunter' (90%)
2026-07-21 17:53:06,412 - INFO - 📅 Fetching Basic Metadata: Rawmen: Food Fighter Arena
2026-07-21 17:53:06,544 - INFO - 🎯 IGDB Match: 'Rawmen' (90%)
2026-07-21 17:53:06,551 - INFO - 📅 Fetching Basic Metadata: World of Warships – Starter Pack: Albany
2026-07-21 17:53:06,670 - INFO - 📅 Fetching Basic Metadata: Fallout Classic Edition
2026-07-21 17:53:06,934 - INFO - 📅 Fetching Basic Metadata: Outliver: Tribulation
2026-07-21 17:53:07,107 - INFO - 🎯 IGDB Match: 'Outliver: Tribulation' (100%)
2026-07-21 17:53:07,115 - INFO - 📅 Fetching Basic Metadata: Bus Simulator 21 Next Stop
2026-07-21 17:53:07,227 - INFO - 🎯 IGDB Match: 'Bus Simulator 21: Next Stop' (98%)
2026-07-21 17:53:07,235 - INFO - 📅 Fetching Basic Metadata: Turmoil
2026-07-21 17:53:07,353 - INFO - 🎯 IGDB Match: 'Turmoil' (100%)
2026-07-21 17:53:07,360 - INFO - 📅 Fetching Basic Metadata: World War Z Aftermath
2026-07-21 17:53:07,518 - INFO - 🎯 IGDB Match: 'World War Z: Aftermath' (98%)
2026-07-21 17:53:07,525 - INFO - 📅 Fetching Basic Metadata: World Of Warships – Anniversary Party Flavor
2026-07-21 17:53:07,722 - INFO - 📅 Fetching Basic Metadata: Neko Ghost, Jump!
2026-07-21 17:53:07,892 - INFO - 🎯 IGDB Match: 'Neko Ghost, Jump!' (100%)
2026-07-21 17:53:07,899 - INFO - 📅 Fetching Basic Metadata: Super Space Club
2026-07-21 17:53:08,007 - INFO - 🎯 IGDB Match: 'Super Space Club' (100%)
2026-07-21 17:53:08,014 - INFO - 📅 Fetching Basic Metadata: Touch Type Tale
2026-07-21 17:53:08,131 - INFO - 🎯 IGDB Match: 'Touch Type Tale' (100%)
2026-07-21 17:53:08,138 - INFO - 📅 Fetching Basic Metadata: Gigapocalypse
2026-07-21 17:53:08,543 - INFO - 🎯 IGDB Match: 'Gigapocalypse' (100%)
2026-07-21 17:53:08,551 - INFO - 📅 Fetching Basic Metadata: Legion TD2
2026-07-21 17:53:08,682 - INFO - 📅 Fetching Basic Metadata: Nightingale
2026-07-21 17:53:08,895 - INFO - 🎯 IGDB Match: 'Nightingale' (100%)
2026-07-21 17:53:08,904 - INFO - 📅 Fetching Basic Metadata: Godzilla Voxel Wars
2026-07-21 17:53:09,052 - INFO - 🎯 IGDB Match: 'Godzilla Voxel Wars' (100%)
2026-07-21 17:53:09,060 - INFO - 📅 Fetching Basic Metadata: Trine Classic Collection
2026-07-21 17:53:09,258 - INFO - 🎯 IGDB Match: 'Trine Classic Collection' (100%)
2026-07-21 17:53:09,266 - INFO - 📅 Fetching Basic Metadata: Poison Retro Set
2026-07-21 17:53:09,488 - INFO - 🎯 IGDB Match: 'Pixel Gun 3D: Poison Retro Set' (90%)
2026-07-21 17:53:09,494 - INFO - 📅 Fetching Basic Metadata: The Darkside Detective A Fumble in the Dark
2026-07-21 17:53:09,605 - INFO - 🎯 IGDB Match: 'The Darkside Detective: A Fumble in the Dark' (99%)
2026-07-21 17:53:09,612 - INFO - 📅 Fetching Basic Metadata: Return to Ash
2026-07-21 17:53:09,859 - INFO - 🎯 IGDB Match: 'Return to Ash' (100%)
2026-07-21 17:53:09,865 - INFO - 🏢 Publisher Search: STALCRAFT: X Starter Edition
2026-07-21 17:53:11,205 - INFO - 📅 Fetching Basic Metadata: STALCRAFT: X Starter Edition
2026-07-21 17:53:11,323 - INFO - 📅 Fetching Basic Metadata: Boxes: Lost Fragments
2026-07-21 17:53:11,436 - INFO - 🎯 IGDB Match: 'Boxes: Lost Fragments' (100%)
2026-07-21 17:53:11,442 - INFO - 📅 Fetching Basic Metadata: My Night Job
2026-07-21 17:53:11,558 - INFO - 🎯 IGDB Match: 'My Night Job' (100%)
2026-07-21 17:53:11,564 - INFO - 📅 Fetching Basic Metadata: Electrician Simulator
2026-07-21 17:53:11,712 - INFO - 🎯 IGDB Match: 'Electrician Simulator' (100%)
2026-07-21 17:53:11,719 - INFO - 🏢 Publisher Search: World of Warships — Epic Anniversary Tachibana Pack
2026-07-21 17:53:13,124 - INFO - 📅 Fetching Basic Metadata: World of Warships — Epic Anniversary Tachibana Pack
2026-07-21 17:53:13,240 - INFO - 📅 Fetching Basic Metadata: Hyper Echelon
2026-07-21 17:53:13,368 - INFO - 🎯 IGDB Match: 'Hyper Echelon' (100%)
2026-07-21 17:53:13,375 - INFO - 📅 Fetching Basic Metadata: Havendock
2026-07-21 17:53:13,492 - INFO - 🎯 IGDB Match: 'Havendock' (100%)
2026-07-21 17:53:13,499 - INFO - 📅 Fetching Basic Metadata: Clone Drone in the Danger Zone
2026-07-21 17:53:13,614 - INFO - 🎯 IGDB Match: 'Clone Drone in the Danger Zone' (100%)
2026-07-21 17:53:13,620 - INFO - 🏢 Publisher Search: TOMAK: Save the Earth Regeneration
2026-07-21 17:53:14,980 - INFO - 📅 Fetching Basic Metadata: TOMAK: Save the Earth Regeneration
2026-07-21 17:53:15,122 - INFO - 🎯 IGDB Match: 'Tomak: Save the Earth Regeneration' (100%)
2026-07-21 17:53:15,129 - INFO - 📅 Fetching Basic Metadata: Prop Sumo
2026-07-21 17:53:15,246 - INFO - 🎯 IGDB Match: 'Prop Sumo' (100%)
2026-07-21 17:53:15,253 - INFO - 📅 Fetching Basic Metadata: The Stone of Madness
2026-07-21 17:53:15,363 - INFO - 🎯 IGDB Match: 'The Stone of Madness' (100%)
2026-07-21 17:53:15,369 - INFO - 📅 Fetching Basic Metadata: Firestone Online Idle RPG
2026-07-21 17:53:15,486 - INFO - 🎯 IGDB Match: 'Firestone: Online Idle RPG' (98%)
2026-07-21 17:53:15,492 - INFO - 📅 Fetching Basic Metadata: Oddsparks: An Automation Adventure
2026-07-21 17:53:15,604 - INFO - 🎯 IGDB Match: 'Oddsparks: An Automation Adventure' (100%)
2026-07-21 17:53:15,611 - INFO - 📅 Fetching Basic Metadata: Trash Goblin
2026-07-21 17:53:15,724 - INFO - 🎯 IGDB Match: 'Trash Goblin' (100%)
2026-07-21 17:53:15,730 - INFO - 🏢 Publisher Search: The Telltale Batman Shadows Edition
2026-07-21 17:53:17,128 - INFO - 📅 Fetching Basic Metadata: The Telltale Batman Shadows Edition
2026-07-21 17:53:17,241 - INFO - 🎯 IGDB Match: 'Telltale Batman Shadows Edition' (95%)
2026-07-21 17:53:17,248 - INFO - 🏢 Publisher Search: Sunderfolk - Standard Edition
2026-07-21 17:53:18,717 - INFO - 📅 Fetching Basic Metadata: Sunderfolk - Standard Edition
2026-07-21 17:53:18,841 - INFO - 📅 Fetching Basic Metadata: Down in Bermuda
2026-07-21 17:53:18,956 - INFO - 🎯 IGDB Match: 'Down in Bermuda' (100%)
2026-07-21 17:53:18,962 - INFO - 📅 Fetching Basic Metadata: Tomb Raider I-III Remastered Starring Lara Croft
2026-07-21 17:53:19,127 - INFO - 📅 Fetching Basic Metadata: LONESTAR
2026-07-21 17:53:19,350 - INFO - 🎯 IGDB Match: 'LoneStar' (100%)
2026-07-21 17:53:19,356 - INFO - 📅 Fetching Basic Metadata: Calico
2026-07-21 17:53:19,471 - INFO - 🎯 IGDB Match: 'Calico' (100%)
2026-07-21 17:53:19,477 - INFO - 📅 Fetching Basic Metadata: Rogue Waters
2026-07-21 17:53:19,591 - INFO - 🎯 IGDB Match: 'Rogue Waters' (100%)
2026-07-21 17:53:19,598 - INFO - 📅 Fetching Basic Metadata: The Ouroboros King
2026-07-21 17:53:19,713 - INFO - 🎯 IGDB Match: 'The Ouroboros King' (100%)
2026-07-21 17:53:19,719 - INFO - 🏢 Publisher Search: Warhammer 40K Speed Freeks
2026-07-21 17:53:21,079 - INFO - 📅 Fetching Basic Metadata: I Have No Mouth, and I Must Scream
2026-07-21 17:53:21,204 - INFO - 🎯 IGDB Match: 'I Have No Mouth, and I Must Scream' (100%)
2026-07-21 17:53:21,210 - INFO - 📅 Fetching Basic Metadata: Nova Lands
2026-07-21 17:53:21,329 - INFO - 🎯 IGDB Match: 'Nova Lands' (100%)
2026-07-21 17:53:21,335 - INFO - 📅 Fetching Basic Metadata: Tattoo Tycoon
2026-07-21 17:53:21,462 - INFO - 🎯 IGDB Match: 'Tattoo Tycoon' (100%)
2026-07-21 17:53:21,469 - INFO - 📅 Fetching Basic Metadata: Echo Generation: Midnight Edition
2026-07-21 17:53:21,579 - INFO - 🎯 IGDB Match: 'Echo Generation: Midnight Edition' (100%)
2026-07-21 17:53:21,590 - INFO - 
--- Starting Data Quality Checks ---
2026-07-21 17:53:21,602 - INFO - --- Data Quality Checks Complete ---

2026-07-21 17:53:21,631 - INFO - | Metric | Statistics |
| :--- | :--- |
| 💰 **Total Market Value** | **$13,332.99** |
| 📦 **Total Games Collected** | 690 |
| 🏷️ **Average Retail Price** | $22.35 per game |
| 💎 **Most Expensive Title** | Civilization 6 Platinum Edition ($79.99) |
| 👑 **MVP Publisher** | Bethesda Softworks |
| 🏢 **Value Leaders** | 2K ($579.90), Bethesda Softworks ($544.80), Paradox Interactive ($409.89) |
| 📈 **Inflation-Adjusted Value** | $15,130.23 |
| 🎈 **Inflation Bonus** | **+$1,797.24** in purchasing power |
| 🗓️ **Peak Saving Month** | 🎄 **Seasonality Peak:** December is historically the best month, offering $3,388.17 in savings. |
| ⭐ **Average Score** | 76.9/100 |
| 💳 **Subscription Equivalent** | **$169.48 / mo** |
| 🎯 **Prestige Ratio** | **2.0%** (Strategic Hype) |
| 🏎️ **Lead Time Avg** | 441 Days to Sequel |

2026-07-21 17:53:21,632 - INFO - ✅ README.md updated.
2026-07-21 17:53:21,654 - INFO - Using categorical units to plot a list of strings that are all parsable as floats or dates. If these strings should be plotted as numbers, cast to the appropriate data type before plotting.
2026-07-21 17:53:21,655 - INFO - Using categorical units to plot a list of strings that are all parsable as floats or dates. If these strings should be plotted as numbers, cast to the appropriate data type before plotting.
2026-07-21 17:53:27,438 - INFO - 📈 All charts generated successfully.
