2026-05-21 18:19:16,624 - INFO - Failed to extract font properties from /usr/share/fonts/truetype/noto/NotoColorEmoji.ttf: Can not load face (unknown file format; error code 0x2)
2026-05-21 18:19:16,683 - INFO - generated new fontManager
2026-05-21 18:19:16,999 - INFO - ✅ Migration Successful!
2026-05-21 18:19:17,286 - INFO - Added 2 new games!
2026-05-21 18:19:17,928 - INFO - 🔍 Found 598 games needing metadata. Starting IGDB + Steam + CheapShark enrichment...
2026-05-21 18:19:17,969 - INFO - 📅 Fetching Basic Metadata: LEGO Batman Trilogy
2026-05-21 18:19:18,380 - INFO - 🎯 IGDB Match: 'LEGO Batman Trilogy' (100%)
2026-05-21 18:19:18,403 - INFO - 📅 Fetching Basic Metadata: Antstream
2026-05-21 18:19:18,550 - INFO - 📅 Fetching Basic Metadata: The Drone Racing League Simulator
2026-05-21 18:19:18,797 - INFO - 🎯 IGDB Match: 'The Drone Racing League Simulator' (100%)
2026-05-21 18:19:18,804 - INFO - 📅 Fetching Basic Metadata: Dark Deity
2026-05-21 18:19:18,971 - INFO - 🎯 IGDB Match: 'Dark Deity' (100%)
2026-05-21 18:19:18,977 - INFO - 📅 Fetching Basic Metadata: RPG in a Box
2026-05-21 18:19:19,233 - INFO - 🎯 IGDB Match: 'RPG in a Box' (100%)
2026-05-21 18:19:19,240 - INFO - 📅 Fetching Basic Metadata: Fallout Classic Collection
2026-05-21 18:19:19,359 - INFO - 🎯 IGDB Match: 'Fallout Classic Collection' (100%)
2026-05-21 18:19:19,367 - INFO - 📅 Fetching Basic Metadata: Recipe for Disaster
2026-05-21 18:19:19,728 - INFO - 🎯 IGDB Match: 'Recipe For Disaster' (100%)
2026-05-21 18:19:19,735 - INFO - 📅 Fetching Basic Metadata: World of Warships — Starter Pack: Ishizuchi
2026-05-21 18:19:19,932 - INFO - 🎯 IGDB Match: 'World of Warships: Starter Pack - Ishizuchi' (98%)
2026-05-21 18:19:19,940 - INFO - 📅 Fetching Basic Metadata: Poker Club
2026-05-21 18:19:20,089 - INFO - 🎯 IGDB Match: 'Poker Club' (100%)
2026-05-21 18:19:20,096 - INFO - 📅 Fetching Basic Metadata: The Sims 4 The Daring Lifestyle Bundle
2026-05-21 18:19:20,275 - INFO - 🎯 IGDB Match: 'The Sims 4: The Daring Lifestyle Bundle' (99%)
2026-05-21 18:19:20,284 - INFO - 📅 Fetching Basic Metadata: Dodo Peak
2026-05-21 18:19:20,456 - INFO - 🎯 IGDB Match: 'Dodo Peak' (100%)
2026-05-21 18:19:20,463 - INFO - 📅 Fetching Basic Metadata: Spelldrifter
2026-05-21 18:19:20,639 - INFO - 🎯 IGDB Match: 'Spelldrifter' (100%)
2026-05-21 18:19:20,646 - INFO - 📅 Fetching Basic Metadata: Model Builder
2026-05-21 18:19:20,768 - INFO - 🎯 IGDB Match: 'Model Builder' (100%)
2026-05-21 18:19:20,775 - INFO - 📅 Fetching Basic Metadata: Godlike Burger
2026-05-21 18:19:20,922 - INFO - 🎯 IGDB Match: 'Godlike Burger' (100%)
2026-05-21 18:19:20,929 - INFO - 📅 Fetching Basic Metadata: Q.U.B.E. Ultimate Bundle
2026-05-21 18:19:21,052 - INFO - 🎯 IGDB Match: 'Q.U.B.E. Ultimate Bundle' (100%)
2026-05-21 18:19:21,059 - INFO - 📅 Fetching Basic Metadata: Jitsu Squad
2026-05-21 18:19:21,333 - INFO - 🎯 IGDB Match: 'Jitsu Squad' (100%)
2026-05-21 18:19:21,339 - INFO - 📅 Fetching Basic Metadata: Mighty Fight Federation
2026-05-21 18:19:21,595 - INFO - 🎯 IGDB Match: 'Mighty Fight Federation' (100%)
2026-05-21 18:19:21,604 - INFO - 📅 Fetching Basic Metadata: LOVE
2026-05-21 18:19:21,839 - INFO - 🎯 IGDB Match: 'Love Love Love' (90%)
2026-05-21 18:19:21,847 - INFO - 📅 Fetching Basic Metadata: Call of The Wild: The Angler
2026-05-21 18:19:22,093 - INFO - 🎯 IGDB Match: 'Call of the Wild: The Angler' (100%)
2026-05-21 18:19:22,102 - INFO - 📅 Fetching Basic Metadata: The Falconeer
2026-05-21 18:19:22,311 - INFO - 🎯 IGDB Match: 'The Falconeer: The Hunter' (90%)
2026-05-21 18:19:22,317 - INFO - 📅 Fetching Basic Metadata: Rawmen: Food Fighter Arena
2026-05-21 18:19:22,450 - INFO - 🎯 IGDB Match: 'Rawmen' (90%)
2026-05-21 18:19:22,457 - INFO - 📅 Fetching Basic Metadata: World of Warships – Starter Pack: Albany
2026-05-21 18:19:22,593 - INFO - 📅 Fetching Basic Metadata: Fallout Classic Edition
2026-05-21 18:19:22,965 - INFO - 📅 Fetching Basic Metadata: Outliver: Tribulation
2026-05-21 18:19:23,085 - INFO - 🎯 IGDB Match: 'Outliver: Tribulation' (100%)
2026-05-21 18:19:23,092 - INFO - 📅 Fetching Basic Metadata: Bus Simulator 21 Next Stop
2026-05-21 18:19:23,219 - INFO - 🎯 IGDB Match: 'Bus Simulator 21: Next Stop' (98%)
2026-05-21 18:19:23,227 - INFO - 📅 Fetching Basic Metadata: Turmoil
2026-05-21 18:19:23,359 - INFO - 🎯 IGDB Match: 'Turmoil' (100%)
2026-05-21 18:19:23,376 - INFO - 📅 Fetching Basic Metadata: World War Z Aftermath
2026-05-21 18:19:23,623 - INFO - 🎯 IGDB Match: 'World War Z: Aftermath' (98%)
2026-05-21 18:19:23,630 - INFO - 📅 Fetching Basic Metadata: World Of Warships – Anniversary Party Flavor
2026-05-21 18:19:23,774 - INFO - 📅 Fetching Basic Metadata: Neko Ghost, Jump!
2026-05-21 18:19:23,906 - INFO - 🎯 IGDB Match: 'Neko Ghost, Jump!' (100%)
2026-05-21 18:19:23,914 - INFO - 📅 Fetching Basic Metadata: Super Space Club
2026-05-21 18:19:24,062 - INFO - 🎯 IGDB Match: 'Super Space Club' (100%)
2026-05-21 18:19:24,068 - INFO - 📅 Fetching Basic Metadata: Touch Type Tale
2026-05-21 18:19:24,197 - INFO - 🎯 IGDB Match: 'Touch Type Tale' (100%)
2026-05-21 18:19:24,203 - INFO - 📅 Fetching Basic Metadata: Gigapocalypse
2026-05-21 18:19:24,333 - INFO - 🎯 IGDB Match: 'Gigapocalypse' (100%)
2026-05-21 18:19:24,341 - INFO - 📅 Fetching Basic Metadata: Legion TD2
2026-05-21 18:19:24,576 - INFO - 📅 Fetching Basic Metadata: Nightingale
2026-05-21 18:19:24,704 - INFO - 🎯 IGDB Match: 'Nightingale' (100%)
2026-05-21 18:19:24,712 - INFO - 📅 Fetching Basic Metadata: Godzilla Voxel Wars
2026-05-21 18:19:24,849 - INFO - 🎯 IGDB Match: 'Godzilla Voxel Wars' (100%)
2026-05-21 18:19:24,857 - INFO - 📅 Fetching Basic Metadata: Trine Classic Collection
2026-05-21 18:19:24,981 - INFO - 🎯 IGDB Match: 'Trine Classic Collection' (100%)
2026-05-21 18:19:24,988 - INFO - 📅 Fetching Basic Metadata: Poison Retro Set
2026-05-21 18:19:25,243 - INFO - 🎯 IGDB Match: 'Pixel Gun 3D: Poison Retro Set' (90%)
2026-05-21 18:19:25,249 - INFO - 📅 Fetching Basic Metadata: The Darkside Detective A Fumble in the Dark
2026-05-21 18:19:25,486 - WARNING - IGDB Error for The Darkside Detective A Fumble in the Dark: string indices must be integers, not 'str'
2026-05-21 18:19:25,492 - INFO - 📅 Fetching Basic Metadata: Return to Ash
2026-05-21 18:19:25,610 - WARNING - IGDB Error for Return to Ash: string indices must be integers, not 'str'
2026-05-21 18:19:25,616 - INFO - 🏢 Publisher Search: STALCRAFT: X Starter Edition
2026-05-21 18:19:26,969 - INFO - 📅 Fetching Basic Metadata: STALCRAFT: X Starter Edition
2026-05-21 18:19:27,230 - INFO - 📅 Fetching Basic Metadata: Boxes: Lost Fragments
2026-05-21 18:19:27,364 - INFO - 🎯 IGDB Match: 'Boxes: Lost Fragments' (100%)
2026-05-21 18:19:27,370 - INFO - 📅 Fetching Basic Metadata: My Night Job
2026-05-21 18:19:27,496 - INFO - 🎯 IGDB Match: 'My Night Job' (100%)
2026-05-21 18:19:27,503 - INFO - 📅 Fetching Basic Metadata: Electrician Simulator
2026-05-21 18:19:27,724 - INFO - 🎯 IGDB Match: 'Electrician Simulator' (100%)
2026-05-21 18:19:27,730 - INFO - 🏢 Publisher Search: World of Warships — Epic Anniversary Tachibana Pack
2026-05-21 18:19:29,115 - INFO - 📅 Fetching Basic Metadata: World of Warships — Epic Anniversary Tachibana Pack
2026-05-21 18:19:29,387 - INFO - 📅 Fetching Basic Metadata: Hyper Echelon
2026-05-21 18:19:29,519 - INFO - 🎯 IGDB Match: 'Hyper Echelon' (100%)
2026-05-21 18:19:29,525 - INFO - 📅 Fetching Basic Metadata: Havendock
2026-05-21 18:19:29,669 - INFO - 🎯 IGDB Match: 'Havendock' (100%)
2026-05-21 18:19:29,676 - INFO - 📅 Fetching Basic Metadata: Clone Drone in the Danger Zone
2026-05-21 18:19:29,799 - INFO - 🎯 IGDB Match: 'Clone Drone in the Danger Zone' (100%)
2026-05-21 18:19:29,806 - INFO - 🏢 Publisher Search: TOMAK: Save the Earth Regeneration
2026-05-21 18:19:31,162 - INFO - 📅 Fetching Basic Metadata: TOMAK: Save the Earth Regeneration
2026-05-21 18:19:31,290 - INFO - 🎯 IGDB Match: 'Tomak: Save the Earth Regeneration' (100%)
2026-05-21 18:19:31,297 - INFO - 📅 Fetching Basic Metadata: Prop Sumo
2026-05-21 18:19:31,414 - INFO - 🎯 IGDB Match: 'Prop Sumo' (100%)
2026-05-21 18:19:31,420 - INFO - 📅 Fetching Basic Metadata: The Stone of Madness
2026-05-21 18:19:31,556 - INFO - 🎯 IGDB Match: 'The Stone of Madness' (100%)
2026-05-21 18:19:31,563 - INFO - 📅 Fetching Basic Metadata: Firestone Online Idle RPG
2026-05-21 18:19:31,694 - INFO - 🎯 IGDB Match: 'Firestone: Online Idle RPG' (98%)
2026-05-21 18:19:31,700 - INFO - 📅 Fetching Basic Metadata: Oddsparks: An Automation Adventure
2026-05-21 18:19:31,955 - INFO - 🎯 IGDB Match: 'Oddsparks: An Automation Adventure' (100%)
2026-05-21 18:19:31,961 - INFO - 📅 Fetching Basic Metadata: Trash Goblin
2026-05-21 18:19:32,083 - INFO - 🎯 IGDB Match: 'Trash Goblin' (100%)
2026-05-21 18:19:32,090 - INFO - 🏢 Publisher Search: The Telltale Batman Shadows Edition
2026-05-21 18:19:33,488 - INFO - 📅 Fetching Basic Metadata: The Telltale Batman Shadows Edition
2026-05-21 18:19:33,622 - INFO - 🎯 IGDB Match: 'Telltale Batman Shadows Edition' (95%)
2026-05-21 18:19:33,628 - INFO - 🏢 Publisher Search: Sunderfolk - Standard Edition
2026-05-21 18:19:34,975 - INFO - 📅 Fetching Basic Metadata: Sunderfolk - Standard Edition
2026-05-21 18:19:35,177 - INFO - 💰 Price Search: Down in Bermuda
2026-05-21 18:19:36,587 - INFO - 🏢 Publisher Search: Down in Bermuda
2026-05-21 18:19:38,075 - INFO - 📅 Fetching Basic Metadata: Down in Bermuda
2026-05-21 18:19:38,202 - INFO - 🎯 IGDB Match: 'Down in Bermuda' (100%)
2026-05-21 18:19:38,202 - INFO - 🔗 Searching Franchise Context: Down in Bermuda
2026-05-21 18:19:38,581 - INFO - 📡 Fallback to IGDB for Down in Bermuda
2026-05-21 18:19:38,756 - INFO - 💰 Price Search: Tomb Raider I-III Remastered Starring Lara Croft
2026-05-21 18:19:40,049 - INFO - 🏢 Publisher Search: Tomb Raider I-III Remastered Starring Lara Croft
2026-05-21 18:19:41,573 - INFO - 📅 Fetching Basic Metadata: Tomb Raider I-III Remastered Starring Lara Croft
2026-05-21 18:19:41,715 - INFO - 
--- Starting Data Quality Checks ---
2026-05-21 18:19:41,727 - INFO - --- Data Quality Checks Complete ---

2026-05-21 18:19:41,756 - INFO - | Metric | Statistics |
| :--- | :--- |
| 💰 **Total Market Value** | **$12,993.15** |
| 📦 **Total Games Collected** | 674 |
| 🏷️ **Average Retail Price** | $22.38 per game |
| 💎 **Most Expensive Title** | Civilization 6 Platinum Edition ($79.99) |
| 👑 **MVP Publisher** | Bethesda Softworks |
| 🏢 **Value Leaders** | 2K ($579.90), Bethesda Softworks ($544.80), Paradox Interactive ($409.89) |
| 📈 **Inflation-Adjusted Value** | $14,790.39 |
| 🎈 **Inflation Bonus** | **+$1,797.24** in purchasing power |
| 🗓️ **Peak Saving Month** | 🎄 **Seasonality Peak:** December is historically the best month, offering $3,388.17 in savings. |
| ⭐ **Average Score** | 76.8/100 |
| 💳 **Subscription Equivalent** | **$169.47 / mo** |
| 🎯 **Prestige Ratio** | **1.9%** (Strategic Hype) |
| 🏎️ **Lead Time Avg** | 447 Days to Sequel |

2026-05-21 18:19:41,756 - INFO - ✅ README.md updated.
2026-05-21 18:19:41,780 - INFO - Using categorical units to plot a list of strings that are all parsable as floats or dates. If these strings should be plotted as numbers, cast to the appropriate data type before plotting.
2026-05-21 18:19:41,781 - INFO - Using categorical units to plot a list of strings that are all parsable as floats or dates. If these strings should be plotted as numbers, cast to the appropriate data type before plotting.
2026-05-21 18:19:46,915 - INFO - 📈 All charts generated successfully.
