2026-02-19 17:29:19,606 - INFO - Failed to extract font properties from /usr/share/fonts/truetype/noto/NotoColorEmoji.ttf: Can not load face (unknown file format; error code 0x2)
2026-02-19 17:29:20,659 - INFO - generated new fontManager
2026-02-19 17:29:20,995 - INFO - ✅ Migration Successful!
2026-02-19 17:29:21,579 - INFO - Added 2 new games!
2026-02-19 17:29:22,079 - INFO - 🔍 Found 575 games needing metadata. Starting IGDB + Steam + CheapShark enrichment...
2026-02-19 17:29:22,218 - INFO - 📅 Fetching Basic Metadata: LEGO Batman Trilogy
2026-02-19 17:29:22,553 - INFO - 🎯 IGDB Match: 'LEGO Batman Trilogy' (100%)
2026-02-19 17:29:22,581 - INFO - 📅 Fetching Basic Metadata: Antstream
2026-02-19 17:29:22,755 - INFO - 📅 Fetching Basic Metadata: The Drone Racing League Simulator
2026-02-19 17:29:22,897 - INFO - 🎯 IGDB Match: 'The Drone Racing League Simulator' (100%)
2026-02-19 17:29:22,904 - INFO - 📅 Fetching Basic Metadata: Dark Deity
2026-02-19 17:29:23,063 - INFO - 🎯 IGDB Match: 'Dark Deity' (100%)
2026-02-19 17:29:23,069 - INFO - 📅 Fetching Basic Metadata: RPG in a Box
2026-02-19 17:29:23,171 - INFO - 🎯 IGDB Match: 'RPG in a Box' (100%)
2026-02-19 17:29:23,178 - INFO - 📅 Fetching Basic Metadata: Fallout Classic Collection
2026-02-19 17:29:23,278 - INFO - 🎯 IGDB Match: 'Fallout Classic Collection' (100%)
2026-02-19 17:29:23,286 - INFO - 📅 Fetching Basic Metadata: Recipe for Disaster
2026-02-19 17:29:23,383 - INFO - 🎯 IGDB Match: 'Recipe for Disaster' (100%)
2026-02-19 17:29:23,389 - INFO - 📅 Fetching Basic Metadata: World of Warships — Starter Pack: Ishizuchi
2026-02-19 17:29:23,570 - INFO - 🎯 IGDB Match: 'World of Warships: Starter Pack - Ishizuchi' (98%)
2026-02-19 17:29:23,577 - INFO - 📅 Fetching Basic Metadata: Poker Club
2026-02-19 17:29:23,729 - INFO - 🎯 IGDB Match: 'Poker Club' (100%)
2026-02-19 17:29:23,735 - INFO - 📅 Fetching Basic Metadata: The Sims 4 The Daring Lifestyle Bundle
2026-02-19 17:29:23,895 - INFO - 🎯 IGDB Match: 'The Sims 4: The Daring Lifestyle Bundle' (99%)
2026-02-19 17:29:23,903 - INFO - 📅 Fetching Basic Metadata: Dodo Peak
2026-02-19 17:29:24,007 - INFO - 🎯 IGDB Match: 'Dodo Peak' (100%)
2026-02-19 17:29:24,013 - INFO - 📅 Fetching Basic Metadata: Spelldrifter
2026-02-19 17:29:24,192 - INFO - 🎯 IGDB Match: 'Spelldrifter' (100%)
2026-02-19 17:29:24,198 - INFO - 📅 Fetching Basic Metadata: Model Builder
2026-02-19 17:29:24,465 - INFO - 🎯 IGDB Match: 'Model Builder' (100%)
2026-02-19 17:29:24,471 - INFO - 📅 Fetching Basic Metadata: Godlike Burger
2026-02-19 17:29:24,572 - INFO - 🎯 IGDB Match: 'Godlike Burger' (100%)
2026-02-19 17:29:24,578 - INFO - 📅 Fetching Basic Metadata: Q.U.B.E. Ultimate Bundle
2026-02-19 17:29:24,675 - INFO - 🎯 IGDB Match: 'Q.U.B.E. Ultimate Bundle' (100%)
2026-02-19 17:29:24,682 - INFO - 📅 Fetching Basic Metadata: Jitsu Squad
2026-02-19 17:29:24,788 - INFO - 🎯 IGDB Match: 'Jitsu Squad' (100%)
2026-02-19 17:29:24,793 - INFO - 📅 Fetching Basic Metadata: Mighty Fight Federation
2026-02-19 17:29:24,891 - INFO - 🎯 IGDB Match: 'Mighty Fight Federation' (100%)
2026-02-19 17:29:24,900 - INFO - 📅 Fetching Basic Metadata: LOVE
2026-02-19 17:29:25,339 - WARNING - IGDB Error for LOVE: string indices must be integers, not 'str'
2026-02-19 17:29:25,347 - INFO - 📅 Fetching Basic Metadata: Call of The Wild: The Angler
2026-02-19 17:29:25,443 - WARNING - IGDB Error for Call of The Wild: The Angler: string indices must be integers, not 'str'
2026-02-19 17:29:25,452 - INFO - 📅 Fetching Basic Metadata: The Falconeer
2026-02-19 17:29:25,577 - WARNING - IGDB Error for The Falconeer: string indices must be integers, not 'str'
2026-02-19 17:29:25,584 - INFO - 📅 Fetching Basic Metadata: Rawmen: Food Fighter Arena
2026-02-19 17:29:25,684 - INFO - 🎯 IGDB Match: 'Rawmen' (90%)
2026-02-19 17:29:25,690 - INFO - 📅 Fetching Basic Metadata: World of Warships – Starter Pack: Albany
2026-02-19 17:29:25,797 - INFO - 📅 Fetching Basic Metadata: Fallout Classic Edition
2026-02-19 17:29:25,914 - INFO - 📅 Fetching Basic Metadata: Outliver: Tribulation
2026-02-19 17:29:26,026 - INFO - 🎯 IGDB Match: 'Outliver: Tribulation' (100%)
2026-02-19 17:29:26,038 - INFO - 📅 Fetching Basic Metadata: Bus Simulator 21 Next Stop
2026-02-19 17:29:26,286 - INFO - 🎯 IGDB Match: 'Bus Simulator 21: Next Stop' (98%)
2026-02-19 17:29:26,298 - INFO - 📅 Fetching Basic Metadata: Turmoil
2026-02-19 17:29:26,493 - INFO - 🎯 IGDB Match: 'Turmoil' (100%)
2026-02-19 17:29:26,504 - INFO - 📅 Fetching Basic Metadata: World War Z Aftermath
2026-02-19 17:29:26,618 - INFO - 🎯 IGDB Match: 'World War Z: Aftermath' (98%)
2026-02-19 17:29:26,629 - INFO - 📅 Fetching Basic Metadata: World Of Warships – Anniversary Party Flavor
2026-02-19 17:29:26,724 - WARNING - IGDB Error for World Of Warships – Anniversary Party Flavor: string indices must be integers, not 'str'
2026-02-19 17:29:26,731 - INFO - 📅 Fetching Basic Metadata: Neko Ghost, Jump!
2026-02-19 17:29:26,822 - WARNING - IGDB Error for Neko Ghost, Jump!: string indices must be integers, not 'str'
2026-02-19 17:29:26,831 - INFO - 📅 Fetching Basic Metadata: Super Space Club
2026-02-19 17:29:26,921 - WARNING - IGDB Error for Super Space Club: string indices must be integers, not 'str'
2026-02-19 17:29:26,928 - INFO - 📅 Fetching Basic Metadata: Touch Type Tale
2026-02-19 17:29:27,021 - WARNING - IGDB Error for Touch Type Tale: string indices must be integers, not 'str'
2026-02-19 17:29:27,027 - INFO - 📅 Fetching Basic Metadata: Gigapocalypse
2026-02-19 17:29:27,207 - INFO - 🎯 IGDB Match: 'Gigapocalypse' (100%)
2026-02-19 17:29:27,214 - INFO - 📅 Fetching Basic Metadata: Legion TD2
2026-02-19 17:29:27,403 - INFO - 📅 Fetching Basic Metadata: Nightingale
2026-02-19 17:29:27,505 - INFO - 🎯 IGDB Match: 'Nightingale' (100%)
2026-02-19 17:29:27,512 - INFO - 📅 Fetching Basic Metadata: Godzilla Voxel Wars
2026-02-19 17:29:27,611 - INFO - 🎯 IGDB Match: 'Godzilla Voxel Wars' (100%)
2026-02-19 17:29:27,619 - INFO - 📅 Fetching Basic Metadata: Trine Classic Collection
2026-02-19 17:29:27,701 - WARNING - IGDB Error for Trine Classic Collection: string indices must be integers, not 'str'
2026-02-19 17:29:27,708 - INFO - 📅 Fetching Basic Metadata: Poison Retro Set
2026-02-19 17:29:27,793 - WARNING - IGDB Error for Poison Retro Set: string indices must be integers, not 'str'
2026-02-19 17:29:27,799 - INFO - 📅 Fetching Basic Metadata: The Darkside Detective A Fumble in the Dark
2026-02-19 17:29:27,899 - INFO - 🎯 IGDB Match: 'The Darkside Detective: A Fumble in the Dark' (99%)
2026-02-19 17:29:27,905 - INFO - 💰 Price Search: Return to Ash
2026-02-19 17:29:29,393 - INFO - 🏢 Publisher Search: Return to Ash
2026-02-19 17:29:31,053 - INFO - 📅 Fetching Basic Metadata: Return to Ash
2026-02-19 17:29:31,149 - INFO - 🎯 IGDB Match: 'Return to Ash' (100%)
2026-02-19 17:29:31,149 - INFO - 🔗 Searching Franchise Context: Return to Ash
2026-02-19 17:29:31,295 - INFO - 📡 Fallback to IGDB for Return to Ash
2026-02-19 17:29:31,401 - INFO - 💰 Price Search: STALCRAFT: X Starter Edition
2026-02-19 17:29:32,923 - INFO - 🏢 Publisher Search: STALCRAFT: X Starter Edition
2026-02-19 17:29:34,261 - INFO - 📅 Fetching Basic Metadata: STALCRAFT: X Starter Edition
2026-02-19 17:29:34,376 - INFO - 
--- Starting Data Quality Checks ---
2026-02-19 17:29:34,389 - INFO - --- Data Quality Checks Complete ---

2026-02-19 17:29:34,418 - INFO - | Metric | Statistics |
| :--- | :--- |
| 💰 **Total Market Value** | **$12,578.34** |
| 📦 **Total Games Collected** | 651 |
| 🏷️ **Average Retail Price** | $22.51 per game |
| 💎 **Most Expensive Title** | Civilization 6 Platinum Edition ($79.99) |
| 👑 **MVP Publisher** | Bethesda Softworks |
| 🏢 **Value Leaders** | 2K ($579.90), Bethesda Softworks ($544.80), Paradox Interactive ($409.89) |
| 📈 **Inflation-Adjusted Value** | $14,375.58 |
| 🎈 **Inflation Bonus** | **+$1,797.24** in purchasing power |
| 🗓️ **Peak Saving Month** | 🎄 **Seasonality Peak:** December is historically the best month, offering $3,388.17 in savings. |
| ⭐ **Average Score** | 76.7/100 |
| 💳 **Subscription Equivalent** | **$170.42 / mo** |
| 🎯 **Prestige Ratio** | **2.0%** (Strategic Hype) |
| 🏎️ **Lead Time Avg** | 447 Days to Sequel |

2026-02-19 17:29:34,418 - INFO - ✅ README.md updated.
2026-02-19 17:29:34,442 - INFO - Using categorical units to plot a list of strings that are all parsable as floats or dates. If these strings should be plotted as numbers, cast to the appropriate data type before plotting.
2026-02-19 17:29:34,443 - INFO - Using categorical units to plot a list of strings that are all parsable as floats or dates. If these strings should be plotted as numbers, cast to the appropriate data type before plotting.
2026-02-19 17:29:40,063 - INFO - 📈 All charts generated successfully.
