2026-03-03 17:11:57,833 - INFO - Failed to extract font properties from /usr/share/fonts/truetype/noto/NotoColorEmoji.ttf: Can not load face (unknown file format; error code 0x2)
2026-03-03 17:11:57,907 - INFO - generated new fontManager
2026-03-03 17:11:58,229 - INFO - ✅ Migration Successful!
2026-03-03 17:11:58,700 - INFO - No new games found.
2026-03-03 17:11:59,190 - INFO - 🔍 Found 577 games needing metadata. Starting IGDB + Steam + CheapShark enrichment...
2026-03-03 17:11:59,278 - INFO - 📅 Fetching Basic Metadata: LEGO Batman Trilogy
2026-03-03 17:11:59,673 - INFO - 🎯 IGDB Match: 'LEGO Batman Trilogy' (100%)
2026-03-03 17:11:59,700 - INFO - 📅 Fetching Basic Metadata: Antstream
2026-03-03 17:11:59,991 - INFO - 📅 Fetching Basic Metadata: The Drone Racing League Simulator
2026-03-03 17:12:00,253 - INFO - 🎯 IGDB Match: 'The Drone Racing League Simulator' (100%)
2026-03-03 17:12:00,261 - INFO - 📅 Fetching Basic Metadata: Dark Deity
2026-03-03 17:12:00,479 - INFO - 🎯 IGDB Match: 'Dark Deity' (100%)
2026-03-03 17:12:00,485 - INFO - 📅 Fetching Basic Metadata: RPG in a Box
2026-03-03 17:12:00,744 - INFO - 🎯 IGDB Match: 'RPG in a Box' (100%)
2026-03-03 17:12:00,751 - INFO - 📅 Fetching Basic Metadata: Fallout Classic Collection
2026-03-03 17:12:00,920 - INFO - 🎯 IGDB Match: 'Fallout Classic Collection' (100%)
2026-03-03 17:12:00,928 - INFO - 📅 Fetching Basic Metadata: Recipe for Disaster
2026-03-03 17:12:01,233 - INFO - 🎯 IGDB Match: 'Recipe for Disaster' (100%)
2026-03-03 17:12:01,239 - INFO - 📅 Fetching Basic Metadata: World of Warships — Starter Pack: Ishizuchi
2026-03-03 17:12:01,444 - INFO - 🎯 IGDB Match: 'World of Warships: Starter Pack - Ishizuchi' (98%)
2026-03-03 17:12:01,451 - INFO - 📅 Fetching Basic Metadata: Poker Club
2026-03-03 17:12:01,662 - INFO - 🎯 IGDB Match: 'Poker Club' (100%)
2026-03-03 17:12:01,668 - INFO - 📅 Fetching Basic Metadata: The Sims 4 The Daring Lifestyle Bundle
2026-03-03 17:12:01,871 - INFO - 🎯 IGDB Match: 'The Sims 4: The Daring Lifestyle Bundle' (99%)
2026-03-03 17:12:01,879 - INFO - 📅 Fetching Basic Metadata: Dodo Peak
2026-03-03 17:12:02,080 - INFO - 🎯 IGDB Match: 'Dodo Peak' (100%)
2026-03-03 17:12:02,086 - INFO - 📅 Fetching Basic Metadata: Spelldrifter
2026-03-03 17:12:02,265 - INFO - 🎯 IGDB Match: 'Spelldrifter' (100%)
2026-03-03 17:12:02,271 - INFO - 📅 Fetching Basic Metadata: Model Builder
2026-03-03 17:12:02,403 - INFO - 🎯 IGDB Match: 'Model Builder' (100%)
2026-03-03 17:12:02,409 - INFO - 📅 Fetching Basic Metadata: Godlike Burger
2026-03-03 17:12:02,627 - INFO - 🎯 IGDB Match: 'Godlike Burger' (100%)
2026-03-03 17:12:02,633 - INFO - 📅 Fetching Basic Metadata: Q.U.B.E. Ultimate Bundle
2026-03-03 17:12:02,832 - INFO - 🎯 IGDB Match: 'Q.U.B.E. Ultimate Bundle' (100%)
2026-03-03 17:12:02,839 - INFO - 📅 Fetching Basic Metadata: Jitsu Squad
2026-03-03 17:12:03,053 - INFO - 🎯 IGDB Match: 'Jitsu Squad' (100%)
2026-03-03 17:12:03,059 - INFO - 📅 Fetching Basic Metadata: Mighty Fight Federation
2026-03-03 17:12:03,218 - INFO - 🎯 IGDB Match: 'Mighty Fight Federation' (100%)
2026-03-03 17:12:03,228 - INFO - 📅 Fetching Basic Metadata: LOVE
2026-03-03 17:12:03,442 - INFO - 🎯 IGDB Match: 'Love Love Love' (90%)
2026-03-03 17:12:03,449 - INFO - 📅 Fetching Basic Metadata: Call of The Wild: The Angler
2026-03-03 17:12:03,571 - INFO - 🎯 IGDB Match: 'Call of the Wild: The Angler' (100%)
2026-03-03 17:12:03,579 - INFO - 📅 Fetching Basic Metadata: The Falconeer
2026-03-03 17:12:03,711 - INFO - 🎯 IGDB Match: 'The Falconeer: The Hunter' (90%)
2026-03-03 17:12:03,718 - INFO - 📅 Fetching Basic Metadata: Rawmen: Food Fighter Arena
2026-03-03 17:12:03,837 - INFO - 🎯 IGDB Match: 'Rawmen' (90%)
2026-03-03 17:12:03,843 - INFO - 📅 Fetching Basic Metadata: World of Warships – Starter Pack: Albany
2026-03-03 17:12:04,016 - INFO - 📅 Fetching Basic Metadata: Fallout Classic Edition
2026-03-03 17:12:04,185 - INFO - 📅 Fetching Basic Metadata: Outliver: Tribulation
2026-03-03 17:12:04,458 - INFO - 🎯 IGDB Match: 'Outliver: Tribulation' (100%)
2026-03-03 17:12:04,465 - INFO - 📅 Fetching Basic Metadata: Bus Simulator 21 Next Stop
2026-03-03 17:12:04,636 - INFO - 🎯 IGDB Match: 'Bus Simulator 21: Next Stop' (98%)
2026-03-03 17:12:04,644 - INFO - 📅 Fetching Basic Metadata: Turmoil
2026-03-03 17:12:04,814 - INFO - 🎯 IGDB Match: 'Turmoil' (100%)
2026-03-03 17:12:04,821 - INFO - 📅 Fetching Basic Metadata: World War Z Aftermath
2026-03-03 17:12:05,044 - INFO - 🎯 IGDB Match: 'World War Z: Aftermath' (98%)
2026-03-03 17:12:05,050 - INFO - 📅 Fetching Basic Metadata: World Of Warships – Anniversary Party Flavor
2026-03-03 17:12:05,330 - INFO - 📅 Fetching Basic Metadata: Neko Ghost, Jump!
2026-03-03 17:12:05,461 - INFO - 🎯 IGDB Match: 'Neko Ghost, Jump!' (100%)
2026-03-03 17:12:05,468 - INFO - 📅 Fetching Basic Metadata: Super Space Club
2026-03-03 17:12:05,596 - INFO - 🎯 IGDB Match: 'Super Space Club' (100%)
2026-03-03 17:12:05,602 - INFO - 📅 Fetching Basic Metadata: Touch Type Tale
2026-03-03 17:12:05,724 - INFO - 🎯 IGDB Match: 'Touch Type Tale' (100%)
2026-03-03 17:12:05,730 - INFO - 📅 Fetching Basic Metadata: Gigapocalypse
2026-03-03 17:12:05,866 - INFO - 🎯 IGDB Match: 'Gigapocalypse' (100%)
2026-03-03 17:12:05,873 - INFO - 📅 Fetching Basic Metadata: Legion TD2
2026-03-03 17:12:06,048 - INFO - 📅 Fetching Basic Metadata: Nightingale
2026-03-03 17:12:06,192 - INFO - 🎯 IGDB Match: 'Nightingale' (100%)
2026-03-03 17:12:06,199 - INFO - 📅 Fetching Basic Metadata: Godzilla Voxel Wars
2026-03-03 17:12:06,408 - INFO - 🎯 IGDB Match: 'Godzilla Voxel Wars' (100%)
2026-03-03 17:12:06,416 - INFO - 📅 Fetching Basic Metadata: Trine Classic Collection
2026-03-03 17:12:06,740 - INFO - 🎯 IGDB Match: 'Trine Classic Collection' (100%)
2026-03-03 17:12:06,747 - INFO - 📅 Fetching Basic Metadata: Poison Retro Set
2026-03-03 17:12:06,950 - INFO - 🎯 IGDB Match: 'Pixel Gun 3D: Poison Retro Set' (90%)
2026-03-03 17:12:06,956 - INFO - 📅 Fetching Basic Metadata: The Darkside Detective A Fumble in the Dark
2026-03-03 17:12:07,117 - INFO - 🎯 IGDB Match: 'The Darkside Detective: A Fumble in the Dark' (99%)
2026-03-03 17:12:07,123 - INFO - 📅 Fetching Basic Metadata: Return to Ash
2026-03-03 17:12:07,313 - WARNING - IGDB Error for Return to Ash: string indices must be integers, not 'str'
2026-03-03 17:12:07,318 - INFO - 🏢 Publisher Search: STALCRAFT: X Starter Edition
2026-03-03 17:12:08,749 - INFO - 📅 Fetching Basic Metadata: STALCRAFT: X Starter Edition
2026-03-03 17:12:08,962 - INFO - 📅 Fetching Basic Metadata: Boxes: Lost Fragments
2026-03-03 17:12:09,165 - INFO - 🎯 IGDB Match: 'Boxes: Lost Fragments' (100%)
2026-03-03 17:12:09,170 - INFO - 📅 Fetching Basic Metadata: My Night Job
2026-03-03 17:12:09,393 - INFO - 🎯 IGDB Match: 'My Night Job' (100%)
2026-03-03 17:12:09,403 - INFO - 
--- Starting Data Quality Checks ---
2026-03-03 17:12:09,416 - INFO - --- Data Quality Checks Complete ---

2026-03-03 17:12:09,445 - INFO - | Metric | Statistics |
| :--- | :--- |
| 💰 **Total Market Value** | **$12,603.32** |
| 📦 **Total Games Collected** | 653 |
| 🏷️ **Average Retail Price** | $22.48 per game |
| 💎 **Most Expensive Title** | Civilization 6 Platinum Edition ($79.99) |
| 👑 **MVP Publisher** | Bethesda Softworks |
| 🏢 **Value Leaders** | 2K ($579.90), Bethesda Softworks ($544.80), Paradox Interactive ($409.89) |
| 📈 **Inflation-Adjusted Value** | $14,400.56 |
| 🎈 **Inflation Bonus** | **+$1,797.24** in purchasing power |
| 🗓️ **Peak Saving Month** | 🎄 **Seasonality Peak:** December is historically the best month, offering $3,388.17 in savings. |
| ⭐ **Average Score** | 76.7/100 |
| 💳 **Subscription Equivalent** | **$170.71 / mo** |
| 🎯 **Prestige Ratio** | **2.0%** (Strategic Hype) |
| 🏎️ **Lead Time Avg** | 447 Days to Sequel |

2026-03-03 17:12:09,445 - INFO - ✅ README.md updated.
2026-03-03 17:12:09,468 - INFO - Using categorical units to plot a list of strings that are all parsable as floats or dates. If these strings should be plotted as numbers, cast to the appropriate data type before plotting.
2026-03-03 17:12:09,469 - INFO - Using categorical units to plot a list of strings that are all parsable as floats or dates. If these strings should be plotted as numbers, cast to the appropriate data type before plotting.
2026-03-03 17:12:15,076 - INFO - 📈 All charts generated successfully.
