2026-04-07 17:32:44,882 - INFO - Failed to extract font properties from /usr/share/fonts/truetype/noto/NotoColorEmoji.ttf: Can not load face (unknown file format; error code 0x2)
2026-04-07 17:32:44,953 - INFO - generated new fontManager
2026-04-07 17:32:45,260 - INFO - ✅ Migration Successful!
2026-04-07 17:32:45,564 - INFO - No new games found.
2026-04-07 17:32:46,086 - INFO - 🔍 Found 587 games needing metadata. Starting IGDB + Steam + CheapShark enrichment...
2026-04-07 17:32:46,162 - INFO - 📅 Fetching Basic Metadata: LEGO Batman Trilogy
2026-04-07 17:32:46,555 - INFO - 🎯 IGDB Match: 'LEGO Batman Trilogy' (100%)
2026-04-07 17:32:46,583 - INFO - 📅 Fetching Basic Metadata: Antstream
2026-04-07 17:32:46,803 - INFO - 📅 Fetching Basic Metadata: The Drone Racing League Simulator
2026-04-07 17:32:47,077 - INFO - 🎯 IGDB Match: 'The Drone Racing League Simulator' (100%)
2026-04-07 17:32:47,085 - INFO - 📅 Fetching Basic Metadata: Dark Deity
2026-04-07 17:32:47,241 - INFO - 🎯 IGDB Match: 'Dark Deity' (100%)
2026-04-07 17:32:47,247 - INFO - 📅 Fetching Basic Metadata: RPG in a Box
2026-04-07 17:32:47,456 - INFO - 🎯 IGDB Match: 'RPG in a Box' (100%)
2026-04-07 17:32:47,464 - INFO - 📅 Fetching Basic Metadata: Fallout Classic Collection
2026-04-07 17:32:47,642 - INFO - 🎯 IGDB Match: 'Fallout Classic Collection' (100%)
2026-04-07 17:32:47,650 - INFO - 📅 Fetching Basic Metadata: Recipe for Disaster
2026-04-07 17:32:47,867 - INFO - 🎯 IGDB Match: 'Recipe for Disaster' (100%)
2026-04-07 17:32:47,875 - INFO - 📅 Fetching Basic Metadata: World of Warships — Starter Pack: Ishizuchi
2026-04-07 17:32:48,065 - INFO - 🎯 IGDB Match: 'World of Warships: Starter Pack - Ishizuchi' (98%)
2026-04-07 17:32:48,072 - INFO - 📅 Fetching Basic Metadata: Poker Club
2026-04-07 17:32:48,208 - INFO - 🎯 IGDB Match: 'Poker Club' (100%)
2026-04-07 17:32:48,215 - INFO - 📅 Fetching Basic Metadata: The Sims 4 The Daring Lifestyle Bundle
2026-04-07 17:32:48,425 - INFO - 🎯 IGDB Match: 'The Sims 4: The Daring Lifestyle Bundle' (99%)
2026-04-07 17:32:48,434 - INFO - 📅 Fetching Basic Metadata: Dodo Peak
2026-04-07 17:32:48,628 - INFO - 🎯 IGDB Match: 'Dodo Peak' (100%)
2026-04-07 17:32:48,634 - INFO - 📅 Fetching Basic Metadata: Spelldrifter
2026-04-07 17:32:48,774 - INFO - 🎯 IGDB Match: 'Spelldrifter' (100%)
2026-04-07 17:32:48,781 - INFO - 📅 Fetching Basic Metadata: Model Builder
2026-04-07 17:32:48,977 - INFO - 🎯 IGDB Match: 'Model Builder' (100%)
2026-04-07 17:32:48,984 - INFO - 📅 Fetching Basic Metadata: Godlike Burger
2026-04-07 17:32:49,125 - INFO - 🎯 IGDB Match: 'Godlike Burger' (100%)
2026-04-07 17:32:49,132 - INFO - 📅 Fetching Basic Metadata: Q.U.B.E. Ultimate Bundle
2026-04-07 17:32:49,281 - INFO - 🎯 IGDB Match: 'Q.U.B.E. Ultimate Bundle' (100%)
2026-04-07 17:32:49,289 - INFO - 📅 Fetching Basic Metadata: Jitsu Squad
2026-04-07 17:32:49,468 - INFO - 🎯 IGDB Match: 'Jitsu Squad' (100%)
2026-04-07 17:32:49,474 - INFO - 📅 Fetching Basic Metadata: Mighty Fight Federation
2026-04-07 17:32:49,646 - INFO - 🎯 IGDB Match: 'Mighty Fight Federation' (100%)
2026-04-07 17:32:49,656 - INFO - 📅 Fetching Basic Metadata: LOVE
2026-04-07 17:32:49,860 - INFO - 🎯 IGDB Match: 'Love Love Love' (90%)
2026-04-07 17:32:49,868 - INFO - 📅 Fetching Basic Metadata: Call of The Wild: The Angler
2026-04-07 17:32:50,052 - INFO - 🎯 IGDB Match: 'Call of the Wild: The Angler' (100%)
2026-04-07 17:32:50,060 - INFO - 📅 Fetching Basic Metadata: The Falconeer
2026-04-07 17:32:50,285 - INFO - 🎯 IGDB Match: 'The Falconeer: The Hunter' (90%)
2026-04-07 17:32:50,292 - INFO - 📅 Fetching Basic Metadata: Rawmen: Food Fighter Arena
2026-04-07 17:32:50,483 - INFO - 🎯 IGDB Match: 'Rawmen' (90%)
2026-04-07 17:32:50,491 - INFO - 📅 Fetching Basic Metadata: World of Warships – Starter Pack: Albany
2026-04-07 17:32:50,724 - INFO - 📅 Fetching Basic Metadata: Fallout Classic Edition
2026-04-07 17:32:50,873 - INFO - 📅 Fetching Basic Metadata: Outliver: Tribulation
2026-04-07 17:32:50,999 - INFO - 🎯 IGDB Match: 'Outliver: Tribulation' (100%)
2026-04-07 17:32:51,007 - INFO - 📅 Fetching Basic Metadata: Bus Simulator 21 Next Stop
2026-04-07 17:32:51,159 - INFO - 🎯 IGDB Match: 'Bus Simulator 21: Next Stop' (98%)
2026-04-07 17:32:51,167 - INFO - 📅 Fetching Basic Metadata: Turmoil
2026-04-07 17:32:51,371 - INFO - 🎯 IGDB Match: 'Turmoil' (100%)
2026-04-07 17:32:51,379 - INFO - 📅 Fetching Basic Metadata: World War Z Aftermath
2026-04-07 17:32:51,519 - INFO - 🎯 IGDB Match: 'World War Z: Aftermath' (98%)
2026-04-07 17:32:51,526 - INFO - 📅 Fetching Basic Metadata: World Of Warships – Anniversary Party Flavor
2026-04-07 17:32:51,639 - WARNING - IGDB Error for World Of Warships – Anniversary Party Flavor: string indices must be integers, not 'str'
2026-04-07 17:32:51,646 - INFO - 📅 Fetching Basic Metadata: Neko Ghost, Jump!
2026-04-07 17:32:51,776 - WARNING - IGDB Error for Neko Ghost, Jump!: string indices must be integers, not 'str'
2026-04-07 17:32:51,784 - INFO - 📅 Fetching Basic Metadata: Super Space Club
2026-04-07 17:32:51,912 - WARNING - IGDB Error for Super Space Club: string indices must be integers, not 'str'
2026-04-07 17:32:51,919 - INFO - 📅 Fetching Basic Metadata: Touch Type Tale
2026-04-07 17:32:52,051 - WARNING - IGDB Error for Touch Type Tale: string indices must be integers, not 'str'
2026-04-07 17:32:52,058 - INFO - 📅 Fetching Basic Metadata: Gigapocalypse
2026-04-07 17:32:52,184 - WARNING - IGDB Error for Gigapocalypse: string indices must be integers, not 'str'
2026-04-07 17:32:52,192 - INFO - 📅 Fetching Basic Metadata: Legion TD2
2026-04-07 17:32:52,472 - WARNING - IGDB Error for Legion TD2: string indices must be integers, not 'str'
2026-04-07 17:32:52,481 - INFO - 📅 Fetching Basic Metadata: Nightingale
2026-04-07 17:32:52,619 - INFO - 🎯 IGDB Match: 'Nightingale' (100%)
2026-04-07 17:32:52,627 - INFO - 📅 Fetching Basic Metadata: Godzilla Voxel Wars
2026-04-07 17:32:52,766 - INFO - 🎯 IGDB Match: 'Godzilla Voxel Wars' (100%)
2026-04-07 17:32:52,775 - INFO - 📅 Fetching Basic Metadata: Trine Classic Collection
2026-04-07 17:32:52,988 - INFO - 🎯 IGDB Match: 'Trine Classic Collection' (100%)
2026-04-07 17:32:52,995 - INFO - 📅 Fetching Basic Metadata: Poison Retro Set
2026-04-07 17:32:53,200 - INFO - 🎯 IGDB Match: 'Pixel Gun 3D: Poison Retro Set' (90%)
2026-04-07 17:32:53,206 - INFO - 📅 Fetching Basic Metadata: The Darkside Detective A Fumble in the Dark
2026-04-07 17:32:53,345 - INFO - 🎯 IGDB Match: 'The Darkside Detective: A Fumble in the Dark' (99%)
2026-04-07 17:32:53,352 - INFO - 📅 Fetching Basic Metadata: Return to Ash
2026-04-07 17:32:53,490 - INFO - 🎯 IGDB Match: 'Return to Ash' (100%)
2026-04-07 17:32:53,496 - INFO - 🏢 Publisher Search: STALCRAFT: X Starter Edition
2026-04-07 17:32:55,016 - INFO - 📅 Fetching Basic Metadata: STALCRAFT: X Starter Edition
2026-04-07 17:32:55,157 - INFO - 📅 Fetching Basic Metadata: Boxes: Lost Fragments
2026-04-07 17:32:55,287 - INFO - 🎯 IGDB Match: 'Boxes: Lost Fragments' (100%)
2026-04-07 17:32:55,293 - INFO - 📅 Fetching Basic Metadata: My Night Job
2026-04-07 17:32:55,433 - INFO - 🎯 IGDB Match: 'My Night Job' (100%)
2026-04-07 17:32:55,440 - INFO - 📅 Fetching Basic Metadata: Electrician Simulator
2026-04-07 17:32:55,581 - INFO - 🎯 IGDB Match: 'Electrician Simulator' (100%)
2026-04-07 17:32:55,588 - INFO - 🏢 Publisher Search: World of Warships — Epic Anniversary Tachibana Pack
2026-04-07 17:32:57,137 - INFO - 📅 Fetching Basic Metadata: World of Warships — Epic Anniversary Tachibana Pack
2026-04-07 17:32:57,303 - INFO - 📅 Fetching Basic Metadata: Hyper Echelon
2026-04-07 17:32:57,547 - INFO - 🎯 IGDB Match: 'Hyper Echelon' (100%)
2026-04-07 17:32:57,553 - INFO - 📅 Fetching Basic Metadata: Havendock
2026-04-07 17:32:57,686 - INFO - 🎯 IGDB Match: 'Havendock' (100%)
2026-04-07 17:32:57,692 - INFO - 📅 Fetching Basic Metadata: Clone Drone in the Danger Zone
2026-04-07 17:32:57,841 - INFO - 🎯 IGDB Match: 'Clone Drone in the Danger Zone' (100%)
2026-04-07 17:32:57,847 - INFO - 🏢 Publisher Search: TOMAK: Save the Earth Regeneration
2026-04-07 17:32:59,333 - INFO - 📅 Fetching Basic Metadata: TOMAK: Save the Earth Regeneration
2026-04-07 17:32:59,471 - INFO - 🎯 IGDB Match: 'Tomak: Save the Earth Regeneration' (100%)
2026-04-07 17:32:59,482 - INFO - 
--- Starting Data Quality Checks ---
2026-04-07 17:32:59,496 - INFO - --- Data Quality Checks Complete ---

2026-04-07 17:32:59,527 - INFO - | Metric | Statistics |
| :--- | :--- |
| 💰 **Total Market Value** | **$12,768.24** |
| 📦 **Total Games Collected** | 663 |
| 🏷️ **Average Retail Price** | $22.41 per game |
| 💎 **Most Expensive Title** | Civilization 6 Platinum Edition ($79.99) |
| 👑 **MVP Publisher** | Bethesda Softworks |
| 🏢 **Value Leaders** | 2K ($579.90), Bethesda Softworks ($544.80), Paradox Interactive ($409.89) |
| 📈 **Inflation-Adjusted Value** | $14,565.48 |
| 🎈 **Inflation Bonus** | **+$1,797.24** in purchasing power |
| 🗓️ **Peak Saving Month** | 🎄 **Seasonality Peak:** December is historically the best month, offering $3,388.17 in savings. |
| ⭐ **Average Score** | 76.7/100 |
| 💳 **Subscription Equivalent** | **$168.84 / mo** |
| 🎯 **Prestige Ratio** | **2.0%** (Strategic Hype) |
| 🏎️ **Lead Time Avg** | 447 Days to Sequel |

2026-04-07 17:32:59,528 - INFO - ✅ README.md updated.
2026-04-07 17:32:59,553 - INFO - Using categorical units to plot a list of strings that are all parsable as floats or dates. If these strings should be plotted as numbers, cast to the appropriate data type before plotting.
2026-04-07 17:32:59,554 - INFO - Using categorical units to plot a list of strings that are all parsable as floats or dates. If these strings should be plotted as numbers, cast to the appropriate data type before plotting.
2026-04-07 17:33:05,245 - INFO - 📈 All charts generated successfully.
