2026-06-27 17:37:20,775 - INFO - Failed to extract font properties from /usr/share/fonts/truetype/noto/NotoColorEmoji.ttf: Non-scalable fonts are not supported
2026-06-27 17:37:21,345 - INFO - generated new fontManager
2026-06-27 17:37:21,840 - INFO - ✅ Migration Successful!
2026-06-27 17:37:22,055 - INFO - No new games found.
2026-06-27 17:37:22,648 - INFO - 🔍 Found 607 games needing metadata. Starting IGDB + Steam + CheapShark enrichment...
2026-06-27 17:37:22,730 - INFO - 📅 Fetching Basic Metadata: LEGO Batman Trilogy
2026-06-27 17:37:23,059 - INFO - 🎯 IGDB Match: 'LEGO Batman Trilogy' (100%)
2026-06-27 17:37:23,082 - INFO - 📅 Fetching Basic Metadata: Antstream
2026-06-27 17:37:23,365 - INFO - 📅 Fetching Basic Metadata: The Drone Racing League Simulator
2026-06-27 17:37:23,722 - INFO - 🎯 IGDB Match: 'The Drone Racing League Simulator' (100%)
2026-06-27 17:37:23,729 - INFO - 📅 Fetching Basic Metadata: Dark Deity
2026-06-27 17:37:23,852 - INFO - 🎯 IGDB Match: 'Dark Deity' (100%)
2026-06-27 17:37:23,858 - INFO - 📅 Fetching Basic Metadata: RPG in a Box
2026-06-27 17:37:24,019 - INFO - 🎯 IGDB Match: 'RPG in a Box' (100%)
2026-06-27 17:37:24,027 - INFO - 📅 Fetching Basic Metadata: Fallout Classic Collection
2026-06-27 17:37:24,173 - INFO - 🎯 IGDB Match: 'Fallout Classic Collection' (100%)
2026-06-27 17:37:24,181 - INFO - 📅 Fetching Basic Metadata: Recipe for Disaster
2026-06-27 17:37:24,310 - INFO - 🎯 IGDB Match: 'Recipe For Disaster' (100%)
2026-06-27 17:37:24,317 - INFO - 📅 Fetching Basic Metadata: World of Warships — Starter Pack: Ishizuchi
2026-06-27 17:37:24,591 - INFO - 🎯 IGDB Match: 'World of Warships: Starter Pack - Ishizuchi' (98%)
2026-06-27 17:37:24,599 - INFO - 📅 Fetching Basic Metadata: Poker Club
2026-06-27 17:37:24,837 - INFO - 🎯 IGDB Match: 'Poker Club' (100%)
2026-06-27 17:37:24,844 - INFO - 📅 Fetching Basic Metadata: The Sims 4 The Daring Lifestyle Bundle
2026-06-27 17:37:25,162 - INFO - 🎯 IGDB Match: 'The Sims 4: The Daring Lifestyle Bundle' (99%)
2026-06-27 17:37:25,170 - INFO - 📅 Fetching Basic Metadata: Dodo Peak
2026-06-27 17:37:25,389 - INFO - 🎯 IGDB Match: 'Dodo Peak' (100%)
2026-06-27 17:37:25,396 - INFO - 📅 Fetching Basic Metadata: Spelldrifter
2026-06-27 17:37:25,526 - INFO - 🎯 IGDB Match: 'Spelldrifter' (100%)
2026-06-27 17:37:25,532 - INFO - 📅 Fetching Basic Metadata: Model Builder
2026-06-27 17:37:25,758 - INFO - 🎯 IGDB Match: 'Model Builder' (100%)
2026-06-27 17:37:25,764 - INFO - 📅 Fetching Basic Metadata: Godlike Burger
2026-06-27 17:37:25,892 - INFO - 🎯 IGDB Match: 'Godlike Burger' (100%)
2026-06-27 17:37:25,899 - INFO - 📅 Fetching Basic Metadata: Q.U.B.E. Ultimate Bundle
2026-06-27 17:37:26,048 - INFO - 🎯 IGDB Match: 'Q.U.B.E. Ultimate Bundle' (100%)
2026-06-27 17:37:26,055 - INFO - 📅 Fetching Basic Metadata: Jitsu Squad
2026-06-27 17:37:26,240 - INFO - 🎯 IGDB Match: 'Jitsu Squad' (100%)
2026-06-27 17:37:26,247 - INFO - 📅 Fetching Basic Metadata: Mighty Fight Federation
2026-06-27 17:37:26,490 - INFO - 🎯 IGDB Match: 'Mighty Fight Federation' (100%)
2026-06-27 17:37:26,499 - INFO - 📅 Fetching Basic Metadata: LOVE
2026-06-27 17:37:26,732 - INFO - 🎯 IGDB Match: 'Love Love Love' (90%)
2026-06-27 17:37:26,740 - INFO - 📅 Fetching Basic Metadata: Call of The Wild: The Angler
2026-06-27 17:37:27,084 - INFO - 🎯 IGDB Match: 'Call of the Wild: The Angler' (100%)
2026-06-27 17:37:27,093 - INFO - 📅 Fetching Basic Metadata: The Falconeer
2026-06-27 17:37:27,364 - INFO - 🎯 IGDB Match: 'The Falconeer: The Hunter' (90%)
2026-06-27 17:37:27,372 - INFO - 📅 Fetching Basic Metadata: Rawmen: Food Fighter Arena
2026-06-27 17:37:27,585 - INFO - 🎯 IGDB Match: 'Rawmen' (90%)
2026-06-27 17:37:27,592 - INFO - 📅 Fetching Basic Metadata: World of Warships – Starter Pack: Albany
2026-06-27 17:37:27,850 - INFO - 📅 Fetching Basic Metadata: Fallout Classic Edition
2026-06-27 17:37:28,060 - INFO - 📅 Fetching Basic Metadata: Outliver: Tribulation
2026-06-27 17:37:28,327 - INFO - 🎯 IGDB Match: 'Outliver: Tribulation' (100%)
2026-06-27 17:37:28,334 - INFO - 📅 Fetching Basic Metadata: Bus Simulator 21 Next Stop
2026-06-27 17:37:28,752 - INFO - 🎯 IGDB Match: 'Bus Simulator 21: Next Stop' (98%)
2026-06-27 17:37:28,760 - INFO - 📅 Fetching Basic Metadata: Turmoil
2026-06-27 17:37:28,969 - INFO - 🎯 IGDB Match: 'Turmoil' (100%)
2026-06-27 17:37:28,976 - INFO - 📅 Fetching Basic Metadata: World War Z Aftermath
2026-06-27 17:37:29,133 - INFO - 🎯 IGDB Match: 'World War Z: Aftermath' (98%)
2026-06-27 17:37:29,139 - INFO - 📅 Fetching Basic Metadata: World Of Warships – Anniversary Party Flavor
2026-06-27 17:37:29,468 - INFO - 📅 Fetching Basic Metadata: Neko Ghost, Jump!
2026-06-27 17:37:29,616 - INFO - 🎯 IGDB Match: 'Neko Ghost, Jump!' (100%)
2026-06-27 17:37:29,623 - INFO - 📅 Fetching Basic Metadata: Super Space Club
2026-06-27 17:37:29,870 - INFO - 🎯 IGDB Match: 'Super Space Club' (100%)
2026-06-27 17:37:29,877 - INFO - 📅 Fetching Basic Metadata: Touch Type Tale
2026-06-27 17:37:30,252 - INFO - 🎯 IGDB Match: 'Touch Type Tale' (100%)
2026-06-27 17:37:30,259 - INFO - 📅 Fetching Basic Metadata: Gigapocalypse
2026-06-27 17:37:30,561 - INFO - 🎯 IGDB Match: 'Gigapocalypse' (100%)
2026-06-27 17:37:30,569 - INFO - 📅 Fetching Basic Metadata: Legion TD2
2026-06-27 17:37:30,707 - INFO - 📅 Fetching Basic Metadata: Nightingale
2026-06-27 17:37:31,030 - INFO - 🎯 IGDB Match: 'Nightingale' (100%)
2026-06-27 17:37:31,037 - INFO - 📅 Fetching Basic Metadata: Godzilla Voxel Wars
2026-06-27 17:37:31,165 - INFO - 🎯 IGDB Match: 'Godzilla Voxel Wars' (100%)
2026-06-27 17:37:31,174 - INFO - 📅 Fetching Basic Metadata: Trine Classic Collection
2026-06-27 17:37:31,306 - INFO - 🎯 IGDB Match: 'Trine Classic Collection' (100%)
2026-06-27 17:37:31,315 - INFO - 📅 Fetching Basic Metadata: Poison Retro Set
2026-06-27 17:37:31,435 - INFO - 🎯 IGDB Match: 'Pixel Gun 3D: Poison Retro Set' (90%)
2026-06-27 17:37:31,442 - INFO - 📅 Fetching Basic Metadata: The Darkside Detective A Fumble in the Dark
2026-06-27 17:37:31,569 - INFO - 🎯 IGDB Match: 'The Darkside Detective: A Fumble in the Dark' (99%)
2026-06-27 17:37:31,576 - INFO - 📅 Fetching Basic Metadata: Return to Ash
2026-06-27 17:37:31,707 - INFO - 🎯 IGDB Match: 'Return to Ash' (100%)
2026-06-27 17:37:31,714 - INFO - 🏢 Publisher Search: STALCRAFT: X Starter Edition
2026-06-27 17:37:33,142 - INFO - 📅 Fetching Basic Metadata: STALCRAFT: X Starter Edition
2026-06-27 17:37:33,278 - INFO - 📅 Fetching Basic Metadata: Boxes: Lost Fragments
2026-06-27 17:37:33,558 - INFO - 🎯 IGDB Match: 'Boxes: Lost Fragments' (100%)
2026-06-27 17:37:33,565 - INFO - 📅 Fetching Basic Metadata: My Night Job
2026-06-27 17:37:33,819 - INFO - 🎯 IGDB Match: 'My Night Job' (100%)
2026-06-27 17:37:33,826 - INFO - 📅 Fetching Basic Metadata: Electrician Simulator
2026-06-27 17:37:33,959 - INFO - 🎯 IGDB Match: 'Electrician Simulator' (100%)
2026-06-27 17:37:33,969 - INFO - 🏢 Publisher Search: World of Warships — Epic Anniversary Tachibana Pack
2026-06-27 17:37:35,402 - INFO - 📅 Fetching Basic Metadata: World of Warships — Epic Anniversary Tachibana Pack
2026-06-27 17:37:35,679 - INFO - 📅 Fetching Basic Metadata: Hyper Echelon
2026-06-27 17:37:35,808 - INFO - 🎯 IGDB Match: 'Hyper Echelon' (100%)
2026-06-27 17:37:35,815 - INFO - 📅 Fetching Basic Metadata: Havendock
2026-06-27 17:37:35,941 - INFO - 🎯 IGDB Match: 'Havendock' (100%)
2026-06-27 17:37:35,947 - INFO - 📅 Fetching Basic Metadata: Clone Drone in the Danger Zone
2026-06-27 17:37:36,203 - INFO - 🎯 IGDB Match: 'Clone Drone in the Danger Zone' (100%)
2026-06-27 17:37:36,209 - INFO - 🏢 Publisher Search: TOMAK: Save the Earth Regeneration
2026-06-27 17:37:37,578 - INFO - 📅 Fetching Basic Metadata: TOMAK: Save the Earth Regeneration
2026-06-27 17:37:37,838 - INFO - 🎯 IGDB Match: 'Tomak: Save the Earth Regeneration' (100%)
2026-06-27 17:37:37,844 - INFO - 📅 Fetching Basic Metadata: Prop Sumo
2026-06-27 17:37:37,972 - INFO - 🎯 IGDB Match: 'Prop Sumo' (100%)
2026-06-27 17:37:37,978 - INFO - 📅 Fetching Basic Metadata: The Stone of Madness
2026-06-27 17:37:38,134 - INFO - 🎯 IGDB Match: 'The Stone of Madness' (100%)
2026-06-27 17:37:38,141 - INFO - 📅 Fetching Basic Metadata: Firestone Online Idle RPG
2026-06-27 17:37:38,405 - INFO - 🎯 IGDB Match: 'Firestone: Online Idle RPG' (98%)
2026-06-27 17:37:38,411 - INFO - 📅 Fetching Basic Metadata: Oddsparks: An Automation Adventure
2026-06-27 17:37:38,556 - INFO - 🎯 IGDB Match: 'Oddsparks: An Automation Adventure' (100%)
2026-06-27 17:37:38,563 - INFO - 📅 Fetching Basic Metadata: Trash Goblin
2026-06-27 17:37:38,688 - INFO - 🎯 IGDB Match: 'Trash Goblin' (100%)
2026-06-27 17:37:38,695 - INFO - 🏢 Publisher Search: The Telltale Batman Shadows Edition
2026-06-27 17:37:40,119 - INFO - 📅 Fetching Basic Metadata: The Telltale Batman Shadows Edition
2026-06-27 17:37:40,414 - INFO - 🎯 IGDB Match: 'Telltale Batman Shadows Edition' (95%)
2026-06-27 17:37:40,421 - INFO - 🏢 Publisher Search: Sunderfolk - Standard Edition
2026-06-27 17:37:41,775 - INFO - 📅 Fetching Basic Metadata: Sunderfolk - Standard Edition
2026-06-27 17:37:41,944 - INFO - 📅 Fetching Basic Metadata: Down in Bermuda
2026-06-27 17:37:42,094 - INFO - 🎯 IGDB Match: 'Down in Bermuda' (100%)
2026-06-27 17:37:42,101 - INFO - 📅 Fetching Basic Metadata: Tomb Raider I-III Remastered Starring Lara Croft
2026-06-27 17:37:42,233 - INFO - 📅 Fetching Basic Metadata: LONESTAR
2026-06-27 17:37:42,448 - INFO - 🎯 IGDB Match: 'LoneStar' (100%)
2026-06-27 17:37:42,455 - INFO - 📅 Fetching Basic Metadata: Calico
2026-06-27 17:37:42,666 - INFO - 🎯 IGDB Match: 'Calico' (100%)
2026-06-27 17:37:42,673 - INFO - 📅 Fetching Basic Metadata: Rogue Waters
2026-06-27 17:37:42,904 - INFO - 🎯 IGDB Match: 'Rogue Waters' (100%)
2026-06-27 17:37:42,911 - INFO - 📅 Fetching Basic Metadata: The Ouroboros King
2026-06-27 17:37:43,149 - INFO - 🎯 IGDB Match: 'The Ouroboros King' (100%)
2026-06-27 17:37:43,155 - INFO - 🏢 Publisher Search: Warhammer 40K Speed Freeks
2026-06-27 17:37:44,522 - INFO - 
--- Starting Data Quality Checks ---
2026-06-27 17:37:44,534 - INFO - --- Data Quality Checks Complete ---

2026-06-27 17:37:44,563 - INFO - | Metric | Statistics |
| :--- | :--- |
| 💰 **Total Market Value** | **$13,188.05** |
| 📦 **Total Games Collected** | 684 |
| 🏷️ **Average Retail Price** | $22.34 per game |
| 💎 **Most Expensive Title** | Civilization 6 Platinum Edition ($79.99) |
| 👑 **MVP Publisher** | Bethesda Softworks |
| 🏢 **Value Leaders** | 2K ($579.90), Bethesda Softworks ($544.80), Paradox Interactive ($409.89) |
| 📈 **Inflation-Adjusted Value** | $14,985.29 |
| 🎈 **Inflation Bonus** | **+$1,797.24** in purchasing power |
| 🗓️ **Peak Saving Month** | 🎄 **Seasonality Peak:** December is historically the best month, offering $3,388.17 in savings. |
| ⭐ **Average Score** | 76.8/100 |
| 💳 **Subscription Equivalent** | **$169.75 / mo** |
| 🎯 **Prestige Ratio** | **2.0%** (Strategic Hype) |
| 🏎️ **Lead Time Avg** | 441 Days to Sequel |

2026-06-27 17:37:44,564 - INFO - ✅ README.md updated.
2026-06-27 17:37:44,587 - INFO - Using categorical units to plot a list of strings that are all parsable as floats or dates. If these strings should be plotted as numbers, cast to the appropriate data type before plotting.
2026-06-27 17:37:44,588 - INFO - Using categorical units to plot a list of strings that are all parsable as floats or dates. If these strings should be plotted as numbers, cast to the appropriate data type before plotting.
2026-06-27 17:37:50,340 - INFO - 📈 All charts generated successfully.
