2026-03-01 16:51:53,638 - INFO - Failed to extract font properties from /usr/share/fonts/truetype/noto/NotoColorEmoji.ttf: Can not load face (unknown file format; error code 0x2)
2026-03-01 16:51:53,680 - INFO - generated new fontManager
2026-03-01 16:51:54,025 - INFO - ✅ Migration Successful!
2026-03-01 16:51:54,520 - INFO - No new games found.
2026-03-01 16:51:55,048 - INFO - 🔍 Found 577 games needing metadata. Starting IGDB + Steam + CheapShark enrichment...
2026-03-01 16:51:55,149 - INFO - 📅 Fetching Basic Metadata: LEGO Batman Trilogy
2026-03-01 16:51:55,554 - INFO - 🎯 IGDB Match: 'LEGO Batman Trilogy' (100%)
2026-03-01 16:51:55,583 - INFO - 📅 Fetching Basic Metadata: Antstream
2026-03-01 16:51:55,783 - INFO - 📅 Fetching Basic Metadata: The Drone Racing League Simulator
2026-03-01 16:51:55,972 - INFO - 🎯 IGDB Match: 'The Drone Racing League Simulator' (100%)
2026-03-01 16:51:55,980 - INFO - 📅 Fetching Basic Metadata: Dark Deity
2026-03-01 16:51:56,188 - INFO - 🎯 IGDB Match: 'Dark Deity' (100%)
2026-03-01 16:51:56,195 - INFO - 📅 Fetching Basic Metadata: RPG in a Box
2026-03-01 16:51:56,382 - INFO - 🎯 IGDB Match: 'RPG in a Box' (100%)
2026-03-01 16:51:56,389 - INFO - 📅 Fetching Basic Metadata: Fallout Classic Collection
2026-03-01 16:51:56,579 - INFO - 🎯 IGDB Match: 'Fallout Classic Collection' (100%)
2026-03-01 16:51:56,588 - INFO - 📅 Fetching Basic Metadata: Recipe for Disaster
2026-03-01 16:51:56,770 - INFO - 🎯 IGDB Match: 'Recipe for Disaster' (100%)
2026-03-01 16:51:56,777 - INFO - 📅 Fetching Basic Metadata: World of Warships — Starter Pack: Ishizuchi
2026-03-01 16:51:57,011 - INFO - 🎯 IGDB Match: 'World of Warships: Starter Pack - Ishizuchi' (98%)
2026-03-01 16:51:57,018 - INFO - 📅 Fetching Basic Metadata: Poker Club
2026-03-01 16:51:57,116 - INFO - 🎯 IGDB Match: 'Poker Club' (100%)
2026-03-01 16:51:57,122 - INFO - 📅 Fetching Basic Metadata: The Sims 4 The Daring Lifestyle Bundle
2026-03-01 16:51:57,306 - INFO - 🎯 IGDB Match: 'The Sims 4: The Daring Lifestyle Bundle' (99%)
2026-03-01 16:51:57,314 - INFO - 📅 Fetching Basic Metadata: Dodo Peak
2026-03-01 16:51:57,523 - INFO - 🎯 IGDB Match: 'Dodo Peak' (100%)
2026-03-01 16:51:57,530 - INFO - 📅 Fetching Basic Metadata: Spelldrifter
2026-03-01 16:51:57,632 - INFO - 🎯 IGDB Match: 'Spelldrifter' (100%)
2026-03-01 16:51:57,639 - INFO - 📅 Fetching Basic Metadata: Model Builder
2026-03-01 16:51:57,819 - INFO - 🎯 IGDB Match: 'Model Builder' (100%)
2026-03-01 16:51:57,825 - INFO - 📅 Fetching Basic Metadata: Godlike Burger
2026-03-01 16:51:57,922 - INFO - 🎯 IGDB Match: 'Godlike Burger' (100%)
2026-03-01 16:51:58,076 - INFO - 📅 Fetching Basic Metadata: Q.U.B.E. Ultimate Bundle
2026-03-01 16:51:58,230 - INFO - 🎯 IGDB Match: 'Q.U.B.E. Ultimate Bundle' (100%)
2026-03-01 16:51:58,238 - INFO - 📅 Fetching Basic Metadata: Jitsu Squad
2026-03-01 16:51:58,335 - INFO - 🎯 IGDB Match: 'Jitsu Squad' (100%)
2026-03-01 16:51:58,342 - INFO - 📅 Fetching Basic Metadata: Mighty Fight Federation
2026-03-01 16:51:58,571 - INFO - 🎯 IGDB Match: 'Mighty Fight Federation' (100%)
2026-03-01 16:51:58,580 - INFO - 📅 Fetching Basic Metadata: LOVE
2026-03-01 16:51:58,810 - INFO - 🎯 IGDB Match: 'Love Love Love' (90%)
2026-03-01 16:51:58,818 - INFO - 📅 Fetching Basic Metadata: Call of The Wild: The Angler
2026-03-01 16:51:59,004 - INFO - 🎯 IGDB Match: 'Call of the Wild: The Angler' (100%)
2026-03-01 16:51:59,013 - INFO - 📅 Fetching Basic Metadata: The Falconeer
2026-03-01 16:51:59,116 - INFO - 🎯 IGDB Match: 'The Falconeer: The Hunter' (90%)
2026-03-01 16:51:59,123 - INFO - 📅 Fetching Basic Metadata: Rawmen: Food Fighter Arena
2026-03-01 16:51:59,340 - INFO - 🎯 IGDB Match: 'Rawmen' (90%)
2026-03-01 16:51:59,347 - INFO - 📅 Fetching Basic Metadata: World of Warships – Starter Pack: Albany
2026-03-01 16:51:59,552 - INFO - 📅 Fetching Basic Metadata: Fallout Classic Edition
2026-03-01 16:51:59,665 - INFO - 📅 Fetching Basic Metadata: Outliver: Tribulation
2026-03-01 16:51:59,775 - INFO - 🎯 IGDB Match: 'Outliver: Tribulation' (100%)
2026-03-01 16:51:59,783 - INFO - 📅 Fetching Basic Metadata: Bus Simulator 21 Next Stop
2026-03-01 16:51:59,884 - INFO - 🎯 IGDB Match: 'Bus Simulator 21: Next Stop' (98%)
2026-03-01 16:51:59,892 - INFO - 📅 Fetching Basic Metadata: Turmoil
2026-03-01 16:52:00,002 - INFO - 🎯 IGDB Match: 'Turmoil' (100%)
2026-03-01 16:52:00,010 - INFO - 📅 Fetching Basic Metadata: World War Z Aftermath
2026-03-01 16:52:00,095 - WARNING - IGDB Error for World War Z Aftermath: string indices must be integers, not 'str'
2026-03-01 16:52:00,103 - INFO - 📅 Fetching Basic Metadata: World Of Warships – Anniversary Party Flavor
2026-03-01 16:52:00,280 - INFO - 📅 Fetching Basic Metadata: Neko Ghost, Jump!
2026-03-01 16:52:00,473 - INFO - 🎯 IGDB Match: 'Neko Ghost, Jump!' (100%)
2026-03-01 16:52:00,480 - INFO - 📅 Fetching Basic Metadata: Super Space Club
2026-03-01 16:52:00,715 - INFO - 🎯 IGDB Match: 'Super Space Club' (100%)
2026-03-01 16:52:00,722 - INFO - 📅 Fetching Basic Metadata: Touch Type Tale
2026-03-01 16:52:00,905 - INFO - 🎯 IGDB Match: 'Touch Type Tale' (100%)
2026-03-01 16:52:00,912 - INFO - 📅 Fetching Basic Metadata: Gigapocalypse
2026-03-01 16:52:01,078 - WARNING - IGDB Error for Gigapocalypse: string indices must be integers, not 'str'
2026-03-01 16:52:01,086 - INFO - 📅 Fetching Basic Metadata: Legion TD2
2026-03-01 16:52:01,173 - WARNING - IGDB Error for Legion TD2: string indices must be integers, not 'str'
2026-03-01 16:52:01,181 - INFO - 📅 Fetching Basic Metadata: Nightingale
2026-03-01 16:52:01,281 - INFO - 🎯 IGDB Match: 'Nightingale' (100%)
2026-03-01 16:52:01,289 - INFO - 📅 Fetching Basic Metadata: Godzilla Voxel Wars
2026-03-01 16:52:01,398 - INFO - 🎯 IGDB Match: 'Godzilla Voxel Wars' (100%)
2026-03-01 16:52:01,406 - INFO - 📅 Fetching Basic Metadata: Trine Classic Collection
2026-03-01 16:52:01,573 - WARNING - IGDB Error for Trine Classic Collection: string indices must be integers, not 'str'
2026-03-01 16:52:01,581 - INFO - 📅 Fetching Basic Metadata: Poison Retro Set
2026-03-01 16:52:01,666 - WARNING - IGDB Error for Poison Retro Set: string indices must be integers, not 'str'
2026-03-01 16:52:01,673 - INFO - 📅 Fetching Basic Metadata: The Darkside Detective A Fumble in the Dark
2026-03-01 16:52:01,841 - WARNING - IGDB Error for The Darkside Detective A Fumble in the Dark: string indices must be integers, not 'str'
2026-03-01 16:52:01,848 - INFO - 📅 Fetching Basic Metadata: Return to Ash
2026-03-01 16:52:01,933 - WARNING - IGDB Error for Return to Ash: string indices must be integers, not 'str'
2026-03-01 16:52:01,939 - INFO - 🏢 Publisher Search: STALCRAFT: X Starter Edition
2026-03-01 16:52:03,325 - INFO - 📅 Fetching Basic Metadata: STALCRAFT: X Starter Edition
2026-03-01 16:52:03,512 - INFO - 📅 Fetching Basic Metadata: Boxes: Lost Fragments
2026-03-01 16:52:03,615 - INFO - 🎯 IGDB Match: 'Boxes: Lost Fragments' (100%)
2026-03-01 16:52:03,622 - INFO - 📅 Fetching Basic Metadata: My Night Job
2026-03-01 16:52:03,723 - INFO - 🎯 IGDB Match: 'My Night Job' (100%)
2026-03-01 16:52:03,735 - INFO - 
--- Starting Data Quality Checks ---
2026-03-01 16:52:03,749 - INFO - --- Data Quality Checks Complete ---

2026-03-01 16:52:03,779 - INFO - | Metric | Statistics |
| :--- | :--- |
| 💰 **Total Market Value** | **$12,603.32** |
| 📦 **Total Games Collected** | 653 |
| 🏷️ **Average Retail Price** | $22.48 per game |
| 💎 **Most Expensive Title** | Civilization 6 Platinum Edition ($79.99) |
| 👑 **MVP Publisher** | Bethesda Softworks |
| 🏢 **Value Leaders** | 2K ($579.90), Bethesda Softworks ($544.80), Paradox Interactive ($409.89) |
| 📈 **Inflation-Adjusted Value** | $14,400.56 |
| 🎈 **Inflation Bonus** | **+$1,797.24** in purchasing power |
| 🗓️ **Peak Saving Month** | 🎄 **Seasonality Peak:** December is historically the best month, offering $3,388.17 in savings. |
| ⭐ **Average Score** | 76.7/100 |
| 💳 **Subscription Equivalent** | **$170.71 / mo** |
| 🎯 **Prestige Ratio** | **2.0%** (Strategic Hype) |
| 🏎️ **Lead Time Avg** | 447 Days to Sequel |

2026-03-01 16:52:03,780 - INFO - ✅ README.md updated.
2026-03-01 16:52:03,804 - INFO - Using categorical units to plot a list of strings that are all parsable as floats or dates. If these strings should be plotted as numbers, cast to the appropriate data type before plotting.
2026-03-01 16:52:03,804 - INFO - Using categorical units to plot a list of strings that are all parsable as floats or dates. If these strings should be plotted as numbers, cast to the appropriate data type before plotting.
2026-03-01 16:52:09,515 - INFO - 📈 All charts generated successfully.
