2026-05-05 17:58:47,244 - INFO - Failed to extract font properties from /usr/share/fonts/truetype/noto/NotoColorEmoji.ttf: Can not load face (unknown file format; error code 0x2)
2026-05-05 17:58:47,366 - INFO - generated new fontManager
2026-05-05 17:58:47,759 - INFO - ✅ Migration Successful!
2026-05-05 17:58:48,355 - INFO - No new games found.
2026-05-05 17:58:48,842 - INFO - 🔍 Found 592 games needing metadata. Starting IGDB + Steam + CheapShark enrichment...
2026-05-05 17:58:49,061 - INFO - 📅 Fetching Basic Metadata: LEGO Batman Trilogy
2026-05-05 17:58:49,428 - INFO - 🎯 IGDB Match: 'LEGO Batman Trilogy' (100%)
2026-05-05 17:58:49,456 - INFO - 📅 Fetching Basic Metadata: Antstream
2026-05-05 17:58:49,729 - INFO - 📅 Fetching Basic Metadata: The Drone Racing League Simulator
2026-05-05 17:58:49,935 - INFO - 🎯 IGDB Match: 'The Drone Racing League Simulator' (100%)
2026-05-05 17:58:49,943 - INFO - 📅 Fetching Basic Metadata: Dark Deity
2026-05-05 17:58:50,196 - INFO - 🎯 IGDB Match: 'Dark Deity' (100%)
2026-05-05 17:58:50,203 - INFO - 📅 Fetching Basic Metadata: RPG in a Box
2026-05-05 17:58:50,352 - INFO - 🎯 IGDB Match: 'RPG in a Box' (100%)
2026-05-05 17:58:50,359 - INFO - 📅 Fetching Basic Metadata: Fallout Classic Collection
2026-05-05 17:58:50,579 - INFO - 🎯 IGDB Match: 'Fallout Classic Collection' (100%)
2026-05-05 17:58:50,588 - INFO - 📅 Fetching Basic Metadata: Recipe for Disaster
2026-05-05 17:58:50,778 - INFO - 🎯 IGDB Match: 'Recipe For Disaster' (100%)
2026-05-05 17:58:50,785 - INFO - 📅 Fetching Basic Metadata: World of Warships — Starter Pack: Ishizuchi
2026-05-05 17:58:50,933 - INFO - 🎯 IGDB Match: 'World of Warships: Starter Pack - Ishizuchi' (98%)
2026-05-05 17:58:50,940 - INFO - 📅 Fetching Basic Metadata: Poker Club
2026-05-05 17:58:51,208 - INFO - 🎯 IGDB Match: 'Poker Club' (100%)
2026-05-05 17:58:51,214 - INFO - 📅 Fetching Basic Metadata: The Sims 4 The Daring Lifestyle Bundle
2026-05-05 17:58:51,460 - INFO - 🎯 IGDB Match: 'The Sims 4: The Daring Lifestyle Bundle' (99%)
2026-05-05 17:58:51,469 - INFO - 📅 Fetching Basic Metadata: Dodo Peak
2026-05-05 17:58:51,601 - INFO - 🎯 IGDB Match: 'Dodo Peak' (100%)
2026-05-05 17:58:51,608 - INFO - 📅 Fetching Basic Metadata: Spelldrifter
2026-05-05 17:58:51,772 - INFO - 🎯 IGDB Match: 'Spelldrifter' (100%)
2026-05-05 17:58:51,779 - INFO - 📅 Fetching Basic Metadata: Model Builder
2026-05-05 17:58:52,043 - INFO - 🎯 IGDB Match: 'Model Builder' (100%)
2026-05-05 17:58:52,049 - INFO - 📅 Fetching Basic Metadata: Godlike Burger
2026-05-05 17:58:52,175 - INFO - 🎯 IGDB Match: 'Godlike Burger' (100%)
2026-05-05 17:58:52,182 - INFO - 📅 Fetching Basic Metadata: Q.U.B.E. Ultimate Bundle
2026-05-05 17:58:52,381 - INFO - 🎯 IGDB Match: 'Q.U.B.E. Ultimate Bundle' (100%)
2026-05-05 17:58:52,389 - INFO - 📅 Fetching Basic Metadata: Jitsu Squad
2026-05-05 17:58:52,568 - INFO - 🎯 IGDB Match: 'Jitsu Squad' (100%)
2026-05-05 17:58:52,574 - INFO - 📅 Fetching Basic Metadata: Mighty Fight Federation
2026-05-05 17:58:52,699 - INFO - 🎯 IGDB Match: 'Mighty Fight Federation' (100%)
2026-05-05 17:58:52,709 - INFO - 📅 Fetching Basic Metadata: LOVE
2026-05-05 17:58:52,991 - INFO - 🎯 IGDB Match: 'Love Love Love' (90%)
2026-05-05 17:58:52,999 - INFO - 📅 Fetching Basic Metadata: Call of The Wild: The Angler
2026-05-05 17:58:53,202 - INFO - 🎯 IGDB Match: 'Call of the Wild: The Angler' (100%)
2026-05-05 17:58:53,211 - INFO - 📅 Fetching Basic Metadata: The Falconeer
2026-05-05 17:58:53,337 - INFO - 🎯 IGDB Match: 'The Falconeer: The Hunter' (90%)
2026-05-05 17:58:53,345 - INFO - 📅 Fetching Basic Metadata: Rawmen: Food Fighter Arena
2026-05-05 17:58:53,481 - INFO - 🎯 IGDB Match: 'Rawmen' (90%)
2026-05-05 17:58:53,488 - INFO - 📅 Fetching Basic Metadata: World of Warships – Starter Pack: Albany
2026-05-05 17:58:53,729 - INFO - 📅 Fetching Basic Metadata: Fallout Classic Edition
2026-05-05 17:58:53,863 - INFO - 📅 Fetching Basic Metadata: Outliver: Tribulation
2026-05-05 17:58:54,056 - INFO - 🎯 IGDB Match: 'Outliver: Tribulation' (100%)
2026-05-05 17:58:54,064 - INFO - 📅 Fetching Basic Metadata: Bus Simulator 21 Next Stop
2026-05-05 17:58:54,232 - INFO - 🎯 IGDB Match: 'Bus Simulator 21: Next Stop' (98%)
2026-05-05 17:58:54,240 - INFO - 📅 Fetching Basic Metadata: Turmoil
2026-05-05 17:58:54,358 - INFO - 🎯 IGDB Match: 'Turmoil' (100%)
2026-05-05 17:58:54,365 - INFO - 📅 Fetching Basic Metadata: World War Z Aftermath
2026-05-05 17:58:54,558 - INFO - 🎯 IGDB Match: 'World War Z: Aftermath' (98%)
2026-05-05 17:58:54,565 - INFO - 📅 Fetching Basic Metadata: World Of Warships – Anniversary Party Flavor
2026-05-05 17:58:54,690 - INFO - 📅 Fetching Basic Metadata: Neko Ghost, Jump!
2026-05-05 17:58:54,836 - INFO - 🎯 IGDB Match: 'Neko Ghost, Jump!' (100%)
2026-05-05 17:58:54,844 - INFO - 📅 Fetching Basic Metadata: Super Space Club
2026-05-05 17:58:55,102 - INFO - 🎯 IGDB Match: 'Super Space Club' (100%)
2026-05-05 17:58:55,109 - INFO - 📅 Fetching Basic Metadata: Touch Type Tale
2026-05-05 17:58:55,233 - WARNING - IGDB Error for Touch Type Tale: string indices must be integers, not 'str'
2026-05-05 17:58:55,239 - INFO - 📅 Fetching Basic Metadata: Gigapocalypse
2026-05-05 17:58:55,356 - INFO - 🎯 IGDB Match: 'Gigapocalypse' (100%)
2026-05-05 17:58:55,364 - INFO - 📅 Fetching Basic Metadata: Legion TD2
2026-05-05 17:58:55,496 - INFO - 📅 Fetching Basic Metadata: Nightingale
2026-05-05 17:58:55,607 - WARNING - IGDB Error for Nightingale: string indices must be integers, not 'str'
2026-05-05 17:58:55,615 - INFO - 📅 Fetching Basic Metadata: Godzilla Voxel Wars
2026-05-05 17:58:55,725 - WARNING - IGDB Error for Godzilla Voxel Wars: string indices must be integers, not 'str'
2026-05-05 17:58:55,734 - INFO - 📅 Fetching Basic Metadata: Trine Classic Collection
2026-05-05 17:58:55,837 - WARNING - IGDB Error for Trine Classic Collection: string indices must be integers, not 'str'
2026-05-05 17:58:55,846 - INFO - 📅 Fetching Basic Metadata: Poison Retro Set
2026-05-05 17:58:55,955 - WARNING - IGDB Error for Poison Retro Set: string indices must be integers, not 'str'
2026-05-05 17:58:55,962 - INFO - 📅 Fetching Basic Metadata: The Darkside Detective A Fumble in the Dark
2026-05-05 17:58:56,156 - WARNING - IGDB Error for The Darkside Detective A Fumble in the Dark: string indices must be integers, not 'str'
2026-05-05 17:58:56,163 - INFO - 📅 Fetching Basic Metadata: Return to Ash
2026-05-05 17:58:56,265 - WARNING - IGDB Error for Return to Ash: string indices must be integers, not 'str'
2026-05-05 17:58:56,272 - INFO - 🏢 Publisher Search: STALCRAFT: X Starter Edition
2026-05-05 17:58:57,652 - INFO - 📅 Fetching Basic Metadata: STALCRAFT: X Starter Edition
2026-05-05 17:58:57,782 - INFO - 📅 Fetching Basic Metadata: Boxes: Lost Fragments
2026-05-05 17:58:57,956 - INFO - 🎯 IGDB Match: 'Boxes: Lost Fragments' (100%)
2026-05-05 17:58:57,962 - INFO - 📅 Fetching Basic Metadata: My Night Job
2026-05-05 17:58:58,186 - INFO - 🎯 IGDB Match: 'My Night Job' (100%)
2026-05-05 17:58:58,193 - INFO - 📅 Fetching Basic Metadata: Electrician Simulator
2026-05-05 17:58:58,348 - INFO - 🎯 IGDB Match: 'Electrician Simulator' (100%)
2026-05-05 17:58:58,354 - INFO - 🏢 Publisher Search: World of Warships — Epic Anniversary Tachibana Pack
2026-05-05 17:58:59,854 - INFO - 📅 Fetching Basic Metadata: World of Warships — Epic Anniversary Tachibana Pack
2026-05-05 17:58:59,985 - INFO - 📅 Fetching Basic Metadata: Hyper Echelon
2026-05-05 17:59:00,118 - INFO - 🎯 IGDB Match: 'Hyper Echelon' (100%)
2026-05-05 17:59:00,125 - INFO - 📅 Fetching Basic Metadata: Havendock
2026-05-05 17:59:00,248 - INFO - 🎯 IGDB Match: 'Havendock' (100%)
2026-05-05 17:59:00,254 - INFO - 📅 Fetching Basic Metadata: Clone Drone in the Danger Zone
2026-05-05 17:59:00,434 - INFO - 🎯 IGDB Match: 'Clone Drone in the Danger Zone' (100%)
2026-05-05 17:59:00,440 - INFO - 🏢 Publisher Search: TOMAK: Save the Earth Regeneration
2026-05-05 17:59:01,806 - INFO - 📅 Fetching Basic Metadata: TOMAK: Save the Earth Regeneration
2026-05-05 17:59:02,023 - INFO - 🎯 IGDB Match: 'Tomak: Save the Earth Regeneration' (100%)
2026-05-05 17:59:02,029 - INFO - 📅 Fetching Basic Metadata: Prop Sumo
2026-05-05 17:59:02,144 - INFO - 🎯 IGDB Match: 'Prop Sumo' (100%)
2026-05-05 17:59:02,150 - INFO - 📅 Fetching Basic Metadata: The Stone of Madness
2026-05-05 17:59:02,357 - INFO - 🎯 IGDB Match: 'The Stone of Madness' (100%)
2026-05-05 17:59:02,363 - INFO - 📅 Fetching Basic Metadata: Firestone Online Idle RPG
2026-05-05 17:59:02,488 - INFO - 🎯 IGDB Match: 'Firestone: Online Idle RPG' (98%)
2026-05-05 17:59:02,495 - INFO - 📅 Fetching Basic Metadata: Oddsparks: An Automation Adventure
2026-05-05 17:59:02,626 - INFO - 🎯 IGDB Match: 'Oddsparks: An Automation Adventure' (100%)
2026-05-05 17:59:02,637 - INFO - 
--- Starting Data Quality Checks ---
2026-05-05 17:59:02,650 - INFO - --- Data Quality Checks Complete ---

2026-05-05 17:59:02,679 - INFO - | Metric | Statistics |
| :--- | :--- |
| 💰 **Total Market Value** | **$12,853.20** |
| 📦 **Total Games Collected** | 668 |
| 🏷️ **Average Retail Price** | $22.37 per game |
| 💎 **Most Expensive Title** | Civilization 6 Platinum Edition ($79.99) |
| 👑 **MVP Publisher** | Bethesda Softworks |
| 🏢 **Value Leaders** | 2K ($579.90), Bethesda Softworks ($544.80), Paradox Interactive ($409.89) |
| 📈 **Inflation-Adjusted Value** | $14,650.44 |
| 🎈 **Inflation Bonus** | **+$1,797.24** in purchasing power |
| 🗓️ **Peak Saving Month** | 🎄 **Seasonality Peak:** December is historically the best month, offering $3,388.17 in savings. |
| ⭐ **Average Score** | 76.8/100 |
| 💳 **Subscription Equivalent** | **$169.81 / mo** |
| 🎯 **Prestige Ratio** | **1.9%** (Strategic Hype) |
| 🏎️ **Lead Time Avg** | 447 Days to Sequel |

2026-05-05 17:59:02,680 - INFO - ✅ README.md updated.
2026-05-05 17:59:02,705 - INFO - Using categorical units to plot a list of strings that are all parsable as floats or dates. If these strings should be plotted as numbers, cast to the appropriate data type before plotting.
2026-05-05 17:59:02,706 - INFO - Using categorical units to plot a list of strings that are all parsable as floats or dates. If these strings should be plotted as numbers, cast to the appropriate data type before plotting.
2026-05-05 17:59:08,385 - INFO - 📈 All charts generated successfully.
