2026-04-01 17:28:47,696 - INFO - Failed to extract font properties from /usr/share/fonts/truetype/noto/NotoColorEmoji.ttf: Can not load face (unknown file format; error code 0x2)
2026-04-01 17:28:47,713 - INFO - generated new fontManager
2026-04-01 17:28:48,036 - INFO - ✅ Migration Successful!
2026-04-01 17:28:48,206 - INFO - No new games found.
2026-04-01 17:28:48,808 - INFO - 🔍 Found 585 games needing metadata. Starting IGDB + Steam + CheapShark enrichment...
2026-04-01 17:28:48,904 - INFO - 📅 Fetching Basic Metadata: LEGO Batman Trilogy
2026-04-01 17:28:49,363 - INFO - 🎯 IGDB Match: 'LEGO Batman Trilogy' (100%)
2026-04-01 17:28:49,391 - INFO - 📅 Fetching Basic Metadata: Antstream
2026-04-01 17:28:49,579 - INFO - 📅 Fetching Basic Metadata: The Drone Racing League Simulator
2026-04-01 17:28:49,913 - INFO - 🎯 IGDB Match: 'The Drone Racing League Simulator' (100%)
2026-04-01 17:28:49,921 - INFO - 📅 Fetching Basic Metadata: Dark Deity
2026-04-01 17:28:50,091 - INFO - 🎯 IGDB Match: 'Dark Deity' (100%)
2026-04-01 17:28:50,097 - INFO - 📅 Fetching Basic Metadata: RPG in a Box
2026-04-01 17:28:50,329 - INFO - 🎯 IGDB Match: 'RPG in a Box' (100%)
2026-04-01 17:28:50,336 - INFO - 📅 Fetching Basic Metadata: Fallout Classic Collection
2026-04-01 17:28:50,582 - INFO - 🎯 IGDB Match: 'Fallout Classic Collection' (100%)
2026-04-01 17:28:50,591 - INFO - 📅 Fetching Basic Metadata: Recipe for Disaster
2026-04-01 17:28:50,730 - INFO - 🎯 IGDB Match: 'Recipe for Disaster' (100%)
2026-04-01 17:28:50,737 - INFO - 📅 Fetching Basic Metadata: World of Warships — Starter Pack: Ishizuchi
2026-04-01 17:28:51,025 - INFO - 🎯 IGDB Match: 'World of Warships: Starter Pack - Ishizuchi' (98%)
2026-04-01 17:28:51,032 - INFO - 📅 Fetching Basic Metadata: Poker Club
2026-04-01 17:28:51,234 - INFO - 🎯 IGDB Match: 'Poker Club' (100%)
2026-04-01 17:28:51,240 - INFO - 📅 Fetching Basic Metadata: The Sims 4 The Daring Lifestyle Bundle
2026-04-01 17:28:51,530 - INFO - 🎯 IGDB Match: 'The Sims 4: The Daring Lifestyle Bundle' (99%)
2026-04-01 17:28:51,539 - INFO - 📅 Fetching Basic Metadata: Dodo Peak
2026-04-01 17:28:51,661 - INFO - 🎯 IGDB Match: 'Dodo Peak' (100%)
2026-04-01 17:28:51,668 - INFO - 📅 Fetching Basic Metadata: Spelldrifter
2026-04-01 17:28:52,067 - INFO - 🎯 IGDB Match: 'Spelldrifter' (100%)
2026-04-01 17:28:52,074 - INFO - 📅 Fetching Basic Metadata: Model Builder
2026-04-01 17:28:52,310 - INFO - 🎯 IGDB Match: 'Model Builder' (100%)
2026-04-01 17:28:52,316 - INFO - 📅 Fetching Basic Metadata: Godlike Burger
2026-04-01 17:28:52,586 - INFO - 🎯 IGDB Match: 'Godlike Burger' (100%)
2026-04-01 17:28:52,592 - INFO - 📅 Fetching Basic Metadata: Q.U.B.E. Ultimate Bundle
2026-04-01 17:28:52,827 - INFO - 🎯 IGDB Match: 'Q.U.B.E. Ultimate Bundle' (100%)
2026-04-01 17:28:52,834 - INFO - 📅 Fetching Basic Metadata: Jitsu Squad
2026-04-01 17:28:52,958 - INFO - 🎯 IGDB Match: 'Jitsu Squad' (100%)
2026-04-01 17:28:52,964 - INFO - 📅 Fetching Basic Metadata: Mighty Fight Federation
2026-04-01 17:28:53,292 - INFO - 🎯 IGDB Match: 'Mighty Fight Federation' (100%)
2026-04-01 17:28:53,302 - INFO - 📅 Fetching Basic Metadata: LOVE
2026-04-01 17:28:53,571 - INFO - 🎯 IGDB Match: 'Love Love Love' (90%)
2026-04-01 17:28:53,578 - INFO - 📅 Fetching Basic Metadata: Call of The Wild: The Angler
2026-04-01 17:28:53,704 - INFO - 🎯 IGDB Match: 'Call of the Wild: The Angler' (100%)
2026-04-01 17:28:53,713 - INFO - 📅 Fetching Basic Metadata: The Falconeer
2026-04-01 17:28:53,841 - INFO - 🎯 IGDB Match: 'The Falconeer: The Hunter' (90%)
2026-04-01 17:28:53,848 - INFO - 📅 Fetching Basic Metadata: Rawmen: Food Fighter Arena
2026-04-01 17:28:54,009 - INFO - 🎯 IGDB Match: 'Rawmen' (90%)
2026-04-01 17:28:54,015 - INFO - 📅 Fetching Basic Metadata: World of Warships – Starter Pack: Albany
2026-04-01 17:28:54,194 - INFO - 📅 Fetching Basic Metadata: Fallout Classic Edition
2026-04-01 17:28:54,474 - INFO - 📅 Fetching Basic Metadata: Outliver: Tribulation
2026-04-01 17:28:54,686 - INFO - 🎯 IGDB Match: 'Outliver: Tribulation' (100%)
2026-04-01 17:28:54,693 - INFO - 📅 Fetching Basic Metadata: Bus Simulator 21 Next Stop
2026-04-01 17:28:54,820 - INFO - 🎯 IGDB Match: 'Bus Simulator 21: Next Stop' (98%)
2026-04-01 17:28:54,828 - INFO - 📅 Fetching Basic Metadata: Turmoil
2026-04-01 17:28:55,095 - INFO - 🎯 IGDB Match: 'Turmoil' (100%)
2026-04-01 17:28:55,103 - INFO - 📅 Fetching Basic Metadata: World War Z Aftermath
2026-04-01 17:28:55,240 - INFO - 🎯 IGDB Match: 'World War Z: Aftermath' (98%)
2026-04-01 17:28:55,247 - INFO - 📅 Fetching Basic Metadata: World Of Warships – Anniversary Party Flavor
2026-04-01 17:28:55,376 - INFO - 📅 Fetching Basic Metadata: Neko Ghost, Jump!
2026-04-01 17:28:55,616 - INFO - 🎯 IGDB Match: 'Neko Ghost, Jump!' (100%)
2026-04-01 17:28:55,623 - INFO - 📅 Fetching Basic Metadata: Super Space Club
2026-04-01 17:28:55,754 - INFO - 🎯 IGDB Match: 'Super Space Club' (100%)
2026-04-01 17:28:55,761 - INFO - 📅 Fetching Basic Metadata: Touch Type Tale
2026-04-01 17:28:55,884 - INFO - 🎯 IGDB Match: 'Touch Type Tale' (100%)
2026-04-01 17:28:55,891 - INFO - 📅 Fetching Basic Metadata: Gigapocalypse
2026-04-01 17:28:56,107 - INFO - 🎯 IGDB Match: 'Gigapocalypse' (100%)
2026-04-01 17:28:56,115 - INFO - 📅 Fetching Basic Metadata: Legion TD2
2026-04-01 17:28:56,264 - INFO - 📅 Fetching Basic Metadata: Nightingale
2026-04-01 17:28:56,385 - INFO - 🎯 IGDB Match: 'Nightingale' (100%)
2026-04-01 17:28:56,393 - INFO - 📅 Fetching Basic Metadata: Godzilla Voxel Wars
2026-04-01 17:28:56,546 - INFO - 🎯 IGDB Match: 'Godzilla Voxel Wars' (100%)
2026-04-01 17:28:56,555 - INFO - 📅 Fetching Basic Metadata: Trine Classic Collection
2026-04-01 17:28:56,683 - INFO - 🎯 IGDB Match: 'Trine Classic Collection' (100%)
2026-04-01 17:28:56,690 - INFO - 📅 Fetching Basic Metadata: Poison Retro Set
2026-04-01 17:28:56,820 - INFO - 🎯 IGDB Match: 'Pixel Gun 3D: Poison Retro Set' (90%)
2026-04-01 17:28:56,827 - INFO - 📅 Fetching Basic Metadata: The Darkside Detective A Fumble in the Dark
2026-04-01 17:28:56,952 - INFO - 🎯 IGDB Match: 'The Darkside Detective: A Fumble in the Dark' (99%)
2026-04-01 17:28:56,958 - INFO - 📅 Fetching Basic Metadata: Return to Ash
2026-04-01 17:28:57,079 - INFO - 🎯 IGDB Match: 'Return to Ash' (100%)
2026-04-01 17:28:57,085 - INFO - 🏢 Publisher Search: STALCRAFT: X Starter Edition
2026-04-01 17:28:58,450 - INFO - 📅 Fetching Basic Metadata: STALCRAFT: X Starter Edition
2026-04-01 17:28:58,699 - INFO - 📅 Fetching Basic Metadata: Boxes: Lost Fragments
2026-04-01 17:28:58,821 - INFO - 🎯 IGDB Match: 'Boxes: Lost Fragments' (100%)
2026-04-01 17:28:58,827 - INFO - 📅 Fetching Basic Metadata: My Night Job
2026-04-01 17:28:59,112 - INFO - 🎯 IGDB Match: 'My Night Job' (100%)
2026-04-01 17:28:59,119 - INFO - 📅 Fetching Basic Metadata: Electrician Simulator
2026-04-01 17:28:59,250 - INFO - 🎯 IGDB Match: 'Electrician Simulator' (100%)
2026-04-01 17:28:59,257 - INFO - 🏢 Publisher Search: World of Warships — Epic Anniversary Tachibana Pack
2026-04-01 17:29:00,622 - INFO - 📅 Fetching Basic Metadata: World of Warships — Epic Anniversary Tachibana Pack
2026-04-01 17:29:00,923 - INFO - 📅 Fetching Basic Metadata: Hyper Echelon
2026-04-01 17:29:01,094 - INFO - 🎯 IGDB Match: 'Hyper Echelon' (100%)
2026-04-01 17:29:01,100 - INFO - 📅 Fetching Basic Metadata: Havendock
2026-04-01 17:29:01,343 - INFO - 🎯 IGDB Match: 'Havendock' (100%)
2026-04-01 17:29:01,353 - INFO - 
--- Starting Data Quality Checks ---
2026-04-01 17:29:01,366 - INFO - --- Data Quality Checks Complete ---

2026-04-01 17:29:01,395 - INFO - | Metric | Statistics |
| :--- | :--- |
| 💰 **Total Market Value** | **$12,739.26** |
| 📦 **Total Games Collected** | 661 |
| 🏷️ **Average Retail Price** | $22.43 per game |
| 💎 **Most Expensive Title** | Civilization 6 Platinum Edition ($79.99) |
| 👑 **MVP Publisher** | Bethesda Softworks |
| 🏢 **Value Leaders** | 2K ($579.90), Bethesda Softworks ($544.80), Paradox Interactive ($409.89) |
| 📈 **Inflation-Adjusted Value** | $14,536.50 |
| 🎈 **Inflation Bonus** | **+$1,797.24** in purchasing power |
| 🗓️ **Peak Saving Month** | 🎄 **Seasonality Peak:** December is historically the best month, offering $3,388.17 in savings. |
| ⭐ **Average Score** | 76.7/100 |
| 💳 **Subscription Equivalent** | **$170.45 / mo** |
| 🎯 **Prestige Ratio** | **2.0%** (Strategic Hype) |
| 🏎️ **Lead Time Avg** | 447 Days to Sequel |

2026-04-01 17:29:01,396 - INFO - ✅ README.md updated.
2026-04-01 17:29:01,420 - INFO - Using categorical units to plot a list of strings that are all parsable as floats or dates. If these strings should be plotted as numbers, cast to the appropriate data type before plotting.
2026-04-01 17:29:01,421 - INFO - Using categorical units to plot a list of strings that are all parsable as floats or dates. If these strings should be plotted as numbers, cast to the appropriate data type before plotting.
2026-04-01 17:29:07,047 - INFO - 📈 All charts generated successfully.
