2026-02-18 17:34:46,266 - INFO - Failed to extract font properties from /usr/share/fonts/truetype/noto/NotoColorEmoji.ttf: Can not load face (unknown file format; error code 0x2)
2026-02-18 17:34:46,345 - INFO - generated new fontManager
2026-02-18 17:34:46,746 - INFO - ✅ Migration Successful!
2026-02-18 17:34:46,935 - INFO - No new games found.
2026-02-18 17:34:47,403 - INFO - 🔍 Found 573 games needing metadata. Starting IGDB + Steam + CheapShark enrichment...
2026-02-18 17:34:47,619 - INFO - 📅 Fetching Basic Metadata: LEGO Batman Trilogy
2026-02-18 17:34:47,955 - INFO - 🎯 IGDB Match: 'LEGO Batman Trilogy' (100%)
2026-02-18 17:34:47,980 - INFO - 📅 Fetching Basic Metadata: Antstream
2026-02-18 17:34:48,232 - INFO - 📅 Fetching Basic Metadata: The Drone Racing League Simulator
2026-02-18 17:34:48,365 - INFO - 🎯 IGDB Match: 'The Drone Racing League Simulator' (100%)
2026-02-18 17:34:48,372 - INFO - 📅 Fetching Basic Metadata: Dark Deity
2026-02-18 17:34:48,498 - INFO - 🎯 IGDB Match: 'Dark Deity' (100%)
2026-02-18 17:34:48,504 - INFO - 📅 Fetching Basic Metadata: RPG in a Box
2026-02-18 17:34:48,676 - INFO - 🎯 IGDB Match: 'RPG in a Box' (100%)
2026-02-18 17:34:48,682 - INFO - 📅 Fetching Basic Metadata: Fallout Classic Collection
2026-02-18 17:34:48,893 - INFO - 🎯 IGDB Match: 'Fallout Classic Collection' (100%)
2026-02-18 17:34:48,900 - INFO - 📅 Fetching Basic Metadata: Recipe for Disaster
2026-02-18 17:34:49,067 - INFO - 🎯 IGDB Match: 'Recipe for Disaster' (100%)
2026-02-18 17:34:49,073 - INFO - 📅 Fetching Basic Metadata: World of Warships — Starter Pack: Ishizuchi
2026-02-18 17:34:49,250 - INFO - 🎯 IGDB Match: 'World of Warships: Starter Pack - Ishizuchi' (98%)
2026-02-18 17:34:49,256 - INFO - 📅 Fetching Basic Metadata: Poker Club
2026-02-18 17:34:49,386 - INFO - 🎯 IGDB Match: 'Poker Club' (100%)
2026-02-18 17:34:49,391 - INFO - 📅 Fetching Basic Metadata: The Sims 4 The Daring Lifestyle Bundle
2026-02-18 17:34:49,504 - INFO - 🎯 IGDB Match: 'The Sims 4: The Daring Lifestyle Bundle' (99%)
2026-02-18 17:34:49,512 - INFO - 📅 Fetching Basic Metadata: Dodo Peak
2026-02-18 17:34:49,621 - INFO - 🎯 IGDB Match: 'Dodo Peak' (100%)
2026-02-18 17:34:49,627 - INFO - 📅 Fetching Basic Metadata: Spelldrifter
2026-02-18 17:34:49,729 - INFO - 🎯 IGDB Match: 'Spelldrifter' (100%)
2026-02-18 17:34:49,735 - INFO - 📅 Fetching Basic Metadata: Model Builder
2026-02-18 17:34:49,881 - INFO - 🎯 IGDB Match: 'Model Builder' (100%)
2026-02-18 17:34:49,887 - INFO - 📅 Fetching Basic Metadata: Godlike Burger
2026-02-18 17:34:49,981 - INFO - 🎯 IGDB Match: 'Godlike Burger' (100%)
2026-02-18 17:34:49,986 - INFO - 📅 Fetching Basic Metadata: Q.U.B.E. Ultimate Bundle
2026-02-18 17:34:50,080 - INFO - 🎯 IGDB Match: 'Q.U.B.E. Ultimate Bundle' (100%)
2026-02-18 17:34:50,087 - INFO - 📅 Fetching Basic Metadata: Jitsu Squad
2026-02-18 17:34:50,184 - INFO - 🎯 IGDB Match: 'Jitsu Squad' (100%)
2026-02-18 17:34:50,189 - INFO - 📅 Fetching Basic Metadata: Mighty Fight Federation
2026-02-18 17:34:50,290 - INFO - 🎯 IGDB Match: 'Mighty Fight Federation' (100%)
2026-02-18 17:34:50,299 - INFO - 📅 Fetching Basic Metadata: LOVE
2026-02-18 17:34:50,527 - INFO - 🎯 IGDB Match: 'Love Love Love' (90%)
2026-02-18 17:34:50,534 - INFO - 📅 Fetching Basic Metadata: Call of The Wild: The Angler
2026-02-18 17:34:50,674 - INFO - 🎯 IGDB Match: 'Call of the Wild: The Angler' (100%)
2026-02-18 17:34:50,682 - INFO - 📅 Fetching Basic Metadata: The Falconeer
2026-02-18 17:34:50,782 - INFO - 🎯 IGDB Match: 'The Falconeer: The Hunter' (90%)
2026-02-18 17:34:50,788 - INFO - 📅 Fetching Basic Metadata: Rawmen: Food Fighter Arena
2026-02-18 17:34:50,893 - INFO - 🎯 IGDB Match: 'Rawmen' (90%)
2026-02-18 17:34:50,898 - INFO - 📅 Fetching Basic Metadata: World of Warships – Starter Pack: Albany
2026-02-18 17:34:51,003 - INFO - 📅 Fetching Basic Metadata: Fallout Classic Edition
2026-02-18 17:34:51,108 - INFO - 📅 Fetching Basic Metadata: Outliver: Tribulation
2026-02-18 17:34:51,340 - INFO - 🎯 IGDB Match: 'Outliver: Tribulation' (100%)
2026-02-18 17:34:51,346 - INFO - 📅 Fetching Basic Metadata: Bus Simulator 21 Next Stop
2026-02-18 17:34:51,442 - INFO - 🎯 IGDB Match: 'Bus Simulator 21: Next Stop' (98%)
2026-02-18 17:34:51,450 - INFO - 📅 Fetching Basic Metadata: Turmoil
2026-02-18 17:34:51,558 - INFO - 🎯 IGDB Match: 'Turmoil' (100%)
2026-02-18 17:34:51,565 - INFO - 📅 Fetching Basic Metadata: World War Z Aftermath
2026-02-18 17:34:51,661 - INFO - 🎯 IGDB Match: 'World War Z: Aftermath' (98%)
2026-02-18 17:34:51,667 - INFO - 📅 Fetching Basic Metadata: World Of Warships – Anniversary Party Flavor
2026-02-18 17:34:51,773 - INFO - 📅 Fetching Basic Metadata: Neko Ghost, Jump!
2026-02-18 17:34:51,856 - WARNING - IGDB Error for Neko Ghost, Jump!: string indices must be integers, not 'str'
2026-02-18 17:34:51,862 - INFO - 📅 Fetching Basic Metadata: Super Space Club
2026-02-18 17:34:51,943 - WARNING - IGDB Error for Super Space Club: string indices must be integers, not 'str'
2026-02-18 17:34:51,948 - INFO - 📅 Fetching Basic Metadata: Touch Type Tale
2026-02-18 17:34:52,034 - WARNING - IGDB Error for Touch Type Tale: string indices must be integers, not 'str'
2026-02-18 17:34:52,040 - INFO - 📅 Fetching Basic Metadata: Gigapocalypse
2026-02-18 17:34:52,122 - WARNING - IGDB Error for Gigapocalypse: string indices must be integers, not 'str'
2026-02-18 17:34:52,129 - INFO - 📅 Fetching Basic Metadata: Legion TD2
2026-02-18 17:34:52,211 - WARNING - IGDB Error for Legion TD2: string indices must be integers, not 'str'
2026-02-18 17:34:52,219 - INFO - 📅 Fetching Basic Metadata: Nightingale
2026-02-18 17:34:52,303 - WARNING - IGDB Error for Nightingale: string indices must be integers, not 'str'
2026-02-18 17:34:52,311 - INFO - 📅 Fetching Basic Metadata: Godzilla Voxel Wars
2026-02-18 17:34:52,392 - WARNING - IGDB Error for Godzilla Voxel Wars: string indices must be integers, not 'str'
2026-02-18 17:34:52,400 - INFO - 📅 Fetching Basic Metadata: Trine Classic Collection
2026-02-18 17:34:52,484 - WARNING - IGDB Error for Trine Classic Collection: string indices must be integers, not 'str'
2026-02-18 17:34:52,491 - INFO - 📅 Fetching Basic Metadata: Poison Retro Set
2026-02-18 17:34:52,577 - WARNING - IGDB Error for Poison Retro Set: string indices must be integers, not 'str'
2026-02-18 17:34:52,582 - INFO - 📅 Fetching Basic Metadata: The Darkside Detective A Fumble in the Dark
2026-02-18 17:34:52,666 - WARNING - IGDB Error for The Darkside Detective A Fumble in the Dark: string indices must be integers, not 'str'
2026-02-18 17:34:52,675 - INFO - 
--- Starting Data Quality Checks ---
2026-02-18 17:34:52,687 - INFO - --- Data Quality Checks Complete ---

2026-02-18 17:34:52,713 - INFO - | Metric | Statistics |
| :--- | :--- |
| 💰 **Total Market Value** | **$12,547.36** |
| 📦 **Total Games Collected** | 649 |
| 🏷️ **Average Retail Price** | $22.53 per game |
| 💎 **Most Expensive Title** | Civilization 6 Platinum Edition ($79.99) |
| 👑 **MVP Publisher** | Bethesda Softworks |
| 🏢 **Value Leaders** | 2K ($579.90), Bethesda Softworks ($544.80), Paradox Interactive ($409.89) |
| 📈 **Inflation-Adjusted Value** | $14,344.60 |
| 🎈 **Inflation Bonus** | **+$1,797.24** in purchasing power |
| 🗓️ **Peak Saving Month** | 🎄 **Seasonality Peak:** December is historically the best month, offering $3,388.17 in savings. |
| ⭐ **Average Score** | 76.7/100 |
| 💳 **Subscription Equivalent** | **$170.06 / mo** |
| 🎯 **Prestige Ratio** | **2.0%** (Strategic Hype) |
| 🏎️ **Lead Time Avg** | 447 Days to Sequel |

2026-02-18 17:34:52,713 - INFO - ✅ README.md updated.
2026-02-18 17:34:52,736 - INFO - Using categorical units to plot a list of strings that are all parsable as floats or dates. If these strings should be plotted as numbers, cast to the appropriate data type before plotting.
2026-02-18 17:34:52,737 - INFO - Using categorical units to plot a list of strings that are all parsable as floats or dates. If these strings should be plotted as numbers, cast to the appropriate data type before plotting.
2026-02-18 17:34:58,059 - INFO - 📈 All charts generated successfully.
