2026-04-11 17:04:05,099 - INFO - Failed to extract font properties from /usr/share/fonts/truetype/noto/NotoColorEmoji.ttf: Can not load face (unknown file format; error code 0x2)
2026-04-11 17:04:05,809 - INFO - generated new fontManager
2026-04-11 17:04:06,246 - INFO - ✅ Migration Successful!
2026-04-11 17:04:06,769 - INFO - No new games found.
2026-04-11 17:04:07,107 - INFO - 🔍 Found 588 games needing metadata. Starting IGDB + Steam + CheapShark enrichment...
2026-04-11 17:04:07,288 - INFO - 📅 Fetching Basic Metadata: LEGO Batman Trilogy
2026-04-11 17:04:07,514 - INFO - 🎯 IGDB Match: 'LEGO Batman Trilogy' (100%)
2026-04-11 17:04:07,541 - INFO - 📅 Fetching Basic Metadata: Antstream
2026-04-11 17:04:07,665 - INFO - 📅 Fetching Basic Metadata: The Drone Racing League Simulator
2026-04-11 17:04:07,764 - INFO - 🎯 IGDB Match: 'The Drone Racing League Simulator' (100%)
2026-04-11 17:04:07,771 - INFO - 📅 Fetching Basic Metadata: Dark Deity
2026-04-11 17:04:07,880 - INFO - 🎯 IGDB Match: 'Dark Deity' (100%)
2026-04-11 17:04:07,886 - INFO - 📅 Fetching Basic Metadata: RPG in a Box
2026-04-11 17:04:07,993 - INFO - 🎯 IGDB Match: 'RPG in a Box' (100%)
2026-04-11 17:04:08,000 - INFO - 📅 Fetching Basic Metadata: Fallout Classic Collection
2026-04-11 17:04:08,153 - INFO - 🎯 IGDB Match: 'Fallout Classic Collection' (100%)
2026-04-11 17:04:08,161 - INFO - 📅 Fetching Basic Metadata: Recipe for Disaster
2026-04-11 17:04:08,323 - INFO - 🎯 IGDB Match: 'Recipe For Disaster' (100%)
2026-04-11 17:04:08,329 - INFO - 📅 Fetching Basic Metadata: World of Warships — Starter Pack: Ishizuchi
2026-04-11 17:04:08,473 - INFO - 🎯 IGDB Match: 'World of Warships: Starter Pack - Ishizuchi' (98%)
2026-04-11 17:04:08,480 - INFO - 📅 Fetching Basic Metadata: Poker Club
2026-04-11 17:04:08,607 - INFO - 🎯 IGDB Match: 'Poker Club' (100%)
2026-04-11 17:04:08,613 - INFO - 📅 Fetching Basic Metadata: The Sims 4 The Daring Lifestyle Bundle
2026-04-11 17:04:08,691 - INFO - 🎯 IGDB Match: 'The Sims 4: The Daring Lifestyle Bundle' (99%)
2026-04-11 17:04:08,699 - INFO - 📅 Fetching Basic Metadata: Dodo Peak
2026-04-11 17:04:08,805 - INFO - 🎯 IGDB Match: 'Dodo Peak' (100%)
2026-04-11 17:04:08,811 - INFO - 📅 Fetching Basic Metadata: Spelldrifter
2026-04-11 17:04:08,882 - INFO - 🎯 IGDB Match: 'Spelldrifter' (100%)
2026-04-11 17:04:08,888 - INFO - 📅 Fetching Basic Metadata: Model Builder
2026-04-11 17:04:08,966 - INFO - 🎯 IGDB Match: 'Model Builder' (100%)
2026-04-11 17:04:08,972 - INFO - 📅 Fetching Basic Metadata: Godlike Burger
2026-04-11 17:04:09,053 - INFO - 🎯 IGDB Match: 'Godlike Burger' (100%)
2026-04-11 17:04:09,059 - INFO - 📅 Fetching Basic Metadata: Q.U.B.E. Ultimate Bundle
2026-04-11 17:04:09,137 - INFO - 🎯 IGDB Match: 'Q.U.B.E. Ultimate Bundle' (100%)
2026-04-11 17:04:09,144 - INFO - 📅 Fetching Basic Metadata: Jitsu Squad
2026-04-11 17:04:09,237 - INFO - 🎯 IGDB Match: 'Jitsu Squad' (100%)
2026-04-11 17:04:09,243 - INFO - 📅 Fetching Basic Metadata: Mighty Fight Federation
2026-04-11 17:04:09,319 - INFO - 🎯 IGDB Match: 'Mighty Fight Federation' (100%)
2026-04-11 17:04:09,329 - INFO - 📅 Fetching Basic Metadata: LOVE
2026-04-11 17:04:09,470 - INFO - 🎯 IGDB Match: 'Love Love Love' (90%)
2026-04-11 17:04:09,478 - INFO - 📅 Fetching Basic Metadata: Call of The Wild: The Angler
2026-04-11 17:04:09,583 - INFO - 🎯 IGDB Match: 'Call of the Wild: The Angler' (100%)
2026-04-11 17:04:09,592 - INFO - 📅 Fetching Basic Metadata: The Falconeer
2026-04-11 17:04:09,694 - INFO - 🎯 IGDB Match: 'The Falconeer: The Hunter' (90%)
2026-04-11 17:04:09,700 - INFO - 📅 Fetching Basic Metadata: Rawmen: Food Fighter Arena
2026-04-11 17:04:09,780 - WARNING - IGDB Error for Rawmen: Food Fighter Arena: string indices must be integers, not 'str'
2026-04-11 17:04:09,787 - INFO - 📅 Fetching Basic Metadata: World of Warships – Starter Pack: Albany
2026-04-11 17:04:09,845 - WARNING - IGDB Error for World of Warships – Starter Pack: Albany: string indices must be integers, not 'str'
2026-04-11 17:04:09,852 - INFO - 📅 Fetching Basic Metadata: Fallout Classic Edition
2026-04-11 17:04:09,968 - INFO - 📅 Fetching Basic Metadata: Outliver: Tribulation
2026-04-11 17:04:10,051 - WARNING - IGDB Error for Outliver: Tribulation: string indices must be integers, not 'str'
2026-04-11 17:04:10,058 - INFO - 📅 Fetching Basic Metadata: Bus Simulator 21 Next Stop
2026-04-11 17:04:10,116 - WARNING - IGDB Error for Bus Simulator 21 Next Stop: string indices must be integers, not 'str'
2026-04-11 17:04:10,124 - INFO - 📅 Fetching Basic Metadata: Turmoil
2026-04-11 17:04:10,183 - WARNING - IGDB Error for Turmoil: string indices must be integers, not 'str'
2026-04-11 17:04:10,190 - INFO - 📅 Fetching Basic Metadata: World War Z Aftermath
2026-04-11 17:04:10,255 - WARNING - IGDB Error for World War Z Aftermath: string indices must be integers, not 'str'
2026-04-11 17:04:10,261 - INFO - 📅 Fetching Basic Metadata: World Of Warships – Anniversary Party Flavor
2026-04-11 17:04:10,319 - WARNING - IGDB Error for World Of Warships – Anniversary Party Flavor: string indices must be integers, not 'str'
2026-04-11 17:04:10,325 - INFO - 📅 Fetching Basic Metadata: Neko Ghost, Jump!
2026-04-11 17:04:10,382 - WARNING - IGDB Error for Neko Ghost, Jump!: string indices must be integers, not 'str'
2026-04-11 17:04:10,389 - INFO - 📅 Fetching Basic Metadata: Super Space Club
2026-04-11 17:04:10,448 - WARNING - IGDB Error for Super Space Club: string indices must be integers, not 'str'
2026-04-11 17:04:10,455 - INFO - 📅 Fetching Basic Metadata: Touch Type Tale
2026-04-11 17:04:10,510 - WARNING - IGDB Error for Touch Type Tale: string indices must be integers, not 'str'
2026-04-11 17:04:10,516 - INFO - 📅 Fetching Basic Metadata: Gigapocalypse
2026-04-11 17:04:10,574 - WARNING - IGDB Error for Gigapocalypse: string indices must be integers, not 'str'
2026-04-11 17:04:10,582 - INFO - 📅 Fetching Basic Metadata: Legion TD2
2026-04-11 17:04:10,643 - WARNING - IGDB Error for Legion TD2: string indices must be integers, not 'str'
2026-04-11 17:04:10,651 - INFO - 📅 Fetching Basic Metadata: Nightingale
2026-04-11 17:04:10,717 - WARNING - IGDB Error for Nightingale: string indices must be integers, not 'str'
2026-04-11 17:04:10,724 - INFO - 📅 Fetching Basic Metadata: Godzilla Voxel Wars
2026-04-11 17:04:10,781 - WARNING - IGDB Error for Godzilla Voxel Wars: string indices must be integers, not 'str'
2026-04-11 17:04:10,789 - INFO - 📅 Fetching Basic Metadata: Trine Classic Collection
2026-04-11 17:04:10,849 - WARNING - IGDB Error for Trine Classic Collection: string indices must be integers, not 'str'
2026-04-11 17:04:10,856 - INFO - 📅 Fetching Basic Metadata: Poison Retro Set
2026-04-11 17:04:10,912 - WARNING - IGDB Error for Poison Retro Set: string indices must be integers, not 'str'
2026-04-11 17:04:10,918 - INFO - 📅 Fetching Basic Metadata: The Darkside Detective A Fumble in the Dark
2026-04-11 17:04:10,974 - WARNING - IGDB Error for The Darkside Detective A Fumble in the Dark: string indices must be integers, not 'str'
2026-04-11 17:04:10,980 - INFO - 📅 Fetching Basic Metadata: Return to Ash
2026-04-11 17:04:11,037 - WARNING - IGDB Error for Return to Ash: string indices must be integers, not 'str'
2026-04-11 17:04:11,043 - INFO - 🏢 Publisher Search: STALCRAFT: X Starter Edition
2026-04-11 17:04:12,373 - INFO - 📅 Fetching Basic Metadata: STALCRAFT: X Starter Edition
2026-04-11 17:04:12,451 - INFO - 📅 Fetching Basic Metadata: Boxes: Lost Fragments
2026-04-11 17:04:12,528 - INFO - 🎯 IGDB Match: 'Boxes: Lost Fragments' (100%)
2026-04-11 17:04:12,534 - INFO - 📅 Fetching Basic Metadata: My Night Job
2026-04-11 17:04:12,605 - INFO - 🎯 IGDB Match: 'My Night Job' (100%)
2026-04-11 17:04:12,612 - INFO - 📅 Fetching Basic Metadata: Electrician Simulator
2026-04-11 17:04:12,683 - INFO - 🎯 IGDB Match: 'Electrician Simulator' (100%)
2026-04-11 17:04:12,688 - INFO - 🏢 Publisher Search: World of Warships — Epic Anniversary Tachibana Pack
2026-04-11 17:04:14,018 - INFO - 📅 Fetching Basic Metadata: World of Warships — Epic Anniversary Tachibana Pack
2026-04-11 17:04:14,098 - INFO - 📅 Fetching Basic Metadata: Hyper Echelon
2026-04-11 17:04:14,167 - INFO - 🎯 IGDB Match: 'Hyper Echelon' (100%)
2026-04-11 17:04:14,172 - INFO - 📅 Fetching Basic Metadata: Havendock
2026-04-11 17:04:14,242 - INFO - 🎯 IGDB Match: 'Havendock' (100%)
2026-04-11 17:04:14,248 - INFO - 📅 Fetching Basic Metadata: Clone Drone in the Danger Zone
2026-04-11 17:04:14,320 - INFO - 🎯 IGDB Match: 'Clone Drone in the Danger Zone' (100%)
2026-04-11 17:04:14,326 - INFO - 🏢 Publisher Search: TOMAK: Save the Earth Regeneration
2026-04-11 17:04:15,671 - INFO - 📅 Fetching Basic Metadata: TOMAK: Save the Earth Regeneration
2026-04-11 17:04:15,763 - INFO - 🎯 IGDB Match: 'Tomak: Save the Earth Regeneration' (100%)
2026-04-11 17:04:15,769 - INFO - 📅 Fetching Basic Metadata: Prop Sumo
2026-04-11 17:04:15,836 - INFO - 🎯 IGDB Match: 'Prop Sumo' (100%)
2026-04-11 17:04:15,847 - INFO - 
--- Starting Data Quality Checks ---
2026-04-11 17:04:15,860 - INFO - --- Data Quality Checks Complete ---

2026-04-11 17:04:15,889 - INFO - | Metric | Statistics |
| :--- | :--- |
| 💰 **Total Market Value** | **$12,778.23** |
| 📦 **Total Games Collected** | 664 |
| 🏷️ **Average Retail Price** | $22.39 per game |
| 💎 **Most Expensive Title** | Civilization 6 Platinum Edition ($79.99) |
| 👑 **MVP Publisher** | Bethesda Softworks |
| 🏢 **Value Leaders** | 2K ($579.90), Bethesda Softworks ($544.80), Paradox Interactive ($409.89) |
| 📈 **Inflation-Adjusted Value** | $14,575.47 |
| 🎈 **Inflation Bonus** | **+$1,797.24** in purchasing power |
| 🗓️ **Peak Saving Month** | 🎄 **Seasonality Peak:** December is historically the best month, offering $3,388.17 in savings. |
| ⭐ **Average Score** | 76.7/100 |
| 💳 **Subscription Equivalent** | **$168.95 / mo** |
| 🎯 **Prestige Ratio** | **2.0%** (Strategic Hype) |
| 🏎️ **Lead Time Avg** | 447 Days to Sequel |

2026-04-11 17:04:15,889 - INFO - ✅ README.md updated.
2026-04-11 17:04:15,914 - INFO - Using categorical units to plot a list of strings that are all parsable as floats or dates. If these strings should be plotted as numbers, cast to the appropriate data type before plotting.
2026-04-11 17:04:15,915 - INFO - Using categorical units to plot a list of strings that are all parsable as floats or dates. If these strings should be plotted as numbers, cast to the appropriate data type before plotting.
2026-04-11 17:04:21,507 - INFO - 📈 All charts generated successfully.
