2026-06-17 18:41:22,363 - INFO - Failed to extract font properties from /usr/share/fonts/truetype/noto/NotoColorEmoji.ttf: Non-scalable fonts are not supported
2026-06-17 18:41:25,390 - INFO - generated new fontManager
2026-06-17 18:41:25,934 - INFO - ✅ Migration Successful!
2026-06-17 18:41:26,032 - INFO - No new games found.
2026-06-17 18:41:26,631 - INFO - 🔍 Found 604 games needing metadata. Starting IGDB + Steam + CheapShark enrichment...
2026-06-17 18:41:26,955 - INFO - 📅 Fetching Basic Metadata: LEGO Batman Trilogy
2026-06-17 18:41:27,288 - INFO - 🎯 IGDB Match: 'LEGO Batman Trilogy' (100%)
2026-06-17 18:41:27,311 - INFO - 📅 Fetching Basic Metadata: Antstream
2026-06-17 18:41:27,528 - INFO - 📅 Fetching Basic Metadata: The Drone Racing League Simulator
2026-06-17 18:41:27,727 - INFO - 🎯 IGDB Match: 'The Drone Racing League Simulator' (100%)
2026-06-17 18:41:27,734 - INFO - 📅 Fetching Basic Metadata: Dark Deity
2026-06-17 18:41:27,892 - INFO - 🎯 IGDB Match: 'Dark Deity' (100%)
2026-06-17 18:41:27,898 - INFO - 📅 Fetching Basic Metadata: RPG in a Box
2026-06-17 18:41:28,023 - INFO - 🎯 IGDB Match: 'RPG in a Box' (100%)
2026-06-17 18:41:28,030 - INFO - 📅 Fetching Basic Metadata: Fallout Classic Collection
2026-06-17 18:41:28,304 - INFO - 🎯 IGDB Match: 'Fallout Classic Collection' (100%)
2026-06-17 18:41:28,313 - INFO - 📅 Fetching Basic Metadata: Recipe for Disaster
2026-06-17 18:41:28,592 - INFO - 🎯 IGDB Match: 'Recipe For Disaster' (100%)
2026-06-17 18:41:28,599 - INFO - 📅 Fetching Basic Metadata: World of Warships — Starter Pack: Ishizuchi
2026-06-17 18:41:28,813 - INFO - 🎯 IGDB Match: 'World of Warships: Starter Pack - Ishizuchi' (98%)
2026-06-17 18:41:28,820 - INFO - 📅 Fetching Basic Metadata: Poker Club
2026-06-17 18:41:29,100 - INFO - 🎯 IGDB Match: 'Poker Club' (100%)
2026-06-17 18:41:29,106 - INFO - 📅 Fetching Basic Metadata: The Sims 4 The Daring Lifestyle Bundle
2026-06-17 18:41:29,294 - INFO - 🎯 IGDB Match: 'The Sims 4: The Daring Lifestyle Bundle' (99%)
2026-06-17 18:41:29,302 - INFO - 📅 Fetching Basic Metadata: Dodo Peak
2026-06-17 18:41:29,566 - INFO - 🎯 IGDB Match: 'Dodo Peak' (100%)
2026-06-17 18:41:29,573 - INFO - 📅 Fetching Basic Metadata: Spelldrifter
2026-06-17 18:41:29,877 - INFO - 🎯 IGDB Match: 'Spelldrifter' (100%)
2026-06-17 18:41:29,884 - INFO - 📅 Fetching Basic Metadata: Model Builder
2026-06-17 18:41:30,139 - INFO - 🎯 IGDB Match: 'Model Builder' (100%)
2026-06-17 18:41:30,145 - INFO - 📅 Fetching Basic Metadata: Godlike Burger
2026-06-17 18:41:30,263 - INFO - 🎯 IGDB Match: 'Godlike Burger' (100%)
2026-06-17 18:41:30,269 - INFO - 📅 Fetching Basic Metadata: Q.U.B.E. Ultimate Bundle
2026-06-17 18:41:30,379 - INFO - 🎯 IGDB Match: 'Q.U.B.E. Ultimate Bundle' (100%)
2026-06-17 18:41:30,387 - INFO - 📅 Fetching Basic Metadata: Jitsu Squad
2026-06-17 18:41:30,645 - INFO - 🎯 IGDB Match: 'Jitsu Squad' (100%)
2026-06-17 18:41:30,652 - INFO - 📅 Fetching Basic Metadata: Mighty Fight Federation
2026-06-17 18:41:30,800 - INFO - 🎯 IGDB Match: 'Mighty Fight Federation' (100%)
2026-06-17 18:41:30,810 - INFO - 📅 Fetching Basic Metadata: LOVE
2026-06-17 18:41:31,115 - INFO - 🎯 IGDB Match: 'Love Love Love' (90%)
2026-06-17 18:41:31,123 - INFO - 📅 Fetching Basic Metadata: Call of The Wild: The Angler
2026-06-17 18:41:31,289 - INFO - 🎯 IGDB Match: 'Call of the Wild: The Angler' (100%)
2026-06-17 18:41:31,297 - INFO - 📅 Fetching Basic Metadata: The Falconeer
2026-06-17 18:41:31,421 - INFO - 🎯 IGDB Match: 'The Falconeer: The Hunter' (90%)
2026-06-17 18:41:31,429 - INFO - 📅 Fetching Basic Metadata: Rawmen: Food Fighter Arena
2026-06-17 18:41:31,659 - INFO - 🎯 IGDB Match: 'Rawmen' (90%)
2026-06-17 18:41:31,666 - INFO - 📅 Fetching Basic Metadata: World of Warships – Starter Pack: Albany
2026-06-17 18:41:31,881 - INFO - 📅 Fetching Basic Metadata: Fallout Classic Edition
2026-06-17 18:41:32,001 - INFO - 📅 Fetching Basic Metadata: Outliver: Tribulation
2026-06-17 18:41:32,182 - INFO - 🎯 IGDB Match: 'Outliver: Tribulation' (100%)
2026-06-17 18:41:32,190 - INFO - 📅 Fetching Basic Metadata: Bus Simulator 21 Next Stop
2026-06-17 18:41:32,627 - INFO - 🎯 IGDB Match: 'Bus Simulator 21: Next Stop' (98%)
2026-06-17 18:41:32,636 - INFO - 📅 Fetching Basic Metadata: Turmoil
2026-06-17 18:41:32,862 - INFO - 🎯 IGDB Match: 'Turmoil' (100%)
2026-06-17 18:41:32,870 - INFO - 📅 Fetching Basic Metadata: World War Z Aftermath
2026-06-17 18:41:33,140 - INFO - 🎯 IGDB Match: 'World War Z: Aftermath' (98%)
2026-06-17 18:41:33,147 - INFO - 📅 Fetching Basic Metadata: World Of Warships – Anniversary Party Flavor
2026-06-17 18:41:33,349 - INFO - 📅 Fetching Basic Metadata: Neko Ghost, Jump!
2026-06-17 18:41:33,468 - INFO - 🎯 IGDB Match: 'Neko Ghost, Jump!' (100%)
2026-06-17 18:41:33,475 - INFO - 📅 Fetching Basic Metadata: Super Space Club
2026-06-17 18:41:33,682 - INFO - 🎯 IGDB Match: 'Super Space Club' (100%)
2026-06-17 18:41:33,689 - INFO - 📅 Fetching Basic Metadata: Touch Type Tale
2026-06-17 18:41:33,935 - INFO - 🎯 IGDB Match: 'Touch Type Tale' (100%)
2026-06-17 18:41:33,942 - INFO - 📅 Fetching Basic Metadata: Gigapocalypse
2026-06-17 18:41:34,060 - INFO - 🎯 IGDB Match: 'Gigapocalypse' (100%)
2026-06-17 18:41:34,068 - INFO - 📅 Fetching Basic Metadata: Legion TD2
2026-06-17 18:41:34,191 - INFO - 📅 Fetching Basic Metadata: Nightingale
2026-06-17 18:41:34,419 - INFO - 🎯 IGDB Match: 'Nightingale' (100%)
2026-06-17 18:41:34,427 - INFO - 📅 Fetching Basic Metadata: Godzilla Voxel Wars
2026-06-17 18:41:34,699 - INFO - 🎯 IGDB Match: 'Godzilla Voxel Wars' (100%)
2026-06-17 18:41:34,707 - INFO - 📅 Fetching Basic Metadata: Trine Classic Collection
2026-06-17 18:41:34,833 - INFO - 🎯 IGDB Match: 'Trine Classic Collection' (100%)
2026-06-17 18:41:34,840 - INFO - 📅 Fetching Basic Metadata: Poison Retro Set
2026-06-17 18:41:35,181 - INFO - 🎯 IGDB Match: 'Pixel Gun 3D: Poison Retro Set' (90%)
2026-06-17 18:41:35,188 - INFO - 📅 Fetching Basic Metadata: The Darkside Detective A Fumble in the Dark
2026-06-17 18:41:35,400 - INFO - 🎯 IGDB Match: 'The Darkside Detective: A Fumble in the Dark' (99%)
2026-06-17 18:41:35,407 - INFO - 📅 Fetching Basic Metadata: Return to Ash
2026-06-17 18:41:35,527 - INFO - 🎯 IGDB Match: 'Return to Ash' (100%)
2026-06-17 18:41:35,533 - INFO - 🏢 Publisher Search: STALCRAFT: X Starter Edition
2026-06-17 18:41:36,924 - INFO - 📅 Fetching Basic Metadata: STALCRAFT: X Starter Edition
2026-06-17 18:41:37,052 - INFO - 📅 Fetching Basic Metadata: Boxes: Lost Fragments
2026-06-17 18:41:37,172 - INFO - 🎯 IGDB Match: 'Boxes: Lost Fragments' (100%)
2026-06-17 18:41:37,179 - INFO - 📅 Fetching Basic Metadata: My Night Job
2026-06-17 18:41:37,409 - INFO - 🎯 IGDB Match: 'My Night Job' (100%)
2026-06-17 18:41:37,416 - INFO - 📅 Fetching Basic Metadata: Electrician Simulator
2026-06-17 18:41:37,673 - INFO - 🎯 IGDB Match: 'Electrician Simulator' (100%)
2026-06-17 18:41:37,680 - INFO - 🏢 Publisher Search: World of Warships — Epic Anniversary Tachibana Pack
2026-06-17 18:41:39,026 - INFO - 📅 Fetching Basic Metadata: World of Warships — Epic Anniversary Tachibana Pack
2026-06-17 18:41:39,157 - INFO - 📅 Fetching Basic Metadata: Hyper Echelon
2026-06-17 18:41:39,269 - INFO - 🎯 IGDB Match: 'Hyper Echelon' (100%)
2026-06-17 18:41:39,276 - INFO - 📅 Fetching Basic Metadata: Havendock
2026-06-17 18:41:39,380 - INFO - 🎯 IGDB Match: 'Havendock' (100%)
2026-06-17 18:41:39,387 - INFO - 📅 Fetching Basic Metadata: Clone Drone in the Danger Zone
2026-06-17 18:41:39,624 - INFO - 🎯 IGDB Match: 'Clone Drone in the Danger Zone' (100%)
2026-06-17 18:41:39,631 - INFO - 🏢 Publisher Search: TOMAK: Save the Earth Regeneration
2026-06-17 18:41:40,980 - INFO - 📅 Fetching Basic Metadata: TOMAK: Save the Earth Regeneration
2026-06-17 18:41:41,141 - INFO - 🎯 IGDB Match: 'Tomak: Save the Earth Regeneration' (100%)
2026-06-17 18:41:41,148 - INFO - 📅 Fetching Basic Metadata: Prop Sumo
2026-06-17 18:41:41,397 - INFO - 🎯 IGDB Match: 'Prop Sumo' (100%)
2026-06-17 18:41:41,404 - INFO - 📅 Fetching Basic Metadata: The Stone of Madness
2026-06-17 18:41:41,514 - INFO - 🎯 IGDB Match: 'The Stone of Madness' (100%)
2026-06-17 18:41:41,521 - INFO - 📅 Fetching Basic Metadata: Firestone Online Idle RPG
2026-06-17 18:41:41,757 - INFO - 🎯 IGDB Match: 'Firestone: Online Idle RPG' (98%)
2026-06-17 18:41:41,764 - INFO - 📅 Fetching Basic Metadata: Oddsparks: An Automation Adventure
2026-06-17 18:41:41,903 - INFO - 🎯 IGDB Match: 'Oddsparks: An Automation Adventure' (100%)
2026-06-17 18:41:41,910 - INFO - 📅 Fetching Basic Metadata: Trash Goblin
2026-06-17 18:41:42,027 - INFO - 🎯 IGDB Match: 'Trash Goblin' (100%)
2026-06-17 18:41:42,034 - INFO - 🏢 Publisher Search: The Telltale Batman Shadows Edition
2026-06-17 18:41:43,356 - INFO - 📅 Fetching Basic Metadata: The Telltale Batman Shadows Edition
2026-06-17 18:41:43,698 - INFO - 🎯 IGDB Match: 'Telltale Batman Shadows Edition' (95%)
2026-06-17 18:41:43,705 - INFO - 🏢 Publisher Search: Sunderfolk - Standard Edition
2026-06-17 18:41:45,069 - INFO - 📅 Fetching Basic Metadata: Sunderfolk - Standard Edition
2026-06-17 18:41:45,295 - INFO - 📅 Fetching Basic Metadata: Down in Bermuda
2026-06-17 18:41:45,545 - INFO - 🎯 IGDB Match: 'Down in Bermuda' (100%)
2026-06-17 18:41:45,552 - INFO - 📅 Fetching Basic Metadata: Tomb Raider I-III Remastered Starring Lara Croft
2026-06-17 18:41:45,701 - INFO - 📅 Fetching Basic Metadata: LONESTAR
2026-06-17 18:41:45,927 - INFO - 🎯 IGDB Match: 'LoneStar' (100%)
2026-06-17 18:41:45,936 - INFO - 📅 Fetching Basic Metadata: Calico
2026-06-17 18:41:46,067 - INFO - 🎯 IGDB Match: 'Calico' (100%)
2026-06-17 18:41:46,073 - INFO - 📅 Fetching Basic Metadata: Rogue Waters
2026-06-17 18:41:46,190 - INFO - 🎯 IGDB Match: 'Rogue Waters' (100%)
2026-06-17 18:41:46,197 - INFO - 📅 Fetching Basic Metadata: The Ouroboros King
2026-06-17 18:41:46,306 - INFO - 🎯 IGDB Match: 'The Ouroboros King' (100%)
2026-06-17 18:41:46,313 - INFO - 🏢 Publisher Search: Warhammer 40K Speed Freeks
2026-06-17 18:41:47,727 - INFO - 
--- Starting Data Quality Checks ---
2026-06-17 18:41:47,740 - INFO - --- Data Quality Checks Complete ---

2026-06-17 18:41:47,769 - INFO - | Metric | Statistics |
| :--- | :--- |
| 💰 **Total Market Value** | **$13,108.09** |
| 📦 **Total Games Collected** | 680 |
| 🏷️ **Average Retail Price** | $22.35 per game |
| 💎 **Most Expensive Title** | Civilization 6 Platinum Edition ($79.99) |
| 👑 **MVP Publisher** | Bethesda Softworks |
| 🏢 **Value Leaders** | 2K ($579.90), Bethesda Softworks ($544.80), Paradox Interactive ($409.89) |
| 📈 **Inflation-Adjusted Value** | $14,905.33 |
| 🎈 **Inflation Bonus** | **+$1,797.24** in purchasing power |
| 🗓️ **Peak Saving Month** | 🎄 **Seasonality Peak:** December is historically the best month, offering $3,388.17 in savings. |
| ⭐ **Average Score** | 76.8/100 |
| 💳 **Subscription Equivalent** | **$168.86 / mo** |
| 🎯 **Prestige Ratio** | **1.9%** (Strategic Hype) |
| 🏎️ **Lead Time Avg** | 447 Days to Sequel |

2026-06-17 18:41:47,770 - INFO - ✅ README.md updated.
2026-06-17 18:41:47,793 - INFO - Using categorical units to plot a list of strings that are all parsable as floats or dates. If these strings should be plotted as numbers, cast to the appropriate data type before plotting.
2026-06-17 18:41:47,794 - INFO - Using categorical units to plot a list of strings that are all parsable as floats or dates. If these strings should be plotted as numbers, cast to the appropriate data type before plotting.
2026-06-17 18:41:53,520 - INFO - 📈 All charts generated successfully.
