2026-06-20 17:54:29,137 - INFO - Failed to extract font properties from /usr/share/fonts/truetype/noto/NotoColorEmoji.ttf: Non-scalable fonts are not supported
2026-06-20 17:54:29,169 - INFO - generated new fontManager
2026-06-20 17:54:29,587 - INFO - ✅ Migration Successful!
2026-06-20 17:54:29,759 - INFO - No new games found.
2026-06-20 17:54:30,292 - INFO - 🔍 Found 605 games needing metadata. Starting IGDB + Steam + CheapShark enrichment...
2026-06-20 17:54:30,388 - INFO - 📅 Fetching Basic Metadata: LEGO Batman Trilogy
2026-06-20 17:54:30,880 - INFO - 🎯 IGDB Match: 'LEGO Batman Trilogy' (100%)
2026-06-20 17:54:30,903 - INFO - 📅 Fetching Basic Metadata: Antstream
2026-06-20 17:54:31,182 - INFO - 📅 Fetching Basic Metadata: The Drone Racing League Simulator
2026-06-20 17:54:31,332 - INFO - 🎯 IGDB Match: 'The Drone Racing League Simulator' (100%)
2026-06-20 17:54:31,340 - INFO - 📅 Fetching Basic Metadata: Dark Deity
2026-06-20 17:54:31,491 - INFO - 🎯 IGDB Match: 'Dark Deity' (100%)
2026-06-20 17:54:31,498 - INFO - 📅 Fetching Basic Metadata: RPG in a Box
2026-06-20 17:54:31,815 - INFO - 🎯 IGDB Match: 'RPG in a Box' (100%)
2026-06-20 17:54:31,822 - INFO - 📅 Fetching Basic Metadata: Fallout Classic Collection
2026-06-20 17:54:32,044 - INFO - 🎯 IGDB Match: 'Fallout Classic Collection' (100%)
2026-06-20 17:54:32,053 - INFO - 📅 Fetching Basic Metadata: Recipe for Disaster
2026-06-20 17:54:32,258 - INFO - 🎯 IGDB Match: 'Recipe For Disaster' (100%)
2026-06-20 17:54:32,265 - INFO - 📅 Fetching Basic Metadata: World of Warships — Starter Pack: Ishizuchi
2026-06-20 17:54:32,474 - INFO - 🎯 IGDB Match: 'World of Warships: Starter Pack - Ishizuchi' (98%)
2026-06-20 17:54:32,481 - INFO - 📅 Fetching Basic Metadata: Poker Club
2026-06-20 17:54:32,669 - INFO - 🎯 IGDB Match: 'Poker Club' (100%)
2026-06-20 17:54:32,676 - INFO - 📅 Fetching Basic Metadata: The Sims 4 The Daring Lifestyle Bundle
2026-06-20 17:54:33,043 - INFO - 🎯 IGDB Match: 'The Sims 4: The Daring Lifestyle Bundle' (99%)
2026-06-20 17:54:33,052 - INFO - 📅 Fetching Basic Metadata: Dodo Peak
2026-06-20 17:54:33,415 - INFO - 🎯 IGDB Match: 'Dodo Peak' (100%)
2026-06-20 17:54:33,422 - INFO - 📅 Fetching Basic Metadata: Spelldrifter
2026-06-20 17:54:33,722 - INFO - 🎯 IGDB Match: 'Spelldrifter' (100%)
2026-06-20 17:54:33,729 - INFO - 📅 Fetching Basic Metadata: Model Builder
2026-06-20 17:54:34,005 - INFO - 🎯 IGDB Match: 'Model Builder' (100%)
2026-06-20 17:54:34,012 - INFO - 📅 Fetching Basic Metadata: Godlike Burger
2026-06-20 17:54:34,308 - INFO - 🎯 IGDB Match: 'Godlike Burger' (100%)
2026-06-20 17:54:34,315 - INFO - 📅 Fetching Basic Metadata: Q.U.B.E. Ultimate Bundle
2026-06-20 17:54:34,553 - INFO - 🎯 IGDB Match: 'Q.U.B.E. Ultimate Bundle' (100%)
2026-06-20 17:54:34,560 - INFO - 📅 Fetching Basic Metadata: Jitsu Squad
2026-06-20 17:54:34,724 - INFO - 🎯 IGDB Match: 'Jitsu Squad' (100%)
2026-06-20 17:54:34,730 - INFO - 📅 Fetching Basic Metadata: Mighty Fight Federation
2026-06-20 17:54:35,139 - INFO - 🎯 IGDB Match: 'Mighty Fight Federation' (100%)
2026-06-20 17:54:35,148 - INFO - 📅 Fetching Basic Metadata: LOVE
2026-06-20 17:54:35,392 - INFO - 🎯 IGDB Match: 'Love Love Love' (90%)
2026-06-20 17:54:35,400 - INFO - 📅 Fetching Basic Metadata: Call of The Wild: The Angler
2026-06-20 17:54:35,654 - INFO - 🎯 IGDB Match: 'Call of the Wild: The Angler' (100%)
2026-06-20 17:54:35,662 - INFO - 📅 Fetching Basic Metadata: The Falconeer
2026-06-20 17:54:35,782 - INFO - 🎯 IGDB Match: 'The Falconeer: The Hunter' (90%)
2026-06-20 17:54:35,789 - INFO - 📅 Fetching Basic Metadata: Rawmen: Food Fighter Arena
2026-06-20 17:54:35,921 - INFO - 🎯 IGDB Match: 'Rawmen' (90%)
2026-06-20 17:54:35,927 - INFO - 📅 Fetching Basic Metadata: World of Warships – Starter Pack: Albany
2026-06-20 17:54:36,048 - INFO - 📅 Fetching Basic Metadata: Fallout Classic Edition
2026-06-20 17:54:36,270 - INFO - 📅 Fetching Basic Metadata: Outliver: Tribulation
2026-06-20 17:54:36,537 - INFO - 🎯 IGDB Match: 'Outliver: Tribulation' (100%)
2026-06-20 17:54:36,545 - INFO - 📅 Fetching Basic Metadata: Bus Simulator 21 Next Stop
2026-06-20 17:54:36,658 - INFO - 🎯 IGDB Match: 'Bus Simulator 21: Next Stop' (98%)
2026-06-20 17:54:36,666 - INFO - 📅 Fetching Basic Metadata: Turmoil
2026-06-20 17:54:36,815 - INFO - 🎯 IGDB Match: 'Turmoil' (100%)
2026-06-20 17:54:36,823 - INFO - 📅 Fetching Basic Metadata: World War Z Aftermath
2026-06-20 17:54:37,039 - INFO - 🎯 IGDB Match: 'World War Z: Aftermath' (98%)
2026-06-20 17:54:37,046 - INFO - 📅 Fetching Basic Metadata: World Of Warships – Anniversary Party Flavor
2026-06-20 17:54:37,162 - INFO - 📅 Fetching Basic Metadata: Neko Ghost, Jump!
2026-06-20 17:54:37,268 - INFO - 🎯 IGDB Match: 'Neko Ghost, Jump!' (100%)
2026-06-20 17:54:37,275 - INFO - 📅 Fetching Basic Metadata: Super Space Club
2026-06-20 17:54:37,416 - INFO - 🎯 IGDB Match: 'Super Space Club' (100%)
2026-06-20 17:54:37,423 - INFO - 📅 Fetching Basic Metadata: Touch Type Tale
2026-06-20 17:54:37,539 - INFO - 🎯 IGDB Match: 'Touch Type Tale' (100%)
2026-06-20 17:54:37,545 - INFO - 📅 Fetching Basic Metadata: Gigapocalypse
2026-06-20 17:54:37,662 - INFO - 🎯 IGDB Match: 'Gigapocalypse' (100%)
2026-06-20 17:54:37,670 - INFO - 📅 Fetching Basic Metadata: Legion TD2
2026-06-20 17:54:37,783 - INFO - 📅 Fetching Basic Metadata: Nightingale
2026-06-20 17:54:38,005 - INFO - 🎯 IGDB Match: 'Nightingale' (100%)
2026-06-20 17:54:38,013 - INFO - 📅 Fetching Basic Metadata: Godzilla Voxel Wars
2026-06-20 17:54:38,122 - INFO - 🎯 IGDB Match: 'Godzilla Voxel Wars' (100%)
2026-06-20 17:54:38,130 - INFO - 📅 Fetching Basic Metadata: Trine Classic Collection
2026-06-20 17:54:38,247 - INFO - 🎯 IGDB Match: 'Trine Classic Collection' (100%)
2026-06-20 17:54:38,255 - INFO - 📅 Fetching Basic Metadata: Poison Retro Set
2026-06-20 17:54:38,363 - INFO - 🎯 IGDB Match: 'Pixel Gun 3D: Poison Retro Set' (90%)
2026-06-20 17:54:38,369 - INFO - 📅 Fetching Basic Metadata: The Darkside Detective A Fumble in the Dark
2026-06-20 17:54:38,478 - INFO - 🎯 IGDB Match: 'The Darkside Detective: A Fumble in the Dark' (99%)
2026-06-20 17:54:38,485 - INFO - 📅 Fetching Basic Metadata: Return to Ash
2026-06-20 17:54:38,578 - WARNING - IGDB Error for Return to Ash: string indices must be integers, not 'str'
2026-06-20 17:54:38,585 - INFO - 🏢 Publisher Search: STALCRAFT: X Starter Edition
2026-06-20 17:54:39,931 - INFO - 📅 Fetching Basic Metadata: STALCRAFT: X Starter Edition
2026-06-20 17:54:44,104 - INFO - 📅 Fetching Basic Metadata: Boxes: Lost Fragments
2026-06-20 17:54:44,210 - INFO - 🎯 IGDB Match: 'Boxes: Lost Fragments' (100%)
2026-06-20 17:54:44,216 - INFO - 📅 Fetching Basic Metadata: My Night Job
2026-06-20 17:54:44,481 - INFO - 🎯 IGDB Match: 'My Night Job' (100%)
2026-06-20 17:54:44,488 - INFO - 📅 Fetching Basic Metadata: Electrician Simulator
2026-06-20 17:54:44,624 - INFO - 🎯 IGDB Match: 'Electrician Simulator' (100%)
2026-06-20 17:54:44,630 - INFO - 🏢 Publisher Search: World of Warships — Epic Anniversary Tachibana Pack
2026-06-20 17:54:45,974 - INFO - 📅 Fetching Basic Metadata: World of Warships — Epic Anniversary Tachibana Pack
2026-06-20 17:54:46,095 - INFO - 📅 Fetching Basic Metadata: Hyper Echelon
2026-06-20 17:54:46,208 - INFO - 🎯 IGDB Match: 'Hyper Echelon' (100%)
2026-06-20 17:54:46,215 - INFO - 📅 Fetching Basic Metadata: Havendock
2026-06-20 17:54:46,322 - INFO - 🎯 IGDB Match: 'Havendock' (100%)
2026-06-20 17:54:46,329 - INFO - 📅 Fetching Basic Metadata: Clone Drone in the Danger Zone
2026-06-20 17:54:46,630 - INFO - 🎯 IGDB Match: 'Clone Drone in the Danger Zone' (100%)
2026-06-20 17:54:46,637 - INFO - 🏢 Publisher Search: TOMAK: Save the Earth Regeneration
2026-06-20 17:54:47,962 - INFO - 📅 Fetching Basic Metadata: TOMAK: Save the Earth Regeneration
2026-06-20 17:54:48,235 - INFO - 🎯 IGDB Match: 'Tomak: Save the Earth Regeneration' (100%)
2026-06-20 17:54:48,241 - INFO - 📅 Fetching Basic Metadata: Prop Sumo
2026-06-20 17:54:48,387 - INFO - 🎯 IGDB Match: 'Prop Sumo' (100%)
2026-06-20 17:54:48,393 - INFO - 📅 Fetching Basic Metadata: The Stone of Madness
2026-06-20 17:54:48,515 - INFO - 🎯 IGDB Match: 'The Stone of Madness' (100%)
2026-06-20 17:54:48,522 - INFO - 📅 Fetching Basic Metadata: Firestone Online Idle RPG
2026-06-20 17:54:48,743 - INFO - 🎯 IGDB Match: 'Firestone: Online Idle RPG' (98%)
2026-06-20 17:54:48,749 - INFO - 📅 Fetching Basic Metadata: Oddsparks: An Automation Adventure
2026-06-20 17:54:48,897 - INFO - 🎯 IGDB Match: 'Oddsparks: An Automation Adventure' (100%)
2026-06-20 17:54:48,904 - INFO - 📅 Fetching Basic Metadata: Trash Goblin
2026-06-20 17:54:49,013 - INFO - 🎯 IGDB Match: 'Trash Goblin' (100%)
2026-06-20 17:54:49,019 - INFO - 🏢 Publisher Search: The Telltale Batman Shadows Edition
2026-06-20 17:54:50,357 - INFO - 📅 Fetching Basic Metadata: The Telltale Batman Shadows Edition
2026-06-20 17:54:50,471 - INFO - 🎯 IGDB Match: 'Telltale Batman Shadows Edition' (95%)
2026-06-20 17:54:50,477 - INFO - 🏢 Publisher Search: Sunderfolk - Standard Edition
2026-06-20 17:54:51,824 - INFO - 📅 Fetching Basic Metadata: Sunderfolk - Standard Edition
2026-06-20 17:54:52,053 - INFO - 📅 Fetching Basic Metadata: Down in Bermuda
2026-06-20 17:54:52,175 - INFO - 🎯 IGDB Match: 'Down in Bermuda' (100%)
2026-06-20 17:54:52,181 - INFO - 📅 Fetching Basic Metadata: Tomb Raider I-III Remastered Starring Lara Croft
2026-06-20 17:54:52,315 - INFO - 📅 Fetching Basic Metadata: LONESTAR
2026-06-20 17:54:52,429 - INFO - 🎯 IGDB Match: 'LoneStar' (100%)
2026-06-20 17:54:52,436 - INFO - 📅 Fetching Basic Metadata: Calico
2026-06-20 17:54:52,544 - INFO - 🎯 IGDB Match: 'Calico' (100%)
2026-06-20 17:54:52,550 - INFO - 📅 Fetching Basic Metadata: Rogue Waters
2026-06-20 17:54:52,657 - INFO - 🎯 IGDB Match: 'Rogue Waters' (100%)
2026-06-20 17:54:52,664 - INFO - 📅 Fetching Basic Metadata: The Ouroboros King
2026-06-20 17:54:52,784 - INFO - 🎯 IGDB Match: 'The Ouroboros King' (100%)
2026-06-20 17:54:52,790 - INFO - 🏢 Publisher Search: Warhammer 40K Speed Freeks
2026-06-20 17:54:54,136 - INFO - 
--- Starting Data Quality Checks ---
2026-06-20 17:54:54,149 - INFO - --- Data Quality Checks Complete ---

2026-06-20 17:54:54,179 - INFO - | Metric | Statistics |
| :--- | :--- |
| 💰 **Total Market Value** | **$13,148.07** |
| 📦 **Total Games Collected** | 682 |
| 🏷️ **Average Retail Price** | $22.34 per game |
| 💎 **Most Expensive Title** | Civilization 6 Platinum Edition ($79.99) |
| 👑 **MVP Publisher** | Bethesda Softworks |
| 🏢 **Value Leaders** | 2K ($579.90), Bethesda Softworks ($544.80), Paradox Interactive ($409.89) |
| 📈 **Inflation-Adjusted Value** | $14,945.31 |
| 🎈 **Inflation Bonus** | **+$1,797.24** in purchasing power |
| 🗓️ **Peak Saving Month** | 🎄 **Seasonality Peak:** December is historically the best month, offering $3,388.17 in savings. |
| ⭐ **Average Score** | 76.8/100 |
| 💳 **Subscription Equivalent** | **$169.31 / mo** |
| 🎯 **Prestige Ratio** | **2.1%** (Strategic Hype) |
| 🏎️ **Lead Time Avg** | 441 Days to Sequel |

2026-06-20 17:54:54,179 - INFO - ✅ README.md updated.
2026-06-20 17:54:54,202 - INFO - Using categorical units to plot a list of strings that are all parsable as floats or dates. If these strings should be plotted as numbers, cast to the appropriate data type before plotting.
2026-06-20 17:54:54,203 - INFO - Using categorical units to plot a list of strings that are all parsable as floats or dates. If these strings should be plotted as numbers, cast to the appropriate data type before plotting.
2026-06-20 17:54:59,935 - INFO - 📈 All charts generated successfully.
