2026-02-27 17:03:39,960 - INFO - Failed to extract font properties from /usr/share/fonts/truetype/noto/NotoColorEmoji.ttf: Can not load face (unknown file format; error code 0x2)
2026-02-27 17:03:40,021 - INFO - generated new fontManager
2026-02-27 17:03:40,394 - INFO - ✅ Migration Successful!
2026-02-27 17:03:40,920 - INFO - No new games found.
2026-02-27 17:03:41,257 - INFO - 🔍 Found 577 games needing metadata. Starting IGDB + Steam + CheapShark enrichment...
2026-02-27 17:03:41,348 - INFO - 📅 Fetching Basic Metadata: LEGO Batman Trilogy
2026-02-27 17:03:41,553 - INFO - 🎯 IGDB Match: 'LEGO Batman Trilogy' (100%)
2026-02-27 17:03:41,583 - INFO - 📅 Fetching Basic Metadata: Antstream
2026-02-27 17:03:41,672 - INFO - 📅 Fetching Basic Metadata: The Drone Racing League Simulator
2026-02-27 17:03:41,804 - INFO - 🎯 IGDB Match: 'The Drone Racing League Simulator' (100%)
2026-02-27 17:03:41,811 - INFO - 📅 Fetching Basic Metadata: Dark Deity
2026-02-27 17:03:41,954 - INFO - 🎯 IGDB Match: 'Dark Deity' (100%)
2026-02-27 17:03:41,961 - INFO - 📅 Fetching Basic Metadata: RPG in a Box
2026-02-27 17:03:42,067 - INFO - 🎯 IGDB Match: 'RPG in a Box' (100%)
2026-02-27 17:03:42,075 - INFO - 📅 Fetching Basic Metadata: Fallout Classic Collection
2026-02-27 17:03:42,182 - INFO - 🎯 IGDB Match: 'Fallout Classic Collection' (100%)
2026-02-27 17:03:42,191 - INFO - 📅 Fetching Basic Metadata: Recipe for Disaster
2026-02-27 17:03:42,276 - INFO - 🎯 IGDB Match: 'Recipe for Disaster' (100%)
2026-02-27 17:03:42,282 - INFO - 📅 Fetching Basic Metadata: World of Warships — Starter Pack: Ishizuchi
2026-02-27 17:03:42,364 - INFO - 🎯 IGDB Match: 'World of Warships: Starter Pack - Ishizuchi' (98%)
2026-02-27 17:03:42,371 - INFO - 📅 Fetching Basic Metadata: Poker Club
2026-02-27 17:03:42,494 - INFO - 🎯 IGDB Match: 'Poker Club' (100%)
2026-02-27 17:03:42,501 - INFO - 📅 Fetching Basic Metadata: The Sims 4 The Daring Lifestyle Bundle
2026-02-27 17:03:42,613 - INFO - 🎯 IGDB Match: 'The Sims 4: The Daring Lifestyle Bundle' (99%)
2026-02-27 17:03:42,622 - INFO - 📅 Fetching Basic Metadata: Dodo Peak
2026-02-27 17:03:42,744 - INFO - 🎯 IGDB Match: 'Dodo Peak' (100%)
2026-02-27 17:03:42,751 - INFO - 📅 Fetching Basic Metadata: Spelldrifter
2026-02-27 17:03:42,833 - INFO - 🎯 IGDB Match: 'Spelldrifter' (100%)
2026-02-27 17:03:42,840 - INFO - 📅 Fetching Basic Metadata: Model Builder
2026-02-27 17:03:42,936 - INFO - 🎯 IGDB Match: 'Model Builder' (100%)
2026-02-27 17:03:42,942 - INFO - 📅 Fetching Basic Metadata: Godlike Burger
2026-02-27 17:03:43,046 - INFO - 🎯 IGDB Match: 'Godlike Burger' (100%)
2026-02-27 17:03:43,052 - INFO - 📅 Fetching Basic Metadata: Q.U.B.E. Ultimate Bundle
2026-02-27 17:03:43,196 - INFO - 🎯 IGDB Match: 'Q.U.B.E. Ultimate Bundle' (100%)
2026-02-27 17:03:43,203 - INFO - 📅 Fetching Basic Metadata: Jitsu Squad
2026-02-27 17:03:43,290 - INFO - 🎯 IGDB Match: 'Jitsu Squad' (100%)
2026-02-27 17:03:43,296 - INFO - 📅 Fetching Basic Metadata: Mighty Fight Federation
2026-02-27 17:03:43,418 - INFO - 🎯 IGDB Match: 'Mighty Fight Federation' (100%)
2026-02-27 17:03:43,428 - INFO - 📅 Fetching Basic Metadata: LOVE
2026-02-27 17:03:43,604 - INFO - 🎯 IGDB Match: 'Love Love Love' (90%)
2026-02-27 17:03:43,612 - INFO - 📅 Fetching Basic Metadata: Call of The Wild: The Angler
2026-02-27 17:03:43,673 - WARNING - IGDB Error for Call of The Wild: The Angler: string indices must be integers, not 'str'
2026-02-27 17:03:43,681 - INFO - 📅 Fetching Basic Metadata: The Falconeer
2026-02-27 17:03:43,783 - WARNING - IGDB Error for The Falconeer: string indices must be integers, not 'str'
2026-02-27 17:03:43,790 - INFO - 📅 Fetching Basic Metadata: Rawmen: Food Fighter Arena
2026-02-27 17:03:43,855 - WARNING - IGDB Error for Rawmen: Food Fighter Arena: string indices must be integers, not 'str'
2026-02-27 17:03:43,861 - INFO - 📅 Fetching Basic Metadata: World of Warships – Starter Pack: Albany
2026-02-27 17:03:43,920 - WARNING - IGDB Error for World of Warships – Starter Pack: Albany: string indices must be integers, not 'str'
2026-02-27 17:03:43,926 - INFO - 📅 Fetching Basic Metadata: Fallout Classic Edition
2026-02-27 17:03:44,000 - WARNING - IGDB Error for Fallout Classic Edition: string indices must be integers, not 'str'
2026-02-27 17:03:44,008 - INFO - 📅 Fetching Basic Metadata: Outliver: Tribulation
2026-02-27 17:03:44,068 - WARNING - IGDB Error for Outliver: Tribulation: string indices must be integers, not 'str'
2026-02-27 17:03:44,076 - INFO - 📅 Fetching Basic Metadata: Bus Simulator 21 Next Stop
2026-02-27 17:03:44,137 - WARNING - IGDB Error for Bus Simulator 21 Next Stop: string indices must be integers, not 'str'
2026-02-27 17:03:44,146 - INFO - 📅 Fetching Basic Metadata: Turmoil
2026-02-27 17:03:44,206 - WARNING - IGDB Error for Turmoil: string indices must be integers, not 'str'
2026-02-27 17:03:44,213 - INFO - 📅 Fetching Basic Metadata: World War Z Aftermath
2026-02-27 17:03:44,274 - WARNING - IGDB Error for World War Z Aftermath: string indices must be integers, not 'str'
2026-02-27 17:03:44,280 - INFO - 📅 Fetching Basic Metadata: World Of Warships – Anniversary Party Flavor
2026-02-27 17:03:44,340 - WARNING - IGDB Error for World Of Warships – Anniversary Party Flavor: string indices must be integers, not 'str'
2026-02-27 17:03:44,347 - INFO - 📅 Fetching Basic Metadata: Neko Ghost, Jump!
2026-02-27 17:03:44,406 - WARNING - IGDB Error for Neko Ghost, Jump!: string indices must be integers, not 'str'
2026-02-27 17:03:44,413 - INFO - 📅 Fetching Basic Metadata: Super Space Club
2026-02-27 17:03:44,495 - WARNING - IGDB Error for Super Space Club: string indices must be integers, not 'str'
2026-02-27 17:03:44,501 - INFO - 📅 Fetching Basic Metadata: Touch Type Tale
2026-02-27 17:03:44,568 - WARNING - IGDB Error for Touch Type Tale: string indices must be integers, not 'str'
2026-02-27 17:03:44,575 - INFO - 📅 Fetching Basic Metadata: Gigapocalypse
2026-02-27 17:03:44,636 - WARNING - IGDB Error for Gigapocalypse: string indices must be integers, not 'str'
2026-02-27 17:03:44,644 - INFO - 📅 Fetching Basic Metadata: Legion TD2
2026-02-27 17:03:44,705 - WARNING - IGDB Error for Legion TD2: string indices must be integers, not 'str'
2026-02-27 17:03:44,714 - INFO - 📅 Fetching Basic Metadata: Nightingale
2026-02-27 17:03:44,823 - INFO - 🎯 IGDB Match: 'Nightingale' (100%)
2026-02-27 17:03:44,831 - INFO - 📅 Fetching Basic Metadata: Godzilla Voxel Wars
2026-02-27 17:03:44,944 - INFO - 🎯 IGDB Match: 'Godzilla Voxel Wars' (100%)
2026-02-27 17:03:44,952 - INFO - 📅 Fetching Basic Metadata: Trine Classic Collection
2026-02-27 17:03:45,065 - INFO - 🎯 IGDB Match: 'Trine Classic Collection' (100%)
2026-02-27 17:03:45,072 - INFO - 📅 Fetching Basic Metadata: Poison Retro Set
2026-02-27 17:03:45,194 - INFO - 🎯 IGDB Match: 'Pixel Gun 3D: Poison Retro Set' (90%)
2026-02-27 17:03:45,200 - INFO - 📅 Fetching Basic Metadata: The Darkside Detective A Fumble in the Dark
2026-02-27 17:03:45,285 - INFO - 🎯 IGDB Match: 'The Darkside Detective: A Fumble in the Dark' (99%)
2026-02-27 17:03:45,291 - INFO - 📅 Fetching Basic Metadata: Return to Ash
2026-02-27 17:03:45,379 - INFO - 🎯 IGDB Match: 'Return to Ash' (100%)
2026-02-27 17:03:45,385 - INFO - 🏢 Publisher Search: STALCRAFT: X Starter Edition
2026-02-27 17:03:46,679 - INFO - 📅 Fetching Basic Metadata: STALCRAFT: X Starter Edition
2026-02-27 17:03:46,800 - INFO - 📅 Fetching Basic Metadata: Boxes: Lost Fragments
2026-02-27 17:03:46,914 - INFO - 🎯 IGDB Match: 'Boxes: Lost Fragments' (100%)
2026-02-27 17:03:46,920 - INFO - 📅 Fetching Basic Metadata: My Night Job
2026-02-27 17:03:47,045 - INFO - 🎯 IGDB Match: 'My Night Job' (100%)
2026-02-27 17:03:47,056 - INFO - 
--- Starting Data Quality Checks ---
2026-02-27 17:03:47,069 - INFO - --- Data Quality Checks Complete ---

2026-02-27 17:03:47,098 - INFO - | Metric | Statistics |
| :--- | :--- |
| 💰 **Total Market Value** | **$12,603.32** |
| 📦 **Total Games Collected** | 653 |
| 🏷️ **Average Retail Price** | $22.48 per game |
| 💎 **Most Expensive Title** | Civilization 6 Platinum Edition ($79.99) |
| 👑 **MVP Publisher** | Bethesda Softworks |
| 🏢 **Value Leaders** | 2K ($579.90), Bethesda Softworks ($544.80), Paradox Interactive ($409.89) |
| 📈 **Inflation-Adjusted Value** | $14,400.56 |
| 🎈 **Inflation Bonus** | **+$1,797.24** in purchasing power |
| 🗓️ **Peak Saving Month** | 🎄 **Seasonality Peak:** December is historically the best month, offering $3,388.17 in savings. |
| ⭐ **Average Score** | 76.7/100 |
| 💳 **Subscription Equivalent** | **$170.71 / mo** |
| 🎯 **Prestige Ratio** | **2.0%** (Strategic Hype) |
| 🏎️ **Lead Time Avg** | 447 Days to Sequel |

2026-02-27 17:03:47,099 - INFO - ✅ README.md updated.
2026-02-27 17:03:47,122 - INFO - Using categorical units to plot a list of strings that are all parsable as floats or dates. If these strings should be plotted as numbers, cast to the appropriate data type before plotting.
2026-02-27 17:03:47,123 - INFO - Using categorical units to plot a list of strings that are all parsable as floats or dates. If these strings should be plotted as numbers, cast to the appropriate data type before plotting.
2026-02-27 17:03:52,763 - INFO - 📈 All charts generated successfully.
