2026-05-19 18:20:52,014 - INFO - Failed to extract font properties from /usr/share/fonts/truetype/noto/NotoColorEmoji.ttf: Can not load face (unknown file format; error code 0x2)
2026-05-19 18:20:52,041 - INFO - generated new fontManager
2026-05-19 18:20:52,273 - INFO - ✅ Migration Successful!
2026-05-19 18:20:52,467 - INFO - No new games found.
2026-05-19 18:20:53,008 - INFO - 🔍 Found 596 games needing metadata. Starting IGDB + Steam + CheapShark enrichment...
2026-05-19 18:20:53,066 - INFO - 📅 Fetching Basic Metadata: LEGO Batman Trilogy
2026-05-19 18:20:53,338 - INFO - 🎯 IGDB Match: 'LEGO Batman Trilogy' (100%)
2026-05-19 18:20:53,355 - INFO - 📅 Fetching Basic Metadata: Antstream
2026-05-19 18:20:53,511 - INFO - 📅 Fetching Basic Metadata: The Drone Racing League Simulator
2026-05-19 18:20:53,638 - INFO - 🎯 IGDB Match: 'The Drone Racing League Simulator' (100%)
2026-05-19 18:20:53,644 - INFO - 📅 Fetching Basic Metadata: Dark Deity
2026-05-19 18:20:53,849 - INFO - 🎯 IGDB Match: 'Dark Deity' (100%)
2026-05-19 18:20:53,854 - INFO - 📅 Fetching Basic Metadata: RPG in a Box
2026-05-19 18:20:54,029 - INFO - 🎯 IGDB Match: 'RPG in a Box' (100%)
2026-05-19 18:20:54,035 - INFO - 📅 Fetching Basic Metadata: Fallout Classic Collection
2026-05-19 18:20:54,129 - INFO - 🎯 IGDB Match: 'Fallout Classic Collection' (100%)
2026-05-19 18:20:54,135 - INFO - 📅 Fetching Basic Metadata: Recipe for Disaster
2026-05-19 18:20:54,256 - INFO - 🎯 IGDB Match: 'Recipe For Disaster' (100%)
2026-05-19 18:20:54,261 - INFO - 📅 Fetching Basic Metadata: World of Warships — Starter Pack: Ishizuchi
2026-05-19 18:20:54,358 - INFO - 🎯 IGDB Match: 'World of Warships: Starter Pack - Ishizuchi' (98%)
2026-05-19 18:20:54,363 - INFO - 📅 Fetching Basic Metadata: Poker Club
2026-05-19 18:20:54,454 - INFO - 🎯 IGDB Match: 'Poker Club' (100%)
2026-05-19 18:20:54,459 - INFO - 📅 Fetching Basic Metadata: The Sims 4 The Daring Lifestyle Bundle
2026-05-19 18:20:54,559 - INFO - 🎯 IGDB Match: 'The Sims 4: The Daring Lifestyle Bundle' (99%)
2026-05-19 18:20:54,644 - INFO - 📅 Fetching Basic Metadata: Dodo Peak
2026-05-19 18:20:54,791 - INFO - 🎯 IGDB Match: 'Dodo Peak' (100%)
2026-05-19 18:20:54,796 - INFO - 📅 Fetching Basic Metadata: Spelldrifter
2026-05-19 18:20:54,942 - INFO - 🎯 IGDB Match: 'Spelldrifter' (100%)
2026-05-19 18:20:54,947 - INFO - 📅 Fetching Basic Metadata: Model Builder
2026-05-19 18:20:55,039 - INFO - 🎯 IGDB Match: 'Model Builder' (100%)
2026-05-19 18:20:55,044 - INFO - 📅 Fetching Basic Metadata: Godlike Burger
2026-05-19 18:20:55,142 - INFO - 🎯 IGDB Match: 'Godlike Burger' (100%)
2026-05-19 18:20:55,147 - INFO - 📅 Fetching Basic Metadata: Q.U.B.E. Ultimate Bundle
2026-05-19 18:20:55,240 - INFO - 🎯 IGDB Match: 'Q.U.B.E. Ultimate Bundle' (100%)
2026-05-19 18:20:55,246 - INFO - 📅 Fetching Basic Metadata: Jitsu Squad
2026-05-19 18:20:55,336 - INFO - 🎯 IGDB Match: 'Jitsu Squad' (100%)
2026-05-19 18:20:55,340 - INFO - 📅 Fetching Basic Metadata: Mighty Fight Federation
2026-05-19 18:20:55,464 - INFO - 🎯 IGDB Match: 'Mighty Fight Federation' (100%)
2026-05-19 18:20:55,470 - INFO - 📅 Fetching Basic Metadata: LOVE
2026-05-19 18:20:55,751 - INFO - 🎯 IGDB Match: 'Love Love Love' (90%)
2026-05-19 18:20:55,757 - INFO - 📅 Fetching Basic Metadata: Call of The Wild: The Angler
2026-05-19 18:20:55,855 - INFO - 🎯 IGDB Match: 'Call of the Wild: The Angler' (100%)
2026-05-19 18:20:55,862 - INFO - 📅 Fetching Basic Metadata: The Falconeer
2026-05-19 18:20:56,021 - WARNING - IGDB Error for The Falconeer: string indices must be integers, not 'str'
2026-05-19 18:20:56,026 - INFO - 📅 Fetching Basic Metadata: Rawmen: Food Fighter Arena
2026-05-19 18:20:56,106 - WARNING - IGDB Error for Rawmen: Food Fighter Arena: string indices must be integers, not 'str'
2026-05-19 18:20:56,111 - INFO - 📅 Fetching Basic Metadata: World of Warships – Starter Pack: Albany
2026-05-19 18:20:56,193 - WARNING - IGDB Error for World of Warships – Starter Pack: Albany: string indices must be integers, not 'str'
2026-05-19 18:20:56,198 - INFO - 📅 Fetching Basic Metadata: Fallout Classic Edition
2026-05-19 18:20:56,353 - INFO - 📅 Fetching Basic Metadata: Outliver: Tribulation
2026-05-19 18:20:56,436 - WARNING - IGDB Error for Outliver: Tribulation: string indices must be integers, not 'str'
2026-05-19 18:20:56,442 - INFO - 📅 Fetching Basic Metadata: Bus Simulator 21 Next Stop
2026-05-19 18:20:56,534 - INFO - 🎯 IGDB Match: 'Bus Simulator 21: Next Stop' (98%)
2026-05-19 18:20:56,540 - INFO - 📅 Fetching Basic Metadata: Turmoil
2026-05-19 18:20:56,641 - INFO - 🎯 IGDB Match: 'Turmoil' (100%)
2026-05-19 18:20:56,647 - INFO - 📅 Fetching Basic Metadata: World War Z Aftermath
2026-05-19 18:20:56,743 - INFO - 🎯 IGDB Match: 'World War Z: Aftermath' (98%)
2026-05-19 18:20:56,748 - INFO - 📅 Fetching Basic Metadata: World Of Warships – Anniversary Party Flavor
2026-05-19 18:20:56,841 - INFO - 📅 Fetching Basic Metadata: Neko Ghost, Jump!
2026-05-19 18:20:56,936 - INFO - 🎯 IGDB Match: 'Neko Ghost, Jump!' (100%)
2026-05-19 18:20:56,941 - INFO - 📅 Fetching Basic Metadata: Super Space Club
2026-05-19 18:20:57,036 - INFO - 🎯 IGDB Match: 'Super Space Club' (100%)
2026-05-19 18:20:57,041 - INFO - 📅 Fetching Basic Metadata: Touch Type Tale
2026-05-19 18:20:57,137 - INFO - 🎯 IGDB Match: 'Touch Type Tale' (100%)
2026-05-19 18:20:57,142 - INFO - 📅 Fetching Basic Metadata: Gigapocalypse
2026-05-19 18:20:57,238 - INFO - 🎯 IGDB Match: 'Gigapocalypse' (100%)
2026-05-19 18:20:57,244 - INFO - 📅 Fetching Basic Metadata: Legion TD2
2026-05-19 18:20:57,344 - INFO - 📅 Fetching Basic Metadata: Nightingale
2026-05-19 18:20:57,484 - WARNING - IGDB Error for Nightingale: string indices must be integers, not 'str'
2026-05-19 18:20:57,490 - INFO - 📅 Fetching Basic Metadata: Godzilla Voxel Wars
2026-05-19 18:20:57,569 - WARNING - IGDB Error for Godzilla Voxel Wars: string indices must be integers, not 'str'
2026-05-19 18:20:57,575 - INFO - 📅 Fetching Basic Metadata: Trine Classic Collection
2026-05-19 18:20:57,659 - WARNING - IGDB Error for Trine Classic Collection: string indices must be integers, not 'str'
2026-05-19 18:20:57,664 - INFO - 📅 Fetching Basic Metadata: Poison Retro Set
2026-05-19 18:20:57,741 - WARNING - IGDB Error for Poison Retro Set: string indices must be integers, not 'str'
2026-05-19 18:20:57,746 - INFO - 📅 Fetching Basic Metadata: The Darkside Detective A Fumble in the Dark
2026-05-19 18:20:57,822 - WARNING - IGDB Error for The Darkside Detective A Fumble in the Dark: string indices must be integers, not 'str'
2026-05-19 18:20:57,827 - INFO - 📅 Fetching Basic Metadata: Return to Ash
2026-05-19 18:20:57,912 - WARNING - IGDB Error for Return to Ash: string indices must be integers, not 'str'
2026-05-19 18:20:57,917 - INFO - 🏢 Publisher Search: STALCRAFT: X Starter Edition
2026-05-19 18:20:59,265 - INFO - 📅 Fetching Basic Metadata: STALCRAFT: X Starter Edition
2026-05-19 18:20:59,358 - INFO - 📅 Fetching Basic Metadata: Boxes: Lost Fragments
2026-05-19 18:20:59,447 - INFO - 🎯 IGDB Match: 'Boxes: Lost Fragments' (100%)
2026-05-19 18:20:59,452 - INFO - 📅 Fetching Basic Metadata: My Night Job
2026-05-19 18:20:59,544 - INFO - 🎯 IGDB Match: 'My Night Job' (100%)
2026-05-19 18:20:59,632 - INFO - 📅 Fetching Basic Metadata: Electrician Simulator
2026-05-19 18:20:59,726 - INFO - 🎯 IGDB Match: 'Electrician Simulator' (100%)
2026-05-19 18:20:59,731 - INFO - 🏢 Publisher Search: World of Warships — Epic Anniversary Tachibana Pack
2026-05-19 18:21:01,186 - INFO - 📅 Fetching Basic Metadata: World of Warships — Epic Anniversary Tachibana Pack
2026-05-19 18:21:01,286 - INFO - 📅 Fetching Basic Metadata: Hyper Echelon
2026-05-19 18:21:01,375 - INFO - 🎯 IGDB Match: 'Hyper Echelon' (100%)
2026-05-19 18:21:01,379 - INFO - 📅 Fetching Basic Metadata: Havendock
2026-05-19 18:21:01,468 - INFO - 🎯 IGDB Match: 'Havendock' (100%)
2026-05-19 18:21:01,497 - INFO - 📅 Fetching Basic Metadata: Clone Drone in the Danger Zone
2026-05-19 18:21:01,588 - INFO - 🎯 IGDB Match: 'Clone Drone in the Danger Zone' (100%)
2026-05-19 18:21:01,593 - INFO - 🏢 Publisher Search: TOMAK: Save the Earth Regeneration
2026-05-19 18:21:02,929 - INFO - 📅 Fetching Basic Metadata: TOMAK: Save the Earth Regeneration
2026-05-19 18:21:03,022 - INFO - 🎯 IGDB Match: 'Tomak: Save the Earth Regeneration' (100%)
2026-05-19 18:21:03,027 - INFO - 📅 Fetching Basic Metadata: Prop Sumo
2026-05-19 18:21:03,122 - INFO - 🎯 IGDB Match: 'Prop Sumo' (100%)
2026-05-19 18:21:03,127 - INFO - 📅 Fetching Basic Metadata: The Stone of Madness
2026-05-19 18:21:03,216 - INFO - 🎯 IGDB Match: 'The Stone of Madness' (100%)
2026-05-19 18:21:03,221 - INFO - 📅 Fetching Basic Metadata: Firestone Online Idle RPG
2026-05-19 18:21:03,311 - INFO - 🎯 IGDB Match: 'Firestone: Online Idle RPG' (98%)
2026-05-19 18:21:03,316 - INFO - 📅 Fetching Basic Metadata: Oddsparks: An Automation Adventure
2026-05-19 18:21:03,407 - INFO - 🎯 IGDB Match: 'Oddsparks: An Automation Adventure' (100%)
2026-05-19 18:21:03,412 - INFO - 📅 Fetching Basic Metadata: Trash Goblin
2026-05-19 18:21:03,516 - INFO - 🎯 IGDB Match: 'Trash Goblin' (100%)
2026-05-19 18:21:03,521 - INFO - 🏢 Publisher Search: The Telltale Batman Shadows Edition
2026-05-19 18:21:04,859 - INFO - 📅 Fetching Basic Metadata: The Telltale Batman Shadows Edition
2026-05-19 18:21:04,948 - INFO - 🎯 IGDB Match: 'Telltale Batman Shadows Edition' (95%)
2026-05-19 18:21:04,953 - INFO - 🏢 Publisher Search: Sunderfolk - Standard Edition
2026-05-19 18:21:06,332 - INFO - 📅 Fetching Basic Metadata: Sunderfolk - Standard Edition
2026-05-19 18:21:06,432 - INFO - 
--- Starting Data Quality Checks ---
2026-05-19 18:21:06,442 - INFO - --- Data Quality Checks Complete ---

2026-05-19 18:21:06,464 - INFO - | Metric | Statistics |
| :--- | :--- |
| 💰 **Total Market Value** | **$12,943.17** |
| 📦 **Total Games Collected** | 672 |
| 🏷️ **Average Retail Price** | $22.37 per game |
| 💎 **Most Expensive Title** | Civilization 6 Platinum Edition ($79.99) |
| 👑 **MVP Publisher** | Bethesda Softworks |
| 🏢 **Value Leaders** | 2K ($579.90), Bethesda Softworks ($544.80), Paradox Interactive ($409.89) |
| 📈 **Inflation-Adjusted Value** | $14,740.41 |
| 🎈 **Inflation Bonus** | **+$1,797.24** in purchasing power |
| 🗓️ **Peak Saving Month** | 🎄 **Seasonality Peak:** December is historically the best month, offering $3,388.17 in savings. |
| ⭐ **Average Score** | 76.8/100 |
| 💳 **Subscription Equivalent** | **$168.91 / mo** |
| 🎯 **Prestige Ratio** | **1.9%** (Strategic Hype) |
| 🏎️ **Lead Time Avg** | 447 Days to Sequel |

2026-05-19 18:21:06,465 - INFO - ✅ README.md updated.
2026-05-19 18:21:06,482 - INFO - Using categorical units to plot a list of strings that are all parsable as floats or dates. If these strings should be plotted as numbers, cast to the appropriate data type before plotting.
2026-05-19 18:21:06,483 - INFO - Using categorical units to plot a list of strings that are all parsable as floats or dates. If these strings should be plotted as numbers, cast to the appropriate data type before plotting.
2026-05-19 18:21:10,404 - INFO - 📈 All charts generated successfully.
