2026-05-10 17:28:26,740 - INFO - Failed to extract font properties from /usr/share/fonts/truetype/noto/NotoColorEmoji.ttf: Can not load face (unknown file format; error code 0x2)
2026-05-10 17:28:26,922 - INFO - generated new fontManager
2026-05-10 17:28:27,249 - INFO - ✅ Migration Successful!
2026-05-10 17:28:28,015 - INFO - No new games found.
2026-05-10 17:28:28,348 - INFO - 🔍 Found 594 games needing metadata. Starting IGDB + Steam + CheapShark enrichment...
2026-05-10 17:28:28,440 - INFO - 📅 Fetching Basic Metadata: LEGO Batman Trilogy
2026-05-10 17:28:28,700 - INFO - 🎯 IGDB Match: 'LEGO Batman Trilogy' (100%)
2026-05-10 17:28:28,727 - INFO - 📅 Fetching Basic Metadata: Antstream
2026-05-10 17:28:28,866 - INFO - 📅 Fetching Basic Metadata: The Drone Racing League Simulator
2026-05-10 17:28:28,943 - INFO - 🎯 IGDB Match: 'The Drone Racing League Simulator' (100%)
2026-05-10 17:28:28,950 - INFO - 📅 Fetching Basic Metadata: Dark Deity
2026-05-10 17:28:29,092 - INFO - 🎯 IGDB Match: 'Dark Deity' (100%)
2026-05-10 17:28:29,098 - INFO - 📅 Fetching Basic Metadata: RPG in a Box
2026-05-10 17:28:29,228 - INFO - 🎯 IGDB Match: 'RPG in a Box' (100%)
2026-05-10 17:28:29,235 - INFO - 📅 Fetching Basic Metadata: Fallout Classic Collection
2026-05-10 17:28:29,307 - INFO - 🎯 IGDB Match: 'Fallout Classic Collection' (100%)
2026-05-10 17:28:29,315 - INFO - 📅 Fetching Basic Metadata: Recipe for Disaster
2026-05-10 17:28:29,465 - INFO - 🎯 IGDB Match: 'Recipe For Disaster' (100%)
2026-05-10 17:28:29,471 - INFO - 📅 Fetching Basic Metadata: World of Warships — Starter Pack: Ishizuchi
2026-05-10 17:28:29,612 - INFO - 🎯 IGDB Match: 'World of Warships: Starter Pack - Ishizuchi' (98%)
2026-05-10 17:28:29,619 - INFO - 📅 Fetching Basic Metadata: Poker Club
2026-05-10 17:28:29,745 - INFO - 🎯 IGDB Match: 'Poker Club' (100%)
2026-05-10 17:28:29,751 - INFO - 📅 Fetching Basic Metadata: The Sims 4 The Daring Lifestyle Bundle
2026-05-10 17:28:29,871 - INFO - 🎯 IGDB Match: 'The Sims 4: The Daring Lifestyle Bundle' (99%)
2026-05-10 17:28:29,879 - INFO - 📅 Fetching Basic Metadata: Dodo Peak
2026-05-10 17:28:29,998 - INFO - 🎯 IGDB Match: 'Dodo Peak' (100%)
2026-05-10 17:28:30,005 - INFO - 📅 Fetching Basic Metadata: Spelldrifter
2026-05-10 17:28:30,122 - INFO - 🎯 IGDB Match: 'Spelldrifter' (100%)
2026-05-10 17:28:30,128 - INFO - 📅 Fetching Basic Metadata: Model Builder
2026-05-10 17:28:30,198 - INFO - 🎯 IGDB Match: 'Model Builder' (100%)
2026-05-10 17:28:30,204 - INFO - 📅 Fetching Basic Metadata: Godlike Burger
2026-05-10 17:28:30,278 - INFO - 🎯 IGDB Match: 'Godlike Burger' (100%)
2026-05-10 17:28:30,284 - INFO - 📅 Fetching Basic Metadata: Q.U.B.E. Ultimate Bundle
2026-05-10 17:28:30,416 - INFO - 🎯 IGDB Match: 'Q.U.B.E. Ultimate Bundle' (100%)
2026-05-10 17:28:30,423 - INFO - 📅 Fetching Basic Metadata: Jitsu Squad
2026-05-10 17:28:30,498 - INFO - 🎯 IGDB Match: 'Jitsu Squad' (100%)
2026-05-10 17:28:30,504 - INFO - 📅 Fetching Basic Metadata: Mighty Fight Federation
2026-05-10 17:28:30,575 - INFO - 🎯 IGDB Match: 'Mighty Fight Federation' (100%)
2026-05-10 17:28:30,585 - INFO - 📅 Fetching Basic Metadata: LOVE
2026-05-10 17:28:30,701 - INFO - 🎯 IGDB Match: 'Love Love Love' (90%)
2026-05-10 17:28:30,709 - INFO - 📅 Fetching Basic Metadata: Call of The Wild: The Angler
2026-05-10 17:28:30,844 - INFO - 🎯 IGDB Match: 'Call of the Wild: The Angler' (100%)
2026-05-10 17:28:30,853 - INFO - 📅 Fetching Basic Metadata: The Falconeer
2026-05-10 17:28:30,929 - INFO - 🎯 IGDB Match: 'The Falconeer: The Hunter' (90%)
2026-05-10 17:28:30,935 - INFO - 📅 Fetching Basic Metadata: Rawmen: Food Fighter Arena
2026-05-10 17:28:31,008 - INFO - 🎯 IGDB Match: 'Rawmen' (90%)
2026-05-10 17:28:31,014 - INFO - 📅 Fetching Basic Metadata: World of Warships – Starter Pack: Albany
2026-05-10 17:28:31,217 - INFO - 📅 Fetching Basic Metadata: Fallout Classic Edition
2026-05-10 17:28:31,287 - WARNING - IGDB Error for Fallout Classic Edition: string indices must be integers, not 'str'
2026-05-10 17:28:31,294 - INFO - 📅 Fetching Basic Metadata: Outliver: Tribulation
2026-05-10 17:28:31,352 - WARNING - IGDB Error for Outliver: Tribulation: string indices must be integers, not 'str'
2026-05-10 17:28:31,360 - INFO - 📅 Fetching Basic Metadata: Bus Simulator 21 Next Stop
2026-05-10 17:28:31,420 - WARNING - IGDB Error for Bus Simulator 21 Next Stop: string indices must be integers, not 'str'
2026-05-10 17:28:31,428 - INFO - 📅 Fetching Basic Metadata: Turmoil
2026-05-10 17:28:31,534 - WARNING - IGDB Error for Turmoil: string indices must be integers, not 'str'
2026-05-10 17:28:31,541 - INFO - 📅 Fetching Basic Metadata: World War Z Aftermath
2026-05-10 17:28:31,599 - WARNING - IGDB Error for World War Z Aftermath: string indices must be integers, not 'str'
2026-05-10 17:28:31,606 - INFO - 📅 Fetching Basic Metadata: World Of Warships – Anniversary Party Flavor
2026-05-10 17:28:31,664 - WARNING - IGDB Error for World Of Warships – Anniversary Party Flavor: string indices must be integers, not 'str'
2026-05-10 17:28:31,670 - INFO - 📅 Fetching Basic Metadata: Neko Ghost, Jump!
2026-05-10 17:28:31,755 - WARNING - IGDB Error for Neko Ghost, Jump!: string indices must be integers, not 'str'
2026-05-10 17:28:31,762 - INFO - 📅 Fetching Basic Metadata: Super Space Club
2026-05-10 17:28:31,823 - WARNING - IGDB Error for Super Space Club: string indices must be integers, not 'str'
2026-05-10 17:28:31,829 - INFO - 📅 Fetching Basic Metadata: Touch Type Tale
2026-05-10 17:28:31,888 - WARNING - IGDB Error for Touch Type Tale: string indices must be integers, not 'str'
2026-05-10 17:28:31,894 - INFO - 📅 Fetching Basic Metadata: Gigapocalypse
2026-05-10 17:28:31,956 - WARNING - IGDB Error for Gigapocalypse: string indices must be integers, not 'str'
2026-05-10 17:28:31,964 - INFO - 📅 Fetching Basic Metadata: Legion TD2
2026-05-10 17:28:32,023 - WARNING - IGDB Error for Legion TD2: string indices must be integers, not 'str'
2026-05-10 17:28:32,031 - INFO - 📅 Fetching Basic Metadata: Nightingale
2026-05-10 17:28:32,098 - WARNING - IGDB Error for Nightingale: string indices must be integers, not 'str'
2026-05-10 17:28:32,105 - INFO - 📅 Fetching Basic Metadata: Godzilla Voxel Wars
2026-05-10 17:28:32,166 - WARNING - IGDB Error for Godzilla Voxel Wars: string indices must be integers, not 'str'
2026-05-10 17:28:32,174 - INFO - 📅 Fetching Basic Metadata: Trine Classic Collection
2026-05-10 17:28:32,235 - WARNING - IGDB Error for Trine Classic Collection: string indices must be integers, not 'str'
2026-05-10 17:28:32,242 - INFO - 📅 Fetching Basic Metadata: Poison Retro Set
2026-05-10 17:28:32,299 - WARNING - IGDB Error for Poison Retro Set: string indices must be integers, not 'str'
2026-05-10 17:28:32,305 - INFO - 📅 Fetching Basic Metadata: The Darkside Detective A Fumble in the Dark
2026-05-10 17:28:32,414 - WARNING - IGDB Error for The Darkside Detective A Fumble in the Dark: string indices must be integers, not 'str'
2026-05-10 17:28:32,420 - INFO - 📅 Fetching Basic Metadata: Return to Ash
2026-05-10 17:28:32,536 - WARNING - IGDB Error for Return to Ash: string indices must be integers, not 'str'
2026-05-10 17:28:32,542 - INFO - 🏢 Publisher Search: STALCRAFT: X Starter Edition
2026-05-10 17:28:33,906 - INFO - 📅 Fetching Basic Metadata: STALCRAFT: X Starter Edition
2026-05-10 17:28:33,986 - INFO - 📅 Fetching Basic Metadata: Boxes: Lost Fragments
2026-05-10 17:28:34,062 - INFO - 🎯 IGDB Match: 'Boxes: Lost Fragments' (100%)
2026-05-10 17:28:34,067 - INFO - 📅 Fetching Basic Metadata: My Night Job
2026-05-10 17:28:34,139 - INFO - 🎯 IGDB Match: 'My Night Job' (100%)
2026-05-10 17:28:34,146 - INFO - 📅 Fetching Basic Metadata: Electrician Simulator
2026-05-10 17:28:34,220 - INFO - 🎯 IGDB Match: 'Electrician Simulator' (100%)
2026-05-10 17:28:34,226 - INFO - 🏢 Publisher Search: World of Warships — Epic Anniversary Tachibana Pack
2026-05-10 17:28:35,699 - INFO - 📅 Fetching Basic Metadata: World of Warships — Epic Anniversary Tachibana Pack
2026-05-10 17:28:35,779 - INFO - 📅 Fetching Basic Metadata: Hyper Echelon
2026-05-10 17:28:35,910 - INFO - 🎯 IGDB Match: 'Hyper Echelon' (100%)
2026-05-10 17:28:35,916 - INFO - 📅 Fetching Basic Metadata: Havendock
2026-05-10 17:28:35,988 - INFO - 🎯 IGDB Match: 'Havendock' (100%)
2026-05-10 17:28:35,994 - INFO - 📅 Fetching Basic Metadata: Clone Drone in the Danger Zone
2026-05-10 17:28:36,067 - INFO - 🎯 IGDB Match: 'Clone Drone in the Danger Zone' (100%)
2026-05-10 17:28:36,073 - INFO - 🏢 Publisher Search: TOMAK: Save the Earth Regeneration
2026-05-10 17:28:37,395 - INFO - 📅 Fetching Basic Metadata: TOMAK: Save the Earth Regeneration
2026-05-10 17:28:37,471 - INFO - 🎯 IGDB Match: 'Tomak: Save the Earth Regeneration' (100%)
2026-05-10 17:28:37,477 - INFO - 📅 Fetching Basic Metadata: Prop Sumo
2026-05-10 17:28:37,554 - INFO - 🎯 IGDB Match: 'Prop Sumo' (100%)
2026-05-10 17:28:37,560 - INFO - 📅 Fetching Basic Metadata: The Stone of Madness
2026-05-10 17:28:37,633 - INFO - 🎯 IGDB Match: 'The Stone of Madness' (100%)
2026-05-10 17:28:37,639 - INFO - 📅 Fetching Basic Metadata: Firestone Online Idle RPG
2026-05-10 17:28:37,709 - INFO - 🎯 IGDB Match: 'Firestone: Online Idle RPG' (98%)
2026-05-10 17:28:37,715 - INFO - 📅 Fetching Basic Metadata: Oddsparks: An Automation Adventure
2026-05-10 17:28:37,790 - INFO - 🎯 IGDB Match: 'Oddsparks: An Automation Adventure' (100%)
2026-05-10 17:28:37,795 - INFO - 📅 Fetching Basic Metadata: Trash Goblin
2026-05-10 17:28:37,865 - INFO - 🎯 IGDB Match: 'Trash Goblin' (100%)
2026-05-10 17:28:37,876 - INFO - 
--- Starting Data Quality Checks ---
2026-05-10 17:28:37,888 - INFO - --- Data Quality Checks Complete ---

2026-05-10 17:28:37,918 - INFO - | Metric | Statistics |
| :--- | :--- |
| 💰 **Total Market Value** | **$12,893.18** |
| 📦 **Total Games Collected** | 670 |
| 🏷️ **Average Retail Price** | $22.36 per game |
| 💎 **Most Expensive Title** | Civilization 6 Platinum Edition ($79.99) |
| 👑 **MVP Publisher** | Bethesda Softworks |
| 🏢 **Value Leaders** | 2K ($579.90), Bethesda Softworks ($544.80), Paradox Interactive ($409.89) |
| 📈 **Inflation-Adjusted Value** | $14,690.42 |
| 🎈 **Inflation Bonus** | **+$1,797.24** in purchasing power |
| 🗓️ **Peak Saving Month** | 🎄 **Seasonality Peak:** December is historically the best month, offering $3,388.17 in savings. |
| ⭐ **Average Score** | 76.8/100 |
| 💳 **Subscription Equivalent** | **$168.35 / mo** |
| 🎯 **Prestige Ratio** | **1.9%** (Strategic Hype) |
| 🏎️ **Lead Time Avg** | 447 Days to Sequel |

2026-05-10 17:28:37,918 - INFO - ✅ README.md updated.
2026-05-10 17:28:37,942 - INFO - Using categorical units to plot a list of strings that are all parsable as floats or dates. If these strings should be plotted as numbers, cast to the appropriate data type before plotting.
2026-05-10 17:28:37,943 - INFO - Using categorical units to plot a list of strings that are all parsable as floats or dates. If these strings should be plotted as numbers, cast to the appropriate data type before plotting.
2026-05-10 17:28:43,514 - INFO - 📈 All charts generated successfully.
