2026-05-15 18:05:24,329 - INFO - Failed to extract font properties from /usr/share/fonts/truetype/noto/NotoColorEmoji.ttf: Can not load face (unknown file format; error code 0x2)
2026-05-15 18:05:24,497 - INFO - generated new fontManager
2026-05-15 18:05:24,813 - INFO - ✅ Migration Successful!
2026-05-15 18:05:25,031 - INFO - No new games found.
2026-05-15 18:05:25,672 - INFO - 🔍 Found 596 games needing metadata. Starting IGDB + Steam + CheapShark enrichment...
2026-05-15 18:05:25,757 - INFO - 📅 Fetching Basic Metadata: LEGO Batman Trilogy
2026-05-15 18:05:26,153 - INFO - 🎯 IGDB Match: 'LEGO Batman Trilogy' (100%)
2026-05-15 18:05:26,176 - INFO - 📅 Fetching Basic Metadata: Antstream
2026-05-15 18:05:26,457 - INFO - 📅 Fetching Basic Metadata: The Drone Racing League Simulator
2026-05-15 18:05:26,660 - INFO - 🎯 IGDB Match: 'The Drone Racing League Simulator' (100%)
2026-05-15 18:05:26,668 - INFO - 📅 Fetching Basic Metadata: Dark Deity
2026-05-15 18:05:26,875 - INFO - 🎯 IGDB Match: 'Dark Deity' (100%)
2026-05-15 18:05:26,882 - INFO - 📅 Fetching Basic Metadata: RPG in a Box
2026-05-15 18:05:27,060 - INFO - 🎯 IGDB Match: 'RPG in a Box' (100%)
2026-05-15 18:05:27,067 - INFO - 📅 Fetching Basic Metadata: Fallout Classic Collection
2026-05-15 18:05:27,328 - INFO - 🎯 IGDB Match: 'Fallout Classic Collection' (100%)
2026-05-15 18:05:27,336 - INFO - 📅 Fetching Basic Metadata: Recipe for Disaster
2026-05-15 18:05:27,486 - INFO - 🎯 IGDB Match: 'Recipe For Disaster' (100%)
2026-05-15 18:05:27,493 - INFO - 📅 Fetching Basic Metadata: World of Warships — Starter Pack: Ishizuchi
2026-05-15 18:05:27,788 - INFO - 🎯 IGDB Match: 'World of Warships: Starter Pack - Ishizuchi' (98%)
2026-05-15 18:05:27,795 - INFO - 📅 Fetching Basic Metadata: Poker Club
2026-05-15 18:05:27,971 - INFO - 🎯 IGDB Match: 'Poker Club' (100%)
2026-05-15 18:05:27,978 - INFO - 📅 Fetching Basic Metadata: The Sims 4 The Daring Lifestyle Bundle
2026-05-15 18:05:28,190 - INFO - 🎯 IGDB Match: 'The Sims 4: The Daring Lifestyle Bundle' (99%)
2026-05-15 18:05:28,198 - INFO - 📅 Fetching Basic Metadata: Dodo Peak
2026-05-15 18:05:28,412 - INFO - 🎯 IGDB Match: 'Dodo Peak' (100%)
2026-05-15 18:05:28,419 - INFO - 📅 Fetching Basic Metadata: Spelldrifter
2026-05-15 18:05:28,591 - INFO - 🎯 IGDB Match: 'Spelldrifter' (100%)
2026-05-15 18:05:28,597 - INFO - 📅 Fetching Basic Metadata: Model Builder
2026-05-15 18:05:28,887 - INFO - 🎯 IGDB Match: 'Model Builder' (100%)
2026-05-15 18:05:28,893 - INFO - 📅 Fetching Basic Metadata: Godlike Burger
2026-05-15 18:05:29,029 - INFO - 🎯 IGDB Match: 'Godlike Burger' (100%)
2026-05-15 18:05:29,035 - INFO - 📅 Fetching Basic Metadata: Q.U.B.E. Ultimate Bundle
2026-05-15 18:05:29,165 - INFO - 🎯 IGDB Match: 'Q.U.B.E. Ultimate Bundle' (100%)
2026-05-15 18:05:29,173 - INFO - 📅 Fetching Basic Metadata: Jitsu Squad
2026-05-15 18:05:29,405 - INFO - 🎯 IGDB Match: 'Jitsu Squad' (100%)
2026-05-15 18:05:29,411 - INFO - 📅 Fetching Basic Metadata: Mighty Fight Federation
2026-05-15 18:05:29,540 - INFO - 🎯 IGDB Match: 'Mighty Fight Federation' (100%)
2026-05-15 18:05:29,549 - INFO - 📅 Fetching Basic Metadata: LOVE
2026-05-15 18:05:29,810 - INFO - 🎯 IGDB Match: 'Love Love Love' (90%)
2026-05-15 18:05:29,818 - INFO - 📅 Fetching Basic Metadata: Call of The Wild: The Angler
2026-05-15 18:05:30,076 - INFO - 🎯 IGDB Match: 'Call of the Wild: The Angler' (100%)
2026-05-15 18:05:30,084 - INFO - 📅 Fetching Basic Metadata: The Falconeer
2026-05-15 18:05:30,207 - INFO - 🎯 IGDB Match: 'The Falconeer: The Hunter' (90%)
2026-05-15 18:05:30,214 - INFO - 📅 Fetching Basic Metadata: Rawmen: Food Fighter Arena
2026-05-15 18:05:30,449 - INFO - 🎯 IGDB Match: 'Rawmen' (90%)
2026-05-15 18:05:30,455 - INFO - 📅 Fetching Basic Metadata: World of Warships – Starter Pack: Albany
2026-05-15 18:05:30,681 - INFO - 📅 Fetching Basic Metadata: Fallout Classic Edition
2026-05-15 18:05:30,825 - INFO - 📅 Fetching Basic Metadata: Outliver: Tribulation
2026-05-15 18:05:30,946 - INFO - 🎯 IGDB Match: 'Outliver: Tribulation' (100%)
2026-05-15 18:05:30,953 - INFO - 📅 Fetching Basic Metadata: Bus Simulator 21 Next Stop
2026-05-15 18:05:31,127 - INFO - 🎯 IGDB Match: 'Bus Simulator 21: Next Stop' (98%)
2026-05-15 18:05:31,135 - INFO - 📅 Fetching Basic Metadata: Turmoil
2026-05-15 18:05:31,289 - INFO - 🎯 IGDB Match: 'Turmoil' (100%)
2026-05-15 18:05:31,296 - INFO - 📅 Fetching Basic Metadata: World War Z Aftermath
2026-05-15 18:05:31,563 - INFO - 🎯 IGDB Match: 'World War Z: Aftermath' (98%)
2026-05-15 18:05:31,570 - INFO - 📅 Fetching Basic Metadata: World Of Warships – Anniversary Party Flavor
2026-05-15 18:05:31,848 - INFO - 📅 Fetching Basic Metadata: Neko Ghost, Jump!
2026-05-15 18:05:32,046 - INFO - 🎯 IGDB Match: 'Neko Ghost, Jump!' (100%)
2026-05-15 18:05:32,053 - INFO - 📅 Fetching Basic Metadata: Super Space Club
2026-05-15 18:05:32,262 - INFO - 🎯 IGDB Match: 'Super Space Club' (100%)
2026-05-15 18:05:32,268 - INFO - 📅 Fetching Basic Metadata: Touch Type Tale
2026-05-15 18:05:32,398 - INFO - 🎯 IGDB Match: 'Touch Type Tale' (100%)
2026-05-15 18:05:32,405 - INFO - 📅 Fetching Basic Metadata: Gigapocalypse
2026-05-15 18:05:32,531 - INFO - 🎯 IGDB Match: 'Gigapocalypse' (100%)
2026-05-15 18:05:32,539 - INFO - 📅 Fetching Basic Metadata: Legion TD2
2026-05-15 18:05:32,669 - INFO - 📅 Fetching Basic Metadata: Nightingale
2026-05-15 18:05:32,944 - INFO - 🎯 IGDB Match: 'Nightingale' (100%)
2026-05-15 18:05:32,951 - INFO - 📅 Fetching Basic Metadata: Godzilla Voxel Wars
2026-05-15 18:05:33,214 - INFO - 🎯 IGDB Match: 'Godzilla Voxel Wars' (100%)
2026-05-15 18:05:33,222 - INFO - 📅 Fetching Basic Metadata: Trine Classic Collection
2026-05-15 18:05:33,595 - INFO - 🎯 IGDB Match: 'Trine Classic Collection' (100%)
2026-05-15 18:05:33,602 - INFO - 📅 Fetching Basic Metadata: Poison Retro Set
2026-05-15 18:05:33,868 - INFO - 🎯 IGDB Match: 'Pixel Gun 3D: Poison Retro Set' (90%)
2026-05-15 18:05:33,874 - INFO - 📅 Fetching Basic Metadata: The Darkside Detective A Fumble in the Dark
2026-05-15 18:05:34,008 - INFO - 🎯 IGDB Match: 'The Darkside Detective: A Fumble in the Dark' (99%)
2026-05-15 18:05:34,015 - INFO - 📅 Fetching Basic Metadata: Return to Ash
2026-05-15 18:05:34,149 - INFO - 🎯 IGDB Match: 'Return to Ash' (100%)
2026-05-15 18:05:34,155 - INFO - 🏢 Publisher Search: STALCRAFT: X Starter Edition
2026-05-15 18:05:35,631 - INFO - 📅 Fetching Basic Metadata: STALCRAFT: X Starter Edition
2026-05-15 18:05:35,761 - INFO - 📅 Fetching Basic Metadata: Boxes: Lost Fragments
2026-05-15 18:05:35,883 - INFO - 🎯 IGDB Match: 'Boxes: Lost Fragments' (100%)
2026-05-15 18:05:35,890 - INFO - 📅 Fetching Basic Metadata: My Night Job
2026-05-15 18:05:36,033 - INFO - 🎯 IGDB Match: 'My Night Job' (100%)
2026-05-15 18:05:36,041 - INFO - 📅 Fetching Basic Metadata: Electrician Simulator
2026-05-15 18:05:36,209 - INFO - 🎯 IGDB Match: 'Electrician Simulator' (100%)
2026-05-15 18:05:36,216 - INFO - 🏢 Publisher Search: World of Warships — Epic Anniversary Tachibana Pack
2026-05-15 18:05:37,588 - INFO - 📅 Fetching Basic Metadata: World of Warships — Epic Anniversary Tachibana Pack
2026-05-15 18:05:37,728 - INFO - 📅 Fetching Basic Metadata: Hyper Echelon
2026-05-15 18:05:37,860 - INFO - 🎯 IGDB Match: 'Hyper Echelon' (100%)
2026-05-15 18:05:37,866 - INFO - 📅 Fetching Basic Metadata: Havendock
2026-05-15 18:05:38,001 - INFO - 🎯 IGDB Match: 'Havendock' (100%)
2026-05-15 18:05:38,007 - INFO - 📅 Fetching Basic Metadata: Clone Drone in the Danger Zone
2026-05-15 18:05:38,139 - INFO - 🎯 IGDB Match: 'Clone Drone in the Danger Zone' (100%)
2026-05-15 18:05:38,145 - INFO - 🏢 Publisher Search: TOMAK: Save the Earth Regeneration
2026-05-15 18:05:39,485 - INFO - 📅 Fetching Basic Metadata: TOMAK: Save the Earth Regeneration
2026-05-15 18:05:39,615 - INFO - 🎯 IGDB Match: 'Tomak: Save the Earth Regeneration' (100%)
2026-05-15 18:05:39,621 - INFO - 📅 Fetching Basic Metadata: Prop Sumo
2026-05-15 18:05:39,761 - INFO - 🎯 IGDB Match: 'Prop Sumo' (100%)
2026-05-15 18:05:39,768 - INFO - 📅 Fetching Basic Metadata: The Stone of Madness
2026-05-15 18:05:39,987 - INFO - 🎯 IGDB Match: 'The Stone of Madness' (100%)
2026-05-15 18:05:39,993 - INFO - 📅 Fetching Basic Metadata: Firestone Online Idle RPG
2026-05-15 18:05:40,118 - INFO - 🎯 IGDB Match: 'Firestone: Online Idle RPG' (98%)
2026-05-15 18:05:40,125 - INFO - 📅 Fetching Basic Metadata: Oddsparks: An Automation Adventure
2026-05-15 18:05:40,245 - INFO - 🎯 IGDB Match: 'Oddsparks: An Automation Adventure' (100%)
2026-05-15 18:05:40,252 - INFO - 📅 Fetching Basic Metadata: Trash Goblin
2026-05-15 18:05:40,386 - INFO - 🎯 IGDB Match: 'Trash Goblin' (100%)
2026-05-15 18:05:40,392 - INFO - 🏢 Publisher Search: The Telltale Batman Shadows Edition
2026-05-15 18:05:41,774 - INFO - 📅 Fetching Basic Metadata: The Telltale Batman Shadows Edition
2026-05-15 18:05:41,908 - INFO - 🎯 IGDB Match: 'Telltale Batman Shadows Edition' (95%)
2026-05-15 18:05:41,914 - INFO - 🏢 Publisher Search: Sunderfolk - Standard Edition
2026-05-15 18:05:43,282 - INFO - 📅 Fetching Basic Metadata: Sunderfolk - Standard Edition
2026-05-15 18:05:43,429 - INFO - 
--- Starting Data Quality Checks ---
2026-05-15 18:05:43,441 - INFO - --- Data Quality Checks Complete ---

2026-05-15 18:05:43,470 - INFO - | Metric | Statistics |
| :--- | :--- |
| 💰 **Total Market Value** | **$12,943.17** |
| 📦 **Total Games Collected** | 672 |
| 🏷️ **Average Retail Price** | $22.37 per game |
| 💎 **Most Expensive Title** | Civilization 6 Platinum Edition ($79.99) |
| 👑 **MVP Publisher** | Bethesda Softworks |
| 🏢 **Value Leaders** | 2K ($579.90), Bethesda Softworks ($544.80), Paradox Interactive ($409.89) |
| 📈 **Inflation-Adjusted Value** | $14,740.41 |
| 🎈 **Inflation Bonus** | **+$1,797.24** in purchasing power |
| 🗓️ **Peak Saving Month** | 🎄 **Seasonality Peak:** December is historically the best month, offering $3,388.17 in savings. |
| ⭐ **Average Score** | 76.8/100 |
| 💳 **Subscription Equivalent** | **$168.91 / mo** |
| 🎯 **Prestige Ratio** | **1.9%** (Strategic Hype) |
| 🏎️ **Lead Time Avg** | 447 Days to Sequel |

2026-05-15 18:05:43,470 - INFO - ✅ README.md updated.
2026-05-15 18:05:43,494 - INFO - Using categorical units to plot a list of strings that are all parsable as floats or dates. If these strings should be plotted as numbers, cast to the appropriate data type before plotting.
2026-05-15 18:05:43,495 - INFO - Using categorical units to plot a list of strings that are all parsable as floats or dates. If these strings should be plotted as numbers, cast to the appropriate data type before plotting.
2026-05-15 18:05:48,573 - INFO - 📈 All charts generated successfully.
