2026-04-20 17:35:29,723 - INFO - Failed to extract font properties from /usr/share/fonts/truetype/noto/NotoColorEmoji.ttf: Can not load face (unknown file format; error code 0x2)
2026-04-20 17:35:29,779 - INFO - generated new fontManager
2026-04-20 17:35:30,107 - INFO - ✅ Migration Successful!
2026-04-20 17:35:30,347 - INFO - No new games found.
2026-04-20 17:35:30,978 - INFO - 🔍 Found 589 games needing metadata. Starting IGDB + Steam + CheapShark enrichment...
2026-04-20 17:35:31,078 - INFO - 📅 Fetching Basic Metadata: LEGO Batman Trilogy
2026-04-20 17:35:31,389 - INFO - 🎯 IGDB Match: 'LEGO Batman Trilogy' (100%)
2026-04-20 17:35:31,416 - INFO - 📅 Fetching Basic Metadata: Antstream
2026-04-20 17:35:31,720 - INFO - 📅 Fetching Basic Metadata: The Drone Racing League Simulator
2026-04-20 17:35:31,905 - INFO - 🎯 IGDB Match: 'The Drone Racing League Simulator' (100%)
2026-04-20 17:35:31,912 - INFO - 📅 Fetching Basic Metadata: Dark Deity
2026-04-20 17:35:32,093 - INFO - 🎯 IGDB Match: 'Dark Deity' (100%)
2026-04-20 17:35:32,099 - INFO - 📅 Fetching Basic Metadata: RPG in a Box
2026-04-20 17:35:32,304 - INFO - 🎯 IGDB Match: 'RPG in a Box' (100%)
2026-04-20 17:35:32,311 - INFO - 📅 Fetching Basic Metadata: Fallout Classic Collection
2026-04-20 17:35:32,551 - INFO - 🎯 IGDB Match: 'Fallout Classic Collection' (100%)
2026-04-20 17:35:32,559 - INFO - 📅 Fetching Basic Metadata: Recipe for Disaster
2026-04-20 17:35:32,798 - INFO - 🎯 IGDB Match: 'Recipe For Disaster' (100%)
2026-04-20 17:35:32,805 - INFO - 📅 Fetching Basic Metadata: World of Warships — Starter Pack: Ishizuchi
2026-04-20 17:35:33,056 - INFO - 🎯 IGDB Match: 'World of Warships: Starter Pack - Ishizuchi' (98%)
2026-04-20 17:35:33,063 - INFO - 📅 Fetching Basic Metadata: Poker Club
2026-04-20 17:35:33,280 - INFO - 🎯 IGDB Match: 'Poker Club' (100%)
2026-04-20 17:35:33,287 - INFO - 📅 Fetching Basic Metadata: The Sims 4 The Daring Lifestyle Bundle
2026-04-20 17:35:33,424 - INFO - 🎯 IGDB Match: 'The Sims 4: The Daring Lifestyle Bundle' (99%)
2026-04-20 17:35:33,432 - INFO - 📅 Fetching Basic Metadata: Dodo Peak
2026-04-20 17:35:33,562 - INFO - 🎯 IGDB Match: 'Dodo Peak' (100%)
2026-04-20 17:35:33,568 - INFO - 📅 Fetching Basic Metadata: Spelldrifter
2026-04-20 17:35:33,691 - INFO - 🎯 IGDB Match: 'Spelldrifter' (100%)
2026-04-20 17:35:33,698 - INFO - 📅 Fetching Basic Metadata: Model Builder
2026-04-20 17:35:33,964 - INFO - 🎯 IGDB Match: 'Model Builder' (100%)
2026-04-20 17:35:33,971 - INFO - 📅 Fetching Basic Metadata: Godlike Burger
2026-04-20 17:35:34,118 - INFO - 🎯 IGDB Match: 'Godlike Burger' (100%)
2026-04-20 17:35:34,125 - INFO - 📅 Fetching Basic Metadata: Q.U.B.E. Ultimate Bundle
2026-04-20 17:35:34,268 - INFO - 🎯 IGDB Match: 'Q.U.B.E. Ultimate Bundle' (100%)
2026-04-20 17:35:34,276 - INFO - 📅 Fetching Basic Metadata: Jitsu Squad
2026-04-20 17:35:34,445 - INFO - 🎯 IGDB Match: 'Jitsu Squad' (100%)
2026-04-20 17:35:34,452 - INFO - 📅 Fetching Basic Metadata: Mighty Fight Federation
2026-04-20 17:35:34,714 - INFO - 🎯 IGDB Match: 'Mighty Fight Federation' (100%)
2026-04-20 17:35:34,723 - INFO - 📅 Fetching Basic Metadata: LOVE
2026-04-20 17:35:34,897 - INFO - 🎯 IGDB Match: 'Love Love Love' (90%)
2026-04-20 17:35:34,905 - INFO - 📅 Fetching Basic Metadata: Call of The Wild: The Angler
2026-04-20 17:35:35,047 - INFO - 🎯 IGDB Match: 'Call of the Wild: The Angler' (100%)
2026-04-20 17:35:35,056 - INFO - 📅 Fetching Basic Metadata: The Falconeer
2026-04-20 17:35:35,192 - INFO - 🎯 IGDB Match: 'The Falconeer: The Hunter' (90%)
2026-04-20 17:35:35,199 - INFO - 📅 Fetching Basic Metadata: Rawmen: Food Fighter Arena
2026-04-20 17:35:35,338 - INFO - 🎯 IGDB Match: 'Rawmen' (90%)
2026-04-20 17:35:35,345 - INFO - 📅 Fetching Basic Metadata: World of Warships – Starter Pack: Albany
2026-04-20 17:35:35,613 - INFO - 📅 Fetching Basic Metadata: Fallout Classic Edition
2026-04-20 17:35:35,775 - INFO - 📅 Fetching Basic Metadata: Outliver: Tribulation
2026-04-20 17:35:35,909 - INFO - 🎯 IGDB Match: 'Outliver: Tribulation' (100%)
2026-04-20 17:35:35,917 - INFO - 📅 Fetching Basic Metadata: Bus Simulator 21 Next Stop
2026-04-20 17:35:36,117 - INFO - 🎯 IGDB Match: 'Bus Simulator 21: Next Stop' (98%)
2026-04-20 17:35:36,126 - INFO - 📅 Fetching Basic Metadata: Turmoil
2026-04-20 17:35:36,298 - INFO - 🎯 IGDB Match: 'Turmoil' (100%)
2026-04-20 17:35:36,306 - INFO - 📅 Fetching Basic Metadata: World War Z Aftermath
2026-04-20 17:35:36,439 - INFO - 🎯 IGDB Match: 'World War Z: Aftermath' (98%)
2026-04-20 17:35:36,446 - INFO - 📅 Fetching Basic Metadata: World Of Warships – Anniversary Party Flavor
2026-04-20 17:35:36,827 - INFO - 📅 Fetching Basic Metadata: Neko Ghost, Jump!
2026-04-20 17:35:37,039 - INFO - 🎯 IGDB Match: 'Neko Ghost, Jump!' (100%)
2026-04-20 17:35:37,046 - INFO - 📅 Fetching Basic Metadata: Super Space Club
2026-04-20 17:35:37,412 - INFO - 🎯 IGDB Match: 'Super Space Club' (100%)
2026-04-20 17:35:37,418 - INFO - 📅 Fetching Basic Metadata: Touch Type Tale
2026-04-20 17:35:37,555 - INFO - 🎯 IGDB Match: 'Touch Type Tale' (100%)
2026-04-20 17:35:37,561 - INFO - 📅 Fetching Basic Metadata: Gigapocalypse
2026-04-20 17:35:37,743 - INFO - 🎯 IGDB Match: 'Gigapocalypse' (100%)
2026-04-20 17:35:37,751 - INFO - 📅 Fetching Basic Metadata: Legion TD2
2026-04-20 17:35:37,960 - WARNING - IGDB Error for Legion TD2: string indices must be integers, not 'str'
2026-04-20 17:35:37,970 - INFO - 📅 Fetching Basic Metadata: Nightingale
2026-04-20 17:35:38,175 - WARNING - IGDB Error for Nightingale: string indices must be integers, not 'str'
2026-04-20 17:35:38,184 - INFO - 📅 Fetching Basic Metadata: Godzilla Voxel Wars
2026-04-20 17:35:38,304 - WARNING - IGDB Error for Godzilla Voxel Wars: string indices must be integers, not 'str'
2026-04-20 17:35:38,313 - INFO - 📅 Fetching Basic Metadata: Trine Classic Collection
2026-04-20 17:35:38,439 - WARNING - IGDB Error for Trine Classic Collection: string indices must be integers, not 'str'
2026-04-20 17:35:38,447 - INFO - 📅 Fetching Basic Metadata: Poison Retro Set
2026-04-20 17:35:38,583 - INFO - 🎯 IGDB Match: 'Pixel Gun 3D: Poison Retro Set' (90%)
2026-04-20 17:35:38,589 - INFO - 📅 Fetching Basic Metadata: The Darkside Detective A Fumble in the Dark
2026-04-20 17:35:38,714 - INFO - 🎯 IGDB Match: 'The Darkside Detective: A Fumble in the Dark' (99%)
2026-04-20 17:35:38,721 - INFO - 📅 Fetching Basic Metadata: Return to Ash
2026-04-20 17:35:38,853 - INFO - 🎯 IGDB Match: 'Return to Ash' (100%)
2026-04-20 17:35:38,860 - INFO - 🏢 Publisher Search: STALCRAFT: X Starter Edition
2026-04-20 17:35:40,291 - INFO - 📅 Fetching Basic Metadata: STALCRAFT: X Starter Edition
2026-04-20 17:35:40,432 - INFO - 📅 Fetching Basic Metadata: Boxes: Lost Fragments
2026-04-20 17:35:40,597 - INFO - 🎯 IGDB Match: 'Boxes: Lost Fragments' (100%)
2026-04-20 17:35:40,603 - INFO - 📅 Fetching Basic Metadata: My Night Job
2026-04-20 17:35:40,738 - INFO - 🎯 IGDB Match: 'My Night Job' (100%)
2026-04-20 17:35:40,745 - INFO - 📅 Fetching Basic Metadata: Electrician Simulator
2026-04-20 17:35:40,884 - INFO - 🎯 IGDB Match: 'Electrician Simulator' (100%)
2026-04-20 17:35:40,890 - INFO - 🏢 Publisher Search: World of Warships — Epic Anniversary Tachibana Pack
2026-04-20 17:35:42,249 - INFO - 📅 Fetching Basic Metadata: World of Warships — Epic Anniversary Tachibana Pack
2026-04-20 17:35:42,543 - INFO - 📅 Fetching Basic Metadata: Hyper Echelon
2026-04-20 17:35:42,709 - INFO - 🎯 IGDB Match: 'Hyper Echelon' (100%)
2026-04-20 17:35:42,715 - INFO - 📅 Fetching Basic Metadata: Havendock
2026-04-20 17:35:42,969 - INFO - 🎯 IGDB Match: 'Havendock' (100%)
2026-04-20 17:35:42,975 - INFO - 📅 Fetching Basic Metadata: Clone Drone in the Danger Zone
2026-04-20 17:35:43,105 - INFO - 🎯 IGDB Match: 'Clone Drone in the Danger Zone' (100%)
2026-04-20 17:35:43,111 - INFO - 🏢 Publisher Search: TOMAK: Save the Earth Regeneration
2026-04-20 17:35:44,558 - INFO - 📅 Fetching Basic Metadata: TOMAK: Save the Earth Regeneration
2026-04-20 17:35:44,794 - INFO - 🎯 IGDB Match: 'Tomak: Save the Earth Regeneration' (100%)
2026-04-20 17:35:44,800 - INFO - 📅 Fetching Basic Metadata: Prop Sumo
2026-04-20 17:35:45,068 - INFO - 🎯 IGDB Match: 'Prop Sumo' (100%)
2026-04-20 17:35:45,074 - INFO - 📅 Fetching Basic Metadata: The Stone of Madness
2026-04-20 17:35:45,344 - INFO - 🎯 IGDB Match: 'The Stone of Madness' (100%)
2026-04-20 17:35:45,354 - INFO - 
--- Starting Data Quality Checks ---
2026-04-20 17:35:45,367 - INFO - --- Data Quality Checks Complete ---

2026-04-20 17:35:45,396 - INFO - | Metric | Statistics |
| :--- | :--- |
| 💰 **Total Market Value** | **$12,808.22** |
| 📦 **Total Games Collected** | 665 |
| 🏷️ **Average Retail Price** | $22.40 per game |
| 💎 **Most Expensive Title** | Civilization 6 Platinum Edition ($79.99) |
| 👑 **MVP Publisher** | Bethesda Softworks |
| 🏢 **Value Leaders** | 2K ($579.90), Bethesda Softworks ($544.80), Paradox Interactive ($409.89) |
| 📈 **Inflation-Adjusted Value** | $14,605.46 |
| 🎈 **Inflation Bonus** | **+$1,797.24** in purchasing power |
| 🗓️ **Peak Saving Month** | 🎄 **Seasonality Peak:** December is historically the best month, offering $3,388.17 in savings. |
| ⭐ **Average Score** | 76.7/100 |
| 💳 **Subscription Equivalent** | **$169.29 / mo** |
| 🎯 **Prestige Ratio** | **2.0%** (Strategic Hype) |
| 🏎️ **Lead Time Avg** | 447 Days to Sequel |

2026-04-20 17:35:45,397 - INFO - ✅ README.md updated.
2026-04-20 17:35:45,420 - INFO - Using categorical units to plot a list of strings that are all parsable as floats or dates. If these strings should be plotted as numbers, cast to the appropriate data type before plotting.
2026-04-20 17:35:45,421 - INFO - Using categorical units to plot a list of strings that are all parsable as floats or dates. If these strings should be plotted as numbers, cast to the appropriate data type before plotting.
2026-04-20 17:35:50,975 - INFO - 📈 All charts generated successfully.
