2026-04-03 17:03:45,272 - INFO - Failed to extract font properties from /usr/share/fonts/truetype/noto/NotoColorEmoji.ttf: Can not load face (unknown file format; error code 0x2)
2026-04-03 17:03:45,372 - INFO - generated new fontManager
2026-04-03 17:03:45,717 - INFO - ✅ Migration Successful!
2026-04-03 17:03:45,860 - INFO - No new games found.
2026-04-03 17:03:46,464 - INFO - 🔍 Found 587 games needing metadata. Starting IGDB + Steam + CheapShark enrichment...
2026-04-03 17:03:46,540 - INFO - 📅 Fetching Basic Metadata: LEGO Batman Trilogy
2026-04-03 17:03:47,065 - INFO - 🎯 IGDB Match: 'LEGO Batman Trilogy' (100%)
2026-04-03 17:03:47,091 - INFO - 📅 Fetching Basic Metadata: Antstream
2026-04-03 17:03:47,324 - INFO - 📅 Fetching Basic Metadata: The Drone Racing League Simulator
2026-04-03 17:03:47,697 - INFO - 🎯 IGDB Match: 'The Drone Racing League Simulator' (100%)
2026-04-03 17:03:47,704 - INFO - 📅 Fetching Basic Metadata: Dark Deity
2026-04-03 17:03:47,941 - INFO - 🎯 IGDB Match: 'Dark Deity' (100%)
2026-04-03 17:03:47,947 - INFO - 📅 Fetching Basic Metadata: RPG in a Box
2026-04-03 17:03:48,204 - INFO - 🎯 IGDB Match: 'RPG in a Box' (100%)
2026-04-03 17:03:48,211 - INFO - 📅 Fetching Basic Metadata: Fallout Classic Collection
2026-04-03 17:03:48,470 - INFO - 🎯 IGDB Match: 'Fallout Classic Collection' (100%)
2026-04-03 17:03:48,478 - INFO - 📅 Fetching Basic Metadata: Recipe for Disaster
2026-04-03 17:03:48,704 - INFO - 🎯 IGDB Match: 'Recipe for Disaster' (100%)
2026-04-03 17:03:48,710 - INFO - 📅 Fetching Basic Metadata: World of Warships — Starter Pack: Ishizuchi
2026-04-03 17:03:48,940 - INFO - 🎯 IGDB Match: 'World of Warships: Starter Pack - Ishizuchi' (98%)
2026-04-03 17:03:48,947 - INFO - 📅 Fetching Basic Metadata: Poker Club
2026-04-03 17:03:49,101 - INFO - 🎯 IGDB Match: 'Poker Club' (100%)
2026-04-03 17:03:49,107 - INFO - 📅 Fetching Basic Metadata: The Sims 4 The Daring Lifestyle Bundle
2026-04-03 17:03:49,281 - INFO - 🎯 IGDB Match: 'The Sims 4: The Daring Lifestyle Bundle' (99%)
2026-04-03 17:03:49,289 - INFO - 📅 Fetching Basic Metadata: Dodo Peak
2026-04-03 17:03:49,506 - INFO - 🎯 IGDB Match: 'Dodo Peak' (100%)
2026-04-03 17:03:49,512 - INFO - 📅 Fetching Basic Metadata: Spelldrifter
2026-04-03 17:03:49,829 - INFO - 🎯 IGDB Match: 'Spelldrifter' (100%)
2026-04-03 17:03:49,835 - INFO - 📅 Fetching Basic Metadata: Model Builder
2026-04-03 17:03:49,957 - INFO - 🎯 IGDB Match: 'Model Builder' (100%)
2026-04-03 17:03:49,963 - INFO - 📅 Fetching Basic Metadata: Godlike Burger
2026-04-03 17:03:50,086 - INFO - 🎯 IGDB Match: 'Godlike Burger' (100%)
2026-04-03 17:03:50,092 - INFO - 📅 Fetching Basic Metadata: Q.U.B.E. Ultimate Bundle
2026-04-03 17:03:50,215 - INFO - 🎯 IGDB Match: 'Q.U.B.E. Ultimate Bundle' (100%)
2026-04-03 17:03:50,222 - INFO - 📅 Fetching Basic Metadata: Jitsu Squad
2026-04-03 17:03:50,562 - INFO - 🎯 IGDB Match: 'Jitsu Squad' (100%)
2026-04-03 17:03:50,567 - INFO - 📅 Fetching Basic Metadata: Mighty Fight Federation
2026-04-03 17:03:50,710 - INFO - 🎯 IGDB Match: 'Mighty Fight Federation' (100%)
2026-04-03 17:03:50,719 - INFO - 📅 Fetching Basic Metadata: LOVE
2026-04-03 17:03:50,993 - INFO - 🎯 IGDB Match: 'Love Love Love' (90%)
2026-04-03 17:03:51,001 - INFO - 📅 Fetching Basic Metadata: Call of The Wild: The Angler
2026-04-03 17:03:51,158 - INFO - 🎯 IGDB Match: 'Call of the Wild: The Angler' (100%)
2026-04-03 17:03:51,166 - INFO - 📅 Fetching Basic Metadata: The Falconeer
2026-04-03 17:03:51,480 - INFO - 🎯 IGDB Match: 'The Falconeer: The Hunter' (90%)
2026-04-03 17:03:51,486 - INFO - 📅 Fetching Basic Metadata: Rawmen: Food Fighter Arena
2026-04-03 17:03:51,607 - INFO - 🎯 IGDB Match: 'Rawmen' (90%)
2026-04-03 17:03:51,614 - INFO - 📅 Fetching Basic Metadata: World of Warships – Starter Pack: Albany
2026-04-03 17:03:51,847 - INFO - 📅 Fetching Basic Metadata: Fallout Classic Edition
2026-04-03 17:03:51,996 - INFO - 📅 Fetching Basic Metadata: Outliver: Tribulation
2026-04-03 17:03:52,158 - INFO - 🎯 IGDB Match: 'Outliver: Tribulation' (100%)
2026-04-03 17:03:52,166 - INFO - 📅 Fetching Basic Metadata: Bus Simulator 21 Next Stop
2026-04-03 17:03:52,291 - INFO - 🎯 IGDB Match: 'Bus Simulator 21: Next Stop' (98%)
2026-04-03 17:03:52,299 - INFO - 📅 Fetching Basic Metadata: Turmoil
2026-04-03 17:03:52,425 - INFO - 🎯 IGDB Match: 'Turmoil' (100%)
2026-04-03 17:03:52,432 - INFO - 📅 Fetching Basic Metadata: World War Z Aftermath
2026-04-03 17:03:52,558 - INFO - 🎯 IGDB Match: 'World War Z: Aftermath' (98%)
2026-04-03 17:03:52,564 - INFO - 📅 Fetching Basic Metadata: World Of Warships – Anniversary Party Flavor
2026-04-03 17:03:52,702 - INFO - 📅 Fetching Basic Metadata: Neko Ghost, Jump!
2026-04-03 17:03:52,973 - INFO - 🎯 IGDB Match: 'Neko Ghost, Jump!' (100%)
2026-04-03 17:03:52,979 - INFO - 📅 Fetching Basic Metadata: Super Space Club
2026-04-03 17:03:53,102 - INFO - 🎯 IGDB Match: 'Super Space Club' (100%)
2026-04-03 17:03:53,108 - INFO - 📅 Fetching Basic Metadata: Touch Type Tale
2026-04-03 17:03:53,236 - INFO - 🎯 IGDB Match: 'Touch Type Tale' (100%)
2026-04-03 17:03:53,242 - INFO - 📅 Fetching Basic Metadata: Gigapocalypse
2026-04-03 17:03:53,416 - INFO - 🎯 IGDB Match: 'Gigapocalypse' (100%)
2026-04-03 17:03:53,423 - INFO - 📅 Fetching Basic Metadata: Legion TD2
2026-04-03 17:03:53,562 - INFO - 📅 Fetching Basic Metadata: Nightingale
2026-04-03 17:03:53,743 - INFO - 🎯 IGDB Match: 'Nightingale' (100%)
2026-04-03 17:03:53,750 - INFO - 📅 Fetching Basic Metadata: Godzilla Voxel Wars
2026-04-03 17:03:53,873 - INFO - 🎯 IGDB Match: 'Godzilla Voxel Wars' (100%)
2026-04-03 17:03:53,881 - INFO - 📅 Fetching Basic Metadata: Trine Classic Collection
2026-04-03 17:03:54,093 - INFO - 🎯 IGDB Match: 'Trine Classic Collection' (100%)
2026-04-03 17:03:54,100 - INFO - 📅 Fetching Basic Metadata: Poison Retro Set
2026-04-03 17:03:54,220 - WARNING - IGDB Error for Poison Retro Set: string indices must be integers, not 'str'
2026-04-03 17:03:54,226 - INFO - 📅 Fetching Basic Metadata: The Darkside Detective A Fumble in the Dark
2026-04-03 17:03:54,415 - INFO - 🎯 IGDB Match: 'The Darkside Detective: A Fumble in the Dark' (99%)
2026-04-03 17:03:54,421 - INFO - 📅 Fetching Basic Metadata: Return to Ash
2026-04-03 17:03:54,542 - INFO - 🎯 IGDB Match: 'Return to Ash' (100%)
2026-04-03 17:03:54,548 - INFO - 🏢 Publisher Search: STALCRAFT: X Starter Edition
2026-04-03 17:03:55,920 - INFO - 📅 Fetching Basic Metadata: STALCRAFT: X Starter Edition
2026-04-03 17:03:56,212 - INFO - 📅 Fetching Basic Metadata: Boxes: Lost Fragments
2026-04-03 17:03:56,339 - INFO - 🎯 IGDB Match: 'Boxes: Lost Fragments' (100%)
2026-04-03 17:03:56,345 - INFO - 📅 Fetching Basic Metadata: My Night Job
2026-04-03 17:03:56,470 - INFO - 🎯 IGDB Match: 'My Night Job' (100%)
2026-04-03 17:03:56,477 - INFO - 📅 Fetching Basic Metadata: Electrician Simulator
2026-04-03 17:03:56,604 - INFO - 🎯 IGDB Match: 'Electrician Simulator' (100%)
2026-04-03 17:03:56,610 - INFO - 🏢 Publisher Search: World of Warships — Epic Anniversary Tachibana Pack
2026-04-03 17:03:57,963 - INFO - 📅 Fetching Basic Metadata: World of Warships — Epic Anniversary Tachibana Pack
2026-04-03 17:03:58,234 - INFO - 📅 Fetching Basic Metadata: Hyper Echelon
2026-04-03 17:03:58,448 - INFO - 🎯 IGDB Match: 'Hyper Echelon' (100%)
2026-04-03 17:03:58,454 - INFO - 📅 Fetching Basic Metadata: Havendock
2026-04-03 17:03:58,576 - INFO - 🎯 IGDB Match: 'Havendock' (100%)
2026-04-03 17:03:58,583 - INFO - 📅 Fetching Basic Metadata: Clone Drone in the Danger Zone
2026-04-03 17:03:58,708 - INFO - 🎯 IGDB Match: 'Clone Drone in the Danger Zone' (100%)
2026-04-03 17:03:58,714 - INFO - 🏢 Publisher Search: TOMAK: Save the Earth Regeneration
2026-04-03 17:04:00,064 - INFO - 📅 Fetching Basic Metadata: TOMAK: Save the Earth Regeneration
2026-04-03 17:04:00,232 - INFO - 🎯 IGDB Match: 'Tomak: Save the Earth Regeneration' (100%)
2026-04-03 17:04:00,242 - INFO - 
--- Starting Data Quality Checks ---
2026-04-03 17:04:00,255 - INFO - --- Data Quality Checks Complete ---

2026-04-03 17:04:00,284 - INFO - | Metric | Statistics |
| :--- | :--- |
| 💰 **Total Market Value** | **$12,768.24** |
| 📦 **Total Games Collected** | 663 |
| 🏷️ **Average Retail Price** | $22.41 per game |
| 💎 **Most Expensive Title** | Civilization 6 Platinum Edition ($79.99) |
| 👑 **MVP Publisher** | Bethesda Softworks |
| 🏢 **Value Leaders** | 2K ($579.90), Bethesda Softworks ($544.80), Paradox Interactive ($409.89) |
| 📈 **Inflation-Adjusted Value** | $14,565.48 |
| 🎈 **Inflation Bonus** | **+$1,797.24** in purchasing power |
| 🗓️ **Peak Saving Month** | 🎄 **Seasonality Peak:** December is historically the best month, offering $3,388.17 in savings. |
| ⭐ **Average Score** | 76.7/100 |
| 💳 **Subscription Equivalent** | **$168.84 / mo** |
| 🎯 **Prestige Ratio** | **2.0%** (Strategic Hype) |
| 🏎️ **Lead Time Avg** | 447 Days to Sequel |

2026-04-03 17:04:00,284 - INFO - ✅ README.md updated.
2026-04-03 17:04:00,307 - INFO - Using categorical units to plot a list of strings that are all parsable as floats or dates. If these strings should be plotted as numbers, cast to the appropriate data type before plotting.
2026-04-03 17:04:00,308 - INFO - Using categorical units to plot a list of strings that are all parsable as floats or dates. If these strings should be plotted as numbers, cast to the appropriate data type before plotting.
2026-04-03 17:04:05,873 - INFO - 📈 All charts generated successfully.
