2026-02-17 10:11:47,502 - INFO - ✅ Migration Successful!
2026-02-17 10:11:47,609 - INFO - No new games found.
2026-02-17 10:11:48,470 - INFO - 🔍 Found 649 games needing metadata. Starting IGDB + Steam + CheapShark enrichment...
2026-02-17 10:11:48,478 - INFO - 📅 Fetching Basic Metadata: LEGO Batman Trilogy
2026-02-17 10:11:49,053 - INFO - 🎯 IGDB Match: 'LEGO Batman Trilogy' (100%)
2026-02-17 10:11:49,074 - INFO - 📅 Fetching Basic Metadata: Antstream
2026-02-17 10:11:49,556 - INFO - 📅 Fetching Basic Metadata: The Drone Racing League Simulator
2026-02-17 10:11:50,005 - INFO - 🎯 IGDB Match: 'The Drone Racing League Simulator' (100%)
2026-02-17 10:11:50,016 - INFO - 📅 Fetching Basic Metadata: Dark Deity
2026-02-17 10:11:50,482 - INFO - 🎯 IGDB Match: 'Dark Deity' (100%)
2026-02-17 10:11:50,493 - INFO - 📅 Fetching Basic Metadata: RPG in a Box
2026-02-17 10:11:50,944 - INFO - 🎯 IGDB Match: 'RPG in a Box' (100%)
2026-02-17 10:11:50,955 - INFO - 📅 Fetching Basic Metadata: Fallout Classic Collection
2026-02-17 10:11:51,414 - INFO - 🎯 IGDB Match: 'Fallout Classic Collection' (100%)
2026-02-17 10:11:51,426 - INFO - 📅 Fetching Basic Metadata: Recipe for Disaster
2026-02-17 10:11:51,622 - INFO - 🎯 IGDB Match: 'Recipe for Disaster' (100%)
2026-02-17 10:11:51,633 - INFO - 📅 Fetching Basic Metadata: World of Warships — Starter Pack: Ishizuchi
2026-02-17 10:11:52,181 - INFO - 🎯 IGDB Match: 'World of Warships: Starter Pack - Ishizuchi' (98%)
2026-02-17 10:11:52,193 - INFO - 📅 Fetching Basic Metadata: Poker Club
2026-02-17 10:11:52,700 - INFO - 🎯 IGDB Match: 'Poker Club' (100%)
2026-02-17 10:11:52,712 - INFO - 📅 Fetching Basic Metadata: The Sims 4 The Daring Lifestyle Bundle
2026-02-17 10:11:52,903 - INFO - 🎯 IGDB Match: 'The Sims 4: The Daring Lifestyle Bundle' (99%)
2026-02-17 10:11:52,922 - INFO - 📅 Fetching Basic Metadata: Dodo Peak
2026-02-17 10:11:53,367 - INFO - 🎯 IGDB Match: 'Dodo Peak' (100%)
2026-02-17 10:11:53,378 - INFO - 📅 Fetching Basic Metadata: Spelldrifter
2026-02-17 10:11:53,589 - INFO - 🎯 IGDB Match: 'Spelldrifter' (100%)
2026-02-17 10:11:53,600 - INFO - 📅 Fetching Basic Metadata: Model Builder
2026-02-17 10:11:53,779 - INFO - 🎯 IGDB Match: 'Model Builder' (100%)
2026-02-17 10:11:53,790 - INFO - 📅 Fetching Basic Metadata: Godlike Burger
2026-02-17 10:11:53,977 - INFO - 🎯 IGDB Match: 'Godlike Burger' (100%)
2026-02-17 10:11:53,988 - INFO - 📅 Fetching Basic Metadata: Q.U.B.E. Ultimate Bundle
2026-02-17 10:11:54,191 - INFO - 🎯 IGDB Match: 'Q.U.B.E. Ultimate Bundle' (100%)
2026-02-17 10:11:54,202 - INFO - 📅 Fetching Basic Metadata: Jitsu Squad
2026-02-17 10:11:54,682 - INFO - 🎯 IGDB Match: 'Jitsu Squad' (100%)
2026-02-17 10:11:54,693 - INFO - 📅 Fetching Basic Metadata: Mighty Fight Federation
2026-02-17 10:11:54,899 - INFO - 🎯 IGDB Match: 'Mighty Fight Federation' (100%)
2026-02-17 10:11:54,912 - INFO - 📅 Fetching Basic Metadata: LOVE
2026-02-17 10:11:55,154 - INFO - 🎯 IGDB Match: 'Love Love Love' (90%)
2026-02-17 10:11:55,166 - INFO - 📅 Fetching Basic Metadata: Call of The Wild: The Angler
2026-02-17 10:11:55,716 - INFO - 🎯 IGDB Match: 'Call of the Wild: The Angler' (100%)
2026-02-17 10:11:55,728 - INFO - 📅 Fetching Basic Metadata: The Falconeer
2026-02-17 10:11:55,911 - INFO - 🎯 IGDB Match: 'The Falconeer: The Hunter' (90%)
2026-02-17 10:11:55,922 - INFO - 📅 Fetching Basic Metadata: Rawmen: Food Fighter Arena
2026-02-17 10:11:56,223 - INFO - 🎯 IGDB Match: 'Rawmen' (90%)
2026-02-17 10:11:56,234 - INFO - 📅 Fetching Basic Metadata: World of Warships – Starter Pack: Albany
2026-02-17 10:11:56,429 - INFO - 📅 Fetching Basic Metadata: Fallout Classic Edition
2026-02-17 10:11:56,915 - INFO - 📅 Fetching Basic Metadata: Outliver: Tribulation
2026-02-17 10:11:57,100 - INFO - 🎯 IGDB Match: 'Outliver: Tribulation' (100%)
2026-02-17 10:11:57,112 - INFO - 📅 Fetching Basic Metadata: Bus Simulator 21 Next Stop
2026-02-17 10:11:57,329 - INFO - 🎯 IGDB Match: 'Bus Simulator 21: Next Stop' (98%)
2026-02-17 10:11:57,341 - INFO - 📅 Fetching Basic Metadata: Turmoil
2026-02-17 10:11:57,578 - INFO - 🎯 IGDB Match: 'Turmoil' (100%)
2026-02-17 10:11:57,589 - INFO - 📅 Fetching Basic Metadata: World War Z Aftermath
2026-02-17 10:11:58,074 - INFO - 🎯 IGDB Match: 'World War Z: Aftermath' (98%)
2026-02-17 10:11:58,084 - INFO - 📅 Fetching Basic Metadata: World Of Warships – Anniversary Party Flavor
2026-02-17 10:11:58,311 - INFO - 📅 Fetching Basic Metadata: Neko Ghost, Jump!
2026-02-17 10:11:58,508 - INFO - 🎯 IGDB Match: 'Neko Ghost, Jump!' (100%)
2026-02-17 10:11:58,519 - INFO - 📅 Fetching Basic Metadata: Super Space Club
2026-02-17 10:11:58,774 - INFO - 🎯 IGDB Match: 'Super Space Club' (100%)
2026-02-17 10:11:58,785 - INFO - 📅 Fetching Basic Metadata: Touch Type Tale
2026-02-17 10:11:58,978 - INFO - 🎯 IGDB Match: 'Touch Type Tale' (100%)
2026-02-17 10:11:58,989 - INFO - 📅 Fetching Basic Metadata: Gigapocalypse
2026-02-17 10:11:59,188 - INFO - 🎯 IGDB Match: 'Gigapocalypse' (100%)
2026-02-17 10:11:59,200 - INFO - 📅 Fetching Basic Metadata: Legion TD2
2026-02-17 10:11:59,396 - INFO - 📅 Fetching Basic Metadata: Nightingale
2026-02-17 10:11:59,598 - INFO - 🎯 IGDB Match: 'Nightingale' (100%)
2026-02-17 10:11:59,610 - INFO - 📅 Fetching Basic Metadata: Godzilla Voxel Wars
2026-02-17 10:11:59,812 - INFO - 🎯 IGDB Match: 'Godzilla Voxel Wars' (100%)
2026-02-17 10:11:59,824 - INFO - 📅 Fetching Basic Metadata: Trine Classic Collection
2026-02-17 10:12:00,288 - INFO - 🎯 IGDB Match: 'Trine Classic Collection' (100%)
2026-02-17 10:12:00,299 - INFO - 📅 Fetching Basic Metadata: Poison Retro Set
2026-02-17 10:12:00,491 - INFO - 🎯 IGDB Match: 'Pixel Gun 3D: Poison Retro Set' (90%)
2026-02-17 10:12:00,501 - INFO - 📅 Fetching Basic Metadata: The Darkside Detective A Fumble in the Dark
2026-02-17 10:12:00,693 - INFO - 🎯 IGDB Match: 'The Darkside Detective: A Fumble in the Dark' (99%)
2026-02-17 10:12:00,706 - INFO - 
--- Starting Data Quality Checks ---
2026-02-17 10:12:00,720 - INFO - --- Data Quality Checks Complete ---

2026-02-17 10:12:00,739 - INFO - | Metric | Statistics |
| :--- | :--- |
| 💰 **Total Market Value** | **$12,547.36** |
| 📦 **Total Games Collected** | 649 |
| 🏷️ **Average Retail Price** | $22.53 per game |
| 💎 **Most Expensive Title** | Civilization 6 Platinum Edition ($79.99) |
| 👑 **MVP Publisher** | Bethesda Softworks |
| 🏢 **Value Leaders** | 2K ($579.90), Bethesda Softworks ($544.80), Paradox Interactive ($409.89) |
| 📈 **Inflation-Adjusted Value** | $14,344.60 |
| 🎈 **Inflation Bonus** | **+$1,797.24** in purchasing power |
| 🗓️ **Peak Saving Month** | 🎄 **Seasonality Peak:** December is historically the best month, offering $3,388.17 in savings. |
| ⭐ **Average Score** | 76.7/100 |
| 💳 **Subscription Equivalent** | **$170.06 / mo** |
| 🎯 **Prestige Ratio** | **2.3%** (Strategic Hype) |
| 🏎️ **Lead Time Avg** | 437 Days to Sequel |

2026-02-17 10:12:00,751 - INFO - ✅ README.md updated.
2026-02-17 10:12:00,923 - INFO - Using categorical units to plot a list of strings that are all parsable as floats or dates. If these strings should be plotted as numbers, cast to the appropriate data type before plotting.
2026-02-17 10:12:00,924 - INFO - Using categorical units to plot a list of strings that are all parsable as floats or dates. If these strings should be plotted as numbers, cast to the appropriate data type before plotting.
2026-02-17 10:12:04,410 - INFO - 📈 All charts generated successfully.
2026-02-17 11:07:07,614 - INFO - ✅ Migration Successful!
2026-02-17 11:07:07,701 - INFO - No new games found.
2026-02-17 11:07:08,544 - INFO - 🔍 Found 649 games needing metadata. Starting IGDB + Steam + CheapShark enrichment...
2026-02-17 11:07:08,552 - INFO - 📅 Fetching Basic Metadata: LEGO Batman Trilogy
2026-02-17 11:07:08,969 - INFO - 🎯 IGDB Match: 'LEGO Batman Trilogy' (100%)
2026-02-17 11:07:08,991 - INFO - 📅 Fetching Basic Metadata: Antstream
2026-02-17 11:07:09,470 - INFO - 📅 Fetching Basic Metadata: The Drone Racing League Simulator
2026-02-17 11:07:09,945 - INFO - 🎯 IGDB Match: 'The Drone Racing League Simulator' (100%)
2026-02-17 11:07:09,957 - INFO - 📅 Fetching Basic Metadata: Dark Deity
2026-02-17 11:07:10,153 - INFO - 🎯 IGDB Match: 'Dark Deity' (100%)
2026-02-17 11:07:10,164 - INFO - 📅 Fetching Basic Metadata: RPG in a Box
2026-02-17 11:07:10,743 - INFO - 🎯 IGDB Match: 'RPG in a Box' (100%)
2026-02-17 11:07:10,754 - INFO - 📅 Fetching Basic Metadata: Fallout Classic Collection
2026-02-17 11:07:11,245 - INFO - 🎯 IGDB Match: 'Fallout Classic Collection' (100%)
2026-02-17 11:07:11,257 - INFO - 📅 Fetching Basic Metadata: Recipe for Disaster
2026-02-17 11:07:11,811 - INFO - 🎯 IGDB Match: 'Recipe for Disaster' (100%)
2026-02-17 11:07:11,822 - INFO - 📅 Fetching Basic Metadata: World of Warships — Starter Pack: Ishizuchi
2026-02-17 11:07:12,015 - INFO - 🎯 IGDB Match: 'World of Warships: Starter Pack - Ishizuchi' (98%)
2026-02-17 11:07:12,027 - INFO - 📅 Fetching Basic Metadata: Poker Club
2026-02-17 11:07:12,523 - INFO - 🎯 IGDB Match: 'Poker Club' (100%)
2026-02-17 11:07:12,534 - INFO - 📅 Fetching Basic Metadata: The Sims 4 The Daring Lifestyle Bundle
2026-02-17 11:07:12,750 - INFO - 🎯 IGDB Match: 'The Sims 4: The Daring Lifestyle Bundle' (99%)
2026-02-17 11:07:12,762 - INFO - 📅 Fetching Basic Metadata: Dodo Peak
2026-02-17 11:07:12,941 - INFO - 🎯 IGDB Match: 'Dodo Peak' (100%)
2026-02-17 11:07:12,952 - INFO - 📅 Fetching Basic Metadata: Spelldrifter
2026-02-17 11:07:13,141 - INFO - 🎯 IGDB Match: 'Spelldrifter' (100%)
2026-02-17 11:07:13,152 - INFO - 📅 Fetching Basic Metadata: Model Builder
2026-02-17 11:07:13,447 - INFO - 🎯 IGDB Match: 'Model Builder' (100%)
2026-02-17 11:07:13,458 - INFO - 📅 Fetching Basic Metadata: Godlike Burger
2026-02-17 11:07:13,679 - INFO - 🎯 IGDB Match: 'Godlike Burger' (100%)
2026-02-17 11:07:13,690 - INFO - 📅 Fetching Basic Metadata: Q.U.B.E. Ultimate Bundle
2026-02-17 11:07:14,176 - INFO - 🎯 IGDB Match: 'Q.U.B.E. Ultimate Bundle' (100%)
2026-02-17 11:07:14,188 - INFO - 📅 Fetching Basic Metadata: Jitsu Squad
2026-02-17 11:07:14,389 - INFO - 🎯 IGDB Match: 'Jitsu Squad' (100%)
2026-02-17 11:07:14,400 - INFO - 📅 Fetching Basic Metadata: Mighty Fight Federation
2026-02-17 11:07:14,658 - INFO - 🎯 IGDB Match: 'Mighty Fight Federation' (100%)
2026-02-17 11:07:14,671 - INFO - 📅 Fetching Basic Metadata: LOVE
2026-02-17 11:07:14,909 - INFO - 🎯 IGDB Match: 'Love Love Love' (90%)
2026-02-17 11:07:14,921 - INFO - 📅 Fetching Basic Metadata: Call of The Wild: The Angler
2026-02-17 11:07:15,120 - INFO - 🎯 IGDB Match: 'Call of the Wild: The Angler' (100%)
2026-02-17 11:07:15,132 - INFO - 📅 Fetching Basic Metadata: The Falconeer
2026-02-17 11:07:15,336 - INFO - 🎯 IGDB Match: 'The Falconeer: The Hunter' (90%)
2026-02-17 11:07:15,347 - INFO - 📅 Fetching Basic Metadata: Rawmen: Food Fighter Arena
2026-02-17 11:07:15,573 - INFO - 🎯 IGDB Match: 'Rawmen' (90%)
2026-02-17 11:07:15,584 - INFO - 📅 Fetching Basic Metadata: World of Warships – Starter Pack: Albany
2026-02-17 11:07:15,814 - INFO - 📅 Fetching Basic Metadata: Fallout Classic Edition
2026-02-17 11:07:16,035 - INFO - 📅 Fetching Basic Metadata: Outliver: Tribulation
2026-02-17 11:07:16,513 - INFO - 🎯 IGDB Match: 'Outliver: Tribulation' (100%)
2026-02-17 11:07:16,524 - INFO - 📅 Fetching Basic Metadata: Bus Simulator 21 Next Stop
2026-02-17 11:07:16,706 - INFO - 🎯 IGDB Match: 'Bus Simulator 21: Next Stop' (98%)
2026-02-17 11:07:16,718 - INFO - 📅 Fetching Basic Metadata: Turmoil
2026-02-17 11:07:16,898 - INFO - 🎯 IGDB Match: 'Turmoil' (100%)
2026-02-17 11:07:16,909 - INFO - 📅 Fetching Basic Metadata: World War Z Aftermath
2026-02-17 11:07:17,115 - INFO - 🎯 IGDB Match: 'World War Z: Aftermath' (98%)
2026-02-17 11:07:17,126 - INFO - 📅 Fetching Basic Metadata: World Of Warships – Anniversary Party Flavor
2026-02-17 11:07:17,325 - INFO - 📅 Fetching Basic Metadata: Neko Ghost, Jump!
2026-02-17 11:07:17,521 - INFO - 🎯 IGDB Match: 'Neko Ghost, Jump!' (100%)
2026-02-17 11:07:17,532 - INFO - 📅 Fetching Basic Metadata: Super Space Club
2026-02-17 11:07:17,738 - INFO - 🎯 IGDB Match: 'Super Space Club' (100%)
2026-02-17 11:07:17,750 - INFO - 📅 Fetching Basic Metadata: Touch Type Tale
2026-02-17 11:07:17,937 - INFO - 🎯 IGDB Match: 'Touch Type Tale' (100%)
2026-02-17 11:07:17,948 - INFO - 📅 Fetching Basic Metadata: Gigapocalypse
2026-02-17 11:07:18,395 - INFO - 🎯 IGDB Match: 'Gigapocalypse' (100%)
2026-02-17 11:07:18,407 - INFO - 📅 Fetching Basic Metadata: Legion TD2
2026-02-17 11:07:18,613 - INFO - 📅 Fetching Basic Metadata: Nightingale
2026-02-17 11:07:18,793 - INFO - 🎯 IGDB Match: 'Nightingale' (100%)
2026-02-17 11:07:18,808 - INFO - 📅 Fetching Basic Metadata: Godzilla Voxel Wars
2026-02-17 11:07:18,999 - INFO - 🎯 IGDB Match: 'Godzilla Voxel Wars' (100%)
2026-02-17 11:07:19,011 - INFO - 📅 Fetching Basic Metadata: Trine Classic Collection
2026-02-17 11:07:19,196 - INFO - 🎯 IGDB Match: 'Trine Classic Collection' (100%)
2026-02-17 11:07:19,208 - INFO - 📅 Fetching Basic Metadata: Poison Retro Set
2026-02-17 11:07:19,389 - INFO - 🎯 IGDB Match: 'Pixel Gun 3D: Poison Retro Set' (90%)
2026-02-17 11:07:19,401 - INFO - 📅 Fetching Basic Metadata: The Darkside Detective A Fumble in the Dark
2026-02-17 11:07:19,581 - INFO - 🎯 IGDB Match: 'The Darkside Detective: A Fumble in the Dark' (99%)
2026-02-17 11:07:19,596 - INFO - 
--- Starting Data Quality Checks ---
2026-02-17 11:07:19,605 - INFO - --- Data Quality Checks Complete ---

2026-02-17 11:07:19,624 - INFO - | Metric | Statistics |
| :--- | :--- |
| 💰 **Total Market Value** | **$12,547.36** |
| 📦 **Total Games Collected** | 649 |
| 🏷️ **Average Retail Price** | $22.53 per game |
| 💎 **Most Expensive Title** | Civilization 6 Platinum Edition ($79.99) |
| 👑 **MVP Publisher** | Bethesda Softworks |
| 🏢 **Value Leaders** | 2K ($579.90), Bethesda Softworks ($544.80), Paradox Interactive ($409.89) |
| 📈 **Inflation-Adjusted Value** | $14,344.60 |
| 🎈 **Inflation Bonus** | **+$1,797.24** in purchasing power |
| 🗓️ **Peak Saving Month** | 🎄 **Seasonality Peak:** December is historically the best month, offering $3,388.17 in savings. |
| ⭐ **Average Score** | 76.7/100 |
| 💳 **Subscription Equivalent** | **$170.06 / mo** |
| 🎯 **Prestige Ratio** | **2.0%** (Strategic Hype) |
| 🏎️ **Lead Time Avg** | 447 Days to Sequel |

2026-02-17 11:07:19,639 - INFO - ✅ README.md updated.
2026-02-17 11:07:19,721 - INFO - Using categorical units to plot a list of strings that are all parsable as floats or dates. If these strings should be plotted as numbers, cast to the appropriate data type before plotting.
2026-02-17 11:07:19,722 - INFO - Using categorical units to plot a list of strings that are all parsable as floats or dates. If these strings should be plotted as numbers, cast to the appropriate data type before plotting.
2026-02-17 11:07:23,256 - INFO - 📈 All charts generated successfully.
