2026-07-04 17:33:54,528 - INFO - Failed to extract font properties from /usr/share/fonts/truetype/noto/NotoColorEmoji.ttf: Non-scalable fonts are not supported
2026-07-04 17:33:55,041 - INFO - generated new fontManager
2026-07-04 17:33:55,382 - INFO - ✅ Migration Successful!
2026-07-04 17:33:55,529 - INFO - No new games found.
2026-07-04 17:33:56,140 - INFO - 🔍 Found 609 games needing metadata. Starting IGDB + Steam + CheapShark enrichment...
2026-07-04 17:33:56,216 - INFO - 📅 Fetching Basic Metadata: LEGO Batman Trilogy
2026-07-04 17:33:56,483 - INFO - 🎯 IGDB Match: 'LEGO Batman Trilogy' (100%)
2026-07-04 17:33:56,506 - INFO - 📅 Fetching Basic Metadata: Antstream
2026-07-04 17:33:56,844 - INFO - 📅 Fetching Basic Metadata: The Drone Racing League Simulator
2026-07-04 17:33:57,070 - INFO - 🎯 IGDB Match: 'The Drone Racing League Simulator' (100%)
2026-07-04 17:33:57,078 - INFO - 📅 Fetching Basic Metadata: Dark Deity
2026-07-04 17:33:57,250 - INFO - 🎯 IGDB Match: 'Dark Deity' (100%)
2026-07-04 17:33:57,257 - INFO - 📅 Fetching Basic Metadata: RPG in a Box
2026-07-04 17:33:57,533 - INFO - 🎯 IGDB Match: 'RPG in a Box' (100%)
2026-07-04 17:33:57,540 - INFO - 📅 Fetching Basic Metadata: Fallout Classic Collection
2026-07-04 17:33:57,671 - INFO - 🎯 IGDB Match: 'Fallout Classic Collection' (100%)
2026-07-04 17:33:57,679 - INFO - 📅 Fetching Basic Metadata: Recipe for Disaster
2026-07-04 17:33:57,801 - INFO - 🎯 IGDB Match: 'Recipe For Disaster' (100%)
2026-07-04 17:33:57,808 - INFO - 📅 Fetching Basic Metadata: World of Warships — Starter Pack: Ishizuchi
2026-07-04 17:33:58,063 - INFO - 🎯 IGDB Match: 'World of Warships: Starter Pack - Ishizuchi' (98%)
2026-07-04 17:33:58,071 - INFO - 📅 Fetching Basic Metadata: Poker Club
2026-07-04 17:33:58,252 - INFO - 🎯 IGDB Match: 'Poker Club' (100%)
2026-07-04 17:33:58,259 - INFO - 📅 Fetching Basic Metadata: The Sims 4 The Daring Lifestyle Bundle
2026-07-04 17:33:58,460 - INFO - 🎯 IGDB Match: 'The Sims 4: The Daring Lifestyle Bundle' (99%)
2026-07-04 17:33:58,469 - INFO - 📅 Fetching Basic Metadata: Dodo Peak
2026-07-04 17:33:58,652 - INFO - 🎯 IGDB Match: 'Dodo Peak' (100%)
2026-07-04 17:33:58,659 - INFO - 📅 Fetching Basic Metadata: Spelldrifter
2026-07-04 17:33:58,828 - INFO - 🎯 IGDB Match: 'Spelldrifter' (100%)
2026-07-04 17:33:58,835 - INFO - 📅 Fetching Basic Metadata: Model Builder
2026-07-04 17:33:59,101 - INFO - 🎯 IGDB Match: 'Model Builder' (100%)
2026-07-04 17:33:59,107 - INFO - 📅 Fetching Basic Metadata: Godlike Burger
2026-07-04 17:33:59,285 - INFO - 🎯 IGDB Match: 'Godlike Burger' (100%)
2026-07-04 17:33:59,292 - INFO - 📅 Fetching Basic Metadata: Q.U.B.E. Ultimate Bundle
2026-07-04 17:33:59,542 - INFO - 🎯 IGDB Match: 'Q.U.B.E. Ultimate Bundle' (100%)
2026-07-04 17:33:59,550 - INFO - 📅 Fetching Basic Metadata: Jitsu Squad
2026-07-04 17:33:59,673 - INFO - 🎯 IGDB Match: 'Jitsu Squad' (100%)
2026-07-04 17:33:59,679 - INFO - 📅 Fetching Basic Metadata: Mighty Fight Federation
2026-07-04 17:33:59,813 - INFO - 🎯 IGDB Match: 'Mighty Fight Federation' (100%)
2026-07-04 17:33:59,822 - INFO - 📅 Fetching Basic Metadata: LOVE
2026-07-04 17:34:00,113 - INFO - 🎯 IGDB Match: 'Love Love Love' (90%)
2026-07-04 17:34:00,120 - INFO - 📅 Fetching Basic Metadata: Call of The Wild: The Angler
2026-07-04 17:34:00,246 - INFO - 🎯 IGDB Match: 'Call of the Wild: The Angler' (100%)
2026-07-04 17:34:00,254 - INFO - 📅 Fetching Basic Metadata: The Falconeer
2026-07-04 17:34:00,455 - INFO - 🎯 IGDB Match: 'The Falconeer: The Hunter' (90%)
2026-07-04 17:34:00,463 - INFO - 📅 Fetching Basic Metadata: Rawmen: Food Fighter Arena
2026-07-04 17:34:00,730 - INFO - 🎯 IGDB Match: 'Rawmen' (90%)
2026-07-04 17:34:00,737 - INFO - 📅 Fetching Basic Metadata: World of Warships – Starter Pack: Albany
2026-07-04 17:34:01,016 - INFO - 📅 Fetching Basic Metadata: Fallout Classic Edition
2026-07-04 17:34:01,152 - INFO - 📅 Fetching Basic Metadata: Outliver: Tribulation
2026-07-04 17:34:01,280 - INFO - 🎯 IGDB Match: 'Outliver: Tribulation' (100%)
2026-07-04 17:34:01,288 - INFO - 📅 Fetching Basic Metadata: Bus Simulator 21 Next Stop
2026-07-04 17:34:01,536 - INFO - 🎯 IGDB Match: 'Bus Simulator 21: Next Stop' (98%)
2026-07-04 17:34:01,544 - INFO - 📅 Fetching Basic Metadata: Turmoil
2026-07-04 17:34:01,772 - INFO - 🎯 IGDB Match: 'Turmoil' (100%)
2026-07-04 17:34:01,780 - INFO - 📅 Fetching Basic Metadata: World War Z Aftermath
2026-07-04 17:34:01,915 - INFO - 🎯 IGDB Match: 'World War Z: Aftermath' (98%)
2026-07-04 17:34:01,922 - INFO - 📅 Fetching Basic Metadata: World Of Warships – Anniversary Party Flavor
2026-07-04 17:34:02,054 - INFO - 📅 Fetching Basic Metadata: Neko Ghost, Jump!
2026-07-04 17:34:02,306 - INFO - 🎯 IGDB Match: 'Neko Ghost, Jump!' (100%)
2026-07-04 17:34:02,314 - INFO - 📅 Fetching Basic Metadata: Super Space Club
2026-07-04 17:34:02,485 - INFO - 🎯 IGDB Match: 'Super Space Club' (100%)
2026-07-04 17:34:02,492 - INFO - 📅 Fetching Basic Metadata: Touch Type Tale
2026-07-04 17:34:02,619 - INFO - 🎯 IGDB Match: 'Touch Type Tale' (100%)
2026-07-04 17:34:02,626 - INFO - 📅 Fetching Basic Metadata: Gigapocalypse
2026-07-04 17:34:02,755 - INFO - 🎯 IGDB Match: 'Gigapocalypse' (100%)
2026-07-04 17:34:02,763 - INFO - 📅 Fetching Basic Metadata: Legion TD2
2026-07-04 17:34:02,929 - INFO - 📅 Fetching Basic Metadata: Nightingale
2026-07-04 17:34:03,108 - INFO - 🎯 IGDB Match: 'Nightingale' (100%)
2026-07-04 17:34:03,116 - INFO - 📅 Fetching Basic Metadata: Godzilla Voxel Wars
2026-07-04 17:34:03,240 - INFO - 🎯 IGDB Match: 'Godzilla Voxel Wars' (100%)
2026-07-04 17:34:03,248 - INFO - 📅 Fetching Basic Metadata: Trine Classic Collection
2026-07-04 17:34:03,561 - INFO - 🎯 IGDB Match: 'Trine Classic Collection' (100%)
2026-07-04 17:34:03,568 - INFO - 📅 Fetching Basic Metadata: Poison Retro Set
2026-07-04 17:34:03,765 - INFO - 🎯 IGDB Match: 'Pixel Gun 3D: Poison Retro Set' (90%)
2026-07-04 17:34:03,772 - INFO - 📅 Fetching Basic Metadata: The Darkside Detective A Fumble in the Dark
2026-07-04 17:34:03,902 - INFO - 🎯 IGDB Match: 'The Darkside Detective: A Fumble in the Dark' (99%)
2026-07-04 17:34:03,909 - INFO - 📅 Fetching Basic Metadata: Return to Ash
2026-07-04 17:34:04,159 - INFO - 🎯 IGDB Match: 'Return to Ash' (100%)
2026-07-04 17:34:04,166 - INFO - 🏢 Publisher Search: STALCRAFT: X Starter Edition
2026-07-04 17:34:05,610 - INFO - 📅 Fetching Basic Metadata: STALCRAFT: X Starter Edition
2026-07-04 17:34:05,740 - INFO - 📅 Fetching Basic Metadata: Boxes: Lost Fragments
2026-07-04 17:34:05,868 - INFO - 🎯 IGDB Match: 'Boxes: Lost Fragments' (100%)
2026-07-04 17:34:05,875 - INFO - 📅 Fetching Basic Metadata: My Night Job
2026-07-04 17:34:05,997 - INFO - 🎯 IGDB Match: 'My Night Job' (100%)
2026-07-04 17:34:06,004 - INFO - 📅 Fetching Basic Metadata: Electrician Simulator
2026-07-04 17:34:06,127 - INFO - 🎯 IGDB Match: 'Electrician Simulator' (100%)
2026-07-04 17:34:06,134 - INFO - 🏢 Publisher Search: World of Warships — Epic Anniversary Tachibana Pack
2026-07-04 17:34:07,495 - INFO - 📅 Fetching Basic Metadata: World of Warships — Epic Anniversary Tachibana Pack
2026-07-04 17:34:07,731 - INFO - 📅 Fetching Basic Metadata: Hyper Echelon
2026-07-04 17:34:08,007 - INFO - 🎯 IGDB Match: 'Hyper Echelon' (100%)
2026-07-04 17:34:08,013 - INFO - 📅 Fetching Basic Metadata: Havendock
2026-07-04 17:34:08,272 - INFO - 🎯 IGDB Match: 'Havendock' (100%)
2026-07-04 17:34:08,279 - INFO - 📅 Fetching Basic Metadata: Clone Drone in the Danger Zone
2026-07-04 17:34:08,398 - INFO - 🎯 IGDB Match: 'Clone Drone in the Danger Zone' (100%)
2026-07-04 17:34:08,404 - INFO - 🏢 Publisher Search: TOMAK: Save the Earth Regeneration
2026-07-04 17:34:09,743 - INFO - 📅 Fetching Basic Metadata: TOMAK: Save the Earth Regeneration
2026-07-04 17:34:09,982 - INFO - 🎯 IGDB Match: 'Tomak: Save the Earth Regeneration' (100%)
2026-07-04 17:34:09,988 - INFO - 📅 Fetching Basic Metadata: Prop Sumo
2026-07-04 17:34:10,206 - INFO - 🎯 IGDB Match: 'Prop Sumo' (100%)
2026-07-04 17:34:10,213 - INFO - 📅 Fetching Basic Metadata: The Stone of Madness
2026-07-04 17:34:10,335 - INFO - 🎯 IGDB Match: 'The Stone of Madness' (100%)
2026-07-04 17:34:10,341 - INFO - 📅 Fetching Basic Metadata: Firestone Online Idle RPG
2026-07-04 17:34:10,470 - INFO - 🎯 IGDB Match: 'Firestone: Online Idle RPG' (98%)
2026-07-04 17:34:10,476 - INFO - 📅 Fetching Basic Metadata: Oddsparks: An Automation Adventure
2026-07-04 17:34:10,618 - INFO - 🎯 IGDB Match: 'Oddsparks: An Automation Adventure' (100%)
2026-07-04 17:34:10,625 - INFO - 📅 Fetching Basic Metadata: Trash Goblin
2026-07-04 17:34:10,754 - INFO - 🎯 IGDB Match: 'Trash Goblin' (100%)
2026-07-04 17:34:10,761 - INFO - 🏢 Publisher Search: The Telltale Batman Shadows Edition
2026-07-04 17:34:12,215 - INFO - 📅 Fetching Basic Metadata: The Telltale Batman Shadows Edition
2026-07-04 17:34:12,347 - INFO - 🎯 IGDB Match: 'Telltale Batman Shadows Edition' (95%)
2026-07-04 17:34:12,354 - INFO - 🏢 Publisher Search: Sunderfolk - Standard Edition
2026-07-04 17:34:13,706 - INFO - 📅 Fetching Basic Metadata: Sunderfolk - Standard Edition
2026-07-04 17:34:13,844 - INFO - 📅 Fetching Basic Metadata: Down in Bermuda
2026-07-04 17:34:13,969 - INFO - 🎯 IGDB Match: 'Down in Bermuda' (100%)
2026-07-04 17:34:13,975 - INFO - 📅 Fetching Basic Metadata: Tomb Raider I-III Remastered Starring Lara Croft
2026-07-04 17:34:14,113 - INFO - 📅 Fetching Basic Metadata: LONESTAR
2026-07-04 17:34:14,228 - INFO - 🎯 IGDB Match: 'LoneStar' (100%)
2026-07-04 17:34:14,235 - INFO - 📅 Fetching Basic Metadata: Calico
2026-07-04 17:34:14,364 - INFO - 🎯 IGDB Match: 'Calico' (100%)
2026-07-04 17:34:14,370 - INFO - 📅 Fetching Basic Metadata: Rogue Waters
2026-07-04 17:34:14,486 - INFO - 🎯 IGDB Match: 'Rogue Waters' (100%)
2026-07-04 17:34:14,493 - INFO - 📅 Fetching Basic Metadata: The Ouroboros King
2026-07-04 17:34:14,615 - INFO - 🎯 IGDB Match: 'The Ouroboros King' (100%)
2026-07-04 17:34:14,622 - INFO - 🏢 Publisher Search: Warhammer 40K Speed Freeks
2026-07-04 17:34:15,984 - INFO - 📅 Fetching Basic Metadata: I Have No Mouth, and I Must Scream
2026-07-04 17:34:16,112 - INFO - 🎯 IGDB Match: 'I Have No Mouth, and I Must Scream' (100%)
2026-07-04 17:34:16,124 - INFO - 
--- Starting Data Quality Checks ---
2026-07-04 17:34:16,137 - INFO - --- Data Quality Checks Complete ---

2026-07-04 17:34:16,165 - INFO - | Metric | Statistics |
| :--- | :--- |
| 💰 **Total Market Value** | **$13,238.03** |
| 📦 **Total Games Collected** | 686 |
| 🏷️ **Average Retail Price** | $22.34 per game |
| 💎 **Most Expensive Title** | Civilization 6 Platinum Edition ($79.99) |
| 👑 **MVP Publisher** | Bethesda Softworks |
| 🏢 **Value Leaders** | 2K ($579.90), Bethesda Softworks ($544.80), Paradox Interactive ($409.89) |
| 📈 **Inflation-Adjusted Value** | $15,035.27 |
| 🎈 **Inflation Bonus** | **+$1,797.24** in purchasing power |
| 🗓️ **Peak Saving Month** | 🎄 **Seasonality Peak:** December is historically the best month, offering $3,388.17 in savings. |
| ⭐ **Average Score** | 76.8/100 |
| 💳 **Subscription Equivalent** | **$168.44 / mo** |
| 🎯 **Prestige Ratio** | **2.0%** (Strategic Hype) |
| 🏎️ **Lead Time Avg** | 441 Days to Sequel |

2026-07-04 17:34:16,166 - INFO - ✅ README.md updated.
2026-07-04 17:34:16,189 - INFO - Using categorical units to plot a list of strings that are all parsable as floats or dates. If these strings should be plotted as numbers, cast to the appropriate data type before plotting.
2026-07-04 17:34:16,190 - INFO - Using categorical units to plot a list of strings that are all parsable as floats or dates. If these strings should be plotted as numbers, cast to the appropriate data type before plotting.
2026-07-04 17:34:21,994 - INFO - 📈 All charts generated successfully.
