2026-04-30 17:50:31,233 - INFO - Failed to extract font properties from /usr/share/fonts/truetype/noto/NotoColorEmoji.ttf: Can not load face (unknown file format; error code 0x2)
2026-04-30 17:50:32,003 - INFO - generated new fontManager
2026-04-30 17:50:32,928 - INFO - ✅ Migration Successful!
2026-04-30 17:50:33,311 - INFO - Added 2 new games!
2026-04-30 17:50:33,611 - INFO - 🔍 Found 592 games needing metadata. Starting IGDB + Steam + CheapShark enrichment...
2026-04-30 17:50:33,654 - INFO - 📅 Fetching Basic Metadata: LEGO Batman Trilogy
2026-04-30 17:50:33,847 - INFO - 🎯 IGDB Match: 'LEGO Batman Trilogy' (100%)
2026-04-30 17:50:33,864 - INFO - 📅 Fetching Basic Metadata: Antstream
2026-04-30 17:50:34,093 - INFO - 📅 Fetching Basic Metadata: The Drone Racing League Simulator
2026-04-30 17:50:34,278 - INFO - 🎯 IGDB Match: 'The Drone Racing League Simulator' (100%)
2026-04-30 17:50:34,284 - INFO - 📅 Fetching Basic Metadata: Dark Deity
2026-04-30 17:50:34,395 - INFO - 🎯 IGDB Match: 'Dark Deity' (100%)
2026-04-30 17:50:34,401 - INFO - 📅 Fetching Basic Metadata: RPG in a Box
2026-04-30 17:50:34,503 - INFO - 🎯 IGDB Match: 'RPG in a Box' (100%)
2026-04-30 17:50:34,508 - INFO - 📅 Fetching Basic Metadata: Fallout Classic Collection
2026-04-30 17:50:34,606 - INFO - 🎯 IGDB Match: 'Fallout Classic Collection' (100%)
2026-04-30 17:50:34,612 - INFO - 📅 Fetching Basic Metadata: Recipe for Disaster
2026-04-30 17:50:34,698 - INFO - 🎯 IGDB Match: 'Recipe For Disaster' (100%)
2026-04-30 17:50:34,703 - INFO - 📅 Fetching Basic Metadata: World of Warships — Starter Pack: Ishizuchi
2026-04-30 17:50:34,901 - INFO - 🎯 IGDB Match: 'World of Warships: Starter Pack - Ishizuchi' (98%)
2026-04-30 17:50:34,907 - INFO - 📅 Fetching Basic Metadata: Poker Club
2026-04-30 17:50:34,998 - INFO - 🎯 IGDB Match: 'Poker Club' (100%)
2026-04-30 17:50:35,003 - INFO - 📅 Fetching Basic Metadata: The Sims 4 The Daring Lifestyle Bundle
2026-04-30 17:50:35,099 - INFO - 🎯 IGDB Match: 'The Sims 4: The Daring Lifestyle Bundle' (99%)
2026-04-30 17:50:35,105 - INFO - 📅 Fetching Basic Metadata: Dodo Peak
2026-04-30 17:50:35,189 - INFO - 🎯 IGDB Match: 'Dodo Peak' (100%)
2026-04-30 17:50:35,194 - INFO - 📅 Fetching Basic Metadata: Spelldrifter
2026-04-30 17:50:35,302 - INFO - 🎯 IGDB Match: 'Spelldrifter' (100%)
2026-04-30 17:50:35,307 - INFO - 📅 Fetching Basic Metadata: Model Builder
2026-04-30 17:50:35,377 - INFO - 🎯 IGDB Match: 'Model Builder' (100%)
2026-04-30 17:50:35,381 - INFO - 📅 Fetching Basic Metadata: Godlike Burger
2026-04-30 17:50:35,448 - INFO - 🎯 IGDB Match: 'Godlike Burger' (100%)
2026-04-30 17:50:35,453 - INFO - 📅 Fetching Basic Metadata: Q.U.B.E. Ultimate Bundle
2026-04-30 17:50:35,519 - INFO - 🎯 IGDB Match: 'Q.U.B.E. Ultimate Bundle' (100%)
2026-04-30 17:50:35,524 - INFO - 📅 Fetching Basic Metadata: Jitsu Squad
2026-04-30 17:50:35,591 - INFO - 🎯 IGDB Match: 'Jitsu Squad' (100%)
2026-04-30 17:50:35,596 - INFO - 📅 Fetching Basic Metadata: Mighty Fight Federation
2026-04-30 17:50:35,662 - INFO - 🎯 IGDB Match: 'Mighty Fight Federation' (100%)
2026-04-30 17:50:35,669 - INFO - 📅 Fetching Basic Metadata: LOVE
2026-04-30 17:50:35,843 - INFO - 🎯 IGDB Match: 'Love Love Love' (90%)
2026-04-30 17:50:35,849 - INFO - 📅 Fetching Basic Metadata: Call of The Wild: The Angler
2026-04-30 17:50:35,906 - WARNING - IGDB Error for Call of The Wild: The Angler: string indices must be integers, not 'str'
2026-04-30 17:50:35,912 - INFO - 📅 Fetching Basic Metadata: The Falconeer
2026-04-30 17:50:35,964 - WARNING - IGDB Error for The Falconeer: string indices must be integers, not 'str'
2026-04-30 17:50:35,969 - INFO - 📅 Fetching Basic Metadata: Rawmen: Food Fighter Arena
2026-04-30 17:50:36,018 - WARNING - IGDB Error for Rawmen: Food Fighter Arena: string indices must be integers, not 'str'
2026-04-30 17:50:36,023 - INFO - 📅 Fetching Basic Metadata: World of Warships – Starter Pack: Albany
2026-04-30 17:50:36,078 - WARNING - IGDB Error for World of Warships – Starter Pack: Albany: string indices must be integers, not 'str'
2026-04-30 17:50:36,083 - INFO - 📅 Fetching Basic Metadata: Fallout Classic Edition
2026-04-30 17:50:36,134 - WARNING - IGDB Error for Fallout Classic Edition: string indices must be integers, not 'str'
2026-04-30 17:50:36,381 - INFO - 📅 Fetching Basic Metadata: Outliver: Tribulation
2026-04-30 17:50:36,442 - WARNING - IGDB Error for Outliver: Tribulation: string indices must be integers, not 'str'
2026-04-30 17:50:36,448 - INFO - 📅 Fetching Basic Metadata: Bus Simulator 21 Next Stop
2026-04-30 17:50:36,514 - WARNING - IGDB Error for Bus Simulator 21 Next Stop: string indices must be integers, not 'str'
2026-04-30 17:50:36,520 - INFO - 📅 Fetching Basic Metadata: Turmoil
2026-04-30 17:50:36,570 - WARNING - IGDB Error for Turmoil: string indices must be integers, not 'str'
2026-04-30 17:50:36,575 - INFO - 📅 Fetching Basic Metadata: World War Z Aftermath
2026-04-30 17:50:36,623 - WARNING - IGDB Error for World War Z Aftermath: string indices must be integers, not 'str'
2026-04-30 17:50:36,628 - INFO - 📅 Fetching Basic Metadata: World Of Warships – Anniversary Party Flavor
2026-04-30 17:50:36,677 - WARNING - IGDB Error for World Of Warships – Anniversary Party Flavor: string indices must be integers, not 'str'
2026-04-30 17:50:36,683 - INFO - 📅 Fetching Basic Metadata: Neko Ghost, Jump!
2026-04-30 17:50:36,751 - WARNING - IGDB Error for Neko Ghost, Jump!: string indices must be integers, not 'str'
2026-04-30 17:50:36,757 - INFO - 📅 Fetching Basic Metadata: Super Space Club
2026-04-30 17:50:36,807 - WARNING - IGDB Error for Super Space Club: string indices must be integers, not 'str'
2026-04-30 17:50:36,812 - INFO - 📅 Fetching Basic Metadata: Touch Type Tale
2026-04-30 17:50:36,894 - WARNING - IGDB Error for Touch Type Tale: string indices must be integers, not 'str'
2026-04-30 17:50:36,900 - INFO - 📅 Fetching Basic Metadata: Gigapocalypse
2026-04-30 17:50:36,967 - INFO - 🎯 IGDB Match: 'Gigapocalypse' (100%)
2026-04-30 17:50:36,973 - INFO - 📅 Fetching Basic Metadata: Legion TD2
2026-04-30 17:50:37,051 - INFO - 📅 Fetching Basic Metadata: Nightingale
2026-04-30 17:50:37,163 - INFO - 🎯 IGDB Match: 'Nightingale' (100%)
2026-04-30 17:50:37,169 - INFO - 📅 Fetching Basic Metadata: Godzilla Voxel Wars
2026-04-30 17:50:37,240 - INFO - 🎯 IGDB Match: 'Godzilla Voxel Wars' (100%)
2026-04-30 17:50:37,292 - INFO - 📅 Fetching Basic Metadata: Trine Classic Collection
2026-04-30 17:50:37,393 - INFO - 🎯 IGDB Match: 'Trine Classic Collection' (100%)
2026-04-30 17:50:37,398 - INFO - 📅 Fetching Basic Metadata: Poison Retro Set
2026-04-30 17:50:37,503 - INFO - 🎯 IGDB Match: 'Pixel Gun 3D: Poison Retro Set' (90%)
2026-04-30 17:50:37,508 - INFO - 📅 Fetching Basic Metadata: The Darkside Detective A Fumble in the Dark
2026-04-30 17:50:37,613 - INFO - 🎯 IGDB Match: 'The Darkside Detective: A Fumble in the Dark' (99%)
2026-04-30 17:50:37,618 - INFO - 📅 Fetching Basic Metadata: Return to Ash
2026-04-30 17:50:37,668 - WARNING - IGDB Error for Return to Ash: string indices must be integers, not 'str'
2026-04-30 17:50:37,681 - INFO - 🏢 Publisher Search: STALCRAFT: X Starter Edition
2026-04-30 17:50:39,040 - INFO - 📅 Fetching Basic Metadata: STALCRAFT: X Starter Edition
2026-04-30 17:50:39,128 - INFO - 📅 Fetching Basic Metadata: Boxes: Lost Fragments
2026-04-30 17:50:39,299 - INFO - 🎯 IGDB Match: 'Boxes: Lost Fragments' (100%)
2026-04-30 17:50:39,304 - INFO - 📅 Fetching Basic Metadata: My Night Job
2026-04-30 17:50:39,379 - INFO - 🎯 IGDB Match: 'My Night Job' (100%)
2026-04-30 17:50:39,384 - INFO - 📅 Fetching Basic Metadata: Electrician Simulator
2026-04-30 17:50:39,500 - INFO - 🎯 IGDB Match: 'Electrician Simulator' (100%)
2026-04-30 17:50:39,504 - INFO - 🏢 Publisher Search: World of Warships — Epic Anniversary Tachibana Pack
2026-04-30 17:50:40,849 - INFO - 📅 Fetching Basic Metadata: World of Warships — Epic Anniversary Tachibana Pack
2026-04-30 17:50:40,932 - INFO - 📅 Fetching Basic Metadata: Hyper Echelon
2026-04-30 17:50:40,997 - INFO - 🎯 IGDB Match: 'Hyper Echelon' (100%)
2026-04-30 17:50:41,001 - INFO - 📅 Fetching Basic Metadata: Havendock
2026-04-30 17:50:41,069 - INFO - 🎯 IGDB Match: 'Havendock' (100%)
2026-04-30 17:50:41,074 - INFO - 📅 Fetching Basic Metadata: Clone Drone in the Danger Zone
2026-04-30 17:50:41,144 - INFO - 🎯 IGDB Match: 'Clone Drone in the Danger Zone' (100%)
2026-04-30 17:50:41,148 - INFO - 🏢 Publisher Search: TOMAK: Save the Earth Regeneration
2026-04-30 17:50:42,439 - INFO - 📅 Fetching Basic Metadata: TOMAK: Save the Earth Regeneration
2026-04-30 17:50:42,540 - INFO - 🎯 IGDB Match: 'Tomak: Save the Earth Regeneration' (100%)
2026-04-30 17:50:42,545 - INFO - 📅 Fetching Basic Metadata: Prop Sumo
2026-04-30 17:50:42,608 - INFO - 🎯 IGDB Match: 'Prop Sumo' (100%)
2026-04-30 17:50:42,613 - INFO - 📅 Fetching Basic Metadata: The Stone of Madness
2026-04-30 17:50:42,680 - INFO - 🎯 IGDB Match: 'The Stone of Madness' (100%)
2026-04-30 17:50:42,685 - INFO - 💰 Price Search: Firestone Online Idle RPG
2026-04-30 17:50:45,098 - INFO - 🏢 Publisher Search: Firestone Online Idle RPG
2026-04-30 17:50:46,576 - INFO - 📅 Fetching Basic Metadata: Firestone Online Idle RPG
2026-04-30 17:50:46,643 - INFO - 🎯 IGDB Match: 'Firestone: Online Idle RPG' (98%)
2026-04-30 17:50:46,643 - INFO - 🔗 Searching Franchise Context: Firestone Online Idle RPG
2026-04-30 17:50:46,929 - INFO - 📡 Fallback to IGDB for Firestone Online Idle RPG
2026-04-30 17:50:46,992 - INFO - 💰 Price Search: Oddsparks: An Automation Adventure
2026-04-30 17:50:48,346 - INFO - 🏢 Publisher Search: Oddsparks: An Automation Adventure
2026-04-30 17:50:49,836 - INFO - 📅 Fetching Basic Metadata: Oddsparks: An Automation Adventure
2026-04-30 17:50:49,935 - INFO - 🎯 IGDB Match: 'Oddsparks: An Automation Adventure' (100%)
2026-04-30 17:50:49,936 - INFO - 🔗 Searching Franchise Context: Oddsparks: An Automation Adventure
2026-04-30 17:50:50,033 - INFO - 📡 Fallback to IGDB for Oddsparks: An Automation Adventure
2026-04-30 17:50:50,127 - INFO - 
--- Starting Data Quality Checks ---
2026-04-30 17:50:50,136 - INFO - --- Data Quality Checks Complete ---

2026-04-30 17:50:50,158 - INFO - | Metric | Statistics |
| :--- | :--- |
| 💰 **Total Market Value** | **$12,853.20** |
| 📦 **Total Games Collected** | 668 |
| 🏷️ **Average Retail Price** | $22.37 per game |
| 💎 **Most Expensive Title** | Civilization 6 Platinum Edition ($79.99) |
| 👑 **MVP Publisher** | Bethesda Softworks |
| 🏢 **Value Leaders** | 2K ($579.90), Bethesda Softworks ($544.80), Paradox Interactive ($409.89) |
| 📈 **Inflation-Adjusted Value** | $14,650.44 |
| 🎈 **Inflation Bonus** | **+$1,797.24** in purchasing power |
| 🗓️ **Peak Saving Month** | 🎄 **Seasonality Peak:** December is historically the best month, offering $3,388.17 in savings. |
| ⭐ **Average Score** | 76.8/100 |
| 💳 **Subscription Equivalent** | **$169.81 / mo** |
| 🎯 **Prestige Ratio** | **1.9%** (Strategic Hype) |
| 🏎️ **Lead Time Avg** | 447 Days to Sequel |

2026-04-30 17:50:50,159 - INFO - ✅ README.md updated.
2026-04-30 17:50:50,176 - INFO - Using categorical units to plot a list of strings that are all parsable as floats or dates. If these strings should be plotted as numbers, cast to the appropriate data type before plotting.
2026-04-30 17:50:50,177 - INFO - Using categorical units to plot a list of strings that are all parsable as floats or dates. If these strings should be plotted as numbers, cast to the appropriate data type before plotting.
2026-04-30 17:50:54,278 - INFO - 📈 All charts generated successfully.
