2026-07-20 18:28:21,611 - INFO - Failed to extract font properties from /usr/share/fonts/truetype/noto/NotoColorEmoji.ttf: Non-scalable fonts are not supported
2026-07-20 18:28:21,634 - INFO - generated new fontManager
2026-07-20 18:28:22,015 - INFO - ✅ Migration Successful!
2026-07-20 18:28:22,577 - INFO - No new games found.
2026-07-20 18:28:22,896 - INFO - 🔍 Found 613 games needing metadata. Starting IGDB + Steam + CheapShark enrichment...
2026-07-20 18:28:22,967 - INFO - 📅 Fetching Basic Metadata: LEGO Batman Trilogy
2026-07-20 18:28:23,131 - INFO - 🎯 IGDB Match: 'LEGO Batman Trilogy' (100%)
2026-07-20 18:28:23,149 - INFO - 📅 Fetching Basic Metadata: Antstream
2026-07-20 18:28:23,237 - INFO - 📅 Fetching Basic Metadata: The Drone Racing League Simulator
2026-07-20 18:28:23,362 - INFO - 🎯 IGDB Match: 'The Drone Racing League Simulator' (100%)
2026-07-20 18:28:23,368 - INFO - 📅 Fetching Basic Metadata: Dark Deity
2026-07-20 18:28:23,460 - INFO - 🎯 IGDB Match: 'Dark Deity' (100%)
2026-07-20 18:28:23,466 - INFO - 📅 Fetching Basic Metadata: RPG in a Box
2026-07-20 18:28:23,548 - INFO - 🎯 IGDB Match: 'RPG in a Box' (100%)
2026-07-20 18:28:23,554 - INFO - 📅 Fetching Basic Metadata: Fallout Classic Collection
2026-07-20 18:28:23,632 - INFO - 🎯 IGDB Match: 'Fallout Classic Collection' (100%)
2026-07-20 18:28:23,638 - INFO - 📅 Fetching Basic Metadata: Recipe for Disaster
2026-07-20 18:28:23,722 - INFO - 🎯 IGDB Match: 'Recipe For Disaster' (100%)
2026-07-20 18:28:23,727 - INFO - 📅 Fetching Basic Metadata: World of Warships — Starter Pack: Ishizuchi
2026-07-20 18:28:23,817 - INFO - 🎯 IGDB Match: 'World of Warships: Starter Pack - Ishizuchi' (98%)
2026-07-20 18:28:23,823 - INFO - 📅 Fetching Basic Metadata: Poker Club
2026-07-20 18:28:23,915 - INFO - 🎯 IGDB Match: 'Poker Club' (100%)
2026-07-20 18:28:23,921 - INFO - 📅 Fetching Basic Metadata: The Sims 4 The Daring Lifestyle Bundle
2026-07-20 18:28:23,993 - INFO - 🎯 IGDB Match: 'The Sims 4: The Daring Lifestyle Bundle' (99%)
2026-07-20 18:28:23,999 - INFO - 📅 Fetching Basic Metadata: Dodo Peak
2026-07-20 18:28:24,085 - INFO - 🎯 IGDB Match: 'Dodo Peak' (100%)
2026-07-20 18:28:24,091 - INFO - 📅 Fetching Basic Metadata: Spelldrifter
2026-07-20 18:28:24,164 - INFO - 🎯 IGDB Match: 'Spelldrifter' (100%)
2026-07-20 18:28:24,170 - INFO - 📅 Fetching Basic Metadata: Model Builder
2026-07-20 18:28:24,234 - INFO - 🎯 IGDB Match: 'Model Builder' (100%)
2026-07-20 18:28:24,239 - INFO - 📅 Fetching Basic Metadata: Godlike Burger
2026-07-20 18:28:24,304 - INFO - 🎯 IGDB Match: 'Godlike Burger' (100%)
2026-07-20 18:28:24,309 - INFO - 📅 Fetching Basic Metadata: Q.U.B.E. Ultimate Bundle
2026-07-20 18:28:24,377 - INFO - 🎯 IGDB Match: 'Q.U.B.E. Ultimate Bundle' (100%)
2026-07-20 18:28:24,383 - INFO - 📅 Fetching Basic Metadata: Jitsu Squad
2026-07-20 18:28:24,449 - INFO - 🎯 IGDB Match: 'Jitsu Squad' (100%)
2026-07-20 18:28:24,454 - INFO - 📅 Fetching Basic Metadata: Mighty Fight Federation
2026-07-20 18:28:24,523 - INFO - 🎯 IGDB Match: 'Mighty Fight Federation' (100%)
2026-07-20 18:28:24,530 - INFO - 📅 Fetching Basic Metadata: LOVE
2026-07-20 18:28:24,661 - INFO - 🎯 IGDB Match: 'Love Love Love' (90%)
2026-07-20 18:28:24,667 - INFO - 📅 Fetching Basic Metadata: Call of The Wild: The Angler
2026-07-20 18:28:24,734 - INFO - 🎯 IGDB Match: 'Call of the Wild: The Angler' (100%)
2026-07-20 18:28:24,740 - INFO - 📅 Fetching Basic Metadata: The Falconeer
2026-07-20 18:28:24,806 - INFO - 🎯 IGDB Match: 'The Falconeer: The Hunter' (90%)
2026-07-20 18:28:24,812 - INFO - 📅 Fetching Basic Metadata: Rawmen: Food Fighter Arena
2026-07-20 18:28:24,877 - INFO - 🎯 IGDB Match: 'Rawmen' (90%)
2026-07-20 18:28:24,882 - INFO - 📅 Fetching Basic Metadata: World of Warships – Starter Pack: Albany
2026-07-20 18:28:24,941 - WARNING - IGDB Error for World of Warships – Starter Pack: Albany: string indices must be integers, not 'str'
2026-07-20 18:28:24,947 - INFO - 📅 Fetching Basic Metadata: Fallout Classic Edition
2026-07-20 18:28:25,034 - INFO - 📅 Fetching Basic Metadata: Outliver: Tribulation
2026-07-20 18:28:25,100 - INFO - 🎯 IGDB Match: 'Outliver: Tribulation' (100%)
2026-07-20 18:28:25,110 - INFO - 📅 Fetching Basic Metadata: Bus Simulator 21 Next Stop
2026-07-20 18:28:25,299 - INFO - 🎯 IGDB Match: 'Bus Simulator 21: Next Stop' (98%)
2026-07-20 18:28:25,306 - INFO - 📅 Fetching Basic Metadata: Turmoil
2026-07-20 18:28:25,359 - WARNING - IGDB Error for Turmoil: string indices must be integers, not 'str'
2026-07-20 18:28:25,365 - INFO - 📅 Fetching Basic Metadata: World War Z Aftermath
2026-07-20 18:28:25,420 - WARNING - IGDB Error for World War Z Aftermath: string indices must be integers, not 'str'
2026-07-20 18:28:25,426 - INFO - 📅 Fetching Basic Metadata: World Of Warships – Anniversary Party Flavor
2026-07-20 18:28:25,520 - WARNING - IGDB Error for World Of Warships – Anniversary Party Flavor: string indices must be integers, not 'str'
2026-07-20 18:28:25,525 - INFO - 📅 Fetching Basic Metadata: Neko Ghost, Jump!
2026-07-20 18:28:25,577 - WARNING - IGDB Error for Neko Ghost, Jump!: string indices must be integers, not 'str'
2026-07-20 18:28:25,583 - INFO - 📅 Fetching Basic Metadata: Super Space Club
2026-07-20 18:28:25,635 - WARNING - IGDB Error for Super Space Club: string indices must be integers, not 'str'
2026-07-20 18:28:25,641 - INFO - 📅 Fetching Basic Metadata: Touch Type Tale
2026-07-20 18:28:25,697 - WARNING - IGDB Error for Touch Type Tale: string indices must be integers, not 'str'
2026-07-20 18:28:25,703 - INFO - 📅 Fetching Basic Metadata: Gigapocalypse
2026-07-20 18:28:25,756 - WARNING - IGDB Error for Gigapocalypse: string indices must be integers, not 'str'
2026-07-20 18:28:25,762 - INFO - 📅 Fetching Basic Metadata: Legion TD2
2026-07-20 18:28:25,832 - WARNING - IGDB Error for Legion TD2: string indices must be integers, not 'str'
2026-07-20 18:28:25,839 - INFO - 📅 Fetching Basic Metadata: Nightingale
2026-07-20 18:28:25,893 - WARNING - IGDB Error for Nightingale: string indices must be integers, not 'str'
2026-07-20 18:28:25,899 - INFO - 📅 Fetching Basic Metadata: Godzilla Voxel Wars
2026-07-20 18:28:25,952 - WARNING - IGDB Error for Godzilla Voxel Wars: string indices must be integers, not 'str'
2026-07-20 18:28:25,959 - INFO - 📅 Fetching Basic Metadata: Trine Classic Collection
2026-07-20 18:28:26,021 - WARNING - IGDB Error for Trine Classic Collection: string indices must be integers, not 'str'
2026-07-20 18:28:26,027 - INFO - 📅 Fetching Basic Metadata: Poison Retro Set
2026-07-20 18:28:26,079 - WARNING - IGDB Error for Poison Retro Set: string indices must be integers, not 'str'
2026-07-20 18:28:26,085 - INFO - 📅 Fetching Basic Metadata: The Darkside Detective A Fumble in the Dark
2026-07-20 18:28:26,138 - WARNING - IGDB Error for The Darkside Detective A Fumble in the Dark: string indices must be integers, not 'str'
2026-07-20 18:28:26,143 - INFO - 📅 Fetching Basic Metadata: Return to Ash
2026-07-20 18:28:26,195 - WARNING - IGDB Error for Return to Ash: string indices must be integers, not 'str'
2026-07-20 18:28:26,200 - INFO - 🏢 Publisher Search: STALCRAFT: X Starter Edition
2026-07-20 18:28:27,690 - INFO - 📅 Fetching Basic Metadata: STALCRAFT: X Starter Edition
2026-07-20 18:28:27,762 - INFO - 📅 Fetching Basic Metadata: Boxes: Lost Fragments
2026-07-20 18:28:27,827 - INFO - 🎯 IGDB Match: 'Boxes: Lost Fragments' (100%)
2026-07-20 18:28:27,832 - INFO - 📅 Fetching Basic Metadata: My Night Job
2026-07-20 18:28:27,898 - INFO - 🎯 IGDB Match: 'My Night Job' (100%)
2026-07-20 18:28:27,903 - INFO - 📅 Fetching Basic Metadata: Electrician Simulator
2026-07-20 18:28:28,009 - INFO - 🎯 IGDB Match: 'Electrician Simulator' (100%)
2026-07-20 18:28:28,014 - INFO - 🏢 Publisher Search: World of Warships — Epic Anniversary Tachibana Pack
2026-07-20 18:28:29,345 - INFO - 📅 Fetching Basic Metadata: World of Warships — Epic Anniversary Tachibana Pack
2026-07-20 18:28:29,454 - INFO - 📅 Fetching Basic Metadata: Hyper Echelon
2026-07-20 18:28:29,530 - INFO - 🎯 IGDB Match: 'Hyper Echelon' (100%)
2026-07-20 18:28:29,535 - INFO - 📅 Fetching Basic Metadata: Havendock
2026-07-20 18:28:29,599 - INFO - 🎯 IGDB Match: 'Havendock' (100%)
2026-07-20 18:28:29,605 - INFO - 📅 Fetching Basic Metadata: Clone Drone in the Danger Zone
2026-07-20 18:28:29,667 - INFO - 🎯 IGDB Match: 'Clone Drone in the Danger Zone' (100%)
2026-07-20 18:28:29,672 - INFO - 🏢 Publisher Search: TOMAK: Save the Earth Regeneration
2026-07-20 18:28:31,012 - INFO - 📅 Fetching Basic Metadata: TOMAK: Save the Earth Regeneration
2026-07-20 18:28:31,118 - INFO - 🎯 IGDB Match: 'Tomak: Save the Earth Regeneration' (100%)
2026-07-20 18:28:31,123 - INFO - 📅 Fetching Basic Metadata: Prop Sumo
2026-07-20 18:28:31,218 - INFO - 🎯 IGDB Match: 'Prop Sumo' (100%)
2026-07-20 18:28:31,223 - INFO - 📅 Fetching Basic Metadata: The Stone of Madness
2026-07-20 18:28:31,291 - INFO - 🎯 IGDB Match: 'The Stone of Madness' (100%)
2026-07-20 18:28:31,297 - INFO - 📅 Fetching Basic Metadata: Firestone Online Idle RPG
2026-07-20 18:28:31,361 - INFO - 🎯 IGDB Match: 'Firestone: Online Idle RPG' (98%)
2026-07-20 18:28:31,366 - INFO - 📅 Fetching Basic Metadata: Oddsparks: An Automation Adventure
2026-07-20 18:28:31,451 - INFO - 🎯 IGDB Match: 'Oddsparks: An Automation Adventure' (100%)
2026-07-20 18:28:31,457 - INFO - 📅 Fetching Basic Metadata: Trash Goblin
2026-07-20 18:28:31,521 - INFO - 🎯 IGDB Match: 'Trash Goblin' (100%)
2026-07-20 18:28:31,526 - INFO - 🏢 Publisher Search: The Telltale Batman Shadows Edition
2026-07-20 18:28:32,848 - INFO - 📅 Fetching Basic Metadata: The Telltale Batman Shadows Edition
2026-07-20 18:28:32,916 - INFO - 🎯 IGDB Match: 'Telltale Batman Shadows Edition' (95%)
2026-07-20 18:28:32,921 - INFO - 🏢 Publisher Search: Sunderfolk - Standard Edition
2026-07-20 18:28:34,290 - INFO - 📅 Fetching Basic Metadata: Sunderfolk - Standard Edition
2026-07-20 18:28:34,361 - INFO - 📅 Fetching Basic Metadata: Down in Bermuda
2026-07-20 18:28:34,432 - INFO - 🎯 IGDB Match: 'Down in Bermuda' (100%)
2026-07-20 18:28:34,437 - INFO - 📅 Fetching Basic Metadata: Tomb Raider I-III Remastered Starring Lara Croft
2026-07-20 18:28:34,545 - INFO - 📅 Fetching Basic Metadata: LONESTAR
2026-07-20 18:28:34,647 - INFO - 🎯 IGDB Match: 'LoneStar' (100%)
2026-07-20 18:28:34,652 - INFO - 📅 Fetching Basic Metadata: Calico
2026-07-20 18:28:34,726 - INFO - 🎯 IGDB Match: 'Calico' (100%)
2026-07-20 18:28:34,731 - INFO - 📅 Fetching Basic Metadata: Rogue Waters
2026-07-20 18:28:34,810 - INFO - 🎯 IGDB Match: 'Rogue Waters' (100%)
2026-07-20 18:28:34,815 - INFO - 📅 Fetching Basic Metadata: The Ouroboros King
2026-07-20 18:28:34,878 - INFO - 🎯 IGDB Match: 'The Ouroboros King' (100%)
2026-07-20 18:28:34,883 - INFO - 🏢 Publisher Search: Warhammer 40K Speed Freeks
2026-07-20 18:28:36,184 - INFO - 📅 Fetching Basic Metadata: I Have No Mouth, and I Must Scream
2026-07-20 18:28:36,246 - INFO - 🎯 IGDB Match: 'I Have No Mouth, and I Must Scream' (100%)
2026-07-20 18:28:36,251 - INFO - 📅 Fetching Basic Metadata: Nova Lands
2026-07-20 18:28:36,317 - INFO - 🎯 IGDB Match: 'Nova Lands' (100%)
2026-07-20 18:28:36,322 - INFO - 📅 Fetching Basic Metadata: Tattoo Tycoon
2026-07-20 18:28:36,387 - INFO - 🎯 IGDB Match: 'Tattoo Tycoon' (100%)
2026-07-20 18:28:36,392 - INFO - 📅 Fetching Basic Metadata: Echo Generation: Midnight Edition
2026-07-20 18:28:36,453 - INFO - 🎯 IGDB Match: 'Echo Generation: Midnight Edition' (100%)
2026-07-20 18:28:36,463 - INFO - 
--- Starting Data Quality Checks ---
2026-07-20 18:28:36,473 - INFO - --- Data Quality Checks Complete ---

2026-07-20 18:28:36,495 - INFO - | Metric | Statistics |
| :--- | :--- |
| 💰 **Total Market Value** | **$13,332.99** |
| 📦 **Total Games Collected** | 690 |
| 🏷️ **Average Retail Price** | $22.35 per game |
| 💎 **Most Expensive Title** | Civilization 6 Platinum Edition ($79.99) |
| 👑 **MVP Publisher** | Bethesda Softworks |
| 🏢 **Value Leaders** | 2K ($579.90), Bethesda Softworks ($544.80), Paradox Interactive ($409.89) |
| 📈 **Inflation-Adjusted Value** | $15,130.23 |
| 🎈 **Inflation Bonus** | **+$1,797.24** in purchasing power |
| 🗓️ **Peak Saving Month** | 🎄 **Seasonality Peak:** December is historically the best month, offering $3,388.17 in savings. |
| ⭐ **Average Score** | 76.9/100 |
| 💳 **Subscription Equivalent** | **$169.48 / mo** |
| 🎯 **Prestige Ratio** | **2.0%** (Strategic Hype) |
| 🏎️ **Lead Time Avg** | 441 Days to Sequel |

2026-07-20 18:28:36,496 - INFO - ✅ README.md updated.
2026-07-20 18:28:36,514 - INFO - Using categorical units to plot a list of strings that are all parsable as floats or dates. If these strings should be plotted as numbers, cast to the appropriate data type before plotting.
2026-07-20 18:28:36,515 - INFO - Using categorical units to plot a list of strings that are all parsable as floats or dates. If these strings should be plotted as numbers, cast to the appropriate data type before plotting.
2026-07-20 18:28:41,133 - INFO - 📈 All charts generated successfully.
