2026-05-09 17:28:14,982 - INFO - Failed to extract font properties from /usr/share/fonts/truetype/noto/NotoColorEmoji.ttf: Can not load face (unknown file format; error code 0x2)
2026-05-09 17:28:15,902 - INFO - generated new fontManager
2026-05-09 17:28:16,342 - INFO - ✅ Migration Successful!
2026-05-09 17:28:16,594 - INFO - No new games found.
2026-05-09 17:28:17,069 - INFO - 🔍 Found 594 games needing metadata. Starting IGDB + Steam + CheapShark enrichment...
2026-05-09 17:28:17,171 - INFO - 📅 Fetching Basic Metadata: LEGO Batman Trilogy
2026-05-09 17:28:17,442 - INFO - 🎯 IGDB Match: 'LEGO Batman Trilogy' (100%)
2026-05-09 17:28:17,466 - INFO - 📅 Fetching Basic Metadata: Antstream
2026-05-09 17:28:17,612 - INFO - 📅 Fetching Basic Metadata: The Drone Racing League Simulator
2026-05-09 17:28:17,719 - INFO - 🎯 IGDB Match: 'The Drone Racing League Simulator' (100%)
2026-05-09 17:28:17,727 - INFO - 📅 Fetching Basic Metadata: Dark Deity
2026-05-09 17:28:17,840 - INFO - 🎯 IGDB Match: 'Dark Deity' (100%)
2026-05-09 17:28:17,846 - INFO - 📅 Fetching Basic Metadata: RPG in a Box
2026-05-09 17:28:17,944 - INFO - 🎯 IGDB Match: 'RPG in a Box' (100%)
2026-05-09 17:28:17,950 - INFO - 📅 Fetching Basic Metadata: Fallout Classic Collection
2026-05-09 17:28:18,113 - INFO - 🎯 IGDB Match: 'Fallout Classic Collection' (100%)
2026-05-09 17:28:18,120 - INFO - 📅 Fetching Basic Metadata: Recipe for Disaster
2026-05-09 17:28:18,261 - INFO - 🎯 IGDB Match: 'Recipe For Disaster' (100%)
2026-05-09 17:28:18,268 - INFO - 📅 Fetching Basic Metadata: World of Warships — Starter Pack: Ishizuchi
2026-05-09 17:28:18,430 - INFO - 🎯 IGDB Match: 'World of Warships: Starter Pack - Ishizuchi' (98%)
2026-05-09 17:28:18,437 - INFO - 📅 Fetching Basic Metadata: Poker Club
2026-05-09 17:28:18,622 - INFO - 🎯 IGDB Match: 'Poker Club' (100%)
2026-05-09 17:28:18,628 - INFO - 📅 Fetching Basic Metadata: The Sims 4 The Daring Lifestyle Bundle
2026-05-09 17:28:18,761 - INFO - 🎯 IGDB Match: 'The Sims 4: The Daring Lifestyle Bundle' (99%)
2026-05-09 17:28:18,769 - INFO - 📅 Fetching Basic Metadata: Dodo Peak
2026-05-09 17:28:18,892 - INFO - 🎯 IGDB Match: 'Dodo Peak' (100%)
2026-05-09 17:28:18,898 - INFO - 📅 Fetching Basic Metadata: Spelldrifter
2026-05-09 17:28:19,042 - INFO - 🎯 IGDB Match: 'Spelldrifter' (100%)
2026-05-09 17:28:19,048 - INFO - 📅 Fetching Basic Metadata: Model Builder
2026-05-09 17:28:19,149 - INFO - 🎯 IGDB Match: 'Model Builder' (100%)
2026-05-09 17:28:19,156 - INFO - 📅 Fetching Basic Metadata: Godlike Burger
2026-05-09 17:28:19,298 - INFO - 🎯 IGDB Match: 'Godlike Burger' (100%)
2026-05-09 17:28:19,303 - INFO - 📅 Fetching Basic Metadata: Q.U.B.E. Ultimate Bundle
2026-05-09 17:28:19,415 - INFO - 🎯 IGDB Match: 'Q.U.B.E. Ultimate Bundle' (100%)
2026-05-09 17:28:19,422 - INFO - 📅 Fetching Basic Metadata: Jitsu Squad
2026-05-09 17:28:19,517 - INFO - 🎯 IGDB Match: 'Jitsu Squad' (100%)
2026-05-09 17:28:19,522 - INFO - 📅 Fetching Basic Metadata: Mighty Fight Federation
2026-05-09 17:28:19,668 - INFO - 🎯 IGDB Match: 'Mighty Fight Federation' (100%)
2026-05-09 17:28:19,677 - INFO - 📅 Fetching Basic Metadata: LOVE
2026-05-09 17:28:19,842 - INFO - 🎯 IGDB Match: 'Love Love Love' (90%)
2026-05-09 17:28:19,849 - INFO - 📅 Fetching Basic Metadata: Call of The Wild: The Angler
2026-05-09 17:28:19,974 - INFO - 🎯 IGDB Match: 'Call of the Wild: The Angler' (100%)
2026-05-09 17:28:19,982 - INFO - 📅 Fetching Basic Metadata: The Falconeer
2026-05-09 17:28:20,079 - INFO - 🎯 IGDB Match: 'The Falconeer: The Hunter' (90%)
2026-05-09 17:28:20,085 - INFO - 📅 Fetching Basic Metadata: Rawmen: Food Fighter Arena
2026-05-09 17:28:20,228 - INFO - 🎯 IGDB Match: 'Rawmen' (90%)
2026-05-09 17:28:20,234 - INFO - 📅 Fetching Basic Metadata: World of Warships – Starter Pack: Albany
2026-05-09 17:28:20,357 - INFO - 📅 Fetching Basic Metadata: Fallout Classic Edition
2026-05-09 17:28:20,500 - INFO - 📅 Fetching Basic Metadata: Outliver: Tribulation
2026-05-09 17:28:20,673 - INFO - 🎯 IGDB Match: 'Outliver: Tribulation' (100%)
2026-05-09 17:28:20,680 - INFO - 📅 Fetching Basic Metadata: Bus Simulator 21 Next Stop
2026-05-09 17:28:20,770 - WARNING - IGDB Error for Bus Simulator 21 Next Stop: string indices must be integers, not 'str'
2026-05-09 17:28:20,778 - INFO - 📅 Fetching Basic Metadata: Turmoil
2026-05-09 17:28:20,907 - WARNING - IGDB Error for Turmoil: string indices must be integers, not 'str'
2026-05-09 17:28:20,914 - INFO - 📅 Fetching Basic Metadata: World War Z Aftermath
2026-05-09 17:28:21,045 - WARNING - IGDB Error for World War Z Aftermath: string indices must be integers, not 'str'
2026-05-09 17:28:21,052 - INFO - 📅 Fetching Basic Metadata: World Of Warships – Anniversary Party Flavor
2026-05-09 17:28:21,133 - WARNING - IGDB Error for World Of Warships – Anniversary Party Flavor: string indices must be integers, not 'str'
2026-05-09 17:28:21,139 - INFO - 📅 Fetching Basic Metadata: Neko Ghost, Jump!
2026-05-09 17:28:21,220 - WARNING - IGDB Error for Neko Ghost, Jump!: string indices must be integers, not 'str'
2026-05-09 17:28:21,227 - INFO - 📅 Fetching Basic Metadata: Super Space Club
2026-05-09 17:28:21,309 - WARNING - IGDB Error for Super Space Club: string indices must be integers, not 'str'
2026-05-09 17:28:21,315 - INFO - 📅 Fetching Basic Metadata: Touch Type Tale
2026-05-09 17:28:21,396 - WARNING - IGDB Error for Touch Type Tale: string indices must be integers, not 'str'
2026-05-09 17:28:21,403 - INFO - 📅 Fetching Basic Metadata: Gigapocalypse
2026-05-09 17:28:21,490 - WARNING - IGDB Error for Gigapocalypse: string indices must be integers, not 'str'
2026-05-09 17:28:21,497 - INFO - 📅 Fetching Basic Metadata: Legion TD2
2026-05-09 17:28:21,588 - WARNING - IGDB Error for Legion TD2: string indices must be integers, not 'str'
2026-05-09 17:28:21,596 - INFO - 📅 Fetching Basic Metadata: Nightingale
2026-05-09 17:28:21,678 - WARNING - IGDB Error for Nightingale: string indices must be integers, not 'str'
2026-05-09 17:28:21,685 - INFO - 📅 Fetching Basic Metadata: Godzilla Voxel Wars
2026-05-09 17:28:21,769 - WARNING - IGDB Error for Godzilla Voxel Wars: string indices must be integers, not 'str'
2026-05-09 17:28:21,776 - INFO - 📅 Fetching Basic Metadata: Trine Classic Collection
2026-05-09 17:28:21,858 - WARNING - IGDB Error for Trine Classic Collection: string indices must be integers, not 'str'
2026-05-09 17:28:21,865 - INFO - 📅 Fetching Basic Metadata: Poison Retro Set
2026-05-09 17:28:21,947 - WARNING - IGDB Error for Poison Retro Set: string indices must be integers, not 'str'
2026-05-09 17:28:21,953 - INFO - 📅 Fetching Basic Metadata: The Darkside Detective A Fumble in the Dark
2026-05-09 17:28:22,033 - WARNING - IGDB Error for The Darkside Detective A Fumble in the Dark: string indices must be integers, not 'str'
2026-05-09 17:28:22,039 - INFO - 📅 Fetching Basic Metadata: Return to Ash
2026-05-09 17:28:22,183 - INFO - 🎯 IGDB Match: 'Return to Ash' (100%)
2026-05-09 17:28:22,189 - INFO - 🏢 Publisher Search: STALCRAFT: X Starter Edition
2026-05-09 17:28:23,918 - INFO - 📅 Fetching Basic Metadata: STALCRAFT: X Starter Edition
2026-05-09 17:28:24,055 - INFO - 📅 Fetching Basic Metadata: Boxes: Lost Fragments
2026-05-09 17:28:24,155 - INFO - 🎯 IGDB Match: 'Boxes: Lost Fragments' (100%)
2026-05-09 17:28:24,160 - INFO - 📅 Fetching Basic Metadata: My Night Job
2026-05-09 17:28:24,304 - INFO - 🎯 IGDB Match: 'My Night Job' (100%)
2026-05-09 17:28:24,310 - INFO - 📅 Fetching Basic Metadata: Electrician Simulator
2026-05-09 17:28:24,407 - INFO - 🎯 IGDB Match: 'Electrician Simulator' (100%)
2026-05-09 17:28:24,413 - INFO - 🏢 Publisher Search: World of Warships — Epic Anniversary Tachibana Pack
2026-05-09 17:28:26,142 - INFO - 📅 Fetching Basic Metadata: World of Warships — Epic Anniversary Tachibana Pack
2026-05-09 17:28:26,249 - INFO - 📅 Fetching Basic Metadata: Hyper Echelon
2026-05-09 17:28:26,392 - INFO - 🎯 IGDB Match: 'Hyper Echelon' (100%)
2026-05-09 17:28:26,398 - INFO - 📅 Fetching Basic Metadata: Havendock
2026-05-09 17:28:26,494 - INFO - 🎯 IGDB Match: 'Havendock' (100%)
2026-05-09 17:28:26,500 - INFO - 📅 Fetching Basic Metadata: Clone Drone in the Danger Zone
2026-05-09 17:28:26,596 - INFO - 🎯 IGDB Match: 'Clone Drone in the Danger Zone' (100%)
2026-05-09 17:28:26,602 - INFO - 🏢 Publisher Search: TOMAK: Save the Earth Regeneration
2026-05-09 17:28:28,563 - INFO - 📅 Fetching Basic Metadata: TOMAK: Save the Earth Regeneration
2026-05-09 17:28:28,790 - INFO - 🎯 IGDB Match: 'Tomak: Save the Earth Regeneration' (100%)
2026-05-09 17:28:28,795 - INFO - 📅 Fetching Basic Metadata: Prop Sumo
2026-05-09 17:28:28,890 - INFO - 🎯 IGDB Match: 'Prop Sumo' (100%)
2026-05-09 17:28:28,896 - INFO - 📅 Fetching Basic Metadata: The Stone of Madness
2026-05-09 17:28:28,991 - INFO - 🎯 IGDB Match: 'The Stone of Madness' (100%)
2026-05-09 17:28:28,997 - INFO - 📅 Fetching Basic Metadata: Firestone Online Idle RPG
2026-05-09 17:28:29,095 - INFO - 🎯 IGDB Match: 'Firestone: Online Idle RPG' (98%)
2026-05-09 17:28:29,101 - INFO - 📅 Fetching Basic Metadata: Oddsparks: An Automation Adventure
2026-05-09 17:28:29,197 - INFO - 🎯 IGDB Match: 'Oddsparks: An Automation Adventure' (100%)
2026-05-09 17:28:29,203 - INFO - 📅 Fetching Basic Metadata: Trash Goblin
2026-05-09 17:28:29,346 - INFO - 🎯 IGDB Match: 'Trash Goblin' (100%)
2026-05-09 17:28:29,356 - INFO - 
--- Starting Data Quality Checks ---
2026-05-09 17:28:29,368 - INFO - --- Data Quality Checks Complete ---

2026-05-09 17:28:29,397 - INFO - | Metric | Statistics |
| :--- | :--- |
| 💰 **Total Market Value** | **$12,893.18** |
| 📦 **Total Games Collected** | 670 |
| 🏷️ **Average Retail Price** | $22.36 per game |
| 💎 **Most Expensive Title** | Civilization 6 Platinum Edition ($79.99) |
| 👑 **MVP Publisher** | Bethesda Softworks |
| 🏢 **Value Leaders** | 2K ($579.90), Bethesda Softworks ($544.80), Paradox Interactive ($409.89) |
| 📈 **Inflation-Adjusted Value** | $14,690.42 |
| 🎈 **Inflation Bonus** | **+$1,797.24** in purchasing power |
| 🗓️ **Peak Saving Month** | 🎄 **Seasonality Peak:** December is historically the best month, offering $3,388.17 in savings. |
| ⭐ **Average Score** | 76.8/100 |
| 💳 **Subscription Equivalent** | **$168.35 / mo** |
| 🎯 **Prestige Ratio** | **1.9%** (Strategic Hype) |
| 🏎️ **Lead Time Avg** | 447 Days to Sequel |

2026-05-09 17:28:29,397 - INFO - ✅ README.md updated.
2026-05-09 17:28:29,419 - INFO - Using categorical units to plot a list of strings that are all parsable as floats or dates. If these strings should be plotted as numbers, cast to the appropriate data type before plotting.
2026-05-09 17:28:29,420 - INFO - Using categorical units to plot a list of strings that are all parsable as floats or dates. If these strings should be plotted as numbers, cast to the appropriate data type before plotting.
2026-05-09 17:28:34,501 - INFO - 📈 All charts generated successfully.
