2026-02-20 17:07:32,502 - INFO - Failed to extract font properties from /usr/share/fonts/truetype/noto/NotoColorEmoji.ttf: Can not load face (unknown file format; error code 0x2)
2026-02-20 17:07:32,539 - INFO - generated new fontManager
2026-02-20 17:07:32,969 - INFO - ✅ Migration Successful!
2026-02-20 17:07:33,146 - INFO - No new games found.
2026-02-20 17:07:33,605 - INFO - 🔍 Found 575 games needing metadata. Starting IGDB + Steam + CheapShark enrichment...
2026-02-20 17:07:33,807 - INFO - 📅 Fetching Basic Metadata: LEGO Batman Trilogy
2026-02-20 17:07:34,065 - INFO - 🎯 IGDB Match: 'LEGO Batman Trilogy' (100%)
2026-02-20 17:07:34,094 - INFO - 📅 Fetching Basic Metadata: Antstream
2026-02-20 17:07:34,265 - INFO - 📅 Fetching Basic Metadata: The Drone Racing League Simulator
2026-02-20 17:07:34,377 - INFO - 🎯 IGDB Match: 'The Drone Racing League Simulator' (100%)
2026-02-20 17:07:34,385 - INFO - 📅 Fetching Basic Metadata: Dark Deity
2026-02-20 17:07:34,503 - INFO - 🎯 IGDB Match: 'Dark Deity' (100%)
2026-02-20 17:07:34,509 - INFO - 📅 Fetching Basic Metadata: RPG in a Box
2026-02-20 17:07:34,635 - INFO - 🎯 IGDB Match: 'RPG in a Box' (100%)
2026-02-20 17:07:34,642 - INFO - 📅 Fetching Basic Metadata: Fallout Classic Collection
2026-02-20 17:07:34,811 - INFO - 🎯 IGDB Match: 'Fallout Classic Collection' (100%)
2026-02-20 17:07:34,820 - INFO - 📅 Fetching Basic Metadata: Recipe for Disaster
2026-02-20 17:07:34,953 - INFO - 🎯 IGDB Match: 'Recipe for Disaster' (100%)
2026-02-20 17:07:34,960 - INFO - 📅 Fetching Basic Metadata: World of Warships — Starter Pack: Ishizuchi
2026-02-20 17:07:35,060 - INFO - 🎯 IGDB Match: 'World of Warships: Starter Pack - Ishizuchi' (98%)
2026-02-20 17:07:35,068 - INFO - 📅 Fetching Basic Metadata: Poker Club
2026-02-20 17:07:35,373 - INFO - 🎯 IGDB Match: 'Poker Club' (100%)
2026-02-20 17:07:35,379 - INFO - 📅 Fetching Basic Metadata: The Sims 4 The Daring Lifestyle Bundle
2026-02-20 17:07:35,509 - INFO - 🎯 IGDB Match: 'The Sims 4: The Daring Lifestyle Bundle' (99%)
2026-02-20 17:07:35,517 - INFO - 📅 Fetching Basic Metadata: Dodo Peak
2026-02-20 17:07:35,672 - INFO - 🎯 IGDB Match: 'Dodo Peak' (100%)
2026-02-20 17:07:35,679 - INFO - 📅 Fetching Basic Metadata: Spelldrifter
2026-02-20 17:07:35,780 - INFO - 🎯 IGDB Match: 'Spelldrifter' (100%)
2026-02-20 17:07:35,787 - INFO - 📅 Fetching Basic Metadata: Model Builder
2026-02-20 17:07:35,918 - INFO - 🎯 IGDB Match: 'Model Builder' (100%)
2026-02-20 17:07:35,925 - INFO - 📅 Fetching Basic Metadata: Godlike Burger
2026-02-20 17:07:36,036 - INFO - 🎯 IGDB Match: 'Godlike Burger' (100%)
2026-02-20 17:07:36,043 - INFO - 📅 Fetching Basic Metadata: Q.U.B.E. Ultimate Bundle
2026-02-20 17:07:36,148 - INFO - 🎯 IGDB Match: 'Q.U.B.E. Ultimate Bundle' (100%)
2026-02-20 17:07:36,155 - INFO - 📅 Fetching Basic Metadata: Jitsu Squad
2026-02-20 17:07:36,273 - INFO - 🎯 IGDB Match: 'Jitsu Squad' (100%)
2026-02-20 17:07:36,279 - INFO - 📅 Fetching Basic Metadata: Mighty Fight Federation
2026-02-20 17:07:36,461 - INFO - 🎯 IGDB Match: 'Mighty Fight Federation' (100%)
2026-02-20 17:07:36,471 - INFO - 📅 Fetching Basic Metadata: LOVE
2026-02-20 17:07:36,688 - INFO - 🎯 IGDB Match: 'Love Love Love' (90%)
2026-02-20 17:07:36,696 - INFO - 📅 Fetching Basic Metadata: Call of The Wild: The Angler
2026-02-20 17:07:36,798 - INFO - 🎯 IGDB Match: 'Call of the Wild: The Angler' (100%)
2026-02-20 17:07:36,807 - INFO - 📅 Fetching Basic Metadata: The Falconeer
2026-02-20 17:07:36,912 - INFO - 🎯 IGDB Match: 'The Falconeer: The Hunter' (90%)
2026-02-20 17:07:36,919 - INFO - 📅 Fetching Basic Metadata: Rawmen: Food Fighter Arena
2026-02-20 17:07:37,034 - INFO - 🎯 IGDB Match: 'Rawmen' (90%)
2026-02-20 17:07:37,041 - INFO - 📅 Fetching Basic Metadata: World of Warships – Starter Pack: Albany
2026-02-20 17:07:37,127 - WARNING - IGDB Error for World of Warships – Starter Pack: Albany: string indices must be integers, not 'str'
2026-02-20 17:07:37,134 - INFO - 📅 Fetching Basic Metadata: Fallout Classic Edition
2026-02-20 17:07:37,220 - WARNING - IGDB Error for Fallout Classic Edition: string indices must be integers, not 'str'
2026-02-20 17:07:37,228 - INFO - 📅 Fetching Basic Metadata: Outliver: Tribulation
2026-02-20 17:07:37,328 - INFO - 🎯 IGDB Match: 'Outliver: Tribulation' (100%)
2026-02-20 17:07:37,336 - INFO - 📅 Fetching Basic Metadata: Bus Simulator 21 Next Stop
2026-02-20 17:07:37,437 - INFO - 🎯 IGDB Match: 'Bus Simulator 21: Next Stop' (98%)
2026-02-20 17:07:37,446 - INFO - 📅 Fetching Basic Metadata: Turmoil
2026-02-20 17:07:37,551 - INFO - 🎯 IGDB Match: 'Turmoil' (100%)
2026-02-20 17:07:37,558 - INFO - 📅 Fetching Basic Metadata: World War Z Aftermath
2026-02-20 17:07:37,656 - INFO - 🎯 IGDB Match: 'World War Z: Aftermath' (98%)
2026-02-20 17:07:37,663 - INFO - 📅 Fetching Basic Metadata: World Of Warships – Anniversary Party Flavor
2026-02-20 17:07:37,767 - INFO - 📅 Fetching Basic Metadata: Neko Ghost, Jump!
2026-02-20 17:07:37,867 - INFO - 🎯 IGDB Match: 'Neko Ghost, Jump!' (100%)
2026-02-20 17:07:37,874 - INFO - 📅 Fetching Basic Metadata: Super Space Club
2026-02-20 17:07:37,977 - INFO - 🎯 IGDB Match: 'Super Space Club' (100%)
2026-02-20 17:07:37,983 - INFO - 📅 Fetching Basic Metadata: Touch Type Tale
2026-02-20 17:07:38,070 - WARNING - IGDB Error for Touch Type Tale: string indices must be integers, not 'str'
2026-02-20 17:07:38,077 - INFO - 📅 Fetching Basic Metadata: Gigapocalypse
2026-02-20 17:07:38,162 - WARNING - IGDB Error for Gigapocalypse: string indices must be integers, not 'str'
2026-02-20 17:07:38,170 - INFO - 📅 Fetching Basic Metadata: Legion TD2
2026-02-20 17:07:38,258 - WARNING - IGDB Error for Legion TD2: string indices must be integers, not 'str'
2026-02-20 17:07:38,267 - INFO - 📅 Fetching Basic Metadata: Nightingale
2026-02-20 17:07:38,353 - WARNING - IGDB Error for Nightingale: string indices must be integers, not 'str'
2026-02-20 17:07:38,361 - INFO - 📅 Fetching Basic Metadata: Godzilla Voxel Wars
2026-02-20 17:07:38,446 - WARNING - IGDB Error for Godzilla Voxel Wars: string indices must be integers, not 'str'
2026-02-20 17:07:38,455 - INFO - 📅 Fetching Basic Metadata: Trine Classic Collection
2026-02-20 17:07:38,542 - WARNING - IGDB Error for Trine Classic Collection: string indices must be integers, not 'str'
2026-02-20 17:07:38,549 - INFO - 📅 Fetching Basic Metadata: Poison Retro Set
2026-02-20 17:07:38,633 - WARNING - IGDB Error for Poison Retro Set: string indices must be integers, not 'str'
2026-02-20 17:07:38,640 - INFO - 📅 Fetching Basic Metadata: The Darkside Detective A Fumble in the Dark
2026-02-20 17:07:38,729 - WARNING - IGDB Error for The Darkside Detective A Fumble in the Dark: string indices must be integers, not 'str'
2026-02-20 17:07:38,736 - INFO - 📅 Fetching Basic Metadata: Return to Ash
2026-02-20 17:07:38,823 - WARNING - IGDB Error for Return to Ash: string indices must be integers, not 'str'
2026-02-20 17:07:38,829 - INFO - 🏢 Publisher Search: STALCRAFT: X Starter Edition
2026-02-20 17:07:40,230 - INFO - 📅 Fetching Basic Metadata: STALCRAFT: X Starter Edition
2026-02-20 17:07:40,347 - INFO - 
--- Starting Data Quality Checks ---
2026-02-20 17:07:40,360 - INFO - --- Data Quality Checks Complete ---

2026-02-20 17:07:40,391 - INFO - | Metric | Statistics |
| :--- | :--- |
| 💰 **Total Market Value** | **$12,578.34** |
| 📦 **Total Games Collected** | 651 |
| 🏷️ **Average Retail Price** | $22.51 per game |
| 💎 **Most Expensive Title** | Civilization 6 Platinum Edition ($79.99) |
| 👑 **MVP Publisher** | Bethesda Softworks |
| 🏢 **Value Leaders** | 2K ($579.90), Bethesda Softworks ($544.80), Paradox Interactive ($409.89) |
| 📈 **Inflation-Adjusted Value** | $14,375.58 |
| 🎈 **Inflation Bonus** | **+$1,797.24** in purchasing power |
| 🗓️ **Peak Saving Month** | 🎄 **Seasonality Peak:** December is historically the best month, offering $3,388.17 in savings. |
| ⭐ **Average Score** | 76.7/100 |
| 💳 **Subscription Equivalent** | **$170.42 / mo** |
| 🎯 **Prestige Ratio** | **2.0%** (Strategic Hype) |
| 🏎️ **Lead Time Avg** | 447 Days to Sequel |

2026-02-20 17:07:40,392 - INFO - ✅ README.md updated.
2026-02-20 17:07:40,418 - INFO - Using categorical units to plot a list of strings that are all parsable as floats or dates. If these strings should be plotted as numbers, cast to the appropriate data type before plotting.
2026-02-20 17:07:40,419 - INFO - Using categorical units to plot a list of strings that are all parsable as floats or dates. If these strings should be plotted as numbers, cast to the appropriate data type before plotting.
2026-02-20 17:07:46,175 - INFO - 📈 All charts generated successfully.
