2026-07-01 18:25:19,292 - INFO - Failed to extract font properties from /usr/share/fonts/truetype/noto/NotoColorEmoji.ttf: Non-scalable fonts are not supported
2026-07-01 18:25:19,559 - INFO - generated new fontManager
2026-07-01 18:25:19,937 - INFO - ✅ Migration Successful!
2026-07-01 18:25:20,124 - INFO - No new games found.
2026-07-01 18:25:20,497 - INFO - 🔍 Found 607 games needing metadata. Starting IGDB + Steam + CheapShark enrichment...
2026-07-01 18:25:20,573 - INFO - 📅 Fetching Basic Metadata: LEGO Batman Trilogy
2026-07-01 18:25:20,837 - INFO - 🎯 IGDB Match: 'LEGO Batman Trilogy' (100%)
2026-07-01 18:25:20,865 - INFO - 📅 Fetching Basic Metadata: Antstream
2026-07-01 18:25:20,986 - INFO - 📅 Fetching Basic Metadata: The Drone Racing League Simulator
2026-07-01 18:25:21,079 - INFO - 🎯 IGDB Match: 'The Drone Racing League Simulator' (100%)
2026-07-01 18:25:21,087 - INFO - 📅 Fetching Basic Metadata: Dark Deity
2026-07-01 18:25:21,179 - INFO - 🎯 IGDB Match: 'Dark Deity' (100%)
2026-07-01 18:25:21,185 - INFO - 📅 Fetching Basic Metadata: RPG in a Box
2026-07-01 18:25:21,278 - INFO - 🎯 IGDB Match: 'RPG in a Box' (100%)
2026-07-01 18:25:21,286 - INFO - 📅 Fetching Basic Metadata: Fallout Classic Collection
2026-07-01 18:25:21,376 - INFO - 🎯 IGDB Match: 'Fallout Classic Collection' (100%)
2026-07-01 18:25:21,385 - INFO - 📅 Fetching Basic Metadata: Recipe for Disaster
2026-07-01 18:25:21,469 - INFO - 🎯 IGDB Match: 'Recipe For Disaster' (100%)
2026-07-01 18:25:21,476 - INFO - 📅 Fetching Basic Metadata: World of Warships — Starter Pack: Ishizuchi
2026-07-01 18:25:21,605 - INFO - 🎯 IGDB Match: 'World of Warships: Starter Pack - Ishizuchi' (98%)
2026-07-01 18:25:21,613 - INFO - 📅 Fetching Basic Metadata: Poker Club
2026-07-01 18:25:21,696 - INFO - 🎯 IGDB Match: 'Poker Club' (100%)
2026-07-01 18:25:21,703 - INFO - 📅 Fetching Basic Metadata: The Sims 4 The Daring Lifestyle Bundle
2026-07-01 18:25:21,787 - INFO - 🎯 IGDB Match: 'The Sims 4: The Daring Lifestyle Bundle' (99%)
2026-07-01 18:25:21,796 - INFO - 📅 Fetching Basic Metadata: Dodo Peak
2026-07-01 18:25:21,880 - INFO - 🎯 IGDB Match: 'Dodo Peak' (100%)
2026-07-01 18:25:21,886 - INFO - 📅 Fetching Basic Metadata: Spelldrifter
2026-07-01 18:25:21,968 - INFO - 🎯 IGDB Match: 'Spelldrifter' (100%)
2026-07-01 18:25:21,975 - INFO - 📅 Fetching Basic Metadata: Model Builder
2026-07-01 18:25:22,114 - INFO - 🎯 IGDB Match: 'Model Builder' (100%)
2026-07-01 18:25:22,120 - INFO - 📅 Fetching Basic Metadata: Godlike Burger
2026-07-01 18:25:22,202 - INFO - 🎯 IGDB Match: 'Godlike Burger' (100%)
2026-07-01 18:25:22,208 - INFO - 📅 Fetching Basic Metadata: Q.U.B.E. Ultimate Bundle
2026-07-01 18:25:22,297 - INFO - 🎯 IGDB Match: 'Q.U.B.E. Ultimate Bundle' (100%)
2026-07-01 18:25:22,305 - INFO - 📅 Fetching Basic Metadata: Jitsu Squad
2026-07-01 18:25:22,387 - INFO - 🎯 IGDB Match: 'Jitsu Squad' (100%)
2026-07-01 18:25:22,393 - INFO - 📅 Fetching Basic Metadata: Mighty Fight Federation
2026-07-01 18:25:22,571 - INFO - 🎯 IGDB Match: 'Mighty Fight Federation' (100%)
2026-07-01 18:25:22,581 - INFO - 📅 Fetching Basic Metadata: LOVE
2026-07-01 18:25:22,802 - INFO - 🎯 IGDB Match: 'Love Love Love' (90%)
2026-07-01 18:25:22,809 - INFO - 📅 Fetching Basic Metadata: Call of The Wild: The Angler
2026-07-01 18:25:22,905 - INFO - 🎯 IGDB Match: 'Call of the Wild: The Angler' (100%)
2026-07-01 18:25:22,914 - INFO - 📅 Fetching Basic Metadata: The Falconeer
2026-07-01 18:25:23,004 - INFO - 🎯 IGDB Match: 'The Falconeer: The Hunter' (90%)
2026-07-01 18:25:23,011 - INFO - 📅 Fetching Basic Metadata: Rawmen: Food Fighter Arena
2026-07-01 18:25:23,094 - INFO - 🎯 IGDB Match: 'Rawmen' (90%)
2026-07-01 18:25:23,101 - INFO - 📅 Fetching Basic Metadata: World of Warships – Starter Pack: Albany
2026-07-01 18:25:23,237 - INFO - 📅 Fetching Basic Metadata: Fallout Classic Edition
2026-07-01 18:25:23,330 - INFO - 📅 Fetching Basic Metadata: Outliver: Tribulation
2026-07-01 18:25:23,504 - WARNING - IGDB Error for Outliver: Tribulation: string indices must be integers, not 'str'
2026-07-01 18:25:23,513 - INFO - 📅 Fetching Basic Metadata: Bus Simulator 21 Next Stop
2026-07-01 18:25:23,585 - WARNING - IGDB Error for Bus Simulator 21 Next Stop: string indices must be integers, not 'str'
2026-07-01 18:25:23,594 - INFO - 📅 Fetching Basic Metadata: Turmoil
2026-07-01 18:25:23,670 - WARNING - IGDB Error for Turmoil: string indices must be integers, not 'str'
2026-07-01 18:25:23,678 - INFO - 📅 Fetching Basic Metadata: World War Z Aftermath
2026-07-01 18:25:23,752 - WARNING - IGDB Error for World War Z Aftermath: string indices must be integers, not 'str'
2026-07-01 18:25:23,759 - INFO - 📅 Fetching Basic Metadata: World Of Warships – Anniversary Party Flavor
2026-07-01 18:25:23,831 - WARNING - IGDB Error for World Of Warships – Anniversary Party Flavor: string indices must be integers, not 'str'
2026-07-01 18:25:23,838 - INFO - 📅 Fetching Basic Metadata: Neko Ghost, Jump!
2026-07-01 18:25:23,912 - WARNING - IGDB Error for Neko Ghost, Jump!: string indices must be integers, not 'str'
2026-07-01 18:25:23,920 - INFO - 📅 Fetching Basic Metadata: Super Space Club
2026-07-01 18:25:23,993 - WARNING - IGDB Error for Super Space Club: string indices must be integers, not 'str'
2026-07-01 18:25:23,999 - INFO - 📅 Fetching Basic Metadata: Touch Type Tale
2026-07-01 18:25:24,077 - WARNING - IGDB Error for Touch Type Tale: string indices must be integers, not 'str'
2026-07-01 18:25:24,084 - INFO - 📅 Fetching Basic Metadata: Gigapocalypse
2026-07-01 18:25:24,157 - WARNING - IGDB Error for Gigapocalypse: string indices must be integers, not 'str'
2026-07-01 18:25:24,165 - INFO - 📅 Fetching Basic Metadata: Legion TD2
2026-07-01 18:25:24,236 - WARNING - IGDB Error for Legion TD2: string indices must be integers, not 'str'
2026-07-01 18:25:24,245 - INFO - 📅 Fetching Basic Metadata: Nightingale
2026-07-01 18:25:24,315 - WARNING - IGDB Error for Nightingale: string indices must be integers, not 'str'
2026-07-01 18:25:24,324 - INFO - 📅 Fetching Basic Metadata: Godzilla Voxel Wars
2026-07-01 18:25:24,395 - WARNING - IGDB Error for Godzilla Voxel Wars: string indices must be integers, not 'str'
2026-07-01 18:25:24,404 - INFO - 📅 Fetching Basic Metadata: Trine Classic Collection
2026-07-01 18:25:24,477 - WARNING - IGDB Error for Trine Classic Collection: string indices must be integers, not 'str'
2026-07-01 18:25:24,485 - INFO - 📅 Fetching Basic Metadata: Poison Retro Set
2026-07-01 18:25:24,556 - WARNING - IGDB Error for Poison Retro Set: string indices must be integers, not 'str'
2026-07-01 18:25:24,562 - INFO - 📅 Fetching Basic Metadata: The Darkside Detective A Fumble in the Dark
2026-07-01 18:25:24,634 - WARNING - IGDB Error for The Darkside Detective A Fumble in the Dark: string indices must be integers, not 'str'
2026-07-01 18:25:24,641 - INFO - 📅 Fetching Basic Metadata: Return to Ash
2026-07-01 18:25:24,714 - WARNING - IGDB Error for Return to Ash: string indices must be integers, not 'str'
2026-07-01 18:25:24,721 - INFO - 🏢 Publisher Search: STALCRAFT: X Starter Edition
2026-07-01 18:25:26,104 - INFO - 📅 Fetching Basic Metadata: STALCRAFT: X Starter Edition
2026-07-01 18:25:26,207 - INFO - 📅 Fetching Basic Metadata: Boxes: Lost Fragments
2026-07-01 18:25:26,357 - INFO - 🎯 IGDB Match: 'Boxes: Lost Fragments' (100%)
2026-07-01 18:25:26,364 - INFO - 📅 Fetching Basic Metadata: My Night Job
2026-07-01 18:25:26,447 - INFO - 🎯 IGDB Match: 'My Night Job' (100%)
2026-07-01 18:25:26,454 - INFO - 📅 Fetching Basic Metadata: Electrician Simulator
2026-07-01 18:25:26,537 - INFO - 🎯 IGDB Match: 'Electrician Simulator' (100%)
2026-07-01 18:25:26,543 - INFO - 🏢 Publisher Search: World of Warships — Epic Anniversary Tachibana Pack
2026-07-01 18:25:27,908 - INFO - 📅 Fetching Basic Metadata: World of Warships — Epic Anniversary Tachibana Pack
2026-07-01 18:25:28,005 - INFO - 📅 Fetching Basic Metadata: Hyper Echelon
2026-07-01 18:25:28,093 - INFO - 🎯 IGDB Match: 'Hyper Echelon' (100%)
2026-07-01 18:25:28,099 - INFO - 📅 Fetching Basic Metadata: Havendock
2026-07-01 18:25:28,183 - INFO - 🎯 IGDB Match: 'Havendock' (100%)
2026-07-01 18:25:28,189 - INFO - 📅 Fetching Basic Metadata: Clone Drone in the Danger Zone
2026-07-01 18:25:28,270 - INFO - 🎯 IGDB Match: 'Clone Drone in the Danger Zone' (100%)
2026-07-01 18:25:28,277 - INFO - 🏢 Publisher Search: TOMAK: Save the Earth Regeneration
2026-07-01 18:25:29,632 - INFO - 📅 Fetching Basic Metadata: TOMAK: Save the Earth Regeneration
2026-07-01 18:25:29,717 - INFO - 🎯 IGDB Match: 'Tomak: Save the Earth Regeneration' (100%)
2026-07-01 18:25:29,724 - INFO - 📅 Fetching Basic Metadata: Prop Sumo
2026-07-01 18:25:29,809 - INFO - 🎯 IGDB Match: 'Prop Sumo' (100%)
2026-07-01 18:25:29,816 - INFO - 📅 Fetching Basic Metadata: The Stone of Madness
2026-07-01 18:25:29,896 - INFO - 🎯 IGDB Match: 'The Stone of Madness' (100%)
2026-07-01 18:25:29,902 - INFO - 📅 Fetching Basic Metadata: Firestone Online Idle RPG
2026-07-01 18:25:29,983 - INFO - 🎯 IGDB Match: 'Firestone: Online Idle RPG' (98%)
2026-07-01 18:25:29,989 - INFO - 📅 Fetching Basic Metadata: Oddsparks: An Automation Adventure
2026-07-01 18:25:30,145 - INFO - 🎯 IGDB Match: 'Oddsparks: An Automation Adventure' (100%)
2026-07-01 18:25:30,151 - INFO - 📅 Fetching Basic Metadata: Trash Goblin
2026-07-01 18:25:30,237 - INFO - 🎯 IGDB Match: 'Trash Goblin' (100%)
2026-07-01 18:25:30,243 - INFO - 🏢 Publisher Search: The Telltale Batman Shadows Edition
2026-07-01 18:25:31,617 - INFO - 📅 Fetching Basic Metadata: The Telltale Batman Shadows Edition
2026-07-01 18:25:31,832 - INFO - 🎯 IGDB Match: 'Telltale Batman Shadows Edition' (95%)
2026-07-01 18:25:31,838 - INFO - 🏢 Publisher Search: Sunderfolk - Standard Edition
2026-07-01 18:25:33,156 - INFO - 📅 Fetching Basic Metadata: Sunderfolk - Standard Edition
2026-07-01 18:25:33,276 - INFO - 📅 Fetching Basic Metadata: Down in Bermuda
2026-07-01 18:25:33,369 - INFO - 🎯 IGDB Match: 'Down in Bermuda' (100%)
2026-07-01 18:25:33,375 - INFO - 📅 Fetching Basic Metadata: Tomb Raider I-III Remastered Starring Lara Croft
2026-07-01 18:25:33,474 - INFO - 📅 Fetching Basic Metadata: LONESTAR
2026-07-01 18:25:33,562 - INFO - 🎯 IGDB Match: 'LoneStar' (100%)
2026-07-01 18:25:33,569 - INFO - 📅 Fetching Basic Metadata: Calico
2026-07-01 18:25:33,683 - INFO - 🎯 IGDB Match: 'Calico' (100%)
2026-07-01 18:25:33,690 - INFO - 📅 Fetching Basic Metadata: Rogue Waters
2026-07-01 18:25:33,835 - INFO - 🎯 IGDB Match: 'Rogue Waters' (100%)
2026-07-01 18:25:33,842 - INFO - 📅 Fetching Basic Metadata: The Ouroboros King
2026-07-01 18:25:33,928 - INFO - 🎯 IGDB Match: 'The Ouroboros King' (100%)
2026-07-01 18:25:33,934 - INFO - 🏢 Publisher Search: Warhammer 40K Speed Freeks
2026-07-01 18:25:35,309 - INFO - 
--- Starting Data Quality Checks ---
2026-07-01 18:25:35,323 - INFO - --- Data Quality Checks Complete ---

2026-07-01 18:25:35,352 - INFO - | Metric | Statistics |
| :--- | :--- |
| 💰 **Total Market Value** | **$13,188.05** |
| 📦 **Total Games Collected** | 684 |
| 🏷️ **Average Retail Price** | $22.34 per game |
| 💎 **Most Expensive Title** | Civilization 6 Platinum Edition ($79.99) |
| 👑 **MVP Publisher** | Bethesda Softworks |
| 🏢 **Value Leaders** | 2K ($579.90), Bethesda Softworks ($544.80), Paradox Interactive ($409.89) |
| 📈 **Inflation-Adjusted Value** | $14,985.29 |
| 🎈 **Inflation Bonus** | **+$1,797.24** in purchasing power |
| 🗓️ **Peak Saving Month** | 🎄 **Seasonality Peak:** December is historically the best month, offering $3,388.17 in savings. |
| ⭐ **Average Score** | 76.8/100 |
| 💳 **Subscription Equivalent** | **$169.75 / mo** |
| 🎯 **Prestige Ratio** | **2.0%** (Strategic Hype) |
| 🏎️ **Lead Time Avg** | 441 Days to Sequel |

2026-07-01 18:25:35,353 - INFO - ✅ README.md updated.
2026-07-01 18:25:35,377 - INFO - Using categorical units to plot a list of strings that are all parsable as floats or dates. If these strings should be plotted as numbers, cast to the appropriate data type before plotting.
2026-07-01 18:25:35,378 - INFO - Using categorical units to plot a list of strings that are all parsable as floats or dates. If these strings should be plotted as numbers, cast to the appropriate data type before plotting.
2026-07-01 18:25:41,615 - INFO - 📈 All charts generated successfully.
