2026-06-13 17:53:05,754 - INFO - Failed to extract font properties from /usr/share/fonts/truetype/noto/NotoColorEmoji.ttf: Non-scalable fonts are not supported
2026-06-13 17:53:05,775 - INFO - generated new fontManager
2026-06-13 17:53:06,121 - INFO - ✅ Migration Successful!
2026-06-13 17:53:06,257 - INFO - No new games found.
2026-06-13 17:53:06,868 - INFO - 🔍 Found 604 games needing metadata. Starting IGDB + Steam + CheapShark enrichment...
2026-06-13 17:53:06,936 - INFO - 📅 Fetching Basic Metadata: LEGO Batman Trilogy
2026-06-13 17:53:07,659 - INFO - 🎯 IGDB Match: 'LEGO Batman Trilogy' (100%)
2026-06-13 17:53:07,681 - INFO - 📅 Fetching Basic Metadata: Antstream
2026-06-13 17:53:07,941 - INFO - 📅 Fetching Basic Metadata: The Drone Racing League Simulator
2026-06-13 17:53:08,262 - INFO - 🎯 IGDB Match: 'The Drone Racing League Simulator' (100%)
2026-06-13 17:53:08,270 - INFO - 📅 Fetching Basic Metadata: Dark Deity
2026-06-13 17:53:08,520 - INFO - 🎯 IGDB Match: 'Dark Deity' (100%)
2026-06-13 17:53:08,527 - INFO - 📅 Fetching Basic Metadata: RPG in a Box
2026-06-13 17:53:08,777 - INFO - 🎯 IGDB Match: 'RPG in a Box' (100%)
2026-06-13 17:53:08,784 - INFO - 📅 Fetching Basic Metadata: Fallout Classic Collection
2026-06-13 17:53:09,020 - INFO - 🎯 IGDB Match: 'Fallout Classic Collection' (100%)
2026-06-13 17:53:09,028 - INFO - 📅 Fetching Basic Metadata: Recipe for Disaster
2026-06-13 17:53:09,338 - INFO - 🎯 IGDB Match: 'Recipe For Disaster' (100%)
2026-06-13 17:53:09,345 - INFO - 📅 Fetching Basic Metadata: World of Warships — Starter Pack: Ishizuchi
2026-06-13 17:53:09,628 - INFO - 🎯 IGDB Match: 'World of Warships: Starter Pack - Ishizuchi' (98%)
2026-06-13 17:53:09,635 - INFO - 📅 Fetching Basic Metadata: Poker Club
2026-06-13 17:53:09,787 - INFO - 🎯 IGDB Match: 'Poker Club' (100%)
2026-06-13 17:53:09,793 - INFO - 📅 Fetching Basic Metadata: The Sims 4 The Daring Lifestyle Bundle
2026-06-13 17:53:10,025 - INFO - 🎯 IGDB Match: 'The Sims 4: The Daring Lifestyle Bundle' (99%)
2026-06-13 17:53:10,033 - INFO - 📅 Fetching Basic Metadata: Dodo Peak
2026-06-13 17:53:10,288 - INFO - 🎯 IGDB Match: 'Dodo Peak' (100%)
2026-06-13 17:53:10,295 - INFO - 📅 Fetching Basic Metadata: Spelldrifter
2026-06-13 17:53:10,614 - INFO - 🎯 IGDB Match: 'Spelldrifter' (100%)
2026-06-13 17:53:10,621 - INFO - 📅 Fetching Basic Metadata: Model Builder
2026-06-13 17:53:10,785 - INFO - 🎯 IGDB Match: 'Model Builder' (100%)
2026-06-13 17:53:10,791 - INFO - 📅 Fetching Basic Metadata: Godlike Burger
2026-06-13 17:53:11,060 - INFO - 🎯 IGDB Match: 'Godlike Burger' (100%)
2026-06-13 17:53:11,066 - INFO - 📅 Fetching Basic Metadata: Q.U.B.E. Ultimate Bundle
2026-06-13 17:53:11,317 - INFO - 🎯 IGDB Match: 'Q.U.B.E. Ultimate Bundle' (100%)
2026-06-13 17:53:11,325 - INFO - 📅 Fetching Basic Metadata: Jitsu Squad
2026-06-13 17:53:11,545 - INFO - 🎯 IGDB Match: 'Jitsu Squad' (100%)
2026-06-13 17:53:11,551 - INFO - 📅 Fetching Basic Metadata: Mighty Fight Federation
2026-06-13 17:53:11,814 - INFO - 🎯 IGDB Match: 'Mighty Fight Federation' (100%)
2026-06-13 17:53:11,823 - INFO - 📅 Fetching Basic Metadata: LOVE
2026-06-13 17:53:12,073 - INFO - 🎯 IGDB Match: 'Love Love Love' (90%)
2026-06-13 17:53:12,081 - INFO - 📅 Fetching Basic Metadata: Call of The Wild: The Angler
2026-06-13 17:53:12,417 - INFO - 🎯 IGDB Match: 'Call of the Wild: The Angler' (100%)
2026-06-13 17:53:12,425 - INFO - 📅 Fetching Basic Metadata: The Falconeer
2026-06-13 17:53:12,583 - INFO - 🎯 IGDB Match: 'The Falconeer: The Hunter' (90%)
2026-06-13 17:53:12,590 - INFO - 📅 Fetching Basic Metadata: Rawmen: Food Fighter Arena
2026-06-13 17:53:12,773 - INFO - 🎯 IGDB Match: 'Rawmen' (90%)
2026-06-13 17:53:12,780 - INFO - 📅 Fetching Basic Metadata: World of Warships – Starter Pack: Albany
2026-06-13 17:53:12,953 - INFO - 📅 Fetching Basic Metadata: Fallout Classic Edition
2026-06-13 17:53:13,207 - INFO - 📅 Fetching Basic Metadata: Outliver: Tribulation
2026-06-13 17:53:13,361 - INFO - 🎯 IGDB Match: 'Outliver: Tribulation' (100%)
2026-06-13 17:53:13,369 - INFO - 📅 Fetching Basic Metadata: Bus Simulator 21 Next Stop
2026-06-13 17:53:13,571 - INFO - 🎯 IGDB Match: 'Bus Simulator 21: Next Stop' (98%)
2026-06-13 17:53:13,579 - INFO - 📅 Fetching Basic Metadata: Turmoil
2026-06-13 17:53:13,742 - INFO - 🎯 IGDB Match: 'Turmoil' (100%)
2026-06-13 17:53:13,750 - INFO - 📅 Fetching Basic Metadata: World War Z Aftermath
2026-06-13 17:53:13,921 - INFO - 🎯 IGDB Match: 'World War Z: Aftermath' (98%)
2026-06-13 17:53:13,928 - INFO - 📅 Fetching Basic Metadata: World Of Warships – Anniversary Party Flavor
2026-06-13 17:53:14,107 - INFO - 📅 Fetching Basic Metadata: Neko Ghost, Jump!
2026-06-13 17:53:14,403 - INFO - 🎯 IGDB Match: 'Neko Ghost, Jump!' (100%)
2026-06-13 17:53:14,411 - INFO - 📅 Fetching Basic Metadata: Super Space Club
2026-06-13 17:53:14,579 - INFO - 🎯 IGDB Match: 'Super Space Club' (100%)
2026-06-13 17:53:14,586 - INFO - 📅 Fetching Basic Metadata: Touch Type Tale
2026-06-13 17:53:14,848 - INFO - 🎯 IGDB Match: 'Touch Type Tale' (100%)
2026-06-13 17:53:14,855 - INFO - 📅 Fetching Basic Metadata: Gigapocalypse
2026-06-13 17:53:15,002 - INFO - 🎯 IGDB Match: 'Gigapocalypse' (100%)
2026-06-13 17:53:15,010 - INFO - 📅 Fetching Basic Metadata: Legion TD2
2026-06-13 17:53:15,230 - INFO - 📅 Fetching Basic Metadata: Nightingale
2026-06-13 17:53:15,392 - INFO - 🎯 IGDB Match: 'Nightingale' (100%)
2026-06-13 17:53:15,399 - INFO - 📅 Fetching Basic Metadata: Godzilla Voxel Wars
2026-06-13 17:53:15,562 - INFO - 🎯 IGDB Match: 'Godzilla Voxel Wars' (100%)
2026-06-13 17:53:15,570 - INFO - 📅 Fetching Basic Metadata: Trine Classic Collection
2026-06-13 17:53:15,748 - INFO - 🎯 IGDB Match: 'Trine Classic Collection' (100%)
2026-06-13 17:53:15,756 - INFO - 📅 Fetching Basic Metadata: Poison Retro Set
2026-06-13 17:53:15,907 - INFO - 🎯 IGDB Match: 'Pixel Gun 3D: Poison Retro Set' (90%)
2026-06-13 17:53:15,914 - INFO - 📅 Fetching Basic Metadata: The Darkside Detective A Fumble in the Dark
2026-06-13 17:53:16,069 - INFO - 🎯 IGDB Match: 'The Darkside Detective: A Fumble in the Dark' (99%)
2026-06-13 17:53:16,075 - INFO - 📅 Fetching Basic Metadata: Return to Ash
2026-06-13 17:53:16,321 - INFO - 🎯 IGDB Match: 'Return to Ash' (100%)
2026-06-13 17:53:16,328 - INFO - 🏢 Publisher Search: STALCRAFT: X Starter Edition
2026-06-13 17:53:17,802 - INFO - 📅 Fetching Basic Metadata: STALCRAFT: X Starter Edition
2026-06-13 17:53:17,958 - INFO - 📅 Fetching Basic Metadata: Boxes: Lost Fragments
2026-06-13 17:53:18,108 - INFO - 🎯 IGDB Match: 'Boxes: Lost Fragments' (100%)
2026-06-13 17:53:18,115 - INFO - 📅 Fetching Basic Metadata: My Night Job
2026-06-13 17:53:18,348 - INFO - 🎯 IGDB Match: 'My Night Job' (100%)
2026-06-13 17:53:18,355 - INFO - 📅 Fetching Basic Metadata: Electrician Simulator
2026-06-13 17:53:18,520 - INFO - 🎯 IGDB Match: 'Electrician Simulator' (100%)
2026-06-13 17:53:18,526 - INFO - 🏢 Publisher Search: World of Warships — Epic Anniversary Tachibana Pack
2026-06-13 17:53:19,985 - INFO - 📅 Fetching Basic Metadata: World of Warships — Epic Anniversary Tachibana Pack
2026-06-13 17:53:20,239 - INFO - 📅 Fetching Basic Metadata: Hyper Echelon
2026-06-13 17:53:20,474 - INFO - 🎯 IGDB Match: 'Hyper Echelon' (100%)
2026-06-13 17:53:20,480 - INFO - 📅 Fetching Basic Metadata: Havendock
2026-06-13 17:53:20,645 - INFO - 🎯 IGDB Match: 'Havendock' (100%)
2026-06-13 17:53:20,651 - INFO - 📅 Fetching Basic Metadata: Clone Drone in the Danger Zone
2026-06-13 17:53:20,896 - INFO - 🎯 IGDB Match: 'Clone Drone in the Danger Zone' (100%)
2026-06-13 17:53:20,903 - INFO - 🏢 Publisher Search: TOMAK: Save the Earth Regeneration
2026-06-13 17:53:22,256 - INFO - 📅 Fetching Basic Metadata: TOMAK: Save the Earth Regeneration
2026-06-13 17:53:22,406 - INFO - 🎯 IGDB Match: 'Tomak: Save the Earth Regeneration' (100%)
2026-06-13 17:53:22,413 - INFO - 📅 Fetching Basic Metadata: Prop Sumo
2026-06-13 17:53:22,567 - INFO - 🎯 IGDB Match: 'Prop Sumo' (100%)
2026-06-13 17:53:22,573 - INFO - 📅 Fetching Basic Metadata: The Stone of Madness
2026-06-13 17:53:22,723 - INFO - 🎯 IGDB Match: 'The Stone of Madness' (100%)
2026-06-13 17:53:22,730 - INFO - 📅 Fetching Basic Metadata: Firestone Online Idle RPG
2026-06-13 17:53:22,881 - INFO - 🎯 IGDB Match: 'Firestone: Online Idle RPG' (98%)
2026-06-13 17:53:22,888 - INFO - 📅 Fetching Basic Metadata: Oddsparks: An Automation Adventure
2026-06-13 17:53:23,141 - INFO - 🎯 IGDB Match: 'Oddsparks: An Automation Adventure' (100%)
2026-06-13 17:53:23,148 - INFO - 📅 Fetching Basic Metadata: Trash Goblin
2026-06-13 17:53:23,316 - INFO - 🎯 IGDB Match: 'Trash Goblin' (100%)
2026-06-13 17:53:23,323 - INFO - 🏢 Publisher Search: The Telltale Batman Shadows Edition
2026-06-13 17:53:24,703 - INFO - 📅 Fetching Basic Metadata: The Telltale Batman Shadows Edition
2026-06-13 17:53:24,935 - INFO - 🎯 IGDB Match: 'Telltale Batman Shadows Edition' (95%)
2026-06-13 17:53:24,941 - INFO - 🏢 Publisher Search: Sunderfolk - Standard Edition
2026-06-13 17:53:26,385 - INFO - 📅 Fetching Basic Metadata: Sunderfolk - Standard Edition
2026-06-13 17:53:26,691 - INFO - 📅 Fetching Basic Metadata: Down in Bermuda
2026-06-13 17:53:26,933 - INFO - 🎯 IGDB Match: 'Down in Bermuda' (100%)
2026-06-13 17:53:26,939 - INFO - 📅 Fetching Basic Metadata: Tomb Raider I-III Remastered Starring Lara Croft
2026-06-13 17:53:27,113 - INFO - 📅 Fetching Basic Metadata: LONESTAR
2026-06-13 17:53:27,260 - INFO - 🎯 IGDB Match: 'LoneStar' (100%)
2026-06-13 17:53:27,267 - INFO - 📅 Fetching Basic Metadata: Calico
2026-06-13 17:53:27,434 - INFO - 🎯 IGDB Match: 'Calico' (100%)
2026-06-13 17:53:27,441 - INFO - 📅 Fetching Basic Metadata: Rogue Waters
2026-06-13 17:53:27,603 - INFO - 🎯 IGDB Match: 'Rogue Waters' (100%)
2026-06-13 17:53:27,610 - INFO - 📅 Fetching Basic Metadata: The Ouroboros King
2026-06-13 17:53:27,857 - INFO - 🎯 IGDB Match: 'The Ouroboros King' (100%)
2026-06-13 17:53:27,863 - INFO - 🏢 Publisher Search: Warhammer 40K Speed Freeks
2026-06-13 17:53:29,297 - INFO - 📅 Fetching Basic Metadata: Warhammer 40K Speed Freeks
2026-06-13 17:53:29,553 - INFO - 
--- Starting Data Quality Checks ---
2026-06-13 17:53:29,566 - INFO - --- Data Quality Checks Complete ---

2026-06-13 17:53:29,596 - INFO - | Metric | Statistics |
| :--- | :--- |
| 💰 **Total Market Value** | **$13,108.09** |
| 📦 **Total Games Collected** | 680 |
| 🏷️ **Average Retail Price** | $22.35 per game |
| 💎 **Most Expensive Title** | Civilization 6 Platinum Edition ($79.99) |
| 👑 **MVP Publisher** | Bethesda Softworks |
| 🏢 **Value Leaders** | 2K ($579.90), Bethesda Softworks ($544.80), Paradox Interactive ($409.89) |
| 📈 **Inflation-Adjusted Value** | $14,905.33 |
| 🎈 **Inflation Bonus** | **+$1,797.24** in purchasing power |
| 🗓️ **Peak Saving Month** | 🎄 **Seasonality Peak:** December is historically the best month, offering $3,388.17 in savings. |
| ⭐ **Average Score** | 76.8/100 |
| 💳 **Subscription Equivalent** | **$168.86 / mo** |
| 🎯 **Prestige Ratio** | **1.9%** (Strategic Hype) |
| 🏎️ **Lead Time Avg** | 447 Days to Sequel |

2026-06-13 17:53:29,597 - INFO - ✅ README.md updated.
2026-06-13 17:53:29,621 - INFO - Using categorical units to plot a list of strings that are all parsable as floats or dates. If these strings should be plotted as numbers, cast to the appropriate data type before plotting.
2026-06-13 17:53:29,622 - INFO - Using categorical units to plot a list of strings that are all parsable as floats or dates. If these strings should be plotted as numbers, cast to the appropriate data type before plotting.
2026-06-13 17:53:35,432 - INFO - 📈 All charts generated successfully.
