2026-03-19 17:31:37,466 - INFO - Failed to extract font properties from /usr/share/fonts/truetype/noto/NotoColorEmoji.ttf: Can not load face (unknown file format; error code 0x2)
2026-03-19 17:31:37,633 - INFO - generated new fontManager
2026-03-19 17:31:37,946 - INFO - ✅ Migration Successful!
2026-03-19 17:31:38,119 - INFO - Added 2 new games!
2026-03-19 17:31:38,431 - INFO - 🔍 Found 583 games needing metadata. Starting IGDB + Steam + CheapShark enrichment...
2026-03-19 17:31:38,510 - INFO - 📅 Fetching Basic Metadata: LEGO Batman Trilogy
2026-03-19 17:31:38,805 - INFO - 🎯 IGDB Match: 'LEGO Batman Trilogy' (100%)
2026-03-19 17:31:38,834 - INFO - 📅 Fetching Basic Metadata: Antstream
2026-03-19 17:31:38,992 - INFO - 📅 Fetching Basic Metadata: The Drone Racing League Simulator
2026-03-19 17:31:39,144 - INFO - 🎯 IGDB Match: 'The Drone Racing League Simulator' (100%)
2026-03-19 17:31:39,152 - INFO - 📅 Fetching Basic Metadata: Dark Deity
2026-03-19 17:31:39,240 - INFO - 🎯 IGDB Match: 'Dark Deity' (100%)
2026-03-19 17:31:39,246 - INFO - 📅 Fetching Basic Metadata: RPG in a Box
2026-03-19 17:31:39,382 - INFO - 🎯 IGDB Match: 'RPG in a Box' (100%)
2026-03-19 17:31:39,389 - INFO - 📅 Fetching Basic Metadata: Fallout Classic Collection
2026-03-19 17:31:39,487 - INFO - 🎯 IGDB Match: 'Fallout Classic Collection' (100%)
2026-03-19 17:31:39,496 - INFO - 📅 Fetching Basic Metadata: Recipe for Disaster
2026-03-19 17:31:39,589 - INFO - 🎯 IGDB Match: 'Recipe for Disaster' (100%)
2026-03-19 17:31:39,595 - INFO - 📅 Fetching Basic Metadata: World of Warships — Starter Pack: Ishizuchi
2026-03-19 17:31:39,725 - INFO - 🎯 IGDB Match: 'World of Warships: Starter Pack - Ishizuchi' (98%)
2026-03-19 17:31:39,732 - INFO - 📅 Fetching Basic Metadata: Poker Club
2026-03-19 17:31:39,879 - INFO - 🎯 IGDB Match: 'Poker Club' (100%)
2026-03-19 17:31:39,886 - INFO - 📅 Fetching Basic Metadata: The Sims 4 The Daring Lifestyle Bundle
2026-03-19 17:31:40,048 - INFO - 🎯 IGDB Match: 'The Sims 4: The Daring Lifestyle Bundle' (99%)
2026-03-19 17:31:40,057 - INFO - 📅 Fetching Basic Metadata: Dodo Peak
2026-03-19 17:31:40,132 - INFO - 🎯 IGDB Match: 'Dodo Peak' (100%)
2026-03-19 17:31:40,138 - INFO - 📅 Fetching Basic Metadata: Spelldrifter
2026-03-19 17:31:40,276 - INFO - 🎯 IGDB Match: 'Spelldrifter' (100%)
2026-03-19 17:31:40,283 - INFO - 📅 Fetching Basic Metadata: Model Builder
2026-03-19 17:31:40,434 - INFO - 🎯 IGDB Match: 'Model Builder' (100%)
2026-03-19 17:31:40,440 - INFO - 📅 Fetching Basic Metadata: Godlike Burger
2026-03-19 17:31:40,528 - INFO - 🎯 IGDB Match: 'Godlike Burger' (100%)
2026-03-19 17:31:40,535 - INFO - 📅 Fetching Basic Metadata: Q.U.B.E. Ultimate Bundle
2026-03-19 17:31:40,615 - INFO - 🎯 IGDB Match: 'Q.U.B.E. Ultimate Bundle' (100%)
2026-03-19 17:31:40,622 - INFO - 📅 Fetching Basic Metadata: Jitsu Squad
2026-03-19 17:31:40,763 - INFO - 🎯 IGDB Match: 'Jitsu Squad' (100%)
2026-03-19 17:31:40,769 - INFO - 📅 Fetching Basic Metadata: Mighty Fight Federation
2026-03-19 17:31:40,898 - INFO - 🎯 IGDB Match: 'Mighty Fight Federation' (100%)
2026-03-19 17:31:40,908 - INFO - 📅 Fetching Basic Metadata: LOVE
2026-03-19 17:31:41,033 - INFO - 🎯 IGDB Match: 'Love Love Love' (90%)
2026-03-19 17:31:41,041 - INFO - 📅 Fetching Basic Metadata: Call of The Wild: The Angler
2026-03-19 17:31:41,117 - INFO - 🎯 IGDB Match: 'Call of the Wild: The Angler' (100%)
2026-03-19 17:31:41,126 - INFO - 📅 Fetching Basic Metadata: The Falconeer
2026-03-19 17:31:41,210 - INFO - 🎯 IGDB Match: 'The Falconeer: The Hunter' (90%)
2026-03-19 17:31:41,217 - INFO - 📅 Fetching Basic Metadata: Rawmen: Food Fighter Arena
2026-03-19 17:31:41,291 - WARNING - IGDB Error for Rawmen: Food Fighter Arena: string indices must be integers, not 'str'
2026-03-19 17:31:41,297 - INFO - 📅 Fetching Basic Metadata: World of Warships – Starter Pack: Albany
2026-03-19 17:31:41,365 - WARNING - IGDB Error for World of Warships – Starter Pack: Albany: string indices must be integers, not 'str'
2026-03-19 17:31:41,372 - INFO - 📅 Fetching Basic Metadata: Fallout Classic Edition
2026-03-19 17:31:41,433 - WARNING - IGDB Error for Fallout Classic Edition: string indices must be integers, not 'str'
2026-03-19 17:31:41,441 - INFO - 📅 Fetching Basic Metadata: Outliver: Tribulation
2026-03-19 17:31:41,495 - WARNING - IGDB Error for Outliver: Tribulation: string indices must be integers, not 'str'
2026-03-19 17:31:41,503 - INFO - 📅 Fetching Basic Metadata: Bus Simulator 21 Next Stop
2026-03-19 17:31:41,585 - WARNING - IGDB Error for Bus Simulator 21 Next Stop: string indices must be integers, not 'str'
2026-03-19 17:31:41,593 - INFO - 📅 Fetching Basic Metadata: Turmoil
2026-03-19 17:31:41,667 - WARNING - IGDB Error for Turmoil: string indices must be integers, not 'str'
2026-03-19 17:31:41,674 - INFO - 📅 Fetching Basic Metadata: World War Z Aftermath
2026-03-19 17:31:41,789 - WARNING - IGDB Error for World War Z Aftermath: string indices must be integers, not 'str'
2026-03-19 17:31:41,796 - INFO - 📅 Fetching Basic Metadata: World Of Warships – Anniversary Party Flavor
2026-03-19 17:31:41,859 - WARNING - IGDB Error for World Of Warships – Anniversary Party Flavor: string indices must be integers, not 'str'
2026-03-19 17:31:41,866 - INFO - 📅 Fetching Basic Metadata: Neko Ghost, Jump!
2026-03-19 17:31:41,928 - WARNING - IGDB Error for Neko Ghost, Jump!: string indices must be integers, not 'str'
2026-03-19 17:31:41,935 - INFO - 📅 Fetching Basic Metadata: Super Space Club
2026-03-19 17:31:41,992 - WARNING - IGDB Error for Super Space Club: string indices must be integers, not 'str'
2026-03-19 17:31:41,998 - INFO - 📅 Fetching Basic Metadata: Touch Type Tale
2026-03-19 17:31:42,058 - WARNING - IGDB Error for Touch Type Tale: string indices must be integers, not 'str'
2026-03-19 17:31:42,065 - INFO - 📅 Fetching Basic Metadata: Gigapocalypse
2026-03-19 17:31:42,137 - WARNING - IGDB Error for Gigapocalypse: string indices must be integers, not 'str'
2026-03-19 17:31:42,145 - INFO - 📅 Fetching Basic Metadata: Legion TD2
2026-03-19 17:31:42,290 - WARNING - IGDB Error for Legion TD2: string indices must be integers, not 'str'
2026-03-19 17:31:42,299 - INFO - 📅 Fetching Basic Metadata: Nightingale
2026-03-19 17:31:42,421 - WARNING - IGDB Error for Nightingale: string indices must be integers, not 'str'
2026-03-19 17:31:42,428 - INFO - 📅 Fetching Basic Metadata: Godzilla Voxel Wars
2026-03-19 17:31:42,493 - WARNING - IGDB Error for Godzilla Voxel Wars: string indices must be integers, not 'str'
2026-03-19 17:31:42,501 - INFO - 📅 Fetching Basic Metadata: Trine Classic Collection
2026-03-19 17:31:42,630 - INFO - 🎯 IGDB Match: 'Trine Classic Collection' (100%)
2026-03-19 17:31:42,638 - INFO - 📅 Fetching Basic Metadata: Poison Retro Set
2026-03-19 17:31:42,740 - INFO - 🎯 IGDB Match: 'Pixel Gun 3D: Poison Retro Set' (90%)
2026-03-19 17:31:42,746 - INFO - 📅 Fetching Basic Metadata: The Darkside Detective A Fumble in the Dark
2026-03-19 17:31:42,836 - INFO - 🎯 IGDB Match: 'The Darkside Detective: A Fumble in the Dark' (99%)
2026-03-19 17:31:42,842 - INFO - 📅 Fetching Basic Metadata: Return to Ash
2026-03-19 17:31:42,917 - INFO - 🎯 IGDB Match: 'Return to Ash' (100%)
2026-03-19 17:31:42,923 - INFO - 🏢 Publisher Search: STALCRAFT: X Starter Edition
2026-03-19 17:31:44,383 - INFO - 📅 Fetching Basic Metadata: STALCRAFT: X Starter Edition
2026-03-19 17:31:44,467 - INFO - 📅 Fetching Basic Metadata: Boxes: Lost Fragments
2026-03-19 17:31:44,602 - INFO - 🎯 IGDB Match: 'Boxes: Lost Fragments' (100%)
2026-03-19 17:31:44,609 - INFO - 📅 Fetching Basic Metadata: My Night Job
2026-03-19 17:31:44,695 - INFO - 🎯 IGDB Match: 'My Night Job' (100%)
2026-03-19 17:31:44,702 - INFO - 💰 Price Search: Electrician Simulator
2026-03-19 17:31:46,288 - INFO - 🏢 Publisher Search: Electrician Simulator
2026-03-19 17:31:47,775 - INFO - 📅 Fetching Basic Metadata: Electrician Simulator
2026-03-19 17:31:47,907 - INFO - 🎯 IGDB Match: 'Electrician Simulator' (100%)
2026-03-19 17:31:47,907 - INFO - 🔗 Searching Franchise Context: Electrician Simulator
2026-03-19 17:31:48,187 - INFO - 📡 Fallback to IGDB for Electrician Simulator
2026-03-19 17:31:48,270 - INFO - 💰 Price Search: World of Warships — Epic Anniversary Tachibana Pack
2026-03-19 17:31:49,722 - INFO - 🏢 Publisher Search: World of Warships — Epic Anniversary Tachibana Pack
2026-03-19 17:31:51,038 - INFO - 📅 Fetching Basic Metadata: World of Warships — Epic Anniversary Tachibana Pack
2026-03-19 17:31:51,139 - INFO - 
--- Starting Data Quality Checks ---
2026-03-19 17:31:51,152 - INFO - --- Data Quality Checks Complete ---

2026-03-19 17:31:51,181 - INFO - | Metric | Statistics |
| :--- | :--- |
| 💰 **Total Market Value** | **$12,706.28** |
| 📦 **Total Games Collected** | 659 |
| 🏷️ **Average Retail Price** | $22.45 per game |
| 💎 **Most Expensive Title** | Civilization 6 Platinum Edition ($79.99) |
| 👑 **MVP Publisher** | Bethesda Softworks |
| 🏢 **Value Leaders** | 2K ($579.90), Bethesda Softworks ($544.80), Paradox Interactive ($409.89) |
| 📈 **Inflation-Adjusted Value** | $14,503.52 |
| 🎈 **Inflation Bonus** | **+$1,797.24** in purchasing power |
| 🗓️ **Peak Saving Month** | 🎄 **Seasonality Peak:** December is historically the best month, offering $3,388.17 in savings. |
| ⭐ **Average Score** | 76.7/100 |
| 💳 **Subscription Equivalent** | **$170.07 / mo** |
| 🎯 **Prestige Ratio** | **2.0%** (Strategic Hype) |
| 🏎️ **Lead Time Avg** | 447 Days to Sequel |

2026-03-19 17:31:51,181 - INFO - ✅ README.md updated.
2026-03-19 17:31:51,205 - INFO - Using categorical units to plot a list of strings that are all parsable as floats or dates. If these strings should be plotted as numbers, cast to the appropriate data type before plotting.
2026-03-19 17:31:51,207 - INFO - Using categorical units to plot a list of strings that are all parsable as floats or dates. If these strings should be plotted as numbers, cast to the appropriate data type before plotting.
2026-03-19 17:31:56,825 - INFO - 📈 All charts generated successfully.
