2026-07-05 17:36:28,377 - INFO - Failed to extract font properties from /usr/share/fonts/truetype/noto/NotoColorEmoji.ttf: Non-scalable fonts are not supported
2026-07-05 17:36:28,426 - INFO - generated new fontManager
2026-07-05 17:36:28,857 - INFO - ✅ Migration Successful!
2026-07-05 17:36:29,066 - INFO - No new games found.
2026-07-05 17:36:29,652 - INFO - 🔍 Found 609 games needing metadata. Starting IGDB + Steam + CheapShark enrichment...
2026-07-05 17:36:29,744 - INFO - 📅 Fetching Basic Metadata: LEGO Batman Trilogy
2026-07-05 17:36:30,151 - INFO - 🎯 IGDB Match: 'LEGO Batman Trilogy' (100%)
2026-07-05 17:36:30,174 - INFO - 📅 Fetching Basic Metadata: Antstream
2026-07-05 17:36:30,442 - INFO - 📅 Fetching Basic Metadata: The Drone Racing League Simulator
2026-07-05 17:36:30,725 - INFO - 🎯 IGDB Match: 'The Drone Racing League Simulator' (100%)
2026-07-05 17:36:30,733 - INFO - 📅 Fetching Basic Metadata: Dark Deity
2026-07-05 17:36:30,977 - INFO - 🎯 IGDB Match: 'Dark Deity' (100%)
2026-07-05 17:36:30,984 - INFO - 📅 Fetching Basic Metadata: RPG in a Box
2026-07-05 17:36:31,114 - INFO - 🎯 IGDB Match: 'RPG in a Box' (100%)
2026-07-05 17:36:31,121 - INFO - 📅 Fetching Basic Metadata: Fallout Classic Collection
2026-07-05 17:36:31,306 - INFO - 🎯 IGDB Match: 'Fallout Classic Collection' (100%)
2026-07-05 17:36:31,314 - INFO - 📅 Fetching Basic Metadata: Recipe for Disaster
2026-07-05 17:36:31,494 - INFO - 🎯 IGDB Match: 'Recipe For Disaster' (100%)
2026-07-05 17:36:31,501 - INFO - 📅 Fetching Basic Metadata: World of Warships — Starter Pack: Ishizuchi
2026-07-05 17:36:31,740 - INFO - 🎯 IGDB Match: 'World of Warships: Starter Pack - Ishizuchi' (98%)
2026-07-05 17:36:31,747 - INFO - 📅 Fetching Basic Metadata: Poker Club
2026-07-05 17:36:31,850 - INFO - 🎯 IGDB Match: 'Poker Club' (100%)
2026-07-05 17:36:31,856 - INFO - 📅 Fetching Basic Metadata: The Sims 4 The Daring Lifestyle Bundle
2026-07-05 17:36:32,144 - INFO - 🎯 IGDB Match: 'The Sims 4: The Daring Lifestyle Bundle' (99%)
2026-07-05 17:36:32,152 - INFO - 📅 Fetching Basic Metadata: Dodo Peak
2026-07-05 17:36:32,257 - INFO - 🎯 IGDB Match: 'Dodo Peak' (100%)
2026-07-05 17:36:32,264 - INFO - 📅 Fetching Basic Metadata: Spelldrifter
2026-07-05 17:36:32,440 - INFO - 🎯 IGDB Match: 'Spelldrifter' (100%)
2026-07-05 17:36:32,447 - INFO - 📅 Fetching Basic Metadata: Model Builder
2026-07-05 17:36:32,577 - INFO - 🎯 IGDB Match: 'Model Builder' (100%)
2026-07-05 17:36:32,583 - INFO - 📅 Fetching Basic Metadata: Godlike Burger
2026-07-05 17:36:32,702 - INFO - 🎯 IGDB Match: 'Godlike Burger' (100%)
2026-07-05 17:36:32,709 - INFO - 📅 Fetching Basic Metadata: Q.U.B.E. Ultimate Bundle
2026-07-05 17:36:32,888 - INFO - 🎯 IGDB Match: 'Q.U.B.E. Ultimate Bundle' (100%)
2026-07-05 17:36:32,896 - INFO - 📅 Fetching Basic Metadata: Jitsu Squad
2026-07-05 17:36:33,000 - INFO - 🎯 IGDB Match: 'Jitsu Squad' (100%)
2026-07-05 17:36:33,006 - INFO - 📅 Fetching Basic Metadata: Mighty Fight Federation
2026-07-05 17:36:33,101 - INFO - 🎯 IGDB Match: 'Mighty Fight Federation' (100%)
2026-07-05 17:36:33,110 - INFO - 📅 Fetching Basic Metadata: LOVE
2026-07-05 17:36:33,319 - INFO - 🎯 IGDB Match: 'Love Love Love' (90%)
2026-07-05 17:36:33,327 - INFO - 📅 Fetching Basic Metadata: Call of The Wild: The Angler
2026-07-05 17:36:33,511 - INFO - 🎯 IGDB Match: 'Call of the Wild: The Angler' (100%)
2026-07-05 17:36:33,519 - INFO - 📅 Fetching Basic Metadata: The Falconeer
2026-07-05 17:36:33,621 - INFO - 🎯 IGDB Match: 'The Falconeer: The Hunter' (90%)
2026-07-05 17:36:33,628 - INFO - 📅 Fetching Basic Metadata: Rawmen: Food Fighter Arena
2026-07-05 17:36:33,722 - INFO - 🎯 IGDB Match: 'Rawmen' (90%)
2026-07-05 17:36:33,729 - INFO - 📅 Fetching Basic Metadata: World of Warships – Starter Pack: Albany
2026-07-05 17:36:33,911 - INFO - 📅 Fetching Basic Metadata: Fallout Classic Edition
2026-07-05 17:36:34,033 - INFO - 📅 Fetching Basic Metadata: Outliver: Tribulation
2026-07-05 17:36:34,118 - WARNING - IGDB Error for Outliver: Tribulation: string indices must be integers, not 'str'
2026-07-05 17:36:34,128 - INFO - 📅 Fetching Basic Metadata: Bus Simulator 21 Next Stop
2026-07-05 17:36:34,297 - WARNING - IGDB Error for Bus Simulator 21 Next Stop: string indices must be integers, not 'str'
2026-07-05 17:36:34,305 - INFO - 📅 Fetching Basic Metadata: Turmoil
2026-07-05 17:36:34,510 - INFO - 🎯 IGDB Match: 'Turmoil' (100%)
2026-07-05 17:36:34,517 - INFO - 📅 Fetching Basic Metadata: World War Z Aftermath
2026-07-05 17:36:34,613 - INFO - 🎯 IGDB Match: 'World War Z: Aftermath' (98%)
2026-07-05 17:36:34,620 - INFO - 📅 Fetching Basic Metadata: World Of Warships – Anniversary Party Flavor
2026-07-05 17:36:34,721 - INFO - 📅 Fetching Basic Metadata: Neko Ghost, Jump!
2026-07-05 17:36:34,833 - INFO - 🎯 IGDB Match: 'Neko Ghost, Jump!' (100%)
2026-07-05 17:36:34,840 - INFO - 📅 Fetching Basic Metadata: Super Space Club
2026-07-05 17:36:34,940 - INFO - 🎯 IGDB Match: 'Super Space Club' (100%)
2026-07-05 17:36:34,946 - INFO - 📅 Fetching Basic Metadata: Touch Type Tale
2026-07-05 17:36:35,118 - WARNING - IGDB Error for Touch Type Tale: string indices must be integers, not 'str'
2026-07-05 17:36:35,124 - INFO - 📅 Fetching Basic Metadata: Gigapocalypse
2026-07-05 17:36:35,206 - WARNING - IGDB Error for Gigapocalypse: string indices must be integers, not 'str'
2026-07-05 17:36:35,214 - INFO - 📅 Fetching Basic Metadata: Legion TD2
2026-07-05 17:36:35,294 - WARNING - IGDB Error for Legion TD2: string indices must be integers, not 'str'
2026-07-05 17:36:35,302 - INFO - 📅 Fetching Basic Metadata: Nightingale
2026-07-05 17:36:35,399 - WARNING - IGDB Error for Nightingale: string indices must be integers, not 'str'
2026-07-05 17:36:35,407 - INFO - 📅 Fetching Basic Metadata: Godzilla Voxel Wars
2026-07-05 17:36:35,489 - WARNING - IGDB Error for Godzilla Voxel Wars: string indices must be integers, not 'str'
2026-07-05 17:36:35,498 - INFO - 📅 Fetching Basic Metadata: Trine Classic Collection
2026-07-05 17:36:35,582 - WARNING - IGDB Error for Trine Classic Collection: string indices must be integers, not 'str'
2026-07-05 17:36:35,590 - INFO - 📅 Fetching Basic Metadata: Poison Retro Set
2026-07-05 17:36:35,671 - WARNING - IGDB Error for Poison Retro Set: string indices must be integers, not 'str'
2026-07-05 17:36:35,678 - INFO - 📅 Fetching Basic Metadata: The Darkside Detective A Fumble in the Dark
2026-07-05 17:36:35,768 - WARNING - IGDB Error for The Darkside Detective A Fumble in the Dark: string indices must be integers, not 'str'
2026-07-05 17:36:35,775 - INFO - 📅 Fetching Basic Metadata: Return to Ash
2026-07-05 17:36:35,951 - INFO - 🎯 IGDB Match: 'Return to Ash' (100%)
2026-07-05 17:36:35,958 - INFO - 🏢 Publisher Search: STALCRAFT: X Starter Edition
2026-07-05 17:36:37,294 - INFO - 📅 Fetching Basic Metadata: STALCRAFT: X Starter Edition
2026-07-05 17:36:37,432 - INFO - 📅 Fetching Basic Metadata: Boxes: Lost Fragments
2026-07-05 17:36:37,525 - INFO - 🎯 IGDB Match: 'Boxes: Lost Fragments' (100%)
2026-07-05 17:36:37,532 - INFO - 📅 Fetching Basic Metadata: My Night Job
2026-07-05 17:36:37,650 - INFO - 🎯 IGDB Match: 'My Night Job' (100%)
2026-07-05 17:36:37,657 - INFO - 📅 Fetching Basic Metadata: Electrician Simulator
2026-07-05 17:36:37,836 - INFO - 🎯 IGDB Match: 'Electrician Simulator' (100%)
2026-07-05 17:36:37,842 - INFO - 🏢 Publisher Search: World of Warships — Epic Anniversary Tachibana Pack
2026-07-05 17:36:39,206 - INFO - 📅 Fetching Basic Metadata: World of Warships — Epic Anniversary Tachibana Pack
2026-07-05 17:36:39,394 - INFO - 📅 Fetching Basic Metadata: Hyper Echelon
2026-07-05 17:36:39,487 - INFO - 🎯 IGDB Match: 'Hyper Echelon' (100%)
2026-07-05 17:36:39,493 - INFO - 📅 Fetching Basic Metadata: Havendock
2026-07-05 17:36:39,621 - INFO - 🎯 IGDB Match: 'Havendock' (100%)
2026-07-05 17:36:39,628 - INFO - 📅 Fetching Basic Metadata: Clone Drone in the Danger Zone
2026-07-05 17:36:39,721 - INFO - 🎯 IGDB Match: 'Clone Drone in the Danger Zone' (100%)
2026-07-05 17:36:39,728 - INFO - 🏢 Publisher Search: TOMAK: Save the Earth Regeneration
2026-07-05 17:36:41,045 - INFO - 📅 Fetching Basic Metadata: TOMAK: Save the Earth Regeneration
2026-07-05 17:36:41,235 - INFO - 🎯 IGDB Match: 'Tomak: Save the Earth Regeneration' (100%)
2026-07-05 17:36:41,241 - INFO - 📅 Fetching Basic Metadata: Prop Sumo
2026-07-05 17:36:41,418 - INFO - 🎯 IGDB Match: 'Prop Sumo' (100%)
2026-07-05 17:36:41,425 - INFO - 📅 Fetching Basic Metadata: The Stone of Madness
2026-07-05 17:36:41,602 - INFO - 🎯 IGDB Match: 'The Stone of Madness' (100%)
2026-07-05 17:36:41,609 - INFO - 📅 Fetching Basic Metadata: Firestone Online Idle RPG
2026-07-05 17:36:41,708 - INFO - 🎯 IGDB Match: 'Firestone: Online Idle RPG' (98%)
2026-07-05 17:36:41,715 - INFO - 📅 Fetching Basic Metadata: Oddsparks: An Automation Adventure
2026-07-05 17:36:41,896 - INFO - 🎯 IGDB Match: 'Oddsparks: An Automation Adventure' (100%)
2026-07-05 17:36:41,903 - INFO - 📅 Fetching Basic Metadata: Trash Goblin
2026-07-05 17:36:41,997 - INFO - 🎯 IGDB Match: 'Trash Goblin' (100%)
2026-07-05 17:36:42,004 - INFO - 🏢 Publisher Search: The Telltale Batman Shadows Edition
2026-07-05 17:36:43,329 - INFO - 📅 Fetching Basic Metadata: The Telltale Batman Shadows Edition
2026-07-05 17:36:43,523 - INFO - 🎯 IGDB Match: 'Telltale Batman Shadows Edition' (95%)
2026-07-05 17:36:43,530 - INFO - 🏢 Publisher Search: Sunderfolk - Standard Edition
2026-07-05 17:36:44,866 - INFO - 📅 Fetching Basic Metadata: Sunderfolk - Standard Edition
2026-07-05 17:36:45,052 - INFO - 📅 Fetching Basic Metadata: Down in Bermuda
2026-07-05 17:36:45,234 - INFO - 🎯 IGDB Match: 'Down in Bermuda' (100%)
2026-07-05 17:36:45,240 - INFO - 📅 Fetching Basic Metadata: Tomb Raider I-III Remastered Starring Lara Croft
2026-07-05 17:36:45,427 - INFO - 📅 Fetching Basic Metadata: LONESTAR
2026-07-05 17:36:45,602 - INFO - 🎯 IGDB Match: 'LoneStar' (100%)
2026-07-05 17:36:45,609 - INFO - 📅 Fetching Basic Metadata: Calico
2026-07-05 17:36:45,784 - INFO - 🎯 IGDB Match: 'Calico' (100%)
2026-07-05 17:36:45,790 - INFO - 📅 Fetching Basic Metadata: Rogue Waters
2026-07-05 17:36:45,885 - INFO - 🎯 IGDB Match: 'Rogue Waters' (100%)
2026-07-05 17:36:45,892 - INFO - 📅 Fetching Basic Metadata: The Ouroboros King
2026-07-05 17:36:46,069 - INFO - 🎯 IGDB Match: 'The Ouroboros King' (100%)
2026-07-05 17:36:46,075 - INFO - 🏢 Publisher Search: Warhammer 40K Speed Freeks
2026-07-05 17:36:47,390 - INFO - 📅 Fetching Basic Metadata: I Have No Mouth, and I Must Scream
2026-07-05 17:36:47,595 - INFO - 🎯 IGDB Match: 'I Have No Mouth, and I Must Scream' (100%)
2026-07-05 17:36:47,607 - INFO - 
--- Starting Data Quality Checks ---
2026-07-05 17:36:47,620 - INFO - --- Data Quality Checks Complete ---

2026-07-05 17:36:47,650 - INFO - | Metric | Statistics |
| :--- | :--- |
| 💰 **Total Market Value** | **$13,238.03** |
| 📦 **Total Games Collected** | 686 |
| 🏷️ **Average Retail Price** | $22.34 per game |
| 💎 **Most Expensive Title** | Civilization 6 Platinum Edition ($79.99) |
| 👑 **MVP Publisher** | Bethesda Softworks |
| 🏢 **Value Leaders** | 2K ($579.90), Bethesda Softworks ($544.80), Paradox Interactive ($409.89) |
| 📈 **Inflation-Adjusted Value** | $15,035.27 |
| 🎈 **Inflation Bonus** | **+$1,797.24** in purchasing power |
| 🗓️ **Peak Saving Month** | 🎄 **Seasonality Peak:** December is historically the best month, offering $3,388.17 in savings. |
| ⭐ **Average Score** | 76.8/100 |
| 💳 **Subscription Equivalent** | **$168.44 / mo** |
| 🎯 **Prestige Ratio** | **2.0%** (Strategic Hype) |
| 🏎️ **Lead Time Avg** | 441 Days to Sequel |

2026-07-05 17:36:47,651 - INFO - ✅ README.md updated.
2026-07-05 17:36:47,675 - INFO - Using categorical units to plot a list of strings that are all parsable as floats or dates. If these strings should be plotted as numbers, cast to the appropriate data type before plotting.
2026-07-05 17:36:47,676 - INFO - Using categorical units to plot a list of strings that are all parsable as floats or dates. If these strings should be plotted as numbers, cast to the appropriate data type before plotting.
2026-07-05 17:36:53,600 - INFO - 📈 All charts generated successfully.
