2026-07-08 17:59:44,526 - INFO - Failed to extract font properties from /usr/share/fonts/truetype/noto/NotoColorEmoji.ttf: Non-scalable fonts are not supported
2026-07-08 17:59:44,598 - INFO - generated new fontManager
2026-07-08 17:59:44,977 - INFO - ✅ Migration Successful!
2026-07-08 17:59:45,443 - INFO - No new games found.
2026-07-08 17:59:45,832 - INFO - 🔍 Found 609 games needing metadata. Starting IGDB + Steam + CheapShark enrichment...
2026-07-08 17:59:45,952 - INFO - 📅 Fetching Basic Metadata: LEGO Batman Trilogy
2026-07-08 17:59:46,205 - INFO - 🎯 IGDB Match: 'LEGO Batman Trilogy' (100%)
2026-07-08 17:59:46,230 - INFO - 📅 Fetching Basic Metadata: Antstream
2026-07-08 17:59:46,338 - INFO - 📅 Fetching Basic Metadata: The Drone Racing League Simulator
2026-07-08 17:59:46,430 - INFO - 🎯 IGDB Match: 'The Drone Racing League Simulator' (100%)
2026-07-08 17:59:46,438 - INFO - 📅 Fetching Basic Metadata: Dark Deity
2026-07-08 17:59:46,541 - INFO - 🎯 IGDB Match: 'Dark Deity' (100%)
2026-07-08 17:59:46,547 - INFO - 📅 Fetching Basic Metadata: RPG in a Box
2026-07-08 17:59:46,663 - INFO - 🎯 IGDB Match: 'RPG in a Box' (100%)
2026-07-08 17:59:46,670 - INFO - 📅 Fetching Basic Metadata: Fallout Classic Collection
2026-07-08 17:59:46,821 - INFO - 🎯 IGDB Match: 'Fallout Classic Collection' (100%)
2026-07-08 17:59:46,829 - INFO - 📅 Fetching Basic Metadata: Recipe for Disaster
2026-07-08 17:59:46,969 - INFO - 🎯 IGDB Match: 'Recipe For Disaster' (100%)
2026-07-08 17:59:46,976 - INFO - 📅 Fetching Basic Metadata: World of Warships — Starter Pack: Ishizuchi
2026-07-08 17:59:47,075 - INFO - 🎯 IGDB Match: 'World of Warships: Starter Pack - Ishizuchi' (98%)
2026-07-08 17:59:47,083 - INFO - 📅 Fetching Basic Metadata: Poker Club
2026-07-08 17:59:47,170 - INFO - 🎯 IGDB Match: 'Poker Club' (100%)
2026-07-08 17:59:47,177 - INFO - 📅 Fetching Basic Metadata: The Sims 4 The Daring Lifestyle Bundle
2026-07-08 17:59:47,321 - INFO - 🎯 IGDB Match: 'The Sims 4: The Daring Lifestyle Bundle' (99%)
2026-07-08 17:59:47,329 - INFO - 📅 Fetching Basic Metadata: Dodo Peak
2026-07-08 17:59:47,420 - INFO - 🎯 IGDB Match: 'Dodo Peak' (100%)
2026-07-08 17:59:47,426 - INFO - 📅 Fetching Basic Metadata: Spelldrifter
2026-07-08 17:59:47,513 - INFO - 🎯 IGDB Match: 'Spelldrifter' (100%)
2026-07-08 17:59:47,519 - INFO - 📅 Fetching Basic Metadata: Model Builder
2026-07-08 17:59:47,602 - INFO - 🎯 IGDB Match: 'Model Builder' (100%)
2026-07-08 17:59:47,608 - INFO - 📅 Fetching Basic Metadata: Godlike Burger
2026-07-08 17:59:47,725 - INFO - 🎯 IGDB Match: 'Godlike Burger' (100%)
2026-07-08 17:59:47,731 - INFO - 📅 Fetching Basic Metadata: Q.U.B.E. Ultimate Bundle
2026-07-08 17:59:47,845 - INFO - 🎯 IGDB Match: 'Q.U.B.E. Ultimate Bundle' (100%)
2026-07-08 17:59:47,852 - INFO - 📅 Fetching Basic Metadata: Jitsu Squad
2026-07-08 17:59:47,963 - INFO - 🎯 IGDB Match: 'Jitsu Squad' (100%)
2026-07-08 17:59:47,969 - INFO - 📅 Fetching Basic Metadata: Mighty Fight Federation
2026-07-08 17:59:48,061 - INFO - 🎯 IGDB Match: 'Mighty Fight Federation' (100%)
2026-07-08 17:59:48,070 - INFO - 📅 Fetching Basic Metadata: LOVE
2026-07-08 17:59:48,189 - INFO - 🎯 IGDB Match: 'Love Love Love' (90%)
2026-07-08 17:59:48,197 - INFO - 📅 Fetching Basic Metadata: Call of The Wild: The Angler
2026-07-08 17:59:48,298 - INFO - 🎯 IGDB Match: 'Call of the Wild: The Angler' (100%)
2026-07-08 17:59:48,306 - INFO - 📅 Fetching Basic Metadata: The Falconeer
2026-07-08 17:59:48,424 - INFO - 🎯 IGDB Match: 'The Falconeer: The Hunter' (90%)
2026-07-08 17:59:48,430 - INFO - 📅 Fetching Basic Metadata: Rawmen: Food Fighter Arena
2026-07-08 17:59:48,531 - INFO - 🎯 IGDB Match: 'Rawmen' (90%)
2026-07-08 17:59:48,537 - INFO - 📅 Fetching Basic Metadata: World of Warships – Starter Pack: Albany
2026-07-08 17:59:48,633 - WARNING - IGDB Error for World of Warships – Starter Pack: Albany: string indices must be integers, not 'str'
2026-07-08 17:59:48,639 - INFO - 📅 Fetching Basic Metadata: Fallout Classic Edition
2026-07-08 17:59:48,712 - WARNING - IGDB Error for Fallout Classic Edition: string indices must be integers, not 'str'
2026-07-08 17:59:48,719 - INFO - 📅 Fetching Basic Metadata: Outliver: Tribulation
2026-07-08 17:59:48,797 - WARNING - IGDB Error for Outliver: Tribulation: string indices must be integers, not 'str'
2026-07-08 17:59:48,805 - INFO - 📅 Fetching Basic Metadata: Bus Simulator 21 Next Stop
2026-07-08 17:59:48,878 - WARNING - IGDB Error for Bus Simulator 21 Next Stop: string indices must be integers, not 'str'
2026-07-08 17:59:48,886 - INFO - 📅 Fetching Basic Metadata: Turmoil
2026-07-08 17:59:48,963 - WARNING - IGDB Error for Turmoil: string indices must be integers, not 'str'
2026-07-08 17:59:48,970 - INFO - 📅 Fetching Basic Metadata: World War Z Aftermath
2026-07-08 17:59:49,062 - WARNING - IGDB Error for World War Z Aftermath: string indices must be integers, not 'str'
2026-07-08 17:59:49,069 - INFO - 📅 Fetching Basic Metadata: World Of Warships – Anniversary Party Flavor
2026-07-08 17:59:49,140 - WARNING - IGDB Error for World Of Warships – Anniversary Party Flavor: string indices must be integers, not 'str'
2026-07-08 17:59:49,147 - INFO - 📅 Fetching Basic Metadata: Neko Ghost, Jump!
2026-07-08 17:59:49,223 - WARNING - IGDB Error for Neko Ghost, Jump!: string indices must be integers, not 'str'
2026-07-08 17:59:49,230 - INFO - 📅 Fetching Basic Metadata: Super Space Club
2026-07-08 17:59:49,323 - WARNING - IGDB Error for Super Space Club: string indices must be integers, not 'str'
2026-07-08 17:59:49,329 - INFO - 📅 Fetching Basic Metadata: Touch Type Tale
2026-07-08 17:59:49,413 - WARNING - IGDB Error for Touch Type Tale: string indices must be integers, not 'str'
2026-07-08 17:59:49,419 - INFO - 📅 Fetching Basic Metadata: Gigapocalypse
2026-07-08 17:59:49,589 - WARNING - IGDB Error for Gigapocalypse: string indices must be integers, not 'str'
2026-07-08 17:59:49,597 - INFO - 📅 Fetching Basic Metadata: Legion TD2
2026-07-08 17:59:49,670 - WARNING - IGDB Error for Legion TD2: string indices must be integers, not 'str'
2026-07-08 17:59:49,679 - INFO - 📅 Fetching Basic Metadata: Nightingale
2026-07-08 17:59:49,753 - WARNING - IGDB Error for Nightingale: string indices must be integers, not 'str'
2026-07-08 17:59:49,761 - INFO - 📅 Fetching Basic Metadata: Godzilla Voxel Wars
2026-07-08 17:59:49,853 - WARNING - IGDB Error for Godzilla Voxel Wars: string indices must be integers, not 'str'
2026-07-08 17:59:49,861 - INFO - 📅 Fetching Basic Metadata: Trine Classic Collection
2026-07-08 17:59:49,973 - INFO - 🎯 IGDB Match: 'Trine Classic Collection' (100%)
2026-07-08 17:59:49,980 - INFO - 📅 Fetching Basic Metadata: Poison Retro Set
2026-07-08 17:59:50,141 - INFO - 🎯 IGDB Match: 'Pixel Gun 3D: Poison Retro Set' (90%)
2026-07-08 17:59:50,147 - INFO - 📅 Fetching Basic Metadata: The Darkside Detective A Fumble in the Dark
2026-07-08 17:59:50,240 - INFO - 🎯 IGDB Match: 'The Darkside Detective: A Fumble in the Dark' (99%)
2026-07-08 17:59:50,246 - INFO - 📅 Fetching Basic Metadata: Return to Ash
2026-07-08 17:59:50,356 - INFO - 🎯 IGDB Match: 'Return to Ash' (100%)
2026-07-08 17:59:50,363 - INFO - 🏢 Publisher Search: STALCRAFT: X Starter Edition
2026-07-08 17:59:51,713 - INFO - 📅 Fetching Basic Metadata: STALCRAFT: X Starter Edition
2026-07-08 17:59:51,808 - INFO - 📅 Fetching Basic Metadata: Boxes: Lost Fragments
2026-07-08 17:59:51,904 - INFO - 🎯 IGDB Match: 'Boxes: Lost Fragments' (100%)
2026-07-08 17:59:51,910 - INFO - 📅 Fetching Basic Metadata: My Night Job
2026-07-08 17:59:51,997 - INFO - 🎯 IGDB Match: 'My Night Job' (100%)
2026-07-08 17:59:52,003 - INFO - 📅 Fetching Basic Metadata: Electrician Simulator
2026-07-08 17:59:52,099 - INFO - 🎯 IGDB Match: 'Electrician Simulator' (100%)
2026-07-08 17:59:52,105 - INFO - 🏢 Publisher Search: World of Warships — Epic Anniversary Tachibana Pack
2026-07-08 17:59:53,484 - INFO - 📅 Fetching Basic Metadata: World of Warships — Epic Anniversary Tachibana Pack
2026-07-08 17:59:53,577 - INFO - 📅 Fetching Basic Metadata: Hyper Echelon
2026-07-08 17:59:53,664 - INFO - 🎯 IGDB Match: 'Hyper Echelon' (100%)
2026-07-08 17:59:53,670 - INFO - 📅 Fetching Basic Metadata: Havendock
2026-07-08 17:59:53,793 - INFO - 🎯 IGDB Match: 'Havendock' (100%)
2026-07-08 17:59:53,799 - INFO - 📅 Fetching Basic Metadata: Clone Drone in the Danger Zone
2026-07-08 17:59:53,889 - INFO - 🎯 IGDB Match: 'Clone Drone in the Danger Zone' (100%)
2026-07-08 17:59:53,894 - INFO - 🏢 Publisher Search: TOMAK: Save the Earth Regeneration
2026-07-08 17:59:55,285 - INFO - 📅 Fetching Basic Metadata: TOMAK: Save the Earth Regeneration
2026-07-08 17:59:55,370 - INFO - 🎯 IGDB Match: 'Tomak: Save the Earth Regeneration' (100%)
2026-07-08 17:59:55,376 - INFO - 📅 Fetching Basic Metadata: Prop Sumo
2026-07-08 17:59:55,460 - INFO - 🎯 IGDB Match: 'Prop Sumo' (100%)
2026-07-08 17:59:55,466 - INFO - 📅 Fetching Basic Metadata: The Stone of Madness
2026-07-08 17:59:55,565 - INFO - 🎯 IGDB Match: 'The Stone of Madness' (100%)
2026-07-08 17:59:55,571 - INFO - 📅 Fetching Basic Metadata: Firestone Online Idle RPG
2026-07-08 17:59:55,658 - INFO - 🎯 IGDB Match: 'Firestone: Online Idle RPG' (98%)
2026-07-08 17:59:55,664 - INFO - 📅 Fetching Basic Metadata: Oddsparks: An Automation Adventure
2026-07-08 17:59:55,752 - INFO - 🎯 IGDB Match: 'Oddsparks: An Automation Adventure' (100%)
2026-07-08 17:59:55,758 - INFO - 📅 Fetching Basic Metadata: Trash Goblin
2026-07-08 17:59:55,843 - INFO - 🎯 IGDB Match: 'Trash Goblin' (100%)
2026-07-08 17:59:55,849 - INFO - 🏢 Publisher Search: The Telltale Batman Shadows Edition
2026-07-08 17:59:57,212 - INFO - 📅 Fetching Basic Metadata: The Telltale Batman Shadows Edition
2026-07-08 17:59:57,303 - INFO - 🎯 IGDB Match: 'Telltale Batman Shadows Edition' (95%)
2026-07-08 17:59:57,309 - INFO - 🏢 Publisher Search: Sunderfolk - Standard Edition
2026-07-08 17:59:58,639 - INFO - 📅 Fetching Basic Metadata: Sunderfolk - Standard Edition
2026-07-08 17:59:58,728 - INFO - 📅 Fetching Basic Metadata: Down in Bermuda
2026-07-08 17:59:58,810 - INFO - 🎯 IGDB Match: 'Down in Bermuda' (100%)
2026-07-08 17:59:58,816 - INFO - 📅 Fetching Basic Metadata: Tomb Raider I-III Remastered Starring Lara Croft
2026-07-08 17:59:58,905 - INFO - 📅 Fetching Basic Metadata: LONESTAR
2026-07-08 17:59:58,989 - INFO - 🎯 IGDB Match: 'LoneStar' (100%)
2026-07-08 17:59:58,995 - INFO - 📅 Fetching Basic Metadata: Calico
2026-07-08 17:59:59,086 - INFO - 🎯 IGDB Match: 'Calico' (100%)
2026-07-08 17:59:59,092 - INFO - 📅 Fetching Basic Metadata: Rogue Waters
2026-07-08 17:59:59,176 - INFO - 🎯 IGDB Match: 'Rogue Waters' (100%)
2026-07-08 17:59:59,182 - INFO - 📅 Fetching Basic Metadata: The Ouroboros King
2026-07-08 17:59:59,347 - INFO - 🎯 IGDB Match: 'The Ouroboros King' (100%)
2026-07-08 17:59:59,354 - INFO - 🏢 Publisher Search: Warhammer 40K Speed Freeks
2026-07-08 18:00:00,808 - INFO - 📅 Fetching Basic Metadata: I Have No Mouth, and I Must Scream
2026-07-08 18:00:00,935 - INFO - 🎯 IGDB Match: 'I Have No Mouth, and I Must Scream' (100%)
2026-07-08 18:00:00,947 - INFO - 
--- Starting Data Quality Checks ---
2026-07-08 18:00:00,959 - INFO - --- Data Quality Checks Complete ---

2026-07-08 18:00:00,988 - INFO - | Metric | Statistics |
| :--- | :--- |
| 💰 **Total Market Value** | **$13,238.03** |
| 📦 **Total Games Collected** | 686 |
| 🏷️ **Average Retail Price** | $22.34 per game |
| 💎 **Most Expensive Title** | Civilization 6 Platinum Edition ($79.99) |
| 👑 **MVP Publisher** | Bethesda Softworks |
| 🏢 **Value Leaders** | 2K ($579.90), Bethesda Softworks ($544.80), Paradox Interactive ($409.89) |
| 📈 **Inflation-Adjusted Value** | $15,035.27 |
| 🎈 **Inflation Bonus** | **+$1,797.24** in purchasing power |
| 🗓️ **Peak Saving Month** | 🎄 **Seasonality Peak:** December is historically the best month, offering $3,388.17 in savings. |
| ⭐ **Average Score** | 76.8/100 |
| 💳 **Subscription Equivalent** | **$168.44 / mo** |
| 🎯 **Prestige Ratio** | **2.0%** (Strategic Hype) |
| 🏎️ **Lead Time Avg** | 441 Days to Sequel |

2026-07-08 18:00:00,988 - INFO - ✅ README.md updated.
2026-07-08 18:00:01,010 - INFO - Using categorical units to plot a list of strings that are all parsable as floats or dates. If these strings should be plotted as numbers, cast to the appropriate data type before plotting.
2026-07-08 18:00:01,011 - INFO - Using categorical units to plot a list of strings that are all parsable as floats or dates. If these strings should be plotted as numbers, cast to the appropriate data type before plotting.
2026-07-08 18:00:06,697 - INFO - 📈 All charts generated successfully.
