2026-04-26 17:09:39,372 - INFO - Failed to extract font properties from /usr/share/fonts/truetype/noto/NotoColorEmoji.ttf: Can not load face (unknown file format; error code 0x2)
2026-04-26 17:09:39,440 - INFO - generated new fontManager
2026-04-26 17:09:39,769 - INFO - ✅ Migration Successful!
2026-04-26 17:09:39,953 - INFO - No new games found.
2026-04-26 17:09:40,467 - INFO - 🔍 Found 590 games needing metadata. Starting IGDB + Steam + CheapShark enrichment...
2026-04-26 17:09:40,516 - INFO - 📅 Fetching Basic Metadata: LEGO Batman Trilogy
2026-04-26 17:09:40,906 - INFO - 🎯 IGDB Match: 'LEGO Batman Trilogy' (100%)
2026-04-26 17:09:40,935 - INFO - 📅 Fetching Basic Metadata: Antstream
2026-04-26 17:09:41,119 - INFO - 📅 Fetching Basic Metadata: The Drone Racing League Simulator
2026-04-26 17:09:41,322 - INFO - 🎯 IGDB Match: 'The Drone Racing League Simulator' (100%)
2026-04-26 17:09:41,330 - INFO - 📅 Fetching Basic Metadata: Dark Deity
2026-04-26 17:09:41,551 - INFO - 🎯 IGDB Match: 'Dark Deity' (100%)
2026-04-26 17:09:41,558 - INFO - 📅 Fetching Basic Metadata: RPG in a Box
2026-04-26 17:09:41,772 - INFO - 🎯 IGDB Match: 'RPG in a Box' (100%)
2026-04-26 17:09:41,780 - INFO - 📅 Fetching Basic Metadata: Fallout Classic Collection
2026-04-26 17:09:41,897 - INFO - 🎯 IGDB Match: 'Fallout Classic Collection' (100%)
2026-04-26 17:09:41,905 - INFO - 📅 Fetching Basic Metadata: Recipe for Disaster
2026-04-26 17:09:42,013 - INFO - 🎯 IGDB Match: 'Recipe For Disaster' (100%)
2026-04-26 17:09:42,020 - INFO - 📅 Fetching Basic Metadata: World of Warships — Starter Pack: Ishizuchi
2026-04-26 17:09:42,207 - INFO - 🎯 IGDB Match: 'World of Warships: Starter Pack - Ishizuchi' (98%)
2026-04-26 17:09:42,214 - INFO - 📅 Fetching Basic Metadata: Poker Club
2026-04-26 17:09:42,370 - INFO - 🎯 IGDB Match: 'Poker Club' (100%)
2026-04-26 17:09:42,377 - INFO - 📅 Fetching Basic Metadata: The Sims 4 The Daring Lifestyle Bundle
2026-04-26 17:09:42,541 - INFO - 🎯 IGDB Match: 'The Sims 4: The Daring Lifestyle Bundle' (99%)
2026-04-26 17:09:42,550 - INFO - 📅 Fetching Basic Metadata: Dodo Peak
2026-04-26 17:09:42,698 - INFO - 🎯 IGDB Match: 'Dodo Peak' (100%)
2026-04-26 17:09:42,704 - INFO - 📅 Fetching Basic Metadata: Spelldrifter
2026-04-26 17:09:42,809 - INFO - 🎯 IGDB Match: 'Spelldrifter' (100%)
2026-04-26 17:09:42,816 - INFO - 📅 Fetching Basic Metadata: Model Builder
2026-04-26 17:09:42,951 - INFO - 🎯 IGDB Match: 'Model Builder' (100%)
2026-04-26 17:09:42,957 - INFO - 📅 Fetching Basic Metadata: Godlike Burger
2026-04-26 17:09:43,061 - INFO - 🎯 IGDB Match: 'Godlike Burger' (100%)
2026-04-26 17:09:43,068 - INFO - 📅 Fetching Basic Metadata: Q.U.B.E. Ultimate Bundle
2026-04-26 17:09:43,253 - INFO - 🎯 IGDB Match: 'Q.U.B.E. Ultimate Bundle' (100%)
2026-04-26 17:09:43,261 - INFO - 📅 Fetching Basic Metadata: Jitsu Squad
2026-04-26 17:09:43,366 - INFO - 🎯 IGDB Match: 'Jitsu Squad' (100%)
2026-04-26 17:09:43,372 - INFO - 📅 Fetching Basic Metadata: Mighty Fight Federation
2026-04-26 17:09:43,614 - INFO - 🎯 IGDB Match: 'Mighty Fight Federation' (100%)
2026-04-26 17:09:43,623 - INFO - 📅 Fetching Basic Metadata: LOVE
2026-04-26 17:09:43,836 - INFO - 🎯 IGDB Match: 'Love Love Love' (90%)
2026-04-26 17:09:43,844 - INFO - 📅 Fetching Basic Metadata: Call of The Wild: The Angler
2026-04-26 17:09:43,989 - INFO - 🎯 IGDB Match: 'Call of the Wild: The Angler' (100%)
2026-04-26 17:09:43,998 - INFO - 📅 Fetching Basic Metadata: The Falconeer
2026-04-26 17:09:44,135 - INFO - 🎯 IGDB Match: 'The Falconeer: The Hunter' (90%)
2026-04-26 17:09:44,142 - INFO - 📅 Fetching Basic Metadata: Rawmen: Food Fighter Arena
2026-04-26 17:09:44,246 - INFO - 🎯 IGDB Match: 'Rawmen' (90%)
2026-04-26 17:09:44,253 - INFO - 📅 Fetching Basic Metadata: World of Warships – Starter Pack: Albany
2026-04-26 17:09:44,370 - INFO - 📅 Fetching Basic Metadata: Fallout Classic Edition
2026-04-26 17:09:44,603 - INFO - 📅 Fetching Basic Metadata: Outliver: Tribulation
2026-04-26 17:09:44,705 - INFO - 🎯 IGDB Match: 'Outliver: Tribulation' (100%)
2026-04-26 17:09:44,713 - INFO - 📅 Fetching Basic Metadata: Bus Simulator 21 Next Stop
2026-04-26 17:09:44,864 - INFO - 🎯 IGDB Match: 'Bus Simulator 21: Next Stop' (98%)
2026-04-26 17:09:44,872 - INFO - 📅 Fetching Basic Metadata: Turmoil
2026-04-26 17:09:44,980 - INFO - 🎯 IGDB Match: 'Turmoil' (100%)
2026-04-26 17:09:44,987 - INFO - 📅 Fetching Basic Metadata: World War Z Aftermath
2026-04-26 17:09:45,093 - INFO - 🎯 IGDB Match: 'World War Z: Aftermath' (98%)
2026-04-26 17:09:45,100 - INFO - 📅 Fetching Basic Metadata: World Of Warships – Anniversary Party Flavor
2026-04-26 17:09:45,266 - INFO - 📅 Fetching Basic Metadata: Neko Ghost, Jump!
2026-04-26 17:09:45,378 - WARNING - IGDB Error for Neko Ghost, Jump!: string indices must be integers, not 'str'
2026-04-26 17:09:45,386 - INFO - 📅 Fetching Basic Metadata: Super Space Club
2026-04-26 17:09:45,481 - WARNING - IGDB Error for Super Space Club: string indices must be integers, not 'str'
2026-04-26 17:09:45,488 - INFO - 📅 Fetching Basic Metadata: Touch Type Tale
2026-04-26 17:09:45,568 - WARNING - IGDB Error for Touch Type Tale: string indices must be integers, not 'str'
2026-04-26 17:09:45,575 - INFO - 📅 Fetching Basic Metadata: Gigapocalypse
2026-04-26 17:09:45,658 - WARNING - IGDB Error for Gigapocalypse: string indices must be integers, not 'str'
2026-04-26 17:09:45,670 - INFO - 📅 Fetching Basic Metadata: Legion TD2
2026-04-26 17:09:45,754 - WARNING - IGDB Error for Legion TD2: string indices must be integers, not 'str'
2026-04-26 17:09:45,763 - INFO - 📅 Fetching Basic Metadata: Nightingale
2026-04-26 17:09:45,845 - WARNING - IGDB Error for Nightingale: string indices must be integers, not 'str'
2026-04-26 17:09:45,854 - INFO - 📅 Fetching Basic Metadata: Godzilla Voxel Wars
2026-04-26 17:09:46,030 - WARNING - IGDB Error for Godzilla Voxel Wars: string indices must be integers, not 'str'
2026-04-26 17:09:46,039 - INFO - 📅 Fetching Basic Metadata: Trine Classic Collection
2026-04-26 17:09:46,214 - WARNING - IGDB Error for Trine Classic Collection: string indices must be integers, not 'str'
2026-04-26 17:09:46,222 - INFO - 📅 Fetching Basic Metadata: Poison Retro Set
2026-04-26 17:09:46,320 - WARNING - IGDB Error for Poison Retro Set: string indices must be integers, not 'str'
2026-04-26 17:09:46,326 - INFO - 📅 Fetching Basic Metadata: The Darkside Detective A Fumble in the Dark
2026-04-26 17:09:46,414 - WARNING - IGDB Error for The Darkside Detective A Fumble in the Dark: string indices must be integers, not 'str'
2026-04-26 17:09:46,422 - INFO - 📅 Fetching Basic Metadata: Return to Ash
2026-04-26 17:09:46,509 - WARNING - IGDB Error for Return to Ash: string indices must be integers, not 'str'
2026-04-26 17:09:46,515 - INFO - 🏢 Publisher Search: STALCRAFT: X Starter Edition
2026-04-26 17:09:47,832 - INFO - 📅 Fetching Basic Metadata: STALCRAFT: X Starter Edition
2026-04-26 17:09:47,944 - INFO - 📅 Fetching Basic Metadata: Boxes: Lost Fragments
2026-04-26 17:09:48,137 - INFO - 🎯 IGDB Match: 'Boxes: Lost Fragments' (100%)
2026-04-26 17:09:48,143 - INFO - 📅 Fetching Basic Metadata: My Night Job
2026-04-26 17:09:48,251 - INFO - 🎯 IGDB Match: 'My Night Job' (100%)
2026-04-26 17:09:48,258 - INFO - 📅 Fetching Basic Metadata: Electrician Simulator
2026-04-26 17:09:48,362 - INFO - 🎯 IGDB Match: 'Electrician Simulator' (100%)
2026-04-26 17:09:48,369 - INFO - 🏢 Publisher Search: World of Warships — Epic Anniversary Tachibana Pack
2026-04-26 17:09:49,778 - INFO - 📅 Fetching Basic Metadata: World of Warships — Epic Anniversary Tachibana Pack
2026-04-26 17:09:49,930 - INFO - 📅 Fetching Basic Metadata: Hyper Echelon
2026-04-26 17:09:50,107 - INFO - 🎯 IGDB Match: 'Hyper Echelon' (100%)
2026-04-26 17:09:50,113 - INFO - 📅 Fetching Basic Metadata: Havendock
2026-04-26 17:09:50,219 - INFO - 🎯 IGDB Match: 'Havendock' (100%)
2026-04-26 17:09:50,225 - INFO - 📅 Fetching Basic Metadata: Clone Drone in the Danger Zone
2026-04-26 17:09:50,332 - INFO - 🎯 IGDB Match: 'Clone Drone in the Danger Zone' (100%)
2026-04-26 17:09:50,338 - INFO - 🏢 Publisher Search: TOMAK: Save the Earth Regeneration
2026-04-26 17:09:51,647 - INFO - 📅 Fetching Basic Metadata: TOMAK: Save the Earth Regeneration
2026-04-26 17:09:51,759 - INFO - 🎯 IGDB Match: 'Tomak: Save the Earth Regeneration' (100%)
2026-04-26 17:09:51,766 - INFO - 📅 Fetching Basic Metadata: Prop Sumo
2026-04-26 17:09:51,867 - INFO - 🎯 IGDB Match: 'Prop Sumo' (100%)
2026-04-26 17:09:51,873 - INFO - 📅 Fetching Basic Metadata: The Stone of Madness
2026-04-26 17:09:52,060 - INFO - 🎯 IGDB Match: 'The Stone of Madness' (100%)
2026-04-26 17:09:52,072 - INFO - 
--- Starting Data Quality Checks ---
2026-04-26 17:09:52,085 - INFO - --- Data Quality Checks Complete ---

2026-04-26 17:09:52,116 - INFO - | Metric | Statistics |
| :--- | :--- |
| 💰 **Total Market Value** | **$12,823.21** |
| 📦 **Total Games Collected** | 666 |
| 🏷️ **Average Retail Price** | $22.39 per game |
| 💎 **Most Expensive Title** | Civilization 6 Platinum Edition ($79.99) |
| 👑 **MVP Publisher** | Bethesda Softworks |
| 🏢 **Value Leaders** | 2K ($579.90), Bethesda Softworks ($544.80), Paradox Interactive ($409.89) |
| 📈 **Inflation-Adjusted Value** | $14,620.45 |
| 🎈 **Inflation Bonus** | **+$1,797.24** in purchasing power |
| 🗓️ **Peak Saving Month** | 🎄 **Seasonality Peak:** December is historically the best month, offering $3,388.17 in savings. |
| ⭐ **Average Score** | 76.8/100 |
| 💳 **Subscription Equivalent** | **$169.46 / mo** |
| 🎯 **Prestige Ratio** | **2.0%** (Strategic Hype) |
| 🏎️ **Lead Time Avg** | 447 Days to Sequel |

2026-04-26 17:09:52,116 - INFO - ✅ README.md updated.
2026-04-26 17:09:52,142 - INFO - Using categorical units to plot a list of strings that are all parsable as floats or dates. If these strings should be plotted as numbers, cast to the appropriate data type before plotting.
2026-04-26 17:09:52,143 - INFO - Using categorical units to plot a list of strings that are all parsable as floats or dates. If these strings should be plotted as numbers, cast to the appropriate data type before plotting.
2026-04-26 17:09:58,051 - INFO - 📈 All charts generated successfully.
