2026-05-27 18:38:21,004 - INFO - Failed to extract font properties from /usr/share/fonts/truetype/noto/NotoColorEmoji.ttf: Can not load face (unknown file format; error code 0x2)
2026-05-27 18:38:21,105 - INFO - generated new fontManager
2026-05-27 18:38:21,429 - INFO - ✅ Migration Successful!
2026-05-27 18:38:21,622 - INFO - No new games found.
2026-05-27 18:38:22,257 - INFO - 🔍 Found 598 games needing metadata. Starting IGDB + Steam + CheapShark enrichment...
2026-05-27 18:38:22,334 - INFO - 📅 Fetching Basic Metadata: LEGO Batman Trilogy
2026-05-27 18:38:22,691 - INFO - 🎯 IGDB Match: 'LEGO Batman Trilogy' (100%)
2026-05-27 18:38:22,713 - INFO - 📅 Fetching Basic Metadata: Antstream
2026-05-27 18:38:22,906 - INFO - 📅 Fetching Basic Metadata: The Drone Racing League Simulator
2026-05-27 18:38:23,094 - INFO - 🎯 IGDB Match: 'The Drone Racing League Simulator' (100%)
2026-05-27 18:38:23,102 - INFO - 📅 Fetching Basic Metadata: Dark Deity
2026-05-27 18:38:23,316 - INFO - 🎯 IGDB Match: 'Dark Deity' (100%)
2026-05-27 18:38:23,322 - INFO - 📅 Fetching Basic Metadata: RPG in a Box
2026-05-27 18:38:23,532 - INFO - 🎯 IGDB Match: 'RPG in a Box' (100%)
2026-05-27 18:38:23,539 - INFO - 📅 Fetching Basic Metadata: Fallout Classic Collection
2026-05-27 18:38:23,877 - INFO - 🎯 IGDB Match: 'Fallout Classic Collection' (100%)
2026-05-27 18:38:23,885 - INFO - 📅 Fetching Basic Metadata: Recipe for Disaster
2026-05-27 18:38:24,040 - INFO - 🎯 IGDB Match: 'Recipe For Disaster' (100%)
2026-05-27 18:38:24,047 - INFO - 📅 Fetching Basic Metadata: World of Warships — Starter Pack: Ishizuchi
2026-05-27 18:38:24,280 - INFO - 🎯 IGDB Match: 'World of Warships: Starter Pack - Ishizuchi' (98%)
2026-05-27 18:38:24,287 - INFO - 📅 Fetching Basic Metadata: Poker Club
2026-05-27 18:38:24,422 - INFO - 🎯 IGDB Match: 'Poker Club' (100%)
2026-05-27 18:38:24,428 - INFO - 📅 Fetching Basic Metadata: The Sims 4 The Daring Lifestyle Bundle
2026-05-27 18:38:24,640 - INFO - 🎯 IGDB Match: 'The Sims 4: The Daring Lifestyle Bundle' (99%)
2026-05-27 18:38:24,648 - INFO - 📅 Fetching Basic Metadata: Dodo Peak
2026-05-27 18:38:24,859 - INFO - 🎯 IGDB Match: 'Dodo Peak' (100%)
2026-05-27 18:38:24,866 - INFO - 📅 Fetching Basic Metadata: Spelldrifter
2026-05-27 18:38:25,167 - INFO - 🎯 IGDB Match: 'Spelldrifter' (100%)
2026-05-27 18:38:25,173 - INFO - 📅 Fetching Basic Metadata: Model Builder
2026-05-27 18:38:25,298 - INFO - 🎯 IGDB Match: 'Model Builder' (100%)
2026-05-27 18:38:25,305 - INFO - 📅 Fetching Basic Metadata: Godlike Burger
2026-05-27 18:38:25,755 - INFO - 🎯 IGDB Match: 'Godlike Burger' (100%)
2026-05-27 18:38:25,762 - INFO - 📅 Fetching Basic Metadata: Q.U.B.E. Ultimate Bundle
2026-05-27 18:38:25,968 - INFO - 🎯 IGDB Match: 'Q.U.B.E. Ultimate Bundle' (100%)
2026-05-27 18:38:25,975 - INFO - 📅 Fetching Basic Metadata: Jitsu Squad
2026-05-27 18:38:26,373 - INFO - 🎯 IGDB Match: 'Jitsu Squad' (100%)
2026-05-27 18:38:26,379 - INFO - 📅 Fetching Basic Metadata: Mighty Fight Federation
2026-05-27 18:38:26,703 - INFO - 🎯 IGDB Match: 'Mighty Fight Federation' (100%)
2026-05-27 18:38:26,712 - INFO - 📅 Fetching Basic Metadata: LOVE
2026-05-27 18:38:26,994 - INFO - 🎯 IGDB Match: 'Love Love Love' (90%)
2026-05-27 18:38:27,002 - INFO - 📅 Fetching Basic Metadata: Call of The Wild: The Angler
2026-05-27 18:38:27,262 - INFO - 🎯 IGDB Match: 'Call of the Wild: The Angler' (100%)
2026-05-27 18:38:27,270 - INFO - 📅 Fetching Basic Metadata: The Falconeer
2026-05-27 18:38:27,567 - INFO - 🎯 IGDB Match: 'The Falconeer: The Hunter' (90%)
2026-05-27 18:38:27,574 - INFO - 📅 Fetching Basic Metadata: Rawmen: Food Fighter Arena
2026-05-27 18:38:27,814 - INFO - 🎯 IGDB Match: 'Rawmen' (90%)
2026-05-27 18:38:27,821 - INFO - 📅 Fetching Basic Metadata: World of Warships – Starter Pack: Albany
2026-05-27 18:38:28,128 - INFO - 📅 Fetching Basic Metadata: Fallout Classic Edition
2026-05-27 18:38:28,367 - INFO - 📅 Fetching Basic Metadata: Outliver: Tribulation
2026-05-27 18:38:28,641 - INFO - 🎯 IGDB Match: 'Outliver: Tribulation' (100%)
2026-05-27 18:38:28,649 - INFO - 📅 Fetching Basic Metadata: Bus Simulator 21 Next Stop
2026-05-27 18:38:28,768 - INFO - 🎯 IGDB Match: 'Bus Simulator 21: Next Stop' (98%)
2026-05-27 18:38:28,776 - INFO - 📅 Fetching Basic Metadata: Turmoil
2026-05-27 18:38:28,905 - INFO - 🎯 IGDB Match: 'Turmoil' (100%)
2026-05-27 18:38:28,913 - INFO - 📅 Fetching Basic Metadata: World War Z Aftermath
2026-05-27 18:38:29,041 - INFO - 🎯 IGDB Match: 'World War Z: Aftermath' (98%)
2026-05-27 18:38:29,050 - INFO - 📅 Fetching Basic Metadata: World Of Warships – Anniversary Party Flavor
2026-05-27 18:38:29,179 - INFO - 📅 Fetching Basic Metadata: Neko Ghost, Jump!
2026-05-27 18:38:29,349 - INFO - 🎯 IGDB Match: 'Neko Ghost, Jump!' (100%)
2026-05-27 18:38:29,356 - INFO - 📅 Fetching Basic Metadata: Super Space Club
2026-05-27 18:38:29,690 - INFO - 🎯 IGDB Match: 'Super Space Club' (100%)
2026-05-27 18:38:29,696 - INFO - 📅 Fetching Basic Metadata: Touch Type Tale
2026-05-27 18:38:29,830 - INFO - 🎯 IGDB Match: 'Touch Type Tale' (100%)
2026-05-27 18:38:29,837 - INFO - 📅 Fetching Basic Metadata: Gigapocalypse
2026-05-27 18:38:29,965 - INFO - 🎯 IGDB Match: 'Gigapocalypse' (100%)
2026-05-27 18:38:29,972 - INFO - 📅 Fetching Basic Metadata: Legion TD2
2026-05-27 18:38:30,106 - INFO - 📅 Fetching Basic Metadata: Nightingale
2026-05-27 18:38:30,335 - INFO - 🎯 IGDB Match: 'Nightingale' (100%)
2026-05-27 18:38:30,342 - INFO - 📅 Fetching Basic Metadata: Godzilla Voxel Wars
2026-05-27 18:38:30,473 - INFO - 🎯 IGDB Match: 'Godzilla Voxel Wars' (100%)
2026-05-27 18:38:30,481 - INFO - 📅 Fetching Basic Metadata: Trine Classic Collection
2026-05-27 18:38:30,716 - INFO - 🎯 IGDB Match: 'Trine Classic Collection' (100%)
2026-05-27 18:38:30,723 - INFO - 📅 Fetching Basic Metadata: Poison Retro Set
2026-05-27 18:38:30,852 - INFO - 🎯 IGDB Match: 'Pixel Gun 3D: Poison Retro Set' (90%)
2026-05-27 18:38:30,859 - INFO - 📅 Fetching Basic Metadata: The Darkside Detective A Fumble in the Dark
2026-05-27 18:38:31,014 - INFO - 🎯 IGDB Match: 'The Darkside Detective: A Fumble in the Dark' (99%)
2026-05-27 18:38:31,020 - INFO - 📅 Fetching Basic Metadata: Return to Ash
2026-05-27 18:38:31,154 - INFO - 🎯 IGDB Match: 'Return to Ash' (100%)
2026-05-27 18:38:31,160 - INFO - 🏢 Publisher Search: STALCRAFT: X Starter Edition
2026-05-27 18:38:32,499 - INFO - 📅 Fetching Basic Metadata: STALCRAFT: X Starter Edition
2026-05-27 18:38:32,768 - INFO - 📅 Fetching Basic Metadata: Boxes: Lost Fragments
2026-05-27 18:38:32,899 - INFO - 🎯 IGDB Match: 'Boxes: Lost Fragments' (100%)
2026-05-27 18:38:32,905 - INFO - 📅 Fetching Basic Metadata: My Night Job
2026-05-27 18:38:33,035 - INFO - 🎯 IGDB Match: 'My Night Job' (100%)
2026-05-27 18:38:33,042 - INFO - 📅 Fetching Basic Metadata: Electrician Simulator
2026-05-27 18:38:33,164 - INFO - 🎯 IGDB Match: 'Electrician Simulator' (100%)
2026-05-27 18:38:33,171 - INFO - 🏢 Publisher Search: World of Warships — Epic Anniversary Tachibana Pack
2026-05-27 18:38:34,551 - INFO - 📅 Fetching Basic Metadata: World of Warships — Epic Anniversary Tachibana Pack
2026-05-27 18:38:34,689 - INFO - 📅 Fetching Basic Metadata: Hyper Echelon
2026-05-27 18:38:35,037 - INFO - 🎯 IGDB Match: 'Hyper Echelon' (100%)
2026-05-27 18:38:35,044 - INFO - 📅 Fetching Basic Metadata: Havendock
2026-05-27 18:38:35,297 - INFO - 🎯 IGDB Match: 'Havendock' (100%)
2026-05-27 18:38:35,303 - INFO - 📅 Fetching Basic Metadata: Clone Drone in the Danger Zone
2026-05-27 18:38:35,569 - INFO - 🎯 IGDB Match: 'Clone Drone in the Danger Zone' (100%)
2026-05-27 18:38:35,575 - INFO - 🏢 Publisher Search: TOMAK: Save the Earth Regeneration
2026-05-27 18:38:36,906 - INFO - 📅 Fetching Basic Metadata: TOMAK: Save the Earth Regeneration
2026-05-27 18:38:37,033 - INFO - 🎯 IGDB Match: 'Tomak: Save the Earth Regeneration' (100%)
2026-05-27 18:38:37,039 - INFO - 📅 Fetching Basic Metadata: Prop Sumo
2026-05-27 18:38:37,164 - INFO - 🎯 IGDB Match: 'Prop Sumo' (100%)
2026-05-27 18:38:37,170 - INFO - 📅 Fetching Basic Metadata: The Stone of Madness
2026-05-27 18:38:37,443 - INFO - 🎯 IGDB Match: 'The Stone of Madness' (100%)
2026-05-27 18:38:37,450 - INFO - 📅 Fetching Basic Metadata: Firestone Online Idle RPG
2026-05-27 18:38:37,700 - INFO - 🎯 IGDB Match: 'Firestone: Online Idle RPG' (98%)
2026-05-27 18:38:37,706 - INFO - 📅 Fetching Basic Metadata: Oddsparks: An Automation Adventure
2026-05-27 18:38:37,958 - INFO - 🎯 IGDB Match: 'Oddsparks: An Automation Adventure' (100%)
2026-05-27 18:38:37,965 - INFO - 📅 Fetching Basic Metadata: Trash Goblin
2026-05-27 18:38:38,093 - INFO - 🎯 IGDB Match: 'Trash Goblin' (100%)
2026-05-27 18:38:38,100 - INFO - 🏢 Publisher Search: The Telltale Batman Shadows Edition
2026-05-27 18:38:39,487 - INFO - 📅 Fetching Basic Metadata: The Telltale Batman Shadows Edition
2026-05-27 18:38:39,619 - INFO - 🎯 IGDB Match: 'Telltale Batman Shadows Edition' (95%)
2026-05-27 18:38:39,625 - INFO - 🏢 Publisher Search: Sunderfolk - Standard Edition
2026-05-27 18:38:40,987 - INFO - 📅 Fetching Basic Metadata: Sunderfolk - Standard Edition
2026-05-27 18:38:41,244 - INFO - 📅 Fetching Basic Metadata: Down in Bermuda
2026-05-27 18:38:41,369 - INFO - 🎯 IGDB Match: 'Down in Bermuda' (100%)
2026-05-27 18:38:41,375 - INFO - 📅 Fetching Basic Metadata: Tomb Raider I-III Remastered Starring Lara Croft
2026-05-27 18:38:41,651 - INFO - 
--- Starting Data Quality Checks ---
2026-05-27 18:38:41,665 - INFO - --- Data Quality Checks Complete ---

2026-05-27 18:38:41,695 - INFO - | Metric | Statistics |
| :--- | :--- |
| 💰 **Total Market Value** | **$12,993.15** |
| 📦 **Total Games Collected** | 674 |
| 🏷️ **Average Retail Price** | $22.38 per game |
| 💎 **Most Expensive Title** | Civilization 6 Platinum Edition ($79.99) |
| 👑 **MVP Publisher** | Bethesda Softworks |
| 🏢 **Value Leaders** | 2K ($579.90), Bethesda Softworks ($544.80), Paradox Interactive ($409.89) |
| 📈 **Inflation-Adjusted Value** | $14,790.39 |
| 🎈 **Inflation Bonus** | **+$1,797.24** in purchasing power |
| 🗓️ **Peak Saving Month** | 🎄 **Seasonality Peak:** December is historically the best month, offering $3,388.17 in savings. |
| ⭐ **Average Score** | 76.8/100 |
| 💳 **Subscription Equivalent** | **$169.47 / mo** |
| 🎯 **Prestige Ratio** | **1.9%** (Strategic Hype) |
| 🏎️ **Lead Time Avg** | 447 Days to Sequel |

2026-05-27 18:38:41,696 - INFO - ✅ README.md updated.
2026-05-27 18:38:41,721 - INFO - Using categorical units to plot a list of strings that are all parsable as floats or dates. If these strings should be plotted as numbers, cast to the appropriate data type before plotting.
2026-05-27 18:38:41,722 - INFO - Using categorical units to plot a list of strings that are all parsable as floats or dates. If these strings should be plotted as numbers, cast to the appropriate data type before plotting.
2026-05-27 18:38:46,934 - INFO - 📈 All charts generated successfully.
