2026-04-27 17:48:53,395 - INFO - Failed to extract font properties from /usr/share/fonts/truetype/noto/NotoColorEmoji.ttf: Can not load face (unknown file format; error code 0x2)
2026-04-27 17:48:53,512 - INFO - generated new fontManager
2026-04-27 17:48:53,944 - INFO - ✅ Migration Successful!
2026-04-27 17:48:54,098 - INFO - No new games found.
2026-04-27 17:48:54,713 - INFO - 🔍 Found 590 games needing metadata. Starting IGDB + Steam + CheapShark enrichment...
2026-04-27 17:48:54,833 - INFO - 📅 Fetching Basic Metadata: LEGO Batman Trilogy
2026-04-27 17:48:55,140 - INFO - 🎯 IGDB Match: 'LEGO Batman Trilogy' (100%)
2026-04-27 17:48:55,167 - INFO - 📅 Fetching Basic Metadata: Antstream
2026-04-27 17:48:55,331 - INFO - 📅 Fetching Basic Metadata: The Drone Racing League Simulator
2026-04-27 17:48:55,527 - INFO - 🎯 IGDB Match: 'The Drone Racing League Simulator' (100%)
2026-04-27 17:48:55,535 - INFO - 📅 Fetching Basic Metadata: Dark Deity
2026-04-27 17:48:55,758 - INFO - 🎯 IGDB Match: 'Dark Deity' (100%)
2026-04-27 17:48:55,764 - INFO - 📅 Fetching Basic Metadata: RPG in a Box
2026-04-27 17:48:55,893 - INFO - 🎯 IGDB Match: 'RPG in a Box' (100%)
2026-04-27 17:48:55,900 - INFO - 📅 Fetching Basic Metadata: Fallout Classic Collection
2026-04-27 17:48:56,039 - INFO - 🎯 IGDB Match: 'Fallout Classic Collection' (100%)
2026-04-27 17:48:56,047 - INFO - 📅 Fetching Basic Metadata: Recipe for Disaster
2026-04-27 17:48:56,184 - INFO - 🎯 IGDB Match: 'Recipe For Disaster' (100%)
2026-04-27 17:48:56,191 - INFO - 📅 Fetching Basic Metadata: World of Warships — Starter Pack: Ishizuchi
2026-04-27 17:48:56,304 - INFO - 🎯 IGDB Match: 'World of Warships: Starter Pack - Ishizuchi' (98%)
2026-04-27 17:48:56,311 - INFO - 📅 Fetching Basic Metadata: Poker Club
2026-04-27 17:48:56,519 - INFO - 🎯 IGDB Match: 'Poker Club' (100%)
2026-04-27 17:48:56,525 - INFO - 📅 Fetching Basic Metadata: The Sims 4 The Daring Lifestyle Bundle
2026-04-27 17:48:56,664 - INFO - 🎯 IGDB Match: 'The Sims 4: The Daring Lifestyle Bundle' (99%)
2026-04-27 17:48:56,673 - INFO - 📅 Fetching Basic Metadata: Dodo Peak
2026-04-27 17:48:56,787 - INFO - 🎯 IGDB Match: 'Dodo Peak' (100%)
2026-04-27 17:48:56,794 - INFO - 📅 Fetching Basic Metadata: Spelldrifter
2026-04-27 17:48:57,004 - INFO - 🎯 IGDB Match: 'Spelldrifter' (100%)
2026-04-27 17:48:57,010 - INFO - 📅 Fetching Basic Metadata: Model Builder
2026-04-27 17:48:57,268 - INFO - 🎯 IGDB Match: 'Model Builder' (100%)
2026-04-27 17:48:57,274 - INFO - 📅 Fetching Basic Metadata: Godlike Burger
2026-04-27 17:48:57,435 - INFO - 🎯 IGDB Match: 'Godlike Burger' (100%)
2026-04-27 17:48:57,441 - INFO - 📅 Fetching Basic Metadata: Q.U.B.E. Ultimate Bundle
2026-04-27 17:48:57,667 - INFO - 🎯 IGDB Match: 'Q.U.B.E. Ultimate Bundle' (100%)
2026-04-27 17:48:57,675 - INFO - 📅 Fetching Basic Metadata: Jitsu Squad
2026-04-27 17:48:57,931 - INFO - 🎯 IGDB Match: 'Jitsu Squad' (100%)
2026-04-27 17:48:57,938 - INFO - 📅 Fetching Basic Metadata: Mighty Fight Federation
2026-04-27 17:48:58,193 - INFO - 🎯 IGDB Match: 'Mighty Fight Federation' (100%)
2026-04-27 17:48:58,203 - INFO - 📅 Fetching Basic Metadata: LOVE
2026-04-27 17:48:58,475 - INFO - 🎯 IGDB Match: 'Love Love Love' (90%)
2026-04-27 17:48:58,483 - INFO - 📅 Fetching Basic Metadata: Call of The Wild: The Angler
2026-04-27 17:48:58,605 - INFO - 🎯 IGDB Match: 'Call of the Wild: The Angler' (100%)
2026-04-27 17:48:58,614 - INFO - 📅 Fetching Basic Metadata: The Falconeer
2026-04-27 17:48:58,740 - INFO - 🎯 IGDB Match: 'The Falconeer: The Hunter' (90%)
2026-04-27 17:48:58,747 - INFO - 📅 Fetching Basic Metadata: Rawmen: Food Fighter Arena
2026-04-27 17:48:58,876 - INFO - 🎯 IGDB Match: 'Rawmen' (90%)
2026-04-27 17:48:58,882 - INFO - 📅 Fetching Basic Metadata: World of Warships – Starter Pack: Albany
2026-04-27 17:48:59,004 - INFO - 📅 Fetching Basic Metadata: Fallout Classic Edition
2026-04-27 17:48:59,175 - INFO - 📅 Fetching Basic Metadata: Outliver: Tribulation
2026-04-27 17:48:59,292 - INFO - 🎯 IGDB Match: 'Outliver: Tribulation' (100%)
2026-04-27 17:48:59,300 - INFO - 📅 Fetching Basic Metadata: Bus Simulator 21 Next Stop
2026-04-27 17:48:59,626 - INFO - 🎯 IGDB Match: 'Bus Simulator 21: Next Stop' (98%)
2026-04-27 17:48:59,634 - INFO - 📅 Fetching Basic Metadata: Turmoil
2026-04-27 17:48:59,758 - INFO - 🎯 IGDB Match: 'Turmoil' (100%)
2026-04-27 17:48:59,766 - INFO - 📅 Fetching Basic Metadata: World War Z Aftermath
2026-04-27 17:48:59,896 - INFO - 🎯 IGDB Match: 'World War Z: Aftermath' (98%)
2026-04-27 17:48:59,902 - INFO - 📅 Fetching Basic Metadata: World Of Warships – Anniversary Party Flavor
2026-04-27 17:49:00,029 - WARNING - IGDB Error for World Of Warships – Anniversary Party Flavor: string indices must be integers, not 'str'
2026-04-27 17:49:00,035 - INFO - 📅 Fetching Basic Metadata: Neko Ghost, Jump!
2026-04-27 17:49:00,235 - WARNING - IGDB Error for Neko Ghost, Jump!: string indices must be integers, not 'str'
2026-04-27 17:49:00,243 - INFO - 📅 Fetching Basic Metadata: Super Space Club
2026-04-27 17:49:00,352 - WARNING - IGDB Error for Super Space Club: string indices must be integers, not 'str'
2026-04-27 17:49:00,358 - INFO - 📅 Fetching Basic Metadata: Touch Type Tale
2026-04-27 17:49:00,506 - WARNING - IGDB Error for Touch Type Tale: string indices must be integers, not 'str'
2026-04-27 17:49:00,513 - INFO - 📅 Fetching Basic Metadata: Gigapocalypse
2026-04-27 17:49:00,620 - WARNING - IGDB Error for Gigapocalypse: string indices must be integers, not 'str'
2026-04-27 17:49:00,629 - INFO - 📅 Fetching Basic Metadata: Legion TD2
2026-04-27 17:49:00,932 - INFO - 📅 Fetching Basic Metadata: Nightingale
2026-04-27 17:49:01,050 - INFO - 🎯 IGDB Match: 'Nightingale' (100%)
2026-04-27 17:49:01,057 - INFO - 📅 Fetching Basic Metadata: Godzilla Voxel Wars
2026-04-27 17:49:01,198 - INFO - 🎯 IGDB Match: 'Godzilla Voxel Wars' (100%)
2026-04-27 17:49:01,206 - INFO - 📅 Fetching Basic Metadata: Trine Classic Collection
2026-04-27 17:49:01,326 - INFO - 🎯 IGDB Match: 'Trine Classic Collection' (100%)
2026-04-27 17:49:01,334 - INFO - 📅 Fetching Basic Metadata: Poison Retro Set
2026-04-27 17:49:01,594 - INFO - 🎯 IGDB Match: 'Pixel Gun 3D: Poison Retro Set' (90%)
2026-04-27 17:49:01,600 - INFO - 📅 Fetching Basic Metadata: The Darkside Detective A Fumble in the Dark
2026-04-27 17:49:01,746 - INFO - 🎯 IGDB Match: 'The Darkside Detective: A Fumble in the Dark' (99%)
2026-04-27 17:49:01,753 - INFO - 📅 Fetching Basic Metadata: Return to Ash
2026-04-27 17:49:01,867 - INFO - 🎯 IGDB Match: 'Return to Ash' (100%)
2026-04-27 17:49:01,873 - INFO - 🏢 Publisher Search: STALCRAFT: X Starter Edition
2026-04-27 17:49:03,319 - INFO - 📅 Fetching Basic Metadata: STALCRAFT: X Starter Edition
2026-04-27 17:49:03,448 - INFO - 📅 Fetching Basic Metadata: Boxes: Lost Fragments
2026-04-27 17:49:03,577 - INFO - 🎯 IGDB Match: 'Boxes: Lost Fragments' (100%)
2026-04-27 17:49:03,583 - INFO - 📅 Fetching Basic Metadata: My Night Job
2026-04-27 17:49:03,708 - INFO - 🎯 IGDB Match: 'My Night Job' (100%)
2026-04-27 17:49:03,715 - INFO - 📅 Fetching Basic Metadata: Electrician Simulator
2026-04-27 17:49:03,967 - INFO - 🎯 IGDB Match: 'Electrician Simulator' (100%)
2026-04-27 17:49:03,973 - INFO - 🏢 Publisher Search: World of Warships — Epic Anniversary Tachibana Pack
2026-04-27 17:49:05,666 - INFO - 📅 Fetching Basic Metadata: World of Warships — Epic Anniversary Tachibana Pack
2026-04-27 17:49:05,794 - INFO - 📅 Fetching Basic Metadata: Hyper Echelon
2026-04-27 17:49:06,050 - INFO - 🎯 IGDB Match: 'Hyper Echelon' (100%)
2026-04-27 17:49:06,056 - INFO - 📅 Fetching Basic Metadata: Havendock
2026-04-27 17:49:06,175 - INFO - 🎯 IGDB Match: 'Havendock' (100%)
2026-04-27 17:49:06,181 - INFO - 📅 Fetching Basic Metadata: Clone Drone in the Danger Zone
2026-04-27 17:49:06,481 - INFO - 🎯 IGDB Match: 'Clone Drone in the Danger Zone' (100%)
2026-04-27 17:49:06,487 - INFO - 🏢 Publisher Search: TOMAK: Save the Earth Regeneration
2026-04-27 17:49:07,826 - INFO - 📅 Fetching Basic Metadata: TOMAK: Save the Earth Regeneration
2026-04-27 17:49:07,950 - INFO - 🎯 IGDB Match: 'Tomak: Save the Earth Regeneration' (100%)
2026-04-27 17:49:07,956 - INFO - 📅 Fetching Basic Metadata: Prop Sumo
2026-04-27 17:49:08,203 - INFO - 🎯 IGDB Match: 'Prop Sumo' (100%)
2026-04-27 17:49:08,209 - INFO - 📅 Fetching Basic Metadata: The Stone of Madness
2026-04-27 17:49:08,329 - INFO - 🎯 IGDB Match: 'The Stone of Madness' (100%)
2026-04-27 17:49:08,340 - INFO - 
--- Starting Data Quality Checks ---
2026-04-27 17:49:08,353 - INFO - --- Data Quality Checks Complete ---

2026-04-27 17:49:08,382 - INFO - | Metric | Statistics |
| :--- | :--- |
| 💰 **Total Market Value** | **$12,823.21** |
| 📦 **Total Games Collected** | 666 |
| 🏷️ **Average Retail Price** | $22.39 per game |
| 💎 **Most Expensive Title** | Civilization 6 Platinum Edition ($79.99) |
| 👑 **MVP Publisher** | Bethesda Softworks |
| 🏢 **Value Leaders** | 2K ($579.90), Bethesda Softworks ($544.80), Paradox Interactive ($409.89) |
| 📈 **Inflation-Adjusted Value** | $14,620.45 |
| 🎈 **Inflation Bonus** | **+$1,797.24** in purchasing power |
| 🗓️ **Peak Saving Month** | 🎄 **Seasonality Peak:** December is historically the best month, offering $3,388.17 in savings. |
| ⭐ **Average Score** | 76.8/100 |
| 💳 **Subscription Equivalent** | **$169.46 / mo** |
| 🎯 **Prestige Ratio** | **2.0%** (Strategic Hype) |
| 🏎️ **Lead Time Avg** | 447 Days to Sequel |

2026-04-27 17:49:08,382 - INFO - ✅ README.md updated.
2026-04-27 17:49:08,406 - INFO - Using categorical units to plot a list of strings that are all parsable as floats or dates. If these strings should be plotted as numbers, cast to the appropriate data type before plotting.
2026-04-27 17:49:08,407 - INFO - Using categorical units to plot a list of strings that are all parsable as floats or dates. If these strings should be plotted as numbers, cast to the appropriate data type before plotting.
2026-04-27 17:49:14,030 - INFO - 📈 All charts generated successfully.
