2026-06-30 18:19:13,447 - INFO - Failed to extract font properties from /usr/share/fonts/truetype/noto/NotoColorEmoji.ttf: Non-scalable fonts are not supported
2026-06-30 18:19:14,176 - INFO - generated new fontManager
2026-06-30 18:19:14,572 - INFO - ✅ Migration Successful!
2026-06-30 18:19:15,254 - INFO - No new games found.
2026-06-30 18:19:15,745 - INFO - 🔍 Found 607 games needing metadata. Starting IGDB + Steam + CheapShark enrichment...
2026-06-30 18:19:15,841 - INFO - 📅 Fetching Basic Metadata: LEGO Batman Trilogy
2026-06-30 18:19:16,214 - INFO - 🎯 IGDB Match: 'LEGO Batman Trilogy' (100%)
2026-06-30 18:19:16,243 - INFO - 📅 Fetching Basic Metadata: Antstream
2026-06-30 18:19:16,563 - INFO - 📅 Fetching Basic Metadata: The Drone Racing League Simulator
2026-06-30 18:19:16,762 - INFO - 🎯 IGDB Match: 'The Drone Racing League Simulator' (100%)
2026-06-30 18:19:16,770 - INFO - 📅 Fetching Basic Metadata: Dark Deity
2026-06-30 18:19:16,957 - INFO - 🎯 IGDB Match: 'Dark Deity' (100%)
2026-06-30 18:19:16,964 - INFO - 📅 Fetching Basic Metadata: RPG in a Box
2026-06-30 18:19:17,178 - INFO - 🎯 IGDB Match: 'RPG in a Box' (100%)
2026-06-30 18:19:17,186 - INFO - 📅 Fetching Basic Metadata: Fallout Classic Collection
2026-06-30 18:19:17,381 - INFO - 🎯 IGDB Match: 'Fallout Classic Collection' (100%)
2026-06-30 18:19:17,390 - INFO - 📅 Fetching Basic Metadata: Recipe for Disaster
2026-06-30 18:19:17,489 - INFO - 🎯 IGDB Match: 'Recipe For Disaster' (100%)
2026-06-30 18:19:17,496 - INFO - 📅 Fetching Basic Metadata: World of Warships — Starter Pack: Ishizuchi
2026-06-30 18:19:17,684 - INFO - 🎯 IGDB Match: 'World of Warships: Starter Pack - Ishizuchi' (98%)
2026-06-30 18:19:17,692 - INFO - 📅 Fetching Basic Metadata: Poker Club
2026-06-30 18:19:17,882 - INFO - 🎯 IGDB Match: 'Poker Club' (100%)
2026-06-30 18:19:17,889 - INFO - 📅 Fetching Basic Metadata: The Sims 4 The Daring Lifestyle Bundle
2026-06-30 18:19:18,119 - INFO - 🎯 IGDB Match: 'The Sims 4: The Daring Lifestyle Bundle' (99%)
2026-06-30 18:19:18,128 - INFO - 📅 Fetching Basic Metadata: Dodo Peak
2026-06-30 18:19:18,309 - INFO - 🎯 IGDB Match: 'Dodo Peak' (100%)
2026-06-30 18:19:18,316 - INFO - 📅 Fetching Basic Metadata: Spelldrifter
2026-06-30 18:19:18,535 - INFO - 🎯 IGDB Match: 'Spelldrifter' (100%)
2026-06-30 18:19:18,542 - INFO - 📅 Fetching Basic Metadata: Model Builder
2026-06-30 18:19:18,646 - INFO - 🎯 IGDB Match: 'Model Builder' (100%)
2026-06-30 18:19:18,653 - INFO - 📅 Fetching Basic Metadata: Godlike Burger
2026-06-30 18:19:18,835 - INFO - 🎯 IGDB Match: 'Godlike Burger' (100%)
2026-06-30 18:19:18,842 - INFO - 📅 Fetching Basic Metadata: Q.U.B.E. Ultimate Bundle
2026-06-30 18:19:18,943 - INFO - 🎯 IGDB Match: 'Q.U.B.E. Ultimate Bundle' (100%)
2026-06-30 18:19:18,951 - INFO - 📅 Fetching Basic Metadata: Jitsu Squad
2026-06-30 18:19:19,137 - INFO - 🎯 IGDB Match: 'Jitsu Squad' (100%)
2026-06-30 18:19:19,143 - INFO - 📅 Fetching Basic Metadata: Mighty Fight Federation
2026-06-30 18:19:19,322 - INFO - 🎯 IGDB Match: 'Mighty Fight Federation' (100%)
2026-06-30 18:19:19,332 - INFO - 📅 Fetching Basic Metadata: LOVE
2026-06-30 18:19:19,608 - INFO - 🎯 IGDB Match: 'Love Love Love' (90%)
2026-06-30 18:19:19,617 - INFO - 📅 Fetching Basic Metadata: Call of The Wild: The Angler
2026-06-30 18:19:19,791 - INFO - 🎯 IGDB Match: 'Call of the Wild: The Angler' (100%)
2026-06-30 18:19:19,800 - INFO - 📅 Fetching Basic Metadata: The Falconeer
2026-06-30 18:19:19,895 - INFO - 🎯 IGDB Match: 'The Falconeer: The Hunter' (90%)
2026-06-30 18:19:19,903 - INFO - 📅 Fetching Basic Metadata: Rawmen: Food Fighter Arena
2026-06-30 18:19:20,008 - INFO - 🎯 IGDB Match: 'Rawmen' (90%)
2026-06-30 18:19:20,015 - INFO - 📅 Fetching Basic Metadata: World of Warships – Starter Pack: Albany
2026-06-30 18:19:20,188 - INFO - 📅 Fetching Basic Metadata: Fallout Classic Edition
2026-06-30 18:19:20,303 - INFO - 📅 Fetching Basic Metadata: Outliver: Tribulation
2026-06-30 18:19:20,481 - INFO - 🎯 IGDB Match: 'Outliver: Tribulation' (100%)
2026-06-30 18:19:20,489 - INFO - 📅 Fetching Basic Metadata: Bus Simulator 21 Next Stop
2026-06-30 18:19:20,587 - INFO - 🎯 IGDB Match: 'Bus Simulator 21: Next Stop' (98%)
2026-06-30 18:19:20,596 - INFO - 📅 Fetching Basic Metadata: Turmoil
2026-06-30 18:19:20,702 - INFO - 🎯 IGDB Match: 'Turmoil' (100%)
2026-06-30 18:19:20,710 - INFO - 📅 Fetching Basic Metadata: World War Z Aftermath
2026-06-30 18:19:20,892 - INFO - 🎯 IGDB Match: 'World War Z: Aftermath' (98%)
2026-06-30 18:19:20,899 - INFO - 📅 Fetching Basic Metadata: World Of Warships – Anniversary Party Flavor
2026-06-30 18:19:21,003 - INFO - 📅 Fetching Basic Metadata: Neko Ghost, Jump!
2026-06-30 18:19:21,113 - INFO - 🎯 IGDB Match: 'Neko Ghost, Jump!' (100%)
2026-06-30 18:19:21,120 - INFO - 📅 Fetching Basic Metadata: Super Space Club
2026-06-30 18:19:21,319 - INFO - 🎯 IGDB Match: 'Super Space Club' (100%)
2026-06-30 18:19:21,326 - INFO - 📅 Fetching Basic Metadata: Touch Type Tale
2026-06-30 18:19:21,412 - WARNING - IGDB Error for Touch Type Tale: string indices must be integers, not 'str'
2026-06-30 18:19:21,419 - INFO - 📅 Fetching Basic Metadata: Gigapocalypse
2026-06-30 18:19:21,584 - WARNING - IGDB Error for Gigapocalypse: string indices must be integers, not 'str'
2026-06-30 18:19:21,592 - INFO - 📅 Fetching Basic Metadata: Legion TD2
2026-06-30 18:19:21,674 - WARNING - IGDB Error for Legion TD2: string indices must be integers, not 'str'
2026-06-30 18:19:21,683 - INFO - 📅 Fetching Basic Metadata: Nightingale
2026-06-30 18:19:21,853 - WARNING - IGDB Error for Nightingale: string indices must be integers, not 'str'
2026-06-30 18:19:21,862 - INFO - 📅 Fetching Basic Metadata: Godzilla Voxel Wars
2026-06-30 18:19:21,943 - WARNING - IGDB Error for Godzilla Voxel Wars: string indices must be integers, not 'str'
2026-06-30 18:19:21,952 - INFO - 📅 Fetching Basic Metadata: Trine Classic Collection
2026-06-30 18:19:22,035 - WARNING - IGDB Error for Trine Classic Collection: string indices must be integers, not 'str'
2026-06-30 18:19:22,043 - INFO - 📅 Fetching Basic Metadata: Poison Retro Set
2026-06-30 18:19:22,127 - WARNING - IGDB Error for Poison Retro Set: string indices must be integers, not 'str'
2026-06-30 18:19:22,134 - INFO - 📅 Fetching Basic Metadata: The Darkside Detective A Fumble in the Dark
2026-06-30 18:19:22,217 - WARNING - IGDB Error for The Darkside Detective A Fumble in the Dark: string indices must be integers, not 'str'
2026-06-30 18:19:22,224 - INFO - 📅 Fetching Basic Metadata: Return to Ash
2026-06-30 18:19:22,305 - WARNING - IGDB Error for Return to Ash: string indices must be integers, not 'str'
2026-06-30 18:19:22,312 - INFO - 🏢 Publisher Search: STALCRAFT: X Starter Edition
2026-06-30 18:19:23,704 - INFO - 📅 Fetching Basic Metadata: STALCRAFT: X Starter Edition
2026-06-30 18:19:23,809 - INFO - 📅 Fetching Basic Metadata: Boxes: Lost Fragments
2026-06-30 18:19:24,017 - INFO - 🎯 IGDB Match: 'Boxes: Lost Fragments' (100%)
2026-06-30 18:19:24,023 - INFO - 📅 Fetching Basic Metadata: My Night Job
2026-06-30 18:19:24,119 - INFO - 🎯 IGDB Match: 'My Night Job' (100%)
2026-06-30 18:19:24,127 - INFO - 📅 Fetching Basic Metadata: Electrician Simulator
2026-06-30 18:19:24,307 - INFO - 🎯 IGDB Match: 'Electrician Simulator' (100%)
2026-06-30 18:19:24,313 - INFO - 🏢 Publisher Search: World of Warships — Epic Anniversary Tachibana Pack
2026-06-30 18:19:25,699 - INFO - 📅 Fetching Basic Metadata: World of Warships — Epic Anniversary Tachibana Pack
2026-06-30 18:19:25,811 - INFO - 📅 Fetching Basic Metadata: Hyper Echelon
2026-06-30 18:19:25,995 - INFO - 🎯 IGDB Match: 'Hyper Echelon' (100%)
2026-06-30 18:19:26,001 - INFO - 📅 Fetching Basic Metadata: Havendock
2026-06-30 18:19:26,094 - INFO - 🎯 IGDB Match: 'Havendock' (100%)
2026-06-30 18:19:26,100 - INFO - 📅 Fetching Basic Metadata: Clone Drone in the Danger Zone
2026-06-30 18:19:26,278 - INFO - 🎯 IGDB Match: 'Clone Drone in the Danger Zone' (100%)
2026-06-30 18:19:26,284 - INFO - 🏢 Publisher Search: TOMAK: Save the Earth Regeneration
2026-06-30 18:19:27,664 - INFO - 📅 Fetching Basic Metadata: TOMAK: Save the Earth Regeneration
2026-06-30 18:19:27,843 - INFO - 🎯 IGDB Match: 'Tomak: Save the Earth Regeneration' (100%)
2026-06-30 18:19:27,849 - INFO - 📅 Fetching Basic Metadata: Prop Sumo
2026-06-30 18:19:27,945 - INFO - 🎯 IGDB Match: 'Prop Sumo' (100%)
2026-06-30 18:19:27,951 - INFO - 📅 Fetching Basic Metadata: The Stone of Madness
2026-06-30 18:19:28,056 - INFO - 🎯 IGDB Match: 'The Stone of Madness' (100%)
2026-06-30 18:19:28,063 - INFO - 📅 Fetching Basic Metadata: Firestone Online Idle RPG
2026-06-30 18:19:28,241 - INFO - 🎯 IGDB Match: 'Firestone: Online Idle RPG' (98%)
2026-06-30 18:19:28,247 - INFO - 📅 Fetching Basic Metadata: Oddsparks: An Automation Adventure
2026-06-30 18:19:28,428 - INFO - 🎯 IGDB Match: 'Oddsparks: An Automation Adventure' (100%)
2026-06-30 18:19:28,434 - INFO - 📅 Fetching Basic Metadata: Trash Goblin
2026-06-30 18:19:28,611 - INFO - 🎯 IGDB Match: 'Trash Goblin' (100%)
2026-06-30 18:19:28,618 - INFO - 🏢 Publisher Search: The Telltale Batman Shadows Edition
2026-06-30 18:19:29,997 - INFO - 📅 Fetching Basic Metadata: The Telltale Batman Shadows Edition
2026-06-30 18:19:30,176 - INFO - 🎯 IGDB Match: 'Telltale Batman Shadows Edition' (95%)
2026-06-30 18:19:30,182 - INFO - 🏢 Publisher Search: Sunderfolk - Standard Edition
2026-06-30 18:19:31,570 - INFO - 📅 Fetching Basic Metadata: Sunderfolk - Standard Edition
2026-06-30 18:19:31,673 - INFO - 📅 Fetching Basic Metadata: Down in Bermuda
2026-06-30 18:19:31,765 - INFO - 🎯 IGDB Match: 'Down in Bermuda' (100%)
2026-06-30 18:19:31,771 - INFO - 📅 Fetching Basic Metadata: Tomb Raider I-III Remastered Starring Lara Croft
2026-06-30 18:19:31,979 - INFO - 📅 Fetching Basic Metadata: LONESTAR
2026-06-30 18:19:32,074 - INFO - 🎯 IGDB Match: 'LoneStar' (100%)
2026-06-30 18:19:32,081 - INFO - 📅 Fetching Basic Metadata: Calico
2026-06-30 18:19:32,174 - INFO - 🎯 IGDB Match: 'Calico' (100%)
2026-06-30 18:19:32,180 - INFO - 📅 Fetching Basic Metadata: Rogue Waters
2026-06-30 18:19:32,401 - INFO - 🎯 IGDB Match: 'Rogue Waters' (100%)
2026-06-30 18:19:32,408 - INFO - 📅 Fetching Basic Metadata: The Ouroboros King
2026-06-30 18:19:32,585 - INFO - 🎯 IGDB Match: 'The Ouroboros King' (100%)
2026-06-30 18:19:32,592 - INFO - 🏢 Publisher Search: Warhammer 40K Speed Freeks
2026-06-30 18:19:34,567 - INFO - 
--- Starting Data Quality Checks ---
2026-06-30 18:19:34,580 - INFO - --- Data Quality Checks Complete ---

2026-06-30 18:19:34,612 - INFO - | Metric | Statistics |
| :--- | :--- |
| 💰 **Total Market Value** | **$13,188.05** |
| 📦 **Total Games Collected** | 684 |
| 🏷️ **Average Retail Price** | $22.34 per game |
| 💎 **Most Expensive Title** | Civilization 6 Platinum Edition ($79.99) |
| 👑 **MVP Publisher** | Bethesda Softworks |
| 🏢 **Value Leaders** | 2K ($579.90), Bethesda Softworks ($544.80), Paradox Interactive ($409.89) |
| 📈 **Inflation-Adjusted Value** | $14,985.29 |
| 🎈 **Inflation Bonus** | **+$1,797.24** in purchasing power |
| 🗓️ **Peak Saving Month** | 🎄 **Seasonality Peak:** December is historically the best month, offering $3,388.17 in savings. |
| ⭐ **Average Score** | 76.8/100 |
| 💳 **Subscription Equivalent** | **$169.75 / mo** |
| 🎯 **Prestige Ratio** | **2.0%** (Strategic Hype) |
| 🏎️ **Lead Time Avg** | 441 Days to Sequel |

2026-06-30 18:19:34,612 - INFO - ✅ README.md updated.
2026-06-30 18:19:34,637 - INFO - Using categorical units to plot a list of strings that are all parsable as floats or dates. If these strings should be plotted as numbers, cast to the appropriate data type before plotting.
2026-06-30 18:19:34,638 - INFO - Using categorical units to plot a list of strings that are all parsable as floats or dates. If these strings should be plotted as numbers, cast to the appropriate data type before plotting.
2026-06-30 18:19:41,039 - INFO - 📈 All charts generated successfully.
