2026-03-20 17:09:26,739 - INFO - Failed to extract font properties from /usr/share/fonts/truetype/noto/NotoColorEmoji.ttf: Can not load face (unknown file format; error code 0x2)
2026-03-20 17:09:26,762 - INFO - generated new fontManager
2026-03-20 17:09:27,074 - INFO - ✅ Migration Successful!
2026-03-20 17:09:27,235 - INFO - No new games found.
2026-03-20 17:09:27,844 - INFO - 🔍 Found 583 games needing metadata. Starting IGDB + Steam + CheapShark enrichment...
2026-03-20 17:09:27,913 - INFO - 📅 Fetching Basic Metadata: LEGO Batman Trilogy
2026-03-20 17:09:28,472 - INFO - 🎯 IGDB Match: 'LEGO Batman Trilogy' (100%)
2026-03-20 17:09:28,499 - INFO - 📅 Fetching Basic Metadata: Antstream
2026-03-20 17:09:28,738 - INFO - 📅 Fetching Basic Metadata: The Drone Racing League Simulator
2026-03-20 17:09:29,063 - INFO - 🎯 IGDB Match: 'The Drone Racing League Simulator' (100%)
2026-03-20 17:09:29,071 - INFO - 📅 Fetching Basic Metadata: Dark Deity
2026-03-20 17:09:29,465 - INFO - 🎯 IGDB Match: 'Dark Deity' (100%)
2026-03-20 17:09:29,471 - INFO - 📅 Fetching Basic Metadata: RPG in a Box
2026-03-20 17:09:29,699 - INFO - 🎯 IGDB Match: 'RPG in a Box' (100%)
2026-03-20 17:09:29,706 - INFO - 📅 Fetching Basic Metadata: Fallout Classic Collection
2026-03-20 17:09:29,838 - INFO - 🎯 IGDB Match: 'Fallout Classic Collection' (100%)
2026-03-20 17:09:29,846 - INFO - 📅 Fetching Basic Metadata: Recipe for Disaster
2026-03-20 17:09:29,988 - INFO - 🎯 IGDB Match: 'Recipe for Disaster' (100%)
2026-03-20 17:09:29,994 - INFO - 📅 Fetching Basic Metadata: World of Warships — Starter Pack: Ishizuchi
2026-03-20 17:09:30,229 - INFO - 🎯 IGDB Match: 'World of Warships: Starter Pack - Ishizuchi' (98%)
2026-03-20 17:09:30,237 - INFO - 📅 Fetching Basic Metadata: Poker Club
2026-03-20 17:09:30,492 - INFO - 🎯 IGDB Match: 'Poker Club' (100%)
2026-03-20 17:09:30,498 - INFO - 📅 Fetching Basic Metadata: The Sims 4 The Daring Lifestyle Bundle
2026-03-20 17:09:30,630 - INFO - 🎯 IGDB Match: 'The Sims 4: The Daring Lifestyle Bundle' (99%)
2026-03-20 17:09:30,639 - INFO - 📅 Fetching Basic Metadata: Dodo Peak
2026-03-20 17:09:30,916 - INFO - 🎯 IGDB Match: 'Dodo Peak' (100%)
2026-03-20 17:09:30,923 - INFO - 📅 Fetching Basic Metadata: Spelldrifter
2026-03-20 17:09:31,208 - INFO - 🎯 IGDB Match: 'Spelldrifter' (100%)
2026-03-20 17:09:31,214 - INFO - 📅 Fetching Basic Metadata: Model Builder
2026-03-20 17:09:31,387 - INFO - 🎯 IGDB Match: 'Model Builder' (100%)
2026-03-20 17:09:31,393 - INFO - 📅 Fetching Basic Metadata: Godlike Burger
2026-03-20 17:09:31,623 - INFO - 🎯 IGDB Match: 'Godlike Burger' (100%)
2026-03-20 17:09:31,629 - INFO - 📅 Fetching Basic Metadata: Q.U.B.E. Ultimate Bundle
2026-03-20 17:09:31,763 - INFO - 🎯 IGDB Match: 'Q.U.B.E. Ultimate Bundle' (100%)
2026-03-20 17:09:31,770 - INFO - 📅 Fetching Basic Metadata: Jitsu Squad
2026-03-20 17:09:32,087 - INFO - 🎯 IGDB Match: 'Jitsu Squad' (100%)
2026-03-20 17:09:32,093 - INFO - 📅 Fetching Basic Metadata: Mighty Fight Federation
2026-03-20 17:09:32,252 - INFO - 🎯 IGDB Match: 'Mighty Fight Federation' (100%)
2026-03-20 17:09:32,261 - INFO - 📅 Fetching Basic Metadata: LOVE
2026-03-20 17:09:32,444 - INFO - 🎯 IGDB Match: 'Love Love Love' (90%)
2026-03-20 17:09:32,451 - INFO - 📅 Fetching Basic Metadata: Call of The Wild: The Angler
2026-03-20 17:09:32,657 - INFO - 🎯 IGDB Match: 'Call of the Wild: The Angler' (100%)
2026-03-20 17:09:32,666 - INFO - 📅 Fetching Basic Metadata: The Falconeer
2026-03-20 17:09:32,799 - INFO - 🎯 IGDB Match: 'The Falconeer: The Hunter' (90%)
2026-03-20 17:09:32,806 - INFO - 📅 Fetching Basic Metadata: Rawmen: Food Fighter Arena
2026-03-20 17:09:32,938 - INFO - 🎯 IGDB Match: 'Rawmen' (90%)
2026-03-20 17:09:32,944 - INFO - 📅 Fetching Basic Metadata: World of Warships – Starter Pack: Albany
2026-03-20 17:09:33,182 - INFO - 📅 Fetching Basic Metadata: Fallout Classic Edition
2026-03-20 17:09:33,319 - INFO - 📅 Fetching Basic Metadata: Outliver: Tribulation
2026-03-20 17:09:33,546 - INFO - 🎯 IGDB Match: 'Outliver: Tribulation' (100%)
2026-03-20 17:09:33,553 - INFO - 📅 Fetching Basic Metadata: Bus Simulator 21 Next Stop
2026-03-20 17:09:33,688 - INFO - 🎯 IGDB Match: 'Bus Simulator 21: Next Stop' (98%)
2026-03-20 17:09:33,697 - INFO - 📅 Fetching Basic Metadata: Turmoil
2026-03-20 17:09:34,097 - INFO - 🎯 IGDB Match: 'Turmoil' (100%)
2026-03-20 17:09:34,104 - INFO - 📅 Fetching Basic Metadata: World War Z Aftermath
2026-03-20 17:09:34,255 - INFO - 🎯 IGDB Match: 'World War Z: Aftermath' (98%)
2026-03-20 17:09:34,261 - INFO - 📅 Fetching Basic Metadata: World Of Warships – Anniversary Party Flavor
2026-03-20 17:09:34,593 - INFO - 📅 Fetching Basic Metadata: Neko Ghost, Jump!
2026-03-20 17:09:34,732 - INFO - 🎯 IGDB Match: 'Neko Ghost, Jump!' (100%)
2026-03-20 17:09:34,738 - INFO - 📅 Fetching Basic Metadata: Super Space Club
2026-03-20 17:09:34,871 - INFO - 🎯 IGDB Match: 'Super Space Club' (100%)
2026-03-20 17:09:34,877 - INFO - 📅 Fetching Basic Metadata: Touch Type Tale
2026-03-20 17:09:35,007 - INFO - 🎯 IGDB Match: 'Touch Type Tale' (100%)
2026-03-20 17:09:35,014 - INFO - 📅 Fetching Basic Metadata: Gigapocalypse
2026-03-20 17:09:35,189 - INFO - 🎯 IGDB Match: 'Gigapocalypse' (100%)
2026-03-20 17:09:35,197 - INFO - 📅 Fetching Basic Metadata: Legion TD2
2026-03-20 17:09:35,335 - INFO - 📅 Fetching Basic Metadata: Nightingale
2026-03-20 17:09:35,463 - INFO - 🎯 IGDB Match: 'Nightingale' (100%)
2026-03-20 17:09:35,471 - INFO - 📅 Fetching Basic Metadata: Godzilla Voxel Wars
2026-03-20 17:09:35,605 - INFO - 🎯 IGDB Match: 'Godzilla Voxel Wars' (100%)
2026-03-20 17:09:35,613 - INFO - 📅 Fetching Basic Metadata: Trine Classic Collection
2026-03-20 17:09:35,744 - INFO - 🎯 IGDB Match: 'Trine Classic Collection' (100%)
2026-03-20 17:09:35,752 - INFO - 📅 Fetching Basic Metadata: Poison Retro Set
2026-03-20 17:09:35,880 - INFO - 🎯 IGDB Match: 'Pixel Gun 3D: Poison Retro Set' (90%)
2026-03-20 17:09:35,886 - INFO - 📅 Fetching Basic Metadata: The Darkside Detective A Fumble in the Dark
2026-03-20 17:09:36,260 - INFO - 🎯 IGDB Match: 'The Darkside Detective: A Fumble in the Dark' (99%)
2026-03-20 17:09:36,267 - INFO - 📅 Fetching Basic Metadata: Return to Ash
2026-03-20 17:09:36,396 - INFO - 🎯 IGDB Match: 'Return to Ash' (100%)
2026-03-20 17:09:36,402 - INFO - 🏢 Publisher Search: STALCRAFT: X Starter Edition
2026-03-20 17:09:37,784 - INFO - 📅 Fetching Basic Metadata: STALCRAFT: X Starter Edition
2026-03-20 17:09:37,947 - INFO - 📅 Fetching Basic Metadata: Boxes: Lost Fragments
2026-03-20 17:09:38,078 - INFO - 🎯 IGDB Match: 'Boxes: Lost Fragments' (100%)
2026-03-20 17:09:38,084 - INFO - 📅 Fetching Basic Metadata: My Night Job
2026-03-20 17:09:38,461 - INFO - 🎯 IGDB Match: 'My Night Job' (100%)
2026-03-20 17:09:38,468 - INFO - 📅 Fetching Basic Metadata: Electrician Simulator
2026-03-20 17:09:38,605 - INFO - 🎯 IGDB Match: 'Electrician Simulator' (100%)
2026-03-20 17:09:38,611 - INFO - 🏢 Publisher Search: World of Warships — Epic Anniversary Tachibana Pack
2026-03-20 17:09:39,978 - INFO - 📅 Fetching Basic Metadata: World of Warships — Epic Anniversary Tachibana Pack
2026-03-20 17:09:40,121 - INFO - 
--- Starting Data Quality Checks ---
2026-03-20 17:09:40,134 - INFO - --- Data Quality Checks Complete ---

2026-03-20 17:09:40,163 - INFO - | Metric | Statistics |
| :--- | :--- |
| 💰 **Total Market Value** | **$12,706.28** |
| 📦 **Total Games Collected** | 659 |
| 🏷️ **Average Retail Price** | $22.45 per game |
| 💎 **Most Expensive Title** | Civilization 6 Platinum Edition ($79.99) |
| 👑 **MVP Publisher** | Bethesda Softworks |
| 🏢 **Value Leaders** | 2K ($579.90), Bethesda Softworks ($544.80), Paradox Interactive ($409.89) |
| 📈 **Inflation-Adjusted Value** | $14,503.52 |
| 🎈 **Inflation Bonus** | **+$1,797.24** in purchasing power |
| 🗓️ **Peak Saving Month** | 🎄 **Seasonality Peak:** December is historically the best month, offering $3,388.17 in savings. |
| ⭐ **Average Score** | 76.7/100 |
| 💳 **Subscription Equivalent** | **$170.07 / mo** |
| 🎯 **Prestige Ratio** | **2.0%** (Strategic Hype) |
| 🏎️ **Lead Time Avg** | 447 Days to Sequel |

2026-03-20 17:09:40,163 - INFO - ✅ README.md updated.
2026-03-20 17:09:40,187 - INFO - Using categorical units to plot a list of strings that are all parsable as floats or dates. If these strings should be plotted as numbers, cast to the appropriate data type before plotting.
2026-03-20 17:09:40,188 - INFO - Using categorical units to plot a list of strings that are all parsable as floats or dates. If these strings should be plotted as numbers, cast to the appropriate data type before plotting.
2026-03-20 17:09:45,815 - INFO - 📈 All charts generated successfully.
