2026-06-15 20:02:11,176 - INFO - Failed to extract font properties from /usr/share/fonts/truetype/noto/NotoColorEmoji.ttf: Non-scalable fonts are not supported
2026-06-15 20:02:11,286 - INFO - generated new fontManager
2026-06-15 20:02:11,712 - INFO - ✅ Migration Successful!
2026-06-15 20:02:11,914 - INFO - No new games found.
2026-06-15 20:02:12,319 - INFO - 🔍 Found 604 games needing metadata. Starting IGDB + Steam + CheapShark enrichment...
2026-06-15 20:02:12,430 - INFO - 📅 Fetching Basic Metadata: LEGO Batman Trilogy
2026-06-15 20:02:12,709 - INFO - 🎯 IGDB Match: 'LEGO Batman Trilogy' (100%)
2026-06-15 20:02:12,732 - INFO - 📅 Fetching Basic Metadata: Antstream
2026-06-15 20:02:12,880 - INFO - 📅 Fetching Basic Metadata: The Drone Racing League Simulator
2026-06-15 20:02:13,204 - INFO - 🎯 IGDB Match: 'The Drone Racing League Simulator' (100%)
2026-06-15 20:02:13,212 - INFO - 📅 Fetching Basic Metadata: Dark Deity
2026-06-15 20:02:13,314 - INFO - 🎯 IGDB Match: 'Dark Deity' (100%)
2026-06-15 20:02:13,320 - INFO - 📅 Fetching Basic Metadata: RPG in a Box
2026-06-15 20:02:13,473 - INFO - 🎯 IGDB Match: 'RPG in a Box' (100%)
2026-06-15 20:02:13,480 - INFO - 📅 Fetching Basic Metadata: Fallout Classic Collection
2026-06-15 20:02:13,613 - INFO - 🎯 IGDB Match: 'Fallout Classic Collection' (100%)
2026-06-15 20:02:13,621 - INFO - 📅 Fetching Basic Metadata: Recipe for Disaster
2026-06-15 20:02:13,718 - INFO - 🎯 IGDB Match: 'Recipe For Disaster' (100%)
2026-06-15 20:02:13,725 - INFO - 📅 Fetching Basic Metadata: World of Warships — Starter Pack: Ishizuchi
2026-06-15 20:02:13,824 - INFO - 🎯 IGDB Match: 'World of Warships: Starter Pack - Ishizuchi' (98%)
2026-06-15 20:02:13,832 - INFO - 📅 Fetching Basic Metadata: Poker Club
2026-06-15 20:02:13,926 - INFO - 🎯 IGDB Match: 'Poker Club' (100%)
2026-06-15 20:02:13,933 - INFO - 📅 Fetching Basic Metadata: The Sims 4 The Daring Lifestyle Bundle
2026-06-15 20:02:14,082 - INFO - 🎯 IGDB Match: 'The Sims 4: The Daring Lifestyle Bundle' (99%)
2026-06-15 20:02:14,090 - INFO - 📅 Fetching Basic Metadata: Dodo Peak
2026-06-15 20:02:14,246 - INFO - 🎯 IGDB Match: 'Dodo Peak' (100%)
2026-06-15 20:02:14,254 - INFO - 📅 Fetching Basic Metadata: Spelldrifter
2026-06-15 20:02:14,350 - INFO - 🎯 IGDB Match: 'Spelldrifter' (100%)
2026-06-15 20:02:14,356 - INFO - 📅 Fetching Basic Metadata: Model Builder
2026-06-15 20:02:14,504 - INFO - 🎯 IGDB Match: 'Model Builder' (100%)
2026-06-15 20:02:14,511 - INFO - 📅 Fetching Basic Metadata: Godlike Burger
2026-06-15 20:02:14,613 - INFO - 🎯 IGDB Match: 'Godlike Burger' (100%)
2026-06-15 20:02:14,619 - INFO - 📅 Fetching Basic Metadata: Q.U.B.E. Ultimate Bundle
2026-06-15 20:02:14,790 - INFO - 🎯 IGDB Match: 'Q.U.B.E. Ultimate Bundle' (100%)
2026-06-15 20:02:14,797 - INFO - 📅 Fetching Basic Metadata: Jitsu Squad
2026-06-15 20:02:14,923 - INFO - 🎯 IGDB Match: 'Jitsu Squad' (100%)
2026-06-15 20:02:14,929 - INFO - 📅 Fetching Basic Metadata: Mighty Fight Federation
2026-06-15 20:02:15,048 - INFO - 🎯 IGDB Match: 'Mighty Fight Federation' (100%)
2026-06-15 20:02:15,057 - INFO - 📅 Fetching Basic Metadata: LOVE
2026-06-15 20:02:15,215 - INFO - 🎯 IGDB Match: 'Love Love Love' (90%)
2026-06-15 20:02:15,222 - INFO - 📅 Fetching Basic Metadata: Call of The Wild: The Angler
2026-06-15 20:02:15,320 - INFO - 🎯 IGDB Match: 'Call of the Wild: The Angler' (100%)
2026-06-15 20:02:15,328 - INFO - 📅 Fetching Basic Metadata: The Falconeer
2026-06-15 20:02:15,431 - INFO - 🎯 IGDB Match: 'The Falconeer: The Hunter' (90%)
2026-06-15 20:02:15,438 - INFO - 📅 Fetching Basic Metadata: Rawmen: Food Fighter Arena
2026-06-15 20:02:15,531 - INFO - 🎯 IGDB Match: 'Rawmen' (90%)
2026-06-15 20:02:15,538 - INFO - 📅 Fetching Basic Metadata: World of Warships – Starter Pack: Albany
2026-06-15 20:02:15,673 - WARNING - IGDB Error for World of Warships – Starter Pack: Albany: string indices must be integers, not 'str'
2026-06-15 20:02:15,680 - INFO - 📅 Fetching Basic Metadata: Fallout Classic Edition
2026-06-15 20:02:15,813 - WARNING - IGDB Error for Fallout Classic Edition: string indices must be integers, not 'str'
2026-06-15 20:02:15,820 - INFO - 📅 Fetching Basic Metadata: Outliver: Tribulation
2026-06-15 20:02:15,951 - WARNING - IGDB Error for Outliver: Tribulation: string indices must be integers, not 'str'
2026-06-15 20:02:15,959 - INFO - 📅 Fetching Basic Metadata: Bus Simulator 21 Next Stop
2026-06-15 20:02:16,056 - INFO - 🎯 IGDB Match: 'Bus Simulator 21: Next Stop' (98%)
2026-06-15 20:02:16,064 - INFO - 📅 Fetching Basic Metadata: Turmoil
2026-06-15 20:02:16,145 - WARNING - IGDB Error for Turmoil: string indices must be integers, not 'str'
2026-06-15 20:02:16,152 - INFO - 📅 Fetching Basic Metadata: World War Z Aftermath
2026-06-15 20:02:16,234 - WARNING - IGDB Error for World War Z Aftermath: string indices must be integers, not 'str'
2026-06-15 20:02:16,241 - INFO - 📅 Fetching Basic Metadata: World Of Warships – Anniversary Party Flavor
2026-06-15 20:02:16,374 - WARNING - IGDB Error for World Of Warships – Anniversary Party Flavor: string indices must be integers, not 'str'
2026-06-15 20:02:16,380 - INFO - 📅 Fetching Basic Metadata: Neko Ghost, Jump!
2026-06-15 20:02:16,514 - WARNING - IGDB Error for Neko Ghost, Jump!: string indices must be integers, not 'str'
2026-06-15 20:02:16,521 - INFO - 📅 Fetching Basic Metadata: Super Space Club
2026-06-15 20:02:16,603 - WARNING - IGDB Error for Super Space Club: string indices must be integers, not 'str'
2026-06-15 20:02:16,610 - INFO - 📅 Fetching Basic Metadata: Touch Type Tale
2026-06-15 20:02:16,691 - WARNING - IGDB Error for Touch Type Tale: string indices must be integers, not 'str'
2026-06-15 20:02:16,698 - INFO - 📅 Fetching Basic Metadata: Gigapocalypse
2026-06-15 20:02:16,829 - WARNING - IGDB Error for Gigapocalypse: string indices must be integers, not 'str'
2026-06-15 20:02:16,837 - INFO - 📅 Fetching Basic Metadata: Legion TD2
2026-06-15 20:02:16,917 - WARNING - IGDB Error for Legion TD2: string indices must be integers, not 'str'
2026-06-15 20:02:16,925 - INFO - 📅 Fetching Basic Metadata: Nightingale
2026-06-15 20:02:17,032 - INFO - 🎯 IGDB Match: 'Nightingale' (100%)
2026-06-15 20:02:17,040 - INFO - 📅 Fetching Basic Metadata: Godzilla Voxel Wars
2026-06-15 20:02:17,208 - INFO - 🎯 IGDB Match: 'Godzilla Voxel Wars' (100%)
2026-06-15 20:02:17,216 - INFO - 📅 Fetching Basic Metadata: Trine Classic Collection
2026-06-15 20:02:17,312 - INFO - 🎯 IGDB Match: 'Trine Classic Collection' (100%)
2026-06-15 20:02:17,319 - INFO - 📅 Fetching Basic Metadata: Poison Retro Set
2026-06-15 20:02:17,422 - INFO - 🎯 IGDB Match: 'Pixel Gun 3D: Poison Retro Set' (90%)
2026-06-15 20:02:17,428 - INFO - 📅 Fetching Basic Metadata: The Darkside Detective A Fumble in the Dark
2026-06-15 20:02:17,509 - WARNING - IGDB Error for The Darkside Detective A Fumble in the Dark: string indices must be integers, not 'str'
2026-06-15 20:02:17,517 - INFO - 📅 Fetching Basic Metadata: Return to Ash
2026-06-15 20:02:17,598 - WARNING - IGDB Error for Return to Ash: string indices must be integers, not 'str'
2026-06-15 20:02:17,604 - INFO - 🏢 Publisher Search: STALCRAFT: X Starter Edition
2026-06-15 20:02:18,989 - INFO - 📅 Fetching Basic Metadata: STALCRAFT: X Starter Edition
2026-06-15 20:02:19,121 - INFO - 📅 Fetching Basic Metadata: Boxes: Lost Fragments
2026-06-15 20:02:19,256 - INFO - 🎯 IGDB Match: 'Boxes: Lost Fragments' (100%)
2026-06-15 20:02:19,263 - INFO - 📅 Fetching Basic Metadata: My Night Job
2026-06-15 20:02:19,372 - INFO - 🎯 IGDB Match: 'My Night Job' (100%)
2026-06-15 20:02:19,379 - INFO - 📅 Fetching Basic Metadata: Electrician Simulator
2026-06-15 20:02:19,493 - INFO - 🎯 IGDB Match: 'Electrician Simulator' (100%)
2026-06-15 20:02:19,499 - INFO - 🏢 Publisher Search: World of Warships — Epic Anniversary Tachibana Pack
2026-06-15 20:02:20,876 - INFO - 📅 Fetching Basic Metadata: World of Warships — Epic Anniversary Tachibana Pack
2026-06-15 20:02:21,035 - INFO - 📅 Fetching Basic Metadata: Hyper Echelon
2026-06-15 20:02:21,130 - INFO - 🎯 IGDB Match: 'Hyper Echelon' (100%)
2026-06-15 20:02:21,137 - INFO - 📅 Fetching Basic Metadata: Havendock
2026-06-15 20:02:21,230 - INFO - 🎯 IGDB Match: 'Havendock' (100%)
2026-06-15 20:02:21,237 - INFO - 📅 Fetching Basic Metadata: Clone Drone in the Danger Zone
2026-06-15 20:02:21,350 - INFO - 🎯 IGDB Match: 'Clone Drone in the Danger Zone' (100%)
2026-06-15 20:02:21,356 - INFO - 🏢 Publisher Search: TOMAK: Save the Earth Regeneration
2026-06-15 20:02:22,767 - INFO - 📅 Fetching Basic Metadata: TOMAK: Save the Earth Regeneration
2026-06-15 20:02:22,916 - INFO - 🎯 IGDB Match: 'Tomak: Save the Earth Regeneration' (100%)
2026-06-15 20:02:22,922 - INFO - 📅 Fetching Basic Metadata: Prop Sumo
2026-06-15 20:02:23,078 - INFO - 🎯 IGDB Match: 'Prop Sumo' (100%)
2026-06-15 20:02:23,084 - INFO - 📅 Fetching Basic Metadata: The Stone of Madness
2026-06-15 20:02:23,229 - INFO - 🎯 IGDB Match: 'The Stone of Madness' (100%)
2026-06-15 20:02:23,236 - INFO - 📅 Fetching Basic Metadata: Firestone Online Idle RPG
2026-06-15 20:02:23,338 - INFO - 🎯 IGDB Match: 'Firestone: Online Idle RPG' (98%)
2026-06-15 20:02:23,344 - INFO - 📅 Fetching Basic Metadata: Oddsparks: An Automation Adventure
2026-06-15 20:02:23,439 - INFO - 🎯 IGDB Match: 'Oddsparks: An Automation Adventure' (100%)
2026-06-15 20:02:23,445 - INFO - 📅 Fetching Basic Metadata: Trash Goblin
2026-06-15 20:02:23,598 - INFO - 🎯 IGDB Match: 'Trash Goblin' (100%)
2026-06-15 20:02:23,605 - INFO - 🏢 Publisher Search: The Telltale Batman Shadows Edition
2026-06-15 20:02:24,979 - INFO - 📅 Fetching Basic Metadata: The Telltale Batman Shadows Edition
2026-06-15 20:02:25,121 - INFO - 🎯 IGDB Match: 'Telltale Batman Shadows Edition' (95%)
2026-06-15 20:02:25,127 - INFO - 🏢 Publisher Search: Sunderfolk - Standard Edition
2026-06-15 20:02:26,479 - INFO - 📅 Fetching Basic Metadata: Sunderfolk - Standard Edition
2026-06-15 20:02:26,663 - INFO - 📅 Fetching Basic Metadata: Down in Bermuda
2026-06-15 20:02:26,761 - INFO - 🎯 IGDB Match: 'Down in Bermuda' (100%)
2026-06-15 20:02:26,767 - INFO - 📅 Fetching Basic Metadata: Tomb Raider I-III Remastered Starring Lara Croft
2026-06-15 20:02:26,868 - INFO - 📅 Fetching Basic Metadata: LONESTAR
2026-06-15 20:02:26,963 - INFO - 🎯 IGDB Match: 'LoneStar' (100%)
2026-06-15 20:02:26,970 - INFO - 📅 Fetching Basic Metadata: Calico
2026-06-15 20:02:27,068 - INFO - 🎯 IGDB Match: 'Calico' (100%)
2026-06-15 20:02:27,075 - INFO - 📅 Fetching Basic Metadata: Rogue Waters
2026-06-15 20:02:27,167 - INFO - 🎯 IGDB Match: 'Rogue Waters' (100%)
2026-06-15 20:02:27,173 - INFO - 📅 Fetching Basic Metadata: The Ouroboros King
2026-06-15 20:02:27,319 - INFO - 🎯 IGDB Match: 'The Ouroboros King' (100%)
2026-06-15 20:02:27,326 - INFO - 🏢 Publisher Search: Warhammer 40K Speed Freeks
2026-06-15 20:02:28,651 - INFO - 📅 Fetching Basic Metadata: Warhammer 40K Speed Freeks
2026-06-15 20:02:28,744 - INFO - 🎯 IGDB Match: 'Warhammer 40,000: Speed Freeks' (89%)
2026-06-15 20:02:28,744 - INFO - 🔗 Searching Franchise Context: Warhammer 40K Speed Freeks
2026-06-15 20:02:29,155 - INFO - 📡 Fallback to IGDB for Warhammer 40K Speed Freeks
2026-06-15 20:02:29,311 - INFO - 
--- Starting Data Quality Checks ---
2026-06-15 20:02:29,324 - INFO - --- Data Quality Checks Complete ---

2026-06-15 20:02:29,353 - INFO - | Metric | Statistics |
| :--- | :--- |
| 💰 **Total Market Value** | **$13,108.09** |
| 📦 **Total Games Collected** | 680 |
| 🏷️ **Average Retail Price** | $22.35 per game |
| 💎 **Most Expensive Title** | Civilization 6 Platinum Edition ($79.99) |
| 👑 **MVP Publisher** | Bethesda Softworks |
| 🏢 **Value Leaders** | 2K ($579.90), Bethesda Softworks ($544.80), Paradox Interactive ($409.89) |
| 📈 **Inflation-Adjusted Value** | $14,905.33 |
| 🎈 **Inflation Bonus** | **+$1,797.24** in purchasing power |
| 🗓️ **Peak Saving Month** | 🎄 **Seasonality Peak:** December is historically the best month, offering $3,388.17 in savings. |
| ⭐ **Average Score** | 76.8/100 |
| 💳 **Subscription Equivalent** | **$168.86 / mo** |
| 🎯 **Prestige Ratio** | **1.9%** (Strategic Hype) |
| 🏎️ **Lead Time Avg** | 447 Days to Sequel |

2026-06-15 20:02:29,354 - INFO - ✅ README.md updated.
2026-06-15 20:02:29,377 - INFO - Using categorical units to plot a list of strings that are all parsable as floats or dates. If these strings should be plotted as numbers, cast to the appropriate data type before plotting.
2026-06-15 20:02:29,377 - INFO - Using categorical units to plot a list of strings that are all parsable as floats or dates. If these strings should be plotted as numbers, cast to the appropriate data type before plotting.
2026-06-15 20:02:35,124 - INFO - 📈 All charts generated successfully.
